PRT1
198
494
4 0 17 (3584 896 256 ) (3584 640 256 ) (3456 640 256 ) (3456 896 256 ) 
4 0 2 (3456 640 640 ) (3456 640 1280 ) (3456 896 1280 ) (3456 896 640 ) 
4 0 1 (3456 640 1280 ) (3456 640 640 ) (3584 640 640 ) (3584 640 1280 ) 
4 1 36 (3584 0 640 ) (3584 0 1280 ) (3456 0 1280 ) (3456 0 640 ) 
4 1 4 (3456 0 640 ) (3456 0 1280 ) (3456 432 1280 ) (3456 432 640 ) 
4 1 2 (3456 512 1280 ) (3456 640 1280 ) (3456 640 640 ) (3456 512 640 ) 
4 1 3 (3456 432 1280 ) (3456 512 1280 ) (3456 512 640 ) (3456 432 640 ) 
4 2 10 (3088 512 640 ) (3088 512 1280 ) (3088 896 1280 ) (3088 896 640 ) 
4 2 3 (3088 512 1280 ) (3088 512 640 ) (3456 512 640 ) (3456 512 1280 ) 
4 3 18 (3456 512 256 ) (3456 432 256 ) (3088 432 256 ) (3088 512 256 ) 
4 3 11 (3088 512 256 ) (3088 432 256 ) (3088 432 1280 ) (3088 512 1280 ) 
4 3 5 (3088 432 1280 ) (3088 432 512 ) (3440 432 512 ) (3440 432 1280 ) 
4 3 4 (3456 432 512 ) (3456 432 1280 ) (3440 432 1280 ) (3440 432 512 ) 
4 4 37 (3456 0 1280 ) (3440 0 1280 ) (3440 0 512 ) (3456 0 512 ) 
4 4 6 (3440 416 512 ) (3440 0 512 ) (3440 0 1280 ) (3440 416 1280 ) 
4 4 5 (3440 432 1280 ) (3440 432 512 ) (3440 416 512 ) (3440 416 1280 ) 
4 5 12 (3088 416 512 ) (3088 416 1280 ) (3088 432 1280 ) (3088 432 512 ) 
4 5 6 (3088 416 1280 ) (3088 416 512 ) (3440 416 512 ) (3440 416 1280 ) 
4 6 40 (3440 0 1280 ) (3088 0 1280 ) (3088 0 512 ) (3440 0 512 ) 
4 6 16 (3088 0 512 ) (3088 0 1280 ) (3088 144 1280 ) (3088 144 512 ) 
4 6 14 (3088 144 1280 ) (3088 336 1280 ) (3088 336 512 ) (3088 144 512 ) 
4 6 13 (3088 336 1280 ) (3088 416 1280 ) (3088 416 512 ) (3088 336 512 ) 
5 7 8 (3440 336 256 ) (3440 336 496 ) (3088 336 496 ) (3088 336 320 ) (3216 336 256 ) 
4 8 15 (3088 144 320 ) (3088 144 448 ) (3088 336 448 ) (3088 336 320 ) 
5 8 9 (3440 144 256 ) (3440 144 496 ) (3088 144 496 ) (3088 144 320 ) (3216 144 256 ) 
4 9 46 (3088 0 496 ) (3088 0 256 ) (3440 0 256 ) (3440 0 496 ) 
4 10 19 (3072 512 1280 ) (3072 896 1280 ) (3072 896 640 ) (3072 512 640 ) 
4 10 11 (3088 512 640 ) (3088 512 1280 ) (3072 512 1280 ) (3072 512 640 ) 
4 11 20 (3072 432 1280 ) (3072 512 1280 ) (3072 512 256 ) (3072 432 256 ) 
4 11 18 (3088 512 256 ) (3088 432 256 ) (3072 432 256 ) (3072 512 256 ) 
4 11 12 (3088 432 512 ) (3088 432 1280 ) (3072 432 1280 ) (3072 432 512 ) 
4 12 22 (3072 416 1280 ) (3072 432 1280 ) (3072 432 512 ) (3072 416 512 ) 
4 12 13 (3088 416 512 ) (3088 416 1280 ) (3072 416 1280 ) (3072 416 512 ) 
4 13 22 (3072 336 1280 ) (3072 416 1280 ) (3072 416 512 ) (3072 336 512 ) 
4 13 14 (3088 336 512 ) (3088 336 1280 ) (3072 336 1280 ) (3072 336 512 ) 
4 14 22 (3072 144 1280 ) (3072 336 1280 ) (3072 336 512 ) (3072 144 512 ) 
4 14 16 (3088 144 512 ) (3088 144 1280 ) (3072 144 1280 ) (3072 144 512 ) 
4 15 22 (3072 336 448 ) (3072 336 320 ) (3072 144 320 ) (3072 144 448 ) 
4 16 40 (3088 0 1280 ) (3072 0 1280 ) (3072 0 512 ) (3088 0 512 ) 
4 16 22 (3072 0 512 ) (3072 0 1280 ) (3072 144 1280 ) (3072 144 512 ) 
4 18 29 (3072 432 256 ) (3072 512 256 ) (3072 512 96 ) (3072 432 96 ) 
4 19 20 (2304 512 1280 ) (2304 512 640 ) (3072 512 640 ) (3072 512 1280 ) 
4 19 21 (2304 896 1280 ) (2304 896 640 ) (2304 512 640 ) (2304 512 1280 ) 
4 20 32 (2416 432 256 ) (2304 432 256 ) (2304 512 256 ) (2416 512 256 ) 
4 20 29 (3072 512 256 ) (3072 432 256 ) (2416 432 256 ) (2416 512 256 ) 
4 20 27 (2304 432 256 ) (2416 432 256 ) (2416 432 640 ) (2304 432 640 ) 
4 20 26 (2416 432 256 ) (2880 432 256 ) (2880 432 640 ) (2416 432 640 ) 
4 20 24 (2880 432 640 ) (2880 432 1280 ) (2304 432 1280 ) (2304 432 640 ) 
4 20 22 (3072 432 320 ) (3072 432 1280 ) (2880 432 1280 ) (2880 432 320 ) 
4 20 21 (2304 512 256 ) (2304 432 256 ) (2304 432 1280 ) (2304 512 1280 ) 
4 21 75 (2048 512 256 ) (2048 432 256 ) (2048 432 576 ) (2048 512 576 ) 
4 21 74 (2048 880 256 ) (2048 512 256 ) (2048 512 576 ) (2048 880 576 ) 
4 21 73 (2048 896 576 ) (2048 896 256 ) (2048 880 256 ) (2048 880 576 ) 
4 21 69 (2048 512 576 ) (2048 432 576 ) (2048 432 688 ) (2048 512 688 ) 
4 21 68 (2048 640 576 ) (2048 512 576 ) (2048 512 688 ) (2048 640 688 ) 
4 21 67 (2048 896 688 ) (2048 896 576 ) (2048 640 576 ) (2048 640 688 ) 
4 21 64 (2048 432 1280 ) (2048 896 1280 ) (2048 896 688 ) (2048 432 688 ) 
4 21 32 (2048 432 256 ) (2048 512 256 ) (2304 512 256 ) (2304 432 256 ) 
4 21 31 (2048 512 256 ) (2048 896 256 ) (2304 896 256 ) (2304 512 256 ) 
4 21 27 (2048 432 256 ) (2304 432 256 ) (2304 432 640 ) (2048 432 640 ) 
4 21 25 (2096 432 1280 ) (2048 432 1280 ) (2048 432 656 ) (2096 432 656 ) 
4 21 24 (2304 432 640 ) (2304 432 1280 ) (2096 432 1280 ) (2096 432 640 ) 
4 22 56 (3072 0 320 ) (3072 0 640 ) (2880 0 640 ) (2880 0 320 ) 
4 22 53 (3072 0 640 ) (3072 0 1280 ) (2880 0 1280 ) (2880 0 640 ) 
4 22 26 (2880 432 640 ) (2880 432 320 ) (2880 0 320 ) (2880 0 640 ) 
4 22 24 (2880 432 1280 ) (2880 432 640 ) (2880 0 640 ) (2880 0 1280 ) 
4 22 23 (3072 0 320 ) (2880 0 320 ) (2880 144 320 ) (3072 144 320 ) 
4 23 56 (3072 0 256 ) (3072 0 320 ) (2880 0 320 ) (2880 0 256 ) 
3 23 26 (2880 0 256 ) (2880 0 320 ) (2880 144 320 ) 
4 24 53 (2880 0 1280 ) (2096 0 1280 ) (2096 0 640 ) (2880 0 640 ) 
4 24 28 (2416 384 640 ) (2416 0 640 ) (2096 0 640 ) (2096 384 640 ) 
4 24 27 (2096 432 640 ) (2416 432 640 ) (2416 384 640 ) (2096 384 640 ) 
4 24 26 (2416 432 640 ) (2880 432 640 ) (2880 0 640 ) (2416 0 640 ) 
4 24 25 (2096 432 1280 ) (2096 432 656 ) (2096 0 676.903259 ) (2096 0 1280 ) 
4 25 84 (2048 0 676.903259 ) (2048 0 1280 ) (2048 384 1280 ) (2048 384 658.322571 ) 
4 25 70 (2048 432 688 ) (2048 432 656 ) (2048 384 658.322571 ) (2048 384 688 ) 
4 25 64 (2048 384 1280 ) (2048 432 1280 ) (2048 432 688 ) (2048 384 688 ) 
4 25 54 (2096 0 1280 ) (2048 0 1280 ) (2048 0 676.903198 ) (2096 0 676.903259 ) 
4 26 56 (2416 0 256 ) (2880 0 256 ) (2880 0 640 ) (2416 0 640 ) 
4 26 30 (2880 0 256 ) (2416 0 256 ) (2416 432 256 ) (2880 432 256 ) 
4 26 28 (2416 0 640 ) (2416 384 640 ) (2416 384 272 ) (2416 0 272 ) 
4 26 27 (2416 384 640 ) (2416 432 640 ) (2416 432 256 ) (2416 384 256 ) 
4 27 75 (2048 432 576 ) (2048 432 256 ) (2048 384 256 ) (2048 384 576 ) 
4 27 71 (2048 384 640 ) (2048 432 640 ) (2048 432 576 ) (2048 384 576 ) 
4 27 32 (2048 384 256 ) (2048 432 256 ) (2416 432 256 ) (2416 384 256 ) 
4 27 28 (2416 384 272 ) (2416 384 640 ) (2048 384 640 ) (2048 384 304 ) 
4 28 57 (2048 0 640 ) (2048 0 304 ) (2416 0 272 ) (2416 0 640 ) 
4 29 32 (2416 512 96 ) (2416 432 96 ) (2416 432 256 ) (2416 512 256 ) 
4 29 30 (2416 432 256 ) (2416 432 96 ) (2880 432 96 ) (2880 432 256 ) 
4 30 59 (2880 0 256 ) (2416 0 256 ) (2416 0 96 ) (2496 0 96 ) 
4 30 33 (2416 336 96 ) (2416 128 96 ) (2416 128 208 ) (2416 336 208 ) 
4 30 32 (2416 432 96 ) (2416 384 96 ) (2416 384 256 ) (2416 432 256 ) 
4 31 74 (2048 512 256 ) (2048 880 256 ) (2048 880 96 ) (2048 512 96 ) 
4 31 73 (2048 880 256 ) (2048 896 256 ) (2048 896 96 ) (2048 880 96 ) 
4 31 35 (2048 640 96 ) (2048 896 96 ) (2304 896 96 ) (2304 640 96 ) 
4 31 32 (2048 512 96 ) (2304 512 96 ) (2304 512 256 ) (2048 512 256 ) 
4 32 75 (2048 384 256 ) (2048 512 256 ) (2048 512 96 ) (2048 384 96 ) 
4 33 34 (2400 336 96 ) (2400 128 96 ) (2400 128 208 ) (2400 336 208 ) 
4 34 61 (2400 0 256 ) (2048 0 256 ) (2048 0 96 ) (2400 0 96 ) 
4 35 83 (2048 640 96 ) (2048 896 96 ) (2048 896 -384 ) (2048 640 -384 ) 
4 36 62 (3584 -1024 1280 ) (3456 -1024 1280 ) (3456 -1024 896 ) (3584 -1024 896 ) 
4 36 39 (3456 -1024 640 ) (3456 -1024 672 ) (3456 -480 672 ) (3456 -480 640 ) 
4 36 38 (3456 -1024 672 ) (3456 -1024 1280 ) (3456 -192 1280 ) (3456 -192 672 ) 
4 36 37 (3456 -192 1280 ) (3456 0 1280 ) (3456 0 640 ) (3456 -192 640 ) 
4 37 40 (3440 0 1280 ) (3440 0 512 ) (3440 -192 512 ) (3440 -192 1280 ) 
4 37 38 (3440 -192 1280 ) (3440 -192 672 ) (3456 -192 672 ) (3456 -192 1280 ) 
4 38 62 (3440 -1024 1280 ) (3440 -1024 896 ) (3456 -1024 896 ) (3456 -1024 1280 ) 
4 38 49 (3440 -1024 672 ) (3440 -1024 1280 ) (3440 -464 1280 ) (3440 -464 672 ) 
4 38 42 (3440 -464 1280 ) (3440 -208 1280 ) (3440 -208 672 ) (3440 -464 672 ) 
4 38 41 (3440 -208 1280 ) (3440 -192 1280 ) (3440 -192 672 ) (3440 -208 672 ) 
4 38 39 (3440 -1024 672 ) (3440 -480 672 ) (3456 -480 672 ) (3456 -1024 672 ) 
4 39 51 (3440 -480 256 ) (3440 -1024 256 ) (3440 -1024 672 ) (3440 -480 672 ) 
4 40 56 (3072 0 640 ) (3072 0 512 ) (3072 -192 512 ) (3072 -192 640 ) 
4 40 53 (3072 0 1280 ) (3072 0 640 ) (3072 -192 640 ) (3072 -192 1280 ) 
4 40 41 (3440 -192 672 ) (3440 -192 1280 ) (3072 -192 1280 ) (3072 -192 672 ) 
4 41 53 (3072 -208 672 ) (3072 -208 1280 ) (3072 -192 1280 ) (3072 -192 672 ) 
4 41 45 (3088 -208 1280 ) (3072 -208 1280 ) (3072 -208 672 ) (3088 -208 672 ) 
4 41 42 (3440 -208 672 ) (3440 -208 1280 ) (3088 -208 1280 ) (3088 -208 672 ) 
4 42 49 (3440 -464 672 ) (3440 -464 1280 ) (3088 -464 1280 ) (3088 -464 672 ) 
4 42 45 (3088 -208 1280 ) (3088 -208 672 ) (3088 -464 672 ) (3088 -464 1280 ) 
4 42 43 (3440 -464 656 ) (3088 -464 656 ) (3088 -208 656 ) (3440 -208 656 ) 
4 43 44 (3440 -464 640 ) (3088 -464 640 ) (3088 -208 640 ) (3440 -208 640 ) 
4 44 47 (3440 -464 512 ) (3088 -464 512 ) (3088 -208 512 ) (3440 -208 512 ) 
4 45 53 (3072 -464 672 ) (3072 -464 1280 ) (3072 -208 1280 ) (3072 -208 672 ) 
4 45 49 (3072 -464 1280 ) (3072 -464 672 ) (3088 -464 672 ) (3088 -464 1280 ) 
4 46 48 (3088 -176 256 ) (3088 -208 256 ) (3088 -208 384 ) (3088 -176 384 ) 
4 46 47 (3088 -208 496 ) (3088 -208 256 ) (3440 -208 256 ) (3440 -208 496 ) 
4 47 50 (3344 -464 256 ) (3440 -464 256 ) (3440 -464 384 ) (3344 -464 384 ) 
4 47 48 (3088 -208 256 ) (3088 -368 256 ) (3088 -368 384 ) (3088 -208 384 ) 
4 48 56 (3072 -176 256 ) (3072 -368 256 ) (3072 -368 384 ) (3072 -176 384 ) 
4 49 62 (3072 -1024 1280 ) (3072 -1024 896 ) (3440 -1024 896 ) (3440 -1024 1280 ) 
4 49 53 (3072 -1024 672 ) (3072 -1024 1280 ) (3072 -464 1280 ) (3072 -464 672 ) 
4 49 52 (3072 -1024 672 ) (3072 -480 672 ) (3344 -480 672 ) (3344 -1024 672 ) 
4 49 51 (3440 -480 672 ) (3440 -1024 672 ) (3344 -1024 672 ) (3344 -480 672 ) 
4 50 51 (3344 -480 384 ) (3344 -480 256 ) (3440 -480 256 ) (3440 -480 384 ) 
4 51 52 (3344 -1024 672 ) (3344 -480 672 ) (3344 -480 256 ) (3344 -1024 256 ) 
4 52 56 (3072 -480 256 ) (3072 -1024 256 ) (3072 -1024 640 ) (3072 -480 640 ) 
4 52 53 (3072 -1024 640 ) (3072 -1024 672 ) (3072 -480 672 ) (3072 -480 640 ) 
4 53 63 (3072 -1024 896 ) (3072 -1024 1280 ) (2096 -1024 1280 ) (2096 -1024 896 ) 
4 53 57 (2096 0 640 ) (2416 0 640 ) (2416 -480 640 ) (2096 -480 640 ) 
4 53 58 (2416 -480 640 ) (2416 -1024 640 ) (2096 -1024 640 ) (2096 -480 640 ) 
4 53 56 (2416 0 640 ) (3072 0 640 ) (3072 -1024 640 ) (2416 -1024 640 ) 
4 53 54 (2096 -560 704 ) (2096 -560 1280 ) (2096 0 1280 ) (2096 0 676.903198 ) 
4 53 55 (2096 -560 640 ) (2096 -1024 640 ) (2096 -1024 1280 ) (2096 -560 1280 ) 
4 54 151 (2048 -560 1280 ) (2048 -512 1280 ) (2048 -512 701.677429 ) (2048 -560 704 ) 
4 54 133 (2048 -512 1280 ) (2048 0 1280 ) (2048 0 676.903198 ) (2048 -512 701.677429 ) 
4 54 55 (2096 -560 704 ) (2096 -560 1280 ) (2048 -560 1280 ) (2048 -560 704 ) 
4 55 154 (2048 -1024 640 ) (2048 -1024 1280 ) (2048 -560 1280 ) (2048 -560 640 ) 
4 55 63 (2048 -1024 1280 ) (2048 -1024 896 ) (2096 -1024 896 ) (2096 -1024 1280 ) 
4 55 58 (2048 -1024 640 ) (2048 -560 640 ) (2096 -560 640 ) (2096 -1024 640 ) 
4 56 59 (2416 -176 256 ) (2416 0 256 ) (2880 0 256 ) (2880 -176 256 ) 
4 56 57 (2416 -480 272 ) (2416 -480 640 ) (2416 0 640 ) (2416 0 272 ) 
4 56 58 (2416 -480 256 ) (2416 -1024 256 ) (2416 -1024 640 ) (2416 -480 640 ) 
4 57 58 (2416 -480 272 ) (2416 -480 640 ) (2048 -480 640 ) (2048 -480 304 ) 
4 58 159 (2048 -1024 256 ) (2048 -1024 432 ) (2048 -928 432 ) (2048 -928 256 ) 
4 58 157 (2048 -928 432 ) (2048 -512 432 ) (2048 -512 256 ) (2048 -928 256 ) 
4 58 154 (2048 -1024 432 ) (2048 -1024 640 ) (2048 -560 640 ) (2048 -560 432 ) 
4 58 152 (2048 -560 640 ) (2048 -512 640 ) (2048 -512 432 ) (2048 -560 432 ) 
4 60 61 (2400 -464 96 ) (2400 -480 96 ) (2400 -480 256 ) (2400 -464 256 ) 
4 61 145 (2048 -96 192 ) (2048 -96 96 ) (2048 -288 96 ) (2048 -288 192 ) 
4 62 63 (3072 -1024 1280 ) (3072 -1024 896 ) (3072 -1280 896 ) (3072 -1280 1280 ) 
4 63 196 (2048 -1280 896 ) (2048 -1280 1280 ) (2048 -1024 1280 ) (2048 -1024 896 ) 
4 64 88 (1648 384 1280 ) (1600 384 1280 ) (1600 384 688 ) (1648 384 688 ) 
4 64 90 (1600 384 1280 ) (1136 384 1280 ) (1136 384 688 ) (1600 384 688 ) 
4 64 84 (2048 384 688 ) (2048 384 1280 ) (1648 384 1280 ) (1648 384 688 ) 
4 64 70 (2048 384 688 ) (1600 384 688 ) (1600 432 688 ) (2048 432 688 ) 
4 64 69 (1600 432 688 ) (1600 512 688 ) (2048 512 688 ) (2048 432 688 ) 
4 64 72 (1600 384 688 ) (1136 384 688 ) (1136 512 688 ) (1600 512 688 ) 
4 64 68 (1136 512 688 ) (1136 640 688 ) (2048 640 688 ) (2048 512 688 ) 
4 64 67 (1136 640 688 ) (1136 896 688 ) (2048 896 688 ) (2048 640 688 ) 
4 64 66 (1136 640 688 ) (1136 384 688 ) (1136 384 768 ) (1136 784 768 ) 
4 64 65 (1136 896 1280 ) (1136 896 768 ) (1136 384 768 ) (1136 384 1280 ) 
4 65 108 (1024 384 768 ) (1024 384 848 ) (1024 448 848 ) (1024 448 768 ) 
4 65 106 (1024 448 848 ) (1024 896 848 ) (1024 896 768 ) (1024 448 768 ) 
4 65 103 (1024 384 848 ) (1024 384 1280 ) (1024 448 1280 ) (1024 448 848 ) 
4 65 102 (1024 448 1280 ) (1024 896 1280 ) (1024 896 848 ) (1024 448 848 ) 
4 65 90 (1136 384 1280 ) (1024 384 1280 ) (1024 384 768 ) (1136 384 768 ) 
4 65 66 (1136 784 768 ) (1136 384 768 ) (1024 384 768 ) (1024 784 768 ) 
3 66 108 (1024 384 736 ) (1024 384 768 ) (1024 448 768 ) 
4 66 90 (1024 384 768 ) (1024 384 688 ) (1136 384 688 ) (1136 384 768 ) 
4 66 72 (1136 384 688 ) (1024 384 688 ) (1024 512 688 ) (1136 512 688 ) 
4 67 74 (2048 880 576 ) (2048 640 576 ) (1648 640 576 ) (1648 880 576 ) 
4 67 73 (1648 896 576 ) (2048 896 576 ) (2048 880 576 ) (1648 880 576 ) 
4 67 68 (1136 640 688 ) (1408 640 576 ) (2048 640 576 ) (2048 640 688 ) 
4 68 74 (2048 640 576 ) (2048 512 576 ) (1648 512 576 ) (1648 640 576 ) 
4 68 69 (1600 512 576 ) (2048 512 576 ) (2048 512 688 ) (1600 512 688 ) 
4 68 72 (1408 512 576 ) (1600 512 576 ) (1600 512 688 ) (1136 512 688 ) 
4 69 75 (1648 512 576 ) (2048 512 576 ) (2048 432 576 ) (1648 432 576 ) 
4 69 70 (1600 432 688 ) (1600 432 656 ) (2048 432 656 ) (2048 432 688 ) 
4 69 71 (1600 432 640 ) (1600 432 576 ) (2048 432 576 ) (2048 432 640 ) 
4 69 72 (1600 512 688 ) (1600 512 576 ) (1600 432 576 ) (1600 432 688 ) 
4 70 88 (1648 384 688 ) (1600 384 688 ) (1600 384 658.322571 ) (1648 384 658.322571 ) 
4 70 84 (2048 384 658.322571 ) (2048 384 688 ) (1648 384 688 ) (1648 384 658.322571 ) 
4 70 72 (1600 384 658.322571 ) (1600 384 688 ) (1600 432 688 ) (1600 432 656 ) 
4 71 89 (1648 384 640 ) (1600 384 640 ) (1600 384 576 ) (1648 384 576 ) 
4 71 75 (2048 384 576 ) (1648 384 576 ) (1648 432 576 ) (2048 432 576 ) 
4 71 72 (1600 432 576 ) (1600 384 576 ) (1600 384 640 ) (1600 432 640 ) 
4 72 90 (1600 384 688 ) (1024 384 688 ) (1024 384 576 ) (1600 384 576 ) 
4 73 83 (1648 896 96 ) (2048 896 96 ) (2048 880 96 ) (1648 880 96 ) 
4 73 74 (1648 880 96 ) (2048 880 96 ) (2048 880 576 ) (1648 880 576 ) 
4 74 83 (1648 880 96 ) (2048 880 96 ) (2048 640 96 ) (1648 640 96 ) 
4 74 75 (1648 512 96 ) (2048 512 96 ) (2048 512 576 ) (1648 512 576 ) 
4 75 76 (1648 512 192 ) (1648 512 96 ) (1648 384 96 ) (1648 384 192 ) 
4 76 81 (1632 512 96 ) (1632 384 96 ) (1632 384 192 ) (1632 512 192 ) 
4 77 79 (1152 880 384 ) (1632 880 384 ) (1632 784 384 ) (1152 784 384 ) 
4 77 80 (1632 784 384 ) (1632 384 384 ) (1152 384 384 ) (1152 784 384 ) 
5 77 78 (1152 880 384 ) (1152 512 384 ) (1152 384 448 ) (1152 384 560 ) (1152 880 560 ) 
4 78 92 (1040 384 560 ) (1040 384 448 ) (1152 384 448 ) (1152 384 560 ) 
4 79 80 (1152 784 384 ) (1536 784 256 ) (1632 784 256 ) (1632 784 384 ) 
4 80 82 (1536 384 256 ) (1152 384 256 ) (1152 784 256 ) (1536 784 256 ) 
4 80 81 (1632 784 256 ) (1632 384 256 ) (1536 384 256 ) (1536 784 256 ) 
4 81 82 (1536 784 256 ) (1536 512 96 ) (1536 384 96 ) (1536 384 256 ) 
4 82 91 (1152 384 96 ) (1280 384 96 ) (1280 384 192 ) (1152 384 192 ) 
4 84 133 (2048 0 676.903259 ) (2048 0 1280 ) (1648 0 1280 ) (1648 0 676.903198 ) 
4 84 93 (1648 368 659.096741 ) (1648 0 676.903259 ) (1648 0 1280 ) (1648 368 1280 ) 
4 84 88 (1648 384 1280 ) (1648 384 658.322571 ) (1648 368 659.096741 ) (1648 368 1280 ) 
4 85 143 (2032 0 352 ) (1920 0 352 ) (1920 0 64 ) (2032 0 64 ) 
5 85 86 (1920 368 352 ) (1920 368 0 ) (1920 256 0 ) (1920 0 64 ) (1920 0 352 ) 
4 86 143 (1920 0 352 ) (1664 0 352 ) (1664 0 64 ) (1920 0 64 ) 
4 86 87 (1664 256 0 ) (1664 128 0 ) (1664 128 96 ) (1664 256 96 ) 
4 87 97 (1648 256 0 ) (1648 128 0 ) (1648 128 96 ) (1648 256 96 ) 
4 88 93 (1648 368 659.096802 ) (1648 368 1280 ) (1600 368 1280 ) (1600 368 659.096802 ) 
4 88 90 (1600 368 659.096802 ) (1600 368 1280 ) (1600 384 1280 ) (1600 384 658.322571 ) 
4 89 95 (1648 368 576 ) (1648 368 640 ) (1600 368 640 ) (1600 368 576 ) 
4 89 90 (1600 384 576 ) (1600 368 576 ) (1600 368 640 ) (1600 384 640 ) 
4 90 108 (1024 368 728 ) (1024 368 848 ) (1024 384 848 ) (1024 384 736 ) 
4 90 103 (1024 368 848 ) (1024 368 1280 ) (1024 384 1280 ) (1024 384 848 ) 
4 90 95 (1536 368 576 ) (1600 368 576 ) (1600 368 640 ) (1536 368 640 ) 
4 90 96 (1024 368 640 ) (1024 368 576 ) (1536 368 576 ) (1536 368 640 ) 
4 90 94 (1600 368 1280 ) (1024 368 1280 ) (1024 368 640 ) (1600 368 640 ) 
4 91 99 (1152 368 192 ) (1152 368 96 ) (1280 368 96 ) (1280 368 192 ) 
4 92 96 (1040 368 560 ) (1040 368 448 ) (1152 368 448 ) (1152 368 560 ) 
4 93 133 (1648 0 676.903259 ) (1648 0 1280 ) (1600 0 1280 ) (1600 0 676.903198 ) 
4 93 94 (1600 0 676.903259 ) (1600 0 1280 ) (1600 368 1280 ) (1600 368 659.096802 ) 
4 94 134 (1600 0 1280 ) (1024 0 1280 ) (1024 0 640 ) (1600 0 640 ) 
4 94 113 (1024 0 640 ) (1024 0 848 ) (1024 48 848 ) (1024 48 640 ) 
4 94 111 (1024 48 848 ) (1024 176 848 ) (1024 176 640 ) (1024 48 640 ) 
5 94 108 (1024 176 848 ) (1024 368 848 ) (1024 368 728 ) (1024 192 640 ) (1024 176 640 ) 
4 94 103 (1024 0 848 ) (1024 0 1280 ) (1024 368 1280 ) (1024 368 848 ) 
4 94 95 (1536 368 640 ) (1600 368 640 ) (1600 0 640 ) (1536 0 640 ) 
4 94 96 (1024 368 640 ) (1536 368 640 ) (1536 0 640 ) (1024 0 640 ) 
4 95 135 (1648 0 448 ) (1648 0 640 ) (1536 0 640 ) (1536 0 448 ) 
4 95 96 (1536 0 448 ) (1536 0 640 ) (1536 368 640 ) (1536 368 576 ) 
4 96 137 (1024 0 576 ) (1024 0 448 ) (1152 0 448 ) (1152 0 576 ) 
4 96 136 (1152 0 640 ) (1024 0 640 ) (1024 0 576 ) (1152 0 576 ) 
4 96 135 (1536 0 640 ) (1152 0 640 ) (1152 0 448 ) (1536 0 448 ) 
4 96 130 (1024 0 448 ) (1024 0 560 ) (1024 368 560 ) (1024 368 448 ) 
3 96 126 (1024 0 628 ) (1024 0 640 ) (1024 48 640 ) 
4 96 98 (1152 368 448 ) (1536 368 448 ) (1536 0 448 ) (1152 0 448 ) 
4 97 146 (1648 0 0 ) (1648 0 352 ) (1536 0 352 ) (1536 0 0 ) 
4 97 138 (1648 0 352 ) (1648 0 432 ) (1536 0 432 ) (1536 0 352 ) 
3 97 100 (1536 368 0 ) (1536 112 0 ) (1536 368 96 ) 
5 97 99 (1536 112 0 ) (1536 0 0 ) (1536 0 432 ) (1536 368 432 ) (1536 368 96 ) 
4 98 139 (1536 0 448 ) (1152 0 448 ) (1152 0 432 ) (1536 0 432 ) 
4 98 99 (1152 0 432 ) (1152 368 432 ) (1536 368 432 ) (1536 0 432 ) 
4 99 146 (1152 0 352 ) (1152 0 0 ) (1536 0 0 ) (1536 0 352 ) 
4 99 140 (1152 0 432 ) (1152 0 352 ) (1536 0 352 ) (1536 0 432 ) 
5 99 101 (1152 112 0 ) (1152 0 0 ) (1152 0 432 ) (1152 368 432 ) (1152 368 96 ) 
4 99 100 (1280 368 96 ) (1536 368 96 ) (1536 112.001343 0 ) (1280 112 0 ) 
4 101 147 (1024 0 352 ) (1024 0 0 ) (1152 0 0 ) (1152 0 352 ) 
4 101 141 (1024 0 432 ) (1024 0 352 ) (1152 0 352 ) (1152 0 432 ) 
4 101 130 (1024 0 96 ) (1024 0 432 ) (1024 368 432 ) (1024 368 96 ) 
4 102 120 (512 896 848 ) (528 896 848 ) (528 448 848 ) (512 448 848 ) 
4 102 122 (0 448 848 ) (0 896 848 ) (512 896 848 ) (512 448 848 ) 
4 102 117 (528 896 848 ) (544 896 848 ) (544 448 848 ) (528 448 848 ) 
4 102 106 (544 896 848 ) (1024 896 848 ) (1024 448 848 ) (544 448 848 ) 
4 102 104 (960 448 928 ) (960 448 1280 ) (464 448 1280 ) (464 448 864 ) 
4 102 103 (960 448 848 ) (1024 448 848 ) (1024 448 1280 ) (960 448 1280 ) 
4 102 105 (0 448 848 ) (464 448 848 ) (464 448 1280 ) (0 448 1280 ) 
4 103 170 (1024 0 848 ) (1024 0 1280 ) (960 0 1280 ) (960 0 848 ) 
4 103 113 (1024 0 848 ) (960 0 848 ) (960 48 848 ) (1024 48 848 ) 
4 103 111 (960 48 848 ) (960 176 848 ) (1024 176 848 ) (1024 48 848 ) 
4 103 108 (960 176 848 ) (960 448 848 ) (1024 448 848 ) (1024 176 848 ) 
4 103 104 (960 448 1280 ) (960 448 928 ) (960 0 928 ) (960 0 1280 ) 
4 104 188 (512 0 1280 ) (464 0 1280 ) (464 0 864 ) (512 0 870.193542 ) 
4 104 171 (960 0 1280 ) (512 0 1280 ) (512 0 870.193542 ) (960 0 928 ) 
4 104 105 (464 448 1280 ) (464 448 864 ) (464 0 864 ) (464 0 1280 ) 
4 105 190 (464 0 1280 ) (0 0 1280 ) (0 0 848 ) (464 0 848 ) 
4 105 125 (464 0 848 ) (0 0 848 ) (0 384 848 ) (464 384 848 ) 
4 105 122 (0 384 848 ) (0 448 848 ) (464 448 848 ) (464 384 848 ) 
4 106 117 (544 448 768 ) (544 448 848 ) (544 896 848 ) (544 896 768 ) 
4 106 109 (544 448 848 ) (544 448 768 ) (896 448 768 ) (896 448 848 ) 
4 106 108 (896 448 768 ) (1024 448 768 ) (1024 448 848 ) (896 448 848 ) 
3 106 107 (640 448 768 ) (544 448 768 ) (544 832 768 ) 
3 107 127 (640 448 640 ) (544 448 640 ) (544 832 640 ) 
4 107 118 (544 832 640 ) (544 448 640 ) (544 448 768 ) (544 832 768 ) 
4 107 109 (544 448 768 ) (544 448 640 ) (640 448 640 ) (640 448 768 ) 
4 108 111 (896 176 640 ) (1024 176 640 ) (1024 176 848 ) (896 176 848 ) 
4 108 109 (896 448 848 ) (896 448 768 ) (896 384 736 ) (896 384 848 ) 
4 109 118 (544 448 640 ) (544 384 640 ) (544 384 768 ) (544 448 768 ) 
4 109 117 (544 384 768 ) (544 384 848 ) (544 448 848 ) (544 448 768 ) 
4 110 119 (544 256 640 ) (544 176 640 ) (544 176 776 ) (544 256 776 ) 
4 110 115 (544 176 848 ) (544 176 640 ) (640 176 640 ) (640 176 848 ) 
4 110 114 (640 176 640 ) (880 176 640 ) (880 176 848 ) (640 176 848 ) 
4 111 113 (896 48 640 ) (1024 48 640 ) (1024 48 848 ) (896 48 848 ) 
4 111 112 (896 176 776 ) (896 176 640 ) (896 48 640 ) (896 48 776 ) 
4 112 114 (880 176 776 ) (880 176 640 ) (880 48 640 ) (880 48 776 ) 
4 113 174 (1024 0 640 ) (1024 0 752 ) (896 0 752 ) (896 0 640 ) 
4 113 172 (960 0 848 ) (896 0 848 ) (896 0 752 ) (960 0 752 ) 
4 113 170 (1024 0 752 ) (1024 0 848 ) (960 0 848 ) (960 0 752 ) 
4 113 126 (1024 48 640 ) (1024 0 640 ) (896 0 640 ) (896 48 640 ) 
4 114 115 (640 176 848 ) (640 176 640 ) (640 16 640 ) (640 16 848 ) 
4 115 119 (544 176 640 ) (544 128 640 ) (544 128 776 ) (544 176 776 ) 
4 115 116 (544 16 752 ) (544 16 640 ) (640 16 640 ) (640 16 752 ) 
4 116 176 (544 0 752 ) (544 0 640 ) (640 0 640 ) (640 0 752 ) 
4 117 121 (528 384 768 ) (528 384 848 ) (528 448 848 ) (528 448 768 ) 
4 117 120 (528 448 848 ) (528 896 848 ) (528 896 768 ) (528 448 768 ) 
4 117 118 (544 384 768 ) (528 384 768 ) (528 896 768 ) (544 832 768 ) 
4 118 127 (544 832 640 ) (544 448 640 ) (528 448 640 ) (528 896 640 ) 
4 118 121 (528 384 752 ) (528 384 768 ) (528 448 768 ) (528 448 752 ) 
4 118 120 (528 896 640 ) (528 448 640 ) (528 448 768 ) (528 896 768 ) 
4 119 123 (528 256 640 ) (528 128 640 ) (528 128 776 ) (528 256 776 ) 
4 120 121 (512 448 848 ) (512 448 752 ) (528 448 752 ) (528 448 848 ) 
4 120 122 (512 896 848 ) (512 896 640 ) (512 448 640 ) (512 448 848 ) 
4 121 123 (528 384 752 ) (528 384 848 ) (512 384 848 ) (512 384 752 ) 
4 121 122 (512 384 752 ) (512 384 848 ) (512 448 848 ) (512 448 752 ) 
4 122 125 (0 384 640 ) (512 384 640 ) (512 384 848 ) (0 384 848 ) 
4 123 124 (512 16 848 ) (512 16 752 ) (528 16 752 ) (528 16 848 ) 
4 123 125 (512 384 848 ) (512 384 640 ) (512 16 640 ) (512 16 848 ) 
4 124 172 (528 0 848 ) (512 0 848 ) (512 0 752 ) (528 0 752 ) 
4 124 125 (512 0 752 ) (512 0 848 ) (512 16 848 ) (512 16 752 ) 
4 125 191 (512 0 848 ) (0 0 848 ) (0 0 640 ) (512 0 640 ) 
4 126 174 (1024 0 628 ) (1024 0 640 ) (896 0 640 ) (896 0 628 ) 
4 128 192 (0 0 624 ) (0 0 576 ) (512 0 576 ) (512 0 624 ) 
4 128 131 (384 896 576 ) (512 896 576 ) (512 0 576 ) (384 0 576 ) 
4 128 132 (0 0 576 ) (0 896 576 ) (384 896 576 ) (384 0 576 ) 
4 129 130 (640 768 96 ) (896 768 96 ) (896 768 560 ) (640 768 560 ) 
4 130 179 (1024 0 96 ) (1024 0 560 ) (512 0 560 ) (512 0 96 ) 
4 130 131 (512 0 96 ) (512 0 560 ) (512 768 560 ) (512 768 96 ) 
4 131 193 (512 0 -12.606071 ) (512 0 128 ) (384 0 128 ) (384 0 -12.606079 ) 
4 131 192 (512 0 128 ) (512 0 576 ) (384 0 576 ) (384 0 128 ) 
5 131 132 (384 896 -128 ) (384 272 -128 ) (384 0 -12.606071 ) (384 0 576 ) (384 896 576 ) 
4 132 195 (0 0 128 ) (0 0 -128 ) (384 0 -128 ) (384 0 128 ) 
4 132 192 (384 0 576 ) (0 0 576 ) (0 0 128 ) (384 0 128 ) 
4 133 151 (2048 -512 701.677429 ) (2048 -512 1280 ) (1600 -512 1280 ) (1600 -512 701.677429 ) 
4 133 134 (1600 -512 701.677429 ) (1600 -512 1280 ) (1600 0 1280 ) (1600 0 676.903198 ) 
4 134 174 (1024 0 752 ) (1024 0 640 ) (1024 -512 640 ) (1024 -512 752 ) 
4 134 170 (1024 0 1280 ) (1024 0 752 ) (1024 -512 752 ) (1024 -512 1280 ) 
4 134 153 (1600 -512 1280 ) (1024 -512 1280 ) (1024 -512 640 ) (1600 -512 640 ) 
4 134 136 (1152 -512 640 ) (1024 -512 640 ) (1024 0 640 ) (1152 0 640 ) 
4 134 135 (1600 -512 640 ) (1152 -512 640 ) (1152 0 640 ) (1600 0 640 ) 
4 135 152 (1648 -512 640 ) (1600 -512 640 ) (1600 -512 448 ) (1648 -512 448 ) 
4 135 153 (1600 -512 640 ) (1152 -512 640 ) (1152 -512 448 ) (1600 -512 448 ) 
4 135 139 (1152 -400 448 ) (1152 0 448 ) (1536 0 448 ) (1536 -400 448 ) 
3 135 137 (1152 0 448 ) (1152 -400 576 ) (1152 0 576 ) 
4 135 136 (1152 -512 576 ) (1152 -512 640 ) (1152 0 640 ) (1152 0 576 ) 
5 136 174 (1024 0 640 ) (1024 0 628 ) (1024 -208 576 ) (1024 -512 576 ) (1024 -512 640 ) 
4 136 153 (1152 -512 640 ) (1024 -512 640 ) (1024 -512 576 ) (1152 -512 576 ) 
4 136 137 (1152 0 576 ) (1152 -400 576 ) (1024 -400 576 ) (1024 0 576 ) 
3 137 179 (1024 0 560 ) (1024 0 448 ) (1024 -350 560 ) 
4 138 163 (1536 -512 368 ) (1536 -512 352 ) (1632 -512 352 ) (1632 -512 368 ) 
4 138 161 (1536 -512 432 ) (1536 -512 368 ) (1632 -512 368 ) (1632 -512 432 ) 
4 138 158 (1632 -512 352 ) (1648 -512 352 ) (1648 -512 432 ) (1632 -512 432 ) 
4 138 149 (1648 -512 352 ) (1536 -512 352 ) (1536 -288 352 ) (1648 -288 352 ) 
4 138 146 (1536 -288 352 ) (1536 0 352 ) (1648 0 352 ) (1648 -288 352 ) 
4 138 142 (1536 -400 352 ) (1536 -512 352 ) (1536 -512 432 ) (1536 -400 432 ) 
4 138 140 (1536 0 352 ) (1536 -400 352 ) (1536 -400 432 ) (1536 0 432 ) 
4 139 140 (1536 -400 432 ) (1152 -400 432 ) (1152 0 432 ) (1536 0 432 ) 
4 140 149 (1536 -288 352 ) (1536 -400 352 ) (1152 -400 352 ) (1152 -288 352 ) 
4 140 146 (1152 0 352 ) (1536 0 352 ) (1536 -288 352 ) (1152 -288 352 ) 
4 140 142 (1152 -400 352 ) (1536 -400 352 ) (1536 -400 432 ) (1152 -400 432 ) 
4 140 141 (1152 0 352 ) (1152 -400 352 ) (1152 -400 432 ) (1152 0 432 ) 
4 141 179 (1024 0 432 ) (1024 0 352 ) (1024 -400 352 ) (1024 -400 432 ) 
4 141 150 (1024 -400 352 ) (1024 -288 352 ) (1152 -288 352 ) (1152 -400 352 ) 
4 141 147 (1024 -288 352 ) (1024 0 352 ) (1152 0 352 ) (1152 -288 352 ) 
4 142 163 (1152 -512 352 ) (1536 -512 352 ) (1536 -512 368 ) (1152 -512 368 ) 
4 142 161 (1536 -512 368 ) (1536 -512 432 ) (1152 -512 432 ) (1152 -512 368 ) 
4 142 149 (1536 -512 352 ) (1152 -512 352 ) (1152 -400 352 ) (1536 -400 352 ) 
5 143 145 (1664 -96 192 ) (1664 -96 64 ) (2000 -96 64 ) (2032 -96 85.333282 ) (2032 -96 192 ) 
4 143 144 (1664 -96 352 ) (1664 -96 192 ) (2032 -96 192 ) (2032 -96 352 ) 
4 144 148 (2032 -288 352 ) (1664 -288 352 ) (1664 -288 192 ) (2032 -288 192 ) 
4 144 145 (2032 -288 192 ) (1664 -288 192 ) (1664 -96 192 ) (2032 -96 192 ) 
5 145 148 (2032 -288 192 ) (1664 -288 192 ) (1664 -288 64 ) (2000 -288 64 ) (2032 -288 85.333336 ) 
4 146 149 (1152 -288 0 ) (1648 -288 0 ) (1648 -288 352 ) (1152 -288 352 ) 
4 146 147 (1152 0 0 ) (1152 -288 96 ) (1152 -288 352 ) (1152 0 352 ) 
4 147 179 (1024 0 352 ) (1024 0 96 ) (1024 -288 96 ) (1024 -288 352 ) 
4 147 150 (1152 -288 96 ) (1152 -288 352 ) (1024 -288 352 ) (1024 -288 96 ) 
4 149 169 (1152 -512 128 ) (1152 -512 0 ) (1648 -512 0 ) (1648 -512 128 ) 
4 149 166 (1152 -512 192 ) (1152 -512 128 ) (1632 -512 128 ) (1632 -512 192 ) 
4 149 163 (1632 -512 352 ) (1152 -512 352 ) (1152 -512 192 ) (1632 -512 192 ) 
4 149 158 (1648 -512 352 ) (1632 -512 352 ) (1632 -512 128 ) (1648 -512 128 ) 
4 149 150 (1152 -288 352 ) (1152 -288 96 ) (1152 -400 96 ) (1152 -400 352 ) 
4 150 179 (1024 -400 96 ) (1024 -400 352 ) (1024 -288 352 ) (1024 -288 96 ) 
4 151 155 (1712 -560 1280 ) (1600 -560 1280 ) (1600 -560 704 ) (1712 -560 704 ) 
4 151 154 (2048 -560 704 ) (2048 -560 1280 ) (1712 -560 1280 ) (1712 -560 704 ) 
4 151 153 (1600 -560 704 ) (1600 -560 1280 ) (1600 -512 1280 ) (1600 -512 701.677429 ) 
4 152 161 (1600 -512 432 ) (1632 -512 432 ) (1632 -560 432 ) (1600 -560 432 ) 
4 152 158 (1632 -512 432 ) (1648 -512 432 ) (1648 -560 432 ) (1632 -560 432 ) 
4 152 157 (1648 -512 432 ) (2048 -512 432 ) (2048 -560 432 ) (1648 -560 432 ) 
4 152 155 (1600 -560 432 ) (1712 -560 432 ) (1712 -560 640 ) (1600 -560 640 ) 
4 152 154 (1712 -560 432 ) (2048 -560 432 ) (2048 -560 640 ) (1712 -560 640 ) 
4 152 153 (1600 -512 432 ) (1600 -560 432 ) (1600 -560 640 ) (1600 -512 640 ) 
4 153 177 (1024 -512 752 ) (1024 -512 576 ) (1024 -560 576 ) (1024 -560 752 ) 
4 153 170 (1024 -560 1280 ) (1024 -512 1280 ) (1024 -512 752 ) (1024 -560 752 ) 
4 153 161 (1024 -560 432 ) (1024 -512 432 ) (1600 -512 432 ) (1600 -560 432 ) 
4 153 155 (1024 -560 432 ) (1600 -560 432 ) (1600 -560 1280 ) (1024 -560 1280 ) 
4 154 196 (2048 -1024 896 ) (2048 -1024 1280 ) (1712 -1024 1280 ) (1712 -1024 896 ) 
4 154 159 (2048 -1024 432 ) (1712 -1024 432 ) (1712 -928 432 ) (2048 -928 432 ) 
4 154 157 (1712 -928 432 ) (1712 -560 432 ) (2048 -560 432 ) (2048 -928 432 ) 
4 154 156 (1712 -1024 448 ) (1712 -1024 1280 ) (1712 -576 1280 ) (1712 -576 512 ) 
4 154 155 (1712 -560 1280 ) (1712 -560 432 ) (1712 -576 432 ) (1712 -576 1280 ) 
4 155 177 (1024 -560 752 ) (1024 -560 576 ) (1024 -576 576 ) (1024 -576 752 ) 
4 155 170 (1024 -576 1280 ) (1024 -560 1280 ) (1024 -560 752 ) (1024 -576 752 ) 
4 155 161 (1024 -576 432 ) (1024 -560 432 ) (1632 -560 432 ) (1632 -576 432 ) 
4 155 158 (1632 -560 432 ) (1648 -560 432 ) (1648 -576 432 ) (1632 -576 432 ) 
4 155 157 (1648 -560 432 ) (1712 -560 432 ) (1712 -576 432 ) (1648 -576 432 ) 
4 155 156 (1712 -576 512 ) (1712 -576 1280 ) (1024 -576 1280 ) (1024 -576 512 ) 
4 156 196 (1712 -1024 1280 ) (1024 -1024 1280 ) (1024 -1024 896 ) (1712 -1024 896 ) 
4 156 183 (1024 -1024 448 ) (1024 -1024 576 ) (1024 -768 576 ) (1024 -934.400208 460.799927 ) 
4 156 178 (1024 -1024 576 ) (1024 -1024 752 ) (1024 -640 752 ) (1024 -640 576 ) 
4 156 177 (1024 -640 752 ) (1024 -576 752 ) (1024 -576 576 ) (1024 -640 576 ) 
4 156 170 (1024 -1024 752 ) (1024 -1024 1280 ) (1024 -576 1280 ) (1024 -576 752 ) 
4 157 168 (1648 -512 128 ) (2048 -512 128 ) (2048 -896 128 ) (1648 -896 128 ) 
4 157 159 (1648 -928 128 ) (2048 -928 128 ) (2048 -928 432 ) (1648 -928 432 ) 
4 157 158 (1648 -512 128 ) (1648 -640 128 ) (1648 -640 432 ) (1648 -512 432 ) 
4 158 169 (1632 -512 128 ) (1648 -512 128 ) (1648 -640 128 ) (1632 -640 128 ) 
4 158 166 (1632 -512 128 ) (1632 -640 128 ) (1632 -640 192 ) (1632 -512 192 ) 
4 158 163 (1632 -640 192 ) (1632 -640 368 ) (1632 -512 368 ) (1632 -512 192 ) 
4 158 161 (1632 -640 368 ) (1632 -640 432 ) (1632 -512 432 ) (1632 -512 368 ) 
4 159 160 (1648 -928 208 ) (1648 -928 128 ) (1648 -1024 128 ) (1648 -1024 208 ) 
4 160 167 (1632 -928 128 ) (1632 -1024 128 ) (1632 -1024 192 ) (1632 -928 192 ) 
4 160 165 (1632 -1024 192 ) (1632 -1024 208 ) (1632 -928 208 ) (1632 -928 192 ) 
4 161 182 (1024 -640 432 ) (1024 -576 432 ) (1024 -576 368 ) (1024 -640 368 ) 
4 161 163 (1024 -640 368 ) (1024 -512 368 ) (1632 -512 368 ) (1632 -640 368 ) 
4 162 184 (1024 -1024 368 ) (1024 -1024 416 ) (1024 -656 416 ) (1024 -656 368 ) 
4 162 165 (1024 -1024 368 ) (1024 -656 368 ) (1632 -656 368 ) (1632 -1024 368 ) 
4 163 182 (1024 -640 368 ) (1024 -576 368 ) (1024 -576 192 ) (1024 -640 192 ) 
4 163 166 (1024 -512 192 ) (1632 -512 192 ) (1632 -640 192 ) (1024 -640 192 ) 
4 163 164 (1024 -644 192 ) (1632 -644 192 ) (1632 -644 368 ) (1024 -644 368 ) 
4 164 165 (1024 -652 192 ) (1632 -652 192 ) (1632 -652 368 ) (1024 -652 368 ) 
4 165 184 (1024 -1024 192 ) (1024 -1024 368 ) (1024 -656 368 ) (1024 -656 192 ) 
4 165 167 (1632 -656 192 ) (1632 -1024 192 ) (1024 -1024 192 ) (1024 -656 192 ) 
4 166 182 (1024 -640 192 ) (1024 -576 192 ) (1024 -576 128 ) (1024 -640 128 ) 
4 166 169 (1024 -640 128 ) (1024 -512 128 ) (1632 -512 128 ) (1632 -640 128 ) 
4 167 184 (1024 -1024 128 ) (1024 -1024 192 ) (1024 -656 192 ) (1024 -656 128 ) 
4 168 169 (1648 -640 128 ) (1648 -512 128 ) (1648 -512 0 ) (1648 -640 0 ) 
4 169 182 (1024 -640 128 ) (1024 -576 128 ) (1024 -576 96 ) (1024 -640 96 ) 
4 170 197 (1024 -1024 896 ) (1024 -1024 1280 ) (960 -1024 1280 ) (960 -1024 896 ) 
4 170 178 (1024 -640 752 ) (1024 -1024 752 ) (960 -1024 752 ) (960 -640 752 ) 
4 170 177 (1024 -512 752 ) (1024 -640 752 ) (960 -640 752 ) (960 -512 752 ) 
4 170 174 (960 0 752 ) (1024 0 752 ) (1024 -512 752 ) (960 -512 752 ) 
4 170 171 (960 -64 928 ) (960 -64 1280 ) (960 0 1280 ) (960 0 928 ) 
4 170 172 (960 0 752 ) (960 -64 752 ) (960 -64 848 ) (960 0 848 ) 
4 170 173 (960 -64 752 ) (960 -1024 752 ) (960 -1024 1280 ) (960 -64 1280 ) 
4 171 188 (512 -64 1280 ) (512 0 1280 ) (512 0 870.193481 ) (512 -64 870.193542 ) 
4 171 173 (960 -64 928 ) (960 -64 1280 ) (512 -64 1280 ) (512 -64 870.193481 ) 
4 172 191 (512 0 848 ) (512 0 752 ) (512 -64 752 ) (512 -64 848 ) 
4 172 176 (528 0 752 ) (640 0 752 ) (640 -64 752 ) (528 -64 752 ) 
4 172 174 (896 0 752 ) (960 0 752 ) (960 -64 752 ) (896 -64 752 ) 
4 172 175 (640 0 752 ) (896 0 752 ) (896 -64 752 ) (640 -64 752 ) 
4 172 173 (512 -64 752 ) (960 -64 752 ) (960 -64 848 ) (512 -64 848 ) 
4 173 197 (960 -1024 1280 ) (512 -1024 1280 ) (512 -1024 896 ) (960 -1024 896 ) 
4 173 191 (512 -1024 752 ) (512 -1024 848 ) (512 -64 848 ) (512 -64 752 ) 
4 173 189 (512 -1024 848 ) (512 -1024 1280 ) (512 -64 1280 ) (512 -64 848 ) 
4 173 178 (896 -640 752 ) (960 -640 752 ) (960 -1024 752 ) (896 -1024 752 ) 
4 173 177 (640 -512 752 ) (960 -512 752 ) (960 -640 752 ) (640 -640 752 ) 
4 173 176 (528 -64 752 ) (640 -64 752 ) (640 -512 752 ) (528 -512 752 ) 
4 173 174 (896 -64 752 ) (960 -64 752 ) (960 -512 752 ) (896 -512 752 ) 
4 173 175 (640 -64 752 ) (896 -64 752 ) (896 -512 752 ) (640 -512 752 ) 
4 174 177 (896 -512 576 ) (1024 -512 576 ) (1024 -512 752 ) (896 -512 752 ) 
5 174 175 (896 -208 576 ) (896 -512 576 ) (896 -512 752 ) (896 0 752 ) (896 0 628 ) 
3 175 177 (896 -512 576 ) (896 -512 752 ) (640 -512 752 ) 
5 175 176 (640 -384 576 ) (640 -512 576 ) (640 -512 752 ) (640 0 752 ) (640 0 640 ) 
4 177 178 (896 -640 576 ) (1024 -640 576 ) (1024 -640 752 ) (896 -640 752 ) 
4 178 183 (1024 -1024 576 ) (896 -1024 576 ) (896 -768 576 ) (1024 -768 576 ) 
4 179 194 (512 -256 96 ) (512 -448 96 ) (512 -448 128 ) (512 -331.428589 128 ) 
4 179 193 (512 0 128 ) (512 0 96 ) (512 -256 96 ) (512 -331.428589 128 ) 
4 179 192 (512 -448 560 ) (512 0 560 ) (512 0 128 ) (512 -448 128 ) 
4 179 180 (640 -448 96 ) (896 -448 96 ) (896 -448 560 ) (640 -448 560 ) 
4 180 182 (640 -576 96 ) (896 -576 96 ) (896 -576 432 ) (640 -576 432 ) 
4 180 181 (896 -576 432 ) (896 -576 560 ) (640 -576 560 ) (640 -576 432 ) 
4 181 192 (512 -640 432 ) (512 -640 560 ) (512 -576 560 ) (512 -576 432 ) 
4 181 182 (896 -640 432 ) (512 -640 432 ) (512 -576 432 ) (896 -576 432 ) 
3 182 194 (512 -640 128 ) (512 -576 128 ) (512 -576 96 ) 
4 182 192 (512 -640 128 ) (512 -640 432 ) (512 -576 432 ) (512 -576 128 ) 
4 182 187 (576 -640 432 ) (512 -640 432 ) (512 -640 128 ) (576 -640 128 ) 
4 184 185 (896 -656 416 ) (896 -656 128 ) (896 -1024 128 ) (896 -1024 416 ) 
4 185 186 (592 -768 128 ) (592 -896 128 ) (592 -896 224 ) (592 -768 224 ) 
4 186 187 (576 -768 128 ) (576 -896 128 ) (576 -896 224 ) (576 -768 224 ) 
4 187 192 (512 -1024 128 ) (512 -1024 432 ) (512 -640 432 ) (512 -640 128 ) 
4 188 189 (464 -64 1280 ) (464 -64 864 ) (512 -64 870.193542 ) (512 -64 1280 ) 
4 188 190 (464 -64 864 ) (464 -64 1280 ) (464 0 1280 ) (464 0 864 ) 
4 189 197 (512 -1024 896 ) (512 -1024 1280 ) (464 -1024 1280 ) (464 -1024 896 ) 
4 189 191 (512 -64 848 ) (512 -1024 848 ) (464 -1024 848 ) (464 -64 848 ) 
4 189 190 (464 -64 848 ) (464 -1024 848 ) (464 -1024 1280 ) (464 -64 1280 ) 
4 190 197 (464 -1024 1280 ) (0 -1024 1280 ) (0 -1024 896 ) (464 -1024 896 ) 
4 190 191 (0 0 848 ) (464 0 848 ) (464 -1024 848 ) (0 -1024 848 ) 
4 192 194 (512 -331.428558 128 ) (512 -640 128 ) (384 -640 128 ) (384 -331.428589 128 ) 
4 192 193 (384 0 128 ) (512 0 128 ) (512 -331.428558 128 ) (384 -331.428589 128 ) 
4 192 195 (0 0 128 ) (384 0 128 ) (384 -640 128 ) (0 -640 128 ) 
4 193 194 (512 -331.425598 128 ) (384 -331.425598 128 ) (384 -255.996918 96 ) (512 -255.996918 96 ) 
3 193 195 (384 -331.428589 128 ) (384 0 128 ) (384 0 -12.606049 ) 
4 194 195 (384 -640 128 ) (384 -331.428589 128 ) (384 -256 96 ) (384 -576 96 ) 
4 196 197 (1024 -1280 896 ) (1024 -1280 1280 ) (1024 -1024 1280 ) (1024 -1024 896 ) 
