


materialPath: D:\Program Files (x86)\Steam\steamapps\common\Team Fortress 2\tf\materials
Loading d:\documents\mapping\tf2\tf2-maps\highway\a5\koth_highway_a5.vmf
ConVarRef mat_reduceparticles doesn't point to an existing ConVar
Patching WVT material: maps/koth_highway_a5/dev/dev_blendmeasure_wvt_patch
fixing up env_cubemap materials on brush sides...
0...1...2...3...4...5...6...7...8...9...100...1...2...3...4...5...6...7...8...9...10Processing areas...done (0)
Building Faces...done (0)
Chop Details...done (0)
Find Visible Detail Sides...done (0)
Merging details...done (0)
FixTjuncs...
PruneNodes...
WriteBSP...
done (0)
writing d:\documents\mapping\tf2\tf2-maps\highway\a5\koth_highway_a5.prt...Building visibility clusters...
done (0)
*** Error: Skybox vtf files for skybox/sky_gravel_01 weren't compiled with the same size texture and/or same flags!
Can't load skybox file skybox/sky_gravel_01 to build the default cubemap!
*** Error: Skybox vtf files for skybox/sky_gravel_01 weren't compiled with the same size texture and/or same flags!
Can't load skybox file skybox/sky_gravel_01 to build the default cubemap!
Finding displacement neighbors...
Finding lightmap sample positions...
Displacement Alpha : 0...1...2...3...4...5...6...7...8...9...10
Building Physics collision data...
done (0) (69894 bytes)
Placing detail props : 0...1...2...3...4...5...6...7...8...9...10
Compacting texture/material tables...
Reduced 133 texinfos to 84
Reduced 14 texdatas to 12 (330 bytes to 291)
Writing d:\documents\mapping\tf2\tf2-maps\highway\a5\koth_highway_a5.bsp
MSG_FILEWRITE - Filesystem was asked to write to 'd:\documents\mapping\tf2\tf2-maps\highway\a5\koth_highway_a5.bsp', but we don't own that location. Allowing.
Wrote ZIP buffer, estimated size 481, actual size 401
0 seconds elapsed



4 threads
reading d:\documents\mapping\tf2\tf2-maps\highway\a5\koth_highway_a5.bsp
reading d:\documents\mapping\tf2\tf2-maps\highway\a5\koth_highway_a5.prt
 198 portalclusters
 494 numportals
0...1...2...3...4...5...6...7...8...9...10Optimized: 1024 visible clusters (3.14%)
Total clusters visible: 32638
Average clusters visible: 164
Building PAS...
Average clusters audible: 198
visdatasize:11419  compressed from 12672
writing d:\documents\mapping\tf2\tf2-maps\highway\a5\koth_highway_a5.bsp
MSG_FILEWRITE - Filesystem was asked to write to 'd:\documents\mapping\tf2\tf2-maps\highway\a5\koth_highway_a5.bsp', but we don't own that location. Allowing.
0 seconds elapsed



[Reading texlights from 'lights.rad']
[56 texlights parsed from 'lights.rad']

Loading d:\documents\mapping\tf2\tf2-maps\highway\a5\koth_highway_a5.bsp
811 faces
471431 square feet [67886136.00 square inches]
0 Displacements
0 Square Feet [0.00 Square Inches]
811 patches before subdivision
33265 patches after subdivision
10 direct lights
0...1...2...3...4...5...6...7...8...9...100...1...2...3...4...5...6...7...8...9...10transfers 2556859, max 347
transfer lists:  19.5 megs
0...1...2...3...4...5...6...7...8...9...10	Bounce #1 added RGB(226428, 183034, 213581)
0...1...2...3...4...5...6...7...8...9...10	Bounce #2 added RGB(49201, 38277, 44621)
Build Patch/Sample Hash Table(s).....Done<0.0065 sec>
0...1...2...3...4...5...6...7...8...9...10FinalLightFace Done
0 of 0 (0% of) surface lights went in leaf ambient cubes.
0...1...2...3...4...5...6...7...8...9...10Writing leaf ambient...done
Ready to Finish

Object names       Objects/Maxobjs  Memory / Maxmem  Fullness 
------------       ---------------  ---------------  -------- 
models                  18/1024          864/49152    ( 1.8%) 
brushes                191/8192         2292/98304    ( 2.3%) 
brushsides            1188/65536        9504/524288   ( 1.8%) 
planes                 520/65536       10400/1310720  ( 0.8%) 
vertexes              1254/65536       15048/786432   ( 1.9%) 
nodes                  560/65536       17920/2097152  ( 0.9%) 
texinfos                84/12288        6048/884736   ( 0.7%) 
texdata                 12/2048          384/65536    ( 0.6%) 
dispinfos                0/0               0/0        ( 0.0%) 
disp_verts               0/0               0/0        ( 0.0%) 
disp_tris                0/0               0/0        ( 0.0%) 
disp_lmsamples           0/0               0/0        ( 0.0%) 
faces                  811/65536       45416/3670016  ( 1.2%) 
hdr faces                0/65536           0/3670016  ( 0.0%) 
origfaces              483/65536       27048/3670016  ( 0.7%) 
leaves                 579/65536       18528/2097152  ( 0.9%) 
leaffaces             1026/65536        2052/131072   ( 1.6%) 
leafbrushes            369/65536         738/131072   ( 0.6%) 
areas                    2/256            16/2048     ( 0.8%) 
surfedges             5722/512000      22888/2048000  ( 1.1%) 
edges                 3319/256000      13276/1024000  ( 1.3%) 
LDR worldlights         10/8192          880/720896   ( 0.1%) 
HDR worldlights          0/8192            0/720896   ( 0.0%) 
leafwaterdata            0/32768           0/393216   ( 0.0%) 
waterstrips             65/32768         650/327680   ( 0.2%) 
waterverts               0/65536           0/786432   ( 0.0%) 
waterindices           975/65536        1950/131072   ( 1.5%) 
cubemapsamples           0/1024            0/16384    ( 0.0%) 
overlays                 2/512           704/180224   ( 0.4%) 
LDR lightdata         [variable]      591108/0        ( 0.0%) 
HDR lightdata         [variable]           0/0        ( 0.0%) 
visdata               [variable]       11419/16777216 ( 0.1%) 
entdata               [variable]       16058/393216   ( 4.1%) 
LDR ambient table      579/65536        2316/262144   ( 0.9%) 
HDR ambient table      579/65536        2316/262144   ( 0.9%) 
LDR leaf ambient      3333/65536       93324/1835008  ( 5.1%) 
HDR leaf ambient       579/65536       16212/1835008  ( 0.9%) 
occluders                0/0               0/0        ( 0.0%) 
occluder polygons        0/0               0/0        ( 0.0%) 
occluder vert ind        0/0               0/0        ( 0.0%) 
detail props          [variable]           1/12       ( 8.3%) 
static props          [variable]           1/2184     ( 0.0%) 
pakfile               [variable]         401/0        ( 0.0%) 
physics               [variable]       69894/4194304  ( 1.7%) 
physics terrain       [variable]           2/1048576  ( 0.0%) 

Level flags = 0

Total triangle count: 2170
Writing d:\documents\mapping\tf2\tf2-maps\highway\a5\koth_highway_a5.bsp
5 seconds elapsed



materialPath: C:\Program Files (x86)\Steam\steamapps\common\Team Fortress 2\tf\materials
Loading c:\users\liam\documents\tf2-maps\highway\a5\koth_highway_a5.vmf
ConVarRef mat_reduceparticles doesn't point to an existing ConVar
Patching WVT material: maps/koth_highway_a5/nature/blendgroundtoconcrete003_wvt_patch
fixing up env_cubemap materials on brush sides...
0...1...2...3...4...5...6...7...8...9...10**** leaked ****
Entity light_environment (2944.00 -1152.00 0.00) leaked!

FindPortalSide: Couldn't find a good match for which brush to assign to a portal near (3272.0 1024.0 376.0)
Leaf 0 contents: CONTENTS_SOLID 
Leaf 1 contents: 
viscontents (node 0 contents ^ node 1 contents): CONTENTS_SOLID 
This means that none of the brushes in leaf 0 or 1 that touches the portal has CONTENTS_SOLID 
Check for a huge brush enclosing the coordinates above that has contents CONTENTS_SOLID 
Candidate brush IDs: 


FindPortalSide: Couldn't find a good match for which brush to assign to a portal near (3784.0 1024.0 376.0)
Leaf 0 contents: CONTENTS_SOLID 
Leaf 1 contents: 
viscontents (node 0 contents ^ node 1 contents): CONTENTS_SOLID 
This means that none of the brushes in leaf 0 or 1 that touches the portal has CONTENTS_SOLID 
Check for a huge brush enclosing the coordinates above that has contents CONTENTS_SOLID 
Candidate brush IDs: 


FindPortalSide: Couldn't find a good match for which brush to assign to a portal near (3272.0 1024.0 1296.0)
Leaf 0 contents: CONTENTS_SOLID 
Leaf 1 contents: 
viscontents (node 0 contents ^ node 1 contents): CONTENTS_SOLID 
This means that none of the brushes in leaf 0 or 1 that touches the portal has CONTENTS_SOLID 
Check for a huge brush enclosing the coordinates above that has contents CONTENTS_SOLID 
Candidate brush IDs: 


FindPortalSide: Couldn't find a good match for which brush to assign to a portal near (3784.0 1024.0 1296.0)
Leaf 0 contents: CONTENTS_SOLID 
Leaf 1 contents: 
viscontents (node 0 contents ^ node 1 contents): CONTENTS_SOLID 
This means that none of the brushes in leaf 0 or 1 that touches the portal has CONTENTS_SOLID 
Check for a huge brush enclosing the coordinates above that has contents CONTENTS_SOLID 
Candidate brush IDs: 


FindPortalSide: Couldn't find a good match for which brush to assign to a portal near (4096.0 1536.0 392.0)
Leaf 0 contents: 
Leaf 1 contents: CONTENTS_SOLID 
viscontents (node 0 contents ^ node 1 contents): CONTENTS_SOLID 
This means that none of the brushes in leaf 0 or 1 that touches the portal has CONTENTS_SOLID 
Check for a huge brush enclosing the coordinates above that has contents CONTENTS_SOLID 
Candidate brush IDs: 


FindPortalSide: Couldn't find a good match for which brush to assign to a portal near (3584.0 2048.0 392.0)
Leaf 0 contents: 
Leaf 1 contents: CONTENTS_SOLID 
viscontents (node 0 contents ^ node 1 contents): CONTENTS_SOLID 
This means that none of the brushes in leaf 0 or 1 that touches the portal has CONTENTS_SOLID 
Check for a huge brush enclosing the coordinates above that has contents CONTENTS_SOLID 
Candidate brush IDs: 


FindPortalSide: Couldn't find a good match for which brush to assign to a portal near (2560.0 1024.0 -456.0)
Leaf 0 contents: CONTENTS_SOLID 
Leaf 1 contents: 
viscontents (node 0 contents ^ node 1 contents): CONTENTS_SOLID 
This means that none of the brushes in leaf 0 or 1 that touches the portal has CONTENTS_SOLID 
Check for a huge brush enclosing the coordinates above that has contents CONTENTS_SOLID 
Candidate brush IDs: 


FindPortalSide: Couldn't find a good match for which brush to assign to a portal near (2560.0 1024.0 448.0)
Leaf 0 contents: CONTENTS_SOLID 
Leaf 1 contents: 
viscontents (node 0 contents ^ node 1 contents): CONTENTS_SOLID 
This means that none of the brushes in leaf 0 or 1 that touches the portal has CONTENTS_SOLID 
Check for a huge brush enclosing the coordinates above that has contents CONTENTS_SOLID 
Candidate brush IDs: 

*** Suppressing further FindPortalSide errors.... ***
Processing areas...done (0)
Building Faces...done (0)
Chop Details...done (0)
Find Visible Detail Sides...done (0)
Merging details...done (0)
FixTjuncs...
PruneNodes...
WriteBSP...
done (0)
material "skybox/sky_outpost_01rt" not found.
Can't load skybox file skybox/sky_outpost_01 to build the default cubemap!
Can't load skybox file skybox/sky_outpost_01 to build the default cubemap!
Finding displacement neighbors...
Finding lightmap sample positions...
Displacement Alpha : 0...1...2...3...4...5...6...7...8...9...10
Building Physics collision data...
done (0) (57477 bytes)
Placing detail props : 0...1...2...3...4...5...6...7...8...9...10
Compacting texture/material tables...
Reduced 128 texinfos to 68
Reduced 12 texdatas to 10 (301 bytes to 220)
Writing c:\users\liam\documents\tf2-maps\highway\a5\koth_highway_a5.bsp
MSG_FILEWRITE - Filesystem was asked to write to 'c:\users\liam\documents\tf2-maps\highway\a5\koth_highway_a5.bsp', but we don't own that location. Allowing.
Wrote ZIP buffer, estimated size 570, actual size 490
3 seconds elapsed
CMaterialDict::Shutdown m_MissingList count: 1



4 threads
reading c:\users\liam\documents\tf2-maps\highway\a5\koth_highway_a5.bsp
reading c:\users\liam\documents\tf2-maps\highway\a5\koth_highway_a5.prt
LoadPortals: couldn't read c:\users\liam\documents\tf2-maps\highway\a5\koth_highway_a5.prt



[Reading texlights from 'lights.rad']
[56 texlights parsed from 'lights.rad']

Loading c:\users\liam\documents\tf2-maps\highway\a5\koth_highway_a5.bsp
No vis information, direct lighting only.
983 faces
602521 square feet [86763160.00 square inches]
4 Displacements
4116 Square Feet [592737.00 Square Inches]
4 direct lights
0...1...2...3...4...5...6...7...8...9...10Build Patch/Sample Hash Table(s).....Done<0.0157 sec>
0...1...2...3...4...5...6...7...8...9...10FinalLightFace Done
0 of 0 (0% of) surface lights went in leaf ambient cubes.
0...1...2...3...4...5...6...7...8...9...10Writing leaf ambient...done
Ready to Finish

Object names       Objects/Maxobjs  Memory / Maxmem  Fullness 
------------       ---------------  ---------------  -------- 
models                  16/1024          768/49152    ( 1.6%) 
brushes                150/8192         1800/98304    ( 1.8%) 
brushsides             962/65536        7696/524288   ( 1.5%) 
planes                 490/65536        9800/1310720  ( 0.7%) 
vertexes              1417/65536       17004/786432   ( 2.2%) 
nodes                  632/65536       20224/2097152  ( 1.0%) 
texinfos                68/12288        4896/884736   ( 0.6%) 
texdata                 10/2048          320/65536    ( 0.5%) 
dispinfos                4/0             704/0        ( 0.0%) 
disp_verts             324/0            6480/0        ( 0.0%) 
disp_tris              512/0            1024/0        ( 0.0%) 
disp_lmsamples       10816/0           10816/0        ( 0.0%) 
faces                  983/65536       55048/3670016  ( 1.5%) 
hdr faces                0/65536           0/3670016  ( 0.0%) 
origfaces              465/65536       26040/3670016  ( 0.7%) 
leaves                 649/65536       20768/2097152  ( 1.0%) 
leaffaces             1135/65536        2270/131072   ( 1.7%) 
leafbrushes            264/65536         528/131072   ( 0.4%) 
areas                    2/256            16/2048     ( 0.8%) 
surfedges             6469/512000      25876/2048000  ( 1.3%) 
edges                 3645/256000      14580/1024000  ( 1.4%) 
LDR worldlights          4/8192          352/720896   ( 0.0%) 
HDR worldlights          0/8192            0/720896   ( 0.0%) 
leafwaterdata            0/32768           0/393216   ( 0.0%) 
waterstrips             94/32768         940/327680   ( 0.3%) 
waterverts               0/65536           0/786432   ( 0.0%) 
waterindices          1368/65536        2736/131072   ( 2.1%) 
cubemapsamples           0/1024            0/16384    ( 0.0%) 
overlays                 0/512             0/180224   ( 0.0%) 
LDR lightdata         [variable]      704308/0        ( 0.0%) 
HDR lightdata         [variable]           0/0        ( 0.0%) 
visdata               [variable]           0/16777216 ( 0.0%) 
entdata               [variable]       10153/393216   ( 2.6%) 
LDR ambient table      649/65536        2596/262144   ( 1.0%) 
HDR ambient table      649/65536        2596/262144   ( 1.0%) 
LDR leaf ambient      3901/65536      109228/1835008  ( 6.0%) 
HDR leaf ambient       649/65536       18172/1835008  ( 1.0%) 
occluders                0/0               0/0        ( 0.0%) 
occluder polygons        0/0               0/0        ( 0.0%) 
occluder vert ind        0/0               0/0        ( 0.0%) 
detail props          [variable]           1/12       ( 8.3%) 
static props          [variable]           1/1864     ( 0.1%) 
pakfile               [variable]         490/0        ( 0.0%) 
physics               [variable]       57477/4194304  ( 1.4%) 
physics terrain       [variable]        1096/1048576  ( 0.1%) 

Level flags = 0

Total triangle count: 2657
Writing c:\users\liam\documents\tf2-maps\highway\a5\koth_highway_a5.bsp
8 seconds elapsed



materialPath: C:\Program Files (x86)\Steam\steamapps\common\Team Fortress 2\tf\materials
Loading c:\users\liam\documents\tf2-maps\highway\a5\koth_highway_a5.vmf
ConVarRef mat_reduceparticles doesn't point to an existing ConVar
Patching WVT material: maps/koth_highway_a5/nature/blendgroundtoconcrete003_wvt_patch
fixing up env_cubemap materials on brush sides...
0...1...2...3...4...5...6...7...8...9...10**** leaked ****
Entity light_environment (2944.00 -1152.00 0.00) leaked!

FindPortalSide: Couldn't find a good match for which brush to assign to a portal near (3272.0 1024.0 376.0)
Leaf 0 contents: CONTENTS_SOLID 
Leaf 1 contents: 
viscontents (node 0 contents ^ node 1 contents): CONTENTS_SOLID 
This means that none of the brushes in leaf 0 or 1 that touches the portal has CONTENTS_SOLID 
Check for a huge brush enclosing the coordinates above that has contents CONTENTS_SOLID 
Candidate brush IDs: 


FindPortalSide: Couldn't find a good match for which brush to assign to a portal near (3784.0 1024.0 376.0)
Leaf 0 contents: CONTENTS_SOLID 
Leaf 1 contents: 
viscontents (node 0 contents ^ node 1 contents): CONTENTS_SOLID 
This means that none of the brushes in leaf 0 or 1 that touches the portal has CONTENTS_SOLID 
Check for a huge brush enclosing the coordinates above that has contents CONTENTS_SOLID 
Candidate brush IDs: 


FindPortalSide: Couldn't find a good match for which brush to assign to a portal near (3272.0 1024.0 1296.0)
Leaf 0 contents: CONTENTS_SOLID 
Leaf 1 contents: 
viscontents (node 0 contents ^ node 1 contents): CONTENTS_SOLID 
This means that none of the brushes in leaf 0 or 1 that touches the portal has CONTENTS_SOLID 
Check for a huge brush enclosing the coordinates above that has contents CONTENTS_SOLID 
Candidate brush IDs: 


FindPortalSide: Couldn't find a good match for which brush to assign to a portal near (3784.0 1024.0 1296.0)
Leaf 0 contents: CONTENTS_SOLID 
Leaf 1 contents: 
viscontents (node 0 contents ^ node 1 contents): CONTENTS_SOLID 
This means that none of the brushes in leaf 0 or 1 that touches the portal has CONTENTS_SOLID 
Check for a huge brush enclosing the coordinates above that has contents CONTENTS_SOLID 
Candidate brush IDs: 


FindPortalSide: Couldn't find a good match for which brush to assign to a portal near (4096.0 1536.0 392.0)
Leaf 0 contents: 
Leaf 1 contents: CONTENTS_SOLID 
viscontents (node 0 contents ^ node 1 contents): CONTENTS_SOLID 
This means that none of the brushes in leaf 0 or 1 that touches the portal has CONTENTS_SOLID 
Check for a huge brush enclosing the coordinates above that has contents CONTENTS_SOLID 
Candidate brush IDs: 


FindPortalSide: Couldn't find a good match for which brush to assign to a portal near (3584.0 2048.0 392.0)
Leaf 0 contents: 
Leaf 1 contents: CONTENTS_SOLID 
viscontents (node 0 contents ^ node 1 contents): CONTENTS_SOLID 
This means that none of the brushes in leaf 0 or 1 that touches the portal has CONTENTS_SOLID 
Check for a huge brush enclosing the coordinates above that has contents CONTENTS_SOLID 
Candidate brush IDs: 


FindPortalSide: Couldn't find a good match for which brush to assign to a portal near (2560.0 1024.0 -456.0)
Leaf 0 contents: CONTENTS_SOLID 
Leaf 1 contents: 
viscontents (node 0 contents ^ node 1 contents): CONTENTS_SOLID 
This means that none of the brushes in leaf 0 or 1 that touches the portal has CONTENTS_SOLID 
Check for a huge brush enclosing the coordinates above that has contents CONTENTS_SOLID 
Candidate brush IDs: 


FindPortalSide: Couldn't find a good match for which brush to assign to a portal near (2560.0 1024.0 448.0)
Leaf 0 contents: CONTENTS_SOLID 
Leaf 1 contents: 
viscontents (node 0 contents ^ node 1 contents): CONTENTS_SOLID 
This means that none of the brushes in leaf 0 or 1 that touches the portal has CONTENTS_SOLID 
Check for a huge brush enclosing the coordinates above that has contents CONTENTS_SOLID 
Candidate brush IDs: 

*** Suppressing further FindPortalSide errors.... ***
Processing areas...done (0)
Building Faces...done (0)
Chop Details...done (0)
Find Visible Detail Sides...done (0)
Merging details...done (0)
FixTjuncs...
PruneNodes...
WriteBSP...
done (0)
*** Error: Skybox vtf files for skybox/sky_nightfall_01 weren't compiled with the same size texture and/or same flags!
Can't load skybox file skybox/sky_nightfall_01 to build the default cubemap!
*** Error: Skybox vtf files for skybox/sky_nightfall_01 weren't compiled with the same size texture and/or same flags!
Can't load skybox file skybox/sky_nightfall_01 to build the default cubemap!
Finding displacement neighbors...
Finding lightmap sample positions...
Displacement Alpha : 0...1...2...3...4...5...6...7...8...9...10
Building Physics collision data...
done (1) (57477 bytes)
Placing detail props : 0...1...2...3...4...5...6...7...8...9...10
Compacting texture/material tables...
Reduced 128 texinfos to 68
Reduced 12 texdatas to 10 (301 bytes to 220)
Writing c:\users\liam\documents\tf2-maps\highway\a5\koth_highway_a5.bsp
MSG_FILEWRITE - Filesystem was asked to write to 'c:\users\liam\documents\tf2-maps\highway\a5\koth_highway_a5.bsp', but we don't own that location. Allowing.
Wrote ZIP buffer, estimated size 570, actual size 490
8 seconds elapsed



4 threads
reading c:\users\liam\documents\tf2-maps\highway\a5\koth_highway_a5.bsp
reading c:\users\liam\documents\tf2-maps\highway\a5\koth_highway_a5.prt
LoadPortals: couldn't read c:\users\liam\documents\tf2-maps\highway\a5\koth_highway_a5.prt



[Reading texlights from 'lights.rad']
[56 texlights parsed from 'lights.rad']

Loading c:\users\liam\documents\tf2-maps\highway\a5\koth_highway_a5.bsp
No vis information, direct lighting only.
983 faces
602521 square feet [86763160.00 square inches]
4 Displacements
4116 Square Feet [592737.00 Square Inches]
4 direct lights
0...1...2...3...4...5...6...7...8...9...10Build Patch/Sample Hash Table(s).....Done<0.0154 sec>
0...1...2...3...4...5...6...7...8...9...10FinalLightFace Done
0 of 0 (0% of) surface lights went in leaf ambient cubes.
0...1...2...3...4...5...6...7...8...9...10Writing leaf ambient...done
Ready to Finish

Object names       Objects/Maxobjs  Memory / Maxmem  Fullness 
------------       ---------------  ---------------  -------- 
models                  16/1024          768/49152    ( 1.6%) 
brushes                150/8192         1800/98304    ( 1.8%) 
brushsides             962/65536        7696/524288   ( 1.5%) 
planes                 490/65536        9800/1310720  ( 0.7%) 
vertexes              1417/65536       17004/786432   ( 2.2%) 
nodes                  632/65536       20224/2097152  ( 1.0%) 
texinfos                68/12288        4896/884736   ( 0.6%) 
texdata                 10/2048          320/65536    ( 0.5%) 
dispinfos                4/0             704/0        ( 0.0%) 
disp_verts             324/0            6480/0        ( 0.0%) 
disp_tris              512/0            1024/0        ( 0.0%) 
disp_lmsamples       10816/0           10816/0        ( 0.0%) 
faces                  983/65536       55048/3670016  ( 1.5%) 
hdr faces                0/65536           0/3670016  ( 0.0%) 
origfaces              465/65536       26040/3670016  ( 0.7%) 
leaves                 649/65536       20768/2097152  ( 1.0%) 
leaffaces             1135/65536        2270/131072   ( 1.7%) 
leafbrushes            264/65536         528/131072   ( 0.4%) 
areas                    2/256            16/2048     ( 0.8%) 
surfedges             6469/512000      25876/2048000  ( 1.3%) 
edges                 3645/256000      14580/1024000  ( 1.4%) 
LDR worldlights          4/8192          352/720896   ( 0.0%) 
HDR worldlights          0/8192            0/720896   ( 0.0%) 
leafwaterdata            0/32768           0/393216   ( 0.0%) 
waterstrips             94/32768         940/327680   ( 0.3%) 
waterverts               0/65536           0/786432   ( 0.0%) 
waterindices          1368/65536        2736/131072   ( 2.1%) 
cubemapsamples           0/1024            0/16384    ( 0.0%) 
overlays                 0/512             0/180224   ( 0.0%) 
LDR lightdata         [variable]      704308/0        ( 0.0%) 
HDR lightdata         [variable]           0/0        ( 0.0%) 
visdata               [variable]           0/16777216 ( 0.0%) 
entdata               [variable]       10158/393216   ( 2.6%) 
LDR ambient table      649/65536        2596/262144   ( 1.0%) 
HDR ambient table      649/65536        2596/262144   ( 1.0%) 
LDR leaf ambient      3803/65536      106484/1835008  ( 5.8%) 
HDR leaf ambient       649/65536       18172/1835008  ( 1.0%) 
occluders                0/0               0/0        ( 0.0%) 
occluder polygons        0/0               0/0        ( 0.0%) 
occluder vert ind        0/0               0/0        ( 0.0%) 
detail props          [variable]           1/12       ( 8.3%) 
static props          [variable]           1/1864     ( 0.1%) 
pakfile               [variable]         490/0        ( 0.0%) 
physics               [variable]       57477/4194304  ( 1.4%) 
physics terrain       [variable]        1096/1048576  ( 0.1%) 

Level flags = 0

Total triangle count: 2657
Writing c:\users\liam\documents\tf2-maps\highway\a5\koth_highway_a5.bsp
14 seconds elapsed
