


materialPath: D:\Program Files (x86)\Steam\steamapps\common\Team Fortress 2\tf\materials
Loading d:\documents\mapping\tf2\tf2-maps\labor\a2\koth_labor_a2.vmf
ConVarRef mat_reduceparticles doesn't point to an existing ConVar
Patching WVT material: maps/koth_labor_a2/dev/dev_blendmeasure2_wvt_patch
Patching WVT material: maps/koth_labor_a2/dev/dev_blendmeasure_wvt_patch
Patching WVT material: maps/koth_labor_a2/winter/blendgraveltograss002_wvt_patch
fixing up env_cubemap materials on brush sides...
0...1...2...3...4...5...6...7...8...9...10**** leaked ****
Entity logic_auto (-2976.00 -3072.00 144.00) leaked!

FindPortalSide: Couldn't find a good match for which brush to assign to a portal near (1400.0 4096.0 -432.0)
Leaf 0 contents: CONTENTS_SOLID 
Leaf 1 contents: 
viscontents (node 0 contents ^ node 1 contents): CONTENTS_SOLID 
This means that none of the brushes in leaf 0 or 1 that touches the portal has CONTENTS_SOLID 
Check for a huge brush enclosing the coordinates above that has contents CONTENTS_SOLID 
Candidate brush IDs: 


FindPortalSide: Couldn't find a good match for which brush to assign to a portal near (1912.0 4096.0 -432.0)
Leaf 0 contents: CONTENTS_SOLID 
Leaf 1 contents: 
viscontents (node 0 contents ^ node 1 contents): CONTENTS_SOLID 
This means that none of the brushes in leaf 0 or 1 that touches the portal has CONTENTS_SOLID 
Check for a huge brush enclosing the coordinates above that has contents CONTENTS_SOLID 
Candidate brush IDs: 


FindPortalSide: Couldn't find a good match for which brush to assign to a portal near (1160.0 4096.0 464.0)
Leaf 0 contents: CONTENTS_SOLID 
Leaf 1 contents: 
viscontents (node 0 contents ^ node 1 contents): CONTENTS_SOLID 
This means that none of the brushes in leaf 0 or 1 that touches the portal has CONTENTS_SOLID 
Check for a huge brush enclosing the coordinates above that has contents CONTENTS_SOLID 
Candidate brush IDs: 


FindPortalSide: Couldn't find a good match for which brush to assign to a portal near (1672.0 4096.0 464.0)
Leaf 0 contents: CONTENTS_SOLID 
Leaf 1 contents: 
viscontents (node 0 contents ^ node 1 contents): CONTENTS_SOLID 
This means that none of the brushes in leaf 0 or 1 that touches the portal has CONTENTS_SOLID 
Check for a huge brush enclosing the coordinates above that has contents CONTENTS_SOLID 
Candidate brush IDs: 


FindPortalSide: Couldn't find a good match for which brush to assign to a portal near (2048.0 4608.0 448.0)
Leaf 0 contents: 
Leaf 1 contents: CONTENTS_SOLID 
viscontents (node 0 contents ^ node 1 contents): CONTENTS_SOLID 
This means that none of the brushes in leaf 0 or 1 that touches the portal has CONTENTS_SOLID 
Check for a huge brush enclosing the coordinates above that has contents CONTENTS_SOLID 
Candidate brush IDs: 


FindPortalSide: Couldn't find a good match for which brush to assign to a portal near (1536.0 5120.0 448.0)
Leaf 0 contents: 
Leaf 1 contents: CONTENTS_SOLID 
viscontents (node 0 contents ^ node 1 contents): CONTENTS_SOLID 
This means that none of the brushes in leaf 0 or 1 that touches the portal has CONTENTS_SOLID 
Check for a huge brush enclosing the coordinates above that has contents CONTENTS_SOLID 
Candidate brush IDs: 


FindPortalSide: Couldn't find a good match for which brush to assign to a portal near (64.0 4096.0 448.0)
Leaf 0 contents: CONTENTS_SOLID 
Leaf 1 contents: 
viscontents (node 0 contents ^ node 1 contents): CONTENTS_SOLID 
This means that none of the brushes in leaf 0 or 1 that touches the portal has CONTENTS_SOLID 
Check for a huge brush enclosing the coordinates above that has contents CONTENTS_SOLID 
Candidate brush IDs: 


FindPortalSide: Couldn't find a good match for which brush to assign to a portal near (576.0 4096.0 -432.0)
Leaf 0 contents: CONTENTS_SOLID 
Leaf 1 contents: 
viscontents (node 0 contents ^ node 1 contents): CONTENTS_SOLID 
This means that none of the brushes in leaf 0 or 1 that touches the portal has CONTENTS_SOLID 
Check for a huge brush enclosing the coordinates above that has contents CONTENTS_SOLID 
Candidate brush IDs: 

*** Suppressing further FindPortalSide errors.... ***
Processing areas...done (0)
Building Faces...done (0)
Chop Details...done (0)
Find Visible Detail Sides...done (0)
Merging details...done (0)
FixTjuncs...
PruneNodes...
WriteBSP...
done (0)
*** Error: Skybox vtf files for skybox/sky_alpinestorm_01 weren't compiled with the same size texture and/or same flags!
Can't load skybox file skybox/sky_alpinestorm_01 to build the default cubemap!
*** Error: Skybox vtf files for skybox/sky_alpinestorm_01 weren't compiled with the same size texture and/or same flags!
Can't load skybox file skybox/sky_alpinestorm_01 to build the default cubemap!
Finding displacement neighbors...
Finding lightmap sample positions...
Displacement Alpha : 0...1...2...3...4...5...6...7...8...9...10
Building Physics collision data...
done (1) (153634 bytes)
Static prop models/props_vehicles/train_flatcar_container_01d.mdl outside the map (-1280.00, -464.00, -26.00)
Static prop models/props_vehicles/train_flatcar_container_01d.mdl outside the map (-992.00, -320.00, -26.00)
Static prop models/props_vehicles/train_flatcar_container_01d.mdl outside the map (-1280.00, 464.00, -26.00)
Static prop models/props_vehicles/train_flatcar_container_01d.mdl outside the map (-992.00, 320.00, -26.00)
Placing detail props : 0...1...2...3...4...5...6...7...8...9...10
Compacting texture/material tables...
Reduced 535 texinfos to 267
Reduced 20 texdatas to 16 (549 bytes to 430)
Writing d:\documents\mapping\tf2\tf2-maps\labor\a2\koth_labor_a2.bsp
MSG_FILEWRITE - Filesystem was asked to write to 'd:\documents\mapping\tf2\tf2-maps\labor\a2\koth_labor_a2.bsp', but we don't own that location. Allowing.
Wrote ZIP buffer, estimated size 1503, actual size 1155
2 seconds elapsed



4 threads
reading d:\documents\mapping\tf2\tf2-maps\labor\a2\koth_labor_a2.bsp
reading d:\documents\mapping\tf2\tf2-maps\labor\a2\koth_labor_a2.prt
LoadPortals: couldn't read d:\documents\mapping\tf2\tf2-maps\labor\a2\koth_labor_a2.prt



[Reading texlights from 'lights.rad']
[56 texlights parsed from 'lights.rad']

Loading d:\documents\mapping\tf2\tf2-maps\labor\a2\koth_labor_a2.bsp
No vis information, direct lighting only.
3185 faces
1523513 square feet [219385984.00 square inches]
206 Displacements
81318 Square Feet [11709875.00 Square Inches]
63 direct lights
0...1...2...3...4...5...6...7...8...9...10Build Patch/Sample Hash Table(s).....Done<0.0189 sec>
0...1...2...3...4...5...6...7...8...9...10FinalLightFace Done
0 of 0 (0% of) surface lights went in leaf ambient cubes.
0...1...2...3...4...5...6...7...8...9...10Writing leaf ambient...done
Ready to Finish

Object names       Objects/Maxobjs  Memory / Maxmem  Fullness 
------------       ---------------  ---------------  -------- 
models                  18/1024          864/49152    ( 1.8%) 
brushes                418/8192         5016/98304    ( 5.1%) 
brushsides            2552/65536       20416/524288   ( 3.9%) 
planes                 800/65536       16000/1310720  ( 1.2%) 
vertexes              4992/65536       59904/786432   ( 7.6%) 
nodes                 2024/65536       64768/2097152  ( 3.1%) 
texinfos               267/12288       19224/884736   ( 2.2%) 
texdata                 16/2048          512/65536    ( 0.8%) 
dispinfos              206/0           36256/0        ( 0.0%) 
disp_verts           16686/0          333720/0        ( 0.0%) 
disp_tris            26368/0           52736/0        ( 0.0%) 
disp_lmsamples      233856/0          233856/0        ( 0.0%) 
faces                 3185/65536      178360/3670016  ( 4.9%) 
hdr faces                0/65536           0/3670016  ( 0.0%) 
origfaces             1510/65536       84560/3670016  ( 2.3%) 
leaves                2043/65536       65376/2097152  ( 3.1%) 
leaffaces             3441/65536        6882/131072   ( 5.3%) 
leafbrushes           1023/65536        2046/131072   ( 1.6%) 
areas                    2/256            16/2048     ( 0.8%) 
surfedges            20843/512000      83372/2048000  ( 4.1%) 
edges                11794/256000      47176/1024000  ( 4.6%) 
LDR worldlights         62/8192         5456/720896   ( 0.8%) 
HDR worldlights          0/8192            0/720896   ( 0.0%) 
leafwaterdata            0/32768           0/393216   ( 0.0%) 
waterstrips            234/32768        2340/327680   ( 0.7%) 
waterverts               0/65536           0/786432   ( 0.0%) 
waterindices          3441/65536        6882/131072   ( 5.3%) 
cubemapsamples           0/1024            0/16384    ( 0.0%) 
overlays                15/512          5280/180224   ( 2.9%) 
LDR lightdata         [variable]     2083452/0        ( 0.0%) 
HDR lightdata         [variable]           0/0        ( 0.0%) 
visdata               [variable]           0/16777216 ( 0.0%) 
entdata               [variable]       41021/393216   (10.4%) 
LDR ambient table     2043/65536        8172/262144   ( 3.1%) 
HDR ambient table     2043/65536        8172/262144   ( 3.1%) 
LDR leaf ambient     13132/65536      367696/1835008  (20.0%) 
HDR leaf ambient      2043/65536       57204/1835008  ( 3.1%) 
occluders                0/0               0/0        ( 0.0%) 
occluder polygons        0/0               0/0        ( 0.0%) 
occluder vert ind        0/0               0/0        ( 0.0%) 
detail props          [variable]           1/12       ( 8.3%) 
static props          [variable]           1/11334    ( 0.0%) 
pakfile               [variable]        1155/0        ( 0.0%) 
physics               [variable]      153634/4194304  ( 3.7%) 
physics terrain       [variable]       40670/1048576  ( 3.9%) 

Level flags = 0

Total triangle count: 8449
Writing d:\documents\mapping\tf2\tf2-maps\labor\a2\koth_labor_a2.bsp
31 seconds elapsed



materialPath: D:\Program Files (x86)\Steam\steamapps\common\Team Fortress 2\tf\materials
Loading d:\documents\mapping\tf2\tf2-maps\labor\a2\koth_labor_a2.vmf
ConVarRef mat_reduceparticles doesn't point to an existing ConVar
Patching WVT material: maps/koth_labor_a2/dev/dev_blendmeasure2_wvt_patch
Patching WVT material: maps/koth_labor_a2/dev/dev_blendmeasure_wvt_patch
Patching WVT material: maps/koth_labor_a2/winter/blendgraveltograss002_wvt_patch
fixing up env_cubemap materials on brush sides...
0...1...2...3...4...5...6...7...8...9...10**** leaked ****
Entity logic_auto (-2976.00 -3072.00 144.00) leaked!

FindPortalSide: Couldn't find a good match for which brush to assign to a portal near (1400.0 4096.0 -432.0)
Leaf 0 contents: CONTENTS_SOLID 
Leaf 1 contents: 
viscontents (node 0 contents ^ node 1 contents): CONTENTS_SOLID 
This means that none of the brushes in leaf 0 or 1 that touches the portal has CONTENTS_SOLID 
Check for a huge brush enclosing the coordinates above that has contents CONTENTS_SOLID 
Candidate brush IDs: 


FindPortalSide: Couldn't find a good match for which brush to assign to a portal near (1912.0 4096.0 -432.0)
Leaf 0 contents: CONTENTS_SOLID 
Leaf 1 contents: 
viscontents (node 0 contents ^ node 1 contents): CONTENTS_SOLID 
This means that none of the brushes in leaf 0 or 1 that touches the portal has CONTENTS_SOLID 
Check for a huge brush enclosing the coordinates above that has contents CONTENTS_SOLID 
Candidate brush IDs: 


FindPortalSide: Couldn't find a good match for which brush to assign to a portal near (1160.0 4096.0 464.0)
Leaf 0 contents: CONTENTS_SOLID 
Leaf 1 contents: 
viscontents (node 0 contents ^ node 1 contents): CONTENTS_SOLID 
This means that none of the brushes in leaf 0 or 1 that touches the portal has CONTENTS_SOLID 
Check for a huge brush enclosing the coordinates above that has contents CONTENTS_SOLID 
Candidate brush IDs: 


FindPortalSide: Couldn't find a good match for which brush to assign to a portal near (1672.0 4096.0 464.0)
Leaf 0 contents: CONTENTS_SOLID 
Leaf 1 contents: 
viscontents (node 0 contents ^ node 1 contents): CONTENTS_SOLID 
This means that none of the brushes in leaf 0 or 1 that touches the portal has CONTENTS_SOLID 
Check for a huge brush enclosing the coordinates above that has contents CONTENTS_SOLID 
Candidate brush IDs: 


FindPortalSide: Couldn't find a good match for which brush to assign to a portal near (2048.0 4608.0 448.0)
Leaf 0 contents: 
Leaf 1 contents: CONTENTS_SOLID 
viscontents (node 0 contents ^ node 1 contents): CONTENTS_SOLID 
This means that none of the brushes in leaf 0 or 1 that touches the portal has CONTENTS_SOLID 
Check for a huge brush enclosing the coordinates above that has contents CONTENTS_SOLID 
Candidate brush IDs: 


FindPortalSide: Couldn't find a good match for which brush to assign to a portal near (1536.0 5120.0 448.0)
Leaf 0 contents: 
Leaf 1 contents: CONTENTS_SOLID 
viscontents (node 0 contents ^ node 1 contents): CONTENTS_SOLID 
This means that none of the brushes in leaf 0 or 1 that touches the portal has CONTENTS_SOLID 
Check for a huge brush enclosing the coordinates above that has contents CONTENTS_SOLID 
Candidate brush IDs: 


FindPortalSide: Couldn't find a good match for which brush to assign to a portal near (64.0 4096.0 448.0)
Leaf 0 contents: CONTENTS_SOLID 
Leaf 1 contents: 
viscontents (node 0 contents ^ node 1 contents): CONTENTS_SOLID 
This means that none of the brushes in leaf 0 or 1 that touches the portal has CONTENTS_SOLID 
Check for a huge brush enclosing the coordinates above that has contents CONTENTS_SOLID 
Candidate brush IDs: 


FindPortalSide: Couldn't find a good match for which brush to assign to a portal near (576.0 4096.0 -432.0)
Leaf 0 contents: CONTENTS_SOLID 
Leaf 1 contents: 
viscontents (node 0 contents ^ node 1 contents): CONTENTS_SOLID 
This means that none of the brushes in leaf 0 or 1 that touches the portal has CONTENTS_SOLID 
Check for a huge brush enclosing the coordinates above that has contents CONTENTS_SOLID 
Candidate brush IDs: 

*** Suppressing further FindPortalSide errors.... ***
Processing areas...done (0)
Building Faces...done (0)
Chop Details...done (0)
Find Visible Detail Sides...done (0)
Merging details...done (0)
FixTjuncs...
PruneNodes...
WriteBSP...
done (0)
*** Error: Skybox vtf files for skybox/sky_alpinestorm_01 weren't compiled with the same size texture and/or same flags!
Can't load skybox file skybox/sky_alpinestorm_01 to build the default cubemap!
*** Error: Skybox vtf files for skybox/sky_alpinestorm_01 weren't compiled with the same size texture and/or same flags!
Can't load skybox file skybox/sky_alpinestorm_01 to build the default cubemap!
Finding displacement neighbors...
Finding lightmap sample positions...
Displacement Alpha : 0...1...2...3...4...5...6...7...8...9...10
Building Physics collision data...
done (0) (153698 bytes)
Static prop models/props_vehicles/train_flatcar_container_01d.mdl outside the map (-1280.00, -464.00, -26.00)
Static prop models/props_vehicles/train_flatcar_container_01d.mdl outside the map (-992.00, -320.00, -26.00)
Static prop models/props_vehicles/train_flatcar_container_01d.mdl outside the map (-1280.00, 464.00, -26.00)
Static prop models/props_vehicles/train_flatcar_container_01d.mdl outside the map (-992.00, 320.00, -26.00)
Placing detail props : 0...1...2...3...4...5...6...7...8...9...10
Compacting texture/material tables...
Reduced 535 texinfos to 267
Reduced 20 texdatas to 16 (549 bytes to 430)
Writing d:\documents\mapping\tf2\tf2-maps\labor\a2\koth_labor_a2.bsp
MSG_FILEWRITE - Filesystem was asked to write to 'd:\documents\mapping\tf2\tf2-maps\labor\a2\koth_labor_a2.bsp', but we don't own that location. Allowing.
Wrote ZIP buffer, estimated size 1503, actual size 1155
1 second elapsed



4 threads
reading d:\documents\mapping\tf2\tf2-maps\labor\a2\koth_labor_a2.bsp
reading d:\documents\mapping\tf2\tf2-maps\labor\a2\koth_labor_a2.prt
LoadPortals: couldn't read d:\documents\mapping\tf2\tf2-maps\labor\a2\koth_labor_a2.prt



[Reading texlights from 'lights.rad']
[56 texlights parsed from 'lights.rad']

Loading d:\documents\mapping\tf2\tf2-maps\labor\a2\koth_labor_a2.bsp
No vis information, direct lighting only.
3169 faces
1505764 square feet [216830112.00 square inches]
206 Displacements
81318 Square Feet [11709875.00 Square Inches]
63 direct lights
0...1...2...3...4...5...6...7...8...9...10Build Patch/Sample Hash Table(s).....Done<0.0185 sec>
0...1...2...3...4...5...6...7...8...9...10FinalLightFace Done
0 of 0 (0% of) surface lights went in leaf ambient cubes.
0...1...2...3...4...5...6...7...8...9...10Writing leaf ambient...done
Ready to Finish

Object names       Objects/Maxobjs  Memory / Maxmem  Fullness 
------------       ---------------  ---------------  -------- 
models                  18/1024          864/49152    ( 1.8%) 
brushes                418/8192         5016/98304    ( 5.1%) 
brushsides            2552/65536       20416/524288   ( 3.9%) 
planes                 800/65536       16000/1310720  ( 1.2%) 
vertexes              4968/65536       59616/786432   ( 7.6%) 
nodes                 2026/65536       64832/2097152  ( 3.1%) 
texinfos               267/12288       19224/884736   ( 2.2%) 
texdata                 16/2048          512/65536    ( 0.8%) 
dispinfos              206/0           36256/0        ( 0.0%) 
disp_verts           16686/0          333720/0        ( 0.0%) 
disp_tris            26368/0           52736/0        ( 0.0%) 
disp_lmsamples      233856/0          233856/0        ( 0.0%) 
faces                 3169/65536      177464/3670016  ( 4.8%) 
hdr faces                0/65536           0/3670016  ( 0.0%) 
origfaces             1508/65536       84448/3670016  ( 2.3%) 
leaves                2045/65536       65440/2097152  ( 3.1%) 
leaffaces             3428/65536        6856/131072   ( 5.2%) 
leafbrushes           1026/65536        2052/131072   ( 1.6%) 
areas                    2/256            16/2048     ( 0.8%) 
surfedges            20755/512000      83020/2048000  ( 4.1%) 
edges                11752/256000      47008/1024000  ( 4.6%) 
LDR worldlights         62/8192         5456/720896   ( 0.8%) 
HDR worldlights          0/8192            0/720896   ( 0.0%) 
leafwaterdata            0/32768           0/393216   ( 0.0%) 
waterstrips            233/32768        2330/327680   ( 0.7%) 
waterverts               0/65536           0/786432   ( 0.0%) 
waterindices          3429/65536        6858/131072   ( 5.2%) 
cubemapsamples           0/1024            0/16384    ( 0.0%) 
overlays                15/512          5280/180224   ( 2.9%) 
LDR lightdata         [variable]     2068328/0        ( 0.0%) 
HDR lightdata         [variable]           0/0        ( 0.0%) 
visdata               [variable]           0/16777216 ( 0.0%) 
entdata               [variable]       41021/393216   (10.4%) 
LDR ambient table     2045/65536        8180/262144   ( 3.1%) 
HDR ambient table     2045/65536        8180/262144   ( 3.1%) 
LDR leaf ambient     13102/65536      366856/1835008  (20.0%) 
HDR leaf ambient      2045/65536       57260/1835008  ( 3.1%) 
occluders                0/0               0/0        ( 0.0%) 
occluder polygons        0/0               0/0        ( 0.0%) 
occluder vert ind        0/0               0/0        ( 0.0%) 
detail props          [variable]           1/12       ( 8.3%) 
static props          [variable]           1/11334    ( 0.0%) 
pakfile               [variable]        1155/0        ( 0.0%) 
physics               [variable]      153698/4194304  ( 3.7%) 
physics terrain       [variable]       40670/1048576  ( 3.9%) 

Level flags = 0

Total triangle count: 8401
Writing d:\documents\mapping\tf2\tf2-maps\labor\a2\koth_labor_a2.bsp
32 seconds elapsed



materialPath: D:\Program Files (x86)\Steam\steamapps\common\Team Fortress 2\tf\materials
Loading d:\documents\mapping\tf2\tf2-maps\labor\a2\koth_labor_a2.vmf
ConVarRef mat_reduceparticles doesn't point to an existing ConVar
Patching WVT material: maps/koth_labor_a2/dev/dev_blendmeasure2_wvt_patch
Patching WVT material: maps/koth_labor_a2/dev/dev_blendmeasure_wvt_patch
Patching WVT material: maps/koth_labor_a2/winter/blendgraveltograss002_wvt_patch
fixing up env_cubemap materials on brush sides...
0...1...2...3...4...5...6...7...8...9...10**** leaked ****
Entity logic_auto (-2976.00 -3072.00 144.00) leaked!

FindPortalSide: Couldn't find a good match for which brush to assign to a portal near (1400.0 4096.0 -432.0)
Leaf 0 contents: CONTENTS_SOLID 
Leaf 1 contents: 
viscontents (node 0 contents ^ node 1 contents): CONTENTS_SOLID 
This means that none of the brushes in leaf 0 or 1 that touches the portal has CONTENTS_SOLID 
Check for a huge brush enclosing the coordinates above that has contents CONTENTS_SOLID 
Candidate brush IDs: 


FindPortalSide: Couldn't find a good match for which brush to assign to a portal near (1912.0 4096.0 -432.0)
Leaf 0 contents: CONTENTS_SOLID 
Leaf 1 contents: 
viscontents (node 0 contents ^ node 1 contents): CONTENTS_SOLID 
This means that none of the brushes in leaf 0 or 1 that touches the portal has CONTENTS_SOLID 
Check for a huge brush enclosing the coordinates above that has contents CONTENTS_SOLID 
Candidate brush IDs: 


FindPortalSide: Couldn't find a good match for which brush to assign to a portal near (1160.0 4096.0 464.0)
Leaf 0 contents: CONTENTS_SOLID 
Leaf 1 contents: 
viscontents (node 0 contents ^ node 1 contents): CONTENTS_SOLID 
This means that none of the brushes in leaf 0 or 1 that touches the portal has CONTENTS_SOLID 
Check for a huge brush enclosing the coordinates above that has contents CONTENTS_SOLID 
Candidate brush IDs: 


FindPortalSide: Couldn't find a good match for which brush to assign to a portal near (1672.0 4096.0 464.0)
Leaf 0 contents: CONTENTS_SOLID 
Leaf 1 contents: 
viscontents (node 0 contents ^ node 1 contents): CONTENTS_SOLID 
This means that none of the brushes in leaf 0 or 1 that touches the portal has CONTENTS_SOLID 
Check for a huge brush enclosing the coordinates above that has contents CONTENTS_SOLID 
Candidate brush IDs: 


FindPortalSide: Couldn't find a good match for which brush to assign to a portal near (2048.0 4608.0 448.0)
Leaf 0 contents: 
Leaf 1 contents: CONTENTS_SOLID 
viscontents (node 0 contents ^ node 1 contents): CONTENTS_SOLID 
This means that none of the brushes in leaf 0 or 1 that touches the portal has CONTENTS_SOLID 
Check for a huge brush enclosing the coordinates above that has contents CONTENTS_SOLID 
Candidate brush IDs: 


FindPortalSide: Couldn't find a good match for which brush to assign to a portal near (1536.0 5120.0 448.0)
Leaf 0 contents: 
Leaf 1 contents: CONTENTS_SOLID 
viscontents (node 0 contents ^ node 1 contents): CONTENTS_SOLID 
This means that none of the brushes in leaf 0 or 1 that touches the portal has CONTENTS_SOLID 
Check for a huge brush enclosing the coordinates above that has contents CONTENTS_SOLID 
Candidate brush IDs: 


FindPortalSide: Couldn't find a good match for which brush to assign to a portal near (64.0 4096.0 448.0)
Leaf 0 contents: CONTENTS_SOLID 
Leaf 1 contents: 
viscontents (node 0 contents ^ node 1 contents): CONTENTS_SOLID 
This means that none of the brushes in leaf 0 or 1 that touches the portal has CONTENTS_SOLID 
Check for a huge brush enclosing the coordinates above that has contents CONTENTS_SOLID 
Candidate brush IDs: 


FindPortalSide: Couldn't find a good match for which brush to assign to a portal near (576.0 4096.0 -432.0)
Leaf 0 contents: CONTENTS_SOLID 
Leaf 1 contents: 
viscontents (node 0 contents ^ node 1 contents): CONTENTS_SOLID 
This means that none of the brushes in leaf 0 or 1 that touches the portal has CONTENTS_SOLID 
Check for a huge brush enclosing the coordinates above that has contents CONTENTS_SOLID 
Candidate brush IDs: 

*** Suppressing further FindPortalSide errors.... ***
Processing areas...done (0)
Building Faces...done (0)
Chop Details...done (0)
Find Visible Detail Sides...done (0)
Merging details...done (0)
FixTjuncs...
PruneNodes...
WriteBSP...
done (0)
*** Error: Skybox vtf files for skybox/sky_alpinestorm_01 weren't compiled with the same size texture and/or same flags!
Can't load skybox file skybox/sky_alpinestorm_01 to build the default cubemap!
*** Error: Skybox vtf files for skybox/sky_alpinestorm_01 weren't compiled with the same size texture and/or same flags!
Can't load skybox file skybox/sky_alpinestorm_01 to build the default cubemap!
Finding displacement neighbors...
Finding lightmap sample positions...
Displacement Alpha : 0...1...2...3...4...5...6...7...8...9...10
Building Physics collision data...
done (0) (153698 bytes)
Static prop models/props_vehicles/train_flatcar_container_01d.mdl outside the map (-1280.00, -464.00, -26.00)
Static prop models/props_vehicles/train_flatcar_container_01d.mdl outside the map (-992.00, -320.00, -26.00)
Static prop models/props_vehicles/train_flatcar_container_01d.mdl outside the map (-1280.00, 464.00, -26.00)
Static prop models/props_vehicles/train_flatcar_container_01d.mdl outside the map (-992.00, 320.00, -26.00)
Placing detail props : 0...1...2...3...4...5...6...7...8...9...10
Compacting texture/material tables...
Reduced 535 texinfos to 267
Reduced 20 texdatas to 16 (549 bytes to 430)
Writing d:\documents\mapping\tf2\tf2-maps\labor\a2\koth_labor_a2.bsp
MSG_FILEWRITE - Filesystem was asked to write to 'd:\documents\mapping\tf2\tf2-maps\labor\a2\koth_labor_a2.bsp', but we don't own that location. Allowing.
Wrote ZIP buffer, estimated size 1503, actual size 1155
1 second elapsed



4 threads
reading d:\documents\mapping\tf2\tf2-maps\labor\a2\koth_labor_a2.bsp
reading d:\documents\mapping\tf2\tf2-maps\labor\a2\koth_labor_a2.prt
LoadPortals: couldn't read d:\documents\mapping\tf2\tf2-maps\labor\a2\koth_labor_a2.prt



[Reading texlights from 'lights.rad']
[56 texlights parsed from 'lights.rad']

Loading d:\documents\mapping\tf2\tf2-maps\labor\a2\koth_labor_a2.bsp
No vis information, direct lighting only.
3169 faces
1505892 square feet [216848544.00 square inches]
206 Displacements
81318 Square Feet [11709875.00 Square Inches]
63 direct lights
0...1...2...3...4...5...6...7...8...9...10Build Patch/Sample Hash Table(s).....Done<0.0187 sec>
0...1...2...3...4...5...6...7...8...9...10FinalLightFace Done
0 of 0 (0% of) surface lights went in leaf ambient cubes.
0...1...2...3...4...5...6...7...8...9...10Writing leaf ambient...done
Ready to Finish

Object names       Objects/Maxobjs  Memory / Maxmem  Fullness 
------------       ---------------  ---------------  -------- 
models                  18/1024          864/49152    ( 1.8%) 
brushes                418/8192         5016/98304    ( 5.1%) 
brushsides            2552/65536       20416/524288   ( 3.9%) 
planes                 802/65536       16040/1310720  ( 1.2%) 
vertexes              4968/65536       59616/786432   ( 7.6%) 
nodes                 2026/65536       64832/2097152  ( 3.1%) 
texinfos               267/12288       19224/884736   ( 2.2%) 
texdata                 16/2048          512/65536    ( 0.8%) 
dispinfos              206/0           36256/0        ( 0.0%) 
disp_verts           16686/0          333720/0        ( 0.0%) 
disp_tris            26368/0           52736/0        ( 0.0%) 
disp_lmsamples      233856/0          233856/0        ( 0.0%) 
faces                 3169/65536      177464/3670016  ( 4.8%) 
hdr faces                0/65536           0/3670016  ( 0.0%) 
origfaces             1508/65536       84448/3670016  ( 2.3%) 
leaves                2045/65536       65440/2097152  ( 3.1%) 
leaffaces             3428/65536        6856/131072   ( 5.2%) 
leafbrushes           1026/65536        2052/131072   ( 1.6%) 
areas                    2/256            16/2048     ( 0.8%) 
surfedges            20755/512000      83020/2048000  ( 4.1%) 
edges                11752/256000      47008/1024000  ( 4.6%) 
LDR worldlights         62/8192         5456/720896   ( 0.8%) 
HDR worldlights          0/8192            0/720896   ( 0.0%) 
leafwaterdata            0/32768           0/393216   ( 0.0%) 
waterstrips            233/32768        2330/327680   ( 0.7%) 
waterverts               0/65536           0/786432   ( 0.0%) 
waterindices          3429/65536        6858/131072   ( 5.2%) 
cubemapsamples           0/1024            0/16384    ( 0.0%) 
overlays                15/512          5280/180224   ( 2.9%) 
LDR lightdata         [variable]     2068712/0        ( 0.0%) 
HDR lightdata         [variable]           0/0        ( 0.0%) 
visdata               [variable]           0/16777216 ( 0.0%) 
entdata               [variable]       41028/393216   (10.4%) 
LDR ambient table     2045/65536        8180/262144   ( 3.1%) 
HDR ambient table     2045/65536        8180/262144   ( 3.1%) 
LDR leaf ambient     13102/65536      366856/1835008  (20.0%) 
HDR leaf ambient      2045/65536       57260/1835008  ( 3.1%) 
occluders                0/0               0/0        ( 0.0%) 
occluder polygons        0/0               0/0        ( 0.0%) 
occluder vert ind        0/0               0/0        ( 0.0%) 
detail props          [variable]           1/12       ( 8.3%) 
static props          [variable]           1/11536    ( 0.0%) 
pakfile               [variable]        1155/0        ( 0.0%) 
physics               [variable]      153698/4194304  ( 3.7%) 
physics terrain       [variable]       40670/1048576  ( 3.9%) 

Level flags = 0

Total triangle count: 8401
Writing d:\documents\mapping\tf2\tf2-maps\labor\a2\koth_labor_a2.bsp
31 seconds elapsed



materialPath: D:\Program Files (x86)\Steam\steamapps\common\Team Fortress 2\tf\materials
Loading d:\documents\mapping\tf2\tf2-maps\labor\a2\koth_labor_a2.vmf
ConVarRef mat_reduceparticles doesn't point to an existing ConVar
Patching WVT material: maps/koth_labor_a2/dev/dev_blendmeasure2_wvt_patch
Patching WVT material: maps/koth_labor_a2/dev/dev_blendmeasure_wvt_patch
Patching WVT material: maps/koth_labor_a2/winter/blendgraveltograss002_wvt_patch
fixing up env_cubemap materials on brush sides...
0...1...2...3...4...5...6...7...8...9...10**** leaked ****
Entity logic_auto (-2976.00 3072.00 144.00) leaked!

FindPortalSide: Couldn't find a good match for which brush to assign to a portal near (1400.0 4096.0 -432.0)
Leaf 0 contents: CONTENTS_SOLID 
Leaf 1 contents: 
viscontents (node 0 contents ^ node 1 contents): CONTENTS_SOLID 
This means that none of the brushes in leaf 0 or 1 that touches the portal has CONTENTS_SOLID 
Check for a huge brush enclosing the coordinates above that has contents CONTENTS_SOLID 
Candidate brush IDs: 


FindPortalSide: Couldn't find a good match for which brush to assign to a portal near (1912.0 4096.0 -432.0)
Leaf 0 contents: CONTENTS_SOLID 
Leaf 1 contents: 
viscontents (node 0 contents ^ node 1 contents): CONTENTS_SOLID 
This means that none of the brushes in leaf 0 or 1 that touches the portal has CONTENTS_SOLID 
Check for a huge brush enclosing the coordinates above that has contents CONTENTS_SOLID 
Candidate brush IDs: 


FindPortalSide: Couldn't find a good match for which brush to assign to a portal near (1160.0 4096.0 472.0)
Leaf 0 contents: CONTENTS_SOLID 
Leaf 1 contents: 
viscontents (node 0 contents ^ node 1 contents): CONTENTS_SOLID 
This means that none of the brushes in leaf 0 or 1 that touches the portal has CONTENTS_SOLID 
Check for a huge brush enclosing the coordinates above that has contents CONTENTS_SOLID 
Candidate brush IDs: 


FindPortalSide: Couldn't find a good match for which brush to assign to a portal near (1672.0 4096.0 472.0)
Leaf 0 contents: CONTENTS_SOLID 
Leaf 1 contents: 
viscontents (node 0 contents ^ node 1 contents): CONTENTS_SOLID 
This means that none of the brushes in leaf 0 or 1 that touches the portal has CONTENTS_SOLID 
Check for a huge brush enclosing the coordinates above that has contents CONTENTS_SOLID 
Candidate brush IDs: 


FindPortalSide: Couldn't find a good match for which brush to assign to a portal near (2048.0 4608.0 456.0)
Leaf 0 contents: 
Leaf 1 contents: CONTENTS_SOLID 
viscontents (node 0 contents ^ node 1 contents): CONTENTS_SOLID 
This means that none of the brushes in leaf 0 or 1 that touches the portal has CONTENTS_SOLID 
Check for a huge brush enclosing the coordinates above that has contents CONTENTS_SOLID 
Candidate brush IDs: 


FindPortalSide: Couldn't find a good match for which brush to assign to a portal near (1536.0 5120.0 456.0)
Leaf 0 contents: 
Leaf 1 contents: CONTENTS_SOLID 
viscontents (node 0 contents ^ node 1 contents): CONTENTS_SOLID 
This means that none of the brushes in leaf 0 or 1 that touches the portal has CONTENTS_SOLID 
Check for a huge brush enclosing the coordinates above that has contents CONTENTS_SOLID 
Candidate brush IDs: 


FindPortalSide: Couldn't find a good match for which brush to assign to a portal near (64.0 4096.0 456.0)
Leaf 0 contents: CONTENTS_SOLID 
Leaf 1 contents: 
viscontents (node 0 contents ^ node 1 contents): CONTENTS_SOLID 
This means that none of the brushes in leaf 0 or 1 that touches the portal has CONTENTS_SOLID 
Check for a huge brush enclosing the coordinates above that has contents CONTENTS_SOLID 
Candidate brush IDs: 


FindPortalSide: Couldn't find a good match for which brush to assign to a portal near (576.0 4096.0 -432.0)
Leaf 0 contents: CONTENTS_SOLID 
Leaf 1 contents: 
viscontents (node 0 contents ^ node 1 contents): CONTENTS_SOLID 
This means that none of the brushes in leaf 0 or 1 that touches the portal has CONTENTS_SOLID 
Check for a huge brush enclosing the coordinates above that has contents CONTENTS_SOLID 
Candidate brush IDs: 

*** Suppressing further FindPortalSide errors.... ***
Processing areas...done (0)
Building Faces...done (0)
Chop Details...done (0)
Find Visible Detail Sides...done (0)
Merging details...done (0)
FixTjuncs...
PruneNodes...
WriteBSP...
done (0)
*** Error: Skybox vtf files for skybox/sky_alpinestorm_01 weren't compiled with the same size texture and/or same flags!
Can't load skybox file skybox/sky_alpinestorm_01 to build the default cubemap!
*** Error: Skybox vtf files for skybox/sky_alpinestorm_01 weren't compiled with the same size texture and/or same flags!
Can't load skybox file skybox/sky_alpinestorm_01 to build the default cubemap!
Finding displacement neighbors...
Finding lightmap sample positions...
Displacement Alpha : 0...1...2...3...4...5...6...7...8...9...10
Building Physics collision data...
done (0) (154402 bytes)
Placing detail props : 0...1...2...3...4...5...6...7...8...9...10
Compacting texture/material tables...
Reduced 535 texinfos to 267
Reduced 20 texdatas to 16 (549 bytes to 430)
Writing d:\documents\mapping\tf2\tf2-maps\labor\a2\koth_labor_a2.bsp
MSG_FILEWRITE - Filesystem was asked to write to 'd:\documents\mapping\tf2\tf2-maps\labor\a2\koth_labor_a2.bsp', but we don't own that location. Allowing.
Wrote ZIP buffer, estimated size 1503, actual size 1155
1 second elapsed



4 threads
reading d:\documents\mapping\tf2\tf2-maps\labor\a2\koth_labor_a2.bsp
reading d:\documents\mapping\tf2\tf2-maps\labor\a2\koth_labor_a2.prt
LoadPortals: couldn't read d:\documents\mapping\tf2\tf2-maps\labor\a2\koth_labor_a2.prt



[Reading texlights from 'lights.rad']
[56 texlights parsed from 'lights.rad']

Loading d:\documents\mapping\tf2\tf2-maps\labor\a2\koth_labor_a2.bsp
No vis information, direct lighting only.
3235 faces
1662621 square feet [239417504.00 square inches]
206 Displacements
81318 Square Feet [11709875.00 Square Inches]
63 direct lights
0...1...2...3...4...5...6...7...8...9...10Build Patch/Sample Hash Table(s).....Done<0.0185 sec>
0...1...2...3...4...5...6...7...8...9...10FinalLightFace Done
0 of 0 (0% of) surface lights went in leaf ambient cubes.
0...1...2...3...4...5...6...7...8...9...10Writing leaf ambient...done
Ready to Finish

Object names       Objects/Maxobjs  Memory / Maxmem  Fullness 
------------       ---------------  ---------------  -------- 
models                  18/1024          864/49152    ( 1.8%) 
brushes                420/8192         5040/98304    ( 5.1%) 
brushsides            2564/65536       20512/524288   ( 3.9%) 
planes                 806/65536       16120/1310720  ( 1.2%) 
vertexes              5037/65536       60444/786432   ( 7.7%) 
nodes                 2080/65536       66560/2097152  ( 3.2%) 
texinfos               267/12288       19224/884736   ( 2.2%) 
texdata                 16/2048          512/65536    ( 0.8%) 
dispinfos              206/0           36256/0        ( 0.0%) 
disp_verts           16686/0          333720/0        ( 0.0%) 
disp_tris            26368/0           52736/0        ( 0.0%) 
disp_lmsamples      233856/0          233856/0        ( 0.0%) 
faces                 3235/65536      181160/3670016  ( 4.9%) 
hdr faces                0/65536           0/3670016  ( 0.0%) 
origfaces             1504/65536       84224/3670016  ( 2.3%) 
leaves                2099/65536       67168/2097152  ( 3.2%) 
leaffaces             3508/65536        7016/131072   ( 5.4%) 
leafbrushes           1060/65536        2120/131072   ( 1.6%) 
areas                    3/256            24/2048     ( 1.2%) 
surfedges            21025/512000      84100/2048000  ( 4.1%) 
edges                11900/256000      47600/1024000  ( 4.6%) 
LDR worldlights         62/8192         5456/720896   ( 0.8%) 
HDR worldlights          0/8192            0/720896   ( 0.0%) 
leafwaterdata            0/32768           0/393216   ( 0.0%) 
waterstrips            229/32768        2290/327680   ( 0.7%) 
waterverts               0/65536           0/786432   ( 0.0%) 
waterindices          3351/65536        6702/131072   ( 5.1%) 
cubemapsamples           0/1024            0/16384    ( 0.0%) 
overlays                15/512          5280/180224   ( 2.9%) 
LDR lightdata         [variable]     2068868/0        ( 0.0%) 
HDR lightdata         [variable]           0/0        ( 0.0%) 
visdata               [variable]           0/16777216 ( 0.0%) 
entdata               [variable]       41028/393216   (10.4%) 
LDR ambient table     2099/65536        8396/262144   ( 3.2%) 
HDR ambient table     2099/65536        8396/262144   ( 3.2%) 
LDR leaf ambient     13583/65536      380324/1835008  (20.7%) 
HDR leaf ambient      2099/65536       58772/1835008  ( 3.2%) 
occluders                0/0               0/0        ( 0.0%) 
occluder polygons        0/0               0/0        ( 0.0%) 
occluder vert ind        0/0               0/0        ( 0.0%) 
detail props          [variable]           1/12       ( 8.3%) 
static props          [variable]           1/11852    ( 0.0%) 
pakfile               [variable]        1155/0        ( 0.0%) 
physics               [variable]      154402/4194304  ( 3.7%) 
physics terrain       [variable]       40670/1048576  ( 3.9%) 

Level flags = 0

Total triangle count: 8553
Writing d:\documents\mapping\tf2\tf2-maps\labor\a2\koth_labor_a2.bsp
30 seconds elapsed



materialPath: D:\Program Files (x86)\Steam\steamapps\common\Team Fortress 2\tf\materials
Loading d:\documents\mapping\tf2\tf2-maps\labor\a2\koth_labor_a2.vmf
ConVarRef mat_reduceparticles doesn't point to an existing ConVar
Patching WVT material: maps/koth_labor_a2/dev/dev_blendmeasure2_wvt_patch
Patching WVT material: maps/koth_labor_a2/dev/dev_blendmeasure_wvt_patch
Patching WVT material: maps/koth_labor_a2/winter/blendgraveltograss002_wvt_patch
fixing up env_cubemap materials on brush sides...
0...1...2...3...4...5...6...7...8...9...10**** leaked ****
Entity logic_auto (-2976.00 3072.00 144.00) leaked!

FindPortalSide: Couldn't find a good match for which brush to assign to a portal near (1400.0 4096.0 -432.0)
Leaf 0 contents: CONTENTS_SOLID 
Leaf 1 contents: 
viscontents (node 0 contents ^ node 1 contents): CONTENTS_SOLID 
This means that none of the brushes in leaf 0 or 1 that touches the portal has CONTENTS_SOLID 
Check for a huge brush enclosing the coordinates above that has contents CONTENTS_SOLID 
Candidate brush IDs: 


FindPortalSide: Couldn't find a good match for which brush to assign to a portal near (1912.0 4096.0 -432.0)
Leaf 0 contents: CONTENTS_SOLID 
Leaf 1 contents: 
viscontents (node 0 contents ^ node 1 contents): CONTENTS_SOLID 
This means that none of the brushes in leaf 0 or 1 that touches the portal has CONTENTS_SOLID 
Check for a huge brush enclosing the coordinates above that has contents CONTENTS_SOLID 
Candidate brush IDs: 


FindPortalSide: Couldn't find a good match for which brush to assign to a portal near (1160.0 4096.0 472.0)
Leaf 0 contents: CONTENTS_SOLID 
Leaf 1 contents: 
viscontents (node 0 contents ^ node 1 contents): CONTENTS_SOLID 
This means that none of the brushes in leaf 0 or 1 that touches the portal has CONTENTS_SOLID 
Check for a huge brush enclosing the coordinates above that has contents CONTENTS_SOLID 
Candidate brush IDs: 


FindPortalSide: Couldn't find a good match for which brush to assign to a portal near (1672.0 4096.0 472.0)
Leaf 0 contents: CONTENTS_SOLID 
Leaf 1 contents: 
viscontents (node 0 contents ^ node 1 contents): CONTENTS_SOLID 
This means that none of the brushes in leaf 0 or 1 that touches the portal has CONTENTS_SOLID 
Check for a huge brush enclosing the coordinates above that has contents CONTENTS_SOLID 
Candidate brush IDs: 


FindPortalSide: Couldn't find a good match for which brush to assign to a portal near (2048.0 4608.0 456.0)
Leaf 0 contents: 
Leaf 1 contents: CONTENTS_SOLID 
viscontents (node 0 contents ^ node 1 contents): CONTENTS_SOLID 
This means that none of the brushes in leaf 0 or 1 that touches the portal has CONTENTS_SOLID 
Check for a huge brush enclosing the coordinates above that has contents CONTENTS_SOLID 
Candidate brush IDs: 


FindPortalSide: Couldn't find a good match for which brush to assign to a portal near (1536.0 5120.0 456.0)
Leaf 0 contents: 
Leaf 1 contents: CONTENTS_SOLID 
viscontents (node 0 contents ^ node 1 contents): CONTENTS_SOLID 
This means that none of the brushes in leaf 0 or 1 that touches the portal has CONTENTS_SOLID 
Check for a huge brush enclosing the coordinates above that has contents CONTENTS_SOLID 
Candidate brush IDs: 


FindPortalSide: Couldn't find a good match for which brush to assign to a portal near (64.0 4096.0 456.0)
Leaf 0 contents: CONTENTS_SOLID 
Leaf 1 contents: 
viscontents (node 0 contents ^ node 1 contents): CONTENTS_SOLID 
This means that none of the brushes in leaf 0 or 1 that touches the portal has CONTENTS_SOLID 
Check for a huge brush enclosing the coordinates above that has contents CONTENTS_SOLID 
Candidate brush IDs: 


FindPortalSide: Couldn't find a good match for which brush to assign to a portal near (576.0 4096.0 -432.0)
Leaf 0 contents: CONTENTS_SOLID 
Leaf 1 contents: 
viscontents (node 0 contents ^ node 1 contents): CONTENTS_SOLID 
This means that none of the brushes in leaf 0 or 1 that touches the portal has CONTENTS_SOLID 
Check for a huge brush enclosing the coordinates above that has contents CONTENTS_SOLID 
Candidate brush IDs: 

*** Suppressing further FindPortalSide errors.... ***
Processing areas...done (0)
Building Faces...done (0)
Chop Details...done (0)
Find Visible Detail Sides...done (0)
Merging details...done (0)
FixTjuncs...
PruneNodes...
WriteBSP...
done (0)
*** Error: Skybox vtf files for skybox/sky_alpinestorm_01 weren't compiled with the same size texture and/or same flags!
Can't load skybox file skybox/sky_alpinestorm_01 to build the default cubemap!
*** Error: Skybox vtf files for skybox/sky_alpinestorm_01 weren't compiled with the same size texture and/or same flags!
Can't load skybox file skybox/sky_alpinestorm_01 to build the default cubemap!
Finding displacement neighbors...
Finding lightmap sample positions...
Displacement Alpha : 0...1...2...3...4...5...6...7...8...9...10
Building Physics collision data...
done (0) (154762 bytes)
Placing detail props : 0...1...2...3...4...5...6...7...8...9...10
Compacting texture/material tables...
Reduced 539 texinfos to 268
Reduced 20 texdatas to 16 (549 bytes to 430)
Writing d:\documents\mapping\tf2\tf2-maps\labor\a2\koth_labor_a2.bsp
MSG_FILEWRITE - Filesystem was asked to write to 'd:\documents\mapping\tf2\tf2-maps\labor\a2\koth_labor_a2.bsp', but we don't own that location. Allowing.
Wrote ZIP buffer, estimated size 1503, actual size 1155
2 seconds elapsed



4 threads
reading d:\documents\mapping\tf2\tf2-maps\labor\a2\koth_labor_a2.bsp
reading d:\documents\mapping\tf2\tf2-maps\labor\a2\koth_labor_a2.prt
LoadPortals: couldn't read d:\documents\mapping\tf2\tf2-maps\labor\a2\koth_labor_a2.prt



[Reading texlights from 'lights.rad']
[56 texlights parsed from 'lights.rad']

Loading d:\documents\mapping\tf2\tf2-maps\labor\a2\koth_labor_a2.bsp
No vis information, direct lighting only.
3277 faces
1672441 square feet [240831616.00 square inches]
206 Displacements
81318 Square Feet [11709875.00 Square Inches]
63 direct lights
0...1...2...3...4...5...6...7...8...9...10Build Patch/Sample Hash Table(s).....Done<0.0192 sec>
0...1...2...3...4...5...6...7...8...9...10FinalLightFace Done
0 of 0 (0% of) surface lights went in leaf ambient cubes.
0...1...2...3...4...5...6...7...8...9...10Writing leaf ambient...done
Ready to Finish

Object names       Objects/Maxobjs  Memory / Maxmem  Fullness 
------------       ---------------  ---------------  -------- 
models                  18/1024          864/49152    ( 1.8%) 
brushes                421/8192         5052/98304    ( 5.1%) 
brushsides            2570/65536       20560/524288   ( 3.9%) 
planes                 806/65536       16120/1310720  ( 1.2%) 
vertexes              5081/65536       60972/786432   ( 7.8%) 
nodes                 2092/65536       66944/2097152  ( 3.2%) 
texinfos               268/12288       19296/884736   ( 2.2%) 
texdata                 16/2048          512/65536    ( 0.8%) 
dispinfos              206/0           36256/0        ( 0.0%) 
disp_verts           16686/0          333720/0        ( 0.0%) 
disp_tris            26368/0           52736/0        ( 0.0%) 
disp_lmsamples      233856/0          233856/0        ( 0.0%) 
faces                 3277/65536      183512/3670016  ( 5.0%) 
hdr faces                0/65536           0/3670016  ( 0.0%) 
origfaces             1502/65536       84112/3670016  ( 2.3%) 
leaves                2111/65536       67552/2097152  ( 3.2%) 
leaffaces             3565/65536        7130/131072   ( 5.4%) 
leafbrushes           1086/65536        2172/131072   ( 1.7%) 
areas                    3/256            24/2048     ( 1.2%) 
surfedges            21193/512000      84772/2048000  ( 4.1%) 
edges                11987/256000      47948/1024000  ( 4.7%) 
LDR worldlights         62/8192         5456/720896   ( 0.8%) 
HDR worldlights          0/8192            0/720896   ( 0.0%) 
leafwaterdata            0/32768           0/393216   ( 0.0%) 
waterstrips            229/32768        2290/327680   ( 0.7%) 
waterverts               0/65536           0/786432   ( 0.0%) 
waterindices          3351/65536        6702/131072   ( 5.1%) 
cubemapsamples           0/1024            0/16384    ( 0.0%) 
overlays                15/512          5280/180224   ( 2.9%) 
LDR lightdata         [variable]     2096564/0        ( 0.0%) 
HDR lightdata         [variable]           0/0        ( 0.0%) 
visdata               [variable]           0/16777216 ( 0.0%) 
entdata               [variable]       41795/393216   (10.6%) 
LDR ambient table     2111/65536        8444/262144   ( 3.2%) 
HDR ambient table     2111/65536        8444/262144   ( 3.2%) 
LDR leaf ambient     13693/65536      383404/1835008  (20.9%) 
HDR leaf ambient      2111/65536       59108/1835008  ( 3.2%) 
occluders                0/0               0/0        ( 0.0%) 
occluder polygons        0/0               0/0        ( 0.0%) 
occluder vert ind        0/0               0/0        ( 0.0%) 
detail props          [variable]           1/12       ( 8.3%) 
static props          [variable]           1/11942    ( 0.0%) 
pakfile               [variable]        1155/0        ( 0.0%) 
physics               [variable]      154762/4194304  ( 3.7%) 
physics terrain       [variable]       40670/1048576  ( 3.9%) 

Level flags = 0

Total triangle count: 8645
Writing d:\documents\mapping\tf2\tf2-maps\labor\a2\koth_labor_a2.bsp
32 seconds elapsed



materialPath: D:\Program Files (x86)\Steam\steamapps\common\Team Fortress 2\tf\materials
Loading d:\documents\mapping\tf2\tf2-maps\labor\a2\koth_labor_a2.vmf
ConVarRef mat_reduceparticles doesn't point to an existing ConVar
Patching WVT material: maps/koth_labor_a2/dev/dev_blendmeasure2_wvt_patch
Patching WVT material: maps/koth_labor_a2/dev/dev_blendmeasure_wvt_patch
Patching WVT material: maps/koth_labor_a2/winter/blendgraveltograss002_wvt_patch
fixing up env_cubemap materials on brush sides...
0...1...2...3...4...5...6...7...8...9...10**** leaked ****
Entity logic_auto (-2976.00 3072.00 144.00) leaked!
Processing areas...done (0)
Building Faces...done (0)
Chop Details...done (0)
Find Visible Detail Sides...done (0)
Merging details...done (0)
FixTjuncs...
PruneNodes...
WriteBSP...
done (0)
*** Error: Skybox vtf files for skybox/sky_alpinestorm_01 weren't compiled with the same size texture and/or same flags!
Can't load skybox file skybox/sky_alpinestorm_01 to build the default cubemap!
*** Error: Skybox vtf files for skybox/sky_alpinestorm_01 weren't compiled with the same size texture and/or same flags!
Can't load skybox file skybox/sky_alpinestorm_01 to build the default cubemap!
Finding displacement neighbors...
Finding lightmap sample positions...
Displacement Alpha : 0...1...2...3...4...5...6...7...8...9...10
Building Physics collision data...
done (0) (157506 bytes)
Placing detail props : 0...1...2...3...4...5...6...7...8...9...10
Compacting texture/material tables...
Reduced 561 texinfos to 275
Reduced 21 texdatas to 17 (565 bytes to 446)
Writing d:\documents\mapping\tf2\tf2-maps\labor\a2\koth_labor_a2.bsp
MSG_FILEWRITE - Filesystem was asked to write to 'd:\documents\mapping\tf2\tf2-maps\labor\a2\koth_labor_a2.bsp', but we don't own that location. Allowing.
Wrote ZIP buffer, estimated size 1503, actual size 1155
1 second elapsed



4 threads
reading d:\documents\mapping\tf2\tf2-maps\labor\a2\koth_labor_a2.bsp
reading d:\documents\mapping\tf2\tf2-maps\labor\a2\koth_labor_a2.prt
LoadPortals: couldn't read d:\documents\mapping\tf2\tf2-maps\labor\a2\koth_labor_a2.prt



[Reading texlights from 'lights.rad']
[56 texlights parsed from 'lights.rad']

Loading d:\documents\mapping\tf2\tf2-maps\labor\a2\koth_labor_a2.bsp
No vis information, direct lighting only.
3323 faces
1678245 square feet [241667296.00 square inches]
206 Displacements
81318 Square Feet [11709875.00 Square Inches]
63 direct lights
0...1...2...3...4...5...6...7...8...9...10Build Patch/Sample Hash Table(s).....Done<0.0192 sec>
0...1...2...3...4...5...6...7...8...9...10FinalLightFace Done
0 of 0 (0% of) surface lights went in leaf ambient cubes.
0...1...2...3...4...5...6...7...8...9...10Writing leaf ambient...done
Ready to Finish

Object names       Objects/Maxobjs  Memory / Maxmem  Fullness 
------------       ---------------  ---------------  -------- 
models                  18/1024          864/49152    ( 1.8%) 
brushes                430/8192         5160/98304    ( 5.2%) 
brushsides            2624/65536       20992/524288   ( 4.0%) 
planes                 828/65536       16560/1310720  ( 1.3%) 
vertexes              5144/65536       61728/786432   ( 7.8%) 
nodes                 2096/65536       67072/2097152  ( 3.2%) 
texinfos               275/12288       19800/884736   ( 2.2%) 
texdata                 17/2048          544/65536    ( 0.8%) 
dispinfos              206/0           36256/0        ( 0.0%) 
disp_verts           16686/0          333720/0        ( 0.0%) 
disp_tris            26368/0           52736/0        ( 0.0%) 
disp_lmsamples      233856/0          233856/0        ( 0.0%) 
faces                 3323/65536      186088/3670016  ( 5.1%) 
hdr faces                0/65536           0/3670016  ( 0.0%) 
origfaces             1511/65536       84616/3670016  ( 2.3%) 
leaves                2115/65536       67680/2097152  ( 3.2%) 
leaffaces             3618/65536        7236/131072   ( 5.5%) 
leafbrushes           1319/65536        2638/131072   ( 2.0%) 
areas                    3/256            24/2048     ( 1.2%) 
surfedges            21436/512000      85744/2048000  ( 4.2%) 
edges                12105/256000      48420/1024000  ( 4.7%) 
LDR worldlights         62/8192         5456/720896   ( 0.8%) 
HDR worldlights          0/8192            0/720896   ( 0.0%) 
leafwaterdata            0/32768           0/393216   ( 0.0%) 
waterstrips            238/32768        2380/327680   ( 0.7%) 
waterverts               0/65536           0/786432   ( 0.0%) 
waterindices          3465/65536        6930/131072   ( 5.3%) 
cubemapsamples           0/1024            0/16384    ( 0.0%) 
overlays                15/512          5280/180224   ( 2.9%) 
LDR lightdata         [variable]     2117784/0        ( 0.0%) 
HDR lightdata         [variable]           0/0        ( 0.0%) 
visdata               [variable]           0/16777216 ( 0.0%) 
entdata               [variable]       44144/393216   (11.2%) 
LDR ambient table     2115/65536        8460/262144   ( 3.2%) 
HDR ambient table     2115/65536        8460/262144   ( 3.2%) 
LDR leaf ambient     13974/65536      391272/1835008  (21.3%) 
HDR leaf ambient      2115/65536       59220/1835008  ( 3.2%) 
occluders                0/0               0/0        ( 0.0%) 
occluder polygons        0/0               0/0        ( 0.0%) 
occluder vert ind        0/0               0/0        ( 0.0%) 
detail props          [variable]           1/12       ( 8.3%) 
static props          [variable]           1/12504    ( 0.0%) 
pakfile               [variable]        1155/0        ( 0.0%) 
physics               [variable]      157506/4194304  ( 3.8%) 
physics terrain       [variable]       40670/1048576  ( 3.9%) 

Level flags = 0

Total triangle count: 8760
Writing d:\documents\mapping\tf2\tf2-maps\labor\a2\koth_labor_a2.bsp
31 seconds elapsed



materialPath: D:\Program Files (x86)\Steam\steamapps\common\Team Fortress 2\tf\materials
Loading d:\documents\mapping\tf2\tf2-maps\labor\a2\koth_labor_a2.vmf
ConVarRef mat_reduceparticles doesn't point to an existing ConVar
Patching WVT material: maps/koth_labor_a2/dev/dev_blendmeasure2_wvt_patch
Patching WVT material: maps/koth_labor_a2/dev/dev_blendmeasure_wvt_patch
Patching WVT material: maps/koth_labor_a2/winter/blendgraveltograss002_wvt_patch
fixing up env_cubemap materials on brush sides...
0...1...2...3...4...5...6...7...8...9...10**** leaked ****
Entity logic_auto (-2976.00 3072.00 144.00) leaked!
Processing areas...done (0)
Building Faces...done (0)
Chop Details...done (0)
Find Visible Detail Sides...done (0)
Merging details...done (0)
FixTjuncs...
PruneNodes...
WriteBSP...
done (0)
*** Error: Skybox vtf files for skybox/sky_alpinestorm_01 weren't compiled with the same size texture and/or same flags!
Can't load skybox file skybox/sky_alpinestorm_01 to build the default cubemap!
*** Error: Skybox vtf files for skybox/sky_alpinestorm_01 weren't compiled with the same size texture and/or same flags!
Can't load skybox file skybox/sky_alpinestorm_01 to build the default cubemap!
Finding displacement neighbors...
Finding lightmap sample positions...
Displacement Alpha : 0...1...2...3...4...5...6...7...8...9...10
Building Physics collision data...
done (0) (157506 bytes)
Placing detail props : 0...1...2...3...4...5...6...7...8...9...10
Compacting texture/material tables...
Reduced 561 texinfos to 275
Reduced 21 texdatas to 17 (565 bytes to 446)
Writing d:\documents\mapping\tf2\tf2-maps\labor\a2\koth_labor_a2.bsp
MSG_FILEWRITE - Filesystem was asked to write to 'd:\documents\mapping\tf2\tf2-maps\labor\a2\koth_labor_a2.bsp', but we don't own that location. Allowing.
Wrote ZIP buffer, estimated size 1503, actual size 1155
1 second elapsed



4 threads
reading d:\documents\mapping\tf2\tf2-maps\labor\a2\koth_labor_a2.bsp
reading d:\documents\mapping\tf2\tf2-maps\labor\a2\koth_labor_a2.prt
LoadPortals: couldn't read d:\documents\mapping\tf2\tf2-maps\labor\a2\koth_labor_a2.prt



[Reading texlights from 'lights.rad']
[56 texlights parsed from 'lights.rad']

Loading d:\documents\mapping\tf2\tf2-maps\labor\a2\koth_labor_a2.bsp
No vis information, direct lighting only.
3323 faces
1678245 square feet [241667296.00 square inches]
206 Displacements
81318 Square Feet [11709875.00 Square Inches]
63 direct lights
0...1...2...3...4...5...6...7...8...9...10Build Patch/Sample Hash Table(s).....Done<0.0188 sec>
0...1...2...3...4...5...6...7...8...9...10FinalLightFace Done
0 of 0 (0% of) surface lights went in leaf ambient cubes.
0...1...2...3...4...5...6...7...8...9...10Writing leaf ambient...done
Ready to Finish

Object names       Objects/Maxobjs  Memory / Maxmem  Fullness 
------------       ---------------  ---------------  -------- 
models                  18/1024          864/49152    ( 1.8%) 
brushes                430/8192         5160/98304    ( 5.2%) 
brushsides            2624/65536       20992/524288   ( 4.0%) 
planes                 828/65536       16560/1310720  ( 1.3%) 
vertexes              5144/65536       61728/786432   ( 7.8%) 
nodes                 2096/65536       67072/2097152  ( 3.2%) 
texinfos               275/12288       19800/884736   ( 2.2%) 
texdata                 17/2048          544/65536    ( 0.8%) 
dispinfos              206/0           36256/0        ( 0.0%) 
disp_verts           16686/0          333720/0        ( 0.0%) 
disp_tris            26368/0           52736/0        ( 0.0%) 
disp_lmsamples      233856/0          233856/0        ( 0.0%) 
faces                 3323/65536      186088/3670016  ( 5.1%) 
hdr faces                0/65536           0/3670016  ( 0.0%) 
origfaces             1511/65536       84616/3670016  ( 2.3%) 
leaves                2115/65536       67680/2097152  ( 3.2%) 
leaffaces             3618/65536        7236/131072   ( 5.5%) 
leafbrushes           1319/65536        2638/131072   ( 2.0%) 
areas                    3/256            24/2048     ( 1.2%) 
surfedges            21436/512000      85744/2048000  ( 4.2%) 
edges                12105/256000      48420/1024000  ( 4.7%) 
LDR worldlights         62/8192         5456/720896   ( 0.8%) 
HDR worldlights          0/8192            0/720896   ( 0.0%) 
leafwaterdata            0/32768           0/393216   ( 0.0%) 
waterstrips            238/32768        2380/327680   ( 0.7%) 
waterverts               0/65536           0/786432   ( 0.0%) 
waterindices          3465/65536        6930/131072   ( 5.3%) 
cubemapsamples           0/1024            0/16384    ( 0.0%) 
overlays                15/512          5280/180224   ( 2.9%) 
LDR lightdata         [variable]     2117784/0        ( 0.0%) 
HDR lightdata         [variable]           0/0        ( 0.0%) 
visdata               [variable]           0/16777216 ( 0.0%) 
entdata               [variable]       44144/393216   (11.2%) 
LDR ambient table     2115/65536        8460/262144   ( 3.2%) 
HDR ambient table     2115/65536        8460/262144   ( 3.2%) 
LDR leaf ambient     13974/65536      391272/1835008  (21.3%) 
HDR leaf ambient      2115/65536       59220/1835008  ( 3.2%) 
occluders                0/0               0/0        ( 0.0%) 
occluder polygons        0/0               0/0        ( 0.0%) 
occluder vert ind        0/0               0/0        ( 0.0%) 
detail props          [variable]           1/12       ( 8.3%) 
static props          [variable]           1/12504    ( 0.0%) 
pakfile               [variable]        1155/0        ( 0.0%) 
physics               [variable]      157506/4194304  ( 3.8%) 
physics terrain       [variable]       40670/1048576  ( 3.9%) 

Level flags = 0

Total triangle count: 8760
Writing d:\documents\mapping\tf2\tf2-maps\labor\a2\koth_labor_a2.bsp
30 seconds elapsed



materialPath: D:\Program Files (x86)\Steam\steamapps\common\Team Fortress 2\tf\materials
Loading d:\documents\mapping\tf2\tf2-maps\labor\a2\koth_labor_a2.vmf
ConVarRef mat_reduceparticles doesn't point to an existing ConVar
Patching WVT material: maps/koth_labor_a2/dev/dev_blendmeasure2_wvt_patch
Patching WVT material: maps/koth_labor_a2/dev/dev_blendmeasure_wvt_patch
Patching WVT material: maps/koth_labor_a2/winter/blendgraveltograss002_wvt_patch
fixing up env_cubemap materials on brush sides...
0...1...2...3...4...5...6...7...8...9...10**** leaked ****
Entity light_environment (-2944.00 -3072.00 144.00) leaked!
Processing areas...done (0)
Building Faces...done (0)
Chop Details...done (0)
Find Visible Detail Sides...done (0)
Merging details...done (0)
FixTjuncs...
PruneNodes...
WriteBSP...
done (0)
*** Error: Skybox vtf files for skybox/sky_alpinestorm_01 weren't compiled with the same size texture and/or same flags!
Can't load skybox file skybox/sky_alpinestorm_01 to build the default cubemap!
*** Error: Skybox vtf files for skybox/sky_alpinestorm_01 weren't compiled with the same size texture and/or same flags!
Can't load skybox file skybox/sky_alpinestorm_01 to build the default cubemap!
Finding displacement neighbors...
Finding lightmap sample positions...
Displacement Alpha : 0...1...2...3...4...5...6...7...8...9...10
Building Physics collision data...
done (0) (158290 bytes)
Placing detail props : 0...1...2...3...4...5...6...7...8...9...10
Compacting texture/material tables...
Reduced 558 texinfos to 275
Reduced 21 texdatas to 17 (565 bytes to 446)
Writing d:\documents\mapping\tf2\tf2-maps\labor\a2\koth_labor_a2.bsp
MSG_FILEWRITE - Filesystem was asked to write to 'd:\documents\mapping\tf2\tf2-maps\labor\a2\koth_labor_a2.bsp', but we don't own that location. Allowing.
Wrote ZIP buffer, estimated size 1503, actual size 1155
1 second elapsed



4 threads
reading d:\documents\mapping\tf2\tf2-maps\labor\a2\koth_labor_a2.bsp
reading d:\documents\mapping\tf2\tf2-maps\labor\a2\koth_labor_a2.prt
LoadPortals: couldn't read d:\documents\mapping\tf2\tf2-maps\labor\a2\koth_labor_a2.prt



[Reading texlights from 'lights.rad']
[56 texlights parsed from 'lights.rad']

Loading d:\documents\mapping\tf2\tf2-maps\labor\a2\koth_labor_a2.bsp
No vis information, direct lighting only.
3309 faces
1678244 square feet [241667232.00 square inches]
206 Displacements
81318 Square Feet [11709875.00 Square Inches]
62 direct lights
0...1...2...3...4...5...6...7...8...9...10Build Patch/Sample Hash Table(s).....Done<0.0210 sec>
0...1...2...3...4...5...6...7...8...9...10FinalLightFace Done
0 of 0 (0% of) surface lights went in leaf ambient cubes.
0...1...2...3...4...5...6...7...8...9...10Writing leaf ambient...done
Ready to Finish

Object names       Objects/Maxobjs  Memory / Maxmem  Fullness 
------------       ---------------  ---------------  -------- 
models                  18/1024          864/49152    ( 1.8%) 
brushes                431/8192         5172/98304    ( 5.3%) 
brushsides            2630/65536       21040/524288   ( 4.0%) 
planes                 830/65536       16600/1310720  ( 1.3%) 
vertexes              5119/65536       61428/786432   ( 7.8%) 
nodes                 2086/65536       66752/2097152  ( 3.2%) 
texinfos               275/12288       19800/884736   ( 2.2%) 
texdata                 17/2048          544/65536    ( 0.8%) 
dispinfos              206/0           36256/0        ( 0.0%) 
disp_verts           16686/0          333720/0        ( 0.0%) 
disp_tris            26368/0           52736/0        ( 0.0%) 
disp_lmsamples      233856/0          233856/0        ( 0.0%) 
faces                 3309/65536      185304/3670016  ( 5.0%) 
hdr faces                0/65536           0/3670016  ( 0.0%) 
origfaces             1513/65536       84728/3670016  ( 2.3%) 
leaves                2105/65536       67360/2097152  ( 3.2%) 
leaffaces             3601/65536        7202/131072   ( 5.5%) 
leafbrushes           1231/65536        2462/131072   ( 1.9%) 
areas                    3/256            24/2048     ( 1.2%) 
surfedges            21373/512000      85492/2048000  ( 4.2%) 
edges                12077/256000      48308/1024000  ( 4.7%) 
LDR worldlights         62/8192         5456/720896   ( 0.8%) 
HDR worldlights          0/8192            0/720896   ( 0.0%) 
leafwaterdata            0/32768           0/393216   ( 0.0%) 
waterstrips            226/32768        2260/327680   ( 0.7%) 
waterverts               0/65536           0/786432   ( 0.0%) 
waterindices          3297/65536        6594/131072   ( 5.0%) 
cubemapsamples           0/1024            0/16384    ( 0.0%) 
overlays                15/512          5280/180224   ( 2.9%) 
LDR lightdata         [variable]     2116712/0        ( 0.0%) 
HDR lightdata         [variable]           0/0        ( 0.0%) 
visdata               [variable]           0/16777216 ( 0.0%) 
entdata               [variable]       44032/393216   (11.2%) 
LDR ambient table     2105/65536        8420/262144   ( 3.2%) 
HDR ambient table     2105/65536        8420/262144   ( 3.2%) 
LDR leaf ambient     13830/65536      387240/1835008  (21.1%) 
HDR leaf ambient      2105/65536       58940/1835008  ( 3.2%) 
occluders                0/0               0/0        ( 0.0%) 
occluder polygons        0/0               0/0        ( 0.0%) 
occluder vert ind        0/0               0/0        ( 0.0%) 
detail props          [variable]           1/12       ( 8.3%) 
static props          [variable]           1/12742    ( 0.0%) 
pakfile               [variable]        1155/0        ( 0.0%) 
physics               [variable]      158290/4194304  ( 3.8%) 
physics terrain       [variable]       40670/1048576  ( 3.9%) 

Level flags = 0

Total triangle count: 8717
Writing d:\documents\mapping\tf2\tf2-maps\labor\a2\koth_labor_a2.bsp
30 seconds elapsed



materialPath: D:\Program Files (x86)\Steam\steamapps\common\Team Fortress 2\tf\materials
Loading d:\documents\mapping\tf2\tf2-maps\labor\a2\koth_labor_a2.vmf
ConVarRef mat_reduceparticles doesn't point to an existing ConVar
Patching WVT material: maps/koth_labor_a2/dev/dev_blendmeasure2_wvt_patch
Patching WVT material: maps/koth_labor_a2/dev/dev_blendmeasure_wvt_patch
Patching WVT material: maps/koth_labor_a2/winter/blendgraveltograss002_wvt_patch
fixing up env_cubemap materials on brush sides...
0...1...2...3...4...5...6...7...8...9...10**** leaked ****
Entity light_environment (-2944.00 -3072.00 144.00) leaked!
Processing areas...done (0)
Building Faces...done (0)
Chop Details...done (0)
Find Visible Detail Sides...done (0)
Merging details...done (0)
FixTjuncs...
PruneNodes...
WriteBSP...
done (0)
*** Error: Skybox vtf files for skybox/sky_alpinestorm_01 weren't compiled with the same size texture and/or same flags!
Can't load skybox file skybox/sky_alpinestorm_01 to build the default cubemap!
*** Error: Skybox vtf files for skybox/sky_alpinestorm_01 weren't compiled with the same size texture and/or same flags!
Can't load skybox file skybox/sky_alpinestorm_01 to build the default cubemap!
Finding displacement neighbors...
Finding lightmap sample positions...
Displacement Alpha : 0...1...2...3...4...5...6...7...8...9...10
Building Physics collision data...
done (0) (159802 bytes)
Placing detail props : 0...1...2...3...4...5...6...7...8...9...10
Compacting texture/material tables...
Reduced 568 texinfos to 276
Reduced 22 texdatas to 18 (589 bytes to 470)
Writing d:\documents\mapping\tf2\tf2-maps\labor\a2\koth_labor_a2.bsp
MSG_FILEWRITE - Filesystem was asked to write to 'd:\documents\mapping\tf2\tf2-maps\labor\a2\koth_labor_a2.bsp', but we don't own that location. Allowing.
Wrote ZIP buffer, estimated size 1503, actual size 1155
1 second elapsed



4 threads
reading d:\documents\mapping\tf2\tf2-maps\labor\a2\koth_labor_a2.bsp
reading d:\documents\mapping\tf2\tf2-maps\labor\a2\koth_labor_a2.prt
LoadPortals: couldn't read d:\documents\mapping\tf2\tf2-maps\labor\a2\koth_labor_a2.prt



[Reading texlights from 'lights.rad']
[56 texlights parsed from 'lights.rad']

Loading d:\documents\mapping\tf2\tf2-maps\labor\a2\koth_labor_a2.bsp
No vis information, direct lighting only.
3309 faces
1678244 square feet [241667232.00 square inches]
206 Displacements
81318 Square Feet [11709875.00 Square Inches]
62 direct lights
0...1...2...3...4...5...6...7...8...9...10Build Patch/Sample Hash Table(s).....Done<0.0188 sec>
0...1...2...3...4...5...6...7...8...9...10FinalLightFace Done
0 of 0 (0% of) surface lights went in leaf ambient cubes.
0...1...2...3...4...5...6...7...8...9...10Writing leaf ambient...done
Ready to Finish

Object names       Objects/Maxobjs  Memory / Maxmem  Fullness 
------------       ---------------  ---------------  -------- 
models                  18/1024          864/49152    ( 1.8%) 
brushes                434/8192         5208/98304    ( 5.3%) 
brushsides            2689/65536       21512/524288   ( 4.1%) 
planes                 938/65536       18760/1310720  ( 1.4%) 
vertexes              5159/65536       61908/786432   ( 7.9%) 
nodes                 2086/65536       66752/2097152  ( 3.2%) 
texinfos               276/12288       19872/884736   ( 2.2%) 
texdata                 18/2048          576/65536    ( 0.9%) 
dispinfos              206/0           36256/0        ( 0.0%) 
disp_verts           16686/0          333720/0        ( 0.0%) 
disp_tris            26368/0           52736/0        ( 0.0%) 
disp_lmsamples      233856/0          233856/0        ( 0.0%) 
faces                 3309/65536      185304/3670016  ( 5.0%) 
hdr faces                0/65536           0/3670016  ( 0.0%) 
origfaces             1513/65536       84728/3670016  ( 2.3%) 
leaves                2105/65536       67360/2097152  ( 3.2%) 
leaffaces             3601/65536        7202/131072   ( 5.5%) 
leafbrushes           1227/65536        2454/131072   ( 1.9%) 
areas                    3/256            24/2048     ( 1.2%) 
surfedges            21373/512000      85492/2048000  ( 4.2%) 
edges                12077/256000      48308/1024000  ( 4.7%) 
LDR worldlights         62/8192         5456/720896   ( 0.8%) 
HDR worldlights          0/8192            0/720896   ( 0.0%) 
leafwaterdata            0/32768           0/393216   ( 0.0%) 
waterstrips            226/32768        2260/327680   ( 0.7%) 
waterverts               0/65536           0/786432   ( 0.0%) 
waterindices          3297/65536        6594/131072   ( 5.0%) 
cubemapsamples           0/1024            0/16384    ( 0.0%) 
overlays                15/512          5280/180224   ( 2.9%) 
LDR lightdata         [variable]     2116712/0        ( 0.0%) 
HDR lightdata         [variable]           0/0        ( 0.0%) 
visdata               [variable]           0/16777216 ( 0.0%) 
entdata               [variable]       44032/393216   (11.2%) 
LDR ambient table     2105/65536        8420/262144   ( 3.2%) 
HDR ambient table     2105/65536        8420/262144   ( 3.2%) 
LDR leaf ambient     13831/65536      387268/1835008  (21.1%) 
HDR leaf ambient      2105/65536       58940/1835008  ( 3.2%) 
occluders                0/0               0/0        ( 0.0%) 
occluder polygons        0/0               0/0        ( 0.0%) 
occluder vert ind        0/0               0/0        ( 0.0%) 
detail props          [variable]           1/12       ( 8.3%) 
static props          [variable]           1/12870    ( 0.0%) 
pakfile               [variable]        1155/0        ( 0.0%) 
physics               [variable]      159802/4194304  ( 3.8%) 
physics terrain       [variable]       40670/1048576  ( 3.9%) 

Level flags = 0

Total triangle count: 8717
Writing d:\documents\mapping\tf2\tf2-maps\labor\a2\koth_labor_a2.bsp
29 seconds elapsed



materialPath: D:\Program Files (x86)\Steam\steamapps\common\Team Fortress 2\tf\materials
Loading d:\documents\mapping\tf2\tf2-maps\labor\a2\koth_labor_a2.vmf
ConVarRef mat_reduceparticles doesn't point to an existing ConVar
Patching WVT material: maps/koth_labor_a2/dev/dev_blendmeasure2_wvt_patch
Patching WVT material: maps/koth_labor_a2/dev/dev_blendmeasure_wvt_patch
Patching WVT material: maps/koth_labor_a2/winter/blendgraveltograss002_wvt_patch
fixing up env_cubemap materials on brush sides...
0...1...2...3...4...5...6...7...8...9...10**** leaked ****
Entity light_environment (-2944.00 -3072.00 144.00) leaked!
Processing areas...done (0)
Building Faces...done (0)
Chop Details...done (0)
Find Visible Detail Sides...done (0)
Merging details...done (0)
FixTjuncs...
PruneNodes...
WriteBSP...
done (0)
*** Error: Skybox vtf files for skybox/sky_alpinestorm_01 weren't compiled with the same size texture and/or same flags!
Can't load skybox file skybox/sky_alpinestorm_01 to build the default cubemap!
*** Error: Skybox vtf files for skybox/sky_alpinestorm_01 weren't compiled with the same size texture and/or same flags!
Can't load skybox file skybox/sky_alpinestorm_01 to build the default cubemap!
Finding displacement neighbors...
Finding lightmap sample positions...
Displacement Alpha : 0...1...2...3...4...5...6...7...8...9...10
Building Physics collision data...
done (0) (159410 bytes)
Placing detail props : 0...1...2...3...4...5...6...7...8...9...10
Compacting texture/material tables...
Reduced 568 texinfos to 276
Reduced 22 texdatas to 18 (589 bytes to 470)
Writing d:\documents\mapping\tf2\tf2-maps\labor\a2\koth_labor_a2.bsp
MSG_FILEWRITE - Filesystem was asked to write to 'd:\documents\mapping\tf2\tf2-maps\labor\a2\koth_labor_a2.bsp', but we don't own that location. Allowing.
Wrote ZIP buffer, estimated size 1503, actual size 1155
1 second elapsed



4 threads
reading d:\documents\mapping\tf2\tf2-maps\labor\a2\koth_labor_a2.bsp
reading d:\documents\mapping\tf2\tf2-maps\labor\a2\koth_labor_a2.prt
LoadPortals: couldn't read d:\documents\mapping\tf2\tf2-maps\labor\a2\koth_labor_a2.prt



[Reading texlights from 'lights.rad']
[56 texlights parsed from 'lights.rad']

Loading d:\documents\mapping\tf2\tf2-maps\labor\a2\koth_labor_a2.bsp
No vis information, direct lighting only.
3309 faces
1678244 square feet [241667232.00 square inches]
206 Displacements
81318 Square Feet [11709875.00 Square Inches]
62 direct lights
0...1...2...3...4...5...6...7...8...9...10Build Patch/Sample Hash Table(s).....Done<0.0193 sec>
0...1...2...3...4...5...6...7...8...9...10FinalLightFace Done
0 of 0 (0% of) surface lights went in leaf ambient cubes.
0...1...2...3...4...5...6...7...8...9...10Writing leaf ambient...done
Ready to Finish

Object names       Objects/Maxobjs  Memory / Maxmem  Fullness 
------------       ---------------  ---------------  -------- 
models                  18/1024          864/49152    ( 1.8%) 
brushes                433/8192         5196/98304    ( 5.3%) 
brushsides            2683/65536       21464/524288   ( 4.1%) 
planes                 936/65536       18720/1310720  ( 1.4%) 
vertexes              5159/65536       61908/786432   ( 7.9%) 
nodes                 2086/65536       66752/2097152  ( 3.2%) 
texinfos               276/12288       19872/884736   ( 2.2%) 
texdata                 18/2048          576/65536    ( 0.9%) 
dispinfos              206/0           36256/0        ( 0.0%) 
disp_verts           16686/0          333720/0        ( 0.0%) 
disp_tris            26368/0           52736/0        ( 0.0%) 
disp_lmsamples      233856/0          233856/0        ( 0.0%) 
faces                 3309/65536      185304/3670016  ( 5.0%) 
hdr faces                0/65536           0/3670016  ( 0.0%) 
origfaces             1513/65536       84728/3670016  ( 2.3%) 
leaves                2105/65536       67360/2097152  ( 3.2%) 
leaffaces             3601/65536        7202/131072   ( 5.5%) 
leafbrushes           1219/65536        2438/131072   ( 1.9%) 
areas                    3/256            24/2048     ( 1.2%) 
surfedges            21373/512000      85492/2048000  ( 4.2%) 
edges                12077/256000      48308/1024000  ( 4.7%) 
LDR worldlights         62/8192         5456/720896   ( 0.8%) 
HDR worldlights          0/8192            0/720896   ( 0.0%) 
leafwaterdata            0/32768           0/393216   ( 0.0%) 
waterstrips            226/32768        2260/327680   ( 0.7%) 
waterverts               0/65536           0/786432   ( 0.0%) 
waterindices          3297/65536        6594/131072   ( 5.0%) 
cubemapsamples           0/1024            0/16384    ( 0.0%) 
overlays                15/512          5280/180224   ( 2.9%) 
LDR lightdata         [variable]     2116712/0        ( 0.0%) 
HDR lightdata         [variable]           0/0        ( 0.0%) 
visdata               [variable]           0/16777216 ( 0.0%) 
entdata               [variable]       44032/393216   (11.2%) 
LDR ambient table     2105/65536        8420/262144   ( 3.2%) 
HDR ambient table     2105/65536        8420/262144   ( 3.2%) 
LDR leaf ambient     13831/65536      387268/1835008  (21.1%) 
HDR leaf ambient      2105/65536       58940/1835008  ( 3.2%) 
occluders                0/0               0/0        ( 0.0%) 
occluder polygons        0/0               0/0        ( 0.0%) 
occluder vert ind        0/0               0/0        ( 0.0%) 
detail props          [variable]           1/12       ( 8.3%) 
static props          [variable]           1/12870    ( 0.0%) 
pakfile               [variable]        1155/0        ( 0.0%) 
physics               [variable]      159410/4194304  ( 3.8%) 
physics terrain       [variable]       40670/1048576  ( 3.9%) 

Level flags = 0

Total triangle count: 8717
Writing d:\documents\mapping\tf2\tf2-maps\labor\a2\koth_labor_a2.bsp
31 seconds elapsed



materialPath: D:\Program Files (x86)\Steam\steamapps\common\Team Fortress 2\tf\materials
Loading d:\documents\mapping\tf2\tf2-maps\labor\a2\koth_labor_a2.vmf
ConVarRef mat_reduceparticles doesn't point to an existing ConVar
Patching WVT material: maps/koth_labor_a2/dev/dev_blendmeasure2_wvt_patch
Patching WVT material: maps/koth_labor_a2/dev/dev_blendmeasure_wvt_patch
Patching WVT material: maps/koth_labor_a2/winter/blendgraveltograss002_wvt_patch
fixing up env_cubemap materials on brush sides...
0...1...2...3...4...5...6...7...8...9...100...1...2...3...4...5...6...7...8...9...10Processing areas...done (0)
Building Faces...done (0)
Chop Details...done (0)
Find Visible Detail Sides...done (0)
Merging details...done (0)
FixTjuncs...
PruneNodes...
WriteBSP...
done (0)
writing d:\documents\mapping\tf2\tf2-maps\labor\a2\koth_labor_a2.prt...Building visibility clusters...
done (0)
*** Error: Skybox vtf files for skybox/sky_alpinestorm_01 weren't compiled with the same size texture and/or same flags!
Can't load skybox file skybox/sky_alpinestorm_01 to build the default cubemap!
*** Error: Skybox vtf files for skybox/sky_alpinestorm_01 weren't compiled with the same size texture and/or same flags!
Can't load skybox file skybox/sky_alpinestorm_01 to build the default cubemap!
Finding displacement neighbors...
Finding lightmap sample positions...
Displacement Alpha : 0...1...2...3...4...5...6...7...8...9...10
Building Physics collision data...
done (0) (159410 bytes)
Placing detail props : 0...1...2...3...4...5...6...7...8...9...10
Compacting texture/material tables...
Reduced 568 texinfos to 260
Reduced 22 texdatas to 18 (589 bytes to 470)
Writing d:\documents\mapping\tf2\tf2-maps\labor\a2\koth_labor_a2.bsp
MSG_FILEWRITE - Filesystem was asked to write to 'd:\documents\mapping\tf2\tf2-maps\labor\a2\koth_labor_a2.bsp', but we don't own that location. Allowing.
Wrote ZIP buffer, estimated size 1503, actual size 1155
1 second elapsed



4 threads
reading d:\documents\mapping\tf2\tf2-maps\labor\a2\koth_labor_a2.bsp
reading d:\documents\mapping\tf2\tf2-maps\labor\a2\koth_labor_a2.prt
 600 portalclusters
1612 numportals
0...1...2...3...4...5...6...7...8...9...100...1...2...3...4...5...6...7...8...9...10Optimized: 962 visible clusters (1.02%)
Total clusters visible: 94466
Average clusters visible: 157
Building PAS...
Average clusters audible: 407
visdatasize:73932  compressed from 96000
writing d:\documents\mapping\tf2\tf2-maps\labor\a2\koth_labor_a2.bsp
MSG_FILEWRITE - Filesystem was asked to write to 'd:\documents\mapping\tf2\tf2-maps\labor\a2\koth_labor_a2.bsp', but we don't own that location. Allowing.
3 seconds elapsed



[Reading texlights from 'lights.rad']
[56 texlights parsed from 'lights.rad']

Loading d:\documents\mapping\tf2\tf2-maps\labor\a2\koth_labor_a2.bsp
2643 faces
869292 square feet [125178152.00 square inches]
206 Displacements
81318 Square Feet [11709875.00 Square Inches]
2643 patches before subdivision
85691 patches after subdivision
62 direct lights
0...1...2...3...4...5...6...7...8...9...100...1...2...3...4...5...6...7...8...9...10transfers 7334453, max 426
transfer lists:  56.0 megs
0...1...2...3...4...5...6...7...8...9...10	Bounce #1 added RGB(299674, 308842, 320888)
0...1...2...3...4...5...6...7...8...9...10	Bounce #2 added RGB(62894, 59492, 62404)
0...1...2...3...4...5...6...7...8...9...10	Bounce #3 added RGB(15074, 13434, 14093)
0...1...2...3...4...5...6...7...8...9...10	Bounce #4 added RGB(3844, 3301, 3467)
0...1...2...3...4...5...6...7...8...9...10	Bounce #5 added RGB(1018, 852, 894)
0...1...2...3...4...5...6...7...8...9...10	Bounce #6 added RGB(275, 226, 237)
0...1...2...3...4...5...6...7...8...9...10	Bounce #7 added RGB(76, 61, 64)
0...1...2...3...4...5...6...7...8...9...10	Bounce #8 added RGB(21, 17, 17)
0...1...2...3...4...5...6...7...8...9...10	Bounce #9 added RGB(6, 5, 5)
0...1...2...3...4...5...6...7...8...9...10	Bounce #10 added RGB(2, 1, 1)
0...1...2...3...4...5...6...7...8...9...10	Bounce #11 added RGB(0, 0, 0)
Build Patch/Sample Hash Table(s).....Done<0.0211 sec>
0...1...2...3...4...5...6...7...8...9...10FinalLightFace Done
0 of 0 (0% of) surface lights went in leaf ambient cubes.
0...1...2...3...4...5...6...7...8...9...10Writing leaf ambient...done
Ready to Finish

Object names       Objects/Maxobjs  Memory / Maxmem  Fullness 
------------       ---------------  ---------------  -------- 
models                  18/1024          864/49152    ( 1.8%) 
brushes                433/8192         5196/98304    ( 5.3%) 
brushsides            2683/65536       21464/524288   ( 4.1%) 
planes                 936/65536       18720/1310720  ( 1.4%) 
vertexes              4456/65536       53472/786432   ( 6.8%) 
nodes                 1485/65536       47520/2097152  ( 2.3%) 
texinfos               260/12288       18720/884736   ( 2.1%) 
texdata                 18/2048          576/65536    ( 0.9%) 
dispinfos              206/0           36256/0        ( 0.0%) 
disp_verts           16686/0          333720/0        ( 0.0%) 
disp_tris            26368/0           52736/0        ( 0.0%) 
disp_lmsamples      233856/0          233856/0        ( 0.0%) 
faces                 2643/65536      148008/3670016  ( 4.0%) 
hdr faces                0/65536           0/3670016  ( 0.0%) 
origfaces             1320/65536       73920/3670016  ( 2.0%) 
leaves                1504/65536       48128/2097152  ( 2.3%) 
leaffaces             2790/65536        5580/131072   ( 4.3%) 
leafbrushes           1322/65536        2644/131072   ( 2.0%) 
areas                    2/256            16/2048     ( 0.8%) 
surfedges            17516/512000      70064/2048000  ( 3.4%) 
edges                10121/256000      40484/1024000  ( 4.0%) 
LDR worldlights         62/8192         5456/720896   ( 0.8%) 
HDR worldlights          0/8192            0/720896   ( 0.0%) 
leafwaterdata            0/32768           0/393216   ( 0.0%) 
waterstrips            210/32768        2100/327680   ( 0.6%) 
waterverts               0/65536           0/786432   ( 0.0%) 
waterindices          3045/65536        6090/131072   ( 4.6%) 
cubemapsamples           0/1024            0/16384    ( 0.0%) 
overlays                15/512          5280/180224   ( 2.9%) 
LDR lightdata         [variable]     1686764/0        ( 0.0%) 
HDR lightdata         [variable]           0/0        ( 0.0%) 
visdata               [variable]       73932/16777216 ( 0.4%) 
entdata               [variable]       44003/393216   (11.2%) 
LDR ambient table     1504/65536        6016/262144   ( 2.3%) 
HDR ambient table     1504/65536        6016/262144   ( 2.3%) 
LDR leaf ambient      8183/65536      229124/1835008  (12.5%) 
HDR leaf ambient      1504/65536       42112/1835008  ( 2.3%) 
occluders                0/0               0/0        ( 0.0%) 
occluder polygons        0/0               0/0        ( 0.0%) 
occluder vert ind        0/0               0/0        ( 0.0%) 
detail props          [variable]           1/12       ( 8.3%) 
static props          [variable]           1/12866    ( 0.0%) 
pakfile               [variable]        1155/0        ( 0.0%) 
physics               [variable]      159410/4194304  ( 3.8%) 
physics terrain       [variable]       40670/1048576  ( 3.9%) 

Level flags = 0

Total triangle count: 6961
Writing d:\documents\mapping\tf2\tf2-maps\labor\a2\koth_labor_a2.bsp
22 seconds elapsed



materialPath: D:\Program Files (x86)\Steam\steamapps\common\Team Fortress 2\tf\materials
Loading d:\documents\mapping\tf2\tf2-maps\labor\a2\koth_labor_a2.vmf
ConVarRef mat_reduceparticles doesn't point to an existing ConVar
Patching WVT material: maps/koth_labor_a2/dev/dev_blendmeasure2_wvt_patch
Patching WVT material: maps/koth_labor_a2/dev/dev_blendmeasure_wvt_patch
Patching WVT material: maps/koth_labor_a2/winter/blendgraveltograss002_wvt_patch
fixing up env_cubemap materials on brush sides...
0...1...2...3...4...5...6...7...8...9...100...1...2...3...4...5...6...7...8...9...10Processing areas...done (0)
Building Faces...done (0)
Chop Details...done (0)
Find Visible Detail Sides...done (0)
Merging details...done (0)
FixTjuncs...
PruneNodes...
WriteBSP...
done (0)
writing d:\documents\mapping\tf2\tf2-maps\labor\a2\koth_labor_a2.prt...Building visibility clusters...
done (0)
*** Error: Skybox vtf files for skybox/sky_alpinestorm_01 weren't compiled with the same size texture and/or same flags!
Can't load skybox file skybox/sky_alpinestorm_01 to build the default cubemap!
*** Error: Skybox vtf files for skybox/sky_alpinestorm_01 weren't compiled with the same size texture and/or same flags!
Can't load skybox file skybox/sky_alpinestorm_01 to build the default cubemap!
Finding displacement neighbors...
Finding lightmap sample positions...
Displacement Alpha : 0...1...2...3...4...5...6...7...8...9...10
Building Physics collision data...
done (0) (160734 bytes)
Placing detail props : 0...1...2...3...4...5...6...7...8...9...10
Compacting texture/material tables...
Reduced 570 texinfos to 262
Reduced 24 texdatas to 20 (638 bytes to 519)
Writing d:\documents\mapping\tf2\tf2-maps\labor\a2\koth_labor_a2.bsp
MSG_FILEWRITE - Filesystem was asked to write to 'd:\documents\mapping\tf2\tf2-maps\labor\a2\koth_labor_a2.bsp', but we don't own that location. Allowing.
Wrote ZIP buffer, estimated size 1503, actual size 1155
1 second elapsed



4 threads
reading d:\documents\mapping\tf2\tf2-maps\labor\a2\koth_labor_a2.bsp
reading d:\documents\mapping\tf2\tf2-maps\labor\a2\koth_labor_a2.prt
 600 portalclusters
1612 numportals
0...1...2...3...4...5...6...7...8...9...100...1...2...3...4...5...6...7...8...9...10Optimized: 962 visible clusters (1.02%)
Total clusters visible: 94466
Average clusters visible: 157
Building PAS...
Average clusters audible: 407
visdatasize:73932  compressed from 96000
writing d:\documents\mapping\tf2\tf2-maps\labor\a2\koth_labor_a2.bsp
MSG_FILEWRITE - Filesystem was asked to write to 'd:\documents\mapping\tf2\tf2-maps\labor\a2\koth_labor_a2.bsp', but we don't own that location. Allowing.
3 seconds elapsed



[Reading texlights from 'lights.rad']
[56 texlights parsed from 'lights.rad']

Loading d:\documents\mapping\tf2\tf2-maps\labor\a2\koth_labor_a2.bsp
2649 faces
869292 square feet [125178152.00 square inches]
206 Displacements
81318 Square Feet [11709875.00 Square Inches]
2649 patches before subdivision
85729 patches after subdivision
62 direct lights
0...1...2...3...4...5...6...7...8...9...100...1...2...3...4...5...6...7...8...9...10transfers 7342108, max 430
transfer lists:  56.0 megs
0...1...2...3...4...5...6...7...8...9...10	Bounce #1 added RGB(299572, 308677, 320681)
0...1...2...3...4...5...6...7...8...9...10	Bounce #2 added RGB(62896, 59489, 62396)
0...1...2...3...4...5...6...7...8...9...10	Bounce #3 added RGB(15072, 13432, 14091)
0...1...2...3...4...5...6...7...8...9...10	Bounce #4 added RGB(3844, 3300, 3466)
0...1...2...3...4...5...6...7...8...9...10	Bounce #5 added RGB(1018, 852, 894)
0...1...2...3...4...5...6...7...8...9...10	Bounce #6 added RGB(275, 226, 237)
0...1...2...3...4...5...6...7...8...9...10	Bounce #7 added RGB(76, 61, 64)
0...1...2...3...4...5...6...7...8...9...10	Bounce #8 added RGB(21, 17, 17)
0...1...2...3...4...5...6...7...8...9...10	Bounce #9 added RGB(6, 5, 5)
0...1...2...3...4...5...6...7...8...9...10	Bounce #10 added RGB(2, 1, 1)
0...1...2...3...4...5...6...7...8...9...10	Bounce #11 added RGB(0, 0, 0)
Build Patch/Sample Hash Table(s).....Done<0.0219 sec>
0...1...2...3...4...5...6...7...8...9...10FinalLightFace Done
0 of 0 (0% of) surface lights went in leaf ambient cubes.
0...1...2...3...4...5...6...7...8...9...10Writing leaf ambient...done
Ready to Finish

Object names       Objects/Maxobjs  Memory / Maxmem  Fullness 
------------       ---------------  ---------------  -------- 
models                  18/1024          864/49152    ( 1.8%) 
brushes                437/8192         5244/98304    ( 5.3%) 
brushsides            2707/65536       21656/524288   ( 4.1%) 
planes                 938/65536       18760/1310720  ( 1.4%) 
vertexes              4483/65536       53796/786432   ( 6.8%) 
nodes                 1485/65536       47520/2097152  ( 2.3%) 
texinfos               262/12288       18864/884736   ( 2.1%) 
texdata                 20/2048          640/65536    ( 1.0%) 
dispinfos              206/0           36256/0        ( 0.0%) 
disp_verts           16686/0          333720/0        ( 0.0%) 
disp_tris            26368/0           52736/0        ( 0.0%) 
disp_lmsamples      233856/0          233856/0        ( 0.0%) 
faces                 2649/65536      148344/3670016  ( 4.0%) 
hdr faces                0/65536           0/3670016  ( 0.0%) 
origfaces             1329/65536       74424/3670016  ( 2.0%) 
leaves                1504/65536       48128/2097152  ( 2.3%) 
leaffaces             2796/65536        5592/131072   ( 4.3%) 
leafbrushes           1330/65536        2660/131072   ( 2.0%) 
areas                    2/256            16/2048     ( 0.8%) 
surfedges            17586/512000      70344/2048000  ( 3.4%) 
edges                10165/256000      40660/1024000  ( 4.0%) 
LDR worldlights         62/8192         5456/720896   ( 0.8%) 
HDR worldlights          0/8192            0/720896   ( 0.0%) 
leafwaterdata            0/32768           0/393216   ( 0.0%) 
waterstrips            210/32768        2100/327680   ( 0.6%) 
waterverts               0/65536           0/786432   ( 0.0%) 
waterindices          3045/65536        6090/131072   ( 4.6%) 
cubemapsamples           0/1024            0/16384    ( 0.0%) 
overlays                15/512          5280/180224   ( 2.9%) 
LDR lightdata         [variable]     1690300/0        ( 0.0%) 
HDR lightdata         [variable]           0/0        ( 0.0%) 
visdata               [variable]       73932/16777216 ( 0.4%) 
entdata               [variable]       43773/393216   (11.1%) 
LDR ambient table     1504/65536        6016/262144   ( 2.3%) 
HDR ambient table     1504/65536        6016/262144   ( 2.3%) 
LDR leaf ambient      8219/65536      230132/1835008  (12.5%) 
HDR leaf ambient      1504/65536       42112/1835008  ( 2.3%) 
occluders                0/0               0/0        ( 0.0%) 
occluder polygons        0/0               0/0        ( 0.0%) 
occluder vert ind        0/0               0/0        ( 0.0%) 
detail props          [variable]           1/12       ( 8.3%) 
static props          [variable]           1/13150    ( 0.0%) 
pakfile               [variable]        1155/0        ( 0.0%) 
physics               [variable]      160734/4194304  ( 3.8%) 
physics terrain       [variable]       40670/1048576  ( 3.9%) 

Level flags = 0

Total triangle count: 6983
Writing d:\documents\mapping\tf2\tf2-maps\labor\a2\koth_labor_a2.bsp
24 seconds elapsed
