PRT1
264
922
4 0 7 (1904 2048 -688 ) (1904 2048 800 ) (1024 2048 800 ) (1024 2048 -688 ) 
4 0 5 (1024 2048 -688 ) (1024 2048 -16 ) (1024 2080 -16 ) (1024 2080 -688 ) 
4 0 2 (1024 2080 0 ) (1024 2656 0 ) (1024 2656 -688 ) (1024 2080 -688 ) 
4 0 1 (1024 2048 0 ) (1024 2048 800 ) (1024 2656 800 ) (1024 2656 0 ) 
4 1 62 (0 2048 0 ) (0 2048 800 ) (0 2656 800 ) (0 2656 0 ) 
4 1 15 (0 2048 160 ) (0 2048 0 ) (352 2048 0 ) (352 2048 160 ) 
4 1 14 (0 2048 192 ) (0 2048 160 ) (352 2048 160 ) (352 2048 192 ) 
4 1 12 (352 2048 800 ) (0 2048 800 ) (0 2048 192 ) (352 2048 192 ) 
4 1 9 (512 2048 800 ) (352 2048 800 ) (352 2048 0 ) (512 2048 0 ) 
4 1 8 (1024 2048 0 ) (1024 2048 800 ) (512 2048 800 ) (512 2048 0 ) 
4 1 3 (0 2096 0 ) (0 2656 0 ) (672 2656 0 ) (672 2096 0 ) 
4 1 2 (672 2656 0 ) (1024 2656 0 ) (1024 2080 0 ) (672 2080 0 ) 
4 2 5 (1024 2080 -688 ) (1024 2080 -16 ) (672 2080 -16 ) (672 2080 -688 ) 
4 2 4 (672 2096 -688 ) (672 2080 -688 ) (672 2080 -224 ) (672 2096 -224 ) 
4 2 3 (672 2656 -688 ) (672 2096 -688 ) (672 2096 0 ) (672 2656 0 ) 
4 3 66 (0 2656 -224 ) (0 2656 -688 ) (0 2096 -688 ) (0 2096 -224 ) 
4 3 63 (0 2096 0 ) (0 2656 0 ) (0 2656 -224 ) (0 2096 -224 ) 
4 3 4 (0 2096 -688 ) (672 2096 -688 ) (672 2096 -224 ) (0 2096 -224 ) 
4 4 66 (0 2080 -688 ) (0 2080 -224 ) (0 2096 -224 ) (0 2096 -688 ) 
4 4 6 (0 2080 -224 ) (0 2080 -688 ) (512 2080 -688 ) (512 2080 -224 ) 
4 4 5 (512 2080 -688 ) (672 2080 -688 ) (672 2080 -224 ) (512 2080 -224 ) 
4 5 25 (1024 2048 -688 ) (1024 2048 -224 ) (512 2048 -224 ) (512 2048 -688 ) 
4 5 17 (1024 2048 -224 ) (1024 2048 -16 ) (512 2048 -16 ) (512 2048 -224 ) 
4 5 6 (512 2080 -224 ) (512 2080 -688 ) (512 2048 -688 ) (512 2048 -224 ) 
4 6 66 (0 2048 -688 ) (0 2048 -224 ) (0 2080 -224 ) (0 2080 -688 ) 
4 6 25 (512 2048 -688 ) (512 2048 -224 ) (0 2048 -224 ) (0 2048 -688 ) 
4 7 28 (1024 1024 96 ) (1024 1024 -688 ) (1536 1024 -688 ) (1536 1024 96 ) 
4 7 27 (1904 1024 -688 ) (1904 1024 112 ) (1536 1024 112 ) (1536 1024 -688 ) 
4 7 26 (1904 1024 112 ) (1904 1024 800 ) (1024 1024 800 ) (1024 1024 112 ) 
4 7 25 (1024 2048 -224 ) (1024 2048 -688 ) (1024 1024 -688 ) (1024 1024 -224 ) 
4 7 22 (1024 1280 -224 ) (1024 1024 -224 ) (1024 1024 -16 ) (1024 1280 -16 ) 
4 7 19 (1024 1408 -224 ) (1024 1280 -224 ) (1024 1280 -16 ) (1024 1408 -16 ) 
4 7 18 (1024 1408 -192 ) (1024 1408 -16 ) (1024 1792 -16 ) (1024 1792 -192 ) 
4 7 17 (1024 2048 -16 ) (1024 2048 -224 ) (1024 1792 -224 ) (1024 1792 -16 ) 
4 7 11 (1024 1024 464 ) (1024 1024 800 ) (1024 1536 800 ) (1024 1536 464 ) 
4 7 8 (1024 2048 800 ) (1024 2048 0 ) (1024 1536 0 ) (1024 1536 800 ) 
4 8 11 (1024 1536 464 ) (1024 1536 800 ) (512 1536 800 ) (512 1536 464 ) 
4 8 10 (512 1536 464 ) (512 1536 800 ) (512 1792 800 ) (512 1792 464 ) 
4 8 9 (512 2048 800 ) (512 2048 0 ) (512 1792 0 ) (512 1792 800 ) 
4 9 15 (352 2048 160 ) (352 2048 0 ) (352 1792 0 ) (352 1792 160 ) 
4 9 14 (352 2048 192 ) (352 2048 160 ) (352 1792 160 ) (352 1792 192 ) 
4 9 12 (352 2048 800 ) (352 2048 192 ) (352 1792 192 ) (352 1792 800 ) 
4 9 10 (352 1792 800 ) (352 1792 464 ) (512 1792 464 ) (512 1792 800 ) 
4 10 12 (352 1536 464 ) (352 1536 800 ) (352 1792 800 ) (352 1792 464 ) 
4 10 11 (352 1536 800 ) (352 1536 464 ) (512 1536 464 ) (512 1536 800 ) 
4 11 38 (384 1024 586.669922 ) (352 1024 586.669922 ) (352 1024 464 ) (384 1024 464 ) 
4 11 37 (1024 1024 464 ) (1024 1024 586.669922 ) (384 1024 586.669922 ) (384 1024 464 ) 
4 11 31 (448 1024 800 ) (352 1024 800 ) (352 1024 586.669922 ) (448 1024 586.669922 ) 
4 11 30 (1024 1024 586.669922 ) (1024 1024 800 ) (448 1024 800 ) (448 1024 586.669922 ) 
4 11 13 (352 1024 464 ) (352 1024 800 ) (352 1360 800 ) (352 1360 464 ) 
4 11 12 (352 1360 800 ) (352 1536 800 ) (352 1536 464 ) (352 1360 464 ) 
4 12 68 (0 1360 800 ) (0 2048 800 ) (0 2048 192 ) (0 1360 192 ) 
4 12 14 (352 2048 192 ) (352 1360 192 ) (0 1360 192 ) (0 2048 192 ) 
4 12 13 (352 1360 464 ) (352 1360 800 ) (0 1360 800 ) (0 1360 464 ) 
4 13 69 (0 1024 464 ) (0 1024 800 ) (0 1360 800 ) (0 1360 464 ) 
4 13 38 (320 1024 464 ) (352 1024 464 ) (352 1024 586.669922 ) (320 1024 586.669922 ) 
4 13 40 (0 1024 586.669922 ) (0 1024 464 ) (320 1024 464 ) (320 1024 586.669922 ) 
4 13 31 (0 1024 800 ) (0 1024 586.669922 ) (352 1024 586.669922 ) (352 1024 800 ) 
4 14 70 (0 1040 192 ) (0 2048 192 ) (0 2048 160 ) (0 1040 160 ) 
4 14 15 (0 1040 160 ) (0 2048 160 ) (352 2048 160 ) (352 1040 160 ) 
4 15 70 (0 1040 160 ) (0 2048 160 ) (0 2048 0 ) (0 1040 0 ) 
4 15 16 (80 1040 0 ) (208 1040 0 ) (208 1040 160 ) (80 1040 160 ) 
4 16 55 (80 1024 0 ) (176 1024 0 ) (176 1024 160 ) (80 1024 160 ) 
4 16 46 (176 1024 0 ) (208 1024 0 ) (208 1024 160 ) (176 1024 160 ) 
4 17 25 (512 2048 -224 ) (1024 2048 -224 ) (1024 1792 -224 ) (512 1792 -224 ) 
4 17 18 (1024 1792 -192 ) (1024 1792 -16 ) (512 1792 -16 ) (512 1792 -192 ) 
4 18 73 (0 1408 -16 ) (0 1792 -16 ) (0 1792 -192 ) (0 1408 -192 ) 
4 18 20 (352 1408 -16 ) (0 1408 -16 ) (0 1408 -192 ) (352 1408 -192 ) 
4 18 19 (1024 1408 -192 ) (1024 1408 -16 ) (352 1408 -16 ) (352 1408 -192 ) 
4 19 25 (352 1408 -224 ) (1024 1408 -224 ) (1024 1280 -224 ) (352 1280 -224 ) 
4 19 22 (352 1280 -224 ) (1024 1280 -224 ) (1024 1280 -16 ) (352 1280 -16 ) 
4 19 20 (352 1408 -16 ) (352 1408 -192 ) (352 1280 -192 ) (352 1280 -16 ) 
4 19 21 (352 1408 -208 ) (352 1408 -224 ) (352 1280 -224 ) (352 1280 -208 ) 
4 20 75 (0 1280 -16 ) (0 1408 -16 ) (0 1408 -192 ) (0 1280 -192 ) 
4 21 77 (0 1408 -208 ) (0 1408 -224 ) (0 1280 -224 ) (0 1280 -208 ) 
4 21 25 (0 1280 -224 ) (0 1408 -224 ) (352 1408 -224 ) (352 1280 -224 ) 
4 21 23 (0 1280 -224 ) (352 1280 -224 ) (352 1280 -208 ) (0 1280 -208 ) 
4 22 54 (352 1024 -128 ) (352 1024 -224 ) (384 1024 -224 ) (384 1024 -128 ) 
4 22 46 (384 1024 -16 ) (352 1024 -16 ) (352 1024 -128 ) (384 1024 -128 ) 
4 22 42 (448 1024 -16 ) (384 1024 -16 ) (384 1024 -224 ) (448 1024 -224 ) 
4 22 41 (1024 1024 -224 ) (1024 1024 -16 ) (448 1024 -16 ) (448 1024 -224 ) 
4 22 25 (1024 1024 -224 ) (352 1024 -224 ) (352 1280 -224 ) (1024 1280 -224 ) 
4 22 23 (352 1280 -208 ) (352 1280 -224 ) (352 1152 -224 ) (352 1152 -208 ) 
4 22 24 (352 1152 -224 ) (352 1024 -224 ) (352 1024 -16 ) (352 1152 -16 ) 
4 23 77 (0 1280 -208 ) (0 1280 -224 ) (0 1152 -224 ) (0 1152 -208 ) 
4 23 25 (0 1152 -224 ) (0 1280 -224 ) (352 1280 -224 ) (352 1152 -224 ) 
4 23 24 (0 1152 -224 ) (352 1152 -224 ) (352 1152 -208 ) (0 1152 -208 ) 
4 24 77 (0 1024 -224 ) (0 1024 -208 ) (0 1152 -208 ) (0 1152 -224 ) 
4 24 76 (0 1024 -208 ) (0 1024 -16 ) (0 1152 -16 ) (0 1152 -208 ) 
4 24 58 (176 1024 -16 ) (128 1024 -16 ) (128 1024 -224 ) (176 1024 -224 ) 
4 24 61 (128 1024 -16 ) (0 1024 -16 ) (0 1024 -224 ) (128 1024 -224 ) 
4 24 54 (176 1024 -128 ) (176 1024 -224 ) (352 1024 -224 ) (352 1024 -128 ) 
4 24 46 (352 1024 -16 ) (176 1024 -16 ) (176 1024 -128 ) (352 1024 -128 ) 
4 24 25 (352 1024 -224 ) (0 1024 -224 ) (0 1152 -224 ) (352 1152 -224 ) 
4 25 77 (0 1024 -688 ) (0 1024 -224 ) (0 1408 -224 ) (0 1408 -688 ) 
4 25 74 (0 1408 -224 ) (0 1792 -224 ) (0 1792 -688 ) (0 1408 -688 ) 
4 25 72 (0 1792 -224 ) (0 2048 -224 ) (0 2048 -688 ) (0 1792 -688 ) 
4 25 58 (176 1024 -224 ) (128 1024 -224 ) (128 1024 -688 ) (176 1024 -688 ) 
4 25 61 (128 1024 -224 ) (0 1024 -224 ) (0 1024 -688 ) (128 1024 -688 ) 
4 25 54 (384 1024 -224 ) (176 1024 -224 ) (176 1024 -688 ) (384 1024 -688 ) 
4 25 42 (448 1024 -224 ) (384 1024 -224 ) (384 1024 -688 ) (448 1024 -688 ) 
4 25 41 (1024 1024 -688 ) (1024 1024 -224 ) (448 1024 -224 ) (448 1024 -688 ) 
4 26 132 (1904 0 112 ) (1904 0 800 ) (1024 0 800 ) (1024 0 112 ) 
4 26 41 (1024 1024 256 ) (1024 1024 112 ) (1024 0 112 ) (1024 0 256 ) 
4 26 37 (1024 1024 586.669922 ) (1024 1024 256 ) (1024 0 256 ) (1024 0 671.998047 ) 
4 26 33 (1024 176 657.332275 ) (1024 0 671.998047 ) (1024 0 800 ) (1024 176 800 ) 
4 26 30 (1024 1024 800 ) (1024 1024 586.669922 ) (1024 176 657.332275 ) (1024 176 800 ) 
4 26 29 (1536 768 112 ) (1536 0 112 ) (1024 0 112 ) (1024 768 112 ) 
4 26 27 (1536 1024 112 ) (1904 1024 112 ) (1904 0 112 ) (1536 0 112 ) 
4 27 132 (1904 0 -688 ) (1904 0 112 ) (1536 0 112 ) (1536 0 -688 ) 
4 27 28 (1536 1024 -688 ) (1536 768 -688 ) (1536 768 96 ) (1536 1024 96 ) 
4 27 29 (1536 768 -688 ) (1536 0 -688 ) (1536 0 112 ) (1536 768 112 ) 
4 28 41 (1024 1024 96 ) (1024 1024 -688 ) (1024 768 -688 ) (1024 768 96 ) 
4 28 29 (1024 768 -688 ) (1536 768 -688 ) (1536 768 96 ) (1024 768 96 ) 
4 29 132 (1536 0 112 ) (1024 0 112 ) (1024 0 -688 ) (1536 0 -688 ) 
4 29 41 (1024 768 -688 ) (1024 0 -688 ) (1024 0 112 ) (1024 768 112 ) 
4 30 37 (448 1024 586.669922 ) (1024 1024 586.669922 ) (1024 176 657.332275 ) (448 176 657.332275 ) 
4 30 33 (448 176 657.332031 ) (1024 176 657.332031 ) (1024 176 800 ) (448 176 800 ) 
4 30 32 (448 176 673.333984 ) (448 176 800 ) (448 448 800 ) (448 448 650.666992 ) 
4 30 31 (448 1024 586.677368 ) (448 448 634.674500 ) (448 448 800 ) (448 1024 800 ) 
4 31 88 (0 1024 800 ) (0 1024 586.669922 ) (0 448 634.666992 ) (0 448 800 ) 
4 31 38 (320 1024 586.669922 ) (384 1024 586.669922 ) (384 448 634.666992 ) (320 448 634.666992 ) 
4 31 37 (384 1024 586.669922 ) (448 1024 586.669922 ) (448 448 634.666992 ) (384 448 634.666992 ) 
4 31 40 (0 448 634.666992 ) (0 1024 586.669922 ) (320 1024 586.669922 ) (320 448 634.666992 ) 
4 31 32 (448 448 650.666992 ) (448 448 800 ) (0 448 800 ) (0 448 650.666504 ) 
4 32 101 (0 176 673.333496 ) (0 176 800 ) (0 384 800 ) (0 384 656 ) 
4 32 89 (0 384 800 ) (0 448 800 ) (0 448 650.666504 ) (0 384 656 ) 
4 32 35 (176 176 800 ) (0 176 800 ) (0 176 673.333496 ) (176 176 673.333679 ) 
4 32 34 (448 176 673.333984 ) (448 176 800 ) (176 176 800 ) (176 176 673.333679 ) 
4 33 133 (1024 0 671.998047 ) (1024 0 800 ) (448 0 800 ) (448 0 671.998047 ) 
4 33 37 (1024 0 671.998047 ) (448 0 671.998047 ) (448 176 657.332275 ) (1024 176 657.332275 ) 
4 33 34 (448 0 800 ) (448 176 800 ) (448 176 673.333984 ) (448 0 688 ) 
4 34 134 (448 0 800 ) (176 0 800 ) (176 0 688 ) (448 0 688 ) 
4 34 35 (176 176 800 ) (176 176 673.333679 ) (176 0 688 ) (176 0 800 ) 
4 35 136 (0 0 800 ) (0 0 688 ) (176 0 688 ) (176 0 800 ) 
4 35 106 (0 0 688 ) (0 0 800 ) (0 176 800 ) (0 176 673.333496 ) 
4 35 36 (0 0 688 ) (0 176 673.333801 ) (176 176 673.333984 ) (176 0 688 ) 
4 36 137 (0 0 688 ) (0 0 671.998047 ) (176 0 671.998047 ) (176 0 688 ) 
4 36 107 (0 0 671.998047 ) (0 0 688 ) (0 176 673.333496 ) (0 176 657.332275 ) 
4 36 40 (176 0 671.998047 ) (0 0 671.998047 ) (0 176 657.332275 ) (176 176 657.332275 ) 
4 37 135 (448 0 671.998047 ) (384 0 671.998047 ) (384 0 256 ) (448 0 256 ) 
4 37 133 (1024 0 256 ) (1024 0 671.998047 ) (448 0 671.998047 ) (448 0 256 ) 
4 37 43 (384 256 256 ) (384 384 256 ) (448 384 256 ) (448 256 256 ) 
4 37 42 (384 384 256 ) (384 1024 256 ) (448 1024 256 ) (448 384 256 ) 
4 37 45 (448 0 256 ) (384 0 256 ) (384 256 256 ) (448 256 256 ) 
4 37 41 (1024 1024 256 ) (1024 0 256 ) (448 0 256 ) (448 1024 256 ) 
4 37 38 (384 384 640.001282 ) (384 1024 586.670898 ) (384 1024 256 ) (384 384 256 ) 
4 37 39 (384 0 672 ) (384 320 645.334351 ) (384 320 256 ) (384 0 256 ) 
4 38 46 (320 384 256 ) (320 1024 256 ) (384 1024 256 ) (384 384 256 ) 
4 38 40 (320 384 640.001465 ) (320 1024 586.671448 ) (320 1024 256 ) (320 384 256 ) 
4 39 135 (384 0 671.998047 ) (320 0 671.998047 ) (320 0 256 ) (384 0 256 ) 
4 39 49 (384 0 256 ) (352 0 256 ) (352 256 256 ) (384 256 256 ) 
4 39 40 (320 0 672 ) (320 320 645.334473 ) (320 320 256 ) (320 0 256 ) 
4 40 138 (176 0 671.998047 ) (0 0 671.998047 ) (0 0 256 ) (176 0 256 ) 
4 40 135 (320 0 671.998047 ) (176 0 671.998047 ) (176 0 256 ) (320 0 256 ) 
4 40 108 (0 0 256 ) (0 0 671.998047 ) (0 176 657.332275 ) (0 176 256 ) 
4 40 103 (0 176 657.332275 ) (0 384 640 ) (0 384 256 ) (0 176 256 ) 
4 40 94 (0 640 256 ) (0 384 256 ) (0 384 512 ) (0 640 512 ) 
4 40 92 (0 1024 512 ) (0 1024 256 ) (0 640 256 ) (0 640 512 ) 
4 40 90 (0 384 640 ) (0 448 634.666992 ) (0 448 512 ) (0 384 512 ) 
4 40 88 (0 448 634.666992 ) (0 1024 586.669922 ) (0 1024 512 ) (0 448 512 ) 
4 40 55 (176 0 256 ) (0 0 256 ) (0 1024 256 ) (176 1024 256 ) 
4 40 50 (304 0 256 ) (176 0 256 ) (176 256 256 ) (304 256 256 ) 
4 40 47 (176 256 256 ) (176 384 256 ) (256 384 256 ) (256 256 256 ) 
4 40 46 (176 384 256 ) (176 1024 256 ) (320 1024 256 ) (320 384 256 ) 
4 41 154 (1024 0 -688 ) (1024 0 -128 ) (448 0 -128 ) (448 0 -688 ) 
4 41 144 (1024 0 -128 ) (1024 0 256 ) (448 0 256 ) (448 0 -128 ) 
4 41 43 (448 256 160 ) (448 256 256 ) (448 384 256 ) (448 384 160 ) 
4 41 44 (448 384 -688 ) (448 256 -688 ) (448 256 -32 ) (448 384 -32 ) 
4 41 42 (448 1024 -688 ) (448 384 -688 ) (448 384 256 ) (448 1024 256 ) 
4 41 45 (448 256 -688 ) (448 0 -688 ) (448 0 256 ) (448 256 256 ) 
4 42 54 (384 1024 -128 ) (384 1024 -688 ) (384 384 -688 ) (384 384 -128 ) 
4 42 46 (384 384 256 ) (384 1024 256 ) (384 1024 -128 ) (384 384 -128 ) 
4 42 43 (384 384 256 ) (384 384 160 ) (448 384 160 ) (448 384 256 ) 
4 42 44 (384 384 -32 ) (384 384 -688 ) (448 384 -688 ) (448 384 -32 ) 
4 43 45 (384 256 256 ) (384 256 160 ) (448 256 160 ) (448 256 256 ) 
4 44 54 (384 384 -128 ) (384 384 -688 ) (384 256 -688 ) (384 256 -128 ) 
4 44 45 (384 256 -32 ) (384 256 -688 ) (448 256 -688 ) (448 256 -32 ) 
4 45 154 (384 0 -128 ) (384 0 -688 ) (448 0 -688 ) (448 0 -128 ) 
4 45 144 (448 0 256 ) (384 0 256 ) (384 0 -128 ) (448 0 -128 ) 
4 45 54 (384 0 -688 ) (384 0 -128 ) (384 256 -128 ) (384 256 -688 ) 
4 45 52 (384 0 -16 ) (384 0 0 ) (384 176 0 ) (384 176 -16 ) 
4 45 51 (384 0 0 ) (384 0 240 ) (384 256 240 ) (384 256 0 ) 
4 45 53 (384 0 -128 ) (384 0 -16 ) (384 256 -16 ) (384 256 -128 ) 
4 45 49 (384 0 240 ) (384 0 256 ) (384 256 256 ) (384 256 240 ) 
4 46 58 (176 1024 -16 ) (176 1024 -128 ) (176 384 -128 ) (176 384 -16 ) 
4 46 56 (176 1024 0 ) (176 1024 -16 ) (176 384 -16 ) (176 384 0 ) 
4 46 55 (176 384 256 ) (176 1024 256 ) (176 1024 0 ) (176 384 0 ) 
4 46 54 (176 384 -128 ) (176 1024 -128 ) (384 1024 -128 ) (384 384 -128 ) 
4 46 48 (176 384 -16 ) (176 384 -128 ) (256 384 -128 ) (256 384 -16 ) 
4 46 47 (176 384 256 ) (176 384 0 ) (256 384 0 ) (256 384 256 ) 
4 47 55 (176 256 256 ) (176 384 256 ) (176 384 0 ) (176 256 0 ) 
4 47 51 (176 256 240 ) (176 256 0 ) (256 256 0 ) (256 256 240 ) 
4 47 50 (176 256 256 ) (176 256 240 ) (256 256 240 ) (256 256 256 ) 
4 48 58 (176 384 -16 ) (176 384 -128 ) (176 256 -128 ) (176 256 -16 ) 
4 48 54 (176 256 -128 ) (176 384 -128 ) (256 384 -128 ) (256 256 -128 ) 
4 48 53 (176 256 -16 ) (176 256 -128 ) (256 256 -128 ) (256 256 -16 ) 
4 49 145 (384 0 240 ) (384 0 256 ) (352 0 256 ) (352 0 240 ) 
4 49 51 (352 256 240 ) (384 256 240 ) (384 0 240 ) (352 0 240 ) 
4 50 146 (304 0 256 ) (176 0 256 ) (176 0 240 ) (304 0 240 ) 
4 50 55 (176 0 256 ) (176 256 256 ) (176 256 240 ) (176 0 240 ) 
4 50 51 (176 0 240 ) (176 256 240 ) (304 256 240 ) (304 0 240 ) 
4 51 149 (256 0 240 ) (176 0 240 ) (176 0 0 ) (256 0 0 ) 
4 51 148 (384 0 0 ) (384 0 240 ) (256 0 240 ) (256 0 0 ) 
4 51 55 (176 256 240 ) (176 256 0 ) (176 0 0 ) (176 0 240 ) 
4 51 52 (176 0 0 ) (176 128 0 ) (384 176 0 ) (384 0 0 ) 
4 52 151 (384 0 -16 ) (384 0 0 ) (176 0 0 ) (176 0 -16 ) 
4 52 57 (176 128 -16 ) (176 0 -16 ) (176 0 0 ) (176 128 0 ) 
4 52 53 (176 0 -16 ) (176 128 -16 ) (384 176 -16 ) (384 0 -16 ) 
4 53 152 (384 0 -128 ) (384 0 -16 ) (176 0 -16 ) (176 0 -128 ) 
4 53 58 (176 256 -16 ) (176 256 -128 ) (176 176 -128 ) (176 176 -16 ) 
4 53 60 (176 128 -128 ) (176 0 -128 ) (176 0 -16 ) (176 128 -16 ) 
4 53 54 (176 0 -128 ) (176 256 -128 ) (384 256 -128 ) (384 0 -128 ) 
4 54 154 (384 0 -688 ) (384 0 -128 ) (176 0 -128 ) (176 0 -688 ) 
4 54 59 (176 176 -688 ) (176 128 -688 ) (176 128 -176 ) (176 176 -176 ) 
4 54 58 (176 1024 -128 ) (176 1024 -688 ) (176 176 -688 ) (176 176 -128 ) 
4 54 60 (176 128 -688 ) (176 0 -688 ) (176 0 -128 ) (176 128 -128 ) 
4 55 155 (176 0 0 ) (176 0 256 ) (0 0 256 ) (0 0 0 ) 
4 55 113 (0 384 130.003876 ) (0 384 76 ) (0 368 76 ) (0 368 130.003876 ) 
4 55 112 (0 368 256 ) (0 384 256 ) (0 384 130.003876 ) (0 368 130.003876 ) 
4 55 114 (0 0 0 ) (0 0 256 ) (0 368 256 ) (0 368 0 ) 
4 55 97 (0 640 80 ) (0 640 0 ) (0 384 0 ) (0 384 128 ) 
3 55 95 (0 640 128 ) (0 640 80 ) (0 384 128 ) 
4 55 94 (0 384 256 ) (0 640 256 ) (0 640 128 ) (0 384 128 ) 
4 55 92 (0 640 256 ) (0 1024 256 ) (0 1024 0 ) (0 640 0 ) 
3 55 57 (176 128 0 ) (176 0 0 ) (144 0 0 ) 
4 55 56 (0 384 0 ) (0 1024 0 ) (176 1024 0 ) (176 384 0 ) 
4 56 97 (0 384 0 ) (0 640 0 ) (0 640 -16 ) (0 384 -16 ) 
4 56 92 (0 640 0 ) (0 1024 0 ) (0 1024 -16 ) (0 640 -16 ) 
4 56 58 (176 1024 -16 ) (176 384 -16 ) (128 384 -16 ) (128 1024 -16 ) 
4 56 61 (128 384 -16 ) (0 384 -16 ) (0 1024 -16 ) (128 1024 -16 ) 
3 57 60 (176 128 -16 ) (176 0 -16 ) (144 0 -16 ) 
4 58 59 (128 176 -176 ) (128 176 -688 ) (176 176 -688 ) (176 176 -176 ) 
4 58 61 (128 1024 -688 ) (128 176 -688 ) (128 176 -16 ) (128 1024 -16 ) 
4 59 61 (128 176 -688 ) (128 128 -688 ) (128 128 -176 ) (128 176 -176 ) 
4 59 60 (128 128 -176 ) (128 128 -688 ) (176 128 -688 ) (176 128 -176 ) 
4 60 161 (176 0 -688 ) (176 0 -176 ) (128 0 -176 ) (128 0 -688 ) 
4 60 158 (176 0 -176 ) (176 0 -16 ) (128 0 -16 ) (128 0 -176 ) 
4 60 61 (128 128 -688 ) (128 0 -688 ) (128 0 -16 ) (128 128 -16 ) 
4 61 161 (0 0 -176 ) (0 0 -688 ) (128 0 -688 ) (128 0 -176 ) 
4 61 160 (128 0 -16 ) (0 0 -16 ) (0 0 -176 ) (128 0 -176 ) 
4 61 118 (0 0 -688 ) (0 0 -176 ) (0 384 -176 ) (0 384 -688 ) 
4 61 115 (0 0 -176 ) (0 0 -16 ) (0 384 -16 ) (0 384 -176 ) 
4 61 100 (0 1024 -224 ) (0 1024 -688 ) (0 384 -688 ) (0 384 -224 ) 
4 61 97 (0 384 -16 ) (0 640 -16 ) (0 640 -224 ) (0 384 -224 ) 
4 61 92 (0 640 -16 ) (0 1024 -16 ) (0 1024 -224 ) (0 640 -224 ) 
4 62 78 (-128 2048 800 ) (-1024 2048 800 ) (-1024 2048 0 ) (-128 2048 0 ) 
4 62 71 (-112 2048 192 ) (-128 2048 192 ) (-128 2048 0 ) (-112 2048 0 ) 
4 62 70 (0 2048 0 ) (0 2048 192 ) (-112 2048 192 ) (-112 2048 0 ) 
4 62 68 (0 2048 192 ) (0 2048 800 ) (-128 2048 800 ) (-128 2048 192 ) 
4 62 67 (-1024 2048 0 ) (-1024 2048 800 ) (-1024 2656 800 ) (-1024 2656 0 ) 
4 62 65 (-1024 2048 0 ) (-1024 2080 0 ) (-128 2080 0 ) (-128 2048 0 ) 
4 62 63 (-128 2656 0 ) (0 2656 0 ) (0 2096 0 ) (-128 2096 0 ) 
4 62 64 (-1024 2080 0 ) (-1024 2656 0 ) (-128 2656 0 ) (-128 2080 0 ) 
4 63 66 (-128 2656 -224 ) (0 2656 -224 ) (0 2096 -224 ) (-128 2096 -224 ) 
4 63 64 (-128 2656 -224 ) (-128 2096 -224 ) (-128 2096 0 ) (-128 2656 0 ) 
4 64 67 (-1024 2080 0 ) (-1024 2656 0 ) (-1024 2656 -224 ) (-1024 2080 -224 ) 
4 64 66 (-1024 2080 -224 ) (-1024 2656 -224 ) (-128 2656 -224 ) (-128 2080 -224 ) 
4 64 65 (-1024 2080 -224 ) (-128 2080 -224 ) (-128 2080 0 ) (-1024 2080 0 ) 
4 65 78 (-128 2048 0 ) (-1024 2048 0 ) (-1024 2048 -224 ) (-128 2048 -224 ) 
4 65 67 (-1024 2048 -224 ) (-1024 2048 0 ) (-1024 2080 0 ) (-1024 2080 -224 ) 
4 65 66 (-128 2048 -224 ) (-1024 2048 -224 ) (-1024 2080 -224 ) (-128 2080 -224 ) 
4 66 78 (-128 2048 -224 ) (-1024 2048 -224 ) (-1024 2048 -688 ) (-128 2048 -688 ) 
4 66 72 (0 2048 -688 ) (0 2048 -224 ) (-128 2048 -224 ) (-128 2048 -688 ) 
4 66 67 (-1024 2048 -688 ) (-1024 2048 -224 ) (-1024 2656 -224 ) (-1024 2656 -688 ) 
4 67 130 (-1024 2048 -688 ) (-1024 2048 800 ) (-1616 2048 800 ) (-1616 2048 -688 ) 
4 68 83 (-128 1360 512 ) (-128 1360 800 ) (-128 1408 800 ) (-128 1408 512 ) 
4 68 79 (-128 1792 192 ) (-128 1408 192 ) (-128 1408 800 ) (-128 1792 800 ) 
4 68 78 (-128 2048 800 ) (-128 2048 192 ) (-128 1792 192 ) (-128 1792 800 ) 
4 68 71 (-128 1360 192 ) (-128 2048 192 ) (-112 2048 192 ) (-112 1360 192 ) 
4 68 70 (-112 2048 192 ) (0 2048 192 ) (0 1360 192 ) (-112 1360 192 ) 
4 68 69 (0 1360 464 ) (0 1360 800 ) (-128 1360 800 ) (-128 1360 464 ) 
4 69 92 (0 1024 464 ) (0 1024 512 ) (-128 1024 512 ) (-128 1024 464 ) 
4 69 88 (0 1024 512 ) (0 1024 800 ) (-128 1024 800 ) (-128 1024 512 ) 
4 69 84 (-128 1024 464 ) (-128 1024 512 ) (-128 1030 512 ) (-128 1030 464 ) 
4 69 83 (-128 1024 512 ) (-128 1024 800 ) (-128 1360 800 ) (-128 1360 512 ) 
4 70 71 (-112 2048 0 ) (-112 1360 0 ) (-112 1360 192 ) (-112 2048 192 ) 
4 71 79 (-128 1792 0 ) (-128 1408 0 ) (-128 1408 192 ) (-128 1792 192 ) 
4 71 78 (-128 2048 192 ) (-128 2048 0 ) (-128 1792 0 ) (-128 1792 192 ) 
4 72 78 (-128 2048 -224 ) (-128 2048 -688 ) (-128 1792 -688 ) (-128 1792 -224 ) 
4 72 74 (-128 1792 -224 ) (-128 1792 -688 ) (0 1792 -688 ) (0 1792 -224 ) 
4 73 81 (-128 1408 -160 ) (-128 1408 -64 ) (-128 1792 -64 ) (-128 1792 -160 ) 
4 73 79 (-128 1408 -64 ) (-128 1408 -16 ) (-128 1792 -16 ) (-128 1792 -64 ) 
4 73 75 (0 1408 -192 ) (0 1408 -16 ) (-128 1408 -16 ) (-128 1408 -160 ) 
4 74 82 (-128 1408 -688 ) (-128 1408 -192 ) (-128 1792 -192 ) (-128 1792 -688 ) 
5 74 77 (0 1408 -688 ) (0 1408 -224 ) (-64 1408 -208 ) (-128 1408 -208 ) (-128 1408 -688 ) 
4 76 92 (0 1024 -208 ) (0 1024 -16 ) (-128 1024 -16 ) (-128 1024 -208 ) 
4 76 84 (-128 1024 -208 ) (-128 1024 -16 ) (-128 1030 -16 ) (-128 1030 -208 ) 
4 76 77 (-128 1024 -208 ) (-128 1152 -208 ) (0 1152 -208 ) (0 1024 -208 ) 
4 77 100 (0 1024 -688 ) (0 1024 -224 ) (-128 1024 -224 ) (-128 1024 -688 ) 
4 77 92 (0 1024 -224 ) (0 1024 -208 ) (-128 1024 -208 ) (-128 1024 -224 ) 
4 77 87 (-128 1024 -688 ) (-128 1024 -224 ) (-128 1408 -224 ) (-128 1408 -688 ) 
4 77 84 (-128 1024 -224 ) (-128 1024 -208 ) (-128 1030 -208 ) (-128 1030 -224 ) 
4 78 130 (-1024 2048 800 ) (-1024 2048 -688 ) (-1024 1792 -688 ) (-1024 1792 800 ) 
5 78 82 (-1024 1792 -688 ) (-128 1792 -688 ) (-128 1792 -192 ) (-640 1792 -64 ) (-1024 1792 -64 ) 
3 78 81 (-128 1792 -160 ) (-128 1792 -64 ) (-512 1792 -64 ) 
3 78 80 (-1024 1792 64 ) (-1024 1792 -32 ) (-640 1792 -32 ) 
5 78 79 (-128 1792 -64 ) (-128 1792 800 ) (-1024 1792 800 ) (-1024 1792 64 ) (-512 1792 -64 ) 
4 79 130 (-1024 1408 64 ) (-1024 1408 800 ) (-1024 1792 800 ) (-1024 1792 64 ) 
4 79 85 (-704 1408 800 ) (-1024 1408 800 ) (-1024 1408 64 ) (-704 1408 -16 ) 
4 79 83 (-128 1408 512 ) (-128 1408 800 ) (-704 1408 800 ) (-704 1408 512 ) 
4 79 81 (-128 1408 -64 ) (-512 1408 -64 ) (-512 1792 -64 ) (-128 1792 -64 ) 
4 79 80 (-1024 1792 64 ) (-640 1792 -32 ) (-640 1408 -32 ) (-1024 1408 64 ) 
4 80 130 (-1024 1408 -32 ) (-1024 1408 64 ) (-1024 1792 64 ) (-1024 1792 -32 ) 
4 80 85 (-1024 1408 64 ) (-1024 1408 -32 ) (-704 1408 -32 ) (-704 1408 -16 ) 
4 82 130 (-1024 1792 -688 ) (-1024 1408 -688 ) (-1024 1408 -64 ) (-1024 1792 -64 ) 
4 82 87 (-128 1408 -688 ) (-128 1408 -224 ) (-1024 1408 -224 ) (-1024 1408 -688 ) 
4 82 86 (-704 1408 -64 ) (-1024 1408 -64 ) (-1024 1408 -224 ) (-704 1408 -224 ) 
4 83 88 (-128 1024 512 ) (-128 1024 800 ) (-448 1024 800 ) (-448 1024 512 ) 
4 83 91 (-448 1024 800 ) (-704 1024 800 ) (-704 1024 512 ) (-448 1024 512 ) 
4 83 85 (-704 1408 800 ) (-704 1408 512 ) (-704 1024 512 ) (-704 1024 800 ) 
3 83 84 (-128 1030 512 ) (-128 1024 512 ) (-192 1024 512 ) 
4 84 92 (-128 1024 -224 ) (-128 1024 512 ) (-192 1024 512 ) (-192 1024 -224 ) 
3 84 87 (-128 1030 -224 ) (-128 1024 -224 ) (-192 1024 -224 ) 
4 85 130 (-1024 1024 -32 ) (-1024 1024 800 ) (-1024 1408 800 ) (-1024 1408 -32 ) 
4 85 93 (-768 1024 -32 ) (-704 1024 -32 ) (-704 1024 512 ) (-768 1024 512 ) 
4 85 99 (-1024 1024 512 ) (-1024 1024 -32 ) (-768 1024 -32 ) (-768 1024 512 ) 
4 85 91 (-1024 1024 800 ) (-1024 1024 512 ) (-704 1024 512 ) (-704 1024 800 ) 
4 86 130 (-1024 1024 -224 ) (-1024 1024 -64 ) (-1024 1408 -64 ) (-1024 1408 -224 ) 
4 86 93 (-768 1024 -224 ) (-704 1024 -224 ) (-704 1024 -64 ) (-768 1024 -64 ) 
4 86 99 (-1024 1024 -64 ) (-1024 1024 -224 ) (-768 1024 -224 ) (-768 1024 -64 ) 
4 86 87 (-1024 1024 -224 ) (-1024 1408 -224 ) (-704 1408 -224 ) (-704 1024 -224 ) 
4 87 130 (-1024 1024 -688 ) (-1024 1024 -224 ) (-1024 1408 -224 ) (-1024 1408 -688 ) 
4 87 100 (-128 1024 -688 ) (-128 1024 -224 ) (-1024 1024 -224 ) (-1024 1024 -688 ) 
4 88 94 (-448 448 512 ) (-448 640 512 ) (0 640 512 ) (0 448 512 ) 
5 88 92 (-448 640 512 ) (-448 1000 512 ) (-192 1024 512 ) (0 1024 512 ) (0 640 512 ) 
4 88 90 (-448 448 634.666931 ) (-448 448 512 ) (0 448 512 ) (0 448 634.666931 ) 
4 88 89 (-448 448 800 ) (-448 448 650.666016 ) (0 448 650.666504 ) (0 448 800 ) 
4 88 91 (-448 1024 512 ) (-448 448 512 ) (-448 448 800 ) (-448 1024 800 ) 
4 89 101 (0 384 656 ) (0 384 800 ) (-448 384 800 ) (-448 384 656 ) 
4 89 91 (-448 384 656 ) (-448 384 800 ) (-448 448 800 ) (-448 448 650.666016 ) 
4 90 103 (-320 384 512 ) (0 384 512 ) (0 384 640 ) (-320 384 640 ) 
4 90 105 (-448 384 512 ) (-384 384 512 ) (-384 384 640 ) (-448 384 640 ) 
4 90 94 (0 384 512 ) (-448 384 512 ) (-448 448 512 ) (0 448 512 ) 
4 90 91 (-448 448 512 ) (-448 384 512 ) (-448 384 640 ) (-448 448 634.666931 ) 
4 91 131 (-1024 384 512 ) (-1024 384 800 ) (-1024 1024 800 ) (-1024 1024 512 ) 
4 91 105 (-1024 384 640 ) (-1024 384 512 ) (-448 384 512 ) (-448 384 640 ) 
4 91 102 (-1024 384 800 ) (-1024 384 640 ) (-448 384 640 ) (-448 384 800 ) 
4 91 94 (-448 384 512 ) (-768 384 512 ) (-768 640 512 ) (-448 640 512 ) 
4 91 92 (-448 1000 512 ) (-448 640 512 ) (-704 640 512 ) (-704 976 512 ) 
4 91 93 (-768 640 512 ) (-768 1024 512 ) (-704 1024 512 ) (-704 640 512 ) 
4 91 99 (-768 384 512 ) (-1024 384 512 ) (-1024 1024 512 ) (-768 1024 512 ) 
5 92 100 (-192 1024 -224 ) (0 1024 -224 ) (0 640 -224 ) (-704 640 -224 ) (-704 976 -224 ) 
4 92 98 (-704 640 -224 ) (-640 640 -224 ) (-640 640 0 ) (-704 640 0 ) 
4 92 97 (-640 640 -224 ) (0 640 -224 ) (0 640 80 ) (-640 640 80 ) 
4 92 96 (-688 640 128 ) (-704 640 128 ) (-704 640 80 ) (-688 640 80 ) 
4 92 95 (0 640 80 ) (0 640 128 ) (-688 640 128 ) (-688 640 80 ) 
4 92 94 (0 640 128 ) (0 640 512 ) (-704 640 512 ) (-704 640 128 ) 
4 92 93 (-704 976 -224 ) (-704 640 -224 ) (-704 640 512 ) (-704 976 512 ) 
4 93 100 (-768 640 -224 ) (-768 1024 -224 ) (-704 1024 -224 ) (-704 640 -224 ) 
4 93 98 (-768 640 0 ) (-768 640 -224 ) (-704 640 -224 ) (-704 640 0 ) 
4 93 96 (-768 640 128 ) (-768 640 80 ) (-704 640 80 ) (-704 640 128 ) 
4 93 94 (-768 640 512 ) (-768 640 128 ) (-704 640 128 ) (-704 640 512 ) 
4 93 99 (-768 1024 -224 ) (-768 640 -224 ) (-768 640 512 ) (-768 1024 512 ) 
3 94 122 (-176 384 208 ) (-176 384 240 ) (-208 384 240 ) 
4 94 119 (-176 384 256 ) (-256 384 256 ) (-256 384 240 ) (-176 384 240 ) 
4 94 128 (-384 384 256 ) (-768 384 256 ) (-768 384 128 ) (-384 384 128 ) 
4 94 113 (0 384 128 ) (0 384 130.003876 ) (-33.233086 384 134.157944 ) (-29.714256 384 128 ) 
5 94 112 (0 384 130.003876 ) (0 384 256 ) (-176 384 256 ) (-176 384 208 ) (-112.004181 384 144.004181 ) 
4 94 103 (0 384 256 ) (0 384 512 ) (-320 384 512 ) (-320 384 256 ) 
4 94 105 (-384 384 512 ) (-768 384 512 ) (-768 384 256 ) (-384 384 256 ) 
4 94 96 (-768 544 128 ) (-768 640 128 ) (-688 640 128 ) (-688 544 128 ) 
4 94 95 (0 384 128 ) (-688 384 128 ) (-688 640 128 ) (0 640 128 ) 
4 94 99 (-768 384 128 ) (-768 384 512 ) (-768 640 512 ) (-768 640 128 ) 
4 95 97 (0 384.003906 128 ) (-640 384.003906 128 ) (-640 640 80 ) (0 640 80 ) 
4 95 96 (-688 640 80.003906 ) (-688 544 98.003815 ) (-688 544 128 ) (-688 640 128 ) 
4 96 99 (-768 544 128 ) (-768 640 128 ) (-768 640 80 ) (-768 544 98 ) 
4 97 129 (-640 384 -224 ) (-176 384 -224 ) (-176 384 -128 ) (-640 384 -128 ) 
4 97 125 (-176 384 -128 ) (-176 384 -16 ) (-256 384 -16 ) (-256 384 -128 ) 
4 97 128 (-384 384 128 ) (-640 384 128 ) (-640 384 -128 ) (-384 384 -128 ) 
4 97 118 (-176 384 -224 ) (0 384 -224 ) (0 384 -176 ) (-176 384 -176 ) 
4 97 116 (-128 384 -16 ) (-176 384 -16 ) (-176 384 -176 ) (-128 384 -176 ) 
4 97 115 (0 384 -176 ) (0 384 -16 ) (-128 384 -16 ) (-128 384 -176 ) 
3 97 113 (0 384 76 ) (0 384 128 ) (-29.714260 384 128 ) 
4 97 100 (0 384 -224 ) (-640 384 -224 ) (-640 640 -224 ) (0 640 -224 ) 
4 97 98 (-640 640 0 ) (-640 640 -224 ) (-640 384 -224 ) (-640 384 0 ) 
4 98 129 (-768 384 -224 ) (-640 384 -224 ) (-640 384 -128 ) (-768 384 -128 ) 
4 98 128 (-640 384 -128 ) (-640 384 0 ) (-768 384 0 ) (-768 384 -128 ) 
4 98 100 (-640 384 -224 ) (-768 384 -224 ) (-768 640 -224 ) (-640 640 -224 ) 
4 98 99 (-768 640 -224 ) (-768 384 -224 ) (-768 384 0 ) (-768 640 0 ) 
4 99 131 (-1024 384 -224 ) (-1024 384 512 ) (-1024 1024 512 ) (-1024 1024 -224 ) 
4 99 129 (-1024 384 -128 ) (-1024 384 -224 ) (-768 384 -224 ) (-768 384 -128 ) 
4 99 128 (-1024 384 256 ) (-1024 384 -128 ) (-768 384 -128 ) (-768 384 256 ) 
4 99 105 (-1024 384 512 ) (-1024 384 256 ) (-768 384 256 ) (-768 384 512 ) 
4 99 100 (-768 384 -224 ) (-1024 384 -224 ) (-1024 1024 -224 ) (-768 1024 -224 ) 
4 100 131 (-1024 384 -688 ) (-1024 384 -224 ) (-1024 1024 -224 ) (-1024 1024 -688 ) 
4 100 129 (-1024 384 -224 ) (-1024 384 -688 ) (-176 384 -688 ) (-176 384 -224 ) 
4 100 118 (-176 384 -688 ) (0 384 -688 ) (0 384 -224 ) (-176 384 -224 ) 
4 101 109 (-176 176 800 ) (-448 176 800 ) (-448 176 673.333008 ) (-176 176 673.333313 ) 
4 101 106 (0 176 673.333496 ) (0 176 800 ) (-176 176 800 ) (-176 176 673.333313 ) 
4 101 102 (-448 176 673.333008 ) (-448 176 800 ) (-448 384 800 ) (-448 384 656 ) 
4 102 131 (-1024 384 800 ) (-1024 384 640 ) (-1024 176 657.332275 ) (-1024 176 800 ) 
4 102 111 (-1024 176 800 ) (-1024 176 657.332275 ) (-448 176 657.332275 ) (-448 176 800 ) 
4 102 105 (-448 176 657.332153 ) (-1024 176 657.332153 ) (-1024 384 640 ) (-448 384 640 ) 
4 103 120 (-176 256 256 ) (-176 176 256 ) (-304 176 256 ) (-304 256 256 ) 
4 103 119 (-256 384 256 ) (-176 384 256 ) (-176 256 256 ) (-256 256 256 ) 
4 103 112 (-176 384 256 ) (0 384 256 ) (0 368 256 ) (-176 368 256 ) 
4 103 114 (0 368 256 ) (0 176 256 ) (-176 176 256 ) (-176 368 256 ) 
4 103 110 (-320 176 256 ) (-176 176 256 ) (-176 176 657.332275 ) (-320 176 657.332275 ) 
4 103 108 (-176 176 256 ) (0 176 256 ) (0 176 657.332275 ) (-176 176 657.332275 ) 
4 103 104 (-320 176 256 ) (-320 176 657.334351 ) (-320 320 645.335083 ) (-320 320 256 ) 
4 104 121 (-352 176 256 ) (-384 176 256 ) (-384 256 256 ) (-352 256 256 ) 
4 104 110 (-384 176 256 ) (-320 176 256 ) (-320 176 657.332275 ) (-384 176 657.332275 ) 
4 104 105 (-384 176 256 ) (-384 176 657.334351 ) (-384 320 645.335083 ) (-384 320 256 ) 
4 105 131 (-1024 384 640 ) (-1024 384 256 ) (-1024 176 256 ) (-1024 176 657.332275 ) 
4 105 128 (-1024 384 256 ) (-384 384 256 ) (-384 176 256 ) (-1024 176 256 ) 
4 105 110 (-448 176 256 ) (-384 176 256 ) (-384 176 657.332275 ) (-448 176 657.332275 ) 
4 105 111 (-1024 176 657.332275 ) (-1024 176 256 ) (-448 176 256 ) (-448 176 657.332275 ) 
4 106 202 (0 0 688 ) (0 0 800 ) (-176 0 800 ) (-176 0 688 ) 
4 106 109 (-176 176 800 ) (-176 176 673.333313 ) (-176 0 688 ) (-176 0 800 ) 
4 106 107 (-176 0 688 ) (-176 176 673.333130 ) (0 176 673.333313 ) (0 0 688 ) 
4 107 203 (0 0 671.998047 ) (0 0 688 ) (-176 0 688 ) (-176 0 671.997986 ) 
4 107 108 (0 0 671.998047 ) (-176 0 671.998047 ) (-176 176 657.332275 ) (0 176 657.332275 ) 
4 108 209 (0 0 256 ) (0 0 671.998047 ) (-176 0 671.997986 ) (-176 0 256 ) 
4 108 114 (0 176 256 ) (0 0 256 ) (-176 0 256 ) (-176 176 256 ) 
4 108 110 (-176 176 657.332275 ) (-176 176 256 ) (-176 0 256 ) (-176 0 671.998047 ) 
4 109 204 (-176 0 688 ) (-176 0 800 ) (-448 0 800 ) (-448 0 688 ) 
4 109 111 (-448 0 800 ) (-448 176 800 ) (-448 176 673.333008 ) (-448 0 688 ) 
4 110 210 (-384 0 256 ) (-320 0 256 ) (-320 0 671.998047 ) (-384 0 671.998047 ) 
4 110 209 (-320 0 256 ) (-176 0 256 ) (-176 0 671.998047 ) (-320 0 671.998047 ) 
4 110 212 (-448 0 256 ) (-384 0 256 ) (-384 0 671.998047 ) (-448 0 671.998047 ) 
4 110 120 (-176 0 256 ) (-304 0 256 ) (-304 176 256 ) (-176 176 256 ) 
4 110 121 (-352 0 256 ) (-384 0 256 ) (-384 176 256 ) (-352 176 256 ) 
4 110 128 (-384 0 256 ) (-448 0 256 ) (-448 176 256 ) (-384 176 256 ) 
4 110 111 (-448 176 657.332275 ) (-448 176 256 ) (-448 0 256 ) (-448 0 671.998047 ) 
4 111 212 (-1024 0 671.998047 ) (-1024 0 256 ) (-448 0 256 ) (-448 0 671.998047 ) 
4 111 205 (-1024 0 800 ) (-1024 0 671.998047 ) (-448 0 671.998047 ) (-448 0 800 ) 
4 111 131 (-1024 0 256 ) (-1024 0 800 ) (-1024 176 800 ) (-1024 176 256 ) 
4 111 128 (-448 0 256 ) (-1024 0 256 ) (-1024 176 256 ) (-448 176 256 ) 
4 112 122 (-176 384 240 ) (-176 384 208 ) (-176 368 208 ) (-176 368 240 ) 
4 112 119 (-176 368 256 ) (-176 384 256 ) (-176 384 240 ) (-176 368 240 ) 
4 112 113 (0 368 130.003387 ) (-33.232788 368 134.157425 ) (-33.232788 384 134.157425 ) (0 384 130.003387 ) 
5 112 114 (-176 368 256 ) (-176 368 208 ) (-112.004181 368 144.004181 ) (0 368 130.003876 ) (0 368 256 ) 
3 113 114 (0 368 76 ) (0 368 130.003876 ) (-33.233086 368 134.157944 ) 
4 114 213 (0 0 0 ) (0 0 256 ) (-176 0 256 ) (-176 0 0 ) 
4 114 123 (-176 368 240 ) (-176 368 0 ) (-176 0 0 ) (-176 0 240 ) 
4 114 120 (-176 0 256 ) (-176 256 256 ) (-176 256 240 ) (-176 0 240 ) 
4 114 119 (-176 256 256 ) (-176 368 256 ) (-176 368 240 ) (-176 256 240 ) 
4 115 216 (0 0 -176 ) (0 0 -16 ) (-128 0 -16 ) (-128 0 -176 ) 
4 115 118 (0 0 -176 ) (-128 0 -176 ) (-128 384 -176 ) (0 384 -176 ) 
4 115 116 (-128 384 -176 ) (-128 176 -176 ) (-128 176 -16 ) (-128 384 -16 ) 
4 115 117 (-128 128 -176 ) (-128 0 -176 ) (-128 0 -16 ) (-128 128 -16 ) 
4 116 129 (-176 384 -128 ) (-176 384 -176 ) (-176 176 -176 ) (-176 176 -128 ) 
4 116 127 (-176 256 -128 ) (-176 176 -128 ) (-176 176 -16 ) (-176 256 -16 ) 
4 116 125 (-176 384 -16 ) (-176 384 -128 ) (-176 256 -128 ) (-176 256 -16 ) 
4 116 118 (-176 176 -176 ) (-176 384 -176 ) (-128 384 -176 ) (-128 176 -176 ) 
4 117 217 (-128 0 -16 ) (-176 0 -16 ) (-176 0 -176 ) (-128 0 -176 ) 
4 117 129 (-176 128 -176 ) (-176 0 -176 ) (-176 0 -128 ) (-176 128 -128 ) 
4 117 127 (-176 0 -128 ) (-176 0 -16 ) (-176 128 -16 ) (-176 128 -128 ) 
4 117 118 (-128 0 -176 ) (-176 0 -176 ) (-176 128 -176 ) (-128 128 -176 ) 
4 118 217 (-128 0 -176 ) (-176 0 -176 ) (-176 0 -688 ) (-128 0 -688 ) 
4 118 216 (0 0 -688 ) (0 0 -176 ) (-128 0 -176 ) (-128 0 -688 ) 
4 118 129 (-176 384 -176 ) (-176 384 -688 ) (-176 0 -688 ) (-176 0 -176 ) 
4 119 122 (-208 384 240 ) (-176 384 240 ) (-176 368 240 ) (-208 368 240 ) 
4 119 123 (-176 368 240 ) (-176 256 240 ) (-256 256 240 ) (-256 368 240 ) 
4 119 120 (-256 256 240 ) (-176 256 240 ) (-176 256 256 ) (-256 256 256 ) 
4 120 220 (-176 0 240 ) (-176 0 256 ) (-304 0 256 ) (-304 0 240 ) 
4 120 124 (-304 256 240 ) (-256 256 240 ) (-256 0 240 ) (-304 0 240 ) 
4 120 123 (-256 256 240 ) (-176 256 240 ) (-176 0 240 ) (-256 0 240 ) 
4 121 221 (-352 0 256 ) (-384 0 256 ) (-384 0 240 ) (-352 0 240 ) 
4 121 124 (-384 0 240 ) (-384 256 240 ) (-352 256 240 ) (-352 0 240 ) 
4 121 128 (-384 0 240 ) (-384 0 256 ) (-384 256 256 ) (-384 256 240 ) 
3 122 123 (-176 368 208 ) (-176 368 240 ) (-208 368 240 ) 
4 123 222 (-176 0 0 ) (-176 0 240 ) (-256 0 240 ) (-256 0 0 ) 
3 123 126 (-176 0 0 ) (-256 0 0 ) (-256 98.461548 0 ) 
4 123 124 (-256 256 0 ) (-256 0 0 ) (-256 0 240 ) (-256 256 240 ) 
4 124 222 (-256 0 240 ) (-384 0 240 ) (-384 0 0 ) (-256 0 0 ) 
4 124 126 (-384 0 0 ) (-384 256 0 ) (-256 98.461548 0 ) (-256 0 0 ) 
4 124 128 (-384 0 0 ) (-384 0 240 ) (-384 256 240 ) (-384 256 0 ) 
4 125 129 (-256 384 -128 ) (-176 384 -128 ) (-176 256 -128 ) (-256 256 -128 ) 
4 125 127 (-256 256 -128 ) (-176 256 -128 ) (-176 256 -16 ) (-256 256 -16 ) 
4 126 223 (-176 0 -16 ) (-176 0 0 ) (-384 0 0 ) (-384 0 -16 ) 
3 126 127 (-384 0 -16 ) (-384 256 -16 ) (-176 0 -16 ) 
4 126 128 (-384 0 -16 ) (-384 0 0 ) (-384 256 0 ) (-384 256 -16 ) 
4 127 224 (-176 0 -128 ) (-176 0 -16 ) (-384 0 -16 ) (-384 0 -128 ) 
4 127 129 (-176 256 -128 ) (-176 0 -128 ) (-384 0 -128 ) (-384 256 -128 ) 
4 127 128 (-384 256 -128 ) (-384 0 -128 ) (-384 0 -16 ) (-384 256 -16 ) 
4 128 229 (-384 0 256 ) (-448 0 256 ) (-448 0 -128 ) (-384 0 -128 ) 
4 128 233 (-448 0 256 ) (-1024 0 256 ) (-1024 0 -128 ) (-448 0 -128 ) 
4 128 131 (-1024 0 -128 ) (-1024 0 256 ) (-1024 384 256 ) (-1024 384 -128 ) 
4 128 129 (-1024 384 -128 ) (-384 384 -128 ) (-384 0 -128 ) (-1024 0 -128 ) 
4 129 229 (-384 0 -128 ) (-448 0 -128 ) (-448 0 -688 ) (-384 0 -688 ) 
4 129 233 (-448 0 -128 ) (-1024 0 -128 ) (-1024 0 -688 ) (-448 0 -688 ) 
4 129 228 (-176 0 -688 ) (-176 0 -128 ) (-384 0 -128 ) (-384 0 -688 ) 
4 129 131 (-1024 0 -688 ) (-1024 0 -128 ) (-1024 384 -128 ) (-1024 384 -688 ) 
4 130 131 (-1024 1024 -688 ) (-1024 1024 800 ) (-1616 1024 800 ) (-1616 1024 -688 ) 
4 131 253 (-1024 0 -688 ) (-1024 0 112 ) (-1536 0 112 ) (-1536 0 -688 ) 
4 131 255 (-1536 0 112 ) (-1616 0 112 ) (-1616 0 -688 ) (-1536 0 -688 ) 
4 131 252 (-1024 0 112 ) (-1024 0 800 ) (-1616 0 800 ) (-1616 0 112 ) 
4 132 175 (1904 -1024 -688 ) (1904 -1024 800 ) (1024 -1024 800 ) (1024 -1024 -688 ) 
4 132 174 (1024 -384 -688 ) (1024 -1024 -688 ) (1024 -1024 -224 ) (1024 -384 -224 ) 
4 132 166 (1024 -1024 -224 ) (1024 -1024 512 ) (1024 -384 512 ) (1024 -384 -224 ) 
4 132 162 (1024 -1024 512 ) (1024 -1024 800 ) (1024 -384 800 ) (1024 -384 512 ) 
4 132 154 (1024 0 -128 ) (1024 0 -688 ) (1024 -384 -688 ) (1024 -384 -128 ) 
4 132 144 (1024 0 256 ) (1024 0 -128 ) (1024 -384 -128 ) (1024 -384 256 ) 
4 132 141 (1024 -176 256 ) (1024 -384 256 ) (1024 -384 640 ) (1024 -176 657.332275 ) 
4 132 139 (1024 -384 640 ) (1024 -384 800 ) (1024 -176 800 ) (1024 -176 657.332275 ) 
4 132 133 (1024 0 800 ) (1024 0 256 ) (1024 -176 256 ) (1024 -176 800 ) 
4 133 144 (448 0 256 ) (1024 0 256 ) (1024 -176 256 ) (448 -176 256 ) 
4 133 141 (448 -176 256 ) (1024 -176 256 ) (1024 -176 657.332275 ) (448 -176 657.332275 ) 
4 133 139 (1024 -176 657.332275 ) (1024 -176 800 ) (448 -176 800 ) (448 -176 657.332275 ) 
4 133 134 (448 -176 673.333008 ) (448 -176 800 ) (448 0 800 ) (448 0 688 ) 
4 133 135 (448 0 256 ) (448 -176 256 ) (448 -176 657.332275 ) (448 0 671.998047 ) 
4 134 140 (448 -176 673.333008 ) (448 -176 800 ) (176 -176 800 ) (176 -176 673.333313 ) 
4 134 136 (176 0 800 ) (176 0 688 ) (176 -176 673.333313 ) (176 -176 800 ) 
4 135 145 (352 0 256 ) (384 0 256 ) (384 -176 256 ) (352 -176 256 ) 
4 135 146 (176 0 256 ) (304 0 256 ) (304 -176 256 ) (176 -176 256 ) 
4 135 144 (384 0 256 ) (448 0 256 ) (448 -176 256 ) (384 -176 256 ) 
4 135 142 (320 -176 256 ) (384 -176 256 ) (384 -176 657.332275 ) (320 -176 657.332275 ) 
4 135 141 (384 -176 256 ) (448 -176 256 ) (448 -176 657.332275 ) (384 -176 657.332275 ) 
4 135 143 (176 -176 256 ) (320 -176 256 ) (320 -176 657.332275 ) (176 -176 657.332275 ) 
4 135 138 (176 0 671.998047 ) (176 0 256 ) (176 -176 256 ) (176 -176 657.332275 ) 
4 136 202 (0 0 800 ) (0 0 688 ) (0 -176 673.333496 ) (0 -176 800 ) 
4 136 140 (176 -176 673.333313 ) (176 -176 800 ) (0 -176 800 ) (0 -176 673.333496 ) 
4 136 137 (0 0 688 ) (176 0 688 ) (176 -176 673.333130 ) (0 -176 673.333313 ) 
4 137 203 (0 0 688 ) (0 0 671.998047 ) (0 -176 657.332275 ) (0 -176 673.333496 ) 
4 137 138 (176 0 671.998047 ) (176 -176 657.332275 ) (0 -176 657.332275 ) (0 0 671.998047 ) 
4 138 209 (0 0 671.998047 ) (0 0 256 ) (0 -176 256 ) (0 -176 657.332275 ) 
4 138 155 (0 -176 256 ) (0 0 256 ) (176 0 256 ) (176 -176 256 ) 
4 138 143 (0 -176 256 ) (176 -176 256 ) (176 -176 657.332275 ) (0 -176 657.332275 ) 
4 139 162 (1024 -384 640 ) (1024 -384 800 ) (448 -384 800 ) (448 -384 640 ) 
4 139 141 (1024 -384 640 ) (448 -384 640 ) (448 -176 657.332153 ) (1024 -176 657.332153 ) 
4 139 140 (448 -384 656 ) (448 -384 800 ) (448 -176 800 ) (448 -176 673.333008 ) 
4 140 206 (0 -384 656 ) (0 -384 800 ) (0 -176 800 ) (0 -176 673.333496 ) 
4 140 163 (448 -384 800 ) (0 -384 800 ) (0 -384 656 ) (448 -384 656 ) 
4 141 167 (768 -384 512 ) (384 -384 512 ) (384 -384 256 ) (768 -384 256 ) 
4 141 166 (1024 -384 256 ) (1024 -384 512 ) (768 -384 512 ) (768 -384 256 ) 
4 141 164 (448 -384 640 ) (384 -384 640 ) (384 -384 512 ) (448 -384 512 ) 
4 141 162 (1024 -384 512 ) (1024 -384 640 ) (448 -384 640 ) (448 -384 512 ) 
4 141 144 (1024 -384 256 ) (384 -384 256 ) (384 -176 256 ) (1024 -176 256 ) 
4 141 142 (384 -320 645.333252 ) (384 -176 657.332520 ) (384 -176 256 ) (384 -320 256 ) 
4 142 145 (352 -176 256 ) (384 -176 256 ) (384 -256 256 ) (352 -256 256 ) 
4 142 143 (320 -320 645.333252 ) (320 -176 657.332520 ) (320 -176 256 ) (320 -320 256 ) 
4 143 209 (0 -176 256 ) (0 -384 256 ) (0 -384 640 ) (0 -176 657.332275 ) 
4 143 167 (0 -384 512 ) (0 -384 256 ) (320 -384 256 ) (320 -384 512 ) 
4 143 164 (320 -384 640 ) (0 -384 640 ) (0 -384 512 ) (320 -384 512 ) 
4 143 156 (176 -384 256 ) (0 -384 256 ) (0 -368 256 ) (176 -368 256 ) 
4 143 155 (0 -368 256 ) (0 -176 256 ) (176 -176 256 ) (176 -368 256 ) 
4 143 147 (256 -384 256 ) (176 -384 256 ) (176 -256 256 ) (256 -256 256 ) 
4 143 146 (176 -256 256 ) (176 -176 256 ) (304 -176 256 ) (304 -256 256 ) 
4 144 170 (640 -384 -128 ) (768 -384 -128 ) (768 -384 0 ) (640 -384 0 ) 
4 144 171 (384 -384 128 ) (384 -384 -128 ) (640 -384 -128 ) (640 -384 128 ) 
4 144 167 (768 -384 256 ) (384 -384 256 ) (384 -384 128 ) (768 -384 128 ) 
4 144 166 (1024 -384 -128 ) (1024 -384 256 ) (768 -384 256 ) (768 -384 -128 ) 
4 144 154 (1024 -384 -128 ) (384 -384 -128 ) (384 0 -128 ) (1024 0 -128 ) 
4 144 151 (384 -256 -16 ) (384 -256 0 ) (384 0 0 ) (384 0 -16 ) 
4 144 152 (384 0 -128 ) (384 -256 -128 ) (384 -256 -16 ) (384 0 -16 ) 
4 144 148 (384 -256 240 ) (384 0 240 ) (384 0 0 ) (384 -256 0 ) 
4 144 145 (384 -256 256 ) (384 0 256 ) (384 0 240 ) (384 -256 240 ) 
4 145 148 (352 0 240 ) (384 0 240 ) (384 -256 240 ) (352 -256 240 ) 
4 146 155 (176 -256 256 ) (176 0 256 ) (176 0 240 ) (176 -256 240 ) 
4 146 149 (176 -256 240 ) (176 0 240 ) (256 0 240 ) (256 -256 240 ) 
4 146 148 (256 0 240 ) (304 0 240 ) (304 -256 240 ) (256 -256 240 ) 
4 146 147 (176 -256 256 ) (176 -256 240 ) (256 -256 240 ) (256 -256 256 ) 
4 147 167 (256 -384 256 ) (176 -384 256 ) (176 -384 240 ) (256 -384 240 ) 
4 147 156 (176 -384 240 ) (176 -384 256 ) (176 -368 256 ) (176 -368 240 ) 
4 147 155 (176 -368 256 ) (176 -256 256 ) (176 -256 240 ) (176 -368 240 ) 
4 147 150 (176 -384 240 ) (176 -368 240 ) (208 -368 240 ) (208 -384 240 ) 
4 147 149 (176 -368 240 ) (176 -256 240 ) (256 -256 240 ) (256 -368 240 ) 
4 148 151 (256 0 0 ) (384 0 0 ) (384 -256 0 ) (256 -98.461548 0 ) 
4 148 149 (256 0 0 ) (256 -256 0 ) (256 -256 240 ) (256 0 240 ) 
4 149 155 (176 -368 240 ) (176 0 240 ) (176 0 0 ) (176 -368 0 ) 
3 149 151 (176 0 0 ) (256 0 0 ) (256 -98.461548 0 ) 
3 149 150 (208 -368 240 ) (176 -368 240 ) (176 -368 208 ) 
3 150 167 (176 -384 240 ) (176 -384 208 ) (208 -384 240 ) 
4 150 156 (176 -384 208 ) (176 -384 240 ) (176 -368 240 ) (176 -368 208 ) 
3 151 152 (384 -256 -16 ) (176 0 -16 ) (384 0 -16 ) 
4 152 158 (176 0 -16 ) (176 0 -128 ) (176 -128 -128 ) (176 -128 -16 ) 
4 152 159 (176 -176 -128 ) (176 -256 -128 ) (176 -256 -16 ) (176 -176 -16 ) 
4 152 154 (176 -256 -128 ) (176 0 -128 ) (384 0 -128 ) (384 -256 -128 ) 
4 152 153 (176 -256 -128 ) (256 -256 -128 ) (256 -256 -16 ) (176 -256 -16 ) 
4 153 171 (176 -384 -16 ) (176 -384 -128 ) (256 -384 -128 ) (256 -384 -16 ) 
4 153 159 (176 -384 -128 ) (176 -384 -16 ) (176 -256 -16 ) (176 -256 -128 ) 
4 153 154 (256 -384 -128 ) (176 -384 -128 ) (176 -256 -128 ) (256 -256 -128 ) 
4 154 174 (1024 -384 -688 ) (1024 -384 -224 ) (176 -384 -224 ) (176 -384 -688 ) 
4 154 170 (768 -384 -128 ) (640 -384 -128 ) (640 -384 -224 ) (768 -384 -224 ) 
4 154 171 (640 -384 -128 ) (176 -384 -128 ) (176 -384 -224 ) (640 -384 -224 ) 
4 154 166 (1024 -384 -224 ) (1024 -384 -128 ) (768 -384 -128 ) (768 -384 -224 ) 
4 154 161 (176 -384 -688 ) (176 -384 -176 ) (176 0 -176 ) (176 0 -688 ) 
4 154 158 (176 -128 -128 ) (176 0 -128 ) (176 0 -176 ) (176 -128 -176 ) 
4 154 159 (176 -384 -176 ) (176 -384 -128 ) (176 -176 -128 ) (176 -176 -176 ) 
4 155 213 (0 0 256 ) (0 0 0 ) (0 -368 0 ) (0 -368 256 ) 
3 155 157 (0 -368 130.003876 ) (0 -368 76 ) (33.233086 -368 134.157944 ) 
5 155 156 (176 -368 208 ) (176 -368 256 ) (0 -368 256 ) (0 -368 130.003876 ) (112.004196 -368 144.004181 ) 
4 156 213 (0 -384 130.003876 ) (0 -384 256 ) (0 -368 256 ) (0 -368 130.003876 ) 
5 156 167 (176 -384 208 ) (176 -384 256 ) (0 -384 256 ) (0 -384 130.003876 ) (112.004196 -384 144.004181 ) 
4 156 157 (0 -368 130.003387 ) (33.232788 -368 134.157425 ) (33.232788 -384 134.157425 ) (0 -384 130.003387 ) 
4 157 213 (0 -384 76 ) (0 -384 130.003876 ) (0 -368 130.003876 ) (0 -368 76 ) 
3 157 171 (0 -384 128 ) (0 -384 76 ) (29.714262 -384 128 ) 
4 157 167 (0 -384 130.003876 ) (0 -384 128 ) (29.714262 -384 128 ) (33.233086 -384 134.157944 ) 
4 158 161 (128 0 -176 ) (176 0 -176 ) (176 -128 -176 ) (128 -128 -176 ) 
4 158 160 (128 0 -176 ) (128 -128 -176 ) (128 -128 -16 ) (128 0 -16 ) 
4 159 171 (176 -384 -176 ) (176 -384 -16 ) (128 -384 -16 ) (128 -384 -176 ) 
4 159 161 (176 -176 -176 ) (176 -384 -176 ) (128 -384 -176 ) (128 -176 -176 ) 
4 159 160 (128 -176 -176 ) (128 -384 -176 ) (128 -384 -16 ) (128 -176 -16 ) 
4 160 216 (0 0 -16 ) (0 0 -176 ) (0 -384 -176 ) (0 -384 -16 ) 
4 160 171 (128 -384 -16 ) (0 -384 -16 ) (0 -384 -176 ) (128 -384 -176 ) 
4 160 161 (0 0 -176 ) (128 0 -176 ) (128 -384 -176 ) (0 -384 -176 ) 
4 161 216 (0 0 -176 ) (0 0 -688 ) (0 -384 -688 ) (0 -384 -176 ) 
4 161 174 (176 -384 -688 ) (176 -384 -224 ) (0 -384 -224 ) (0 -384 -688 ) 
4 161 171 (176 -384 -224 ) (176 -384 -176 ) (0 -384 -176 ) (0 -384 -224 ) 
4 162 178 (704 -1024 800 ) (448 -1024 800 ) (448 -1024 512 ) (704 -1024 512 ) 
4 162 176 (1024 -1024 512 ) (1024 -1024 800 ) (704 -1024 800 ) (704 -1024 512 ) 
4 162 173 (448 -1000 512 ) (448 -640 512 ) (704 -640 512 ) (704 -976 512 ) 
4 162 172 (768 -640 512 ) (768 -1024 512 ) (704 -1024 512 ) (704 -640 512 ) 
4 162 167 (448 -384 512 ) (768 -384 512 ) (768 -640 512 ) (448 -640 512 ) 
4 162 166 (768 -384 512 ) (1024 -384 512 ) (1024 -1024 512 ) (768 -1024 512 ) 
4 162 164 (448 -384 512 ) (448 -448 512 ) (448 -448 634.666931 ) (448 -384 640 ) 
4 162 163 (448 -448 650.666016 ) (448 -448 800 ) (448 -384 800 ) (448 -384 656 ) 
4 162 165 (448 -448 512 ) (448 -1024 512 ) (448 -1024 800 ) (448 -448 800 ) 
4 163 206 (0 -448 800 ) (0 -384 800 ) (0 -384 656 ) (0 -448 650.666504 ) 
4 163 165 (448 -448 650.666016 ) (448 -448 800 ) (0 -448 800 ) (0 -448 650.666504 ) 
4 164 209 (0 -384 640 ) (0 -384 512 ) (0 -448 512 ) (0 -448 634.666931 ) 
4 164 167 (0 -384 512 ) (448 -384 512 ) (448 -448 512 ) (0 -448 512 ) 
4 164 165 (0 -448 512 ) (448 -448 512 ) (448 -448 634.666931 ) (0 -448 634.666931 ) 
4 165 209 (0 -1024 512 ) (0 -1024 586.669922 ) (0 -448 634.666992 ) (0 -448 512 ) 
4 165 207 (0 -1024 586.669922 ) (0 -1024 800 ) (0 -448 800 ) (0 -448 634.666992 ) 
4 165 186 (128 -1024 800 ) (0 -1024 800 ) (0 -1024 512 ) (128 -1024 512 ) 
4 165 178 (448 -1024 800 ) (128 -1024 800 ) (128 -1024 512 ) (448 -1024 512 ) 
5 165 173 (448 -640 512 ) (448 -1000 512 ) (192 -1024 512 ) (0 -1024 512 ) (0 -640 512 ) 
4 165 167 (448 -448 512 ) (448 -640 512 ) (0 -640 512 ) (0 -448 512 ) 
4 166 177 (1024 -1024 -224 ) (1024 -1024 -64 ) (768 -1024 -64 ) (768 -1024 -224 ) 
4 166 176 (1024 -1024 -32 ) (1024 -1024 512 ) (768 -1024 512 ) (768 -1024 -32 ) 
4 166 174 (1024 -1024 -224 ) (768 -1024 -224 ) (768 -384 -224 ) (1024 -384 -224 ) 
4 166 172 (768 -640 -224 ) (768 -1024 -224 ) (768 -1024 512 ) (768 -640 512 ) 
4 166 170 (768 -384 -224 ) (768 -640 -224 ) (768 -640 0 ) (768 -384 0 ) 
4 166 168 (768 -640 80 ) (768 -640 128 ) (768 -544 128 ) (768 -544 98 ) 
4 166 167 (768 -640 128 ) (768 -640 512 ) (768 -384 512 ) (768 -384 128 ) 
4 167 213 (0 -384 256 ) (0 -384 128 ) (0 -640 128 ) (0 -640 256 ) 
4 167 209 (0 -640 512 ) (0 -384 512 ) (0 -384 256 ) (0 -640 256 ) 
4 167 173 (704 -640 512 ) (0 -640 512 ) (0 -640 128 ) (704 -640 128 ) 
4 167 172 (768 -640 128 ) (768 -640 512 ) (704 -640 512 ) (704 -640 128 ) 
4 167 168 (768 -640 128 ) (688 -640 128 ) (688 -544 128 ) (768 -544 128 ) 
4 167 169 (688 -640 128 ) (0 -640 128 ) (0 -384 128 ) (688 -384 128 ) 
4 168 173 (704 -640 128 ) (688 -640 128 ) (688 -640 80 ) (704 -640 80 ) 
4 168 172 (768 -640 80 ) (768 -640 128 ) (704 -640 128 ) (704 -640 80 ) 
4 168 169 (688 -544 98 ) (688 -640 80 ) (688 -640 128 ) (688 -544 128 ) 
3 169 213 (0 -384 128 ) (0 -640 80 ) (0 -640 128 ) 
4 169 173 (688 -640 128 ) (0 -640 128 ) (0 -640 80 ) (688 -640 80 ) 
4 169 171 (640 -640 80 ) (0 -640 80 ) (0 -384.003906 128 ) (640 -384.003906 128 ) 
4 170 174 (640 -384 -224 ) (768 -384 -224 ) (768 -640 -224 ) (640 -640 -224 ) 
4 170 173 (640 -640 -224 ) (704 -640 -224 ) (704 -640 0 ) (640 -640 0 ) 
4 170 172 (704 -640 -224 ) (768 -640 -224 ) (768 -640 0 ) (704 -640 0 ) 
4 170 171 (640 -384 -224 ) (640 -640 -224 ) (640 -640 0 ) (640 -384 0 ) 
4 171 216 (0 -384 -16 ) (0 -384 -224 ) (0 -640 -224 ) (0 -640 -16 ) 
4 171 215 (0 -384 0 ) (0 -384 -16 ) (0 -640 -16 ) (0 -640 0 ) 
4 171 213 (0 -384 128 ) (0 -384 0 ) (0 -640 0 ) (0 -640 80 ) 
4 171 174 (0 -640 -224 ) (0 -384 -224 ) (640 -384 -224 ) (640 -640 -224 ) 
4 171 173 (0 -640 -224 ) (640 -640 -224 ) (640 -640 80 ) (0 -640 80 ) 
4 172 177 (704 -1024 -64 ) (704 -1024 -224 ) (768 -1024 -224 ) (768 -1024 -64 ) 
4 172 176 (768 -1024 512 ) (704 -1024 512 ) (704 -1024 -32 ) (768 -1024 -32 ) 
4 172 174 (768 -1024 -224 ) (704 -1024 -224 ) (704 -640 -224 ) (768 -640 -224 ) 
4 172 173 (704 -640 512 ) (704 -640 -224 ) (704 -976 -224 ) (704 -976 512 ) 
4 173 216 (0 -1024 -224 ) (0 -1024 -16 ) (0 -640 -16 ) (0 -640 -224 ) 
4 173 215 (0 -1024 -16 ) (0 -1024 0 ) (0 -640 0 ) (0 -640 -16 ) 
4 173 213 (0 -1024 0 ) (0 -1024 256 ) (0 -640 256 ) (0 -640 0 ) 
4 173 209 (0 -1024 256 ) (0 -1024 512 ) (0 -640 512 ) (0 -640 256 ) 
4 173 192 (0 -1024 -208 ) (0 -1024 -224 ) (128 -1024 -224 ) (128 -1024 -208 ) 
4 173 190 (0 -1024 -16 ) (0 -1024 -208 ) (128 -1024 -208 ) (128 -1024 -16 ) 
4 173 186 (128 -1024 512 ) (0 -1024 512 ) (0 -1024 464 ) (128 -1024 464 ) 
4 173 179 (192 -1024 512 ) (128 -1024 512 ) (128 -1024 -224 ) (192 -1024 -224 ) 
5 173 174 (192 -1024 -224 ) (0 -1024 -224 ) (0 -640 -224 ) (704 -640 -224 ) (704 -976 -224 ) 
4 174 216 (0 -1024 -688 ) (0 -1024 -224 ) (0 -384 -224 ) (0 -384 -688 ) 
4 174 192 (128 -1024 -224 ) (0 -1024 -224 ) (0 -1024 -688 ) (128 -1024 -688 ) 
4 174 180 (1024 -1024 -688 ) (1024 -1024 -224 ) (128 -1024 -224 ) (128 -1024 -688 ) 
4 175 196 (1904 -2048 -688 ) (1904 -2048 800 ) (1024 -2048 800 ) (1024 -2048 -688 ) 
4 175 184 (1024 -1408 -688 ) (1024 -1792 -688 ) (1024 -1792 -64 ) (1024 -1408 -64 ) 
4 175 182 (1024 -1792 -32 ) (1024 -1792 64 ) (1024 -1408 64 ) (1024 -1408 -32 ) 
4 175 181 (1024 -1792 64 ) (1024 -1792 800 ) (1024 -1408 800 ) (1024 -1408 64 ) 
4 175 185 (1024 -1792 -688 ) (1024 -2048 -688 ) (1024 -2048 800 ) (1024 -1792 800 ) 
4 175 180 (1024 -1024 -224 ) (1024 -1024 -688 ) (1024 -1408 -688 ) (1024 -1408 -224 ) 
4 175 177 (1024 -1024 -64 ) (1024 -1024 -224 ) (1024 -1408 -224 ) (1024 -1408 -64 ) 
4 175 176 (1024 -1024 800 ) (1024 -1024 -32 ) (1024 -1408 -32 ) (1024 -1408 800 ) 
4 176 182 (1024 -1408 -32 ) (1024 -1408 64 ) (704 -1408 -16 ) (704 -1408 -32 ) 
4 176 181 (1024 -1408 64 ) (1024 -1408 800 ) (704 -1408 800 ) (704 -1408 -16 ) 
4 176 178 (704 -1024 800 ) (704 -1024 512 ) (704 -1408 512 ) (704 -1408 800 ) 
4 177 184 (704 -1408 -224 ) (1024 -1408 -224 ) (1024 -1408 -64 ) (704 -1408 -64 ) 
4 177 180 (1024 -1408 -224 ) (704 -1408 -224 ) (704 -1024 -224 ) (1024 -1024 -224 ) 
4 178 186 (128 -1360 800 ) (128 -1024 800 ) (128 -1024 512 ) (128 -1360 512 ) 
4 178 187 (128 -1408 512 ) (128 -1408 800 ) (128 -1360 800 ) (128 -1360 512 ) 
4 178 181 (128 -1408 800 ) (128 -1408 512 ) (704 -1408 512 ) (704 -1408 800 ) 
3 178 179 (128 -1030 512 ) (128 -1024 512 ) (192 -1024 512 ) 
4 179 192 (128 -1024 -208 ) (128 -1024 -224 ) (128 -1030 -224 ) (128 -1030 -208 ) 
4 179 190 (128 -1024 -16 ) (128 -1024 -208 ) (128 -1030 -208 ) (128 -1030 -16 ) 
4 179 186 (128 -1030 512 ) (128 -1024 512 ) (128 -1024 464 ) (128 -1030 464 ) 
3 179 180 (128 -1030 -224 ) (128 -1024 -224 ) (192 -1024 -224 ) 
4 180 192 (128 -1408 -688 ) (128 -1408 -224 ) (128 -1024 -224 ) (128 -1024 -688 ) 
4 180 184 (128 -1408 -224 ) (128 -1408 -688 ) (1024 -1408 -688 ) (1024 -1408 -224 ) 
4 181 193 (128 -1408 -16 ) (128 -1408 -64 ) (128 -1792 -64 ) (128 -1792 -16 ) 
4 181 188 (128 -1408 192 ) (128 -1408 0 ) (128 -1792 0 ) (128 -1792 192 ) 
4 181 187 (128 -1792 800 ) (128 -1408 800 ) (128 -1408 192 ) (128 -1792 192 ) 
4 181 183 (512 -1792 -64 ) (128 -1792 -64 ) (128 -1408 -64 ) (512 -1408 -64 ) 
4 181 182 (1024 -1792 64 ) (639.998169 -1792 -32 ) (639.998169 -1408 -32 ) (1024 -1408 64 ) 
5 181 185 (1024 -1792 64 ) (1024 -1792 800 ) (128 -1792 800 ) (128 -1792 -64 ) (512 -1792 -64 ) 
3 182 185 (1024 -1792 -32 ) (1024 -1792 64 ) (640 -1792 -32 ) 
4 183 193 (128 -1408 -64 ) (128 -1408 -160 ) (128 -1792 -160 ) (128 -1792 -64 ) 
3 183 185 (512 -1792 -64 ) (128 -1792 -64 ) (128 -1792 -160 ) 
4 184 194 (128 -1408 -192 ) (128 -1408 -688 ) (128 -1792 -688 ) (128 -1792 -192 ) 
5 184 185 (128 -1792 -688 ) (1024 -1792 -688 ) (1024 -1792 -64 ) (640 -1792 -64 ) (128 -1792 -192 ) 
4 185 201 (1024 -2048 -688 ) (1024 -2048 -224 ) (128 -2048 -224 ) (128 -2048 -688 ) 
4 185 198 (1024 -2048 -224 ) (1024 -2048 0 ) (128 -2048 0 ) (128 -2048 -224 ) 
4 185 197 (1024 -2048 0 ) (1024 -2048 800 ) (128 -2048 800 ) (128 -2048 0 ) 
4 185 195 (128 -2048 -688 ) (128 -2048 -224 ) (128 -1792 -224 ) (128 -1792 -688 ) 
4 185 188 (128 -2048 0 ) (128 -2048 192 ) (128 -1792 192 ) (128 -1792 0 ) 
4 185 187 (128 -2048 192 ) (128 -2048 800 ) (128 -1792 800 ) (128 -1792 192 ) 
4 186 234 (0 -1360 800 ) (0 -1024 800 ) (0 -1024 464 ) (0 -1360 464 ) 
4 186 187 (128 -1360 464 ) (128 -1360 800 ) (0 -1360 800 ) (0 -1360 464 ) 
4 187 235 (0 -2048 192 ) (0 -2048 800 ) (0 -1360 800 ) (0 -1360 192 ) 
4 187 197 (128 -2048 192 ) (128 -2048 800 ) (0 -2048 800 ) (0 -2048 192 ) 
4 187 188 (128 -1360 192 ) (128 -2048 192 ) (112 -2048 192 ) (112 -1360 192 ) 
4 187 189 (112 -2048 192 ) (0 -2048 192 ) (0 -1360 192 ) (112 -1360 192 ) 
4 188 197 (128 -2048 0 ) (128 -2048 192 ) (112 -2048 192 ) (112 -2048 0 ) 
4 188 189 (112 -1360 0 ) (112 -2048 0 ) (112 -2048 192 ) (112 -1360 192 ) 
4 189 238 (0 -2048 0 ) (0 -2048 160 ) (0 -1040 160 ) (0 -1040 0 ) 
4 189 236 (0 -2048 160 ) (0 -2048 192 ) (0 -1040 192 ) (0 -1040 160 ) 
4 189 197 (112 -2048 192 ) (0 -2048 192 ) (0 -2048 0 ) (112 -2048 0 ) 
4 190 243 (0 -1152 -16 ) (0 -1024 -16 ) (0 -1024 -208 ) (0 -1152 -208 ) 
4 190 192 (0 -1152 -208 ) (0 -1024 -208 ) (128 -1024 -208 ) (128 -1152 -208 ) 
4 191 246 (0 -1408 -192 ) (0 -1408 -16 ) (0 -1280 -16 ) (0 -1280 -192 ) 
4 191 193 (128 -1408 -160 ) (128 -1408 -16 ) (0 -1408 -16 ) (0 -1408 -192 ) 
4 192 251 (0 -1408 -688 ) (0 -1408 -224 ) (0 -1024 -224 ) (0 -1024 -688 ) 
4 192 247 (0 -1408 -224 ) (0 -1408 -208 ) (0 -1280 -208 ) (0 -1280 -224 ) 
4 192 244 (0 -1280 -208 ) (0 -1152 -208 ) (0 -1152 -224 ) (0 -1280 -224 ) 
4 192 243 (0 -1152 -208 ) (0 -1024 -208 ) (0 -1024 -224 ) (0 -1152 -224 ) 
5 192 194 (128 -1408 -688 ) (128 -1408 -208 ) (64 -1408 -208 ) (0 -1408 -224 ) (0 -1408 -688 ) 
4 193 249 (0 -1792 -192 ) (0 -1792 -16 ) (0 -1408 -16 ) (0 -1408 -192 ) 
4 194 251 (0 -1792 -688 ) (0 -1792 -224 ) (0 -1408 -224 ) (0 -1408 -688 ) 
4 194 195 (128 -1792 -688 ) (128 -1792 -224 ) (0 -1792 -224 ) (0 -1792 -688 ) 
4 195 251 (0 -2048 -688 ) (0 -2048 -224 ) (0 -1792 -224 ) (0 -1792 -688 ) 
4 195 201 (128 -2048 -688 ) (128 -2048 -224 ) (0 -2048 -224 ) (0 -2048 -688 ) 
4 196 201 (1024 -2048 -224 ) (1024 -2048 -688 ) (1024 -2544 -688 ) (1024 -2544 -224 ) 
4 196 199 (1024 -2080 -224 ) (1024 -2544 -224 ) (1024 -2544 0 ) (1024 -2080 0 ) 
4 196 198 (1024 -2048 0 ) (1024 -2048 -224 ) (1024 -2080 -224 ) (1024 -2080 0 ) 
4 196 197 (1024 -2048 800 ) (1024 -2048 0 ) (1024 -2544 0 ) (1024 -2544 800 ) 
4 197 257 (0 -2544 0 ) (0 -2544 800 ) (0 -2048 800 ) (0 -2048 0 ) 
4 197 200 (128 -2544 0 ) (0 -2544 0 ) (0 -2096 0 ) (128 -2096 0 ) 
4 197 199 (1024 -2544 0 ) (128 -2544 0 ) (128 -2080 0 ) (1024 -2080 0 ) 
4 197 198 (128 -2048 0 ) (1024 -2048 0 ) (1024 -2080 0 ) (128 -2080 0 ) 
4 198 201 (128 -2048 -224 ) (1024 -2048 -224 ) (1024 -2080 -224 ) (128 -2080 -224 ) 
4 198 199 (128 -2080 -224 ) (1024 -2080 -224 ) (1024 -2080 0 ) (128 -2080 0 ) 
4 199 201 (1024 -2544 -224 ) (128 -2544 -224 ) (128 -2080 -224 ) (1024 -2080 -224 ) 
4 199 200 (128 -2096 -224 ) (128 -2544 -224 ) (128 -2544 0 ) (128 -2096 0 ) 
4 200 261 (0 -2544 -224 ) (0 -2544 0 ) (0 -2096 0 ) (0 -2096 -224 ) 
4 200 201 (128 -2544 -224 ) (0 -2544 -224 ) (0 -2096 -224 ) (128 -2096 -224 ) 
4 201 260 (0 -2096 -224 ) (0 -2080 -224 ) (0 -2080 -688 ) (0 -2096 -688 ) 
4 201 261 (0 -2544 -688 ) (0 -2544 -224 ) (0 -2096 -224 ) (0 -2096 -688 ) 
4 201 258 (0 -2080 -224 ) (0 -2048 -224 ) (0 -2048 -688 ) (0 -2080 -688 ) 
4 202 206 (0 -176 673.333496 ) (0 -176 800 ) (-176 -176 800 ) (-176 -176 673.333679 ) 
4 202 204 (-176 -176 673.333679 ) (-176 -176 800 ) (-176 0 800 ) (-176 0 688 ) 
4 202 203 (0 -176 673.333801 ) (-176 -176 673.333984 ) (-176 0 688 ) (0 0 688 ) 
4 203 209 (-176 0 671.998047 ) (0 0 671.998047 ) (0 -176 657.332275 ) (-176 -176 657.332275 ) 
4 204 206 (-176 -176 673.333679 ) (-176 -176 800 ) (-448 -176 800 ) (-448 -176 673.333984 ) 
4 204 205 (-448 -176 673.333984 ) (-448 -176 800 ) (-448 0 800 ) (-448 0 688 ) 
4 205 252 (-1024 0 800 ) (-1024 0 671.998047 ) (-1024 -176 657.332275 ) (-1024 -176 800 ) 
4 205 212 (-1024 -176 657.332275 ) (-1024 0 671.998047 ) (-448 0 671.998047 ) (-448 -176 657.332275 ) 
4 205 208 (-1024 -176 800 ) (-1024 -176 657.332031 ) (-448 -176 657.332031 ) (-448 -176 800 ) 
4 206 207 (-448 -448 800 ) (-448 -448 650.666992 ) (0 -448 650.666504 ) (0 -448 800 ) 
4 206 208 (-448 -448 800 ) (-448 -176 800 ) (-448 -176 673.333984 ) (-448 -448 650.666992 ) 
4 207 239 (-352 -1024 800 ) (-448 -1024 800 ) (-448 -1024 586.669922 ) (-352 -1024 586.669922 ) 
4 207 234 (0 -1024 586.669922 ) (0 -1024 800 ) (-352 -1024 800 ) (-352 -1024 586.669922 ) 
4 207 211 (-320 -1024 586.669922 ) (-384 -1024 586.669922 ) (-384 -448 634.666992 ) (-320 -448 634.666992 ) 
4 207 209 (0 -1024 586.669922 ) (-320 -1024 586.669922 ) (-320 -448 634.666992 ) (0 -448 634.666992 ) 
4 207 212 (-384 -1024 586.669922 ) (-448 -1024 586.669922 ) (-448 -448 634.666992 ) (-384 -448 634.666992 ) 
4 207 208 (-448 -1024 800 ) (-448 -448 800 ) (-448 -448 634.666931 ) (-448 -1024 586.669922 ) 
4 208 252 (-1024 -176 657.332275 ) (-1024 -1024 586.669922 ) (-1024 -1024 800 ) (-1024 -176 800 ) 
4 208 239 (-448 -1024 800 ) (-1024 -1024 800 ) (-1024 -1024 586.669922 ) (-448 -1024 586.669922 ) 
4 208 212 (-448 -1024 586.669922 ) (-1024 -1024 586.669922 ) (-1024 -176 657.332275 ) (-448 -176 657.332275 ) 
4 209 234 (0 -1024 464 ) (0 -1024 586.669922 ) (-320 -1024 586.669922 ) (-320 -1024 464 ) 
4 209 225 (-176 -256 256 ) (-176 -384 256 ) (-256 -384 256 ) (-256 -256 256 ) 
4 209 220 (-304 0 256 ) (-176 0 256 ) (-176 -256 256 ) (-304 -256 256 ) 
4 209 227 (-176 -384 256 ) (-176 -1024 256 ) (-320 -1024 256 ) (-320 -384 256 ) 
4 209 213 (-176 0 256 ) (0 0 256 ) (0 -1024 256 ) (-176 -1024 256 ) 
4 209 210 (-320 0 256 ) (-320 -320 256 ) (-320 -320 645.333130 ) (-320 0 671.998169 ) 
4 209 211 (-320 -384 256 ) (-320 -1024 256 ) (-320 -1024 586.670044 ) (-320 -384 640 ) 
4 210 221 (-384 0 256 ) (-352 0 256 ) (-352 -256 256 ) (-384 -256 256 ) 
4 210 212 (-384 0 256 ) (-384 -320 256 ) (-384 -320 645.333130 ) (-384 0 671.998169 ) 
4 211 239 (-352 -1024 586.669922 ) (-384 -1024 586.669922 ) (-384 -1024 464 ) (-352 -1024 464 ) 
4 211 234 (-320 -1024 586.669922 ) (-352 -1024 586.669922 ) (-352 -1024 464 ) (-320 -1024 464 ) 
4 211 227 (-320 -384 256 ) (-320 -1024 256 ) (-384 -1024 256 ) (-384 -384 256 ) 
4 211 212 (-384 -384 256 ) (-384 -1024 256 ) (-384 -1024 586.670044 ) (-384 -384 640 ) 
4 212 252 (-1024 0 671.998047 ) (-1024 0 256 ) (-1024 -1024 256 ) (-1024 -1024 586.669922 ) 
4 212 239 (-384 -1024 586.669922 ) (-1024 -1024 586.669922 ) (-1024 -1024 464 ) (-384 -1024 464 ) 
4 212 230 (-384 -256 256 ) (-384 -384 256 ) (-448 -384 256 ) (-448 -256 256 ) 
4 212 229 (-448 0 256 ) (-384 0 256 ) (-384 -256 256 ) (-448 -256 256 ) 
4 212 232 (-384 -384 256 ) (-384 -1024 256 ) (-448 -1024 256 ) (-448 -384 256 ) 
4 212 233 (-1024 -1024 256 ) (-1024 0 256 ) (-448 0 256 ) (-448 -1024 256 ) 
4 213 237 (-80 -1024 160 ) (-176 -1024 160 ) (-176 -1024 0 ) (-80 -1024 0 ) 
4 213 225 (-176 -384 256 ) (-176 -256 256 ) (-176 -256 0 ) (-176 -384 0 ) 
4 213 222 (-176 0 240 ) (-176 0 0 ) (-176 -256 0 ) (-176 -256 240 ) 
4 213 220 (-176 -256 256 ) (-176 0 256 ) (-176 0 240 ) (-176 -256 240 ) 
4 213 227 (-176 -1024 0 ) (-176 -1024 256 ) (-176 -384 256 ) (-176 -384 0 ) 
3 213 214 (-176 -128 0 ) (-176 0 0 ) (-144 0 0 ) 
4 213 215 (0 -1024 0 ) (-176 -1024 0 ) (-176 -384 0 ) (0 -384 0 ) 
4 214 223 (-176 -128 0 ) (-176 0 0 ) (-176 0 -16 ) (-176 -128 -16 ) 
3 214 217 (-176 -128 -16 ) (-176 0 -16 ) (-144 0 -16 ) 
4 215 227 (-176 -1024 -16 ) (-176 -1024 0 ) (-176 -384 0 ) (-176 -384 -16 ) 
4 215 219 (-176 -1024 -16 ) (-176 -384 -16 ) (-128 -384 -16 ) (-128 -1024 -16 ) 
4 215 216 (-128 -384 -16 ) (0 -384 -16 ) (0 -1024 -16 ) (-128 -1024 -16 ) 
4 216 251 (0 -1024 -688 ) (0 -1024 -224 ) (-128 -1024 -224 ) (-128 -1024 -688 ) 
4 216 243 (0 -1024 -224 ) (0 -1024 -16 ) (-128 -1024 -16 ) (-128 -1024 -224 ) 
4 216 218 (-128 -128 -688 ) (-128 -176 -688 ) (-128 -176 -176 ) (-128 -128 -176 ) 
4 216 217 (-128 0 -688 ) (-128 -128 -688 ) (-128 -128 -16 ) (-128 0 -16 ) 
4 216 219 (-128 -176 -688 ) (-128 -1024 -688 ) (-128 -1024 -16 ) (-128 -176 -16 ) 
4 217 228 (-176 0 -128 ) (-176 0 -688 ) (-176 -128 -688 ) (-176 -128 -128 ) 
4 217 224 (-176 -128 -16 ) (-176 0 -16 ) (-176 0 -128 ) (-176 -128 -128 ) 
4 217 218 (-176 -128 -688 ) (-128 -128 -688 ) (-128 -128 -176 ) (-176 -128 -176 ) 
4 218 228 (-176 -128 -176 ) (-176 -128 -688 ) (-176 -176 -688 ) (-176 -176 -176 ) 
4 218 219 (-176 -176 -688 ) (-128 -176 -688 ) (-128 -176 -176 ) (-176 -176 -176 ) 
4 219 251 (-176 -1024 -224 ) (-176 -1024 -688 ) (-128 -1024 -688 ) (-128 -1024 -224 ) 
4 219 243 (-128 -1024 -16 ) (-176 -1024 -16 ) (-176 -1024 -224 ) (-128 -1024 -224 ) 
4 219 228 (-176 -1024 -688 ) (-176 -1024 -128 ) (-176 -176 -128 ) (-176 -176 -688 ) 
4 219 226 (-176 -384 -16 ) (-176 -256 -16 ) (-176 -256 -128 ) (-176 -384 -128 ) 
4 219 224 (-176 -256 -16 ) (-176 -176 -16 ) (-176 -176 -128 ) (-176 -256 -128 ) 
4 219 227 (-176 -1024 -128 ) (-176 -1024 -16 ) (-176 -384 -16 ) (-176 -384 -128 ) 
4 220 225 (-256 -256 240 ) (-176 -256 240 ) (-176 -256 256 ) (-256 -256 256 ) 
4 220 222 (-176 -256 240 ) (-304 -256 240 ) (-304 0 240 ) (-176 0 240 ) 
4 221 229 (-384 -256 256 ) (-384 0 256 ) (-384 0 240 ) (-384 -256 240 ) 
4 221 222 (-352 -256 240 ) (-384 -256 240 ) (-384 0 240 ) (-352 0 240 ) 
4 222 229 (-384 0 240 ) (-384 0 0 ) (-384 -256 0 ) (-384 -256 240 ) 
4 222 225 (-256 -256 0 ) (-176 -256 0 ) (-176 -256 240 ) (-256 -256 240 ) 
4 222 223 (-384 -176 0 ) (-384 0 0 ) (-176 0 0 ) (-176 -128 0 ) 
4 223 229 (-384 0 0 ) (-384 0 -16 ) (-384 -176 -16 ) (-384 -176 0 ) 
4 223 224 (-384 -176 -16 ) (-384 0 -16 ) (-176 0 -16 ) (-176 -128 -16 ) 
4 224 229 (-384 0 -16 ) (-384 0 -128 ) (-384 -256 -128 ) (-384 -256 -16 ) 
4 224 228 (-384 -256 -128 ) (-384 0 -128 ) (-176 0 -128 ) (-176 -256 -128 ) 
4 224 226 (-256 -256 -128 ) (-176 -256 -128 ) (-176 -256 -16 ) (-256 -256 -16 ) 
4 225 227 (-256 -384 0 ) (-176 -384 0 ) (-176 -384 256 ) (-256 -384 256 ) 
4 226 228 (-256 -256 -128 ) (-176 -256 -128 ) (-176 -384 -128 ) (-256 -384 -128 ) 
4 226 227 (-256 -384 -128 ) (-176 -384 -128 ) (-176 -384 -16 ) (-256 -384 -16 ) 
4 227 243 (-176 -1024 -128 ) (-176 -1024 -16 ) (-352 -1024 -16 ) (-352 -1024 -128 ) 
4 227 245 (-352 -1024 -16 ) (-384 -1024 -16 ) (-384 -1024 -128 ) (-352 -1024 -128 ) 
4 227 237 (-176 -1024 0 ) (-176 -1024 160 ) (-208 -1024 160 ) (-208 -1024 0 ) 
4 227 232 (-384 -1024 256 ) (-384 -384 256 ) (-384 -384 -128 ) (-384 -1024 -128 ) 
4 227 228 (-384 -1024 -128 ) (-384 -384 -128 ) (-176 -384 -128 ) (-176 -1024 -128 ) 
4 228 251 (-176 -1024 -688 ) (-176 -1024 -224 ) (-384 -1024 -224 ) (-384 -1024 -688 ) 
4 228 243 (-176 -1024 -224 ) (-176 -1024 -128 ) (-352 -1024 -128 ) (-352 -1024 -224 ) 
4 228 245 (-352 -1024 -128 ) (-384 -1024 -128 ) (-384 -1024 -224 ) (-352 -1024 -224 ) 
4 228 231 (-384 -256 -688 ) (-384 -384 -688 ) (-384 -384 -128 ) (-384 -256 -128 ) 
4 228 229 (-384 0 -128 ) (-384 0 -688 ) (-384 -256 -688 ) (-384 -256 -128 ) 
4 228 232 (-384 -384 -688 ) (-384 -1024 -688 ) (-384 -1024 -128 ) (-384 -384 -128 ) 
4 229 230 (-448 -256 256 ) (-448 -256 160 ) (-384 -256 160 ) (-384 -256 256 ) 
4 229 231 (-448 -256 -32 ) (-448 -256 -688 ) (-384 -256 -688 ) (-384 -256 -32 ) 
4 229 233 (-448 0 -688 ) (-448 -256 -688 ) (-448 -256 256 ) (-448 0 256 ) 
4 230 232 (-448 -384 256 ) (-448 -384 160 ) (-384 -384 160 ) (-384 -384 256 ) 
4 230 233 (-448 -384 160 ) (-448 -384 256 ) (-448 -256 256 ) (-448 -256 160 ) 
4 231 233 (-448 -256 -688 ) (-448 -384 -688 ) (-448 -384 -32 ) (-448 -256 -32 ) 
4 231 232 (-448 -384 -32 ) (-448 -384 -688 ) (-384 -384 -688 ) (-384 -384 -32 ) 
4 232 251 (-384 -1024 -688 ) (-384 -1024 -224 ) (-448 -1024 -224 ) (-448 -1024 -688 ) 
4 232 245 (-384 -1024 -224 ) (-384 -1024 -16 ) (-448 -1024 -16 ) (-448 -1024 -224 ) 
4 232 233 (-448 -384 -688 ) (-448 -1024 -688 ) (-448 -1024 256 ) (-448 -384 256 ) 
4 233 254 (-1024 -768 -688 ) (-1024 -1024 -688 ) (-1024 -1024 96 ) (-1024 -768 96 ) 
4 233 253 (-1024 0 112 ) (-1024 0 -688 ) (-1024 -768 -688 ) (-1024 -768 112 ) 
4 233 252 (-1024 0 256 ) (-1024 0 112 ) (-1024 -1024 112 ) (-1024 -1024 256 ) 
4 233 251 (-1024 -1024 -224 ) (-1024 -1024 -688 ) (-448 -1024 -688 ) (-448 -1024 -224 ) 
4 233 245 (-1024 -1024 -16 ) (-1024 -1024 -224 ) (-448 -1024 -224 ) (-448 -1024 -16 ) 
4 234 239 (-352 -1360 800 ) (-352 -1024 800 ) (-352 -1024 464 ) (-352 -1360 464 ) 
4 234 235 (0 -1360 464 ) (0 -1360 800 ) (-352 -1360 800 ) (-352 -1360 464 ) 
4 235 257 (0 -2048 192 ) (0 -2048 800 ) (-352 -2048 800 ) (-352 -2048 192 ) 
4 235 241 (-352 -2048 192 ) (-352 -2048 800 ) (-352 -1792 800 ) (-352 -1792 192 ) 
4 235 240 (-352 -1792 800 ) (-352 -1536 800 ) (-352 -1536 464 ) (-352 -1792 464 ) 
4 235 239 (-352 -1536 800 ) (-352 -1360 800 ) (-352 -1360 464 ) (-352 -1536 464 ) 
4 235 236 (-352 -2048 192 ) (-352 -1360 192 ) (0 -1360 192 ) (0 -2048 192 ) 
4 236 257 (0 -2048 160 ) (0 -2048 192 ) (-352 -2048 192 ) (-352 -2048 160 ) 
4 236 241 (-352 -2048 160 ) (-352 -2048 192 ) (-352 -1792 192 ) (-352 -1792 160 ) 
4 236 238 (0 -2048 160 ) (-352 -2048 160 ) (-352 -1040 160 ) (0 -1040 160 ) 
4 237 238 (-208 -1040 0 ) (-80 -1040 0 ) (-80 -1040 160 ) (-208 -1040 160 ) 
4 238 257 (0 -2048 0 ) (0 -2048 160 ) (-352 -2048 160 ) (-352 -2048 0 ) 
4 238 241 (-352 -2048 0 ) (-352 -2048 160 ) (-352 -1792 160 ) (-352 -1792 0 ) 
4 239 256 (-1024 -1024 800 ) (-1024 -1024 464 ) (-1024 -1536 464 ) (-1024 -1536 800 ) 
4 239 242 (-1024 -1536 800 ) (-1024 -1536 464 ) (-512 -1536 464 ) (-512 -1536 800 ) 
4 239 240 (-512 -1536 464 ) (-352 -1536 464 ) (-352 -1536 800 ) (-512 -1536 800 ) 
4 240 242 (-512 -1536 800 ) (-512 -1536 464 ) (-512 -1792 464 ) (-512 -1792 800 ) 
4 240 241 (-512 -1792 800 ) (-512 -1792 464 ) (-352 -1792 464 ) (-352 -1792 800 ) 
4 241 257 (-512 -2048 800 ) (-512 -2048 0 ) (-352 -2048 0 ) (-352 -2048 800 ) 
4 241 242 (-512 -2048 0 ) (-512 -2048 800 ) (-512 -1792 800 ) (-512 -1792 0 ) 
4 242 257 (-1024 -2048 800 ) (-1024 -2048 0 ) (-512 -2048 0 ) (-512 -2048 800 ) 
4 242 256 (-1024 -2048 0 ) (-1024 -2048 800 ) (-1024 -1536 800 ) (-1024 -1536 0 ) 
4 243 251 (-352 -1024 -224 ) (0 -1024 -224 ) (0 -1152 -224 ) (-352 -1152 -224 ) 
4 243 244 (-352 -1152 -208 ) (-352 -1152 -224 ) (0 -1152 -224 ) (0 -1152 -208 ) 
4 243 245 (-352 -1024 -224 ) (-352 -1152 -224 ) (-352 -1152 -16 ) (-352 -1024 -16 ) 
4 244 251 (0 -1152 -224 ) (0 -1280 -224 ) (-352 -1280 -224 ) (-352 -1152 -224 ) 
4 244 247 (-352 -1280 -224 ) (0 -1280 -224 ) (0 -1280 -208 ) (-352 -1280 -208 ) 
4 244 245 (-352 -1152 -224 ) (-352 -1280 -224 ) (-352 -1280 -208 ) (-352 -1152 -208 ) 
4 245 256 (-1024 -1280 -16 ) (-1024 -1024 -16 ) (-1024 -1024 -224 ) (-1024 -1280 -224 ) 
4 245 251 (-1024 -1280 -224 ) (-1024 -1024 -224 ) (-352 -1024 -224 ) (-352 -1280 -224 ) 
4 245 248 (-1024 -1280 -224 ) (-352 -1280 -224 ) (-352 -1280 -16 ) (-1024 -1280 -16 ) 
4 246 249 (0 -1408 -192 ) (0 -1408 -16 ) (-352 -1408 -16 ) (-352 -1408 -192 ) 
4 246 248 (-352 -1280 -16 ) (-352 -1280 -192 ) (-352 -1408 -192 ) (-352 -1408 -16 ) 
4 247 251 (-352 -1280 -224 ) (0 -1280 -224 ) (0 -1408 -224 ) (-352 -1408 -224 ) 
4 247 248 (-352 -1280 -208 ) (-352 -1280 -224 ) (-352 -1408 -224 ) (-352 -1408 -208 ) 
4 248 256 (-1024 -1408 -16 ) (-1024 -1280 -16 ) (-1024 -1280 -224 ) (-1024 -1408 -224 ) 
4 248 251 (-1024 -1408 -224 ) (-1024 -1280 -224 ) (-352 -1280 -224 ) (-352 -1408 -224 ) 
4 248 249 (-352 -1408 -192 ) (-352 -1408 -16 ) (-1024 -1408 -16 ) (-1024 -1408 -192 ) 
4 249 256 (-1024 -1792 -16 ) (-1024 -1408 -16 ) (-1024 -1408 -192 ) (-1024 -1792 -192 ) 
4 249 250 (-512 -1792 -16 ) (-1024 -1792 -16 ) (-1024 -1792 -192 ) (-512 -1792 -192 ) 
4 250 259 (-512 -2048 -16 ) (-1024 -2048 -16 ) (-1024 -2048 -224 ) (-512 -2048 -224 ) 
4 250 256 (-1024 -2048 -224 ) (-1024 -2048 -16 ) (-1024 -1792 -16 ) (-1024 -1792 -224 ) 
4 250 251 (-512 -2048 -224 ) (-1024 -2048 -224 ) (-1024 -1792 -224 ) (-512 -1792 -224 ) 
4 251 259 (-512 -2048 -224 ) (-1024 -2048 -224 ) (-1024 -2048 -688 ) (-512 -2048 -688 ) 
4 251 258 (0 -2048 -688 ) (0 -2048 -224 ) (-512 -2048 -224 ) (-512 -2048 -688 ) 
4 251 256 (-1024 -2048 -688 ) (-1024 -2048 -224 ) (-1024 -1024 -224 ) (-1024 -1024 -688 ) 
4 252 256 (-1024 -1024 112 ) (-1024 -1024 800 ) (-1616 -1024 800 ) (-1616 -1024 112 ) 
4 252 253 (-1536 -768 112 ) (-1536 0 112 ) (-1024 0 112 ) (-1024 -768 112 ) 
4 252 255 (-1536 -1024 112 ) (-1616 -1024 112 ) (-1616 0 112 ) (-1536 0 112 ) 
4 253 254 (-1536 -768 96 ) (-1536 -768 -688 ) (-1024 -768 -688 ) (-1024 -768 96 ) 
4 253 255 (-1536 0 -688 ) (-1536 -768 -688 ) (-1536 -768 112 ) (-1536 0 112 ) 
4 254 256 (-1024 -1024 -688 ) (-1024 -1024 96 ) (-1536 -1024 96 ) (-1536 -1024 -688 ) 
4 254 255 (-1536 -768 -688 ) (-1536 -1024 -688 ) (-1536 -1024 96 ) (-1536 -768 96 ) 
4 255 256 (-1536 -1024 112 ) (-1616 -1024 112 ) (-1616 -1024 -688 ) (-1536 -1024 -688 ) 
4 256 263 (-1024 -2048 -688 ) (-1024 -2048 800 ) (-1616 -2048 800 ) (-1616 -2048 -688 ) 
4 257 263 (-1024 -2048 800 ) (-1024 -2048 0 ) (-1024 -2544 0 ) (-1024 -2544 800 ) 
4 257 261 (0 -2544 0 ) (-672 -2544 0 ) (-672 -2096 0 ) (0 -2096 0 ) 
4 257 262 (-672 -2544 0 ) (-1024 -2544 0 ) (-1024 -2080 0 ) (-672 -2080 0 ) 
4 258 260 (-512 -2080 -224 ) (-512 -2080 -688 ) (0 -2080 -688 ) (0 -2080 -224 ) 
4 258 259 (-512 -2080 -688 ) (-512 -2080 -224 ) (-512 -2048 -224 ) (-512 -2048 -688 ) 
4 259 263 (-1024 -2048 -16 ) (-1024 -2048 -688 ) (-1024 -2080 -688 ) (-1024 -2080 -16 ) 
4 259 260 (-672 -2080 -688 ) (-512 -2080 -688 ) (-512 -2080 -224 ) (-672 -2080 -224 ) 
4 259 262 (-1024 -2080 -16 ) (-1024 -2080 -688 ) (-672 -2080 -688 ) (-672 -2080 -16 ) 
4 260 261 (-672 -2096 -224 ) (-672 -2096 -688 ) (0 -2096 -688 ) (0 -2096 -224 ) 
4 260 262 (-672 -2080 -224 ) (-672 -2080 -688 ) (-672 -2096 -688 ) (-672 -2096 -224 ) 
4 261 262 (-672 -2096 -688 ) (-672 -2544 -688 ) (-672 -2544 0 ) (-672 -2096 0 ) 
4 262 263 (-1024 -2544 -688 ) (-1024 -2544 0 ) (-1024 -2080 0 ) (-1024 -2080 -688 ) 
