PRT1
157
469
4 0 5 (1408 1024 640 ) (1408 1024 1008 ) (1024 1024 1008 ) (1024 1024 640 ) 
4 0 2 (1024 1024 640 ) (1024 1024 1008 ) (1024 1152 1008 ) (1024 1152 640 ) 
4 1 14 (1280 1024 0 ) (1024 1024 0 ) (1024 1024 -384 ) (1280 1024 -384 ) 
4 1 13 (1408 1024 -384 ) (1408 1024 0 ) (1280 1024 0 ) (1280 1024 -384 ) 
4 1 9 (1280 1024 256 ) (1024 1024 256 ) (1024 1024 0 ) (1280 1024 0 ) 
4 1 8 (1408 1024 0 ) (1408 1024 256 ) (1280 1024 256 ) (1280 1024 0 ) 
4 1 7 (1408 1024 256 ) (1408 1024 624 ) (1024 1024 624 ) (1024 1024 256 ) 
4 1 4 (1024 1024 -384 ) (1024 1024 624 ) (1024 1152 624 ) (1024 1152 -384 ) 
4 2 25 (0 1024 640 ) (0 1024 1008 ) (0 1152 1008 ) (0 1152 640 ) 
4 2 15 (1024 1024 640 ) (1024 1024 1008 ) (0 1024 1008 ) (0 1024 640 ) 
4 2 3 (0 1152 640 ) (1024 1152 640 ) (896 1024 640 ) (0 1024 640 ) 
4 3 25 (0 1024 624 ) (0 1024 640 ) (0 1152 640 ) (0 1152 624 ) 
4 3 16 (896 1024 640 ) (0 1024 640 ) (0 1024 624 ) (896 1024 624 ) 
4 3 4 (896 1024 624 ) (0 1024 624 ) (0 1152 624 ) (1024 1152 624 ) 
4 4 25 (0 1024 -384 ) (0 1024 624 ) (0 1152 624 ) (0 1152 -384 ) 
4 4 24 (1024 1024 -384 ) (1024 1024 0 ) (0 1024 0 ) (0 1024 -384 ) 
4 4 18 (1024 1024 0 ) (1024 1024 624 ) (0 1024 624 ) (0 1024 0 ) 
4 5 72 (1280 0 1008 ) (1024 0 1008 ) (1024 0 640 ) (1280 0 640 ) 
4 5 69 (1392 0 1008 ) (1280 0 1008 ) (1280 0 640 ) (1392 0 640 ) 
4 5 68 (1408 0 640 ) (1408 0 1008 ) (1392 0 1008 ) (1392 0 640 ) 
4 5 15 (1024 1024 1008 ) (1024 1024 640 ) (1024 0 640 ) (1024 0 1008 ) 
4 5 6 (1024 0 640 ) (1024 640 640 ) (1408 1024 640 ) (1408 0 640 ) 
4 6 72 (1280 0 640 ) (1024 0 640 ) (1024 0 624 ) (1280 0 624 ) 
4 6 69 (1392 0 640 ) (1280 0 640 ) (1280 0 624 ) (1392 0 624 ) 
4 6 68 (1408 0 624 ) (1408 0 640 ) (1392 0 640 ) (1392 0 624 ) 
4 6 17 (1024 640 624 ) (1024 0 624 ) (1024 0 640 ) (1024 640 640 ) 
4 6 7 (1408 1024 624 ) (1408 0 624 ) (1024 0 624 ) (1024 640 624 ) 
4 7 74 (1024 0 384 ) (1024 0 256 ) (1280 0 256 ) (1280 0 384 ) 
4 7 72 (1280 0 624 ) (1024 0 624 ) (1024 0 384 ) (1280 0 384 ) 
4 7 69 (1392 0 624 ) (1280 0 624 ) (1280 0 256 ) (1392 0 256 ) 
4 7 68 (1408 0 256 ) (1408 0 624 ) (1392 0 624 ) (1392 0 256 ) 
4 7 20 (1024 512 256 ) (1024 0 256 ) (1024 0 624 ) (1024 512 624 ) 
4 7 19 (1024 640 256 ) (1024 512 256 ) (1024 512 624 ) (1024 640 624 ) 
4 7 18 (1024 1024 624 ) (1024 1024 256 ) (1024 640 256 ) (1024 640 624 ) 
4 7 11 (1280 0 256 ) (1152 0 256 ) (1152 512 256 ) (1280 512 256 ) 
4 7 10 (1408 512 256 ) (1408 0 256 ) (1280 0 256 ) (1280 512 256 ) 
4 7 12 (1152 0 256 ) (1024 0 256 ) (1024 512 256 ) (1152 512 256 ) 
4 7 9 (1024 1024 256 ) (1280 1024 256 ) (1280 640 256 ) (1024 640 256 ) 
4 7 8 (1280 1024 256 ) (1408 1024 256 ) (1408 512 256 ) (1280 512 256 ) 
4 8 13 (1280 1024 0 ) (1408 1024 0 ) (1408 512 0 ) (1280 512 0 ) 
4 8 10 (1280 512 0 ) (1408 512 0 ) (1408 512 256 ) (1280 512 256 ) 
4 8 9 (1280 1024 0 ) (1280 640 0 ) (1280 640 256 ) (1280 1024 256 ) 
4 9 18 (1024 1024 256 ) (1024 1024 0 ) (1024 640 0 ) (1024 640 256 ) 
4 9 14 (1024 640 0 ) (1024 1024 0 ) (1280 1024 0 ) (1280 640 0 ) 
4 10 69 (1392 0 256 ) (1280 0 256 ) (1280 0 0 ) (1392 0 0 ) 
4 10 68 (1408 0 0 ) (1408 0 256 ) (1392 0 256 ) (1392 0 0 ) 
4 10 13 (1280 512 0 ) (1408 512 0 ) (1408 0 0 ) (1280 0 0 ) 
4 10 11 (1280 512 256 ) (1280 512 80 ) (1280 0 80 ) (1280 0 256 ) 
4 11 77 (1152 0 128 ) (1152 0 80 ) (1280 0 80 ) (1280 0 128 ) 
4 11 74 (1280 0 256 ) (1152 0 256 ) (1152 0 128 ) (1280 0 128 ) 
4 11 12 (1152 512 256 ) (1152 512 80 ) (1152 0 80 ) (1152 0 256 ) 
4 12 78 (1024 0 128 ) (1024 0 0 ) (1152 0 0 ) (1152 0 128 ) 
4 12 74 (1152 0 256 ) (1024 0 256 ) (1024 0 128 ) (1152 0 128 ) 
4 12 21 (1024 512 0 ) (1024 0 0 ) (1024 0 128 ) (1024 512 128 ) 
4 12 20 (1024 0 128 ) (1024 0 256 ) (1024 512 256 ) (1024 512 128 ) 
4 13 69 (1392 0 0 ) (1280 0 0 ) (1280 0 -384 ) (1392 0 -384 ) 
4 13 68 (1408 0 -384 ) (1408 0 0 ) (1392 0 0 ) (1392 0 -384 ) 
4 13 14 (1280 1024 -384 ) (1280 640 -384 ) (1280 640 0 ) (1280 1024 0 ) 
4 14 24 (1024 1024 0 ) (1024 1024 -384 ) (1024 640 -384 ) (1024 640 0 ) 
4 15 85 (384 0 1008 ) (0 0 1008 ) (0 0 640 ) (384 0 640 ) 
4 15 83 (1024 0 640 ) (1024 0 1008 ) (384 0 1008 ) (384 0 640 ) 
4 15 26 (0 0 640 ) (0 0 1008 ) (0 1024 1008 ) (0 1024 640 ) 
3 15 17 (1024 640 640 ) (1024 0 640 ) (384 0 640 ) 
3 15 16 (0 128 640 ) (0 1024 640 ) (896 1024 640 ) 
4 16 27 (0 128 640 ) (0 1024 640 ) (0 1024 624 ) (0 128 624 ) 
3 16 20 (0 128 624 ) (0 512 624 ) (384 512 624 ) 
4 16 19 (0 512 624 ) (0 640 624 ) (512 640 624 ) (384 512 624 ) 
4 16 18 (0 640 624 ) (0 1024 624 ) (896 1024 624 ) (512 640 624 ) 
4 17 83 (1024 0 624 ) (1024 0 640 ) (384 0 640 ) (384 0 624 ) 
4 17 20 (1024 0 624 ) (384 0 624 ) (896 512 624 ) (1024 512 624 ) 
3 17 19 (896 512 624 ) (1024 640 624 ) (1024 512 624 ) 
4 18 41 (0 1024 128 ) (0 1024 0 ) (0 640 0 ) (0 640 128 ) 
4 18 34 (0 1024 256 ) (0 1024 128 ) (0 640 128 ) (0 640 256 ) 
4 18 31 (0 1024 384 ) (0 1024 256 ) (0 640 256 ) (0 640 384 ) 
4 18 28 (0 640 624 ) (0 1024 624 ) (0 1024 384 ) (0 640 384 ) 
4 18 24 (1024 1024 0 ) (1024 640 0 ) (0 640 0 ) (0 1024 0 ) 
4 18 19 (1024 640 256 ) (1024 640 624 ) (0 640 624 ) (0 640 256 ) 
4 19 32 (0 640 384 ) (0 640 256 ) (0 512 256 ) (0 512 384 ) 
4 19 28 (0 512 624 ) (0 640 624 ) (0 640 384 ) (0 512 384 ) 
4 19 20 (1024 512 256 ) (1024 512 624 ) (0 512 624 ) (0 512 256 ) 
4 20 99 (528 0 256 ) (512 0 256 ) (512 0 128 ) (528 0 128 ) 
4 20 101 (512 0 256 ) (0 0 256 ) (0 0 128 ) (512 0 128 ) 
4 20 93 (1024 0 128 ) (1024 0 256 ) (528 0 256 ) (528 0 128 ) 
4 20 90 (528 0 384 ) (512 0 384 ) (512 0 256 ) (528 0 256 ) 
4 20 91 (512 0 384 ) (0 0 384 ) (0 0 256 ) (512 0 256 ) 
4 20 88 (1024 0 256 ) (1024 0 384 ) (528 0 384 ) (528 0 256 ) 
4 20 87 (384 0 624 ) (0 0 624 ) (0 0 384 ) (384 0 384 ) 
4 20 83 (1024 0 384 ) (1024 0 624 ) (384 0 624 ) (384 0 384 ) 
4 20 34 (0 0 128 ) (0 0 256 ) (0 512 256 ) (0 512 128 ) 
4 20 32 (0 0 256 ) (0 0 384 ) (0 512 384 ) (0 512 256 ) 
4 20 28 (0 0 384 ) (0 0 624 ) (0 512 624 ) (0 512 384 ) 
3 20 23 (98 109 128 ) (150.021774 98.914139 128 ) (181 53 128 ) 
3 20 22 (0 128 128 ) (0 321.267853 128 ) (150.021774 98.914139 128 ) 
5 20 21 (1024 0 128 ) (216.759033 0 128 ) (0 321.267853 128 ) (0 512 128 ) (1024 512 128 ) 
4 21 117 (280.816345 0 128 ) (216.759033 0 128 ) (216.759003 0 0 ) (280.816315 0 0 ) 
4 21 113 (512 0 128 ) (280.816345 0 128 ) (280.816315 0 0 ) (512 0 0 ) 
4 21 110 (512 0 80 ) (512 0 0 ) (528 0 0 ) (528 0 80 ) 
4 21 108 (528 0 128 ) (512 0 128 ) (512 0 80 ) (528 0 80 ) 
4 21 102 (1024 0 0 ) (1024 0 128 ) (528 0 128 ) (528 0 0 ) 
4 21 41 (0 321.267853 128 ) (0 512 128 ) (0 512 0 ) (0 321.267853 0 ) 
4 21 23 (180.998047 53.001324 128 ) (150.020584 98.914383 128 ) (150.020905 98.914307 0 ) (180.998596 53 0 ) 
4 21 22 (150.020584 98.914383 128 ) (0 321.266541 128 ) (0 321.266724 0 ) (150.020905 98.914307 0 ) 
4 22 43 (0 128 128 ) (0 175.120483 128 ) (0 175.120483 0 ) (0 128 0 ) 
4 22 42 (0 175.120483 128 ) (0 321.267853 128 ) (0 321.267853 0 ) (0 175.120483 0 ) 
4 22 23 (150.017578 98.915527 0 ) (150.017578 98.915527 128 ) (97.998825 109 128 ) (97.998825 109 0 ) 
4 24 54 (0 640 0 ) (0 1024 0 ) (0 1024 -384 ) (0 640 -384 ) 
4 25 55 (-1024 1024 -384 ) (-1024 1024 1008 ) (-1024 1152 1008 ) (-1024 1152 -384 ) 
4 25 54 (0 1024 -384 ) (0 1024 0 ) (-1024 1024 0 ) (-1024 1024 -384 ) 
4 25 48 (-528 1024 128 ) (-768 1024 128 ) (-768 1024 0 ) (-528 1024 0 ) 
4 25 50 (-768 1024 128 ) (-1024 1024 128 ) (-1024 1024 0 ) (-768 1024 0 ) 
4 25 46 (-528 1024 80 ) (-528 1024 0 ) (-512 1024 0 ) (-512 1024 80 ) 
4 25 44 (-512 1024 128 ) (-528 1024 128 ) (-528 1024 80 ) (-512 1024 80 ) 
4 25 41 (0 1024 0 ) (0 1024 128 ) (-512 1024 128 ) (-512 1024 0 ) 
4 25 36 (-528 1024 256 ) (-1024 1024 256 ) (-1024 1024 128 ) (-528 1024 128 ) 
4 25 35 (-512 1024 256 ) (-528 1024 256 ) (-528 1024 128 ) (-512 1024 128 ) 
4 25 34 (0 1024 128 ) (0 1024 256 ) (-512 1024 256 ) (-512 1024 128 ) 
4 25 31 (0 1024 256 ) (0 1024 384 ) (-1024 1024 384 ) (-1024 1024 256 ) 
4 25 29 (-384 1024 1008 ) (-1024 1024 1008 ) (-1024 1024 384 ) (-384 1024 384 ) 
4 25 27 (0 1024 624 ) (0 1024 640 ) (-384 1024 640 ) (-384 1024 624 ) 
4 25 26 (0 1024 640 ) (0 1024 1008 ) (-384 1024 1008 ) (-384 1024 640 ) 
4 25 28 (0 1024 384 ) (0 1024 624 ) (-384 1024 624 ) (-384 1024 384 ) 
4 26 122 (0 0 640 ) (0 0 1008 ) (-384 0 1008 ) (-384 0 640 ) 
4 26 30 (-384 0 640 ) (-384 0 1008 ) (-384 768 1008 ) (-384 768 640 ) 
4 26 29 (-384 768 1008 ) (-384 1024 1008 ) (-384 1024 640 ) (-384 768 640 ) 
5 26 27 (-128 0 640 ) (-384 0 640 ) (-384 1024 640 ) (0 1024 640 ) (0 128 640 ) 
4 27 123 (-128 0 640 ) (-384 0 640 ) (-384 0 624 ) (-128 0 624 ) 
4 27 30 (-384 0 624 ) (-384 0 640 ) (-384 768 640 ) (-384 768 624 ) 
4 27 29 (-384 768 640 ) (-384 1024 640 ) (-384 1024 624 ) (-384 768 624 ) 
5 27 28 (-384 0 624 ) (-384 1024 624 ) (0 1024 624 ) (0 128 624 ) (-128 0 624 ) 
4 28 127 (0 0 384 ) (0 0 624 ) (-128 0 624 ) (-128 0 384 ) 
4 28 123 (-128 0 624 ) (-384 0 624 ) (-384 0 384 ) (-128 0 384 ) 
4 28 32 (0 0 384 ) (-384 0 384 ) (-384 640 384 ) (0 640 384 ) 
4 28 31 (-384 640 384 ) (-384 1024 384 ) (0 1024 384 ) (0 640 384 ) 
4 28 30 (-384 0 621.714233 ) (-384 0 624 ) (-384 768 624 ) (-384 768 512 ) 
4 28 29 (-384 1024 384 ) (-384 768 384 ) (-384 768 624 ) (-384 1024 624 ) 
4 29 56 (-1024 768 1008 ) (-1024 1024 1008 ) (-1024 1024 384 ) (-1024 768 384 ) 
4 29 31 (-1024 768 384 ) (-1024 1024 384 ) (-384 1024 384 ) (-384 768 384 ) 
4 29 30 (-384 768 512 ) (-384 768 1008 ) (-1024 768 1008 ) (-1024 768 430.730164 ) 
4 30 124 (-1024 0 640 ) (-1024 0 540.444458 ) (-384 0 621.714233 ) (-384 0 640 ) 
4 30 122 (-384 0 1008 ) (-1024 0 1008 ) (-1024 0 640 ) (-384 0 640 ) 
4 30 57 (-1024 0 540.444458 ) (-1024 0 1008 ) (-1024 768 1008 ) (-1024 768 430.730164 ) 
4 31 58 (-1024 640 384 ) (-1024 1024 384 ) (-1024 1024 256 ) (-1024 640 256 ) 
4 31 36 (-528 640 256 ) (-1024 640 256 ) (-1024 1024 256 ) (-528 1024 256 ) 
4 31 35 (-512 640 256 ) (-528 640 256 ) (-528 1024 256 ) (-512 1024 256 ) 
4 31 34 (0 1024 256 ) (0 640 256 ) (-512 640 256 ) (-512 1024 256 ) 
4 31 32 (-512 640 256 ) (0 640 256 ) (0 640 384 ) (-512 640 384 ) 
4 32 128 (0 0 256 ) (0 0 384 ) (-512 0 384 ) (-512 0 256 ) 
4 32 34 (0 640 256 ) (0 0 256 ) (-512 0 256 ) (-512 640 256 ) 
4 33 59 (-1024 16 384 ) (-1024 624 384 ) (-1024 624 256 ) (-1024 16 256 ) 
4 33 40 (-1024 16 256 ) (-1024 256 256 ) (-768 256 256 ) (-768 16 256 ) 
4 33 39 (-1024 256 256 ) (-1024 624 256 ) (-768 624 256 ) (-768 256 256 ) 
4 33 38 (-768 624 256 ) (-528 624 256 ) (-528 16 256 ) (-768 16 256 ) 
4 34 129 (0 0 128 ) (0 0 256 ) (-512 0 256 ) (-512 0 128 ) 
3 34 43 (-98 109 128 ) (0 175.120468 128 ) (0 128 128 ) 
3 34 42 (-181 53 128 ) (0 321.267883 128 ) (0 175.120468 128 ) 
5 34 41 (-216.759048 0 128 ) (-512 0 128 ) (-512 1024 128 ) (0 1024 128 ) (0 321.267883 128 ) 
4 34 35 (-512 1024 128 ) (-512 640 128 ) (-512 640 256 ) (-512 1024 256 ) 
4 35 44 (-528 768 128 ) (-528 1024 128 ) (-512 1024 128 ) (-512 768 128 ) 
4 35 36 (-528 1024 128 ) (-528 640 128 ) (-528 640 256 ) (-528 1024 256 ) 
4 36 58 (-1024 640 256 ) (-1024 1024 256 ) (-1024 1024 128 ) (-1024 640 128 ) 
4 36 48 (-768 1024 128 ) (-528 1024 128 ) (-528 768 128 ) (-768 768 128 ) 
4 36 50 (-1024 640 128 ) (-1024 1024 128 ) (-768 1024 128 ) (-768 640 128 ) 
4 36 37 (-688 640 128 ) (-592 640 128 ) (-592 640 256 ) (-688 640 256 ) 
4 37 38 (-688 624 128 ) (-592 624 128 ) (-592 624 256 ) (-688 624 256 ) 
4 38 51 (-528 512 128 ) (-528 256 128 ) (-640 256 128 ) (-640 512 128 ) 
4 38 40 (-768 16 192 ) (-768 16 256 ) (-768 256 256 ) (-768 256 192 ) 
4 38 39 (-768 624 256 ) (-768 624 128 ) (-768 256 128 ) (-768 256 256 ) 
4 39 59 (-1024 256 256 ) (-1024 624 256 ) (-1024 624 192 ) (-1024 256 192 ) 
4 39 40 (-768 256 192 ) (-768 256 256 ) (-1024 256 256 ) (-1024 256 192 ) 
4 40 59 (-1024 16 256 ) (-1024 256 256 ) (-1024 256 192 ) (-1024 16 192 ) 
4 41 131 (-216.759048 0 128 ) (-231.183670 0 128 ) (-231.183655 0 0 ) (-216.759033 0 0 ) 
4 41 130 (-231.183670 0 128 ) (-512 0 128 ) (-512 0 0 ) (-231.183655 0 0 ) 
4 41 54 (0 1024 0 ) (0 640 0 ) (-512 640 0 ) (-512 1024 0 ) 
4 41 46 (-512 1024 0 ) (-512 640 0 ) (-512 640 80 ) (-512 1024 80 ) 
4 41 47 (-512 256 0 ) (-512 128 0 ) (-512 128 80 ) (-512 256 80 ) 
4 41 45 (-512 768 112 ) (-512 768 80 ) (-512 640 80 ) (-512 640 112 ) 
4 41 44 (-512 768 128 ) (-512 1024 128 ) (-512 1024 80 ) (-512 768 80 ) 
4 41 42 (-181 53 0 ) (0 321.267395 0 ) (0 321.267334 128 ) (-181 53 128 ) 
4 42 43 (-97.998665 109 0 ) (0 175.119827 0 ) (0 175.121094 128 ) (-98 109 128 ) 
4 44 48 (-528 768 128 ) (-528 1024 128 ) (-528 1024 80 ) (-528 768 80 ) 
4 44 46 (-528 768 80 ) (-528 1024 80 ) (-512 1024 80 ) (-512 768 80 ) 
4 44 45 (-528 768 112 ) (-528 768 80 ) (-512 768 80 ) (-512 768 112 ) 
4 45 49 (-528 768 112 ) (-528 768 80 ) (-528 640 80 ) (-528 640 112 ) 
4 45 46 (-528 640 80 ) (-528 768 80 ) (-512 768 80 ) (-512 640 80 ) 
4 46 54 (-528 640 0 ) (-528 1024 0 ) (-512 1024 0 ) (-512 640 0 ) 
4 46 49 (-528 768 0 ) (-528 640 0 ) (-528 640 80 ) (-528 768 80 ) 
4 46 48 (-528 1024 0 ) (-528 768 0 ) (-528 768 80 ) (-528 1024 80 ) 
4 47 53 (-528 256 0 ) (-528 128 0 ) (-528 128 80 ) (-528 256 80 ) 
4 48 54 (-768 1024 0 ) (-528 1024 0 ) (-528 768 0 ) (-768 768 0 ) 
4 48 49 (-768 768 112 ) (-768 768 0 ) (-528 768 0 ) (-528 768 112 ) 
4 48 50 (-768 1024 0 ) (-768 768 0 ) (-768 768 128 ) (-768 1024 128 ) 
4 49 54 (-528 768 0 ) (-528 640 0 ) (-768 640 0 ) (-768 768 0 ) 
4 49 50 (-768 768 0 ) (-768 640 0 ) (-768 640 112 ) (-768 768 112 ) 
4 50 60 (-1024 640 128 ) (-1024 1024 128 ) (-1024 1024 0 ) (-1024 640 0 ) 
4 50 54 (-1024 640 0 ) (-1024 1024 0 ) (-768 1024 0 ) (-768 640 0 ) 
4 51 53 (-640 256 0 ) (-528 256 0 ) (-528 256 112 ) (-640 256 112 ) 
3 51 52 (-640 480 112 ) (-640 256 0 ) (-640 256 112 ) 
4 52 53 (-1024 256 0 ) (-640 256 0 ) (-640 256 112 ) (-1024 256 112 ) 
4 53 61 (-1024 256 112 ) (-1024 256 0 ) (-1024 16 0 ) (-1024 16 112 ) 
4 54 63 (-1024 640 0 ) (-1024 1024 0 ) (-1024 1024 -384 ) (-1024 640 -384 ) 
4 55 64 (-1280 1024 1008 ) (-1392 1024 1008 ) (-1392 1024 -384 ) (-1280 1024 -384 ) 
4 55 67 (-1392 1024 1008 ) (-1408 1024 1008 ) (-1408 1024 -384 ) (-1392 1024 -384 ) 
4 55 63 (-1024 1024 -384 ) (-1024 1024 0 ) (-1280 1024 0 ) (-1280 1024 -384 ) 
4 55 60 (-1024 1024 0 ) (-1024 1024 128 ) (-1280 1024 128 ) (-1280 1024 0 ) 
4 55 58 (-1024 1024 128 ) (-1024 1024 384 ) (-1280 1024 384 ) (-1280 1024 128 ) 
4 55 56 (-1024 1024 384 ) (-1024 1024 1008 ) (-1280 1024 1008 ) (-1280 1024 384 ) 
4 56 64 (-1280 768 1008 ) (-1280 1024 1008 ) (-1280 1024 384 ) (-1280 768 384 ) 
4 56 58 (-1280 768 384 ) (-1280 1024 384 ) (-1024 1024 384 ) (-1024 768 384 ) 
4 56 57 (-1024 768 430.730133 ) (-1024 768 1008 ) (-1280 768 1008 ) (-1280 768 398.222168 ) 
4 57 138 (-1024 0 540.444458 ) (-1024 0 1008 ) (-1280 0 1008 ) (-1280 0 507.936462 ) 
4 57 65 (-1280 0 507.936462 ) (-1280 0 1008 ) (-1280 768 1008 ) (-1280 768 398.222168 ) 
4 58 66 (-1280 640 384 ) (-1280 768 384 ) (-1280 768 128 ) (-1280 640 128 ) 
4 58 64 (-1280 768 384 ) (-1280 1024 384 ) (-1280 1024 128 ) (-1280 768 128 ) 
4 58 60 (-1280 640 128 ) (-1280 1024 128 ) (-1024 1024 128 ) (-1024 640 128 ) 
4 60 66 (-1280 640 128 ) (-1280 768 128 ) (-1280 768 0 ) (-1280 640 0 ) 
4 60 64 (-1280 768 128 ) (-1280 1024 128 ) (-1280 1024 0 ) (-1280 768 0 ) 
4 60 63 (-1280 640 0 ) (-1280 1024 0 ) (-1024 1024 0 ) (-1024 640 0 ) 
4 61 66 (-1280 16 128 ) (-1280 256 128 ) (-1280 256 0 ) (-1280 16 0 ) 
4 61 62 (-1152 16 0 ) (-1024 16 0 ) (-1024 16 128 ) (-1152 16 128 ) 
4 62 141 (-1024 0 0 ) (-1024 0 128 ) (-1152 0 128 ) (-1152 0 0 ) 
4 63 66 (-1280 640 0 ) (-1280 768 0 ) (-1280 768 -384 ) (-1280 640 -384 ) 
4 63 64 (-1280 768 0 ) (-1280 1024 0 ) (-1280 1024 -384 ) (-1280 768 -384 ) 
4 64 65 (-1392 768 1008 ) (-1392 768 384 ) (-1280 768 398.222168 ) (-1280 768 1008 ) 
4 64 66 (-1392 768 384 ) (-1392 768 -384 ) (-1280 768 -384 ) (-1280 768 384 ) 
4 64 67 (-1392 1024 -384 ) (-1392 768 -384 ) (-1392 768 1008 ) (-1392 1024 1008 ) 
4 65 138 (-1280 0 507.936462 ) (-1280 0 1008 ) (-1392 0 1008 ) (-1392 0 493.714233 ) 
4 65 67 (-1392 0 493.714233 ) (-1392 0 1008 ) (-1392 768 1008 ) (-1392 768 384 ) 
4 66 150 (-1280 0 -384 ) (-1280 0 0 ) (-1392 0 0 ) (-1392 0 -384 ) 
4 66 143 (-1280 0 0 ) (-1280 0 384 ) (-1392 0 384 ) (-1392 0 0 ) 
4 66 67 (-1392 768 -384 ) (-1392 0 -384 ) (-1392 0 384 ) (-1392 768 384 ) 
4 67 150 (-1408 0 0 ) (-1408 0 -384 ) (-1392 0 -384 ) (-1392 0 0 ) 
4 67 143 (-1408 0 384 ) (-1408 0 0 ) (-1392 0 0 ) (-1392 0 384 ) 
4 67 140 (-1392 0 1008 ) (-1408 0 1008 ) (-1408 0 384 ) (-1392 0 384 ) 
4 68 120 (1408 -1024 -384 ) (1408 -1024 1008 ) (1392 -1024 1008 ) (1392 -1024 -384 ) 
4 68 70 (1392 -1024 384 ) (1392 -1024 1008 ) (1392 -128 1008 ) (1392 -128 512 ) 
4 68 71 (1392 -128 -384 ) (1392 -1024 -384 ) (1392 -1024 384 ) (1392 -128 384 ) 
4 68 69 (1392 0 -384 ) (1392 -128 -384 ) (1392 -128 1008 ) (1392 0 1008 ) 
4 69 77 (1280 0 128 ) (1280 0 80 ) (1280 -128 80 ) (1280 -128 128 ) 
4 69 74 (1280 0 384 ) (1280 0 128 ) (1280 -128 128 ) (1280 -128 384 ) 
4 69 72 (1280 0 1008 ) (1280 0 384 ) (1280 -128 384 ) (1280 -128 1008 ) 
4 69 70 (1392 -128 512 ) (1392 -128 1008 ) (1280 -128 1008 ) (1280 -128 526.222229 ) 
4 69 71 (1280 -128 -384 ) (1392 -128 -384 ) (1392 -128 384 ) (1280 -128 384 ) 
4 70 120 (1392 -1024 1008 ) (1280 -1024 1008 ) (1280 -1024 398.222229 ) (1392 -1024 384 ) 
4 70 73 (1280 -1024 398.222229 ) (1280 -1024 1008 ) (1280 -128 1008 ) (1280 -128 526.222229 ) 
4 71 120 (1280 -1024 384 ) (1280 -1024 -384 ) (1392 -1024 -384 ) (1392 -1024 384 ) 
4 71 82 (1280 -896 -384 ) (1280 -1024 -384 ) (1280 -1024 0 ) (1280 -896 0 ) 
4 71 81 (1280 -1024 0 ) (1280 -1024 128 ) (1280 -896 128 ) (1280 -896 0 ) 
4 71 79 (1280 -512 128 ) (1280 -272 128 ) (1280 -272 0 ) (1280 -512 0 ) 
4 71 77 (1280 -256 128 ) (1280 -128 128 ) (1280 -128 80 ) (1280 -256 80 ) 
4 71 76 (1280 -1024 128 ) (1280 -1024 384 ) (1280 -896 384 ) (1280 -896 128 ) 
4 71 74 (1280 -256 384 ) (1280 -128 384 ) (1280 -128 128 ) (1280 -256 128 ) 
4 72 83 (1024 -128 1008 ) (1024 0 1008 ) (1024 0 384 ) (1024 -128 384 ) 
4 72 74 (1024 0 384 ) (1280 0 384 ) (1280 -128 384 ) (1024 -128 384 ) 
4 72 73 (1280 -128 526.222229 ) (1280 -128 1008 ) (1024 -128 1008 ) (1024 -128 558.730225 ) 
4 73 120 (1280 -1024 398.222229 ) (1280 -1024 1008 ) (1024 -1024 1008 ) (1024 -1024 430.730164 ) 
4 73 84 (1024 -1024 430.730194 ) (1024 -1024 1008 ) (1024 -128 1008 ) (1024 -128 558.730225 ) 
4 74 93 (1024 0 256 ) (1024 0 128 ) (1024 -256 128 ) (1024 -256 256 ) 
4 74 88 (1024 -256 384 ) (1024 0 384 ) (1024 0 256 ) (1024 -256 256 ) 
4 74 77 (1152 0 128 ) (1280 0 128 ) (1280 -256 128 ) (1152 -256 128 ) 
4 74 78 (1024 -256 128 ) (1024 0 128 ) (1152 0 128 ) (1152 -256 128 ) 
4 75 94 (1024 -272 256 ) (1024 -272 192 ) (1024 -512 192 ) (1024 -512 256 ) 
4 75 95 (1024 -512 192 ) (1024 -880 192 ) (1024 -880 256 ) (1024 -512 256 ) 
4 75 89 (1024 -880 384 ) (1024 -272 384 ) (1024 -272 256 ) (1024 -880 256 ) 
4 76 120 (1280 -1024 128 ) (1280 -1024 384 ) (1024 -1024 384 ) (1024 -1024 128 ) 
4 76 98 (1024 -1024 128 ) (1024 -1024 256 ) (1024 -896 256 ) (1024 -896 128 ) 
4 76 92 (1024 -1024 256 ) (1024 -1024 384 ) (1024 -896 384 ) (1024 -896 256 ) 
4 76 81 (1024 -1024 128 ) (1024 -896 128 ) (1280 -896 128 ) (1280 -1024 128 ) 
4 77 78 (1152 -256 80 ) (1152 -256 128 ) (1152 0 128 ) (1152 0 80 ) 
4 78 102 (1024 -256 128 ) (1024 0 128 ) (1024 0 0 ) (1024 -256 0 ) 
4 78 80 (1024 -256 0 ) (1152 -256 0 ) (1152 -256 128 ) (1024 -256 128 ) 
4 79 80 (1152 -272 0 ) (1152 -512 0 ) (1152 -512 128 ) (1152 -272 128 ) 
4 80 103 (1024 -272 112 ) (1024 -272 0 ) (1024 -512 0 ) (1024 -512 112 ) 
4 81 120 (1280 -1024 0 ) (1280 -1024 128 ) (1024 -1024 128 ) (1024 -1024 0 ) 
4 81 106 (1024 -1024 0 ) (1024 -1024 128 ) (1024 -896 128 ) (1024 -896 0 ) 
4 81 82 (1280 -896 0 ) (1280 -1024 0 ) (1024 -1024 0 ) (1024 -896 0 ) 
4 82 120 (1280 -1024 -384 ) (1280 -1024 0 ) (1024 -1024 0 ) (1024 -1024 -384 ) 
4 82 119 (1024 -1024 -384 ) (1024 -1024 0 ) (1024 -896 0 ) (1024 -896 -384 ) 
4 83 90 (512 0 384 ) (528 0 384 ) (528 -128 384 ) (512 -128 384 ) 
4 83 91 (384 0 384 ) (512 0 384 ) (512 -128 384 ) (384 -128 384 ) 
4 83 88 (528 0 384 ) (1024 0 384 ) (1024 -128 384 ) (528 -128 384 ) 
4 83 86 (384 -128 624 ) (384 -128 640 ) (384 0 640 ) (384 0 624 ) 
4 83 85 (384 -128 640 ) (384 -128 1008 ) (384 0 1008 ) (384 0 640 ) 
4 83 87 (384 0 384 ) (384 -128 384 ) (384 -128 624 ) (384 0 624 ) 
4 83 84 (384 -128 1008 ) (384 -128 640 ) (1024 -128 558.730225 ) (1024 -128 1008 ) 
4 84 121 (1024 -1024 430.730194 ) (1024 -1024 1008 ) (384 -1024 1008 ) (384 -1024 512 ) 
4 84 86 (384 -1024 624 ) (384 -1024 640 ) (384 -128 640 ) (384 -240 624 ) 
4 84 85 (384 -1024 640 ) (384 -1024 1008 ) (384 -128 1008 ) (384 -128 640 ) 
3 84 87 (384 -1024 512 ) (384 -1024 624 ) (384 -240 624 ) 
4 85 122 (0 0 1008 ) (0 0 640 ) (0 -1024 640 ) (0 -1024 1008 ) 
4 85 121 (384 -1024 1008 ) (0 -1024 1008 ) (0 -1024 640 ) (384 -1024 640 ) 
4 85 86 (0 -1024 640 ) (0 -384 640 ) (384 0 640 ) (384 -1024 640 ) 
4 86 126 (0 -384 624 ) (0 -1024 624 ) (0 -1024 640 ) (0 -384 640 ) 
4 86 121 (0 -1024 640 ) (0 -1024 624 ) (384 -1024 624 ) (384 -1024 640 ) 
4 86 87 (384 0 624 ) (384 -1024 624 ) (0 -1024 624 ) (0 -384 624 ) 
4 87 127 (0 0 624 ) (0 0 384 ) (0 -1024 384 ) (0 -1024 624 ) 
4 87 121 (0 -1024 624 ) (0 -1024 384 ) (384 -1024 384 ) (384 -1024 624 ) 
4 87 91 (0 -896 384 ) (0 0 384 ) (384 0 384 ) (384 -896 384 ) 
4 87 92 (0 -1024 384 ) (0 -896 384 ) (384 -896 384 ) (384 -1024 384 ) 
4 88 93 (528 0 256 ) (1024 0 256 ) (1024 -256 256 ) (528 -256 256 ) 
4 88 90 (528 0 256 ) (528 -256 256 ) (528 -256 384 ) (528 0 384 ) 
4 89 94 (1024 -272 256 ) (1024 -512 256 ) (768 -512 256 ) (768 -272 256 ) 
4 89 95 (1024 -512 256 ) (1024 -880 256 ) (768 -880 256 ) (768 -512 256 ) 
4 89 96 (768 -880 256 ) (528 -880 256 ) (528 -272 256 ) (768 -272 256 ) 
4 90 99 (512 0 256 ) (528 0 256 ) (528 -256 256 ) (512 -256 256 ) 
4 90 91 (512 0 256 ) (512 -256 256 ) (512 -256 384 ) (512 0 384 ) 
4 91 128 (0 0 384 ) (0 0 256 ) (0 -896 256 ) (0 -896 384 ) 
4 91 101 (0 -896 256 ) (0 0 256 ) (512 0 256 ) (512 -896 256 ) 
4 91 92 (0 -896 256 ) (512 -896 256 ) (512 -896 384 ) (0 -896 384 ) 
4 92 128 (0 -896 256 ) (0 -1024 256 ) (0 -1024 384 ) (0 -896 384 ) 
4 92 121 (1024 -1024 256 ) (1024 -1024 384 ) (0 -1024 384 ) (0 -1024 256 ) 
4 92 100 (528 -1024 256 ) (512 -1024 256 ) (512 -896 256 ) (528 -896 256 ) 
4 92 101 (512 -1024 256 ) (0 -1024 256 ) (0 -896 256 ) (512 -896 256 ) 
4 92 98 (1024 -1024 256 ) (528 -1024 256 ) (528 -896 256 ) (1024 -896 256 ) 
4 93 102 (528 0 128 ) (1024 0 128 ) (1024 -256 128 ) (528 -256 128 ) 
4 93 99 (528 0 128 ) (528 -256 128 ) (528 -256 256 ) (528 0 256 ) 
4 94 95 (768 -512 256 ) (768 -512 192 ) (1024 -512 192 ) (1024 -512 256 ) 
4 94 96 (768 -272 256 ) (768 -272 192 ) (768 -512 192 ) (768 -512 256 ) 
4 95 96 (768 -512 128 ) (768 -880 128 ) (768 -880 256 ) (768 -512 256 ) 
4 96 105 (528 -768 128 ) (528 -512 128 ) (640 -512 128 ) (640 -768 128 ) 
4 96 97 (592 -880 128 ) (688 -880 128 ) (688 -880 256 ) (592 -880 256 ) 
4 97 98 (592 -896 128 ) (688 -896 128 ) (688 -896 256 ) (592 -896 256 ) 
4 98 121 (1024 -1024 128 ) (1024 -1024 256 ) (528 -1024 256 ) (528 -1024 128 ) 
4 98 106 (1024 -896 128 ) (1024 -1024 128 ) (768 -1024 128 ) (768 -896 128 ) 
4 98 100 (528 -896 128 ) (528 -1024 128 ) (528 -1024 256 ) (528 -896 256 ) 
4 99 108 (512 0 128 ) (528 0 128 ) (528 -256 128 ) (512 -256 128 ) 
4 99 101 (512 0 128 ) (512 -256 128 ) (512 -256 256 ) (512 0 256 ) 
4 100 121 (528 -1024 256 ) (512 -1024 256 ) (512 -1024 128 ) (528 -1024 128 ) 
4 100 101 (512 -896 128 ) (512 -1024 128 ) (512 -1024 256 ) (512 -896 256 ) 
4 101 136 (0 -896 128 ) (0 -1024 128 ) (0 -1024 256 ) (0 -896 256 ) 
4 101 129 (0 0 256 ) (0 0 128 ) (0 -768 128 ) (0 -768 256 ) 
4 101 121 (512 -1024 256 ) (0 -1024 256 ) (0 -1024 128 ) (512 -1024 128 ) 
3 101 118 (237 -30 128 ) (266.517883 -73.749748 128 ) (256 -128 128 ) 
3 101 117 (216.759033 0 128 ) (280.816315 0 128 ) (266.517883 -73.749748 128 ) 
3 101 116 (0 -431.120453 128 ) (0 -384 128 ) (98 -365 128 ) 
3 101 115 (0 -577.267822 128 ) (0 -431.120453 128 ) (181 -309 128 ) 
4 101 114 (0 -1024 128 ) (0 -577.267822 128 ) (237 -226 128 ) (82.285706 -1024 128 ) 
4 101 113 (280.816315 0 128 ) (512 0 128 ) (512 -1024 128 ) (82.285706 -1024 128 ) 
4 102 110 (528 0 0 ) (528 -256 0 ) (528 -256 80 ) (528 0 80 ) 
4 102 108 (528 -256 80 ) (528 -256 128 ) (528 0 128 ) (528 0 80 ) 
4 103 111 (528 -384 0 ) (528 -512 0 ) (528 -512 80 ) (528 -384 80 ) 
4 103 105 (528 -512 112 ) (528 -512 0 ) (640 -512 0 ) (640 -512 112 ) 
4 103 104 (640 -512 0 ) (1024 -512 0 ) (1024 -512 112 ) (640 -512 112 ) 
3 104 105 (640 -512 112 ) (640 -512 0 ) (640 -736 112 ) 
4 106 121 (1024 -1024 0 ) (1024 -1024 128 ) (768 -1024 128 ) (768 -1024 0 ) 
4 106 119 (1024 -1024 0 ) (768 -1024 0 ) (768 -896 0 ) (1024 -896 0 ) 
4 106 107 (768 -896 112 ) (768 -896 0 ) (768 -1024 0 ) (768 -1024 112 ) 
4 107 121 (528 -1024 112 ) (528 -1024 0 ) (768 -1024 0 ) (768 -1024 112 ) 
4 107 119 (768 -1024 0 ) (528 -1024 0 ) (528 -896 0 ) (768 -896 0 ) 
4 107 112 (528 -896 0 ) (528 -1024 0 ) (528 -1024 80 ) (528 -896 80 ) 
4 107 109 (528 -1024 80 ) (528 -1024 112 ) (528 -896 112 ) (528 -896 80 ) 
4 108 113 (512 -256 128 ) (512 0 128 ) (512 0 80 ) (512 -256 80 ) 
4 108 110 (512 -256 80 ) (512 0 80 ) (528 0 80 ) (528 -256 80 ) 
4 109 121 (512 -1024 112 ) (512 -1024 80 ) (528 -1024 80 ) (528 -1024 112 ) 
4 109 113 (512 -1024 80 ) (512 -1024 112 ) (512 -896 112 ) (512 -896 80 ) 
4 109 112 (512 -1024 80 ) (512 -896 80 ) (528 -896 80 ) (528 -1024 80 ) 
4 110 113 (512 0 0 ) (512 -256 0 ) (512 -256 80 ) (512 0 80 ) 
4 111 113 (512 -384 0 ) (512 -512 0 ) (512 -512 80 ) (512 -384 80 ) 
4 112 121 (512 -1024 80 ) (512 -1024 0 ) (528 -1024 0 ) (528 -1024 80 ) 
4 112 119 (528 -1024 0 ) (512 -1024 0 ) (512 -896 0 ) (528 -896 0 ) 
4 112 113 (512 -896 0 ) (512 -1024 0 ) (512 -1024 80 ) (512 -896 80 ) 
4 113 121 (512 -1024 128 ) (82.285706 -1024 128 ) (82.285721 -1024 0 ) (512 -1024 0 ) 
4 113 119 (512 -1024 0 ) (82.285706 -1024 0 ) (107.102036 -896 0 ) (512 -896 0 ) 
4 113 118 (266.518402 -73.750504 0 ) (256 -128.001633 0 ) (256 -128 128 ) (266.518188 -73.750214 128 ) 
4 113 117 (280.816956 0 0 ) (266.518402 -73.750504 0 ) (266.518188 -73.750214 128 ) (280.816711 0 128 ) 
4 113 114 (237 -225.998657 0 ) (82.286377 -1024 0 ) (82.285934 -1024 128 ) (237 -226 128 ) 
4 114 136 (0 -896 0 ) (0 -1024 0 ) (0 -1024 128 ) (0 -896 128 ) 
4 114 133 (0 -577.267883 0 ) (0 -768 0 ) (0 -768 128 ) (0 -577.267822 128 ) 
4 114 121 (82.285706 -1024 128 ) (0 -1024 128 ) (0 -1024 0 ) (82.285721 -1024 0 ) 
4 114 119 (82.285706 -1024 0 ) (0 -1024 0 ) (0 -896 0 ) (107.102036 -896 0 ) 
4 114 115 (180.995178 -309.003235 0 ) (0 -577.264038 0 ) (0 -577.262817 128 ) (180.994827 -309.003510 128 ) 
4 115 134 (0 -431.120453 0 ) (0 -577.267883 0 ) (0 -577.267822 128 ) (0 -431.120453 128 ) 
4 115 116 (98 -365 0 ) (0 -431.120483 0 ) (0 -431.121094 128 ) (98 -365 128 ) 
4 116 134 (0 -384 0 ) (0 -431.120453 0 ) (0 -431.120453 128 ) (0 -384 128 ) 
4 117 118 (236.998962 -29.994665 0 ) (266.519104 -73.747963 0 ) (266.519104 -73.747955 128 ) (237 -29.994987 128 ) 
4 119 137 (0 -896 -384 ) (0 -1024 -384 ) (0 -1024 0 ) (0 -896 0 ) 
4 119 121 (1024 -1024 -384 ) (1024 -1024 0 ) (0 -1024 0 ) (0 -1024 -384 ) 
4 120 121 (1024 -1024 1008 ) (1024 -1024 -384 ) (1024 -1408 -384 ) (1024 -1408 1008 ) 
4 121 153 (0 -1408 -384 ) (0 -1408 624 ) (0 -1024 624 ) (0 -1024 -384 ) 
4 121 152 (0 -1408 624 ) (0 -1408 640 ) (0 -1024 640 ) (0 -1024 624 ) 
4 121 151 (0 -1408 640 ) (0 -1408 1008 ) (0 -1024 1008 ) (0 -1024 640 ) 
4 122 151 (0 -1024 640 ) (0 -1024 1008 ) (-1024 -1024 1008 ) (-1024 -1024 640 ) 
4 122 146 (-1024 -896 640 ) (-1024 -1024 640 ) (-1024 -1024 1008 ) (-1024 -896 1008 ) 
4 122 144 (-1024 -768 640 ) (-1024 -896 640 ) (-1024 -896 1008 ) (-1024 -768 1008 ) 
4 122 138 (-1024 0 1008 ) (-1024 0 640 ) (-1024 -128 640 ) (-1024 -128 1008 ) 
4 122 139 (-1024 -128 640 ) (-1024 -768 640 ) (-1024 -768 1008 ) (-1024 -128 1008 ) 
3 122 126 (0 -1024 640 ) (-640 -1024 640 ) (0 -384 640 ) 
4 122 124 (-1024 -128 640 ) (-1024 0 640 ) (-384 0 640 ) (-384 -128 640 ) 
4 122 125 (-1024 -896 640 ) (-1024 -128 640 ) (-384 -128 640 ) (-384 -256 640 ) 
3 122 123 (-384 0 640 ) (-128 0 640 ) (-384 -256 640 ) 
4 123 127 (-384 -256 384 ) (-128 0 384 ) (-128 0 624 ) (-384 -256 624 ) 
3 123 124 (-384 -128 640 ) (-384 0 640 ) (-384 0 621.714233 ) 
4 123 125 (-384 -128 384 ) (-384 -255.998062 384 ) (-384 -255.998062 640 ) (-384 -128 640 ) 
3 123 128 (-384 0 384 ) (-128 0 384 ) (-384 -256 384 ) 
4 124 138 (-1024 0 640 ) (-1024 0 540.444458 ) (-1024 -128 558.730103 ) (-1024 -128 640 ) 
3 124 125 (-384 -128 640 ) (-1024 -128 640 ) (-1024 -128 558.730103 ) 
4 125 144 (-1024 -768 384 ) (-1024 -896 384 ) (-1024 -896 640 ) (-1024 -768 640 ) 
4 125 139 (-1024 -128 384 ) (-1024 -768 384 ) (-1024 -768 640 ) (-1024 -128 640 ) 
4 125 127 (-1024 -896 384 ) (-384 -256 384 ) (-384 -256 624 ) (-1024 -896 624 ) 
4 125 128 (-1024 -896 384 ) (-1024 -128 384 ) (-384 -128 384 ) (-384 -256 384 ) 
4 126 152 (0 -1024 624 ) (0 -1024 640 ) (-640 -1024 640 ) (-640 -1024 624 ) 
3 126 127 (0 -384 624 ) (0 -1024 624 ) (-640 -1024 624 ) 
4 127 153 (0 -1024 384 ) (0 -1024 624 ) (-1024 -1024 624 ) (-1024 -1024 384 ) 
4 127 148 (-1024 -896 384 ) (-1024 -1024 384 ) (-1024 -1024 624 ) (-1024 -896 624 ) 
5 127 128 (-1024 -1024 384 ) (-1024 -896 384 ) (-128 0 384 ) (0 0 384 ) (0 -1024 384 ) 
4 128 153 (0 -1024 256 ) (0 -1024 384 ) (-1024 -1024 384 ) (-1024 -1024 256 ) 
4 128 148 (-1024 -896 256 ) (-1024 -1024 256 ) (-1024 -1024 384 ) (-1024 -896 384 ) 
4 128 144 (-1024 -768 256 ) (-1024 -896 256 ) (-1024 -896 384 ) (-1024 -768 384 ) 
4 128 141 (-1024 0 384 ) (-1024 0 256 ) (-1024 -768 256 ) (-1024 -768 384 ) 
4 128 136 (-1024 -1024 256 ) (-1024 -896 256 ) (0 -896 256 ) (0 -1024 256 ) 
4 128 129 (-1024 -768 256 ) (-1024 0 256 ) (0 0 256 ) (0 -768 256 ) 
4 129 141 (-1024 0 256 ) (-1024 0 128 ) (-1024 -768 128 ) (-1024 -768 256 ) 
3 129 135 (-98 -365 128 ) (-150.021759 -354.914154 128 ) (-181 -309 128 ) 
3 129 134 (0 -384 128 ) (0 -577.267883 128 ) (-150.021759 -354.914154 128 ) 
4 129 133 (0 -768 128 ) (-131.918365 -768 128 ) (-237 -226 128 ) (0 -577.267883 128 ) 
3 129 132 (-131.918365 -768 128 ) (-380.081635 -768 128 ) (-256 -128 128 ) 
3 129 131 (-237 -30 128 ) (-231.183655 0 128 ) (-216.759048 0 128 ) 
4 129 130 (-380.081635 -768 128 ) (-1024 -768 128 ) (-1024 0 128 ) (-231.183655 0 128 ) 
4 130 141 (-1024 0 128 ) (-1024 0 0 ) (-1024 -768 0 ) (-1024 -768 128 ) 
4 130 132 (-256 -128 128 ) (-380.082031 -768 128 ) (-380.082031 -768 0 ) (-256 -127.998962 0 ) 
4 130 131 (-231.183975 0 128 ) (-237 -30 128 ) (-237 -30 0 ) (-231.184082 0 0 ) 
4 132 133 (-237.001556 -225.997681 128 ) (-131.919464 -768 128 ) (-131.919464 -768 0 ) (-237.001556 -225.997681 0 ) 
4 133 135 (-180.995148 -309.003296 128 ) (-150.018768 -354.914734 128 ) (-150.018784 -354.914703 0 ) (-180.995163 -309.003265 0 ) 
4 133 134 (-150.018768 -354.914734 128 ) (0 -577.263977 128 ) (0 -577.264038 0 ) (-150.018784 -354.914703 0 ) 
4 134 135 (-150.025391 -354.913086 0 ) (-150.025391 -354.913086 128 ) (-98 -365 128 ) (-98 -365 0 ) 
4 136 153 (0 -1024 0 ) (0 -1024 256 ) (-1024 -1024 256 ) (-1024 -1024 0 ) 
4 136 148 (-1024 -896 0 ) (-1024 -1024 0 ) (-1024 -1024 256 ) (-1024 -896 256 ) 
4 136 137 (0 -1024 0 ) (-1024 -1024 0 ) (-1024 -896 0 ) (0 -896 0 ) 
4 137 153 (0 -1024 -384 ) (0 -1024 0 ) (-1024 -1024 0 ) (-1024 -1024 -384 ) 
4 137 149 (-1024 -896 -384 ) (-1024 -1024 -384 ) (-1024 -1024 0 ) (-1024 -896 0 ) 
4 138 139 (-1392 -128 1008 ) (-1392 -128 512 ) (-1024 -128 558.730103 ) (-1024 -128 1008 ) 
4 138 140 (-1392 -128 512 ) (-1392 -128 1008 ) (-1392 0 1008 ) (-1392 0 493.714233 ) 
4 139 144 (-1280 -768 384 ) (-1024 -768 384 ) (-1024 -768 1008 ) (-1280 -768 1008 ) 
4 139 145 (-1392 -768 384 ) (-1280 -768 384 ) (-1280 -768 1008 ) (-1392 -768 1008 ) 
4 139 142 (-1152 -768 384 ) (-1280 -768 384 ) (-1280 -128 384 ) (-1152 -128 384 ) 
4 139 141 (-1024 -768 384 ) (-1152 -768 384 ) (-1152 -128 384 ) (-1024 -128 384 ) 
4 139 143 (-1280 -768 384 ) (-1392 -768 384 ) (-1392 -128 384 ) (-1280 -128 384 ) 
4 139 140 (-1392 -128 384 ) (-1392 -768 384 ) (-1392 -768 1008 ) (-1392 -128 1008 ) 
4 140 145 (-1408 -768 1008 ) (-1408 -768 384 ) (-1392 -768 384 ) (-1392 -768 1008 ) 
4 140 143 (-1392 -768 384 ) (-1408 -768 384 ) (-1408 0 384 ) (-1392 0 384 ) 
4 141 144 (-1024 -768 256 ) (-1024 -768 384 ) (-1152 -768 384 ) (-1152 -768 256 ) 
4 141 142 (-1152 -768 80 ) (-1152 -768 384 ) (-1152 0 384 ) (-1152 0 80 ) 
4 142 144 (-1152 -768 256 ) (-1152 -768 384 ) (-1280 -768 384 ) (-1280 -768 256 ) 
4 142 143 (-1280 -768 80 ) (-1280 -768 384 ) (-1280 0 384 ) (-1280 0 80 ) 
4 143 150 (-1408 -768 0 ) (-1408 0 0 ) (-1280 0 0 ) (-1280 -768 0 ) 
4 143 145 (-1408 -768 384 ) (-1408 -768 0 ) (-1280 -768 0 ) (-1280 -768 384 ) 
4 144 147 (-1024 -896 624 ) (-1024 -896 640 ) (-1280 -896 640 ) (-1280 -896 624 ) 
4 144 146 (-1024 -896 640 ) (-1024 -896 1008 ) (-1280 -896 1008 ) (-1280 -896 640 ) 
4 144 148 (-1024 -896 256 ) (-1024 -896 624 ) (-1280 -896 624 ) (-1280 -896 256 ) 
4 144 145 (-1280 -896 256 ) (-1280 -896 1008 ) (-1280 -768 1008 ) (-1280 -768 256 ) 
4 145 150 (-1408 -896 0 ) (-1408 -768 0 ) (-1280 -768 0 ) (-1280 -896 0 ) 
4 145 147 (-1280 -896 624 ) (-1280 -896 640 ) (-1408 -896 640 ) (-1408 -896 624 ) 
4 145 146 (-1280 -896 640 ) (-1280 -896 1008 ) (-1408 -896 1008 ) (-1408 -896 640 ) 
4 145 148 (-1408 -896 0 ) (-1280 -896 0 ) (-1280 -896 624 ) (-1408 -896 624 ) 
4 146 154 (-1024 -1024 640 ) (-1024 -1024 1008 ) (-1408 -1024 1008 ) (-1408 -1024 640 ) 
4 146 147 (-1152 -1024 640 ) (-1408 -1024 640 ) (-1408 -896 640 ) (-1024 -896 640 ) 
4 147 155 (-1152 -1024 640 ) (-1408 -1024 640 ) (-1408 -1024 624 ) (-1152 -1024 624 ) 
4 147 148 (-1408 -1024 624 ) (-1408 -896 624 ) (-1024 -896 624 ) (-1152 -1024 624 ) 
4 148 156 (-1024 -1024 0 ) (-1024 -1024 624 ) (-1408 -1024 624 ) (-1408 -1024 0 ) 
4 148 149 (-1280 -896 0 ) (-1024 -896 0 ) (-1024 -1024 0 ) (-1280 -1024 0 ) 
4 148 150 (-1408 -1024 0 ) (-1408 -896 0 ) (-1280 -896 0 ) (-1280 -1024 0 ) 
4 149 156 (-1024 -1024 -384 ) (-1024 -1024 0 ) (-1280 -1024 0 ) (-1280 -1024 -384 ) 
4 149 150 (-1280 -896 -384 ) (-1280 -1024 -384 ) (-1280 -1024 0 ) (-1280 -896 0 ) 
4 150 156 (-1280 -1024 0 ) (-1408 -1024 0 ) (-1408 -1024 -384 ) (-1280 -1024 -384 ) 
4 151 154 (-1024 -1024 1008 ) (-1024 -1024 640 ) (-1024 -1408 640 ) (-1024 -1408 1008 ) 
4 151 152 (0 -1408 640 ) (-1024 -1408 640 ) (-640 -1024 640 ) (0 -1024 640 ) 
4 152 153 (0 -1408 624 ) (-1024 -1408 624 ) (-640 -1024 624 ) (0 -1024 624 ) 
4 153 156 (-1024 -1024 624 ) (-1024 -1024 -384 ) (-1024 -1408 -384 ) (-1024 -1408 624 ) 
3 154 155 (-1408 -1280 640 ) (-1408 -1024 640 ) (-1152 -1024 640 ) 
3 155 156 (-1408 -1280 624 ) (-1408 -1024 624 ) (-1152 -1024 624 ) 
