PRT1
206
615
4 0 16 (1024 -4448 -128 ) (1024 -4736 -128 ) (1024 -4736 -16 ) (1024 -4448 -16 ) 
4 0 11 (1024 -4736 -16 ) (1024 -4736 512 ) (1024 -4448 512 ) (1024 -4448 -16 ) 
4 0 9 (1024 -4736 512 ) (1024 -4736 688 ) (1024 -4448 688 ) (1024 -4448 512 ) 
4 0 8 (1024 -4736 -32 ) (1024 -4736 -128 ) (1280 -4736 -128 ) (1280 -4736 -32 ) 
4 0 5 (1120 -4736 -16 ) (1264 -4736 -16 ) (1264 -4736 124 ) (1120 -4736 124 ) 
4 0 4 (1280 -4736 -128 ) (1296 -4736 -128 ) (1296 -4736 -32 ) (1280 -4736 -32 ) 
4 0 3 (1296 -4736 -128 ) (1584 -4736 -128 ) (1584 -4736 512 ) (1296 -4736 512 ) 
4 0 2 (1024 -4736 688 ) (1024 -4736 528 ) (1296 -4736 528 ) (1296 -4736 688 ) 
4 0 1 (1296 -4736 512 ) (1584 -4736 512 ) (1584 -4736 688 ) (1296 -4736 688 ) 
4 1 18 (1584 -5120 688 ) (1296 -5120 688 ) (1296 -5120 512 ) (1584 -5120 512 ) 
4 1 3 (1296 -4736 512 ) (1584 -4736 512 ) (1584 -5120 512 ) (1296 -5120 512 ) 
4 1 2 (1296 -5120 528 ) (1296 -5120 688 ) (1296 -4736 688 ) (1296 -4736 528 ) 
4 2 25 (1280 -5120 688 ) (1024 -5120 688 ) (1024 -5120 528 ) (1280 -5120 528 ) 
4 2 19 (1296 -5120 688 ) (1280 -5120 688 ) (1280 -5120 528 ) (1296 -5120 528 ) 
4 2 10 (1024 -5120 528 ) (1024 -5120 688 ) (1024 -4736 688 ) (1024 -4736 528 ) 
4 3 18 (1584 -5120 512 ) (1296 -5120 512 ) (1296 -5120 -128 ) (1584 -5120 -128 ) 
4 3 4 (1296 -4736 -32 ) (1296 -4736 -128 ) (1296 -5120 -128 ) (1296 -5120 -32 ) 
4 4 21 (1280 -5120 -32 ) (1280 -5120 -128 ) (1296 -5120 -128 ) (1296 -5120 -32 ) 
4 4 8 (1280 -4736 -32 ) (1280 -4736 -128 ) (1280 -5120 -128 ) (1280 -5120 -32 ) 
4 5 7 (1120 -4752 -16 ) (1264 -4752 -16 ) (1264 -4752 112 ) (1120 -4752 112 ) 
4 5 6 (1264 -4752 112 ) (1264 -4752 124 ) (1120 -4752 124 ) (1120 -4752 112 ) 
4 6 34 (1024 -5120 224 ) (1024 -5120 112 ) (1152 -5120 112 ) (1152 -5120 224 ) 
4 6 33 (1152 -5120 112 ) (1280 -5120 112 ) (1280 -5120 224 ) (1152 -5120 224 ) 
4 6 28 (1136 -5120 512 ) (1024 -5120 512 ) (1024 -5120 224 ) (1136 -5120 224 ) 
4 6 27 (1280 -5120 512 ) (1136 -5120 512 ) (1136 -5120 224 ) (1280 -5120 224 ) 
4 6 12 (1024 -5120 112 ) (1024 -5120 512 ) (1024 -4752 272 ) (1024 -4752 112 ) 
4 6 7 (1024 -4752 112 ) (1280 -4752 112 ) (1280 -4992 112 ) (1024 -4992 112 ) 
4 7 13 (1024 -4992 112 ) (1024 -4752 112 ) (1024 -4752 -16 ) (1024 -4992 -16 ) 
4 8 35 (1024 -5120 -32 ) (1024 -5120 -128 ) (1280 -5120 -128 ) (1280 -5120 -32 ) 
4 8 17 (1024 -5120 -128 ) (1024 -5120 -32 ) (1024 -4736 -32 ) (1024 -4736 -128 ) 
4 9 115 (0 -4448 512 ) (0 -4736 512 ) (0 -4736 688 ) (0 -4448 688 ) 
4 9 14 (0 -4736 512 ) (0 -4448 512 ) (16 -4448 512 ) (16 -4736 512 ) 
4 9 11 (16 -4448 512 ) (1024 -4448 512 ) (1024 -4736 512 ) (16 -4736 512 ) 
4 9 10 (1024 -4736 528 ) (1024 -4736 688 ) (0 -4736 688 ) (0 -4736 528 ) 
4 10 115 (0 -5120 528 ) (0 -5120 688 ) (0 -4736 688 ) (0 -4736 528 ) 
4 10 41 (1024 -5120 528 ) (1024 -5120 688 ) (0 -5120 688 ) (0 -5120 528 ) 
4 11 16 (1024 -4448 -16 ) (1024 -4736 -16 ) (16 -4736 -16 ) (16 -4448 -16 ) 
4 11 14 (16 -4448 -16 ) (16 -4736 -16 ) (16 -4736 512 ) (16 -4448 512 ) 
4 12 45 (640 -5120 224 ) (16 -5120 224 ) (16 -5120 -16 ) (640 -5120 -16 ) 
4 12 44 (1024 -5120 112 ) (1024 -5120 224 ) (640 -5120 224 ) (640 -5120 -16 ) 
4 12 42 (1024 -5120 224 ) (1024 -5120 512 ) (16 -5120 512 ) (16 -5120 224 ) 
4 12 15 (16 -4848 -16 ) (16 -4992 -16 ) (16 -4992 124 ) (16 -4848 124 ) 
4 12 13 (640 -4992 -16 ) (640 -4752 -16 ) (1024 -4752 112 ) (1024 -4992 112 ) 
4 14 115 (0 -4448 -16 ) (0 -4736 -16 ) (0 -4736 512 ) (0 -4448 512 ) 
4 14 16 (0 -4736 -16 ) (0 -4448 -16 ) (16 -4448 -16 ) (16 -4736 -16 ) 
4 15 115 (0 -4848 -16 ) (0 -4992 -16 ) (0 -4992 124 ) (0 -4848 124 ) 
4 16 115 (0 -4448 -128 ) (0 -4736 -128 ) (0 -4736 -16 ) (0 -4448 -16 ) 
4 16 17 (0 -4736 -128 ) (1024 -4736 -128 ) (1024 -4736 -32 ) (0 -4736 -32 ) 
4 17 115 (0 -4736 -128 ) (0 -5120 -128 ) (0 -5120 -32 ) (0 -4736 -32 ) 
4 17 47 (1024 -5120 -128 ) (1024 -5120 -32 ) (0 -5120 -32 ) (0 -5120 -128 ) 
4 18 69 (1584 -6144 688 ) (1296 -6144 688 ) (1296 -6144 -128 ) (1584 -6144 -128 ) 
4 18 22 (1296 -6032 288 ) (1296 -6032 512 ) (1296 -5504 512 ) (1296 -5504 288 ) 
4 18 23 (1296 -5504 -128 ) (1296 -6032 -128 ) (1296 -6032 -16 ) (1296 -5504 -16 ) 
4 18 24 (1296 -6032 -128 ) (1296 -6144 -128 ) (1296 -6144 512 ) (1296 -6032 512 ) 
4 18 21 (1296 -5120 -128 ) (1296 -5504 -128 ) (1296 -5504 -32 ) (1296 -5120 -32 ) 
4 18 20 (1296 -6144 512 ) (1296 -6144 528 ) (1296 -5504 528 ) (1296 -5504 512 ) 
4 18 19 (1296 -6144 528 ) (1296 -6144 688 ) (1296 -5120 688 ) (1296 -5120 528 ) 
4 19 69 (1280 -6144 688 ) (1280 -6144 528 ) (1296 -6144 528 ) (1296 -6144 688 ) 
4 19 25 (1280 -5504 688 ) (1280 -5120 688 ) (1280 -5120 528 ) (1280 -5504 528 ) 
4 19 26 (1280 -6144 528 ) (1280 -6144 688 ) (1280 -5504 688 ) (1280 -5504 528 ) 
4 19 20 (1280 -6144 528 ) (1280 -5504 528 ) (1296 -5504 528 ) (1296 -6144 528 ) 
4 20 69 (1280 -6144 528 ) (1280 -6144 512 ) (1296 -6144 512 ) (1296 -6144 528 ) 
4 20 26 (1280 -6144 512 ) (1280 -6144 528 ) (1280 -5504 528 ) (1280 -5504 512 ) 
4 20 22 (1280 -6032 512 ) (1280 -5504 512 ) (1296 -5504 512 ) (1296 -6032 512 ) 
4 20 24 (1280 -6144 512 ) (1280 -6032 512 ) (1296 -6032 512 ) (1296 -6144 512 ) 
4 21 40 (1280 -5488 -128 ) (1280 -5504 -128 ) (1280 -5504 -32 ) (1280 -5488 -32 ) 
4 21 35 (1280 -5120 -32 ) (1280 -5120 -128 ) (1280 -5488 -128 ) (1280 -5488 -32 ) 
4 21 23 (1280 -5504 -128 ) (1296 -5504 -128 ) (1296 -5504 -32 ) (1280 -5504 -32 ) 
4 22 31 (1280 -6032 512 ) (1280 -6016 512 ) (1280 -6016 288 ) (1280 -6032 288 ) 
4 22 30 (1280 -6016 512 ) (1280 -5504 512 ) (1280 -5504 288 ) (1280 -6016 288 ) 
4 22 24 (1296 -6032 288 ) (1296 -6032 512 ) (1280 -6032 512 ) (1280 -6032 288 ) 
4 23 40 (1280 -5504 -32 ) (1280 -5504 -128 ) (1280 -6032 -128 ) (1280 -6032 -32 ) 
4 23 24 (1280 -6032 -128 ) (1296 -6032 -128 ) (1296 -6032 -16 ) (1280 -6032 -16 ) 
4 24 69 (1280 -6144 512 ) (1280 -6144 -128 ) (1296 -6144 -128 ) (1296 -6144 512 ) 
4 24 40 (1280 -6144 -128 ) (1280 -6144 -32 ) (1280 -6032 -32 ) (1280 -6032 -128 ) 
4 24 39 (1280 -6144 -32 ) (1280 -6144 176 ) (1280 -6032 176 ) (1280 -6032 -32 ) 
4 24 38 (1280 -6144 176 ) (1280 -6144 224 ) (1280 -6032 224 ) (1280 -6032 176 ) 
4 24 32 (1280 -6144 224 ) (1280 -6144 512 ) (1280 -6032 512 ) (1280 -6032 224 ) 
4 25 41 (1024 -5120 688 ) (1024 -5120 528 ) (1024 -5504 528 ) (1024 -5504 688 ) 
4 25 26 (1280 -5504 528 ) (1280 -5504 688 ) (1024 -5504 688 ) (1024 -5504 528 ) 
4 26 69 (1280 -6144 512 ) (1280 -6144 688 ) (1024 -6144 688 ) (1024 -6144 512 ) 
4 26 54 (1024 -6016 512 ) (1024 -6144 512 ) (1024 -6144 688 ) (1024 -6016 688 ) 
4 26 50 (1024 -5760 512 ) (1024 -5872 512 ) (1024 -5872 688 ) (1024 -5760 688 ) 
4 26 51 (1024 -5872 512 ) (1024 -6016 512 ) (1024 -6016 688 ) (1024 -5872 688 ) 
4 26 48 (1024 -5504 512 ) (1024 -5760 512 ) (1024 -5760 688 ) (1024 -5504 688 ) 
4 26 31 (1280 -6016 512 ) (1280 -6032 512 ) (1024 -6032 512 ) (1024 -6016 512 ) 
4 26 30 (1280 -5504 512 ) (1280 -6016 512 ) (1024 -6016 512 ) (1024 -5504 512 ) 
4 26 32 (1280 -6032 512 ) (1280 -6144 512 ) (1024 -6144 512 ) (1024 -6032 512 ) 
4 27 34 (1136 -5120 224 ) (1152 -5120 224 ) (1152 -5248 224 ) (1136 -5248 224 ) 
4 27 33 (1152 -5120 224 ) (1280 -5120 224 ) (1280 -5376 224 ) (1152 -5376 224 ) 
4 27 28 (1136 -5120 224 ) (1136 -5488 224 ) (1136 -5488 512 ) (1136 -5120 512 ) 
4 28 42 (1024 -5120 512 ) (1024 -5120 224 ) (1024 -5488 224 ) (1024 -5488 512 ) 
4 28 34 (1024 -5248 224 ) (1024 -5120 224 ) (1136 -5120 224 ) (1136 -5248 224 ) 
4 28 29 (1024 -5488 224 ) (1136 -5488 224 ) (1136 -5488 416 ) (1024 -5488 416 ) 
4 29 43 (1024 -5488 224 ) (1024 -5504 224 ) (1024 -5504 416 ) (1024 -5488 416 ) 
4 29 30 (1024 -5504 224 ) (1136 -5504 224 ) (1136 -5504 416 ) (1024 -5504 416 ) 
4 30 50 (1024 -5760 224 ) (1024 -5872 224 ) (1024 -5872 512 ) (1024 -5760 512 ) 
4 30 51 (1024 -5872 224 ) (1024 -6016 224 ) (1024 -6016 512 ) (1024 -5872 512 ) 
4 30 48 (1024 -5504 224 ) (1024 -5760 224 ) (1024 -5760 512 ) (1024 -5504 512 ) 
4 30 37 (1024 -6016 224 ) (1024 -5872 224 ) (1280 -5872 224 ) (1280 -6016 224 ) 
4 30 36 (1024 -5872 224 ) (1024 -5760 224 ) (1152 -5760 224 ) (1152 -5872 224 ) 
4 30 31 (1280 -6016 288 ) (1280 -6016 512 ) (1024 -6016 512 ) (1024 -6016 288 ) 
4 31 54 (1024 -6032 288 ) (1024 -6032 512 ) (1024 -6016 512 ) (1024 -6016 288 ) 
4 31 32 (1280 -6032 288 ) (1280 -6032 512 ) (1024 -6032 512 ) (1024 -6032 288 ) 
4 32 69 (1280 -6144 224 ) (1280 -6144 512 ) (1024 -6144 512 ) (1024 -6144 224 ) 
4 32 55 (1024 -6032 224 ) (1024 -6144 224 ) (1024 -6144 288 ) (1024 -6032 288 ) 
4 32 54 (1024 -6144 288 ) (1024 -6144 512 ) (1024 -6032 512 ) (1024 -6032 288 ) 
4 32 38 (1024 -6144 224 ) (1024 -6032 224 ) (1280 -6032 224 ) (1280 -6144 224 ) 
4 33 34 (1152 -5248 224 ) (1152 -5120 224 ) (1152 -5120 112 ) (1152 -5248 168 ) 
4 34 44 (1024 -5120 224 ) (1024 -5120 112 ) (1024 -5248 112 ) (1024 -5248 224 ) 
4 35 47 (1024 -5120 -32 ) (1024 -5120 -128 ) (1024 -5488 -128 ) (1024 -5488 -32 ) 
4 35 40 (1280 -5488 -128 ) (1280 -5488 -32 ) (1024 -5488 -32 ) (1024 -5488 -128 ) 
4 36 50 (1024 -5872 224 ) (1024 -5760 224 ) (1024 -5760 200 ) (1024 -5872 200 ) 
3 36 37 (1152 -5872 224 ) (1024 -5872 224 ) (1024 -5872 200 ) 
4 37 51 (1024 -6016 224 ) (1024 -5872 224 ) (1024 -5872 176 ) (1024 -6016 176 ) 
4 38 69 (1280 -6144 176 ) (1280 -6144 224 ) (1024 -6144 224 ) (1024 -6144 176 ) 
4 38 55 (1024 -6144 176 ) (1024 -6144 224 ) (1024 -6032 224 ) (1024 -6032 176 ) 
4 38 39 (1024 -6144 176 ) (1024 -6032 176 ) (1280 -6032 176 ) (1280 -6144 176 ) 
4 39 69 (1280 -6144 -32 ) (1280 -6144 176 ) (1024 -6144 176 ) (1024 -6144 -32 ) 
4 39 55 (1024 -6144 -32 ) (1024 -6144 176 ) (1024 -6032 176 ) (1024 -6032 -32 ) 
4 39 40 (1024 -6144 -32 ) (1024 -6032 -32 ) (1280 -6032 -32 ) (1280 -6144 -32 ) 
4 40 69 (1280 -6144 -128 ) (1280 -6144 -32 ) (1024 -6144 -32 ) (1024 -6144 -128 ) 
4 40 62 (1024 -6144 -128 ) (1024 -6144 -32 ) (1024 -6016 -32 ) (1024 -6016 -128 ) 
4 40 53 (1024 -6016 -32 ) (1024 -5504 -32 ) (1024 -5504 -128 ) (1024 -6016 -128 ) 
4 40 47 (1024 -5504 -32 ) (1024 -5488 -32 ) (1024 -5488 -128 ) (1024 -5504 -128 ) 
4 41 117 (0 -5504 528 ) (0 -5504 688 ) (0 -5120 688 ) (0 -5120 528 ) 
4 41 48 (1024 -5504 528 ) (1024 -5504 688 ) (768 -5504 688 ) (768 -5504 528 ) 
4 41 49 (768 -5504 688 ) (0 -5504 688 ) (0 -5504 528 ) (768 -5504 528 ) 
4 42 45 (16 -5120 224 ) (640 -5120 224 ) (640 -5488 224 ) (16 -5488 224 ) 
4 42 44 (640 -5120 224 ) (1024 -5120 224 ) (1024 -5248 224 ) (640 -5248 224 ) 
4 42 43 (928 -5488 224 ) (1024 -5488 224 ) (1024 -5488 416 ) (928 -5488 416 ) 
4 43 48 (1024 -5504 224 ) (1024 -5504 416 ) (928 -5504 416 ) (928 -5504 224 ) 
4 44 45 (640 -5120 -16 ) (640 -5248 -16 ) (640 -5248 224 ) (640 -5120 224 ) 
4 45 46 (176 -5488 -16 ) (384 -5488 -16 ) (384 -5488 176 ) (176 -5488 176 ) 
4 46 52 (176 -5504 176 ) (176 -5504 -16 ) (384 -5504 -16 ) (384 -5504 176 ) 
4 47 121 (0 -5504 -128 ) (0 -5504 -32 ) (0 -5120 -32 ) (0 -5120 -128 ) 
4 47 53 (1024 -5504 -128 ) (1024 -5504 -32 ) (0 -5504 -32 ) (0 -5504 -128 ) 
4 48 50 (1024 -5760 224 ) (1024 -5760 688 ) (768 -5760 688 ) (768 -5760 224 ) 
4 48 49 (768 -5760 224 ) (768 -5760 688 ) (768 -5504 688 ) (768 -5504 224 ) 
4 49 117 (0 -5504 688 ) (0 -5504 176 ) (0 -5760 176 ) (0 -5760 688 ) 
4 49 52 (0 -5760 176 ) (0 -5504 176 ) (512 -5504 176 ) (512 -5760 176 ) 
4 49 50 (0 -5760 688 ) (0 -5760 176 ) (768 -5760 176 ) (768 -5760 688 ) 
4 50 117 (0 -5872 688 ) (0 -5760 688 ) (0 -5760 176 ) (0 -5872 176 ) 
4 50 52 (0 -5872 176 ) (0 -5760 176 ) (512 -5760 176 ) (512 -5872 176 ) 
5 50 51 (0 -5872 176 ) (896 -5872 176 ) (1024 -5872 200 ) (1024 -5872 688 ) (0 -5872 688 ) 
4 51 117 (0 -6016 176 ) (0 -6016 688 ) (0 -5872 688 ) (0 -5872 176 ) 
4 51 65 (128 -6016 176 ) (160 -6016 176 ) (160 -6016 272 ) (128 -6016 272 ) 
4 51 66 (0 -6016 272 ) (0 -6016 176 ) (128 -6016 176 ) (128 -6016 272 ) 
4 51 64 (0 -6016 288 ) (0 -6016 272 ) (160 -6016 272 ) (160 -6016 288 ) 
4 51 63 (0 -6016 688 ) (0 -6016 288 ) (160 -6016 288 ) (160 -6016 688 ) 
4 51 59 (160 -6016 176 ) (512 -6016 176 ) (512 -6016 688 ) (160 -6016 688 ) 
4 51 57 (512 -6016 176 ) (640 -6016 176 ) (640 -6016 288 ) (512 -6016 288 ) 
4 51 56 (640 -6016 176 ) (768 -6016 176 ) (768 -6016 288 ) (640 -6016 288 ) 
4 51 54 (1024 -6016 288 ) (1024 -6016 688 ) (512 -6016 688 ) (512 -6016 288 ) 
4 51 52 (512 -6016 176 ) (0 -6016 176 ) (0 -5872 176 ) (512 -5872 176 ) 
4 52 121 (0 -6016 -32 ) (0 -6016 -16 ) (0 -5504 -16 ) (0 -5504 -32 ) 
4 52 118 (0 -6016 -16 ) (0 -6016 176 ) (0 -5504 176 ) (0 -5504 -16 ) 
4 52 67 (0 -6016 0 ) (0 -6016 -32 ) (160 -6016 -32 ) (160 -6016 0 ) 
4 52 65 (128 -6016 0 ) (160 -6016 0 ) (160 -6016 176 ) (128 -6016 176 ) 
4 52 66 (0 -6016 176 ) (0 -6016 0 ) (128 -6016 0 ) (128 -6016 176 ) 
4 52 59 (160 -6016 -32 ) (512 -6016 -32 ) (512 -6016 176 ) (160 -6016 176 ) 
4 52 53 (512 -6016 -32 ) (0 -6016 -32 ) (0 -5504 -32 ) (512 -5504 -32 ) 
4 53 121 (0 -6016 -128 ) (0 -6016 -32 ) (0 -5504 -32 ) (0 -5504 -128 ) 
4 53 67 (0 -6016 -32 ) (0 -6016 -128 ) (160 -6016 -128 ) (160 -6016 -32 ) 
4 53 62 (160 -6016 -128 ) (1024 -6016 -128 ) (1024 -6016 -32 ) (160 -6016 -32 ) 
4 54 70 (1024 -6144 288 ) (1024 -6144 688 ) (512 -6144 688 ) (512 -6144 288 ) 
4 54 60 (512 -6112 288 ) (512 -6144 288 ) (512 -6144 688 ) (512 -6112 688 ) 
4 54 59 (512 -6016 688 ) (512 -6016 288 ) (512 -6112 288 ) (512 -6112 688 ) 
4 54 57 (640 -6144 288 ) (512 -6144 288 ) (512 -6016 288 ) (640 -6016 288 ) 
4 54 56 (768 -6144 288 ) (640 -6144 288 ) (640 -6016 288 ) (768 -6016 288 ) 
4 54 55 (1024 -6144 288 ) (784 -6144 288 ) (784 -6032 288 ) (1024 -6032 288 ) 
4 55 92 (1024 -6144 -32 ) (1024 -6144 -16 ) (784 -6144 -16 ) (784 -6144 -32 ) 
4 55 74 (1024 -6144 -16 ) (1024 -6144 160 ) (784 -6144 160 ) (784 -6144 -16 ) 
4 55 71 (1024 -6144 160 ) (1024 -6144 288 ) (784 -6144 288 ) (784 -6144 160 ) 
4 55 62 (1024 -6144 -32 ) (784 -6144 -32 ) (784 -6032 -32 ) (1024 -6032 -32 ) 
4 56 94 (640 -6144 -16 ) (640 -6144 -32 ) (768 -6144 -32 ) (768 -6144 -16 ) 
4 56 75 (640 -6144 160 ) (640 -6144 -16 ) (768 -6144 -16 ) (768 -6144 160 ) 
4 56 72 (768 -6144 288 ) (640 -6144 288 ) (640 -6144 160 ) (768 -6144 160 ) 
4 56 62 (768 -6144 -32 ) (640 -6144 -32 ) (640 -6016 -32 ) (768 -6016 -32 ) 
4 56 57 (640 -6144 176 ) (640 -6144 288 ) (640 -6016 288 ) (640 -6016 176 ) 
4 56 58 (640 -6016 -32 ) (640 -6144 -32 ) (640 -6144 160 ) (640 -6016 160 ) 
4 57 73 (640 -6144 288 ) (512 -6144 288 ) (512 -6144 176 ) (640 -6144 176 ) 
4 57 60 (512 -6112 176 ) (512 -6144 176 ) (512 -6144 288 ) (512 -6112 288 ) 
4 57 59 (512 -6016 288 ) (512 -6016 176 ) (512 -6112 176 ) (512 -6112 288 ) 
4 58 94 (512 -6144 -16 ) (512 -6144 -32 ) (640 -6144 -32 ) (640 -6144 -16 ) 
4 58 75 (512 -6144 160 ) (512 -6144 -16 ) (640 -6144 -16 ) (640 -6144 160 ) 
4 58 62 (640 -6144 -32 ) (512 -6144 -32 ) (512 -6016 -32 ) (640 -6016 -32 ) 
4 58 61 (512 -6112 -32 ) (512 -6144 -32 ) (512 -6144 160 ) (512 -6112 160 ) 
4 58 59 (512 -6016 160 ) (512 -6016 -32 ) (512 -6112 -32 ) (512 -6112 160 ) 
4 59 67 (160 -6016 0 ) (160 -6016 -32 ) (160 -6112 -32 ) (160 -6112 0 ) 
4 59 65 (160 -6016 272 ) (160 -6016 0 ) (160 -6112 0 ) (160 -6112 272 ) 
4 59 64 (160 -6016 288 ) (160 -6016 272 ) (160 -6112 272 ) (160 -6112 288 ) 
4 59 63 (160 -6016 688 ) (160 -6016 288 ) (160 -6112 288 ) (160 -6112 688 ) 
4 59 62 (160 -6112 -32 ) (160 -6016 -32 ) (512 -6016 -32 ) (512 -6112 -32 ) 
4 59 61 (160 -6112 -32 ) (512 -6112 -32 ) (512 -6112 160 ) (160 -6112 272 ) 
4 59 60 (512 -6112 176 ) (512 -6112 688 ) (160 -6112 688 ) (160 -6112 288 ) 
4 60 78 (160 -6144 688 ) (160 -6144 288 ) (512 -6144 176 ) (512 -6144 688 ) 
4 60 63 (160 -6144 288 ) (160 -6144 688 ) (160 -6112 688 ) (160 -6112 288 ) 
4 61 94 (160 -6144 -16 ) (160 -6144 -32 ) (512 -6144 -32 ) (512 -6144 -16 ) 
4 61 79 (160 -6144 272 ) (160 -6144 -16 ) (512 -6144 -16 ) (512 -6144 160 ) 
4 61 68 (160 -6112 -32 ) (160 -6144 -32 ) (160 -6144 -16 ) (160 -6112 -16 ) 
4 61 62 (512 -6144 -32 ) (160 -6144 -32 ) (160 -6112 -32 ) (512 -6112 -32 ) 
4 62 93 (784 -6144 -32 ) (768 -6144 -32 ) (768 -6144 -128 ) (784 -6144 -128 ) 
4 62 92 (1024 -6144 -128 ) (1024 -6144 -32 ) (784 -6144 -32 ) (784 -6144 -128 ) 
4 62 94 (768 -6144 -32 ) (160 -6144 -32 ) (160 -6144 -128 ) (768 -6144 -128 ) 
4 62 68 (160 -6112 -128 ) (160 -6144 -128 ) (160 -6144 -32 ) (160 -6112 -32 ) 
4 62 67 (160 -6016 -32 ) (160 -6016 -128 ) (160 -6112 -128 ) (160 -6112 -32 ) 
4 63 122 (0 -6144 288 ) (0 -6144 688 ) (0 -6112 688 ) (0 -6112 288 ) 
4 63 117 (0 -6112 688 ) (0 -6016 688 ) (0 -6016 288 ) (0 -6112 288 ) 
4 63 95 (160 -6144 288 ) (160 -6144 688 ) (0 -6144 688 ) (0 -6144 288 ) 
4 63 64 (0 -6112 288 ) (0 -6016 288 ) (160 -6016 288 ) (160 -6112 288 ) 
4 64 117 (0 -6112 288 ) (0 -6016 288 ) (0 -6016 272 ) (0 -6112 272 ) 
4 64 65 (128 -6016 272 ) (160 -6016 272 ) (160 -6112 272 ) (128 -6112 272 ) 
4 64 66 (0 -6016 272 ) (128 -6016 272 ) (128 -6112 272 ) (0 -6112 272 ) 
4 65 67 (128 -6016 0 ) (160 -6016 0 ) (160 -6112 0 ) (128 -6112 0 ) 
4 65 66 (128 -6016 0 ) (128 -6112 0 ) (128 -6112 272 ) (128 -6016 272 ) 
4 66 123 (0 -6144 0 ) (0 -6144 272 ) (0 -6112 272 ) (0 -6112 0 ) 
4 66 118 (0 -6016 176 ) (0 -6016 0 ) (0 -6112 0 ) (0 -6112 176 ) 
4 66 117 (0 -6112 272 ) (0 -6016 272 ) (0 -6016 176 ) (0 -6112 176 ) 
4 66 99 (128 -6144 272 ) (0 -6144 272 ) (0 -6144 0 ) (128 -6144 0 ) 
4 66 67 (0 -6112 0 ) (0 -6016 0 ) (128 -6016 0 ) (128 -6112 0 ) 
4 67 121 (0 -6016 -16 ) (0 -6016 -128 ) (0 -6112 -128 ) (0 -6112 -16 ) 
4 67 118 (0 -6112 0 ) (0 -6016 0 ) (0 -6016 -16 ) (0 -6112 -16 ) 
4 67 68 (0 -6112 -128 ) (160 -6112 -128 ) (160 -6112 -16 ) (0 -6112 -16 ) 
4 68 124 (0 -6144 -128 ) (0 -6144 -16 ) (0 -6112 -16 ) (0 -6112 -128 ) 
4 68 102 (160 -6144 -128 ) (160 -6144 -16 ) (0 -6144 -16 ) (0 -6144 -128 ) 
4 69 163 (1584 -7168 688 ) (1024 -7168 688 ) (1024 -7168 -128 ) (1584 -7168 -128 ) 
4 69 109 (1024 -7040 -128 ) (1024 -7168 -128 ) (1024 -7168 -32 ) (1024 -7040 -32 ) 
4 69 106 (1024 -7168 -32 ) (1024 -7168 384 ) (1024 -7040 384 ) (1024 -7040 -32 ) 
4 69 105 (1024 -7168 384 ) (1024 -7168 400 ) (1024 -7040 400 ) (1024 -7040 384 ) 
4 69 104 (1024 -7168 400 ) (1024 -7168 688 ) (1024 -7040 688 ) (1024 -7040 400 ) 
4 69 92 (1024 -6144 -16 ) (1024 -6144 -128 ) (1024 -7040 -128 ) (1024 -7040 -16 ) 
4 69 80 (1024 -6432 -16 ) (1024 -7040 -16 ) (1024 -7040 688 ) (1024 -6432 688 ) 
4 69 74 (1024 -6144 160 ) (1024 -6144 -16 ) (1024 -6432 -16 ) (1024 -6432 160 ) 
4 69 71 (1024 -6144 288 ) (1024 -6144 160 ) (1024 -6432 160 ) (1024 -6432 288 ) 
4 69 70 (1024 -6144 688 ) (1024 -6144 288 ) (1024 -6432 288 ) (1024 -6432 688 ) 
4 70 83 (528 -6432 688 ) (512 -6432 688 ) (512 -6432 288 ) (528 -6432 288 ) 
4 70 81 (784 -6432 688 ) (768 -6432 688 ) (768 -6432 288 ) (784 -6432 288 ) 
4 70 80 (1024 -6432 288 ) (1024 -6432 688 ) (784 -6432 688 ) (784 -6432 288 ) 
4 70 82 (768 -6432 688 ) (528 -6432 688 ) (528 -6432 288 ) (768 -6432 288 ) 
4 70 78 (512 -6432 288 ) (512 -6432 688 ) (512 -6144 688 ) (512 -6144 288 ) 
4 70 73 (640 -6432 288 ) (512 -6432 288 ) (512 -6144 288 ) (640 -6144 288 ) 
4 70 71 (1024 -6432 288 ) (784 -6432 288 ) (784 -6144 288 ) (1024 -6144 288 ) 
4 70 72 (768 -6432 288 ) (640 -6432 288 ) (640 -6144 288 ) (768 -6144 288 ) 
4 71 80 (1024 -6432 160 ) (1024 -6432 288 ) (784 -6432 288 ) (784 -6432 160 ) 
4 71 74 (1024 -6432 160 ) (784 -6432 160 ) (784 -6144 160 ) (1024 -6144 160 ) 
4 72 82 (768 -6432 288 ) (640 -6432 288 ) (640 -6432 160 ) (768 -6432 160 ) 
4 72 76 (768 -6432 160 ) (640 -6432 160 ) (640 -6400 160 ) (768 -6400 160 ) 
4 72 75 (640 -6400 160 ) (640 -6144 160 ) (768 -6144 160 ) (768 -6400 160 ) 
4 72 73 (640 -6432 176 ) (640 -6432 288 ) (640 -6144 288 ) (640 -6144 176 ) 
4 73 86 (512 -6432 224 ) (512 -6432 176 ) (528 -6432 176 ) (528 -6432 224 ) 
4 73 84 (512 -6432 240 ) (512 -6432 224 ) (528 -6432 224 ) (528 -6432 240 ) 
4 73 83 (528 -6432 288 ) (512 -6432 288 ) (512 -6432 240 ) (528 -6432 240 ) 
4 73 82 (640 -6432 288 ) (528 -6432 288 ) (528 -6432 176 ) (640 -6432 176 ) 
4 73 78 (512 -6432 176 ) (512 -6432 288 ) (512 -6144 288 ) (512 -6144 176 ) 
4 74 92 (784 -6144 -16 ) (1024 -6144 -16 ) (1024 -6432 -16 ) (784 -6432 -16 ) 
4 74 80 (784 -6432 -16 ) (1024 -6432 -16 ) (1024 -6432 160 ) (784 -6432 160 ) 
4 75 94 (512 -6144 -16 ) (768 -6144 -16 ) (768 -6400 -16 ) (512 -6400 -16 ) 
4 75 79 (512 -6144 -16 ) (512 -6400 -16 ) (512 -6400 160 ) (512 -6144 160 ) 
4 75 77 (608 -6400 160 ) (544 -6400 160 ) (544 -6400 -16 ) (608 -6400 -16 ) 
4 75 76 (768 -6400 -16 ) (768 -6400 160 ) (640 -6400 160 ) (640 -6400 -16 ) 
4 76 94 (768 -6400 -16 ) (768 -6432 -16 ) (640 -6432 -16 ) (640 -6400 -16 ) 
4 76 82 (640 -6432 -16 ) (768 -6432 -16 ) (768 -6432 160 ) (640 -6432 160 ) 
4 77 94 (608 -6432 -16 ) (544 -6432 -16 ) (544 -6400 -16 ) (608 -6400 -16 ) 
4 77 82 (544 -6432 -16 ) (608 -6432 -16 ) (608 -6432 160 ) (544 -6432 160 ) 
4 78 95 (160 -6144 688 ) (160 -6144 288 ) (160 -6432 288 ) (160 -6432 688 ) 
3 78 86 (361.142883 -6432 224 ) (512 -6432 176 ) (512 -6432 224 ) 
4 78 84 (310.857178 -6432 240 ) (361.142883 -6432 224 ) (512 -6432 224 ) (512 -6432 240 ) 
5 78 83 (160 -6432 688 ) (160 -6432 288 ) (310.857178 -6432 240 ) (512 -6432 240 ) (512 -6432 688 ) 
4 79 97 (160 -6144 272 ) (160 -6144 0 ) (160 -6400 0 ) (160 -6400 272 ) 
4 79 94 (160 -6432 -16 ) (160 -6144 -16 ) (512 -6144 -16 ) (512 -6432 -16 ) 
5 79 86 (288 -6432 -16 ) (512 -6432 -16 ) (512 -6432 160 ) (310.857117 -6432 224 ) (288 -6432 224 ) 
4 79 87 (160 -6432 224 ) (160 -6432 -16 ) (288 -6432 -16 ) (288 -6432 224 ) 
3 79 84 (288 -6432 224 ) (310.857117 -6432 224 ) (288 -6432 231.272720 ) 
5 79 85 (160 -6432 240 ) (160 -6432 224 ) (288 -6432 224 ) (288 -6432 231.272720 ) (260.571411 -6432 240 ) 
3 79 83 (160 -6432 272 ) (160 -6432 240 ) (260.571411 -6432 240 ) 
4 80 106 (1024 -7040 -16 ) (1024 -7040 384 ) (784 -7040 384 ) (784 -7040 -16 ) 
4 80 105 (1024 -7040 384 ) (1024 -7040 400 ) (784 -7040 400 ) (784 -7040 384 ) 
4 80 104 (1024 -7040 400 ) (1024 -7040 688 ) (784 -7040 688 ) (784 -7040 400 ) 
4 80 92 (1024 -7040 -16 ) (784 -7040 -16 ) (784 -6432 -16 ) (1024 -6432 -16 ) 
4 80 81 (784 -7040 688 ) (784 -6432 688 ) (784 -6432 288 ) (784 -7040 288 ) 
4 81 107 (768 -7040 384 ) (768 -7040 288 ) (784 -7040 288 ) (784 -7040 384 ) 
4 81 105 (768 -7040 400 ) (768 -7040 384 ) (784 -7040 384 ) (784 -7040 400 ) 
4 81 104 (784 -7040 688 ) (768 -7040 688 ) (768 -7040 400 ) (784 -7040 400 ) 
4 81 82 (768 -7040 688 ) (768 -6432 688 ) (768 -6432 288 ) (768 -7040 288 ) 
4 82 107 (528 -7040 384 ) (528 -7040 288 ) (768 -7040 288 ) (768 -7040 384 ) 
4 82 105 (528 -7040 400 ) (528 -7040 384 ) (768 -7040 384 ) (768 -7040 400 ) 
4 82 104 (768 -7040 688 ) (528 -7040 688 ) (528 -7040 400 ) (768 -7040 400 ) 
4 82 94 (768 -7040 -16 ) (528 -7040 -16 ) (528 -6432 -16 ) (768 -6432 -16 ) 
4 82 86 (528 -6432 224 ) (528 -6432 -16 ) (528 -6816 -16 ) (528 -6816 224 ) 
4 82 84 (528 -6432 240 ) (528 -6432 224 ) (528 -6816 224 ) (528 -6816 240 ) 
4 82 83 (528 -6432 688 ) (528 -6432 240 ) (528 -7040 240 ) (528 -7040 688 ) 
4 83 104 (160 -7040 688 ) (160 -7040 400 ) (528 -7040 400 ) (528 -7040 688 ) 
4 83 98 (160 -7040 240 ) (160 -7040 272 ) (160 -6432 272 ) (160 -6432 240 ) 
4 83 96 (160 -7040 272 ) (160 -7040 288 ) (160 -6432 288 ) (160 -6432 272 ) 
4 83 95 (160 -7040 288 ) (160 -7040 688 ) (160 -6432 688 ) (160 -6432 288 ) 
4 83 84 (288 -6432 240 ) (528 -6432 240 ) (528 -6816 240 ) (288 -6816 240 ) 
4 83 85 (160 -7040 240 ) (160 -6432 240 ) (288 -6432 240 ) (288 -7040 240 ) 
4 84 86 (288 -6432 224 ) (528 -6432 224 ) (528 -6816 224 ) (288 -6816 224 ) 
4 84 85 (288 -6432 224 ) (288 -6816 224 ) (288 -6816 240 ) (288 -6432 240 ) 
4 85 98 (160 -7040 224 ) (160 -7040 240 ) (160 -6432 240 ) (160 -6432 224 ) 
4 85 90 (160 -7040 224 ) (160 -6832 224 ) (288 -6832 224 ) (288 -7040 224 ) 
4 85 87 (160 -6832 224 ) (160 -6432 224 ) (288 -6432 224 ) (288 -6832 224 ) 
4 86 94 (288 -6432 -16 ) (528 -6432 -16 ) (528 -6816 -16 ) (288 -6816 -16 ) 
4 86 87 (288 -6816 224 ) (288 -6432 224 ) (288 -6432 -16 ) (288 -6816 -16 ) 
4 87 103 (160 -6432 -16 ) (160 -6832 -16 ) (160 -6832 0 ) (160 -6432 0 ) 
4 87 98 (160 -6832 0 ) (160 -6832 224 ) (160 -6432 224 ) (160 -6432 0 ) 
4 87 94 (160 -6832 -16 ) (160 -6432 -16 ) (288 -6432 -16 ) (288 -6832 -16 ) 
4 87 91 (160 -6832 -16 ) (288 -6832 -16 ) (288 -6832 0 ) (160 -6832 0 ) 
4 87 90 (288 -6832 0 ) (288 -6832 224 ) (160 -6832 224 ) (160 -6832 0 ) 
4 88 111 (320 -7040 0 ) (512 -7040 0 ) (512 -7040 128 ) (320 -7040 128 ) 
4 88 89 (304 -6832 192 ) (304 -6832 0 ) (304 -7040 0 ) (304 -7040 192 ) 
4 89 90 (288 -6832 192 ) (288 -6832 0 ) (288 -7040 0 ) (288 -7040 192 ) 
4 90 98 (160 -7040 0 ) (160 -7040 224 ) (160 -6832 224 ) (160 -6832 0 ) 
4 90 91 (160 -7040 0 ) (160 -6832 0 ) (288 -6832 0 ) (288 -7040 0 ) 
4 91 103 (160 -6832 -16 ) (160 -7040 -16 ) (160 -7040 0 ) (160 -6832 0 ) 
4 91 94 (288 -7040 -16 ) (160 -7040 -16 ) (160 -6832 -16 ) (288 -6832 -16 ) 
4 92 109 (1024 -7040 -128 ) (1024 -7040 -32 ) (784 -7040 -32 ) (784 -7040 -128 ) 
4 92 106 (1024 -7040 -32 ) (1024 -7040 -16 ) (784 -7040 -16 ) (784 -7040 -32 ) 
4 92 93 (784 -6144 -128 ) (784 -7040 -128 ) (784 -7040 -32 ) (784 -6144 -32 ) 
4 93 109 (768 -7040 -32 ) (768 -7040 -128 ) (784 -7040 -128 ) (784 -7040 -32 ) 
4 93 94 (768 -6144 -128 ) (768 -7040 -128 ) (768 -7040 -32 ) (768 -6144 -32 ) 
4 94 114 (512 -7040 -16 ) (160 -7040 -16 ) (160 -7040 -128 ) (512 -7040 -128 ) 
4 94 110 (528 -7040 -16 ) (512 -7040 -16 ) (512 -7040 -128 ) (528 -7040 -128 ) 
4 94 109 (528 -7040 -32 ) (528 -7040 -128 ) (768 -7040 -128 ) (768 -7040 -32 ) 
4 94 102 (160 -6144 -16 ) (160 -6144 -128 ) (160 -6432 -128 ) (160 -6432 -16 ) 
4 94 103 (160 -6432 -128 ) (160 -7040 -128 ) (160 -7040 -16 ) (160 -6432 -16 ) 
4 95 144 (0 -7040 288 ) (0 -7040 384 ) (0 -6432 384 ) (0 -6432 288 ) 
4 95 137 (0 -6432 384 ) (0 -6144 384 ) (0 -6144 288 ) (0 -6432 288 ) 
4 95 134 (0 -7040 384 ) (0 -7040 688 ) (0 -6144 688 ) (0 -6144 384 ) 
4 95 104 (160 -7040 400 ) (160 -7040 688 ) (0 -7040 688 ) (0 -7040 400 ) 
4 95 96 (160 -6432 288 ) (160 -7040 288 ) (0 -7040 288 ) (0 -6432 288 ) 
4 96 144 (0 -7040 272 ) (0 -7040 288 ) (0 -6432 288 ) (0 -6432 272 ) 
4 96 101 (128 -7040 272 ) (0 -7040 272 ) (0 -6432 272 ) (128 -6432 272 ) 
4 96 98 (160 -6432 272 ) (160 -7040 272 ) (128 -7040 272 ) (128 -6432 272 ) 
4 97 99 (128 -6144 0 ) (128 -6400 0 ) (128 -6400 272 ) (128 -6144 272 ) 
4 98 103 (160 -6432 0 ) (160 -7040 0 ) (128 -7040 0 ) (128 -6432 0 ) 
4 98 101 (128 -6432 0 ) (128 -7040 0 ) (128 -7040 272 ) (128 -6432 272 ) 
4 99 138 (0 -6408 272 ) (0 -6144 272 ) (0 -6144 0 ) (0 -6408 0 ) 
4 99 100 (0 -6408 0 ) (128 -6408 0 ) (128 -6408 272 ) (0 -6408 272 ) 
4 100 139 (0 -6424 272 ) (0 -6408 272 ) (0 -6408 0 ) (0 -6424 0 ) 
4 100 101 (0 -6424 0 ) (128 -6424 0 ) (128 -6424 272 ) (0 -6424 272 ) 
4 101 144 (0 -7040 0 ) (0 -7040 272 ) (0 -6432 272 ) (0 -6432 0 ) 
4 101 140 (0 -6432 272 ) (0 -6424 272 ) (0 -6424 0 ) (0 -6432 0 ) 
4 101 103 (128 -7040 0 ) (0 -7040 0 ) (0 -6432 0 ) (128 -6432 0 ) 
4 102 149 (0 -6144 -16 ) (0 -6144 -128 ) (0 -6432 -128 ) (0 -6432 -16 ) 
4 102 103 (0 -6432 -128 ) (160 -6432 -128 ) (160 -6432 -16 ) (0 -6432 -16 ) 
4 103 149 (0 -7040 -128 ) (0 -7040 -16 ) (0 -6432 -16 ) (0 -6432 -128 ) 
4 103 147 (0 -7040 -16 ) (0 -7040 0 ) (0 -6432 0 ) (0 -6432 -16 ) 
4 103 114 (160 -7040 -128 ) (160 -7040 -16 ) (0 -7040 -16 ) (0 -7040 -128 ) 
4 104 164 (1024 -7168 400 ) (1024 -7168 688 ) (0 -7168 688 ) (0 -7168 400 ) 
4 104 135 (0 -7168 400 ) (0 -7168 688 ) (0 -7040 688 ) (0 -7040 400 ) 
4 104 105 (528 -7040 400 ) (1024 -7040 400 ) (1024 -7168 400 ) (528 -7168 400 ) 
4 105 165 (1024 -7168 384 ) (1024 -7168 400 ) (528 -7168 400 ) (528 -7168 384 ) 
4 105 107 (528 -7056 384 ) (528 -7040 384 ) (784 -7040 384 ) (784 -7056 384 ) 
4 105 108 (784 -7168 384 ) (528 -7168 384 ) (528 -7056 384 ) (784 -7056 384 ) 
4 105 106 (1024 -7168 384 ) (784 -7168 384 ) (784 -7040 384 ) (1024 -7040 384 ) 
4 106 166 (1024 -7168 -32 ) (1024 -7168 384 ) (784 -7168 384 ) (784 -7168 -32 ) 
4 106 109 (784 -7040 -32 ) (1024 -7040 -32 ) (1024 -7168 -32 ) (784 -7168 -32 ) 
4 106 107 (784 -7056 288 ) (784 -7056 384 ) (784 -7040 384 ) (784 -7040 288 ) 
4 106 108 (784 -7056 -32 ) (784 -7168 -32 ) (784 -7168 384 ) (784 -7056 384 ) 
4 107 108 (528 -7056 384 ) (528 -7056 288 ) (784 -7056 288 ) (784 -7056 384 ) 
4 108 166 (784 -7168 384 ) (528 -7168 384 ) (528 -7168 -32 ) (784 -7168 -32 ) 
4 108 110 (528 -7056 0 ) (528 -7056 -32 ) (528 -7168 -32 ) (528 -7168 0 ) 
4 108 109 (528 -7168 -32 ) (528 -7056 -32 ) (784 -7056 -32 ) (784 -7168 -32 ) 
4 109 166 (1024 -7168 -128 ) (1024 -7168 -32 ) (528 -7168 -32 ) (528 -7168 -128 ) 
4 109 110 (528 -7040 -32 ) (528 -7040 -128 ) (528 -7168 -128 ) (528 -7168 -32 ) 
4 110 167 (528 -7168 -128 ) (528 -7168 0 ) (512 -7168 0 ) (512 -7168 -128 ) 
4 110 114 (512 -7168 -128 ) (512 -7168 -16 ) (512 -7040 -16 ) (512 -7040 -128 ) 
4 111 112 (320 -7056 128 ) (320 -7056 0 ) (512 -7056 0 ) (512 -7056 128 ) 
4 112 168 (512 -7168 0 ) (512 -7168 384 ) (320 -7168 384 ) (320 -7168 0 ) 
4 112 113 (320 -7056 0 ) (320 -7168 0 ) (320 -7168 384 ) (320 -7056 384 ) 
4 113 168 (320 -7168 384 ) (256 -7168 384 ) (256 -7168 0 ) (320 -7168 0 ) 
4 113 169 (256 -7168 384 ) (0 -7168 384 ) (0 -7168 0 ) (256 -7168 0 ) 
4 113 146 (0 -7168 0 ) (0 -7168 384 ) (0 -7056 384 ) (0 -7056 0 ) 
4 114 170 (512 -7168 -128 ) (512 -7168 -16 ) (0 -7168 -16 ) (0 -7168 -128 ) 
4 114 149 (0 -7168 -128 ) (0 -7168 -16 ) (0 -7040 -16 ) (0 -7040 -128 ) 
4 115 133 (-1024 -5120 -32 ) (-1024 -5120 -128 ) (-512 -5120 -128 ) (-512 -5120 -32 ) 
4 115 131 (-784 -5120 -32 ) (-768 -5120 -32 ) (-768 -5120 288 ) (-784 -5120 288 ) 
4 115 132 (-1024 -5120 288 ) (-1024 -5120 -32 ) (-784 -5120 -32 ) (-784 -5120 288 ) 
4 115 130 (-768 -5120 688 ) (-1024 -5120 688 ) (-1024 -5120 288 ) (-768 -5120 288 ) 
4 115 128 (-768 -5120 176 ) (-768 -5120 -32 ) (-512 -5120 -32 ) (-512 -5120 176 ) 
4 115 127 (-512 -5120 688 ) (-768 -5120 688 ) (-768 -5120 176 ) (-512 -5120 176 ) 
4 115 121 (0 -5120 -128 ) (0 -5120 -16 ) (-512 -5120 -16 ) (-512 -5120 -128 ) 
4 115 119 (-384 -5120 176 ) (-512 -5120 176 ) (-512 -5120 -16 ) (-384 -5120 -16 ) 
4 115 118 (0 -5120 -16 ) (0 -5120 176 ) (-384 -5120 176 ) (-384 -5120 -16 ) 
4 115 117 (0 -5120 176 ) (0 -5120 688 ) (-512 -5120 688 ) (-512 -5120 176 ) 
4 115 116 (-1024 -4448 -128 ) (-1024 -5120 -128 ) (-1024 -5120 688 ) (-1024 -4448 688 ) 
4 116 161 (-1024 -5120 -128 ) (-1024 -5120 688 ) (-1104 -5120 688 ) (-1104 -5120 -128 ) 
4 117 127 (-512 -5120 688 ) (-512 -5120 176 ) (-512 -6112 176 ) (-512 -6112 688 ) 
4 117 126 (-512 -6112 688 ) (-512 -6112 176 ) (-160 -6112 288 ) (-160 -6112 688 ) 
3 117 125 (-461.714233 -6112 176 ) (-160 -6112 176 ) (-160 -6112 272 ) 
4 117 123 (-128 -6112 176 ) (0 -6112 176 ) (0 -6112 272 ) (-128 -6112 272 ) 
4 117 122 (0 -6112 288 ) (0 -6112 688 ) (-160 -6112 688 ) (-160 -6112 288 ) 
3 117 120 (-384 -6112 176 ) (-512 -6112 176 ) (-384 -6064 176 ) 
4 117 119 (-512 -5936 176 ) (-512 -5120 176 ) (-384 -5120 176 ) (-384 -5936 176 ) 
4 117 118 (0 -6112 176 ) (-384 -6112 176 ) (-384 -5120 176 ) (0 -5120 176 ) 
4 118 125 (-384 -6112 -16 ) (-160 -6112 -16 ) (-160 -6112 176 ) (-384 -6112 176 ) 
4 118 123 (0 -6112 0 ) (0 -6112 176 ) (-128 -6112 176 ) (-128 -6112 0 ) 
4 118 121 (0 -6112 -16 ) (-384 -6112 -16 ) (-384 -5120 -16 ) (0 -5120 -16 ) 
4 118 120 (-384 -6064 -16 ) (-384 -6112 -16 ) (-384 -6112 176 ) (-384 -6064 176 ) 
4 118 119 (-384 -5120 -16 ) (-384 -5568 -16 ) (-384 -5936 176 ) (-384 -5120 176 ) 
4 119 128 (-512 -5120 176 ) (-512 -5120 -16 ) (-512 -5504 -16 ) (-512 -5504 176 ) 
4 119 121 (-512 -5568 -16 ) (-512 -5120 -16 ) (-384 -5120 -16 ) (-384 -5568 -16 ) 
5 120 125 (-512 -6112 160 ) (-512 -6112 -16 ) (-384 -6112 -16 ) (-384 -6112 176 ) (-461.714233 -6112 176 ) 
3 120 121 (-384 -6112 -16 ) (-512 -6112 -16 ) (-384 -6064 -16 ) 
4 121 133 (-512 -5120 -32 ) (-512 -5120 -128 ) (-512 -6112 -128 ) (-512 -6112 -32 ) 
4 121 129 (-512 -5504 -32 ) (-512 -6112 -32 ) (-512 -6112 -16 ) (-512 -5504 -16 ) 
4 121 128 (-512 -5120 -16 ) (-512 -5120 -32 ) (-512 -5504 -32 ) (-512 -5504 -16 ) 
4 121 125 (-512 -6112 -16 ) (-512 -6112 -128 ) (-160 -6112 -128 ) (-160 -6112 -16 ) 
4 121 124 (-160 -6112 -128 ) (0 -6112 -128 ) (0 -6112 -16 ) (-160 -6112 -16 ) 
4 122 137 (0 -6144 288 ) (0 -6144 384 ) (-160 -6144 384 ) (-160 -6144 288 ) 
4 122 134 (0 -6144 384 ) (0 -6144 688 ) (-160 -6144 688 ) (-160 -6144 384 ) 
4 122 126 (-160 -6112 688 ) (-160 -6112 288 ) (-160 -6144 288 ) (-160 -6144 688 ) 
4 123 138 (0 -6144 0 ) (0 -6144 272 ) (-128 -6144 272 ) (-128 -6144 0 ) 
4 124 149 (0 -6144 -128 ) (0 -6144 -16 ) (-160 -6144 -16 ) (-160 -6144 -128 ) 
4 124 125 (-160 -6112 -16 ) (-160 -6112 -128 ) (-160 -6144 -128 ) (-160 -6144 -16 ) 
4 125 149 (-160 -6144 -128 ) (-160 -6144 -16 ) (-512 -6144 -16 ) (-512 -6144 -128 ) 
4 125 148 (-160 -6144 -16 ) (-160 -6144 0 ) (-512 -6144 0 ) (-512 -6144 -16 ) 
4 125 142 (-160 -6144 0 ) (-160 -6144 272 ) (-512 -6144 160 ) (-512 -6144 0 ) 
4 125 133 (-512 -6144 -128 ) (-512 -6144 -32 ) (-512 -6112 -32 ) (-512 -6112 -128 ) 
4 125 129 (-512 -6144 -32 ) (-512 -6144 -16 ) (-512 -6112 -16 ) (-512 -6112 -32 ) 
4 126 143 (-160 -6144 288 ) (-160 -6144 384 ) (-512 -6144 384 ) (-512 -6144 176 ) 
4 126 134 (-160 -6144 384 ) (-160 -6144 688 ) (-512 -6144 688 ) (-512 -6144 384 ) 
4 126 127 (-512 -6144 176 ) (-512 -6144 688 ) (-512 -6112 688 ) (-512 -6112 176 ) 
4 127 150 (-512 -6144 176 ) (-512 -6144 384 ) (-768 -6144 384 ) (-768 -6144 176 ) 
4 127 134 (-512 -6144 384 ) (-512 -6144 688 ) (-528 -6144 688 ) (-528 -6144 384 ) 
4 127 136 (-528 -6144 688 ) (-768 -6144 688 ) (-768 -6144 384 ) (-528 -6144 384 ) 
4 127 131 (-768 -5120 288 ) (-768 -5120 176 ) (-768 -5520 176 ) (-768 -5520 288 ) 
4 127 130 (-768 -5120 688 ) (-768 -5120 288 ) (-768 -6144 288 ) (-768 -6144 688 ) 
4 127 128 (-768 -5504 176 ) (-768 -5120 176 ) (-512 -5120 176 ) (-512 -5504 176 ) 
4 128 133 (-768 -5120 -32 ) (-512 -5120 -32 ) (-512 -5504 -32 ) (-768 -5504 -32 ) 
4 128 131 (-768 -5120 176 ) (-768 -5120 -32 ) (-768 -5504 -32 ) (-768 -5504 176 ) 
4 128 129 (-768 -5504 -16 ) (-768 -5504 -32 ) (-512 -5504 -32 ) (-512 -5504 -16 ) 
4 129 152 (-512 -6144 -32 ) (-512 -6144 -16 ) (-768 -6144 -16 ) (-768 -6144 -32 ) 
4 129 133 (-512 -5504 -32 ) (-512 -6144 -32 ) (-768 -6144 -32 ) (-768 -5504 -32 ) 
4 129 131 (-768 -5504 -32 ) (-768 -5520 -32 ) (-768 -5520 -16 ) (-768 -5504 -16 ) 
4 130 161 (-1024 -5120 688 ) (-1024 -5120 288 ) (-1024 -6144 288 ) (-1024 -6144 688 ) 
4 130 157 (-784 -6144 288 ) (-768 -6144 288 ) (-768 -6144 384 ) (-784 -6144 384 ) 
4 130 160 (-1024 -6144 384 ) (-1024 -6144 288 ) (-784 -6144 288 ) (-784 -6144 384 ) 
4 130 136 (-1024 -6144 688 ) (-1024 -6144 384 ) (-768 -6144 384 ) (-768 -6144 688 ) 
4 130 131 (-784 -5120 288 ) (-768 -5120 288 ) (-768 -5520 288 ) (-784 -5520 288 ) 
4 130 132 (-1024 -5120 288 ) (-784 -5120 288 ) (-784 -6144 288 ) (-1024 -6144 288 ) 
4 131 133 (-784 -5120 -32 ) (-768 -5120 -32 ) (-768 -5520 -32 ) (-784 -5520 -32 ) 
4 131 132 (-784 -5120 -32 ) (-784 -5520 -32 ) (-784 -5520 288 ) (-784 -5120 288 ) 
4 132 161 (-1024 -5120 288 ) (-1024 -5120 -32 ) (-1024 -6144 -32 ) (-1024 -6144 288 ) 
4 132 160 (-1024 -6144 288 ) (-1024 -6144 -32 ) (-784 -6144 -32 ) (-784 -6144 288 ) 
4 132 133 (-1024 -5120 -32 ) (-784 -5120 -32 ) (-784 -6144 -32 ) (-1024 -6144 -32 ) 
4 133 161 (-1024 -5120 -32 ) (-1024 -5120 -128 ) (-1024 -6144 -128 ) (-1024 -6144 -32 ) 
4 133 158 (-768 -6144 -32 ) (-784 -6144 -32 ) (-784 -6144 -128 ) (-768 -6144 -128 ) 
4 133 160 (-784 -6144 -32 ) (-1024 -6144 -32 ) (-1024 -6144 -128 ) (-784 -6144 -128 ) 
4 133 152 (-512 -6144 -128 ) (-512 -6144 -32 ) (-768 -6144 -32 ) (-768 -6144 -128 ) 
4 134 150 (-528 -6432 384 ) (-528 -6144 384 ) (-512 -6144 384 ) (-512 -6432 384 ) 
4 134 151 (-528 -7040 384 ) (-528 -6432 384 ) (-512 -6432 384 ) (-512 -7040 384 ) 
4 134 144 (0 -6432 384 ) (0 -7040 384 ) (-512 -7040 384 ) (-512 -6432 384 ) 
4 134 143 (-512 -6144 384 ) (-160 -6144 384 ) (-160 -6432 384 ) (-512 -6432 384 ) 
4 134 137 (-160 -6144 384 ) (0 -6144 384 ) (0 -6432 384 ) (-160 -6432 384 ) 
4 134 135 (-528 -7040 688 ) (-528 -7040 400 ) (0 -7040 400 ) (0 -7040 688 ) 
4 134 136 (-528 -6144 384 ) (-528 -7040 384 ) (-528 -7040 688 ) (-528 -6144 688 ) 
4 135 182 (0 -7168 400 ) (0 -7168 688 ) (-528 -7168 688 ) (-528 -7168 400 ) 
4 135 136 (-528 -7168 400 ) (-528 -7168 688 ) (-528 -7040 688 ) (-528 -7040 400 ) 
4 136 183 (-528 -7168 688 ) (-1024 -7168 688 ) (-1024 -7168 384 ) (-528 -7168 384 ) 
4 136 162 (-1024 -7168 384 ) (-1024 -7168 688 ) (-1024 -6144 688 ) (-1024 -6144 384 ) 
4 136 157 (-784 -7056 384 ) (-784 -6144 384 ) (-768 -6144 384 ) (-768 -7056 384 ) 
4 136 159 (-768 -7168 384 ) (-784 -7168 384 ) (-784 -7056 384 ) (-768 -7056 384 ) 
4 136 160 (-784 -7168 384 ) (-1024 -7168 384 ) (-1024 -6144 384 ) (-784 -6144 384 ) 
4 136 153 (-528 -7168 384 ) (-768 -7168 384 ) (-768 -7040 384 ) (-528 -7040 384 ) 
4 136 150 (-768 -6432 384 ) (-768 -6144 384 ) (-528 -6144 384 ) (-528 -6432 384 ) 
4 136 151 (-768 -7040 384 ) (-768 -6432 384 ) (-528 -6432 384 ) (-528 -7040 384 ) 
4 137 144 (0 -6432 288 ) (0 -6432 384 ) (-160 -6432 384 ) (-160 -6432 288 ) 
4 137 143 (-160 -6432 288 ) (-160 -6432 384 ) (-160 -6144 384 ) (-160 -6144 288 ) 
4 138 141 (-128 -6144 0 ) (-128 -6400 0 ) (-128 -6400 272 ) (-128 -6144 272 ) 
4 138 139 (-128 -6408 272 ) (-128 -6408 0 ) (0 -6408 0 ) (0 -6408 272 ) 
4 139 140 (-128 -6424 272 ) (-128 -6424 0 ) (0 -6424 0 ) (0 -6424 272 ) 
4 140 144 (-128 -6432 0 ) (0 -6432 0 ) (0 -6432 272 ) (-128 -6432 272 ) 
4 141 142 (-160 -6144 0 ) (-160 -6400 0 ) (-160 -6400 272 ) (-160 -6144 272 ) 
4 142 148 (-512 -6432 0 ) (-512 -6144 0 ) (-160 -6144 0 ) (-160 -6432 0 ) 
4 142 144 (-512 -6432 160 ) (-512 -6432 0 ) (-160 -6432 0 ) (-160 -6432 272 ) 
4 143 150 (-512 -6432 384 ) (-512 -6144 384 ) (-512 -6144 176 ) (-512 -6432 176 ) 
4 143 144 (-512 -6432 384 ) (-512 -6432 176 ) (-160 -6432 288 ) (-160 -6432 384 ) 
4 144 151 (-512 -7040 384 ) (-512 -6432 384 ) (-512 -6432 0 ) (-512 -7040 0 ) 
4 144 147 (-160 -6432 0 ) (0 -6432 0 ) (0 -7040 0 ) (-160 -7040 0 ) 
4 144 148 (-512 -7040 0 ) (-512 -6432 0 ) (-160 -6432 0 ) (-160 -7040 0 ) 
4 144 145 (-480 -7040 0 ) (-288 -7040 0 ) (-288 -7040 128 ) (-480 -7040 128 ) 
4 145 146 (-480 -7056 0 ) (-288 -7056 0 ) (-288 -7056 128 ) (-480 -7056 128 ) 
4 146 184 (0 -7168 0 ) (0 -7168 384 ) (-512 -7168 384 ) (-512 -7168 0 ) 
4 147 149 (0 -6432 -16 ) (0 -7040 -16 ) (-160 -7040 -16 ) (-160 -6432 -16 ) 
4 147 148 (-160 -6432 -16 ) (-160 -7040 -16 ) (-160 -7040 0 ) (-160 -6432 0 ) 
4 148 151 (-512 -7040 0 ) (-512 -6432 0 ) (-512 -6432 -16 ) (-512 -7040 -16 ) 
4 148 149 (-512 -7040 -16 ) (-512 -6144 -16 ) (-160 -6144 -16 ) (-160 -7040 -16 ) 
4 149 194 (0 -7168 -128 ) (0 -7168 -16 ) (-512 -7168 -16 ) (-512 -7168 -128 ) 
4 149 156 (-512 -7168 -128 ) (-512 -7168 -32 ) (-512 -7040 -32 ) (-512 -7040 -128 ) 
4 149 154 (-512 -7168 -32 ) (-512 -7168 -16 ) (-512 -7056 -16 ) (-512 -7056 -32 ) 
4 149 152 (-512 -7040 -16 ) (-512 -6144 -16 ) (-512 -6144 -128 ) (-512 -7040 -128 ) 
4 150 157 (-768 -6432 384 ) (-768 -6144 384 ) (-768 -6144 288 ) (-768 -6432 288 ) 
4 150 151 (-768 -6432 384 ) (-768 -6432 176 ) (-512 -6432 176 ) (-512 -6432 384 ) 
4 151 157 (-768 -7040 384 ) (-768 -6432 384 ) (-768 -6432 288 ) (-768 -7040 288 ) 
4 151 153 (-768 -7040 384 ) (-768 -7040 288 ) (-528 -7040 288 ) (-528 -7040 384 ) 
4 151 152 (-512 -7040 -16 ) (-768 -7040 -16 ) (-768 -6432 -16 ) (-512 -6432 -16 ) 
4 152 158 (-768 -6144 -32 ) (-768 -6144 -128 ) (-768 -7040 -128 ) (-768 -7040 -32 ) 
4 152 156 (-768 -7040 -32 ) (-768 -7040 -128 ) (-512 -7040 -128 ) (-512 -7040 -32 ) 
4 153 195 (-528 -7168 384 ) (-768 -7168 384 ) (-768 -7168 288 ) (-528 -7168 288 ) 
4 153 157 (-768 -7056 384 ) (-768 -7040 384 ) (-768 -7040 288 ) (-768 -7056 288 ) 
4 153 159 (-768 -7168 384 ) (-768 -7056 384 ) (-768 -7056 288 ) (-768 -7168 288 ) 
4 153 155 (-768 -7168 288 ) (-768 -7056 288 ) (-528 -7056 288 ) (-528 -7168 288 ) 
4 154 196 (-512 -7168 -32 ) (-512 -7168 -16 ) (-528 -7168 -16 ) (-528 -7168 -32 ) 
4 154 156 (-512 -7056 -32 ) (-512 -7168 -32 ) (-528 -7168 -32 ) (-528 -7056 -32 ) 
4 154 155 (-528 -7056 -32 ) (-528 -7168 -32 ) (-528 -7168 -16 ) (-528 -7056 -16 ) 
4 155 196 (-768 -7168 -16 ) (-768 -7168 -32 ) (-528 -7168 -32 ) (-528 -7168 -16 ) 
4 155 195 (-528 -7168 288 ) (-768 -7168 288 ) (-768 -7168 -16 ) (-528 -7168 -16 ) 
4 155 159 (-768 -7056 -32 ) (-768 -7168 -32 ) (-768 -7168 288 ) (-768 -7056 288 ) 
4 155 156 (-768 -7168 -32 ) (-768 -7056 -32 ) (-528 -7056 -32 ) (-528 -7168 -32 ) 
4 156 196 (-512 -7168 -128 ) (-512 -7168 -32 ) (-768 -7168 -32 ) (-768 -7168 -128 ) 
4 156 158 (-768 -7040 -32 ) (-768 -7040 -128 ) (-768 -7056 -128 ) (-768 -7056 -32 ) 
4 156 159 (-768 -7056 -128 ) (-768 -7168 -128 ) (-768 -7168 -32 ) (-768 -7056 -32 ) 
4 157 160 (-784 -7056 288 ) (-784 -7056 384 ) (-784 -6144 384 ) (-784 -6144 288 ) 
4 157 159 (-784 -7056 384 ) (-784 -7056 288 ) (-768 -7056 288 ) (-768 -7056 384 ) 
4 158 159 (-784 -7056 -32 ) (-784 -7056 -128 ) (-768 -7056 -128 ) (-768 -7056 -32 ) 
4 158 160 (-784 -6144 -128 ) (-784 -7056 -128 ) (-784 -7056 -32 ) (-784 -6144 -32 ) 
4 159 196 (-768 -7168 -128 ) (-768 -7168 -16 ) (-784 -7168 -16 ) (-784 -7168 -128 ) 
4 159 195 (-768 -7168 -16 ) (-768 -7168 384 ) (-784 -7168 384 ) (-784 -7168 -16 ) 
4 159 160 (-784 -7056 -128 ) (-784 -7168 -128 ) (-784 -7168 384 ) (-784 -7056 384 ) 
4 160 196 (-1024 -7168 -16 ) (-1024 -7168 -128 ) (-784 -7168 -128 ) (-784 -7168 -16 ) 
4 160 195 (-784 -7168 384 ) (-1024 -7168 384 ) (-1024 -7168 -16 ) (-784 -7168 -16 ) 
4 160 162 (-1024 -7168 -128 ) (-1024 -7168 384 ) (-1024 -6144 384 ) (-1024 -6144 -128 ) 
4 161 162 (-1024 -6144 -128 ) (-1024 -6144 688 ) (-1104 -6144 688 ) (-1104 -6144 -128 ) 
4 162 197 (-1024 -7168 -128 ) (-1024 -7168 688 ) (-1104 -7168 688 ) (-1104 -7168 -128 ) 
4 163 174 (1584 -8192 688 ) (1024 -8192 688 ) (1024 -8192 -128 ) (1584 -8192 -128 ) 
4 163 166 (1024 -8192 -128 ) (1024 -8192 384 ) (1024 -7168 384 ) (1024 -7168 -128 ) 
4 163 165 (1024 -8192 384 ) (1024 -8192 400 ) (1024 -7168 400 ) (1024 -7168 384 ) 
4 163 164 (1024 -8192 400 ) (1024 -8192 688 ) (1024 -7168 688 ) (1024 -7168 400 ) 
4 164 182 (0 -7168 688 ) (0 -7168 400 ) (0 -8192 400 ) (0 -8192 688 ) 
4 164 176 (528 -8192 688 ) (0 -8192 688 ) (0 -8192 400 ) (528 -8192 400 ) 
4 164 175 (1024 -8192 400 ) (1024 -8192 688 ) (528 -8192 688 ) (528 -8192 400 ) 
4 164 165 (1024 -8192 400 ) (528 -8192 400 ) (528 -7168 400 ) (1024 -7168 400 ) 
4 165 175 (1024 -8192 384 ) (1024 -8192 400 ) (528 -8192 400 ) (528 -8192 384 ) 
4 165 166 (528 -7168 384 ) (1024 -7168 384 ) (1024 -8192 384 ) (528 -8192 384 ) 
4 166 179 (1024 -8192 -128 ) (1024 -8192 0 ) (528 -8192 0 ) (528 -8192 -128 ) 
4 166 178 (1024 -8192 0 ) (1024 -8192 384 ) (528 -8192 384 ) (528 -8192 0 ) 
4 166 167 (528 -7168 -128 ) (528 -8192 -128 ) (528 -8192 0 ) (528 -7168 0 ) 
4 167 179 (512 -8192 0 ) (512 -8192 -128 ) (528 -8192 -128 ) (528 -8192 0 ) 
4 167 173 (512 -8192 -128 ) (512 -8192 -16 ) (512 -7808 -16 ) (512 -7808 -128 ) 
4 167 170 (512 -7168 -16 ) (512 -7168 -128 ) (512 -7808 -128 ) (512 -7808 -16 ) 
4 168 171 (288 -7808 256 ) (288 -7808 128 ) (480 -7808 128 ) (480 -7808 256 ) 
5 168 169 (256 -7168 0 ) (256 -7424 0 ) (256 -7808 128 ) (256 -7808 384 ) (256 -7168 384 ) 
4 169 187 (0 -7440 0 ) (0 -7808 0 ) (0 -7808 384 ) (0 -7440 384 ) 
4 169 185 (0 -7424 0 ) (0 -7440 0 ) (0 -7440 384 ) (0 -7424 384 ) 
4 169 184 (0 -7168 384 ) (0 -7168 0 ) (0 -7424 0 ) (0 -7424 384 ) 
4 170 194 (0 -7168 -16 ) (0 -7168 -128 ) (0 -7808 -128 ) (0 -7808 -16 ) 
4 170 173 (512 -7808 -128 ) (512 -7808 -16 ) (0 -7808 -16 ) (0 -7808 -128 ) 
4 171 172 (288 -7824 128 ) (480 -7824 128 ) (480 -7824 256 ) (288 -7824 256 ) 
4 172 189 (0 -8192 128 ) (0 -8192 384 ) (0 -7824 384 ) (0 -7824 128 ) 
4 173 194 (0 -8192 -128 ) (0 -8192 -16 ) (0 -7808 -16 ) (0 -7808 -128 ) 
4 173 180 (512 -8192 -128 ) (512 -8192 -16 ) (0 -8192 -16 ) (0 -8192 -128 ) 
4 174 181 (1024 -8208 -128 ) (1024 -8272 -128 ) (1024 -8272 384 ) (1024 -8208 384 ) 
4 174 179 (1024 -8192 0 ) (1024 -8192 -128 ) (1024 -8208 -128 ) (1024 -8208 0 ) 
4 174 178 (1024 -8192 384 ) (1024 -8192 0 ) (1024 -8208 0 ) (1024 -8208 384 ) 
4 174 177 (1024 -8208 384 ) (1024 -8272 384 ) (1024 -8272 688 ) (1024 -8208 688 ) 
4 174 175 (1024 -8192 688 ) (1024 -8192 384 ) (1024 -8208 384 ) (1024 -8208 688 ) 
4 175 178 (1024 -8192 384 ) (1024 -8208 384 ) (528 -8208 384 ) (528 -8192 384 ) 
4 175 177 (528 -8208 384 ) (1024 -8208 384 ) (1024 -8208 688 ) (528 -8208 688 ) 
4 175 176 (528 -8208 400 ) (528 -8208 688 ) (528 -8192 688 ) (528 -8192 400 ) 
4 176 198 (0 -8208 688 ) (0 -8192 688 ) (0 -8192 400 ) (0 -8208 400 ) 
4 176 177 (528 -8208 400 ) (528 -8208 688 ) (0 -8208 688 ) (0 -8208 400 ) 
4 177 204 (0 -8272 688 ) (0 -8208 688 ) (0 -8208 384 ) (0 -8272 384 ) 
4 177 181 (1024 -8208 384 ) (1024 -8272 384 ) (0 -8272 384 ) (0 -8208 384 ) 
4 178 181 (1024 -8208 384 ) (528 -8208 384 ) (528 -8208 0 ) (1024 -8208 0 ) 
4 178 179 (1024 -8208 0 ) (528 -8208 0 ) (528 -8192 0 ) (1024 -8192 0 ) 
4 179 181 (512 -8208 0 ) (512 -8208 -128 ) (1024 -8208 -128 ) (1024 -8208 0 ) 
4 179 180 (512 -8208 -128 ) (512 -8208 -16 ) (512 -8192 -16 ) (512 -8192 -128 ) 
4 180 200 (0 -8208 -128 ) (0 -8208 -16 ) (0 -8192 -16 ) (0 -8192 -128 ) 
4 180 181 (0 -8208 -16 ) (0 -8208 -128 ) (512 -8208 -128 ) (512 -8208 -16 ) 
4 181 204 (0 -8272 384 ) (0 -8208 384 ) (0 -8208 -128 ) (0 -8272 -128 ) 
4 182 198 (0 -8192 400 ) (0 -8192 688 ) (-528 -8192 688 ) (-528 -8192 400 ) 
4 182 183 (-528 -8192 400 ) (-528 -8192 688 ) (-528 -7168 688 ) (-528 -7168 400 ) 
4 183 199 (-528 -8192 688 ) (-1024 -8192 688 ) (-1024 -8192 384 ) (-528 -8192 384 ) 
4 183 197 (-1024 -7168 688 ) (-1024 -7168 384 ) (-1024 -8192 384 ) (-1024 -8192 688 ) 
4 183 195 (-528 -8192 384 ) (-1024 -8192 384 ) (-1024 -7168 384 ) (-528 -7168 384 ) 
4 184 186 (-368 -7424 0 ) (-176 -7424 0 ) (-176 -7424 128 ) (-368 -7424 128 ) 
4 184 185 (-128 -7424 0 ) (0 -7424 0 ) (0 -7424 384 ) (-128 -7424 384 ) 
4 185 187 (-128 -7440 0 ) (0 -7440 0 ) (0 -7440 384 ) (-128 -7440 384 ) 
4 186 192 (-368 -7440 0 ) (-256 -7440 0 ) (-256 -7440 128 ) (-368 -7440 128 ) 
4 186 188 (-256 -7440 0 ) (-176 -7440 0 ) (-176 -7440 128 ) (-256 -7440 128 ) 
5 188 192 (-256 -7440 128 ) (-256 -7440 0 ) (-256 -7680 0 ) (-256 -7808 42.666840 ) (-256 -7808 128 ) 
4 188 191 (-256 -7440 384 ) (-256 -7440 128 ) (-256 -7808 128 ) (-256 -7808 384 ) 
4 188 190 (-256 -7808 384 ) (-256 -7808 128 ) (-144 -7808 128 ) (-144 -7808 384 ) 
4 189 190 (-144 -7824 128 ) (-144 -8192 128 ) (-144 -8192 384 ) (-144 -7824 384 ) 
4 190 191 (-256 -8192 128 ) (-256 -8192 384 ) (-256 -7808 384 ) (-256 -7808 128 ) 
4 191 192 (-512 -8064 128 ) (-512 -7440 128 ) (-256 -7440 128 ) (-256 -8064 128 ) 
4 193 201 (-256 -8192 0 ) (-512 -8192 0 ) (-512 -8192 -16 ) (-256 -8192 -16 ) 
4 193 194 (-512 -8192 -16 ) (-512 -7808 -16 ) (-256 -7808 -16 ) (-256 -8192 -16 ) 
4 194 201 (-256 -8192 -16 ) (-512 -8192 -16 ) (-512 -8192 -128 ) (-256 -8192 -128 ) 
4 194 200 (0 -8192 -128 ) (0 -8192 -16 ) (-256 -8192 -16 ) (-256 -8192 -128 ) 
4 194 196 (-512 -7168 -16 ) (-512 -7168 -128 ) (-512 -8192 -128 ) (-512 -8192 -16 ) 
4 195 202 (-528 -8192 384 ) (-1024 -8192 384 ) (-1024 -8192 -16 ) (-528 -8192 -16 ) 
4 195 197 (-1024 -7168 384 ) (-1024 -7168 -16 ) (-1024 -8192 -16 ) (-1024 -8192 384 ) 
4 195 196 (-1024 -7168 -16 ) (-528 -7168 -16 ) (-528 -8192 -16 ) (-1024 -8192 -16 ) 
4 196 203 (-512 -8192 -128 ) (-512 -8192 -16 ) (-1024 -8192 -16 ) (-1024 -8192 -128 ) 
4 196 197 (-1024 -7168 -16 ) (-1024 -7168 -128 ) (-1024 -8192 -128 ) (-1024 -8192 -16 ) 
4 197 205 (-1024 -8192 -128 ) (-1024 -8192 688 ) (-1104 -8192 688 ) (-1104 -8192 -128 ) 
4 198 204 (0 -8208 400 ) (0 -8208 688 ) (-528 -8208 688 ) (-528 -8208 400 ) 
4 198 199 (-528 -8208 400 ) (-528 -8208 688 ) (-528 -8192 688 ) (-528 -8192 400 ) 
4 199 205 (-1024 -8192 688 ) (-1024 -8192 384 ) (-1024 -8208 384 ) (-1024 -8208 688 ) 
4 199 204 (-1024 -8208 688 ) (-1024 -8208 384 ) (-528 -8208 384 ) (-528 -8208 688 ) 
4 199 202 (-528 -8208 384 ) (-1024 -8208 384 ) (-1024 -8192 384 ) (-528 -8192 384 ) 
4 200 204 (0 -8208 -128 ) (0 -8208 -16 ) (-256 -8208 -16 ) (-256 -8208 -128 ) 
4 200 201 (-256 -8208 -128 ) (-256 -8208 -16 ) (-256 -8192 -16 ) (-256 -8192 -128 ) 
4 201 204 (-256 -8208 -128 ) (-256 -8208 0 ) (-512 -8208 0 ) (-512 -8208 -128 ) 
4 201 203 (-512 -8208 -128 ) (-512 -8208 -16 ) (-512 -8192 -16 ) (-512 -8192 -128 ) 
4 202 205 (-1024 -8192 384 ) (-1024 -8192 -16 ) (-1024 -8208 -16 ) (-1024 -8208 384 ) 
4 202 204 (-1024 -8208 384 ) (-1024 -8208 -16 ) (-528 -8208 -16 ) (-528 -8208 384 ) 
4 202 203 (-1024 -8192 -16 ) (-528 -8192 -16 ) (-528 -8208 -16 ) (-1024 -8208 -16 ) 
4 203 205 (-1024 -8192 -16 ) (-1024 -8192 -128 ) (-1024 -8208 -128 ) (-1024 -8208 -16 ) 
4 203 204 (-1024 -8208 -16 ) (-1024 -8208 -128 ) (-512 -8208 -128 ) (-512 -8208 -16 ) 
4 204 205 (-1024 -8272 688 ) (-1024 -8208 688 ) (-1024 -8208 -128 ) (-1024 -8272 -128 ) 
