


materialPath: D:\Program Files (x86)\Steam\steamapps\common\Team Fortress 2\tf\materials
Loading d:\documents\mapping\tf2\tf2-maps\throughpass\a1\cp_throughpass_a1.vmf
Patching WVT material: maps/cp_throughpass_a1/nature/blendgrassground001_wvt_patch
fixing up env_cubemap materials on brush sides...
0...1...2...3...4...5...6...7...8...9...100...1...2...3...4...5...6...7...8...9...10Processing areas...done (0)
Building Faces...done (0)
FixTjuncs...
PruneNodes...
WriteBSP...
done (0)
writing d:\documents\mapping\tf2\tf2-maps\throughpass\a1\cp_throughpass_a1.prt...Building visibility clusters...
done (0)
*** Error: Skybox vtf files for skybox/sky_tf2_04 weren't compiled with the same size texture and/or same flags!
Can't load skybox file skybox/sky_tf2_04 to build the default cubemap!
*** Error: Skybox vtf files for skybox/sky_tf2_04 weren't compiled with the same size texture and/or same flags!
Can't load skybox file skybox/sky_tf2_04 to build the default cubemap!
Finding displacement neighbors...
Finding lightmap sample positions...
Displacement Alpha : 0...1...2...3...4...5...6...7...8...9...10
Building Physics collision data...
done (0) (24687 bytes)
Placing detail props : 0...1...2...3...4...5...6...7...8...9..Material NATURE/BLENDGRASSGROUND001 uses unknown detail object type tf_granary_grass!
Material NATURE/BLENDGRASSGROUND001 uses unknown detail object type tf_granary_grass!
Material NATURE/BLENDGRASSGROUND001 uses unknown detail object type tf_granary_grass!
.Material NATURE/BLENDGRASSGROUND001 uses unknown detail object type tf_granary_grass!
Material NATURE/BLENDGRASSGROUND001 uses unknown detail object type tf_granary_grass!
Material NATURE/BLENDGRASSGROUND001 uses unknown detail object type tf_granary_grass!
Material NATURE/BLENDGRASSGROUND001 uses unknown detail object type tf_granary_grass!
Material NATURE/BLENDGRASSGROUND001 uses unknown detail object type tf_granary_grass!
Material NATURE/BLENDGRASSGROUND001 uses unknown detail object type tf_granary_grass!
Material NATURE/BLENDGRASSGROUND001 uses unknown detail object type tf_granary_grass!
Material NATURE/BLENDGRASSGROUND001 uses unknown detail object type tf_granary_grass!
Material NATURE/BLENDGRASSGROUND001 uses unknown detail object type tf_granary_grass!
10
Compacting texture/material tables...
Reduced 76 texinfos to 49
Reduced 5 texdatas to 4 (145 bytes to 85)
Writing d:\documents\mapping\tf2\tf2-maps\throughpass\a1\cp_throughpass_a1.bsp
MSG_FILEWRITE - Filesystem was asked to write to 'd:\documents\mapping\tf2\tf2-maps\throughpass\a1\cp_throughpass_a1.bsp', but we don't own that location. Allowing.
Wrote ZIP buffer, estimated size 641, actual size 561
0 seconds elapsed



4 threads
reading d:\documents\mapping\tf2\tf2-maps\throughpass\a1\cp_throughpass_a1.bsp
reading d:\documents\mapping\tf2\tf2-maps\throughpass\a1\cp_throughpass_a1.prt
 115 portalclusters
 383 numportals
0...1...2...3...4...5...6...7...8...9...100...1...2...3...4...5...6...7...8...9...10Optimized: 37 visible clusters (0.38%)
Total clusters visible: 9752
Average clusters visible: 84
Building PAS...
Average clusters audible: 114
visdatasize:4431  compressed from 3680
writing d:\documents\mapping\tf2\tf2-maps\throughpass\a1\cp_throughpass_a1.bsp
MSG_FILEWRITE - Filesystem was asked to write to 'd:\documents\mapping\tf2\tf2-maps\throughpass\a1\cp_throughpass_a1.bsp', but we don't own that location. Allowing.
0 seconds elapsed



[Reading texlights from 'lights.rad']
[56 texlights parsed from 'lights.rad']

Loading d:\documents\mapping\tf2\tf2-maps\throughpass\a1\cp_throughpass_a1.bsp
383 faces
162605 square feet [23415166.00 square inches]
12 Displacements
5461 Square Feet [786431.94 Square Inches]
383 patches before subdivision
10847 patches after subdivision
0 direct lights
0...1...2...3...4...5...6...7...8...9...100...1...2...3...4...5...6...7...8...9...10transfers 357692, max 196
transfer lists:   2.7 megs
0...1...2...3...4...5...6...7...8...9...10	Bounce #1 added RGB(0, 0, 0)
Build Patch/Sample Hash Table(s).....Done<0.0022 sec>
0...1...2...3...4...5...6...7...8...9...10FinalLightFace Done
0 of 0 (0% of) surface lights went in leaf ambient cubes.
0...1...2...3...4...5...6...7...8...9...10Writing leaf ambient...done
Ready to Finish

Object names       Objects/Maxobjs  Memory / Maxmem  Fullness 
------------       ---------------  ---------------  -------- 
models                   1/1024           48/49152    ( 0.1%) 
brushes                 68/8192          816/98304    ( 0.8%) 
brushsides             416/65536        3328/524288   ( 0.6%) 
planes                 240/65536        4800/1310720  ( 0.4%) 
vertexes               677/65536        8124/786432   ( 1.0%) 
nodes                  233/65536        7456/2097152  ( 0.4%) 
texinfos                49/12288        3528/884736   ( 0.4%) 
texdata                  4/2048          128/65536    ( 0.2%) 
dispinfos               12/0            2112/0        ( 0.0%) 
disp_verts             972/0           19440/0        ( 0.0%) 
disp_tris             1536/0            3072/0        ( 0.0%) 
disp_lmsamples       15552/0           15552/0        ( 0.0%) 
faces                  383/65536       21448/3670016  ( 0.6%) 
hdr faces                0/65536           0/3670016  ( 0.0%) 
origfaces              236/65536       13216/3670016  ( 0.4%) 
leaves                 235/65536        7520/2097152  ( 0.4%) 
leaffaces              421/65536         842/131072   ( 0.6%) 
leafbrushes            130/65536         260/131072   ( 0.2%) 
areas                    2/256            16/2048     ( 0.8%) 
surfedges             2817/512000      11268/2048000  ( 0.6%) 
edges                 1643/256000       6572/1024000  ( 0.6%) 
LDR worldlights          0/8192            0/720896   ( 0.0%) 
HDR worldlights          0/8192            0/720896   ( 0.0%) 
leafwaterdata            0/32768           0/393216   ( 0.0%) 
waterstrips             33/32768         330/327680   ( 0.1%) 
waterverts               0/65536           0/786432   ( 0.0%) 
waterindices           546/65536        1092/131072   ( 0.8%) 
cubemapsamples           0/1024            0/16384    ( 0.0%) 
overlays                 0/512             0/180224   ( 0.0%) 
LDR lightdata         [variable]      264168/0        ( 0.0%) 
HDR lightdata         [variable]           0/0        ( 0.0%) 
visdata               [variable]        4431/16777216 ( 0.0%) 
entdata               [variable]         246/393216   ( 0.1%) 
LDR ambient table      235/65536         940/262144   ( 0.4%) 
HDR ambient table      235/65536         940/262144   ( 0.4%) 
LDR leaf ambient       115/65536        3220/1835008  ( 0.2%) 
HDR leaf ambient       235/65536        6580/1835008  ( 0.4%) 
occluders                0/0               0/0        ( 0.0%) 
occluder polygons        0/0               0/0        ( 0.0%) 
occluder vert ind        0/0               0/0        ( 0.0%) 
detail props          [variable]           1/12       ( 8.3%) 
static props          [variable]           1/1424     ( 0.1%) 
pakfile               [variable]         561/0        ( 0.0%) 
physics               [variable]       24687/4194304  ( 0.6%) 
physics terrain       [variable]         820/1048576  ( 0.1%) 

Level flags = 0

Total triangle count: 1112
Writing d:\documents\mapping\tf2\tf2-maps\throughpass\a1\cp_throughpass_a1.bsp
1 second elapsed



materialPath: D:\Program Files (x86)\Steam\steamapps\common\Team Fortress 2\tf\materials
Loading d:\documents\mapping\tf2\tf2-maps\throughpass\a1\cp_throughpass_a1.vmf
Patching WVT material: maps/cp_throughpass_a1/nature/blendgrassground001_wvt_patch
fixing up env_cubemap materials on brush sides...
0...1...2...3...4...5...6...7...8...9...100...1...2...3...4...5...6...7...8...9...10Processing areas...done (0)
Building Faces...done (0)
FixTjuncs...
PruneNodes...
WriteBSP...
done (0)
writing d:\documents\mapping\tf2\tf2-maps\throughpass\a1\cp_throughpass_a1.prt...Building visibility clusters...
done (0)
*** Error: Skybox vtf files for skybox/sky_tf2_04 weren't compiled with the same size texture and/or same flags!
Can't load skybox file skybox/sky_tf2_04 to build the default cubemap!
*** Error: Skybox vtf files for skybox/sky_tf2_04 weren't compiled with the same size texture and/or same flags!
Can't load skybox file skybox/sky_tf2_04 to build the default cubemap!
Finding displacement neighbors...
Finding lightmap sample positions...
Displacement Alpha : 0...1...2...3...4...5...6...7...8...9...10
Building Physics collision data...
done (0) (37002 bytes)
Placing detail props : 0...1...2...3...4...5...6...7...8...9..Material NATURE/BLENDGRASSGROUND001 uses unknown detail object type tf_granary_grass!
Material NATURE/BLENDGRASSGROUND001 uses unknown detail object type tf_granary_grass!
.Material NATURE/BLENDGRASSGROUND001 uses unknown detail object type tf_granary_grass!
Material NATURE/BLENDGRASSGROUND001 uses unknown detail object type tf_granary_grass!
Material NATURE/BLENDGRASSGROUND001 uses unknown detail object type tf_granary_grass!
Material NATURE/BLENDGRASSGROUND001 uses unknown detail object type tf_granary_grass!
Material NATURE/BLENDGRASSGROUND001 uses unknown detail object type tf_granary_grass!
Material NATURE/BLENDGRASSGROUND001 uses unknown detail object type tf_granary_grass!
Material NATURE/BLENDGRASSGROUND001 uses unknown detail object type tf_granary_grass!
Material NATURE/BLENDGRASSGROUND001 uses unknown detail object type tf_granary_grass!
Material NATURE/BLENDGRASSGROUND001 uses unknown detail object type tf_granary_grass!
Material NATURE/BLENDGRASSGROUND001 uses unknown detail object type tf_granary_grass!
Material NATURE/BLENDGRASSGROUND001 uses unknown detail object type tf_granary_grass!
Material NATURE/BLENDGRASSGROUND001 uses unknown detail object type tf_granary_grass!
Material NATURE/BLENDGRASSGROUND001 uses unknown detail object type tf_granary_grass!
Material NATURE/BLENDGRASSGROUND001 uses unknown detail object type tf_granary_grass!
10
Compacting texture/material tables...
Reduced 67 texinfos to 43
Reduced 7 texdatas to 6 (207 bytes to 147)
Writing d:\documents\mapping\tf2\tf2-maps\throughpass\a1\cp_throughpass_a1.bsp
MSG_FILEWRITE - Filesystem was asked to write to 'd:\documents\mapping\tf2\tf2-maps\throughpass\a1\cp_throughpass_a1.bsp', but we don't own that location. Allowing.
Wrote ZIP buffer, estimated size 641, actual size 561
0 seconds elapsed



4 threads
reading d:\documents\mapping\tf2\tf2-maps\throughpass\a1\cp_throughpass_a1.bsp
reading d:\documents\mapping\tf2\tf2-maps\throughpass\a1\cp_throughpass_a1.prt
 158 portalclusters
 408 numportals
0...1...2...3...4...5...6...7...8...9...100...1...2...3...4...5...6...7...8...9...10Optimized: 163 visible clusters (1.10%)
Total clusters visible: 14833
Average clusters visible: 93
Building PAS...
Average clusters audible: 157
visdatasize:7543  compressed from 7584
writing d:\documents\mapping\tf2\tf2-maps\throughpass\a1\cp_throughpass_a1.bsp
MSG_FILEWRITE - Filesystem was asked to write to 'd:\documents\mapping\tf2\tf2-maps\throughpass\a1\cp_throughpass_a1.bsp', but we don't own that location. Allowing.
0 seconds elapsed



[Reading texlights from 'lights.rad']
[56 texlights parsed from 'lights.rad']

Loading d:\documents\mapping\tf2\tf2-maps\throughpass\a1\cp_throughpass_a1.bsp
597 faces
192384 square feet [27703428.00 square inches]
16 Displacements
7281 Square Feet [1048575.94 Square Inches]
597 patches before subdivision
17987 patches after subdivision
0 direct lights
0...1...2...3...4...5...6...7...8...9...100...1...2...3...4...5...6...7...8...9...10transfers 851051, max 303
transfer lists:   6.5 megs
0...1...2...3...4...5...6...7...8...9...10	Bounce #1 added RGB(0, 0, 0)
Build Patch/Sample Hash Table(s).....Done<0.0045 sec>
0...1...2...3...4...5...6...7...8...9...10FinalLightFace Done
0 of 0 (0% of) surface lights went in leaf ambient cubes.
0...1...2...3...4...5...6...7...8...9...10Writing leaf ambient...done
Ready to Finish

Object names       Objects/Maxobjs  Memory / Maxmem  Fullness 
------------       ---------------  ---------------  -------- 
models                   1/1024           48/49152    ( 0.1%) 
brushes                102/8192         1224/98304    ( 1.2%) 
brushsides             626/65536        5008/524288   ( 1.0%) 
planes                 296/65536        5920/1310720  ( 0.5%) 
vertexes              1019/65536       12228/786432   ( 1.6%) 
nodes                  355/65536       11360/2097152  ( 0.5%) 
texinfos                43/12288        3096/884736   ( 0.3%) 
texdata                  6/2048          192/65536    ( 0.3%) 
dispinfos               16/0            2816/0        ( 0.0%) 
disp_verts            1296/0           25920/0        ( 0.0%) 
disp_tris             2048/0            4096/0        ( 0.0%) 
disp_lmsamples       20736/0           20736/0        ( 0.0%) 
faces                  597/65536       33432/3670016  ( 0.9%) 
hdr faces                0/65536           0/3670016  ( 0.0%) 
origfaces              321/65536       17976/3670016  ( 0.5%) 
leaves                 357/65536       11424/2097152  ( 0.5%) 
leaffaces              663/65536        1326/131072   ( 1.0%) 
leafbrushes            208/65536         416/131072   ( 0.3%) 
areas                    2/256            16/2048     ( 0.8%) 
surfedges             4178/512000      16712/2048000  ( 0.8%) 
edges                 2446/256000       9784/1024000  ( 1.0%) 
LDR worldlights          0/8192            0/720896   ( 0.0%) 
HDR worldlights          0/8192            0/720896   ( 0.0%) 
leafwaterdata            0/32768           0/393216   ( 0.0%) 
waterstrips             58/32768         580/327680   ( 0.2%) 
waterverts               0/65536           0/786432   ( 0.0%) 
waterindices           858/65536        1716/131072   ( 1.3%) 
cubemapsamples           0/1024            0/16384    ( 0.0%) 
overlays                 0/512             0/180224   ( 0.0%) 
LDR lightdata         [variable]      411044/0        ( 0.0%) 
HDR lightdata         [variable]           0/0        ( 0.0%) 
visdata               [variable]        7543/16777216 ( 0.0%) 
entdata               [variable]         555/393216   ( 0.1%) 
LDR ambient table      357/65536        1428/262144   ( 0.5%) 
HDR ambient table      357/65536        1428/262144   ( 0.5%) 
LDR leaf ambient       158/65536        4424/1835008  ( 0.2%) 
HDR leaf ambient       357/65536        9996/1835008  ( 0.5%) 
occluders                0/0               0/0        ( 0.0%) 
occluder polygons        0/0               0/0        ( 0.0%) 
occluder vert ind        0/0               0/0        ( 0.0%) 
detail props          [variable]           1/12       ( 8.3%) 
static props          [variable]           1/2428     ( 0.0%) 
pakfile               [variable]         561/0        ( 0.0%) 
physics               [variable]       37002/4194304  ( 0.9%) 
physics terrain       [variable]        1116/1048576  ( 0.1%) 

Level flags = 0

Total triangle count: 1705
Writing d:\documents\mapping\tf2\tf2-maps\throughpass\a1\cp_throughpass_a1.bsp
1 second elapsed
