


materialPath: D:\Program Files (x86)\Steam\steamapps\common\Team Fortress 2\tf\materials
Loading d:\documents\mapping\tf2\tf2-maps\avanti\a1\adctf_avanti_a1.vmf
Patching WVT material: maps/adctf_avanti_a1/nature/blendgroundtograss007_wvt_patch
fixing up env_cubemap materials on brush sides...
0...1...2...3...4...5...6...7...8...9...100...1...2...3...4...5...6...7...8...9...10Processing areas...done (0)
Building Faces...done (0)
FixTjuncs...
PruneNodes...
WriteBSP...
done (0)
writing d:\documents\mapping\tf2\tf2-maps\avanti\a1\adctf_avanti_a1.prt...Building visibility clusters...
done (0)
*** Error: Skybox vtf files for skybox/sky_nightfall_01 weren't compiled with the same size texture and/or same flags!
Can't load skybox file skybox/sky_nightfall_01 to build the default cubemap!
*** Error: Skybox vtf files for skybox/sky_nightfall_01 weren't compiled with the same size texture and/or same flags!
Can't load skybox file skybox/sky_nightfall_01 to build the default cubemap!
Finding displacement neighbors...
Finding lightmap sample positions...
Displacement Alpha : 0...1...2...3...4...5...6...7...8...9...10
Building Physics collision data...
done (0) (13290 bytes)
Placing detail props : 0...1...2...3...4...5...6...7...8...9...10
Compacting texture/material tables...
Reduced 52 texinfos to 31
Reduced 5 texdatas to 4 (158 bytes to 129)
Writing d:\documents\mapping\tf2\tf2-maps\avanti\a1\adctf_avanti_a1.bsp
MSG_FILEWRITE - Filesystem was asked to write to 'd:\documents\mapping\tf2\tf2-maps\avanti\a1\adctf_avanti_a1.bsp', but we don't own that location. Allowing.
Wrote ZIP buffer, estimated size 642, actual size 562
1 second elapsed



4 threads
reading d:\documents\mapping\tf2\tf2-maps\avanti\a1\adctf_avanti_a1.bsp
reading d:\documents\mapping\tf2\tf2-maps\avanti\a1\adctf_avanti_a1.prt
  63 portalclusters
 151 numportals
0...1...2...3...4...5...6...7...8...9...100...1...2...3...4...5...6...7...8...9...10Optimized: 1 visible clusters (0.04%)
Total clusters visible: 2616
Average clusters visible: 41
Building PAS...
Average clusters audible: 62
visdatasize:1516  compressed from 1008
writing d:\documents\mapping\tf2\tf2-maps\avanti\a1\adctf_avanti_a1.bsp
MSG_FILEWRITE - Filesystem was asked to write to 'd:\documents\mapping\tf2\tf2-maps\avanti\a1\adctf_avanti_a1.bsp', but we don't own that location. Allowing.
0 seconds elapsed



[Reading texlights from 'lights.rad']
[56 texlights parsed from 'lights.rad']

Loading d:\documents\mapping\tf2\tf2-maps\avanti\a1\adctf_avanti_a1.bsp
211 faces
101944 square feet [14679981.00 square inches]
0 Displacements
0 Square Feet [0.00 Square Inches]
211 patches before subdivision
7559 patches after subdivision
0 direct lights
0...1...2...3...4...5...6...7...8...9...100...1...2...3...4...5...6...7...8...9...10transfers 287517, max 201
transfer lists:   2.2 megs
0...1...2...3...4...5...6...7...8...9...10	Bounce #1 added RGB(0, 0, 0)
Build Patch/Sample Hash Table(s).....Done<0.0013 sec>
0...1...2...3...4...5...6...7...8...9...10FinalLightFace Done
0 of 0 (0% of) surface lights went in leaf ambient cubes.
0...1...2...3...4...5...6...7...8...9...10Writing leaf ambient...done
Ready to Finish

Object names       Objects/Maxobjs  Memory / Maxmem  Fullness 
------------       ---------------  ---------------  -------- 
models                   1/1024           48/49152    ( 0.1%) 
brushes                 38/8192          456/98304    ( 0.5%) 
brushsides             238/65536        1904/524288   ( 0.4%) 
planes                 124/65536        2480/1310720  ( 0.2%) 
vertexes               305/65536        3660/786432   ( 0.5%) 
nodes                  156/65536        4992/2097152  ( 0.2%) 
texinfos                31/12288        2232/884736   ( 0.3%) 
texdata                  4/2048          128/65536    ( 0.2%) 
dispinfos                0/0               0/0        ( 0.0%) 
disp_verts               0/0               0/0        ( 0.0%) 
disp_tris                0/0               0/0        ( 0.0%) 
disp_lmsamples           0/0               0/0        ( 0.0%) 
faces                  211/65536       11816/3670016  ( 0.3%) 
hdr faces                0/65536           0/3670016  ( 0.0%) 
origfaces               81/65536        4536/3670016  ( 0.1%) 
leaves                 158/65536        5056/2097152  ( 0.2%) 
leaffaces              241/65536         482/131072   ( 0.4%) 
leafbrushes            112/65536         224/131072   ( 0.2%) 
areas                    2/256            16/2048     ( 0.8%) 
surfedges             1289/512000       5156/2048000  ( 0.3%) 
edges                  708/256000       2832/1024000  ( 0.3%) 
LDR worldlights          0/8192            0/720896   ( 0.0%) 
HDR worldlights          0/8192            0/720896   ( 0.0%) 
leafwaterdata            0/32768           0/393216   ( 0.0%) 
waterstrips             11/32768         110/327680   ( 0.0%) 
waterverts               0/65536           0/786432   ( 0.0%) 
waterindices           138/65536         276/131072   ( 0.2%) 
cubemapsamples           0/1024            0/16384    ( 0.0%) 
overlays                 0/512             0/180224   ( 0.0%) 
LDR lightdata         [variable]      192864/0        ( 0.0%) 
HDR lightdata         [variable]           0/0        ( 0.0%) 
visdata               [variable]        1516/16777216 ( 0.0%) 
entdata               [variable]         544/393216   ( 0.1%) 
LDR ambient table      158/65536         632/262144   ( 0.2%) 
HDR ambient table      158/65536         632/262144   ( 0.2%) 
LDR leaf ambient        63/65536        1764/1835008  ( 0.1%) 
HDR leaf ambient       158/65536        4424/1835008  ( 0.2%) 
occluders                0/0               0/0        ( 0.0%) 
occluder polygons        0/0               0/0        ( 0.0%) 
occluder vert ind        0/0               0/0        ( 0.0%) 
detail props          [variable]           1/12       ( 8.3%) 
static props          [variable]           1/12       ( 8.3%) 
pakfile               [variable]         562/0        ( 0.0%) 
physics               [variable]       13290/4194304  ( 0.3%) 
physics terrain       [variable]           2/1048576  ( 0.0%) 

Level flags = 0

Total triangle count: 544
Writing d:\documents\mapping\tf2\tf2-maps\avanti\a1\adctf_avanti_a1.bsp
0 seconds elapsed
