PRT1
63
151
4 0 17 (0 2048 -16 ) (0 2048 384 ) (0 2128 384 ) (0 2128 -16 ) 
4 0 12 (0 2048 384 ) (0 2048 -16 ) (128 2048 -16 ) (128 2048 384 ) 
4 0 11 (128 2048 -16 ) (672 2048 -16 ) (672 2048 0 ) (128 2048 0 ) 
4 0 10 (672 2048 -16 ) (896 2048 -16 ) (896 2048 0 ) (672 2048 0 ) 
4 0 2 (672 2048 384 ) (128 2048 384 ) (128 2048 0 ) (672 2048 0 ) 
4 0 1 (896 2048 0 ) (896 2048 384 ) (672 2048 384 ) (672 2048 0 ) 
4 1 10 (672 2048 0 ) (896 2048 0 ) (896 1536 0 ) (672 1536 0 ) 
4 1 5 (672 1536 0 ) (896 1536 0 ) (896 1536 64 ) (672 1536 64 ) 
4 1 4 (896 1536 64 ) (896 1536 384 ) (672 1536 384 ) (672 1536 64 ) 
4 1 3 (672 1536 96 ) (672 1536 384 ) (672 1792 384 ) (672 1792 96 ) 
4 1 2 (672 2048 0 ) (672 1792 0 ) (672 1792 384 ) (672 2048 384 ) 
4 2 12 (128 2048 384 ) (128 2048 0 ) (128 1792 0 ) (128 1792 384 ) 
4 2 11 (128 1792 0 ) (128 2048 0 ) (672 2048 0 ) (672 1792 0 ) 
4 2 3 (672 1792 96 ) (672 1792 384 ) (128 1792 384 ) (128 1792 64 ) 
4 3 13 (128 1536 64 ) (128 1536 384 ) (128 1792 384 ) (128 1792 64 ) 
4 3 4 (128 1536 384 ) (128 1536 64 ) (672 1536 96 ) (672 1536 384 ) 
4 4 16 (128 1536 384 ) (128 1536 64 ) (128 1280 64 ) (128 1280 384 ) 
4 4 8 (672 1280 64 ) (896 1280 64 ) (896 1280 96 ) (672 1280 96 ) 
4 4 7 (128 1280 384 ) (128 1280 96 ) (896 1280 96 ) (896 1280 384 ) 
4 4 5 (896 1280 64 ) (672 1280 64 ) (672 1536 64 ) (896 1536 64 ) 
4 5 10 (672 1536 0 ) (896 1536 0 ) (896 1280 0 ) (672 1280 0 ) 
4 5 8 (672 1280 0 ) (896 1280 0 ) (896 1280 64 ) (672 1280 64 ) 
4 5 6 (672 1280 0 ) (672 1280 48 ) (672 1536 48 ) (672 1536 0 ) 
4 6 11 (160 1536 0 ) (672 1536 0 ) (672 1280 0 ) (160 1280 0 ) 
4 7 36 (128 1024 128 ) (128 1024 96 ) (896 1024 96 ) (896 1024 128 ) 
4 7 35 (128 1024 384 ) (128 1024 128 ) (896 1024 128 ) (896 1024 384 ) 
4 7 16 (128 1024 96 ) (128 1024 384 ) (128 1280 384 ) (128 1280 96 ) 
4 7 9 (128 1024 96 ) (128 1248 96 ) (672 1248 96 ) (672 1024 96 ) 
4 7 8 (672 1280 96 ) (896 1280 96 ) (896 1024 96 ) (672 1024 96 ) 
4 8 36 (672 1024 0 ) (896 1024 0 ) (896 1024 96 ) (672 1024 96 ) 
4 8 10 (672 1280 0 ) (896 1280 0 ) (896 1024 0 ) (672 1024 0 ) 
4 8 9 (672 1024 96 ) (672 1248 96 ) (672 1248 0 ) (672 1024 0 ) 
4 9 36 (128 1024 96 ) (128 1024 0 ) (672 1024 0 ) (672 1024 96 ) 
4 9 16 (128 1024 0 ) (128 1024 96 ) (128 1248 96 ) (128 1248 28 ) 
4 10 39 (896 1024 -16 ) (896 1024 0 ) (672 1024 0 ) (672 1024 -16 ) 
4 10 11 (672 2048 -16 ) (672 1248 -16 ) (672 1248 0 ) (672 2048 0 ) 
4 11 15 (128 1536 0 ) (128 1536 -16 ) (128 1248 -16 ) (128 1248 -9 ) 
4 11 14 (128 1536 0 ) (128 1792 0 ) (128 1792 -16 ) (128 1536 -16 ) 
4 11 12 (128 1792 0 ) (128 2048 0 ) (128 2048 -16 ) (128 1792 -16 ) 
4 12 18 (0 2048 384 ) (0 2048 -16 ) (0 1792 -16 ) (0 1792 384 ) 
4 12 13 (128 1792 64 ) (128 1792 384 ) (0 1792 384 ) (0 1792 64 ) 
4 12 14 (0 1792 -16 ) (128 1792 -16 ) (128 1792 48 ) (0 1792 48 ) 
4 13 19 (0 1536 64 ) (0 1536 384 ) (0 1792 384 ) (0 1792 64 ) 
4 13 16 (0 1536 384 ) (0 1536 64 ) (128 1536 64 ) (128 1536 384 ) 
4 14 20 (0 1792 -16 ) (0 1536 -16 ) (0 1536 48 ) (0 1792 48 ) 
4 14 15 (0 1536 0 ) (0 1536 -16 ) (128 1536 -16 ) (128 1536 0 ) 
3 15 21 (0 1024 -16 ) (0 1536 0 ) (0 1536 -16 ) 
4 16 43 (128 1024 0 ) (128 1024 384 ) (0 1024 384 ) (0 1024 0 ) 
4 16 22 (0 1024 0 ) (0 1024 384 ) (0 1536 384 ) (0 1536 64 ) 
4 17 24 (-384 2048 -16 ) (-128 2048 -16 ) (-128 2048 240 ) (-384 2048 240 ) 
4 17 34 (-464 2048 240 ) (-464 2048 -16 ) (-384 2048 -16 ) (-384 2048 240 ) 
4 17 23 (-128 2048 384 ) (-464 2048 384 ) (-464 2048 240 ) (-128 2048 240 ) 
4 17 18 (0 2048 -16 ) (0 2048 384 ) (-128 2048 384 ) (-128 2048 -16 ) 
4 18 24 (-128 2048 240 ) (-128 2048 -16 ) (-128 1792 -16 ) (-128 1792 240 ) 
4 18 23 (-128 2048 384 ) (-128 2048 240 ) (-128 1792 240 ) (-128 1792 384 ) 
4 18 19 (0 1792 384 ) (-128 1792 384 ) (-128 1792 64 ) (0 1792 64 ) 
4 18 20 (-128 1792 48 ) (-128 1792 -16 ) (0 1792 -16 ) (0 1792 48 ) 
4 19 25 (-128 1536 64 ) (-128 1536 240 ) (-128 1552 240 ) (-128 1552 64 ) 
4 19 24 (-128 1552 240 ) (-128 1792 240 ) (-128 1792 64 ) (-128 1552 64 ) 
4 19 23 (-128 1536 240 ) (-128 1536 384 ) (-128 1792 384 ) (-128 1792 240 ) 
4 19 22 (-128 1536 384 ) (-128 1536 64 ) (0 1536 64 ) (0 1536 384 ) 
4 20 25 (-128 1552 -16 ) (-128 1536 -16 ) (-128 1536 48 ) (-128 1552 48 ) 
4 20 24 (-128 1792 -16 ) (-128 1552 -16 ) (-128 1552 48 ) (-128 1792 48 ) 
4 20 21 (-128 1536 0 ) (-128 1536 -16 ) (0 1536 -16 ) (0 1536 0 ) 
3 21 31 (-128 1536 -16 ) (-128 1024 -16 ) (-128 1536 0 ) 
4 22 52 (0 1024 0 ) (0 1024 240 ) (-128 1024 240 ) (-128 1024 0 ) 
4 22 50 (0 1024 240 ) (0 1024 384 ) (-128 1024 384 ) (-128 1024 240 ) 
4 22 27 (-128 1024 0 ) (-128 1024 240 ) (-128 1536 240 ) (-128 1536 64 ) 
4 22 23 (-128 1024 240 ) (-128 1024 384 ) (-128 1536 384 ) (-128 1536 240 ) 
4 23 53 (-464 1024 384 ) (-464 1024 240 ) (-384 1024 240 ) (-384 1024 384 ) 
4 23 50 (-384 1024 240 ) (-128 1024 240 ) (-128 1024 384 ) (-384 1024 384 ) 
3 23 30 (-272 1024 240 ) (-312 1024 240 ) (-272 1166.222046 240 ) 
5 23 29 (-344 1024 240 ) (-384 1024 240 ) (-384 1536 240 ) (-272 1536 240 ) (-272 1280 240 ) 
3 23 28 (-240 1536 240 ) (-168 1536 240 ) (-240 1280 240 ) 
5 23 27 (-128 1536 240 ) (-128 1024 240 ) (-272 1024 240 ) (-272 1166.222046 240 ) (-168 1536 240 ) 
4 23 25 (-128 1552 240 ) (-128 1536 240 ) (-240 1536 240 ) (-240 1552 240 ) 
4 23 26 (-272 1536 240 ) (-384 1536 240 ) (-384 1552 240 ) (-272 1552 240 ) 
4 23 24 (-384 2048 240 ) (-128 2048 240 ) (-128 1552 240 ) (-384 1552 240 ) 
4 23 34 (-464 1024 240 ) (-464 2048 240 ) (-384 2048 240 ) (-384 1024 240 ) 
4 24 25 (-240 1552 -16 ) (-128 1552 -16 ) (-128 1552 240 ) (-240 1552 240 ) 
4 24 26 (-384 1552 240 ) (-384 1552 -16 ) (-272 1552 -16 ) (-272 1552 240 ) 
4 24 34 (-384 2048 -16 ) (-384 1552 -16 ) (-384 1552 240 ) (-384 2048 240 ) 
4 25 31 (-240 1536 -16 ) (-128 1536 -16 ) (-128 1536 48 ) (-240 1536 48 ) 
4 25 28 (-168 1536 240 ) (-240 1536 240 ) (-240 1536 64 ) (-168 1536 64 ) 
4 25 27 (-128 1536 64 ) (-128 1536 240 ) (-168 1536 240 ) (-168 1536 64 ) 
4 26 33 (-384 1536 48 ) (-384 1536 -16 ) (-272 1536 -16 ) (-272 1536 48 ) 
4 26 29 (-384 1536 240 ) (-384 1536 64 ) (-272 1536 64 ) (-272 1536 240 ) 
4 26 34 (-384 1552 -16 ) (-384 1536 -16 ) (-384 1536 240 ) (-384 1552 240 ) 
4 27 52 (-128 1024 0 ) (-128 1024 240 ) (-272 1024 240 ) (-272 1024 0 ) 
4 27 30 (-272 1166.222046 17.780186 ) (-272 1024 0.002426 ) (-272 1024 240 ) (-272 1166.222046 240 ) 
4 27 28 (-168 1536 240 ) (-168 1536 64 ) (-240 1279.998901 32 ) (-240 1279.998901 240 ) 
4 29 51 (-344 1024 240 ) (-384 1024 240 ) (-384 1024 0 ) (-344 1024 0 ) 
4 29 34 (-384 1024 0 ) (-384 1024 240 ) (-384 1536 240 ) (-384 1536 64 ) 
4 30 52 (-272 1024 240 ) (-312 1024 240 ) (-312 1024 0 ) (-272 1024 0 ) 
3 31 32 (-240 1280 -16 ) (-240 1024 -16 ) (-240 1280 16 ) 
3 33 34 (-384 1536 -16 ) (-384 1024 -16 ) (-384 1536 48 ) 
4 34 54 (-416 1024 -16 ) (-384 1024 -16 ) (-384 1024 240 ) (-416 1024 240 ) 
4 34 55 (-464 1024 240 ) (-464 1024 -16 ) (-416 1024 -16 ) (-416 1024 240 ) 
4 35 43 (128 1024 384 ) (128 1024 128 ) (128 768 128 ) (128 768 384 ) 
4 35 40 (640 768 128 ) (896 768 128 ) (896 768 384 ) (640 768 384 ) 
4 35 38 (480 768 128 ) (128 768 128 ) (128 896 128 ) (480 896 128 ) 
4 35 37 (896 896 128 ) (896 768 128 ) (640 768 128 ) (640 896 128 ) 
4 35 36 (896 1024 128 ) (896 896 128 ) (128 896 128 ) (128 1024 128 ) 
4 36 43 (128 1024 128 ) (128 1024 0 ) (128 896 0 ) (128 896 128 ) 
4 36 39 (672 1024 0 ) (896 1024 0 ) (896 896 0 ) (672 896 0 ) 
4 36 38 (128 896 0 ) (288 896 0 ) (480 896 128 ) (128 896 128 ) 
4 36 37 (640 896 0 ) (896 896 0 ) (896 896 128 ) (640 896 128 ) 
4 37 40 (640 768 0 ) (896 768 0 ) (896 768 128 ) (640 768 128 ) 
4 37 39 (896 768 0 ) (672 768 0 ) (672 896 0 ) (896 896 0 ) 
4 38 43 (128 896 0 ) (128 768 0 ) (128 768 128 ) (128 896 128 ) 
4 39 40 (672 768 -16 ) (896 768 -16 ) (896 768 0 ) (672 768 0 ) 
4 40 41 (672 256 -16 ) (896 256 -16 ) (896 256 384 ) (672 256 384 ) 
4 41 44 (672 0 -16 ) (896 0 -16 ) (896 0 384 ) (672 0 384 ) 
4 42 47 (128 0 240 ) (128 0 0 ) (640 0 0 ) (640 0 240 ) 
4 42 46 (128 0 384 ) (128 0 240 ) (640 0 240 ) (640 0 384 ) 
4 42 43 (128 0 0 ) (128 0 384 ) (128 256 384 ) (128 256 0 ) 
4 43 52 (0 1024 240 ) (0 1024 0 ) (0 0 0 ) (0 0 240 ) 
4 43 50 (0 1024 384 ) (0 1024 240 ) (0 0 240 ) (0 0 384 ) 
4 43 47 (0 0 240 ) (0 0 0 ) (128 0 0 ) (128 0 240 ) 
4 43 46 (0 0 384 ) (0 0 240 ) (128 0 240 ) (128 0 384 ) 
4 44 45 (672 -544 -16 ) (672 -608 -16 ) (672 -608 384 ) (672 -544 384 ) 
4 45 49 (640 -544 -16 ) (640 -608 -16 ) (640 -608 0 ) (640 -544 0 ) 
4 45 48 (640 -608 0 ) (640 -608 240 ) (640 -544 240 ) (640 -544 0 ) 
4 45 46 (640 -608 240 ) (640 -608 384 ) (640 -544 384 ) (640 -544 240 ) 
4 46 56 (0 0 384 ) (0 0 240 ) (0 -608 240 ) (0 -608 384 ) 
4 46 47 (0 0 240 ) (640 0 240 ) (640 -512 240 ) (0 -512 240 ) 
4 46 48 (640 -544 240 ) (640 -608 240 ) (0 -608 240 ) (0 -544 240 ) 
4 47 57 (0 0 240 ) (0 0 0 ) (0 -512 0 ) (0 -512 240 ) 
4 48 58 (0 -544 0 ) (0 -608 0 ) (0 -608 240 ) (0 -544 240 ) 
4 48 49 (640 -544 0 ) (640 -608 0 ) (0 -608 0 ) (0 -544 0 ) 
4 49 59 (0 -544 -16 ) (0 -608 -16 ) (0 -608 0 ) (0 -544 0 ) 
4 50 56 (0 0 240 ) (0 0 384 ) (-384 0 384 ) (-384 0 240 ) 
4 50 53 (-384 1024 384 ) (-384 1024 240 ) (-384 0 240 ) (-384 0 384 ) 
5 50 52 (0 0 240 ) (-384 0 240 ) (-384 768 240 ) (-312 1024 240 ) (0 1024 240 ) 
3 50 51 (-384 881.777771 240 ) (-384 1024 240 ) (-344 1024 240 ) 
4 51 54 (-384 1024 240 ) (-384 1024 0 ) (-384 881.777710 0 ) (-384 881.777771 240 ) 
4 52 57 (0 0 0 ) (0 0 240 ) (-384 0 240 ) (-384 0 0 ) 
4 53 60 (-464 0 384 ) (-464 0 240 ) (-384 0 240 ) (-384 0 384 ) 
4 53 54 (-416 1024 240 ) (-384 1024 240 ) (-384 881.777710 240 ) (-416 768 240 ) 
4 53 55 (-464 0 240 ) (-464 1024 240 ) (-416 1024 240 ) (-416 0 240 ) 
4 54 55 (-416 1024 -16 ) (-416 768 -16 ) (-416 768 240 ) (-416 1024 240 ) 
4 55 62 (-464 0 240 ) (-464 0 -16 ) (-416 0 -16 ) (-416 0 240 ) 
4 56 60 (-384 0 384 ) (-384 0 240 ) (-384 -608 240 ) (-384 -608 384 ) 
4 56 57 (-384 -512 240 ) (-384 0 240 ) (0 0 240 ) (0 -512 240 ) 
4 56 58 (0 -608 240 ) (-384 -608 240 ) (-384 -544 240 ) (0 -544 240 ) 
4 58 61 (-384 -544 0 ) (-384 -608 0 ) (-384 -608 240 ) (-384 -544 240 ) 
4 58 59 (0 -608 0 ) (-384 -608 0 ) (-384 -544 0 ) (0 -544 0 ) 
4 59 61 (-384 -544 -16 ) (-384 -608 -16 ) (-384 -608 0 ) (-384 -544 0 ) 
4 60 61 (-384 -544 240 ) (-384 -608 240 ) (-416 -608 240 ) (-416 -544 240 ) 
4 60 62 (-464 -608 240 ) (-464 0 240 ) (-416 0 240 ) (-416 -608 240 ) 
4 61 62 (-416 -544 -16 ) (-416 -608 -16 ) (-416 -608 240 ) (-416 -544 240 ) 
