


materialPath: D:\Program Files (x86)\Steam\steamapps\common\Team Fortress 2\tf\materials
Loading D:\Documents\Mapping\tf2\TF2-Maps\Labor\A15\koth_labor_a15.vmf
ConVarRef mat_reduceparticles doesn't point to an existing ConVar
Patching WVT material: maps/koth_labor_a15/dev/dev_blendmeasure2_wvt_patch
Patching WVT material: maps/koth_labor_a15/winter/blendgraveltograss004_wvt_patch
fixing up env_cubemap materials on brush sides...
0...1...2...3...4...5...6...7...8...9...100...1...2...3...4...5...6...7...8...9...10Processing areas...done (0)
Building Faces...done (0)
Chop Details...done (0)
Find Visible Detail Sides...
Merged 216 detail faces...done (0)
Merging details...done (0)
FixTjuncs...
PruneNodes...
WriteBSP...
done (0)
writing D:\Documents\Mapping\tf2\TF2-Maps\Labor\A15\koth_labor_a15.prt...Building visibility clusters...
done (0)
*** Error: Skybox vtf files for skybox/sky_alpinestorm_01 weren't compiled with the same size texture and/or same flags!
Can't load skybox file skybox/sky_alpinestorm_01 to build the default cubemap!
*** Error: Skybox vtf files for skybox/sky_alpinestorm_01 weren't compiled with the same size texture and/or same flags!
Can't load skybox file skybox/sky_alpinestorm_01 to build the default cubemap!
Finding displacement neighbors...
Finding lightmap sample positions...
Displacement Alpha : 0...1...2...3...4...5...6...7...8...9...10
Building Physics collision data...
done (0) (359854 bytes)
Static prop models/props_foliage/shrub_03b.mdl outside the map (-1120.00, 272.00, -174.85)
Static prop models/props_foliage/shrub_03b.mdl outside the map (96.00, -272.00, -174.85)
Error! prop_static using model "models/props_borealis/bluebarrel001.mdl", which must be used on a dynamic entity (i.e. prop_physics). Deleted.
Error loading studio model "models/props_borealis/bluebarrel001.mdl"!
Error! To use model "models/props_2fort/chimney007.mdl"
      with prop_static, it must be compiled with $staticprop!
Error loading studio model "models/props_2fort/chimney007.mdl"!
Placing detail props : 0...1...2...3...4...5...6...7...8...9...10
Compacting texture/material tables...
Reduced 1347 texinfos to 817
Reduced 82 texdatas to 77 (1813 bytes to 1670)
Writing D:\Documents\Mapping\tf2\TF2-Maps\Labor\A15\koth_labor_a15.bsp
MSG_FILEWRITE - Filesystem was asked to write to 'D:\Documents\Mapping\tf2\TF2-Maps\Labor\A15\koth_labor_a15.bsp', but we don't own that location. Allowing.
Wrote ZIP buffer, estimated size 1081, actual size 867
3 seconds elapsed



4 threads
reading d:\documents\mapping\tf2\tf2-maps\labor\a15\koth_labor_a15.bsp
reading d:\documents\mapping\tf2\tf2-maps\labor\a15\koth_labor_a15.prt
 661 portalclusters
1948 numportals
0...1...2...3...4...5...6...7...8...9...100...1...2...3...4...5...6...7...8...9...10Optimized: 2143 visible clusters (1.21%)
Total clusters visible: 176524
Average clusters visible: 267
Building PAS...
Average clusters audible: 631
visdatasize:105110  compressed from 116336
writing d:\documents\mapping\tf2\tf2-maps\labor\a15\koth_labor_a15.bsp
MSG_FILEWRITE - Filesystem was asked to write to 'd:\documents\mapping\tf2\tf2-maps\labor\a15\koth_labor_a15.bsp', but we don't own that location. Allowing.
56 seconds elapsed



[Reading texlights from 'lights.rad']
[56 texlights parsed from 'lights.rad']

Loading d:\documents\mapping\tf2\tf2-maps\labor\a15\koth_labor_a15.bsp
3507 faces
804493 square feet [115847104.00 square inches]
64 Displacements
29191 Square Feet [4203526.50 Square Inches]
3507 patches before subdivision
74499 patches after subdivision
34 direct lights
0...1...2...3...4...5...6...7...8...9...100...1...2...3...4...5...6...7...8...9...10transfers 5221161, max 495
transfer lists:  39.8 megs
0...1...2...3...4...5...6...7...8...9...10	Bounce #1 added RGB(205602, 223850, 223314)
0...1...2...3...4...5...6...7...8...9...10	Bounce #2 added RGB(36723, 36244, 35543)
0...1...2...3...4...5...6...7...8...9...10	Bounce #3 added RGB(7107, 6534, 6278)
0...1...2...3...4...5...6...7...8...9...10	Bounce #4 added RGB(1490, 1305, 1240)
0...1...2...3...4...5...6...7...8...9...10	Bounce #5 added RGB(326, 278, 263)
0...1...2...3...4...5...6...7...8...9...10	Bounce #6 added RGB(74, 63, 60)
0...1...2...3...4...5...6...7...8...9...10	Bounce #7 added RGB(17, 15, 14)
0...1...2...3...4...5...6...7...8...9...10	Bounce #8 added RGB(4, 4, 3)
0...1...2...3...4...5...6...7...8...9...10	Bounce #9 added RGB(1, 1, 1)
Build Patch/Sample Hash Table(s).....Done<0.0173 sec>
0...1...2...3...4...5...6...7...8...9...10FinalLightFace Done
0 of 0 (0% of) surface lights went in leaf ambient cubes.
0...1...2...3...4...5...6...7...8...9...10Writing leaf ambient...done
Ready to Finish

Object names       Objects/Maxobjs  Memory / Maxmem  Fullness 
------------       ---------------  ---------------  -------- 
models                  76/1024         3648/49152    ( 7.4%) 
brushes                920/8192        11040/98304    (11.2%) 
brushsides            6156/65536       49248/524288   ( 9.4%) 
planes                1974/65536       39480/1310720  ( 3.0%) 
vertexes              5431/65536       65172/786432   ( 8.3%) 
nodes                 1937/65536       61984/2097152  ( 3.0%) 
texinfos               817/12288       58824/884736   ( 6.6%) 
texdata                 77/2048         2464/65536    ( 3.8%) 
dispinfos               64/0           11264/0        ( 0.0%) 
disp_verts            5184/0          103680/0        ( 0.0%) 
disp_tris             8192/0           16384/0        ( 0.0%) 
disp_lmsamples       82944/0           82944/0        ( 0.0%) 
faces                 3507/65536      196392/3670016  ( 5.4%) 
hdr faces                0/65536           0/3670016  ( 0.0%) 
origfaces             2380/65536      133280/3670016  ( 3.6%) 
leaves                2014/65536       64448/2097152  ( 3.1%) 
leaffaces             4313/65536        8626/131072   ( 6.6%) 
leafbrushes           2127/65536        4254/131072   ( 3.2%) 
areas                    2/256            16/2048     ( 0.8%) 
surfedges            26340/512000     105360/2048000  ( 5.1%) 
edges                15664/256000      62656/1024000  ( 6.1%) 
LDR worldlights         34/8192         2992/720896   ( 0.4%) 
HDR worldlights          0/8192            0/720896   ( 0.0%) 
leafwaterdata            0/32768           0/393216   ( 0.0%) 
waterstrips            346/32768        3460/327680   ( 1.1%) 
waterverts               0/65536           0/786432   ( 0.0%) 
waterindices          5871/65536       11742/131072   ( 9.0%) 
cubemapsamples          44/1024          704/16384    ( 4.3%) 
overlays                50/512         17600/180224   ( 9.8%) 
LDR lightdata         [variable]     2991876/0        ( 0.0%) 
HDR lightdata         [variable]           0/0        ( 0.0%) 
visdata               [variable]      105110/16777216 ( 0.6%) 
entdata               [variable]       61182/393216   (15.6%) 
LDR ambient table     2014/65536        8056/262144   ( 3.1%) 
HDR ambient table     2014/65536        8056/262144   ( 3.1%) 
LDR leaf ambient     11409/65536      319452/1835008  (17.4%) 
HDR leaf ambient      2014/65536       56392/1835008  ( 3.1%) 
occluders                0/0               0/0        ( 0.0%) 
occluder polygons        0/0               0/0        ( 0.0%) 
occluder vert ind        0/0               0/0        ( 0.0%) 
detail props          [variable]           1/12       ( 8.3%) 
static props          [variable]           1/20824    ( 0.0%) 
pakfile               [variable]         867/0        ( 0.0%) 
physics               [variable]      359854/4194304  ( 8.6%) 
physics terrain       [variable]       13320/1048576  ( 1.3%) 

Level flags = 0

Total triangle count: 9846
Writing d:\documents\mapping\tf2\tf2-maps\labor\a15\koth_labor_a15.bsp
28 seconds elapsed
