PRT1
147
494
4 0 19 (1280 0 -176 ) (1024 0 -176 ) (1024 0 -432 ) (1280 0 -432 ) 
4 0 18 (1568 0 -432 ) (1568 0 -176 ) (1280 0 -176 ) (1280 0 -432 ) 
4 0 11 (1264 0 64 ) (1024 0 64 ) (1024 0 -176 ) (1264 0 -176 ) 
4 0 10 (1280 0 64 ) (1264 0 64 ) (1264 0 -176 ) (1280 0 -176 ) 
4 0 9 (1568 0 -176 ) (1568 0 64 ) (1280 0 64 ) (1280 0 -176 ) 
4 0 5 (1568 0 64 ) (1568 0 496 ) (1024 0 496 ) (1024 0 64 ) 
4 0 2 (1024 0 -432 ) (1024 0 -240 ) (1024 592 -240 ) (1024 592 -432 ) 
4 0 1 (1024 0 -240 ) (1024 0 496 ) (1024 592 496 ) (1024 592 -240 ) 
4 1 59 (0 0 -192 ) (0 0 -128 ) (0 592 -128 ) (0 592 -192 ) 
4 1 58 (0 0 -128 ) (0 0 496 ) (0 592 496 ) (0 592 -128 ) 
4 1 66 (0 0 -240 ) (0 0 -192 ) (0 592 -192 ) (0 592 -240 ) 
4 1 31 (1024 0 -240 ) (1024 0 64 ) (0 0 64 ) (0 0 -240 ) 
4 1 28 (1024 0 64 ) (1024 0 160 ) (0 0 160 ) (0 0 64 ) 
4 1 25 (768 0 496 ) (240 0 496 ) (240 0 160 ) (768 0 160 ) 
4 1 27 (240 0 496 ) (0 0 496 ) (0 0 160 ) (240 0 160 ) 
4 1 22 (1024 0 160 ) (1024 0 496 ) (768 0 496 ) (768 0 160 ) 
4 1 3 (0 592 -240 ) (256 592 -240 ) (256 256 -240 ) (0 256 -240 ) 
4 1 2 (256 592 -240 ) (1024 592 -240 ) (1024 0 -240 ) (256 0 -240 ) 
4 2 57 (256 0 -336 ) (256 0 -432 ) (768 0 -432 ) (768 0 -336 ) 
4 2 56 (768 0 -240 ) (256 0 -240 ) (256 0 -336 ) (768 0 -336 ) 
4 2 55 (1024 0 -432 ) (1024 0 -256 ) (768 0 -256 ) (768 0 -432 ) 
4 2 53 (1024 0 -256 ) (1024 0 -240 ) (768 0 -240 ) (768 0 -256 ) 
4 2 4 (256 256 -432 ) (256 0 -432 ) (256 0 -256 ) (256 256 -256 ) 
4 2 3 (256 592 -432 ) (256 256 -432 ) (256 256 -240 ) (256 592 -240 ) 
4 3 79 (0 592 -256 ) (0 592 -432 ) (0 256 -432 ) (0 256 -256 ) 
4 3 77 (0 256 -240 ) (0 592 -240 ) (0 592 -256 ) (0 256 -256 ) 
4 3 4 (0 256 -432 ) (256 256 -432 ) (256 256 -256 ) (0 256 -256 ) 
4 4 79 (0 0 -432 ) (0 0 -256 ) (0 256 -256 ) (0 256 -432 ) 
4 4 57 (0 0 -336 ) (0 0 -432 ) (256 0 -432 ) (256 0 -336 ) 
4 4 56 (0 0 -256 ) (0 0 -336 ) (256 0 -336 ) (256 0 -256 ) 
4 5 28 (1024 0 160 ) (1024 0 64 ) (1024 -192 64 ) (1024 -192 160 ) 
4 5 22 (1024 0 496 ) (1024 0 160 ) (1024 -192 160 ) (1024 -192 496 ) 
4 5 11 (1024 -192 64 ) (1024 0 64 ) (1264 0 64 ) (1264 -192 64 ) 
4 5 10 (1264 0 64 ) (1280 0 64 ) (1280 -192 64 ) (1264 -192 64 ) 
4 5 9 (1280 0 64 ) (1568 0 64 ) (1568 -192 64 ) (1280 -192 64 ) 
4 5 7 (1280 -192 144 ) (1280 -192 496 ) (1024 -192 496 ) (1024 -192 320 ) 
4 5 6 (1280 -192 64 ) (1568 -192 64 ) (1568 -192 496 ) (1280 -192 496 ) 
4 6 13 (1568 -752 64 ) (1568 -768 64 ) (1280 -768 64 ) (1280 -752 64 ) 
4 6 9 (1280 -192 64 ) (1568 -192 64 ) (1568 -752 64 ) (1280 -752 64 ) 
4 6 7 (1280 -192 496 ) (1280 -192 144 ) (1280 -768 144 ) (1280 -768 496 ) 
4 6 8 (1280 -768 64 ) (1568 -768 64 ) (1568 -768 496 ) (1280 -768 496 ) 
4 7 23 (1024 -768 320 ) (1024 -768 496 ) (1024 -192 496 ) (1024 -192 320 ) 
4 7 8 (1280 -768 144 ) (1280 -768 496 ) (1024 -768 496 ) (1024 -768 320 ) 
4 8 101 (1024 -1024 496 ) (1024 -1024 64 ) (1568 -1024 64 ) (1568 -1024 496 ) 
4 8 44 (1024 -784 64 ) (1024 -1024 64 ) (1024 -1024 160 ) (1024 -784 160 ) 
4 8 42 (1024 -768 64 ) (1024 -784 64 ) (1024 -784 160 ) (1024 -768 160 ) 
4 8 24 (1024 -1024 160 ) (1024 -1024 496 ) (1024 -768 496 ) (1024 -768 160 ) 
4 8 17 (1104 -1024 64 ) (1024 -1024 64 ) (1024 -768 64 ) (1104 -768 64 ) 
4 8 16 (1248 -1024 64 ) (1104 -1024 64 ) (1104 -768 64 ) (1248 -768 64 ) 
4 8 14 (1280 -1024 64 ) (1248 -1024 64 ) (1248 -768 64 ) (1280 -768 64 ) 
4 8 13 (1568 -1024 64 ) (1280 -1024 64 ) (1280 -768 64 ) (1568 -768 64 ) 
4 9 18 (1280 0 -176 ) (1568 0 -176 ) (1568 -752 -176 ) (1280 -752 -176 ) 
4 9 13 (1280 -752 -176 ) (1568 -752 -176 ) (1568 -752 64 ) (1280 -752 64 ) 
4 9 10 (1280 0 -176 ) (1280 -192 -176 ) (1280 -192 64 ) (1280 0 64 ) 
4 10 19 (1264 0 -176 ) (1280 0 -176 ) (1280 -192 -176 ) (1264 -192 -176 ) 
4 10 11 (1264 0 -176 ) (1264 -192 -176 ) (1264 -192 64 ) (1264 0 64 ) 
4 11 31 (1024 0 64 ) (1024 0 -176 ) (1024 -192 -176 ) (1024 -192 64 ) 
4 11 19 (1024 -192 -176 ) (1024 0 -176 ) (1264 0 -176 ) (1264 -192 -176 ) 
4 12 37 (1024 -640 -176 ) (1024 -752 -176 ) (1024 -752 64 ) (1024 -640 64 ) 
4 12 34 (1024 -208 -176 ) (1024 -640 -176 ) (1024 -640 64 ) (1024 -208 64 ) 
4 12 15 (1104 -752 -176 ) (1248 -752 -176 ) (1248 -752 -36 ) (1104 -752 -36 ) 
4 13 101 (1568 -1024 64 ) (1280 -1024 64 ) (1280 -1024 -176 ) (1568 -1024 -176 ) 
4 13 18 (1280 -752 -176 ) (1568 -752 -176 ) (1568 -1024 -176 ) (1280 -1024 -176 ) 
4 13 14 (1280 -768 -176 ) (1280 -1024 -176 ) (1280 -1024 64 ) (1280 -768 64 ) 
4 14 101 (1280 -1024 64 ) (1248 -1024 64 ) (1248 -1024 -176 ) (1280 -1024 -176 ) 
4 14 21 (1280 -768 -176 ) (1280 -1024 -176 ) (1248 -1024 -176 ) (1248 -768 -176 ) 
4 14 16 (1248 -768 -176 ) (1248 -1024 -176 ) (1248 -1024 64 ) (1248 -768 64 ) 
4 15 16 (1104 -768 -36 ) (1104 -768 -176 ) (1248 -768 -176 ) (1248 -768 -36 ) 
4 16 101 (1248 -1024 64 ) (1104 -1024 64 ) (1104 -1024 -176 ) (1248 -1024 -176 ) 
4 16 21 (1248 -768 -176 ) (1248 -1024 -176 ) (1104 -1024 -176 ) (1104 -768 -176 ) 
4 16 17 (1104 -768 -176 ) (1104 -1024 -176 ) (1104 -1024 64 ) (1104 -768 64 ) 
4 17 101 (1104 -1024 64 ) (1024 -1024 64 ) (1024 -1024 -176 ) (1104 -1024 -176 ) 
4 17 44 (1024 -784 -176 ) (1024 -1024 -176 ) (1024 -1024 64 ) (1024 -784 64 ) 
4 17 42 (1024 -768 -176 ) (1024 -784 -176 ) (1024 -784 64 ) (1024 -768 64 ) 
4 17 21 (1024 -1024 -176 ) (1024 -768 -176 ) (1104 -768 -176 ) (1104 -1024 -176 ) 
4 18 101 (1568 -1024 -432 ) (1568 -1024 -176 ) (1280 -1024 -176 ) (1280 -1024 -432 ) 
4 18 20 (1280 -192 -432 ) (1280 -768 -432 ) (1280 -768 -256 ) (1280 -192 -256 ) 
4 18 19 (1280 0 -432 ) (1280 -192 -432 ) (1280 -192 -176 ) (1280 0 -176 ) 
4 18 21 (1280 -768 -432 ) (1280 -1024 -432 ) (1280 -1024 -176 ) (1280 -768 -176 ) 
4 19 55 (1024 0 -256 ) (1024 0 -432 ) (1024 -192 -432 ) (1024 -192 -256 ) 
4 19 53 (1024 0 -240 ) (1024 0 -256 ) (1024 -192 -256 ) (1024 -192 -240 ) 
4 19 31 (1024 0 -176 ) (1024 0 -240 ) (1024 -192 -240 ) (1024 -192 -176 ) 
4 19 20 (1024 -192 -432 ) (1280 -192 -432 ) (1280 -192 -256 ) (1024 -192 -256 ) 
4 20 55 (1024 -192 -432 ) (1024 -768 -432 ) (1024 -768 -256 ) (1024 -192 -256 ) 
4 20 21 (1024 -768 -432 ) (1280 -768 -432 ) (1280 -768 -256 ) (1024 -768 -256 ) 
4 21 101 (1280 -1024 -176 ) (1024 -1024 -176 ) (1024 -1024 -432 ) (1280 -1024 -432 ) 
4 21 55 (1024 -768 -432 ) (1024 -1024 -432 ) (1024 -1024 -256 ) (1024 -768 -256 ) 
4 21 54 (1024 -1024 -256 ) (1024 -1024 -240 ) (1024 -768 -240 ) (1024 -768 -256 ) 
4 21 52 (1024 -1024 -240 ) (1024 -1024 -176 ) (1024 -768 -176 ) (1024 -768 -240 ) 
4 22 28 (768 -192 160 ) (768 0 160 ) (1024 0 160 ) (1024 -192 160 ) 
4 22 25 (768 0 160 ) (768 -192 160 ) (768 -192 496 ) (768 0 496 ) 
5 22 23 (1024 -192 496 ) (768 -192 496 ) (768 -192 160 ) (791.272705 -192 160 ) (1024 -192 320 ) 
4 23 29 (768 -768 160 ) (768 -192 160 ) (791.272705 -192 160 ) (791.272705 -768 160 ) 
3 23 26 (768 -681.142883 160 ) (768 -768 160 ) (768 -768 224 ) 
5 23 25 (768 -192 160 ) (768 -681.142883 160 ) (768 -768 224 ) (768 -768 496 ) (768 -192 496 ) 
5 23 24 (1024 -768 496 ) (768 -768 496 ) (768 -768 160 ) (791.272705 -768 160 ) (1024 -768 320 ) 
4 24 102 (1024 -1024 160 ) (1024 -1024 496 ) (768 -1024 496 ) (768 -1024 160 ) 
4 24 44 (1024 -1024 160 ) (768 -1024 160 ) (768 -784 160 ) (1024 -784 160 ) 
4 24 42 (768 -784 160 ) (768 -768 160 ) (1024 -768 160 ) (1024 -784 160 ) 
4 24 25 (768 -1024 412.631561 ) (768 -1024 496 ) (768 -768 496 ) (768 -768 224 ) 
4 25 104 (768 -1024 412.631561 ) (768 -1024 483.368408 ) (240 -1024 483.368408 ) (240 -1024 412.631561 ) 
4 25 103 (768 -1024 483.368408 ) (768 -1024 496 ) (240 -1024 496 ) (240 -1024 483.368408 ) 
4 25 30 (240 -681.142883 160 ) (240 -192 160 ) (768 -192 160 ) (768 -681.142883 160 ) 
4 25 28 (240 -192 160 ) (240 0 160 ) (768 0 160 ) (768 -192 160 ) 
4 25 26 (240 -768 224.001648 ) (240 -681.140625 160 ) (768 -681.140625 160 ) (768 -768 224.001648 ) 
5 25 27 (240 0 160 ) (240 -681.142883 160 ) (240 -1024 412.631561 ) (240 -1024 496 ) (240 0 496 ) 
4 26 30 (240 -768 160 ) (240 -681.142883 160 ) (768 -681.142883 160 ) (768 -768 160 ) 
3 26 27 (240 -681.142883 160 ) (240 -768 160 ) (240 -768 224 ) 
4 27 105 (0 -1024 496 ) (0 -1024 160 ) (240 -1024 160 ) (240 -1024 496 ) 
4 27 82 (0 -784 496 ) (0 -768 496 ) (0 -768 160 ) (0 -784 160 ) 
4 27 80 (0 -768 496 ) (0 0 496 ) (0 0 160 ) (0 -768 160 ) 
4 27 83 (0 -1024 160 ) (0 -1024 496 ) (0 -784 496 ) (0 -784 160 ) 
4 27 47 (0 -784 160 ) (0 -768 160 ) (240 -768 160 ) (240 -784 160 ) 
4 27 48 (240 -1024 160 ) (0 -1024 160 ) (0 -784 160 ) (240 -784 160 ) 
4 27 30 (0 -768 160 ) (0 -192 160 ) (240 -192 160 ) (240 -768 160 ) 
4 27 28 (0 -192 160 ) (0 0 160 ) (240 0 160 ) (240 -192 160 ) 
4 28 80 (0 -192 160 ) (0 0 160 ) (0 0 64 ) (0 -192 64 ) 
4 28 31 (0 -192 64 ) (0 0 64 ) (1024 0 64 ) (1024 -192 64 ) 
3 28 29 (791.272705 -192 160 ) (768 -192 160 ) (768 -192 144 ) 
4 28 30 (0 -192 64 ) (768 -192 64 ) (768 -192 160 ) (0 -192 160 ) 
3 29 42 (791.272705 -768 160 ) (768 -768 160 ) (768 -768 144 ) 
4 29 30 (768 -192 160 ) (768 -192 144 ) (768 -768 144 ) (768 -768 160 ) 
4 30 80 (0 -768 160 ) (0 -192 160 ) (0 -192 64 ) (0 -768 64 ) 
4 30 47 (240 -768 160 ) (0 -768 160 ) (0 -768 64 ) (12.001960 -768 64 ) 
3 30 46 (50 -768 64 ) (240 -768 64 ) (240 -768 144 ) 
4 30 38 (768 -768 64 ) (0 -768 64 ) (0 -640 64 ) (768 -640 64 ) 
4 30 36 (0 -640 64 ) (0 -208 64 ) (768 -208 64 ) (768 -640 64 ) 
4 30 33 (0 -208 64 ) (0 -192 64 ) (768 -192 64 ) (768 -208 64 ) 
4 31 96 (0 0 -176 ) (0 0 -240 ) (0 -192 -240 ) (0 -192 -176 ) 
4 31 86 (0 0 32 ) (0 0 -176 ) (0 -192 -176 ) (0 -192 32 ) 
4 31 80 (0 0 64 ) (0 0 32 ) (0 -192 32 ) (0 -192 64 ) 
4 31 56 (768 -192 -240 ) (0 -192 -240 ) (0 0 -240 ) (768 0 -240 ) 
4 31 53 (1024 0 -240 ) (1024 -192 -240 ) (768 -192 -240 ) (768 0 -240 ) 
4 31 33 (0 -192 -240 ) (768 -192 -240 ) (768 -192 64 ) (0 -192 64 ) 
4 31 32 (864 -192 -240 ) (1008 -192 -240 ) (1008 -192 -100 ) (864 -192 -100 ) 
4 32 34 (896 -208 -240 ) (1008 -208 -240 ) (1008 -208 -100 ) (896 -208 -100 ) 
4 32 35 (864 -208 -240 ) (896 -208 -240 ) (896 -208 -100 ) (864 -208 -100 ) 
4 33 96 (0 -192 -240 ) (0 -208 -240 ) (0 -208 -176 ) (0 -192 -176 ) 
4 33 86 (0 -208 -176 ) (0 -208 32 ) (0 -192 32 ) (0 -192 -176 ) 
4 33 80 (0 -208 32 ) (0 -208 64 ) (0 -192 64 ) (0 -192 32 ) 
4 33 56 (768 -208 -240 ) (0 -208 -240 ) (0 -192 -240 ) (768 -192 -240 ) 
4 33 36 (0 -208 -240 ) (768 -208 -240 ) (768 -208 64 ) (0 -208 64 ) 
4 34 37 (1024 -640 -176 ) (1024 -640 64 ) (896 -640 64 ) (896 -640 -176 ) 
5 34 35 (896 -208 64 ) (896 -208 -240 ) (896 -384 -240 ) (896 -640 -176 ) (896 -640 64 ) 
4 35 37 (896 -640 -176 ) (896 -640 64 ) (784 -640 64 ) (784 -640 -176 ) 
4 36 96 (0 -208 -240 ) (0 -640 -240 ) (0 -640 -176 ) (0 -208 -176 ) 
4 36 86 (0 -640 -176 ) (0 -640 32 ) (0 -208 32 ) (0 -208 -176 ) 
4 36 80 (0 -640 32 ) (0 -640 64 ) (0 -208 64 ) (0 -208 32 ) 
4 36 56 (768 -640 -240 ) (0 -640 -240 ) (0 -208 -240 ) (768 -208 -240 ) 
4 36 40 (448 -640 -240 ) (576 -640 -240 ) (576 -640 -176 ) (448 -640 -176 ) 
4 36 39 (576 -640 -240 ) (768 -640 -240 ) (768 -640 -176 ) (576 -640 -176 ) 
4 36 41 (0 -640 -240 ) (448 -640 -240 ) (448 -640 -176 ) (0 -640 -176 ) 
4 36 38 (768 -640 -176 ) (768 -640 64 ) (0 -640 64 ) (0 -640 -176 ) 
4 38 86 (0 -768 -176 ) (0 -768 32 ) (0 -640 32 ) (0 -640 -176 ) 
4 38 80 (0 -768 32 ) (0 -768 64 ) (0 -640 64 ) (0 -640 32 ) 
3 38 47 (12.001957 -768 64 ) (0 -768 64 ) (0 -768 58.946499 ) 
5 38 46 (240 -768 64 ) (50 -768 64 ) (0 -768 42.947365 ) (0 -768 32 ) (240 -768 32 ) 
4 38 43 (448 -768 -16 ) (448 -768 -176 ) (576 -768 -176 ) (576 -768 -16 ) 
4 38 40 (576 -768 -176 ) (448 -768 -176 ) (448 -640 -176 ) (576 -640 -176 ) 
4 38 39 (768 -768 -176 ) (576 -768 -176 ) (576 -640 -176 ) (768 -640 -176 ) 
4 38 41 (448 -768 -176 ) (0 -768 -176 ) (0 -640 -176 ) (448 -640 -176 ) 
4 39 56 (768 -768 -240 ) (576 -768 -240 ) (576 -640 -240 ) (768 -640 -240 ) 
3 39 40 (576 -768 -176 ) (576 -640 -176 ) (576 -640 -240 ) 
3 40 41 (448 -768 -176 ) (448 -640 -176 ) (448 -640 -240 ) 
4 41 96 (0 -640 -240 ) (0 -768 -240 ) (0 -768 -176 ) (0 -640 -176 ) 
4 41 56 (448 -768 -240 ) (0 -768 -240 ) (0 -640 -240 ) (448 -640 -240 ) 
4 42 52 (768 -768 -176 ) (1024 -768 -176 ) (1024 -784 -176 ) (768 -784 -176 ) 
4 42 44 (768 -784 -176 ) (1024 -784 -176 ) (1024 -784 160 ) (768 -784 160 ) 
4 43 45 (448 -784 -176 ) (576 -784 -176 ) (576 -784 -16 ) (448 -784 -16 ) 
4 44 106 (1024 -1024 -176 ) (1024 -1024 160 ) (768 -1024 160 ) (768 -1024 -176 ) 
4 44 52 (1024 -1024 -176 ) (768 -1024 -176 ) (768 -784 -176 ) (1024 -784 -176 ) 
4 45 107 (752 -1024 160 ) (256 -1024 160 ) (256 -1024 -176 ) (752 -1024 -176 ) 
4 45 50 (256 -944 -176 ) (256 -1024 -176 ) (256 -1024 -16 ) (256 -944 -16 ) 
4 46 81 (0 -768 42.947365 ) (0 -768 32 ) (0 -784 32 ) (0 -784 42.947369 ) 
4 46 48 (0 -784 32 ) (240 -784 32 ) (240 -784 144 ) (0 -784 42.947365 ) 
4 47 82 (0 -784 160 ) (0 -768 160 ) (0 -768 58.946503 ) (0 -784 58.946499 ) 
3 47 48 (240 -784 160 ) (0 -784 160 ) (0 -784 58.946503 ) 
4 48 116 (240 -1024 160 ) (0 -1024 160 ) (0 -1024 32 ) (240 -1024 32 ) 
4 48 83 (0 -1024 32 ) (0 -1024 160 ) (0 -784 160 ) (0 -784 32 ) 
4 48 51 (0 -1024 32 ) (0 -944 32 ) (240 -944 32 ) (240 -1024 32 ) 
4 48 49 (0 -944 32 ) (0 -784 32 ) (240 -784 32 ) (240 -944 32 ) 
4 49 87 (0 -944 32 ) (0 -784 32 ) (0 -784 -176 ) (0 -944 -176 ) 
4 49 51 (0 -944 -176 ) (240 -944 -176 ) (240 -944 32 ) (0 -944 32 ) 
4 50 115 (240 -1024 -176 ) (256 -1024 -176 ) (256 -1024 -16 ) (240 -1024 -16 ) 
4 50 51 (240 -944 -16 ) (240 -944 -176 ) (240 -1024 -176 ) (240 -1024 -16 ) 
4 51 116 (0 -1024 32 ) (0 -1024 -176 ) (240 -1024 -176 ) (240 -1024 32 ) 
4 51 88 (0 -1024 -176 ) (0 -1024 32 ) (0 -960 32 ) (0 -960 -176 ) 
4 51 87 (0 -960 32 ) (0 -944 32 ) (0 -944 -176 ) (0 -960 -176 ) 
4 52 119 (1024 -1024 -240 ) (1024 -1024 -176 ) (768 -1024 -176 ) (768 -1024 -240 ) 
4 52 54 (1024 -768 -240 ) (1024 -1024 -240 ) (768 -1024 -240 ) (768 -768 -240 ) 
4 53 56 (768 -192 -240 ) (768 0 -240 ) (768 0 -256 ) (768 -192 -256 ) 
4 53 55 (768 -192 -256 ) (768 0 -256 ) (1024 0 -256 ) (1024 -192 -256 ) 
4 54 119 (1024 -1024 -256 ) (1024 -1024 -240 ) (768 -1024 -240 ) (768 -1024 -256 ) 
4 54 55 (768 -1024 -256 ) (768 -768 -256 ) (1024 -768 -256 ) (1024 -1024 -256 ) 
4 55 119 (1024 -1024 -432 ) (1024 -1024 -256 ) (768 -1024 -256 ) (768 -1024 -432 ) 
4 55 57 (768 0 -336 ) (768 0 -432 ) (768 -1024 -432 ) (768 -1024 -336 ) 
4 55 56 (768 0 -256 ) (768 0 -336 ) (768 -768 -336 ) (768 -768 -256 ) 
4 56 96 (0 -768 -240 ) (0 0 -240 ) (0 0 -336 ) (0 -768 -336 ) 
4 56 57 (768 0 -336 ) (768 -768 -336 ) (0 -768 -336 ) (0 0 -336 ) 
4 57 120 (768 -1024 -432 ) (768 -1024 -336 ) (0 -1024 -336 ) (0 -1024 -432 ) 
4 57 98 (0 -1024 -432 ) (0 -1024 -336 ) (0 0 -336 ) (0 0 -432 ) 
4 58 91 (-576 0 32 ) (-594.744995 0 32 ) (-594.744995 0 -128 ) (-576 0 -128 ) 
4 58 90 (-64 0 32 ) (-576 0 32 ) (-576 0 -128 ) (-64 0 -128 ) 
4 58 86 (0 0 -128 ) (0 0 32 ) (-64 0 32 ) (-64 0 -128 ) 
4 58 84 (-48 0 496 ) (-594.744995 0 496 ) (-594.744995 0 32 ) (-48 0 32 ) 
4 58 80 (0 0 32 ) (0 0 496 ) (-48 0 496 ) (-48 0 32 ) 
5 58 69 (-594.744995 592 330.510040 ) (-594.744995 592 240 ) (-594.744995 224 -128 ) (-594.744995 160 -128 ) (-594.744995 146.744980 -114.745003 ) 
3 58 68 (-594.744995 592 240 ) (-594.744995 592 -128 ) (-594.744995 224 -128 ) 
5 58 67 (-594.744995 0 -128 ) (-594.744995 0 496 ) (-594.744995 592 496 ) (-594.744995 592 330.510040 ) (-594.744995 133.489990 -128 ) 
4 58 65 (-501.489990 146.744995 -128 ) (-498.744995 144 -128 ) (-498.744995 53.489990 -128 ) (-546.744995 101.489975 -128 ) 
4 58 64 (-594.744995 149.489944 -128 ) (-594.744995 240 -128 ) (-546.744995 192 -128 ) (-592 146.744995 -128 ) 
4 58 63 (-594.744995 240 -128 ) (-594.744995 592 -128 ) (-498.744995 592 -128 ) (-498.744995 144 -128 ) 
4 58 62 (-498.744995 0 -128 ) (-594.744995 0 -128 ) (-594.744995 149.489944 -128 ) (-498.744995 53.489990 -128 ) 
4 58 60 (-498.744995 178.744995 -128 ) (-498.744995 592 -128 ) (-434.744995 592 -128 ) (-434.744995 178.744995 -128 ) 
4 58 61 (-434.744995 0 -128 ) (-498.744995 0 -128 ) (-498.744995 114.745010 -128 ) (-434.744995 114.745010 -128 ) 
4 58 59 (0 0 -128 ) (-434.744995 0 -128 ) (-434.744995 592 -128 ) (0 592 -128 ) 
4 59 96 (0 0 -192 ) (0 0 -176 ) (-64 0 -176 ) (-64 0 -192 ) 
4 59 97 (-64 0 -176 ) (-434.744995 0 -176 ) (-434.744995 0 -192 ) (-64 0 -192 ) 
4 59 90 (-64 0 -128 ) (-434.744995 0 -128 ) (-434.744995 0 -176 ) (-64 0 -176 ) 
4 59 86 (0 0 -176 ) (0 0 -128 ) (-64 0 -128 ) (-64 0 -176 ) 
4 59 60 (-434.744995 592 -192 ) (-434.744995 178.744995 -192 ) (-434.744995 178.744995 -128 ) (-434.744995 592 -128 ) 
4 59 61 (-434.744995 114.745010 -192 ) (-434.744995 0 -192 ) (-434.744995 0 -128 ) (-434.744995 114.745010 -128 ) 
4 59 66 (-434.744995 592 -192 ) (0 592 -192 ) (0 0 -192 ) (-434.744995 0 -192 ) 
4 60 63 (-498.744995 592 -192 ) (-498.744995 178.744995 -192 ) (-498.744995 178.744995 -128 ) (-498.744995 592 -128 ) 
4 60 66 (-498.744995 592 -192 ) (-434.744995 592 -192 ) (-434.744995 178.744995 -192 ) (-498.744995 178.744995 -192 ) 
4 61 97 (-498.744995 0 -176 ) (-498.744995 0 -192 ) (-434.744995 0 -192 ) (-434.744995 0 -176 ) 
4 61 90 (-434.744995 0 -128 ) (-498.744995 0 -128 ) (-498.744995 0 -176 ) (-434.744995 0 -176 ) 
4 61 65 (-498.744995 114.745010 -192 ) (-498.744995 53.489979 -192 ) (-498.744995 53.489979 -128 ) (-498.744995 114.745010 -128 ) 
4 61 62 (-498.744995 53.489979 -192 ) (-498.744995 0 -192 ) (-498.744995 0 -128 ) (-498.744995 53.489979 -128 ) 
4 61 66 (-434.744995 114.745010 -192 ) (-434.744995 0 -192 ) (-498.744995 0 -192 ) (-498.744995 114.745010 -192 ) 
4 62 97 (-594.744995 0 -176 ) (-594.744995 0 -192 ) (-498.744995 0 -192 ) (-498.744995 0 -176 ) 
4 62 91 (-576 0 -128 ) (-594.744995 0 -128 ) (-594.744995 0 -176 ) (-576 0 -176 ) 
4 62 90 (-498.744995 0 -128 ) (-576 0 -128 ) (-576 0 -176 ) (-498.744995 0 -176 ) 
3 62 70 (-594.744995 133.490005 -192 ) (-594.744995 69.489983 -192 ) (-594.744995 101.489990 -160 ) 
4 62 67 (-594.744995 0 -192 ) (-594.744995 0 -128 ) (-594.744995 133.489975 -128 ) (-594.744995 69.489983 -192 ) 
4 62 65 (-498.744995 53.490238 -128 ) (-498.744995 53.490242 -192 ) (-546.744873 101.490128 -192 ) (-546.744385 101.490585 -128 ) 
4 62 64 (-592 146.745132 -192 ) (-594.744995 149.490219 -192 ) (-594.744995 149.492188 -128 ) (-591.998962 146.746078 -128 ) 
4 62 66 (-594.744995 0 -192 ) (-594.744995 149.489944 -192 ) (-498.744995 53.489990 -192 ) (-498.744995 0 -192 ) 
4 63 68 (-594.744995 240 -128 ) (-594.744995 592 -128 ) (-594.744995 592 -192 ) (-594.744995 240 -192 ) 
4 63 65 (-501.488037 146.746948 -192 ) (-498.744995 144.003906 -192 ) (-498.744995 144.003906 -128 ) (-501.488037 146.746948 -128 ) 
4 63 64 (-594.744995 240.003906 -192 ) (-546.743042 192.001968 -192 ) (-546.743042 192.001968 -128 ) (-594.744995 240.003906 -128 ) 
4 63 66 (-594.744995 240 -192 ) (-594.744995 592 -192 ) (-498.744995 592 -192 ) (-498.744995 144 -192 ) 
3 64 69 (-594.744995 160 -128 ) (-594.744995 224 -128 ) (-594.744995 192 -160 ) 
4 64 68 (-594.744995 224 -128 ) (-594.744995 240 -128 ) (-594.744995 240 -192 ) (-594.744995 160 -192 ) 
4 64 66 (-594.744995 149.489944 -192 ) (-594.744995 240 -192 ) (-546.744995 192 -192 ) (-592 146.744995 -192 ) 
4 65 66 (-501.489990 146.744995 -192 ) (-498.744995 144 -192 ) (-498.744995 53.489990 -192 ) (-546.744995 101.489975 -192 ) 
4 66 96 (0 0 -240 ) (0 0 -192 ) (-64 0 -192 ) (-64 0 -240 ) 
4 66 97 (-64 0 -192 ) (-594.744995 0 -192 ) (-594.744995 0 -240 ) (-64 0 -240 ) 
4 66 77 (-256 256 -240 ) (-256 592 -240 ) (0 592 -240 ) (0 256 -240 ) 
4 66 78 (-256 0 -240 ) (-594.744995 0 -240 ) (-594.744995 592 -240 ) (-256 592 -240 ) 
5 66 70 (-594.744995 112 -240 ) (-594.744995 21.489990 -240 ) (-594.744995 69.489967 -192 ) (-594.744995 133.490005 -192 ) (-594.744995 146.744995 -205.254990 ) 
4 66 68 (-594.744995 592 -240 ) (-594.744995 112 -240 ) (-594.744995 160 -192 ) (-594.744995 592 -192 ) 
4 66 67 (-594.744995 21.489990 -240 ) (-594.744995 0 -240 ) (-594.744995 0 -192 ) (-594.744995 69.489967 -192 ) 
4 67 97 (-658.744995 0 -176 ) (-658.744995 0 -240 ) (-594.744995 0 -240 ) (-594.744995 0 -176 ) 
4 67 91 (-608 0 -176 ) (-594.744995 0 -176 ) (-594.744995 0 32 ) (-608 0 32 ) 
4 67 95 (-658.744995 0 32 ) (-658.744995 0 -176 ) (-608 0 -176 ) (-608 0 32 ) 
4 67 84 (-594.744995 0 496 ) (-658.744995 0 496 ) (-658.744995 0 32 ) (-594.744995 0 32 ) 
4 67 78 (-594.744995 0 -240 ) (-658.744995 0 -240 ) (-658.744995 21.489981 -240 ) (-594.744995 21.489990 -240 ) 
4 67 74 (-658.744995 178.744995 -66.744995 ) (-658.744995 178.744995 -82.744995 ) (-658.744995 114.745010 -146.744995 ) (-658.744995 114.745010 -66.744987 ) 
4 67 72 (-658.744995 114.745010 496 ) (-658.744995 178.744995 496 ) (-658.744995 178.744995 -66.744995 ) (-658.744995 114.745010 -66.744987 ) 
4 67 71 (-658.744995 178.744995 496 ) (-658.744995 592 496 ) (-658.744995 592 330.510071 ) (-658.744995 178.744995 -82.744995 ) 
5 67 76 (-658.744995 21.489990 -240 ) (-658.744995 0 -240 ) (-658.744995 0 496 ) (-658.744995 114.745010 496 ) (-658.744995 114.745010 -146.744995 ) 
4 67 70 (-594.744995 101.491333 -160.001343 ) (-594.744995 21.492737 -240 ) (-658.744995 21.492188 -240 ) (-658.744995 101.491096 -160.001099 ) 
4 67 69 (-594.744995 592 330.507690 ) (-594.744995 146.746277 -114.746368 ) (-658.744995 146.746078 -114.746109 ) (-658.744995 592 330.507813 ) 
4 68 78 (-658.744995 112 -240 ) (-658.744995 592 -240 ) (-594.744995 592 -240 ) (-594.744995 112 -240 ) 
4 68 73 (-658.744995 178.744995 -240 ) (-658.744995 114.745010 -240 ) (-658.744995 114.745010 -237.254990 ) (-658.744995 178.744995 -173.255005 ) 
4 68 71 (-658.744995 592 -240 ) (-658.744995 178.744995 -240 ) (-658.744995 178.744995 -173.255005 ) (-658.744995 592 240 ) 
3 68 76 (-658.744995 114.745010 -240 ) (-658.744995 112 -240 ) (-658.744995 114.745010 -237.254990 ) 
4 68 70 (-658.744995 146.745148 -205.255157 ) (-658.744995 112 -240 ) (-594.744995 112 -240 ) (-594.744995 146.744995 -205.255005 ) 
4 68 69 (-658.744995 592 240 ) (-658.744995 192 -160 ) (-594.744995 192 -160 ) (-594.744995 592 240 ) 
3 69 74 (-658.744995 146.744980 -114.745003 ) (-658.744995 178.744995 -82.744980 ) (-658.744995 178.744995 -146.744995 ) 
5 69 71 (-658.744995 178.744995 -82.744980 ) (-658.744995 592 330.510071 ) (-658.744995 592 240 ) (-658.744995 192 -160 ) (-658.744995 178.744995 -146.744995 ) 
4 70 78 (-658.744995 21.489981 -240 ) (-658.744995 112 -240 ) (-594.744995 112 -240 ) (-594.744995 21.489990 -240 ) 
3 70 73 (-658.744995 114.745010 -173.255020 ) (-658.744995 146.744995 -205.255005 ) (-658.744995 114.745010 -237.254990 ) 
5 70 76 (-658.744995 112 -240 ) (-658.744995 21.489990 -240 ) (-658.744995 101.489998 -160 ) (-658.744995 114.745010 -173.255020 ) (-658.744995 114.745010 -237.254990 ) 
4 71 99 (-1024 178.744995 496 ) (-1024 592 496 ) (-1024 592 -240 ) (-1024 178.744995 -240 ) 
4 71 78 (-1024 178.744995 -240 ) (-1024 592 -240 ) (-658.744995 592 -240 ) (-658.744995 178.744995 -240 ) 
4 71 75 (-832 178.744995 -240 ) (-741.489990 178.744995 -240 ) (-706.744995 178.744995 -205.255020 ) (-752 178.744995 -160 ) 
4 71 74 (-661.489990 178.744995 -160 ) (-658.744995 178.744995 -157.255020 ) (-658.744995 178.744995 -66.744949 ) (-706.744995 178.744995 -114.744965 ) 
3 71 73 (-741.489990 178.744995 -240 ) (-658.744995 178.744995 -240 ) (-658.744995 178.744995 -157.255020 ) 
5 71 72 (-1024 178.744995 -240 ) (-832 178.744995 -240 ) (-658.744995 178.744995 -66.744949 ) (-658.744995 178.744995 496 ) (-1024 178.744995 496 ) 
4 72 99 (-1024 114.745010 496 ) (-1024 178.744995 496 ) (-1024 178.744995 -240 ) (-1024 114.745010 -240 ) 
4 72 78 (-1024 114.745010 -240 ) (-1024 178.744995 -240 ) (-832 178.744995 -240 ) (-832 114.745010 -240 ) 
4 72 75 (-752 114.745010 -160 ) (-831.998962 114.745010 -240 ) (-832 178.744995 -240 ) (-752 178.744995 -160 ) 
4 72 74 (-658.744995 114.745010 -66.746094 ) (-706.744446 114.745010 -114.745529 ) (-706.744629 178.744995 -114.745392 ) (-658.744995 178.744995 -66.746094 ) 
5 72 76 (-1024 114.745010 -240 ) (-832 114.745010 -240 ) (-658.744995 114.745010 -66.744949 ) (-658.744995 114.745010 496 ) (-1024 114.745010 496 ) 
4 73 78 (-741.489990 178.744995 -240 ) (-658.744995 178.744995 -240 ) (-658.744995 114.745010 -240 ) (-741.489990 114.745010 -240 ) 
4 73 75 (-706.745544 178.744995 -205.254486 ) (-741.491028 178.744995 -240 ) (-741.492188 114.745010 -240 ) (-706.745911 114.745010 -205.254150 ) 
4 73 74 (-658.744995 178.744995 -157.253906 ) (-661.490540 178.744995 -160 ) (-661.490601 114.745010 -160 ) (-658.744995 114.745010 -157.253906 ) 
3 73 76 (-741.489990 114.745010 -240 ) (-658.744995 114.745010 -240 ) (-658.744995 114.745010 -157.255020 ) 
4 74 76 (-661.489990 114.745010 -160 ) (-658.744995 114.745010 -157.255020 ) (-658.744995 114.745010 -66.744949 ) (-706.744995 114.745010 -114.744965 ) 
4 75 78 (-832 178.744995 -240 ) (-741.489990 178.744995 -240 ) (-741.489990 114.745010 -240 ) (-832 114.745010 -240 ) 
4 75 76 (-832 114.745010 -240 ) (-741.489990 114.745010 -240 ) (-706.744995 114.745010 -205.255020 ) (-752 114.745010 -160 ) 
4 76 99 (-1024 0 -240 ) (-1024 0 496 ) (-1024 114.745010 496 ) (-1024 114.745010 -240 ) 
4 76 97 (-1024 0 -176 ) (-1024 0 -240 ) (-658.744995 0 -240 ) (-658.744995 0 -176 ) 
4 76 95 (-1024 0 32 ) (-1024 0 -176 ) (-658.744995 0 -176 ) (-658.744995 0 32 ) 
4 76 84 (-658.744995 0 496 ) (-1024 0 496 ) (-1024 0 32 ) (-658.744995 0 32 ) 
4 76 78 (-658.744995 0 -240 ) (-1024 0 -240 ) (-1024 114.745010 -240 ) (-658.744995 114.745010 -240 ) 
4 77 79 (-256 592 -256 ) (0 592 -256 ) (0 256 -256 ) (-256 256 -256 ) 
4 77 78 (-256 592 -256 ) (-256 256 -256 ) (-256 256 -240 ) (-256 592 -240 ) 
4 78 99 (-1024 0 -256 ) (-1024 0 -240 ) (-1024 592 -240 ) (-1024 592 -256 ) 
4 78 97 (-256 0 -240 ) (-1024 0 -240 ) (-1024 0 -256 ) (-256 0 -256 ) 
4 78 79 (-1024 0 -256 ) (-1024 592 -256 ) (-256 592 -256 ) (-256 0 -256 ) 
4 79 99 (-1024 0 -432 ) (-1024 0 -256 ) (-1024 592 -256 ) (-1024 592 -432 ) 
4 79 98 (0 0 -432 ) (0 0 -336 ) (-1024 0 -336 ) (-1024 0 -432 ) 
4 79 96 (0 0 -336 ) (0 0 -256 ) (-64 0 -256 ) (-64 0 -336 ) 
4 79 97 (-64 0 -256 ) (-1024 0 -256 ) (-1024 0 -336 ) (-64 0 -336 ) 
4 80 86 (-48 -768 32 ) (-48 0 32 ) (0 0 32 ) (0 -768 32 ) 
4 80 84 (-48 0 32 ) (-48 -768 32 ) (-48 -768 496 ) (-48 0 496 ) 
4 80 82 (0 -768 496 ) (-48 -768 496 ) (-48 -768 38.735809 ) (0 -768 58.946503 ) 
3 80 81 (-26 -768 32 ) (0 -768 32 ) (0 -768 42.947369 ) 
3 81 83 (-26 -784 32 ) (0 -784 32 ) (0 -784 42.947369 ) 
4 82 85 (-48 -784 38.735802 ) (-48 -784 496 ) (-48 -768 496 ) (-48 -768 38.735809 ) 
4 82 83 (0 -784 496 ) (-48 -784 496 ) (-48 -784 38.735809 ) (0 -784 58.946503 ) 
4 83 127 (0 -1024 32 ) (0 -1024 496 ) (-48 -1024 496 ) (-48 -1024 32 ) 
4 83 88 (0 -1024 32 ) (-48 -1024 32 ) (-48 -960 32 ) (0 -960 32 ) 
4 83 87 (-48 -960 32 ) (-48 -784 32 ) (0 -784 32 ) (0 -960 32 ) 
4 83 85 (-48 -1024 38.740200 ) (-48 -1024 496 ) (-48 -784 496 ) (-48 -784 38.740204 ) 
4 84 100 (-1024 -768 496 ) (-1024 0 496 ) (-1024 0 32 ) (-1024 -768 32 ) 
4 84 92 (-576 -288 32 ) (-576 -768 32 ) (-608 -768 32 ) (-608 -288 32 ) 
4 84 91 (-608 0 32 ) (-576 0 32 ) (-576 -288 32 ) (-608 -288 32 ) 
4 84 90 (-576 0 32 ) (-64 0 32 ) (-64 -768 32 ) (-576 -768 32 ) 
4 84 95 (-1024 -768 32 ) (-1024 0 32 ) (-608 0 32 ) (-608 -768 32 ) 
4 84 86 (-64 0 32 ) (-48 0 32 ) (-48 -768 32 ) (-64 -768 32 ) 
5 84 85 (-1024 -768 32 ) (-64 -768 32 ) (-48 -768 38.740200 ) (-48 -768 496 ) (-1024 -768 496 ) 
5 85 130 (-1024 -1024 496 ) (-1024 -1024 32 ) (-64 -1024 32 ) (-48 -1024 38.740200 ) (-48 -1024 496 ) 
4 85 100 (-1024 -1024 32 ) (-1024 -1024 496 ) (-1024 -768 496 ) (-1024 -768 32 ) 
4 85 92 (-608 -928 32 ) (-608 -768 32 ) (-576 -768 32 ) (-576 -928 32 ) 
4 85 94 (-576 -1024 32 ) (-608 -1024 32 ) (-608 -928 32 ) (-576 -928 32 ) 
4 85 90 (-64 -1024 32 ) (-576 -1024 32 ) (-576 -768 32 ) (-64 -768 32 ) 
4 85 95 (-608 -1024 32 ) (-1024 -1024 32 ) (-1024 -768 32 ) (-608 -768 32 ) 
4 86 96 (0 0 -176 ) (0 -768 -176 ) (-64 -768 -176 ) (-64 0 -176 ) 
4 86 90 (-64 0 -176 ) (-64 -768 -176 ) (-64 -768 32 ) (-64 0 32 ) 
4 87 88 (-48 -960 -176 ) (0 -960 -176 ) (0 -960 32 ) (-48 -960 32 ) 
4 88 131 (0 -1024 -176 ) (0 -1024 32 ) (-48 -1024 32 ) (-48 -1024 -176 ) 
4 88 89 (-48 -960 -16 ) (-48 -960 -176 ) (-48 -1024 -176 ) (-48 -1024 -16 ) 
4 89 132 (-64 -1024 -16 ) (-64 -1024 -176 ) (-48 -1024 -176 ) (-48 -1024 -16 ) 
4 89 90 (-64 -960 -176 ) (-64 -1024 -176 ) (-64 -1024 -16 ) (-64 -960 -16 ) 
4 90 133 (-64 -1024 32 ) (-576 -1024 32 ) (-576 -1024 -176 ) (-64 -1024 -176 ) 
4 90 97 (-64 -1024 -176 ) (-576 -1024 -176 ) (-576 0 -176 ) (-64 0 -176 ) 
4 90 92 (-576 -928 -47.500000 ) (-576 -928 32 ) (-576 -288 32 ) (-576 -288 -47.500000 ) 
4 90 93 (-576 -288 -176 ) (-576 -928 -176 ) (-576 -928 -128 ) (-576 -288 -128 ) 
4 90 91 (-576 0 -176 ) (-576 -288 -176 ) (-576 -288 32 ) (-576 0 32 ) 
4 90 94 (-576 -928 -176 ) (-576 -1024 -176 ) (-576 -1024 32 ) (-576 -928 32 ) 
4 91 97 (-608 -288 -176 ) (-608 0 -176 ) (-576 0 -176 ) (-576 -288 -176 ) 
4 91 92 (-608 -288 32 ) (-608 -288 -47.500000 ) (-576 -288 -47.500000 ) (-576 -288 32 ) 
4 91 93 (-608 -288 -128 ) (-608 -288 -176 ) (-576 -288 -176 ) (-576 -288 -128 ) 
4 91 95 (-608 0 -176 ) (-608 -288 -176 ) (-608 -288 32 ) (-608 0 32 ) 
4 92 94 (-608 -928 32 ) (-608 -928 -47.500000 ) (-576 -928 -47.500000 ) (-576 -928 32 ) 
4 92 95 (-608 -928 -47.500000 ) (-608 -928 32 ) (-608 -288 32 ) (-608 -288 -47.500000 ) 
4 93 97 (-608 -928 -176 ) (-608 -288 -176 ) (-576 -288 -176 ) (-576 -928 -176 ) 
4 93 95 (-608 -288 -176 ) (-608 -928 -176 ) (-608 -928 -128 ) (-608 -288 -128 ) 
4 93 94 (-608 -928 -128 ) (-608 -928 -176 ) (-576 -928 -176 ) (-576 -928 -128 ) 
4 94 133 (-576 -1024 32 ) (-608 -1024 32 ) (-608 -1024 -176 ) (-576 -1024 -176 ) 
4 94 97 (-576 -1024 -176 ) (-608 -1024 -176 ) (-608 -928 -176 ) (-576 -928 -176 ) 
4 94 95 (-608 -928 -176 ) (-608 -1024 -176 ) (-608 -1024 32 ) (-608 -928 32 ) 
4 95 133 (-608 -1024 32 ) (-1024 -1024 32 ) (-1024 -1024 -176 ) (-608 -1024 -176 ) 
4 95 100 (-1024 -1024 -176 ) (-1024 -1024 32 ) (-1024 0 32 ) (-1024 0 -176 ) 
4 95 97 (-608 -1024 -176 ) (-1024 -1024 -176 ) (-1024 0 -176 ) (-608 0 -176 ) 
4 96 98 (-64 -768 -336 ) (-64 0 -336 ) (0 0 -336 ) (0 -768 -336 ) 
4 96 97 (-64 0 -336 ) (-64 -768 -336 ) (-64 -768 -176 ) (-64 0 -176 ) 
4 97 136 (-64 -1024 -176 ) (-1024 -1024 -176 ) (-1024 -1024 -336 ) (-64 -1024 -336 ) 
4 97 100 (-1024 -1024 -336 ) (-1024 -1024 -176 ) (-1024 0 -176 ) (-1024 0 -336 ) 
4 97 98 (-64 -1024 -336 ) (-1024 -1024 -336 ) (-1024 0 -336 ) (-64 0 -336 ) 
4 98 135 (0 -1024 -432 ) (0 -1024 -336 ) (-64 -1024 -336 ) (-64 -1024 -432 ) 
4 98 136 (-64 -1024 -336 ) (-1024 -1024 -336 ) (-1024 -1024 -432 ) (-64 -1024 -432 ) 
4 98 100 (-1024 -1024 -432 ) (-1024 -1024 -336 ) (-1024 0 -336 ) (-1024 0 -432 ) 
4 99 100 (-1024 0 -432 ) (-1024 0 496 ) (-1728 0 496 ) (-1728 0 -432 ) 
4 100 142 (-1024 -1024 -432 ) (-1024 -1024 320 ) (-1280 -1024 320 ) (-1280 -1024 -432 ) 
4 100 144 (-1280 -1024 320 ) (-1728 -1024 320 ) (-1728 -1024 -432 ) (-1280 -1024 -432 ) 
4 100 141 (-1024 -1024 320 ) (-1024 -1024 496 ) (-1728 -1024 496 ) (-1728 -1024 320 ) 
4 101 125 (1568 -2048 -432 ) (1568 -2048 496 ) (1024 -2048 496 ) (1024 -2048 -432 ) 
4 101 122 (1024 -2048 -432 ) (1024 -2048 320 ) (1024 -1376 320 ) (1024 -1376 -432 ) 
4 101 121 (1024 -2048 320 ) (1024 -2048 496 ) (1024 -1376 496 ) (1024 -1376 320 ) 
4 101 119 (1024 -1024 -176 ) (1024 -1024 -432 ) (1024 -1376 -432 ) (1024 -1376 -176 ) 
4 101 113 (1024 -1152 -176 ) (1024 -1376 -176 ) (1024 -1376 -144 ) (1024 -1152 -144 ) 
4 101 108 (1024 -1376 -144 ) (1024 -1376 160 ) (1024 -1152 160 ) (1024 -1152 -144 ) 
4 101 106 (1024 -1024 160 ) (1024 -1024 -176 ) (1024 -1152 -176 ) (1024 -1152 160 ) 
4 101 102 (1024 -1376 496 ) (1024 -1024 496 ) (1024 -1024 160 ) (1024 -1376 160 ) 
4 102 122 (768 -1376 160 ) (1024 -1376 160 ) (1024 -1376 320 ) (768 -1376 320 ) 
4 102 121 (1024 -1376 320 ) (1024 -1376 496 ) (768 -1376 496 ) (768 -1376 320 ) 
4 102 108 (1024 -1376 160 ) (768 -1376 160 ) (768 -1152 160 ) (1024 -1152 160 ) 
4 102 106 (768 -1152 160 ) (768 -1024 160 ) (1024 -1024 160 ) (1024 -1152 160 ) 
3 102 104 (768 -1072 448 ) (768 -1024 483.368408 ) (768 -1024 412.631561 ) 
4 102 103 (768 -1376 224 ) (768 -1376 496 ) (768 -1024 496 ) (768 -1024 483.368408 ) 
4 103 123 (512 -1376 320 ) (240 -1376 320 ) (240 -1376 224 ) (512 -1376 224 ) 
4 103 122 (768 -1376 224 ) (768 -1376 320 ) (512 -1376 320 ) (512 -1376 224 ) 
4 103 121 (768 -1376 320 ) (768 -1376 496 ) (240 -1376 496 ) (240 -1376 320 ) 
4 103 104 (240 -1072 448 ) (240 -1024 483.367188 ) (768 -1024 483.364319 ) (768 -1071.997192 447.997925 ) 
4 103 105 (240 -1376 224 ) (240 -1376 496 ) (240 -1024 496 ) (240 -1024 483.368408 ) 
3 104 105 (240 -1072 448 ) (240 -1024 483.368408 ) (240 -1024 412.631561 ) 
4 105 129 (0 -1360 160 ) (0 -1376 160 ) (0 -1376 496 ) (0 -1360 496 ) 
4 105 127 (0 -1024 496 ) (0 -1024 160 ) (0 -1360 160 ) (0 -1360 496 ) 
4 105 123 (0 -1376 320 ) (0 -1376 160 ) (240 -1376 160 ) (240 -1376 320 ) 
4 105 121 (0 -1376 496 ) (0 -1376 320 ) (240 -1376 320 ) (240 -1376 496 ) 
4 105 118 (240 -1376 160 ) (0 -1376 160 ) (0 -1360 160 ) (240 -1360 160 ) 
4 105 116 (0 -1360 160 ) (0 -1024 160 ) (240 -1024 160 ) (240 -1360 160 ) 
4 106 119 (768 -1024 -176 ) (1024 -1024 -176 ) (1024 -1152 -176 ) (768 -1152 -176 ) 
4 106 113 (768 -1152 -176 ) (1024 -1152 -176 ) (1024 -1152 -144 ) (768 -1152 -144 ) 
4 106 108 (1024 -1152 -144 ) (1024 -1152 160 ) (768 -1152 160 ) (768 -1152 -144 ) 
4 107 115 (256 -1024 -176 ) (256 -1072 -176 ) (256 -1072 -16 ) (256 -1024 -16 ) 
4 107 114 (448 -1152 -176 ) (576 -1152 -176 ) (576 -1152 -144 ) (448 -1152 -144 ) 
4 107 112 (256 -1152 160 ) (256 -1152 -144 ) (320 -1152 -144 ) (320 -1152 160 ) 
4 107 110 (320 -1152 -144 ) (528 -1152 -144 ) (528 -1152 160 ) (320 -1152 160 ) 
4 107 109 (528 -1152 -144 ) (752 -1152 -144 ) (752 -1152 160 ) (528 -1152 160 ) 
4 108 122 (1024 -1376 -144 ) (1024 -1376 160 ) (768 -1376 160 ) (768 -1376 -144 ) 
4 108 113 (1024 -1376 -144 ) (768 -1376 -144 ) (768 -1152 -144 ) (1024 -1152 -144 ) 
4 109 114 (528 -1248 -144 ) (528 -1152 -144 ) (576 -1152 -144 ) (576 -1248 -144 ) 
4 109 110 (528 -1152 160 ) (528 -1152 -144 ) (528 -1360 -144 ) (528 -1360 160 ) 
4 110 114 (448 -1152 -144 ) (528 -1152 -144 ) (528 -1248 -144 ) (448 -1248 -144 ) 
4 110 112 (320 -1152 160 ) (320 -1152 -144 ) (320 -1360 -144 ) (320 -1360 160 ) 
4 110 111 (320 -1360 0 ) (320 -1360 -144 ) (528 -1360 -144 ) (528 -1360 0 ) 
4 111 123 (320 -1376 0 ) (320 -1376 -144 ) (512 -1376 -144 ) (512 -1376 0 ) 
4 111 122 (512 -1376 -144 ) (528 -1376 -144 ) (528 -1376 0 ) (512 -1376 0 ) 
4 113 122 (768 -1376 -176 ) (1024 -1376 -176 ) (1024 -1376 -144 ) (768 -1376 -144 ) 
4 113 119 (1024 -1376 -176 ) (768 -1376 -176 ) (768 -1152 -176 ) (1024 -1152 -176 ) 
4 115 116 (240 -1024 -176 ) (240 -1072 -176 ) (240 -1072 -16 ) (240 -1024 -16 ) 
4 116 131 (0 -1024 32 ) (0 -1024 -176 ) (0 -1360 -176 ) (0 -1360 32 ) 
4 116 127 (0 -1024 160 ) (0 -1024 32 ) (0 -1360 32 ) (0 -1360 160 ) 
3 116 118 (240 -1360 160 ) (0 -1360 160 ) (0 -1360 58.946503 ) 
4 116 117 (240 -1360 32 ) (240 -1360 144 ) (0 -1360 42.947365 ) (0 -1360 32 ) 
4 117 128 (0 -1376 32 ) (0 -1376 42.947369 ) (0 -1360 42.947365 ) (0 -1360 32 ) 
4 117 123 (0 -1376 42.947365 ) (0 -1376 32 ) (240 -1376 32 ) (240 -1376 144 ) 
4 118 129 (0 -1376 58.946499 ) (0 -1376 160 ) (0 -1360 160 ) (0 -1360 58.946503 ) 
3 118 123 (0 -1376 160 ) (0 -1376 58.946503 ) (240 -1376 160 ) 
4 119 122 (768 -1376 -432 ) (1024 -1376 -432 ) (1024 -1376 -176 ) (768 -1376 -176 ) 
4 119 120 (768 -1024 -432 ) (768 -1376 -432 ) (768 -1376 -336 ) (768 -1024 -336 ) 
4 120 135 (0 -1024 -336 ) (0 -1024 -432 ) (0 -1376 -432 ) (0 -1376 -336 ) 
4 120 123 (0 -1376 -336 ) (0 -1376 -432 ) (512 -1376 -432 ) (512 -1376 -336 ) 
4 120 122 (512 -1376 -432 ) (768 -1376 -432 ) (768 -1376 -336 ) (512 -1376 -336 ) 
4 121 137 (0 -2048 320 ) (0 -2048 496 ) (0 -1376 496 ) (0 -1376 320 ) 
4 121 126 (1024 -2048 320 ) (1024 -2048 496 ) (0 -2048 496 ) (0 -2048 320 ) 
4 121 123 (0 -1856 320 ) (0 -1376 320 ) (512 -1376 320 ) (512 -1856 320 ) 
4 121 122 (512 -1376 320 ) (1024 -1376 320 ) (1024 -2048 320 ) (512 -2048 320 ) 
4 122 126 (1024 -2048 -432 ) (1024 -2048 320 ) (512 -2048 320 ) (512 -2048 -432 ) 
4 122 124 (512 -1856 -432 ) (512 -2048 -432 ) (512 -2048 -256 ) (512 -1856 -256 ) 
4 122 123 (512 -1376 -432 ) (512 -1856 -432 ) (512 -1856 320 ) (512 -1376 320 ) 
4 123 140 (0 -1376 -256 ) (0 -1376 -432 ) (0 -1856 -432 ) (0 -1856 -256 ) 
4 123 138 (0 -1856 320 ) (0 -1376 320 ) (0 -1376 -256 ) (0 -1856 -256 ) 
4 123 124 (0 -1856 -432 ) (512 -1856 -432 ) (512 -1856 -256 ) (0 -1856 -256 ) 
4 124 140 (0 -2048 -432 ) (0 -2048 -256 ) (0 -1856 -256 ) (0 -1856 -432 ) 
4 124 126 (0 -2048 -256 ) (0 -2048 -432 ) (512 -2048 -432 ) (512 -2048 -256 ) 
4 125 126 (1024 -2048 496 ) (1024 -2048 -432 ) (1024 -2368 -432 ) (1024 -2368 496 ) 
4 126 145 (0 -2368 -432 ) (0 -2368 496 ) (0 -2048 496 ) (0 -2048 -432 ) 
4 127 131 (-48 -1360 32 ) (-48 -1024 32 ) (0 -1024 32 ) (0 -1360 32 ) 
4 127 130 (-48 -1360 38.740200 ) (-48 -1360 496 ) (-48 -1024 496 ) (-48 -1024 38.740204 ) 
4 127 129 (0 -1360 496 ) (-48 -1360 496 ) (-48 -1360 38.735809 ) (0 -1360 58.946503 ) 
3 127 128 (-26 -1360 32 ) (0 -1360 32 ) (0 -1360 42.947369 ) 
3 128 138 (0 -1376 32 ) (0 -1376 42.947369 ) (-26 -1376 32 ) 
4 129 138 (0 -1376 58.946503 ) (0 -1376 320 ) (-48 -1376 320 ) (-48 -1376 38.735809 ) 
4 129 137 (0 -1376 320 ) (0 -1376 496 ) (-48 -1376 496 ) (-48 -1376 320 ) 
4 129 130 (-48 -1376 38.735802 ) (-48 -1376 496 ) (-48 -1360 496 ) (-48 -1360 38.735809 ) 
4 130 142 (-1024 -1024 320 ) (-1024 -1024 32 ) (-1024 -1376 32 ) (-1024 -1376 320 ) 
4 130 141 (-1024 -1024 496 ) (-1024 -1024 320 ) (-1024 -1376 320 ) (-1024 -1376 496 ) 
4 130 139 (-1024 -1376 320 ) (-1024 -1376 32 ) (-496 -1376 32 ) (-496 -1376 320 ) 
5 130 138 (-496 -1376 32 ) (-64 -1376 32 ) (-48 -1376 38.740200 ) (-48 -1376 320 ) (-496 -1376 320 ) 
4 130 137 (-1024 -1376 496 ) (-1024 -1376 320 ) (-48 -1376 320 ) (-48 -1376 496 ) 
4 130 134 (-64 -1376 32 ) (-1024 -1376 32 ) (-1024 -1344 32 ) (-64 -1344 32 ) 
4 130 133 (-1024 -1344 32 ) (-1024 -1024 32 ) (-64 -1024 32 ) (-64 -1344 32 ) 
4 131 132 (-48 -1024 -176 ) (-48 -1344 -176 ) (-48 -1344 -16 ) (-48 -1024 -16 ) 
4 132 133 (-64 -1024 -176 ) (-64 -1344 -176 ) (-64 -1344 -16 ) (-64 -1024 -16 ) 
4 133 142 (-1024 -1024 32 ) (-1024 -1024 -176 ) (-1024 -1344 -176 ) (-1024 -1344 32 ) 
4 133 136 (-1024 -1344 -176 ) (-1024 -1024 -176 ) (-64 -1024 -176 ) (-64 -1344 -176 ) 
4 133 134 (-1024 -1344 -176 ) (-64 -1344 -176 ) (-64 -1344 32 ) (-1024 -1344 32 ) 
4 134 142 (-1024 -1344 -176 ) (-1024 -1376 -176 ) (-1024 -1376 32 ) (-1024 -1344 32 ) 
4 134 139 (-496 -1376 32 ) (-1024 -1376 32 ) (-1024 -1376 -176 ) (-496 -1376 -176 ) 
4 134 138 (-64 -1376 32 ) (-496 -1376 32 ) (-496 -1376 -176 ) (-64 -1376 -176 ) 
4 134 136 (-64 -1376 -176 ) (-1024 -1376 -176 ) (-1024 -1344 -176 ) (-64 -1344 -176 ) 
4 135 140 (0 -1376 -432 ) (0 -1376 -336 ) (-64 -1376 -336 ) (-64 -1376 -432 ) 
4 135 136 (-64 -1024 -432 ) (-64 -1376 -432 ) (-64 -1376 -336 ) (-64 -1024 -336 ) 
4 136 142 (-1024 -1024 -176 ) (-1024 -1024 -432 ) (-1024 -1376 -432 ) (-1024 -1376 -176 ) 
4 136 140 (-1024 -1376 -256 ) (-1024 -1376 -432 ) (-64 -1376 -432 ) (-64 -1376 -256 ) 
4 136 139 (-496 -1376 -176 ) (-1024 -1376 -176 ) (-1024 -1376 -256 ) (-496 -1376 -256 ) 
4 136 138 (-64 -1376 -176 ) (-496 -1376 -176 ) (-496 -1376 -256 ) (-64 -1376 -256 ) 
4 137 145 (0 -2048 320 ) (0 -2048 496 ) (-1024 -2048 496 ) (-1024 -2048 320 ) 
4 137 141 (-1024 -2048 320 ) (-1024 -2048 496 ) (-1024 -1376 496 ) (-1024 -1376 320 ) 
4 137 139 (-1024 -1536 320 ) (-1024 -1376 320 ) (-496 -1376 320 ) (-496 -1536 320 ) 
4 137 138 (-496 -1856 320 ) (-496 -1376 320 ) (0 -1376 320 ) (0 -1856 320 ) 
4 138 140 (-496 -1376 -256 ) (0 -1376 -256 ) (0 -1856 -256 ) (-496 -1856 -256 ) 
4 138 139 (-496 -1376 -256 ) (-496 -1536 -256 ) (-496 -1536 320 ) (-496 -1376 320 ) 
4 139 142 (-1024 -1536 320 ) (-1024 -1376 320 ) (-1024 -1376 -256 ) (-1024 -1536 -256 ) 
4 139 140 (-1024 -1536 -256 ) (-1024 -1376 -256 ) (-496 -1376 -256 ) (-496 -1536 -256 ) 
4 140 145 (0 -2048 -432 ) (0 -2048 -256 ) (-1024 -2048 -256 ) (-1024 -2048 -432 ) 
4 140 143 (-1024 -2048 -432 ) (-1024 -2048 -256 ) (-1024 -1536 -256 ) (-1024 -1536 -432 ) 
4 140 142 (-1024 -1536 -256 ) (-1024 -1376 -256 ) (-1024 -1376 -432 ) (-1024 -1536 -432 ) 
4 141 146 (-1024 -2048 320 ) (-1024 -2048 496 ) (-1728 -2048 496 ) (-1728 -2048 320 ) 
4 141 142 (-1280 -1536 320 ) (-1280 -1024 320 ) (-1024 -1024 320 ) (-1024 -1536 320 ) 
4 141 144 (-1280 -2048 320 ) (-1728 -2048 320 ) (-1728 -1024 320 ) (-1280 -1024 320 ) 
4 142 143 (-1280 -1536 -256 ) (-1280 -1536 -432 ) (-1024 -1536 -432 ) (-1024 -1536 -256 ) 
4 142 144 (-1280 -1024 -432 ) (-1280 -1536 -432 ) (-1280 -1536 320 ) (-1280 -1024 320 ) 
4 143 146 (-1024 -2048 -432 ) (-1024 -2048 -256 ) (-1280 -2048 -256 ) (-1280 -2048 -432 ) 
4 143 144 (-1280 -1536 -432 ) (-1280 -2048 -432 ) (-1280 -2048 -256 ) (-1280 -1536 -256 ) 
4 144 146 (-1280 -2048 320 ) (-1728 -2048 320 ) (-1728 -2048 -432 ) (-1280 -2048 -432 ) 
4 145 146 (-1024 -2048 496 ) (-1024 -2048 -432 ) (-1024 -2368 -432 ) (-1024 -2368 496 ) 
