


materialPath: D:\Program Files (x86)\Steam\steamapps\common\Team Fortress 2\tf\materials
Loading D:\Documents\Mapping\tf2\TF2-Maps\Andromeda\a1\pl_andromeda_a1.vmf
Patching WVT material: maps/pl_andromeda_a1/maritime/concrete/blendfloortograss_wvt_patch
Patching WVT material: maps/pl_andromeda_a1/maritime/nature/blenddirttograss_wvt_patch
Patching WVT material: maps/pl_andromeda_a1/maritime/nature/blendgroundtodirt_wvt_patch
Patching WVT material: maps/pl_andromeda_a1/maritime/nature/blendrocktoground_wvt_patch
fixing up env_cubemap materials on brush sides...
0...1...2...3...4...5...6...7...8...9...100...1...2...3...4...5...6...7...8...9...10Processing areas...done (0)
Building Faces...done (0)
Chop Details...done (0)
Find Visible Detail Sides...
Merged 16 detail faces...done (0)
Merging details...done (0)
FixTjuncs...
PruneNodes...
WriteBSP...
done (0)
writing D:\Documents\Mapping\tf2\TF2-Maps\Andromeda\a1\pl_andromeda_a1.prt...Building visibility clusters...
done (0)
*** Error: Skybox vtf files for skybox/sky_granary_01 weren't compiled with the same size texture and/or same flags!
Can't load skybox file skybox/sky_granary_01 to build the default cubemap!
*** Error: Skybox vtf files for skybox/sky_granary_01 weren't compiled with the same size texture and/or same flags!
Can't load skybox file skybox/sky_granary_01 to build the default cubemap!
Finding displacement neighbors...
Found a displacement edge abutting multiple other edges.
Finding lightmap sample positions...
Displacement Alpha : 0...1...2...3...4...5...6...7...8...9...10
Building Physics collision data...
Displacement 20 has bad geometry near -192.00 256.00 -52.13
Can't compile displacement physics, exiting.  Texture is MARITIME/NATURE/BLENDDIRTTOGRASS



materialPath: D:\Program Files (x86)\Steam\steamapps\common\Team Fortress 2\tf\materials
Loading D:\Documents\Mapping\tf2\TF2-Maps\Andromeda\a1\pl_andromeda_a1.vmf
Patching WVT material: maps/pl_andromeda_a1/maritime/concrete/blendfloortograss_wvt_patch
Patching WVT material: maps/pl_andromeda_a1/maritime/nature/blenddirttograss_wvt_patch
Patching WVT material: maps/pl_andromeda_a1/maritime/nature/blendgroundtodirt_wvt_patch
Patching WVT material: maps/pl_andromeda_a1/maritime/nature/blendrocktoground_wvt_patch
fixing up env_cubemap materials on brush sides...
0...1...2...3...4...5...6...7...8...9...100...1...2...3...4...5...6...7...8...9...10Processing areas...done (0)
Building Faces...done (0)
Chop Details...done (0)
Find Visible Detail Sides...
Merged 16 detail faces...done (0)
Merging details...done (0)
FixTjuncs...
PruneNodes...
WriteBSP...
done (0)
writing D:\Documents\Mapping\tf2\TF2-Maps\Andromeda\a1\pl_andromeda_a1.prt...Building visibility clusters...
done (0)
*** Error: Skybox vtf files for skybox/sky_granary_01 weren't compiled with the same size texture and/or same flags!
Can't load skybox file skybox/sky_granary_01 to build the default cubemap!
*** Error: Skybox vtf files for skybox/sky_granary_01 weren't compiled with the same size texture and/or same flags!
Can't load skybox file skybox/sky_granary_01 to build the default cubemap!
Finding displacement neighbors...
Found a displacement edge abutting multiple other edges.
Finding lightmap sample positions...
Displacement Alpha : 0...1...2...3...4...5...6...7...8...9...10
Building Physics collision data...
Displacement 19 has bad geometry near -192.00 256.00 -52.13
Can't compile displacement physics, exiting.  Texture is MARITIME/NATURE/BLENDDIRTTOGRASS



materialPath: D:\Program Files (x86)\Steam\steamapps\common\Team Fortress 2\tf\materials
Loading D:\Documents\Mapping\tf2\TF2-Maps\Andromeda\a1\pl_andromeda_a1.vmf
Patching WVT material: maps/pl_andromeda_a1/maritime/concrete/blendfloortograss_wvt_patch
Patching WVT material: maps/pl_andromeda_a1/maritime/nature/blendgroundtodirt_wvt_patch
Patching WVT material: maps/pl_andromeda_a1/maritime/nature/blendrocktoground_wvt_patch
Patching WVT material: maps/pl_andromeda_a1/maritime/nature/blenddirttograss_wvt_patch
fixing up env_cubemap materials on brush sides...
0...1...2...3...4...5...6...7...8...9...100...1...2...3...4...5...6...7...8...9...10Processing areas...done (0)
Building Faces...done (0)
Chop Details...done (0)
Find Visible Detail Sides...
Merged 16 detail faces...done (0)
Merging details...done (0)
FixTjuncs...
PruneNodes...
WriteBSP...
done (0)
writing D:\Documents\Mapping\tf2\TF2-Maps\Andromeda\a1\pl_andromeda_a1.prt...Building visibility clusters...
done (0)
*** Error: Skybox vtf files for skybox/sky_granary_01 weren't compiled with the same size texture and/or same flags!
Can't load skybox file skybox/sky_granary_01 to build the default cubemap!
*** Error: Skybox vtf files for skybox/sky_granary_01 weren't compiled with the same size texture and/or same flags!
Can't load skybox file skybox/sky_granary_01 to build the default cubemap!
Finding displacement neighbors...
Found a displacement edge abutting multiple other edges.
Finding lightmap sample positions...
Displacement Alpha : 0...1...2...3...4...5...6...7...8...9...10
Building Physics collision data...
done (0) (38267 bytes)
Placing detail props : 0...1...2...3...4...5...6...7...8...9...10
Compacting texture/material tables...
Reduced 176 texinfos to 97
Reduced 19 texdatas to 15 (650 bytes to 389)
Writing D:\Documents\Mapping\tf2\TF2-Maps\Andromeda\a1\pl_andromeda_a1.bsp
MSG_FILEWRITE - Filesystem was asked to write to 'D:\Documents\Mapping\tf2\TF2-Maps\Andromeda\a1\pl_andromeda_a1.bsp', but we don't own that location. Allowing.
Wrote ZIP buffer, estimated size 1973, actual size 1491
2 seconds elapsed



4 threads
reading d:\documents\mapping\tf2\tf2-maps\andromeda\a1\pl_andromeda_a1.bsp
reading d:\documents\mapping\tf2\tf2-maps\andromeda\a1\pl_andromeda_a1.prt
 161 portalclusters
 513 numportals
0...1...2...3...4...5...6...7...8...9...100...1...2...3...4...5...6...7...8...9...10Optimized: 32 visible clusters (0.15%)
Total clusters visible: 21885
Average clusters visible: 135
Building PAS...
Average clusters audible: 161
visdatasize:8055  compressed from 7728
writing d:\documents\mapping\tf2\tf2-maps\andromeda\a1\pl_andromeda_a1.bsp
MSG_FILEWRITE - Filesystem was asked to write to 'd:\documents\mapping\tf2\tf2-maps\andromeda\a1\pl_andromeda_a1.bsp', but we don't own that location. Allowing.
0 seconds elapsed



[Reading texlights from 'lights.rad']
[56 texlights parsed from 'lights.rad']

Loading d:\documents\mapping\tf2\tf2-maps\andromeda\a1\pl_andromeda_a1.bsp
694 faces
288427 square feet [41533564.00 square inches]
120 Displacements
52025 Square Feet [7491637.00 Square Inches]
694 patches before subdivision
15722 patches after subdivision
2 direct lights
0...1...2...3...4...5...6...7...8...9...100...1...2...3...4...5...6...7...8...9...10transfers 565278, max 376
transfer lists:   4.3 megs
0...1...2...3...4...5...6...7...8...9...10	Bounce #1 added RGB(78872, 61252, 56432)
0...1...2...3...4...5...6...7...8...9...10	Bounce #2 added RGB(17364, 12905, 11203)
0...1...2...3...4...5...6...7...8...9...10	Bounce #3 added RGB(4968, 3636, 3070)
0...1...2...3...4...5...6...7...8...9...10	Bounce #4 added RGB(1676, 1219, 1017)
0...1...2...3...4...5...6...7...8...9...10	Bounce #5 added RGB(661, 484, 404)
0...1...2...3...4...5...6...7...8...9...10	Bounce #6 added RGB(290, 214, 180)
0...1...2...3...4...5...6...7...8...9...10	Bounce #7 added RGB(139, 104, 88)
0...1...2...3...4...5...6...7...8...9...10	Bounce #8 added RGB(70, 53, 45)
0...1...2...3...4...5...6...7...8...9...10	Bounce #9 added RGB(37, 28, 24)
0...1...2...3...4...5...6...7...8...9...10	Bounce #10 added RGB(20, 15, 13)
0...1...2...3...4...5...6...7...8...9...10	Bounce #11 added RGB(11, 8, 7)
0...1...2...3...4...5...6...7...8...9...10	Bounce #12 added RGB(6, 4, 4)
0...1...2...3...4...5...6...7...8...9...10	Bounce #13 added RGB(3, 2, 2)
0...1...2...3...4...5...6...7...8...9...10	Bounce #14 added RGB(2, 1, 1)
0...1...2...3...4...5...6...7...8...9...10	Bounce #15 added RGB(1, 1, 1)
Build Patch/Sample Hash Table(s).....Done<0.0043 sec>
0...1...2...3...4...5...6...7...8...9...10FinalLightFace Done
0 of 0 (0% of) surface lights went in leaf ambient cubes.
0...1...2...3...4...5...6...7...8...9...10Writing leaf ambient...done
Ready to Finish

Object names       Objects/Maxobjs  Memory / Maxmem  Fullness 
------------       ---------------  ---------------  -------- 
models                   1/1024           48/49152    ( 0.1%) 
brushes                108/8192         1296/98304    ( 1.3%) 
brushsides             692/65536        5536/524288   ( 1.1%) 
planes                 354/65536        7080/1310720  ( 0.5%) 
vertexes              1042/65536       12504/786432   ( 1.6%) 
nodes                  367/65536       11744/2097152  ( 0.6%) 
texinfos                97/12288        6984/884736   ( 0.8%) 
texdata                 15/2048          480/65536    ( 0.7%) 
dispinfos              120/0           21120/0        ( 0.0%) 
disp_verts            9720/0          194400/0        ( 0.0%) 
disp_tris            15360/0           30720/0        ( 0.0%) 
disp_lmsamples      152280/0          152280/0        ( 0.0%) 
faces                  694/65536       38864/3670016  ( 1.1%) 
hdr faces                0/65536           0/3670016  ( 0.0%) 
origfaces              459/65536       25704/3670016  ( 0.7%) 
leaves                 369/65536       11808/2097152  ( 0.6%) 
leaffaces              654/65536        1308/131072   ( 1.0%) 
leafbrushes            285/65536         570/131072   ( 0.4%) 
areas                    2/256            16/2048     ( 0.8%) 
surfedges             5085/512000      20340/2048000  ( 1.0%) 
edges                 2947/256000      11788/1024000  ( 1.2%) 
LDR worldlights          2/8192          176/720896   ( 0.0%) 
HDR worldlights          0/8192            0/720896   ( 0.0%) 
leafwaterdata            0/32768           0/393216   ( 0.0%) 
waterstrips             54/32768         540/327680   ( 0.2%) 
waterverts               0/65536           0/786432   ( 0.0%) 
waterindices           897/65536        1794/131072   ( 1.4%) 
cubemapsamples           0/1024            0/16384    ( 0.0%) 
overlays                 2/512           704/180224   ( 0.4%) 
LDR lightdata         [variable]      410316/0        ( 0.0%) 
HDR lightdata         [variable]           0/0        ( 0.0%) 
visdata               [variable]        8055/16777216 ( 0.0%) 
entdata               [variable]        1232/393216   ( 0.3%) 
LDR ambient table      369/65536        1476/262144   ( 0.6%) 
HDR ambient table      369/65536        1476/262144   ( 0.6%) 
LDR leaf ambient      2158/65536       60424/1835008  ( 3.3%) 
HDR leaf ambient       369/65536       10332/1835008  ( 0.6%) 
occluders                0/0               0/0        ( 0.0%) 
occluder polygons        0/0               0/0        ( 0.0%) 
occluder vert ind        0/0               0/0        ( 0.0%) 
detail props          [variable]           1/12       ( 8.3%) 
static props          [variable]           1/6092     ( 0.0%) 
pakfile               [variable]        1491/0        ( 0.0%) 
physics               [variable]       38267/4194304  ( 0.9%) 
physics terrain       [variable]       21426/1048576  ( 2.0%) 

Level flags = 0

Total triangle count: 1860
Writing d:\documents\mapping\tf2\tf2-maps\andromeda\a1\pl_andromeda_a1.bsp
4 seconds elapsed



materialPath: D:\Program Files (x86)\Steam\steamapps\common\Team Fortress 2\tf\materials
Loading D:\Documents\Mapping\tf2\TF2-Maps\Andromeda\a1\pl_andromeda_a1.vmf
Patching WVT material: maps/pl_andromeda_a1/maritime/nature/blendrocktograss_wvt_patch
Patching WVT material: maps/pl_andromeda_a1/maritime/nature/blenddirttograss_wvt_patch
fixing up env_cubemap materials on brush sides...
0...1...2...3...4...5...6...7...8...9...100...1...2...3...4...5...6...7...8...9...10Processing areas...done (0)
Building Faces...done (0)
Chop Details...done (0)
Find Visible Detail Sides...
Merged 68 detail faces...done (0)
Merging details...done (0)
FixTjuncs...
PruneNodes...
WriteBSP...
done (0)
writing D:\Documents\Mapping\tf2\TF2-Maps\Andromeda\a1\pl_andromeda_a1.prt...Building visibility clusters...
done (0)
*** Error: Skybox vtf files for skybox/sky_earlymorning_02 weren't compiled with the same size texture and/or same flags!
Can't load skybox file skybox/sky_earlymorning_02 to build the default cubemap!
*** Error: Skybox vtf files for skybox/sky_earlymorning_02 weren't compiled with the same size texture and/or same flags!
Can't load skybox file skybox/sky_earlymorning_02 to build the default cubemap!
Finding displacement neighbors...
Finding lightmap sample positions...
Displacement Alpha : 0...1...2...3...4...5...6...7...8...9...10
Building Physics collision data...
Displacement 1 has bad geometry near -501.13 -1024.00 -256.00
Can't compile displacement physics, exiting.  Texture is MARITIME/NATURE/BLENDROCKTOGRASS



materialPath: D:\Program Files (x86)\Steam\steamapps\common\Team Fortress 2\tf\materials
Loading D:\Documents\Mapping\tf2\TF2-Maps\Andromeda\a1\pl_andromeda_a1.vmf
Patching WVT material: maps/pl_andromeda_a1/maritime/nature/blenddirttograss_wvt_patch
fixing up env_cubemap materials on brush sides...
0...1...2...3...4...5...6...7...8...9...100...1...2...3...4...5...6...7...8...9...10Processing areas...done (0)
Building Faces...done (0)
Chop Details...done (0)
Find Visible Detail Sides...
Merged 68 detail faces...done (0)
Merging details...done (0)
FixTjuncs...
PruneNodes...
WriteBSP...
done (0)
writing D:\Documents\Mapping\tf2\TF2-Maps\Andromeda\a1\pl_andromeda_a1.prt...Building visibility clusters...
done (0)
*** Error: Skybox vtf files for skybox/sky_earlymorning_02 weren't compiled with the same size texture and/or same flags!
Can't load skybox file skybox/sky_earlymorning_02 to build the default cubemap!
*** Error: Skybox vtf files for skybox/sky_earlymorning_02 weren't compiled with the same size texture and/or same flags!
Can't load skybox file skybox/sky_earlymorning_02 to build the default cubemap!
Finding displacement neighbors...
Finding lightmap sample positions...
Displacement Alpha : 0...1...2...3...4...5...6...7...8...9...10
Building Physics collision data...
done (0) (39319 bytes)
Error! To use model "models/player/hwm/sniper.mdl"
      with prop_static, it must be compiled with $staticprop!
Error loading studio model "models/player/hwm/sniper.mdl"!
Error! To use model "models/player/hwm/demo.mdl"
      with prop_static, it must be compiled with $staticprop!
Error loading studio model "models/player/hwm/demo.mdl"!
Placing detail props : 0...1...2...3...4...5...6...7...8...9...10
Compacting texture/material tables...
Reduced 78 texinfos to 57
Reduced 14 texdatas to 13 (386 bytes to 322)
Writing D:\Documents\Mapping\tf2\TF2-Maps\Andromeda\a1\pl_andromeda_a1.bsp
MSG_FILEWRITE - Filesystem was asked to write to 'D:\Documents\Mapping\tf2\TF2-Maps\Andromeda\a1\pl_andromeda_a1.bsp', but we don't own that location. Allowing.
Wrote ZIP buffer, estimated size 530, actual size 450
2 seconds elapsed



4 threads
reading d:\documents\mapping\tf2\tf2-maps\andromeda\a1\pl_andromeda_a1.bsp
reading d:\documents\mapping\tf2\tf2-maps\andromeda\a1\pl_andromeda_a1.prt
 147 portalclusters
 494 numportals
0...1...2...3...4...5...6...7...8...9...100...1...2...3...4...5...6...7...8...9...10Optimized: 10 visible clusters (0.06%)
Total clusters visible: 16701
Average clusters visible: 113
Building PAS...
Average clusters audible: 147
visdatasize:6795  compressed from 7056
writing d:\documents\mapping\tf2\tf2-maps\andromeda\a1\pl_andromeda_a1.bsp
MSG_FILEWRITE - Filesystem was asked to write to 'd:\documents\mapping\tf2\tf2-maps\andromeda\a1\pl_andromeda_a1.bsp', but we don't own that location. Allowing.
1 second elapsed



[Reading texlights from 'lights.rad']
[56 texlights parsed from 'lights.rad']

Loading d:\documents\mapping\tf2\tf2-maps\andromeda\a1\pl_andromeda_a1.bsp
622 faces
296771 square feet [42735132.00 square inches]
49 Displacements
22322 Square Feet [3214393.50 Square Inches]
622 patches before subdivision
12468 patches after subdivision
2 direct lights
0...1...2...3...4...5...6...7...8...9...100...1...2...3...4...5...6...7...8...9...10transfers 519234, max 270
transfer lists:   4.0 megs
0...1...2...3...4...5...6...7...8...9...10	Bounce #1 added RGB(77404, 32480, 21106)
0...1...2...3...4...5...6...7...8...9...10	Bounce #2 added RGB(16584, 6494, 4043)
0...1...2...3...4...5...6...7...8...9...10	Bounce #3 added RGB(4192, 1480, 891)
0...1...2...3...4...5...6...7...8...9...10	Bounce #4 added RGB(1226, 390, 235)
0...1...2...3...4...5...6...7...8...9...10	Bounce #5 added RGB(394, 111, 69)
0...1...2...3...4...5...6...7...8...9...10	Bounce #6 added RGB(139, 35, 23)
0...1...2...3...4...5...6...7...8...9...10	Bounce #7 added RGB(53, 12, 8)
0...1...2...3...4...5...6...7...8...9...10	Bounce #8 added RGB(21, 4, 3)
0...1...2...3...4...5...6...7...8...9...10	Bounce #9 added RGB(9, 2, 1)
0...1...2...3...4...5...6...7...8...9...10	Bounce #10 added RGB(4, 1, 1)
0...1...2...3...4...5...6...7...8...9...10	Bounce #11 added RGB(2, 0, 0)
0...1...2...3...4...5...6...7...8...9...10	Bounce #12 added RGB(1, 0, 0)
Build Patch/Sample Hash Table(s).....Done<0.0035 sec>
0...1...2...3...4...5...6...7...8...9...10FinalLightFace Done
0 of 0 (0% of) surface lights went in leaf ambient cubes.
0...1...2...3...4...5...6...7...8...9...10Writing leaf ambient...done
Ready to Finish

Object names       Objects/Maxobjs  Memory / Maxmem  Fullness 
------------       ---------------  ---------------  -------- 
models                  11/1024          528/49152    ( 1.1%) 
brushes                106/8192         1272/98304    ( 1.3%) 
brushsides             661/65536        5288/524288   ( 1.0%) 
planes                 376/65536        7520/1310720  ( 0.6%) 
vertexes               875/65536       10500/786432   ( 1.3%) 
nodes                  345/65536       11040/2097152  ( 0.5%) 
texinfos                57/12288        4104/884736   ( 0.5%) 
texdata                 13/2048          416/65536    ( 0.6%) 
dispinfos               49/0            8624/0        ( 0.0%) 
disp_verts            3969/0           79380/0        ( 0.0%) 
disp_tris             6272/0           12544/0        ( 0.0%) 
disp_lmsamples       63504/0           63504/0        ( 0.0%) 
faces                  622/65536       34832/3670016  ( 0.9%) 
hdr faces                0/65536           0/3670016  ( 0.0%) 
origfaces              455/65536       25480/3670016  ( 0.7%) 
leaves                 357/65536       11424/2097152  ( 0.5%) 
leaffaces              674/65536        1348/131072   ( 1.0%) 
leafbrushes            186/65536         372/131072   ( 0.3%) 
areas                    2/256            16/2048     ( 0.8%) 
surfedges             4748/512000      18992/2048000  ( 0.9%) 
edges                 2741/256000      10964/1024000  ( 1.1%) 
LDR worldlights          2/8192          176/720896   ( 0.0%) 
HDR worldlights          0/8192            0/720896   ( 0.0%) 
leafwaterdata            0/32768           0/393216   ( 0.0%) 
waterstrips             51/32768         510/327680   ( 0.2%) 
waterverts               0/65536           0/786432   ( 0.0%) 
waterindices           846/65536        1692/131072   ( 1.3%) 
cubemapsamples           0/1024            0/16384    ( 0.0%) 
overlays                 4/512          1408/180224   ( 0.8%) 
LDR lightdata         [variable]      310492/0        ( 0.0%) 
HDR lightdata         [variable]           0/0        ( 0.0%) 
visdata               [variable]        6795/16777216 ( 0.0%) 
entdata               [variable]       12514/393216   ( 3.2%) 
LDR ambient table      357/65536        1428/262144   ( 0.5%) 
HDR ambient table      357/65536        1428/262144   ( 0.5%) 
LDR leaf ambient      1912/65536       53536/1835008  ( 2.9%) 
HDR leaf ambient       357/65536        9996/1835008  ( 0.5%) 
occluders                0/0               0/0        ( 0.0%) 
occluder polygons        0/0               0/0        ( 0.0%) 
occluder vert ind        0/0               0/0        ( 0.0%) 
detail props          [variable]           1/12       ( 8.3%) 
static props          [variable]           1/6518     ( 0.0%) 
pakfile               [variable]         450/0        ( 0.0%) 
physics               [variable]       39319/4194304  ( 0.9%) 
physics terrain       [variable]        5343/1048576  ( 0.5%) 

Level flags = 0

Total triangle count: 1686
Writing d:\documents\mapping\tf2\tf2-maps\andromeda\a1\pl_andromeda_a1.bsp
3 seconds elapsed



materialPath: D:\Program Files (x86)\Steam\steamapps\common\Team Fortress 2\tf\materials
Loading D:\Documents\Mapping\tf2\TF2-Maps\Andromeda\a1\pl_andromeda_a1.vmf
Patching WVT material: maps/pl_andromeda_a1/maritime/nature/blenddirttograss_wvt_patch
Patching WVT material: maps/pl_andromeda_a1/maritime/nature/blendrocktograss_wvt_patch
fixing up env_cubemap materials on brush sides...
0...1...2...3...4...5...6...7...8...9...100...1...2...3...4...5...6...7...8...9...10Processing areas...done (0)
Building Faces...done (0)
Chop Details...done (0)
Find Visible Detail Sides...
Merged 68 detail faces...done (0)
Merging details...done (0)
FixTjuncs...
PruneNodes...
WriteBSP...
done (0)
writing D:\Documents\Mapping\tf2\TF2-Maps\Andromeda\a1\pl_andromeda_a1.prt...Building visibility clusters...
done (0)
*** Error: Skybox vtf files for skybox/sky_earlymorning_02 weren't compiled with the same size texture and/or same flags!
Can't load skybox file skybox/sky_earlymorning_02 to build the default cubemap!
*** Error: Skybox vtf files for skybox/sky_earlymorning_02 weren't compiled with the same size texture and/or same flags!
Can't load skybox file skybox/sky_earlymorning_02 to build the default cubemap!
Finding displacement neighbors...
Finding lightmap sample positions...
Displacement Alpha : 0...1...2...3...4...5...6...7...8...9...10
Building Physics collision data...
Displacement 50 has bad geometry near -501.13 -1024.00 -256.00
Can't compile displacement physics, exiting.  Texture is MARITIME/NATURE/BLENDROCKTOGRASS



materialPath: D:\Program Files (x86)\Steam\steamapps\common\Team Fortress 2\tf\materials
Loading D:\Documents\Mapping\tf2\TF2-Maps\Andromeda\a1\pl_andromeda_a1.vmf
Patching WVT material: maps/pl_andromeda_a1/maritime/nature/blenddirttograss_wvt_patch
Patching WVT material: maps/pl_andromeda_a1/maritime/nature/blendrocktograss_wvt_patch
fixing up env_cubemap materials on brush sides...
0...1...2...3...4...5...6...7...8...9...100...1...2...3...4...5...6...7...8...9...10Processing areas...done (0)
Building Faces...done (0)
Chop Details...done (0)
Find Visible Detail Sides...
Merged 68 detail faces...done (0)
Merging details...done (0)
FixTjuncs...
PruneNodes...
WriteBSP...
done (0)
writing D:\Documents\Mapping\tf2\TF2-Maps\Andromeda\a1\pl_andromeda_a1.prt...Building visibility clusters...
done (0)
*** Error: Skybox vtf files for skybox/sky_earlymorning_02 weren't compiled with the same size texture and/or same flags!
Can't load skybox file skybox/sky_earlymorning_02 to build the default cubemap!
*** Error: Skybox vtf files for skybox/sky_earlymorning_02 weren't compiled with the same size texture and/or same flags!
Can't load skybox file skybox/sky_earlymorning_02 to build the default cubemap!
Finding displacement neighbors...
Finding lightmap sample positions...
Displacement Alpha : 0...1...2...3...4...5...6...7...8...9...10
Building Physics collision data...
Displacement 50 has bad geometry near -501.13 -1024.00 -256.00
Can't compile displacement physics, exiting.  Texture is MARITIME/NATURE/BLENDROCKTOGRASS



materialPath: D:\Program Files (x86)\Steam\steamapps\common\Team Fortress 2\tf\materials
Loading D:\Documents\Mapping\tf2\TF2-Maps\Andromeda\a1\pl_andromeda_a1.vmf
Patching WVT material: maps/pl_andromeda_a1/maritime/nature/blenddirttograss_wvt_patch
Patching WVT material: maps/pl_andromeda_a1/maritime/nature/blendrocktograss_wvt_patch
fixing up env_cubemap materials on brush sides...
0...1...2...3...4...5...6...7...8...9...100...1...2...3...4...5...6...7...8...9...10Processing areas...done (0)
Building Faces...done (0)
Chop Details...done (0)
Find Visible Detail Sides...
Merged 68 detail faces...done (0)
Merging details...done (0)
FixTjuncs...
PruneNodes...
WriteBSP...
done (0)
writing D:\Documents\Mapping\tf2\TF2-Maps\Andromeda\a1\pl_andromeda_a1.prt...Building visibility clusters...
done (0)
*** Error: Skybox vtf files for skybox/sky_earlymorning_02 weren't compiled with the same size texture and/or same flags!
Can't load skybox file skybox/sky_earlymorning_02 to build the default cubemap!
*** Error: Skybox vtf files for skybox/sky_earlymorning_02 weren't compiled with the same size texture and/or same flags!
Can't load skybox file skybox/sky_earlymorning_02 to build the default cubemap!
Finding displacement neighbors...
Finding lightmap sample positions...
Displacement Alpha : 0...1...2...3...4...5...6...7...8...9...10
Building Physics collision data...
done (0) (41351 bytes)
Error! To use model "models/player/hwm/sniper.mdl"
      with prop_static, it must be compiled with $staticprop!
Error loading studio model "models/player/hwm/sniper.mdl"!
Error! To use model "models/player/hwm/demo.mdl"
      with prop_static, it must be compiled with $staticprop!
Error loading studio model "models/player/hwm/demo.mdl"!
Placing detail props : 0...1...2...3...4...5...6...7...8...9...10
Compacting texture/material tables...
Reduced 98 texinfos to 64
Reduced 16 texdatas to 16 (483 bytes to 483)
Writing D:\Documents\Mapping\tf2\TF2-Maps\Andromeda\a1\pl_andromeda_a1.bsp
MSG_FILEWRITE - Filesystem was asked to write to 'D:\Documents\Mapping\tf2\TF2-Maps\Andromeda\a1\pl_andromeda_a1.bsp', but we don't own that location. Allowing.
Wrote ZIP buffer, estimated size 1063, actual size 849
3 seconds elapsed



4 threads
reading d:\documents\mapping\tf2\tf2-maps\andromeda\a1\pl_andromeda_a1.bsp
reading d:\documents\mapping\tf2\tf2-maps\andromeda\a1\pl_andromeda_a1.prt
 155 portalclusters
 528 numportals
0...1...2...3...4...5...6...7...8...9...100...1...2...3...4...5...6...7...8...9...10Optimized: 13 visible clusters (0.07%)
Total clusters visible: 18496
Average clusters visible: 119
Building PAS...
Average clusters audible: 155
visdatasize:7464  compressed from 7440
writing d:\documents\mapping\tf2\tf2-maps\andromeda\a1\pl_andromeda_a1.bsp
MSG_FILEWRITE - Filesystem was asked to write to 'd:\documents\mapping\tf2\tf2-maps\andromeda\a1\pl_andromeda_a1.bsp', but we don't own that location. Allowing.
1 second elapsed



[Reading texlights from 'lights.rad']
[56 texlights parsed from 'lights.rad']

Loading d:\documents\mapping\tf2\tf2-maps\andromeda\a1\pl_andromeda_a1.bsp
655 faces
307865 square feet [44332572.00 square inches]
61 Displacements
27796 Square Feet [4002739.50 Square Inches]
655 patches before subdivision
15529 patches after subdivision
2 direct lights
0...1...2...3...4...5...6...7...8...9...100...1...2...3...4...5...6...7...8...9...10transfers 630493, max 276
transfer lists:   4.8 megs
0...1...2...3...4...5...6...7...8...9...10	Bounce #1 added RGB(92637, 38404, 24692)
0...1...2...3...4...5...6...7...8...9...10	Bounce #2 added RGB(18603, 7303, 4537)
0...1...2...3...4...5...6...7...8...9...10	Bounce #3 added RGB(4571, 1626, 976)
0...1...2...3...4...5...6...7...8...9...10	Bounce #4 added RGB(1314, 424, 255)
0...1...2...3...4...5...6...7...8...9...10	Bounce #5 added RGB(415, 119, 73)
0...1...2...3...4...5...6...7...8...9...10	Bounce #6 added RGB(144, 37, 24)
0...1...2...3...4...5...6...7...8...9...10	Bounce #7 added RGB(54, 13, 8)
0...1...2...3...4...5...6...7...8...9...10	Bounce #8 added RGB(21, 5, 3)
0...1...2...3...4...5...6...7...8...9...10	Bounce #9 added RGB(9, 2, 1)
0...1...2...3...4...5...6...7...8...9...10	Bounce #10 added RGB(4, 1, 1)
0...1...2...3...4...5...6...7...8...9...10	Bounce #11 added RGB(2, 0, 0)
0...1...2...3...4...5...6...7...8...9...10	Bounce #12 added RGB(1, 0, 0)
Build Patch/Sample Hash Table(s).....Done<0.0036 sec>
0...1...2...3...4...5...6...7...8...9...10FinalLightFace Done
0 of 0 (0% of) surface lights went in leaf ambient cubes.
0...1...2...3...4...5...6...7...8...9...10Writing leaf ambient...done
Ready to Finish

Object names       Objects/Maxobjs  Memory / Maxmem  Fullness 
------------       ---------------  ---------------  -------- 
models                  11/1024          528/49152    ( 1.1%) 
brushes                112/8192         1344/98304    ( 1.4%) 
brushsides             697/65536        5576/524288   ( 1.1%) 
planes                 380/65536        7600/1310720  ( 0.6%) 
vertexes               940/65536       11280/786432   ( 1.4%) 
nodes                  355/65536       11360/2097152  ( 0.5%) 
texinfos                64/12288        4608/884736   ( 0.5%) 
texdata                 16/2048          512/65536    ( 0.8%) 
dispinfos               61/0           10736/0        ( 0.0%) 
disp_verts            4941/0           98820/0        ( 0.0%) 
disp_tris             7808/0           15616/0        ( 0.0%) 
disp_lmsamples       79056/0           79056/0        ( 0.0%) 
faces                  655/65536       36680/3670016  ( 1.0%) 
hdr faces                0/65536           0/3670016  ( 0.0%) 
origfaces              479/65536       26824/3670016  ( 0.7%) 
leaves                 367/65536       11744/2097152  ( 0.6%) 
leaffaces              702/65536        1404/131072   ( 1.1%) 
leafbrushes            192/65536         384/131072   ( 0.3%) 
areas                    2/256            16/2048     ( 0.8%) 
surfedges             5013/512000      20052/2048000  ( 1.0%) 
edges                 2906/256000      11624/1024000  ( 1.1%) 
LDR worldlights          2/8192          176/720896   ( 0.0%) 
HDR worldlights          0/8192            0/720896   ( 0.0%) 
leafwaterdata            0/32768           0/393216   ( 0.0%) 
waterstrips             61/32768         610/327680   ( 0.2%) 
waterverts               0/65536           0/786432   ( 0.0%) 
waterindices           972/65536        1944/131072   ( 1.5%) 
cubemapsamples           0/1024            0/16384    ( 0.0%) 
overlays                 4/512          1408/180224   ( 0.8%) 
LDR lightdata         [variable]      354192/0        ( 0.0%) 
HDR lightdata         [variable]           0/0        ( 0.0%) 
visdata               [variable]        7464/16777216 ( 0.0%) 
entdata               [variable]       12514/393216   ( 3.2%) 
LDR ambient table      367/65536        1468/262144   ( 0.6%) 
HDR ambient table      367/65536        1468/262144   ( 0.6%) 
LDR leaf ambient      2025/65536       56700/1835008  ( 3.1%) 
HDR leaf ambient       367/65536       10276/1835008  ( 0.6%) 
occluders                0/0               0/0        ( 0.0%) 
occluder polygons        0/0               0/0        ( 0.0%) 
occluder vert ind        0/0               0/0        ( 0.0%) 
detail props          [variable]           1/12       ( 8.3%) 
static props          [variable]           1/6520     ( 0.0%) 
pakfile               [variable]         849/0        ( 0.0%) 
physics               [variable]       41351/4194304  ( 1.0%) 
physics terrain       [variable]        6903/1048576  ( 0.7%) 

Level flags = 0

Total triangle count: 1790
Writing d:\documents\mapping\tf2\tf2-maps\andromeda\a1\pl_andromeda_a1.bsp
3 seconds elapsed



materialPath: D:\Program Files (x86)\Steam\steamapps\common\Team Fortress 2\tf\materials
Loading D:\Documents\Mapping\tf2\TF2-Maps\Andromeda\a1\pl_andromeda_a1.vmf
Patching WVT material: maps/pl_andromeda_a1/maritime/nature/blenddirttograss_wvt_patch
Patching WVT material: maps/pl_andromeda_a1/maritime/nature/blendrocktograss_wvt_patch
fixing up env_cubemap materials on brush sides...
0...1...2...3...4...5...6...7...8...9...100...1...2...3...4...5...6...7...8...9...10Processing areas...done (0)
Building Faces...done (0)
Chop Details...done (0)
Find Visible Detail Sides...
Merged 68 detail faces...done (0)
Merging details...done (0)
FixTjuncs...
PruneNodes...
WriteBSP...
done (0)
writing D:\Documents\Mapping\tf2\TF2-Maps\Andromeda\a1\pl_andromeda_a1.prt...Building visibility clusters...
done (0)
*** Error: Skybox vtf files for skybox/sky_earlymorning_02 weren't compiled with the same size texture and/or same flags!
Can't load skybox file skybox/sky_earlymorning_02 to build the default cubemap!
*** Error: Skybox vtf files for skybox/sky_earlymorning_02 weren't compiled with the same size texture and/or same flags!
Can't load skybox file skybox/sky_earlymorning_02 to build the default cubemap!
Finding displacement neighbors...
Finding lightmap sample positions...
Displacement Alpha : 0...1...2...3...4...5...6...7...8...9...10
Building Physics collision data...
done (0) (39319 bytes)
Error! To use model "models/player/hwm/sniper.mdl"
      with prop_static, it must be compiled with $staticprop!
Error loading studio model "models/player/hwm/sniper.mdl"!
Error! To use model "models/player/hwm/demo.mdl"
      with prop_static, it must be compiled with $staticprop!
Error loading studio model "models/player/hwm/demo.mdl"!
Placing detail props : 0...1...2...3...4...5...6...7...8...9...10
Compacting texture/material tables...
Reduced 98 texinfos to 59
Reduced 16 texdatas to 14 (483 bytes to 355)
Writing D:\Documents\Mapping\tf2\TF2-Maps\Andromeda\a1\pl_andromeda_a1.bsp
MSG_FILEWRITE - Filesystem was asked to write to 'D:\Documents\Mapping\tf2\TF2-Maps\Andromeda\a1\pl_andromeda_a1.bsp', but we don't own that location. Allowing.
Wrote ZIP buffer, estimated size 1063, actual size 849
2 seconds elapsed



4 threads
reading d:\documents\mapping\tf2\tf2-maps\andromeda\a1\pl_andromeda_a1.bsp
reading d:\documents\mapping\tf2\tf2-maps\andromeda\a1\pl_andromeda_a1.prt
 147 portalclusters
 494 numportals
0...1...2...3...4...5...6...7...8...9...100...1...2...3...4...5...6...7...8...9...10Optimized: 10 visible clusters (0.06%)
Total clusters visible: 16701
Average clusters visible: 113
Building PAS...
Average clusters audible: 147
visdatasize:6795  compressed from 7056
writing d:\documents\mapping\tf2\tf2-maps\andromeda\a1\pl_andromeda_a1.bsp
MSG_FILEWRITE - Filesystem was asked to write to 'd:\documents\mapping\tf2\tf2-maps\andromeda\a1\pl_andromeda_a1.bsp', but we don't own that location. Allowing.
1 second elapsed



[Reading texlights from 'lights.rad']
[56 texlights parsed from 'lights.rad']

Loading d:\documents\mapping\tf2\tf2-maps\andromeda\a1\pl_andromeda_a1.bsp
646 faces
296771 square feet [42735132.00 square inches]
73 Displacements
32870 Square Feet [4733317.00 Square Inches]
646 patches before subdivision
12942 patches after subdivision
2 direct lights
0...1...2...3...4...5...6...7...8...9...100...1...2...3...4...5...6...7...8...9...10transfers 523079, max 275
transfer lists:   4.0 megs
0...1...2...3...4...5...6...7...8...9...10	Bounce #1 added RGB(78093, 32746, 21257)
0...1...2...3...4...5...6...7...8...9...10	Bounce #2 added RGB(16453, 6467, 4035)
0...1...2...3...4...5...6...7...8...9...10	Bounce #3 added RGB(4116, 1459, 881)
0...1...2...3...4...5...6...7...8...9...10	Bounce #4 added RGB(1198, 383, 232)
0...1...2...3...4...5...6...7...8...9...10	Bounce #5 added RGB(383, 109, 67)
0...1...2...3...4...5...6...7...8...9...10	Bounce #6 added RGB(135, 35, 22)
0...1...2...3...4...5...6...7...8...9...10	Bounce #7 added RGB(51, 12, 8)
0...1...2...3...4...5...6...7...8...9...10	Bounce #8 added RGB(21, 4, 3)
0...1...2...3...4...5...6...7...8...9...10	Bounce #9 added RGB(9, 2, 1)
0...1...2...3...4...5...6...7...8...9...10	Bounce #10 added RGB(4, 1, 1)
0...1...2...3...4...5...6...7...8...9...10	Bounce #11 added RGB(2, 0, 0)
0...1...2...3...4...5...6...7...8...9...10	Bounce #12 added RGB(1, 0, 0)
Build Patch/Sample Hash Table(s).....Done<0.0072 sec>
0...1...2...3...4...5...6...7...8...9...10FinalLightFace Done
0 of 0 (0% of) surface lights went in leaf ambient cubes.
0...1...2...3...4...5...6...7...8...9...10Writing leaf ambient...done
Ready to Finish

Object names       Objects/Maxobjs  Memory / Maxmem  Fullness 
------------       ---------------  ---------------  -------- 
models                  11/1024          528/49152    ( 1.1%) 
brushes                106/8192         1272/98304    ( 1.3%) 
brushsides             661/65536        5288/524288   ( 1.0%) 
planes                 380/65536        7600/1310720  ( 0.6%) 
vertexes               910/65536       10920/786432   ( 1.4%) 
nodes                  345/65536       11040/2097152  ( 0.5%) 
texinfos                59/12288        4248/884736   ( 0.5%) 
texdata                 14/2048          448/65536    ( 0.7%) 
dispinfos               73/0           12848/0        ( 0.0%) 
disp_verts            5913/0          118260/0        ( 0.0%) 
disp_tris             9344/0           18688/0        ( 0.0%) 
disp_lmsamples       94608/0           94608/0        ( 0.0%) 
faces                  646/65536       36176/3670016  ( 1.0%) 
hdr faces                0/65536           0/3670016  ( 0.0%) 
origfaces              479/65536       26824/3670016  ( 0.7%) 
leaves                 357/65536       11424/2097152  ( 0.5%) 
leaffaces              674/65536        1348/131072   ( 1.0%) 
leafbrushes            186/65536         372/131072   ( 0.3%) 
areas                    2/256            16/2048     ( 0.8%) 
surfedges             4940/512000      19760/2048000  ( 1.0%) 
edges                 2857/256000      11428/1024000  ( 1.1%) 
LDR worldlights          2/8192          176/720896   ( 0.0%) 
HDR worldlights          0/8192            0/720896   ( 0.0%) 
leafwaterdata            0/32768           0/393216   ( 0.0%) 
waterstrips             51/32768         510/327680   ( 0.2%) 
waterverts               0/65536           0/786432   ( 0.0%) 
waterindices           846/65536        1692/131072   ( 1.3%) 
cubemapsamples           0/1024            0/16384    ( 0.0%) 
overlays                 4/512          1408/180224   ( 0.8%) 
LDR lightdata         [variable]      341692/0        ( 0.0%) 
HDR lightdata         [variable]           0/0        ( 0.0%) 
visdata               [variable]        6795/16777216 ( 0.0%) 
entdata               [variable]       12514/393216   ( 3.2%) 
LDR ambient table      357/65536        1428/262144   ( 0.5%) 
HDR ambient table      357/65536        1428/262144   ( 0.5%) 
LDR leaf ambient      1918/65536       53704/1835008  ( 2.9%) 
HDR leaf ambient       357/65536        9996/1835008  ( 0.5%) 
occluders                0/0               0/0        ( 0.0%) 
occluder polygons        0/0               0/0        ( 0.0%) 
occluder vert ind        0/0               0/0        ( 0.0%) 
detail props          [variable]           1/12       ( 8.3%) 
static props          [variable]           1/6518     ( 0.0%) 
pakfile               [variable]         849/0        ( 0.0%) 
physics               [variable]       39319/4194304  ( 0.9%) 
physics terrain       [variable]        9471/1048576  ( 0.9%) 

Level flags = 0

Total triangle count: 1734
Writing d:\documents\mapping\tf2\tf2-maps\andromeda\a1\pl_andromeda_a1.bsp
5 seconds elapsed
