


materialPath: C:\Program Files (x86)\Steam\steamapps\common\Team Fortress 2\tf\materials
Loading c:\users\liam\documents\tf2-maps\basalt\ctf_basalt.vmf
ConVarRef mat_reduceparticles doesn't point to an existing ConVar
Patching WVT material: maps/ctf_basalt/nightfall/cliffwall_wvt_patch
fixing up env_cubemap materials on brush sides...
0...1...2...3...4...5...6...7...8...9...100...1...2...3...4...5...6...7...8...9...10Processing areas...done (0)
Building Faces...done (0)
Chop Details...done (0)
Find Visible Detail Sides...done (0)
Merging details...done (0)
FixTjuncs...
PruneNodes...
WriteBSP...
done (0)
writing c:\users\liam\documents\tf2-maps\basalt\ctf_basalt.prt...Building visibility clusters...
done (0)
*** Error: Skybox vtf files for skybox/sky_tf2_04 weren't compiled with the same size texture and/or same flags!
Can't load skybox file skybox/sky_tf2_04 to build the default cubemap!
*** Error: Skybox vtf files for skybox/sky_tf2_04 weren't compiled with the same size texture and/or same flags!
Can't load skybox file skybox/sky_tf2_04 to build the default cubemap!
Finding displacement neighbors...
Finding lightmap sample positions...
Displacement Alpha : 0...1...2...3...4...5...6...7...8...9...10
Building Physics collision data...
done (0) (134148 bytes)
Placing detail props : 0...1...2...3...4...5...6...7...8...9...10
Compacting texture/material tables...
Reduced 204 texinfos to 128
Reduced 17 texdatas to 15 (411 bytes to 373)
Writing c:\users\liam\documents\tf2-maps\basalt\ctf_basalt.bsp
MSG_FILEWRITE - Filesystem was asked to write to 'c:\users\liam\documents\tf2-maps\basalt\ctf_basalt.bsp', but we don't own that location. Allowing.
Wrote ZIP buffer, estimated size 568, actual size 488
2 seconds elapsed



4 threads
reading c:\users\liam\documents\tf2-maps\basalt\ctf_basalt.bsp
reading c:\users\liam\documents\tf2-maps\basalt\ctf_basalt.prt
 516 portalclusters
1387 numportals
0...1...2...3...4...5...6...7...8...9...100...1...2...3...4...5...6...7...8...9...10Optimized: 751 visible clusters (0.47%)
Total clusters visible: 158285
Average clusters visible: 306
Building PAS...
Average clusters audible: 513
visdatasize:69210  compressed from 74304
writing c:\users\liam\documents\tf2-maps\basalt\ctf_basalt.bsp
MSG_FILEWRITE - Filesystem was asked to write to 'c:\users\liam\documents\tf2-maps\basalt\ctf_basalt.bsp', but we don't own that location. Allowing.
28 seconds elapsed



[Reading texlights from 'lights.rad']
[56 texlights parsed from 'lights.rad']

Loading c:\users\liam\documents\tf2-maps\basalt\ctf_basalt.bsp
2080 faces
773365 square feet [111364680.00 square inches]
0 Displacements
0 Square Feet [0.00 Square Inches]
2080 patches before subdivision
75554 patches after subdivision
4 direct lights
0...1...2...3...4...5...6...7...8...9...100...1...2...3...4...5...6...7...8...9...10transfers 8928377, max 819
transfer lists:  68.1 megs
0...1...2...3...4...5...6...7...8...9...10	Bounce #1 added RGB(15331, 12706, 13746)
0...1...2...3...4...5...6...7...8...9...10	Bounce #2 added RGB(1556, 923, 1166)
0...1...2...3...4...5...6...7...8...9...10	Bounce #3 added RGB(205, 76, 121)
0...1...2...3...4...5...6...7...8...9...10	Bounce #4 added RGB(32, 7, 15)
0...1...2...3...4...5...6...7...8...9...10	Bounce #5 added RGB(6, 1, 2)
0...1...2...3...4...5...6...7...8...9...10	Bounce #6 added RGB(1, 0, 0)
0...1...2...3...4...5...6...7...8...9...10	Bounce #7 added RGB(0, 0, 0)
Build Patch/Sample Hash Table(s).....Done<0.0420 sec>
0...1...2...3...4...5...6...7...8...9...10FinalLightFace Done
0 of 0 (0% of) surface lights went in leaf ambient cubes.
0...1...2...3...4...5...6...7...8...9...10Writing leaf ambient...done
Ready to Finish

Object names       Objects/Maxobjs  Memory / Maxmem  Fullness 
------------       ---------------  ---------------  -------- 
models                  31/1024         1488/49152    ( 3.0%) 
brushes                340/8192         4080/98304    ( 4.2%) 
brushsides            2652/65536       21216/524288   ( 4.0%) 
planes                1570/65536       31400/1310720  ( 2.4%) 
vertexes              3034/65536       36408/786432   ( 4.6%) 
nodes                 1133/65536       36256/2097152  ( 1.7%) 
texinfos               128/12288        9216/884736   ( 1.0%) 
texdata                 15/2048          480/65536    ( 0.7%) 
dispinfos                0/0               0/0        ( 0.0%) 
disp_verts               0/0               0/0        ( 0.0%) 
disp_tris                0/0               0/0        ( 0.0%) 
disp_lmsamples           0/0               0/0        ( 0.0%) 
faces                 2080/65536      116480/3670016  ( 3.2%) 
hdr faces                0/65536           0/3670016  ( 0.0%) 
origfaces              837/65536       46872/3670016  ( 1.3%) 
leaves                1165/65536       37280/2097152  ( 1.8%) 
leaffaces             2476/65536        4952/131072   ( 3.8%) 
leafbrushes            933/65536        1866/131072   ( 1.4%) 
areas                    2/256            16/2048     ( 0.8%) 
surfedges            13171/512000      52684/2048000  ( 2.6%) 
edges                 7435/256000      29740/1024000  ( 2.9%) 
LDR worldlights          4/8192          352/720896   ( 0.0%) 
HDR worldlights          0/8192            0/720896   ( 0.0%) 
leafwaterdata            0/32768           0/393216   ( 0.0%) 
waterstrips            237/32768        2370/327680   ( 0.7%) 
waterverts               0/65536           0/786432   ( 0.0%) 
waterindices          3435/65536        6870/131072   ( 5.2%) 
cubemapsamples           0/1024            0/16384    ( 0.0%) 
overlays                 0/512             0/180224   ( 0.0%) 
LDR lightdata         [variable]     3824136/0        ( 0.0%) 
HDR lightdata         [variable]           0/0        ( 0.0%) 
visdata               [variable]       69210/16777216 ( 0.4%) 
entdata               [variable]       27076/393216   ( 6.9%) 
LDR ambient table     1165/65536        4660/262144   ( 1.8%) 
HDR ambient table     1165/65536        4660/262144   ( 1.8%) 
LDR leaf ambient      6335/65536      177380/1835008  ( 9.7%) 
HDR leaf ambient      1165/65536       32620/1835008  ( 1.8%) 
occluders                0/0               0/0        ( 0.0%) 
occluder polygons        0/0               0/0        ( 0.0%) 
occluder vert ind        0/0               0/0        ( 0.0%) 
detail props          [variable]           1/12       ( 8.3%) 
static props          [variable]           1/1108     ( 0.1%) 
pakfile               [variable]         488/0        ( 0.0%) 
physics               [variable]      134148/4194304  ( 3.2%) 
physics terrain       [variable]           2/1048576  ( 0.0%) 

Level flags = 0

Total triangle count: 5639
Writing c:\users\liam\documents\tf2-maps\basalt\ctf_basalt.bsp
22 seconds elapsed



[Reading texlights from 'lights.rad']
[56 texlights parsed from 'lights.rad']

Loading c:\users\liam\documents\tf2-maps\basalt\ctf_basalt.bsp
2080 faces
773365 square feet [111364680.00 square inches]
0 Displacements
0 Square Feet [0.00 Square Inches]
2080 patches before subdivision
75554 patches after subdivision
4 direct lights
0...1...2...3...4...5...6...7...8...9...100...1...2...3...4...5...6...7...8...9...10transfers 8928377, max 819
transfer lists:  68.1 megs
0...1...2...3...4...5...6...7...8...9...10	Bounce #1 added RGB(15331, 12707, 13746)
0...1...2...3...4...5...6...7...8...9...10	Bounce #2 added RGB(1556, 923, 1166)
0...1...2...3...4...5...6...7...8...9...10	Bounce #3 added RGB(205, 76, 121)
0...1...2...3...4...5...6...7...8...9...10	Bounce #4 added RGB(32, 7, 15)
0...1...2...3...4...5...6...7...8...9...10	Bounce #5 added RGB(6, 1, 2)
0...1...2...3...4...5...6...7...8...9...10	Bounce #6 added RGB(1, 0, 0)
0...1...2...3...4...5...6...7...8...9...10	Bounce #7 added RGB(0, 0, 0)
Build Patch/Sample Hash Table(s).....Done<0.0347 sec>
0...1...2...3...4...5...6...7...8...9...10FinalLightFace Done
0 of 0 (0% of) surface lights went in leaf ambient cubes.
0...1...2...3...4...5...6...7...8...9...10Writing leaf ambient...done
Ready to Finish

Object names       Objects/Maxobjs  Memory / Maxmem  Fullness 
------------       ---------------  ---------------  -------- 
models                  31/1024         1488/49152    ( 3.0%) 
brushes                340/8192         4080/98304    ( 4.2%) 
brushsides            2652/65536       21216/524288   ( 4.0%) 
planes                1570/65536       31400/1310720  ( 2.4%) 
vertexes              3034/65536       36408/786432   ( 4.6%) 
nodes                 1133/65536       36256/2097152  ( 1.7%) 
texinfos               128/12288        9216/884736   ( 1.0%) 
texdata                 15/2048          480/65536    ( 0.7%) 
dispinfos                0/0               0/0        ( 0.0%) 
disp_verts               0/0               0/0        ( 0.0%) 
disp_tris                0/0               0/0        ( 0.0%) 
disp_lmsamples           0/0               0/0        ( 0.0%) 
faces                 2080/65536      116480/3670016  ( 3.2%) 
hdr faces             2080/65536      116480/3670016  ( 3.2%) 
origfaces              837/65536       46872/3670016  ( 1.3%) 
leaves                1165/65536       37280/2097152  ( 1.8%) 
leaffaces             2476/65536        4952/131072   ( 3.8%) 
leafbrushes            933/65536        1866/131072   ( 1.4%) 
areas                    2/256            16/2048     ( 0.8%) 
surfedges            13171/512000      52684/2048000  ( 2.6%) 
edges                 7435/256000      29740/1024000  ( 2.9%) 
LDR worldlights          4/8192          352/720896   ( 0.0%) 
HDR worldlights          4/8192          352/720896   ( 0.0%) 
leafwaterdata            0/32768           0/393216   ( 0.0%) 
waterstrips            237/32768        2370/327680   ( 0.7%) 
waterverts               0/65536           0/786432   ( 0.0%) 
waterindices          3435/65536        6870/131072   ( 5.2%) 
cubemapsamples           0/1024            0/16384    ( 0.0%) 
overlays                 0/512             0/180224   ( 0.0%) 
LDR lightdata         [variable]     3824136/0        ( 0.0%) 
HDR lightdata         [variable]     3824136/0        ( 0.0%) 
visdata               [variable]       69210/16777216 ( 0.4%) 
entdata               [variable]       27076/393216   ( 6.9%) 
LDR ambient table     1165/65536        4660/262144   ( 1.8%) 
HDR ambient table     1165/65536        4660/262144   ( 1.8%) 
LDR leaf ambient      6335/65536      177380/1835008  ( 9.7%) 
HDR leaf ambient      6336/65536      177408/1835008  ( 9.7%) 
occluders                0/0               0/0        ( 0.0%) 
occluder polygons        0/0               0/0        ( 0.0%) 
occluder vert ind        0/0               0/0        ( 0.0%) 
detail props          [variable]           1/12       ( 8.3%) 
static props          [variable]           1/1108     ( 0.1%) 
pakfile               [variable]         488/0        ( 0.0%) 
physics               [variable]      134148/4194304  ( 3.2%) 
physics terrain       [variable]           2/1048576  ( 0.0%) 

Level flags = 0

Total triangle count: 5639
Writing c:\users\liam\documents\tf2-maps\basalt\ctf_basalt.bsp
22 seconds elapsed
