


materialPath: D:\Program Files (x86)\Steam\steamapps\common\Team Fortress 2\tf\materials
Loading d:\documents\mapping\tf2\tf2-maps\labor\a9\koth_labor_a9.vmf
ConVarRef mat_reduceparticles doesn't point to an existing ConVar
Patching WVT material: maps/koth_labor_a9/dev/dev_blendmeasure2_wvt_patch
Patching WVT material: maps/koth_labor_a9/dev/dev_blendmeasure_wvt_patch
Patching WVT material: maps/koth_labor_a9/winter/blendgraveltograss004_wvt_patch
fixing up env_cubemap materials on brush sides...
0...1...2...3...4...5...6...7...8...9...100...1...2...3...4...5...6...7...8...9...10Processing areas...done (0)
Building Faces...done (0)
Chop Details...done (0)
Find Visible Detail Sides...
Merged 12 detail faces...done (0)
Merging details...done (0)
FixTjuncs...
PruneNodes...
WriteBSP...
done (0)
writing d:\documents\mapping\tf2\tf2-maps\labor\a9\koth_labor_a9.prt...Building visibility clusters...
done (0)
*** Error: Skybox vtf files for skybox/sky_alpinestorm_01 weren't compiled with the same size texture and/or same flags!
Can't load skybox file skybox/sky_alpinestorm_01 to build the default cubemap!
*** Error: Skybox vtf files for skybox/sky_alpinestorm_01 weren't compiled with the same size texture and/or same flags!
Can't load skybox file skybox/sky_alpinestorm_01 to build the default cubemap!
Finding displacement neighbors...
Finding lightmap sample positions...
Displacement Alpha : 0...1...2...3...4...5...6...7...8...9...10
Building Physics collision data...
done (1) (176113 bytes)
Placing detail props : 0...1...2...3...4...5...6...7...8...9...10
Compacting texture/material tables...
Reduced 550 texinfos to 283
Reduced 43 texdatas to 32 (1484 bytes to 992)
Writing d:\documents\mapping\tf2\tf2-maps\labor\a9\koth_labor_a9.bsp
MSG_FILEWRITE - Filesystem was asked to write to 'd:\documents\mapping\tf2\tf2-maps\labor\a9\koth_labor_a9.bsp', but we don't own that location. Allowing.
Wrote ZIP buffer, estimated size 7006, actual size 5184
1 second elapsed



4 threads
reading d:\documents\mapping\tf2\tf2-maps\labor\a9\koth_labor_a9.bsp
reading d:\documents\mapping\tf2\tf2-maps\labor\a9\koth_labor_a9.prt
 605 portalclusters
1963 numportals
0...1...2...3...4...5...6...7...8...9...100...1...2...3...4...5...6...7...8...9...10Optimized: 1913 visible clusters (1.05%)
Total clusters visible: 181722
Average clusters visible: 300
Building PAS...
Average clusters audible: 592
visdatasize:92722  compressed from 96800
writing d:\documents\mapping\tf2\tf2-maps\labor\a9\koth_labor_a9.bsp
MSG_FILEWRITE - Filesystem was asked to write to 'd:\documents\mapping\tf2\tf2-maps\labor\a9\koth_labor_a9.bsp', but we don't own that location. Allowing.
35 seconds elapsed



[Reading texlights from 'lights.rad']
[56 texlights parsed from 'lights.rad']

Loading d:\documents\mapping\tf2\tf2-maps\labor\a9\koth_labor_a9.bsp
2284 faces
903478 square feet [130100936.00 square inches]
128 Displacements
53779 Square Feet [7744183.00 Square Inches]
2284 patches before subdivision
65484 patches after subdivision
32 direct lights
0...1...2...3...4...5...6...7...8...9...100...1...2...3...4...5...6...7...8...9...10transfers 4632144, max 430
transfer lists:  35.3 megs
0...1...2...3...4...5...6...7...8...9...10	Bounce #1 added RGB(226047, 246563, 250445)
0...1...2...3...4...5...6...7...8...9...10	Bounce #2 added RGB(46528, 47821, 48687)
0...1...2...3...4...5...6...7...8...9...10	Bounce #3 added RGB(10876, 10726, 10815)
0...1...2...3...4...5...6...7...8...9...10	Bounce #4 added RGB(2727, 2635, 2641)
0...1...2...3...4...5...6...7...8...9...10	Bounce #5 added RGB(711, 680, 676)
0...1...2...3...4...5...6...7...8...9...10	Bounce #6 added RGB(190, 181, 179)
0...1...2...3...4...5...6...7...8...9...10	Bounce #7 added RGB(52, 49, 48)
0...1...2...3...4...5...6...7...8...9...10	Bounce #8 added RGB(14, 13, 13)
0...1...2...3...4...5...6...7...8...9...10	Bounce #9 added RGB(4, 4, 4)
0...1...2...3...4...5...6...7...8...9...10	Bounce #10 added RGB(1, 1, 1)
0...1...2...3...4...5...6...7...8...9...10	Bounce #11 added RGB(0, 0, 0)
Build Patch/Sample Hash Table(s).....Done<0.0163 sec>
0...1...2...3...4...5...6...7...8...9...10FinalLightFace Done
0 of 0 (0% of) surface lights went in leaf ambient cubes.
0...1...2...3...4...5...6...7...8...9...10Writing leaf ambient...done
Ready to Finish

Object names       Objects/Maxobjs  Memory / Maxmem  Fullness 
------------       ---------------  ---------------  -------- 
models                  53/1024         2544/49152    ( 5.2%) 
brushes                422/8192         5064/98304    ( 5.2%) 
brushsides            2996/65536       23968/524288   ( 4.6%) 
planes                1704/65536       34080/1310720  ( 2.6%) 
vertexes              3574/65536       42888/786432   ( 5.5%) 
nodes                 1479/65536       47328/2097152  ( 2.3%) 
texinfos               283/12288       20376/884736   ( 2.3%) 
texdata                 32/2048         1024/65536    ( 1.6%) 
dispinfos              128/0           22528/0        ( 0.0%) 
disp_verts            9584/0          191680/0        ( 0.0%) 
disp_tris            15040/0           30080/0        ( 0.0%) 
disp_lmsamples      153344/0          153344/0        ( 0.0%) 
faces                 2284/65536      127904/3670016  ( 3.5%) 
hdr faces                0/65536           0/3670016  ( 0.0%) 
origfaces             1349/65536       75544/3670016  ( 2.1%) 
leaves                1533/65536       49056/2097152  ( 2.3%) 
leaffaces             2587/65536        5174/131072   ( 3.9%) 
leafbrushes           1107/65536        2214/131072   ( 1.7%) 
areas                    2/256            16/2048     ( 0.8%) 
surfedges            15950/512000      63800/2048000  ( 3.1%) 
edges                 9056/256000      36224/1024000  ( 3.5%) 
LDR worldlights         32/8192         2816/720896   ( 0.4%) 
HDR worldlights          0/8192            0/720896   ( 0.0%) 
leafwaterdata            2/32768          24/393216   ( 0.0%) 
waterstrips            187/32768        1870/327680   ( 0.6%) 
waterverts               0/65536           0/786432   ( 0.0%) 
waterindices          2838/65536        5676/131072   ( 4.3%) 
cubemapsamples          44/1024          704/16384    ( 4.3%) 
overlays                14/512          4928/180224   ( 2.7%) 
LDR lightdata         [variable]     2158864/0        ( 0.0%) 
HDR lightdata         [variable]           0/0        ( 0.0%) 
visdata               [variable]       92722/16777216 ( 0.6%) 
entdata               [variable]       40683/393216   (10.3%) 
LDR ambient table     1533/65536        6132/262144   ( 2.3%) 
HDR ambient table     1533/65536        6132/262144   ( 2.3%) 
LDR leaf ambient     11460/65536      320880/1835008  (17.5%) 
HDR leaf ambient      1533/65536       42924/1835008  ( 2.3%) 
occluders                0/0               0/0        ( 0.0%) 
occluder polygons        0/0               0/0        ( 0.0%) 
occluder vert ind        0/0               0/0        ( 0.0%) 
detail props          [variable]           1/12       ( 8.3%) 
static props          [variable]           1/16688    ( 0.0%) 
pakfile               [variable]        5184/0        ( 0.0%) 
physics               [variable]      176113/4194304  ( 4.2%) 
physics terrain       [variable]       35878/1048576  ( 3.4%) 

Level flags = 0

Total triangle count: 6000
Writing d:\documents\mapping\tf2\tf2-maps\labor\a9\koth_labor_a9.bsp
18 seconds elapsed



materialPath: D:\Program Files (x86)\Steam\steamapps\common\Team Fortress 2\tf\materials
Loading d:\documents\mapping\tf2\tf2-maps\labor\a9\koth_labor_a9.vmf
Patching WVT material: maps/koth_labor_a9/dev/dev_blendmeasure2_wvt_patch
Patching WVT material: maps/koth_labor_a9/dev/dev_blendmeasure_wvt_patch
Patching WVT material: maps/koth_labor_a9/winter/blendgraveltograss004_wvt_patch
fixing up env_cubemap materials on brush sides...
0...1...2...3...4...5...6...7...8...9...100...1...2...3...4...5...6...7...8...9...10Processing areas...done (0)
Building Faces...done (0)
Chop Details...done (0)
Find Visible Detail Sides...
Merged 18 detail faces...done (0)
Merging details...done (0)
FixTjuncs...
PruneNodes...
WriteBSP...
done (0)
writing d:\documents\mapping\tf2\tf2-maps\labor\a9\koth_labor_a9.prt...Building visibility clusters...
done (0)
*** Error: Skybox vtf files for skybox/sky_alpinestorm_01 weren't compiled with the same size texture and/or same flags!
Can't load skybox file skybox/sky_alpinestorm_01 to build the default cubemap!
*** Error: Skybox vtf files for skybox/sky_alpinestorm_01 weren't compiled with the same size texture and/or same flags!
Can't load skybox file skybox/sky_alpinestorm_01 to build the default cubemap!
Finding displacement neighbors...
Finding lightmap sample positions...
Displacement Alpha : 0...1...2...3...4...5...6...7...8...9...10
Building Physics collision data...
done (1) (141913 bytes)
Placing detail props : 0...1...2...3...4...5...6...7...8...9...10
Compacting texture/material tables...
Reduced 379 texinfos to 149
Reduced 41 texdatas to 30 (1441 bytes to 949)
Writing d:\documents\mapping\tf2\tf2-maps\labor\a9\koth_labor_a9.bsp
MSG_FILEWRITE - Filesystem was asked to write to 'd:\documents\mapping\tf2\tf2-maps\labor\a9\koth_labor_a9.bsp', but we don't own that location. Allowing.
Wrote ZIP buffer, estimated size 7006, actual size 5184
1 second elapsed



4 threads
reading d:\documents\mapping\tf2\tf2-maps\labor\a9\koth_labor_a9.bsp
reading d:\documents\mapping\tf2\tf2-maps\labor\a9\koth_labor_a9.prt
 605 portalclusters
1963 numportals
0...1...2...3...4...5...6...7...8...9...100...1...2...3...4...5...6...7...8...9...10Optimized: 1930 visible clusters (1.06%)
Total clusters visible: 181717
Average clusters visible: 300
Building PAS...
Average clusters audible: 592
visdatasize:92726  compressed from 96800
writing d:\documents\mapping\tf2\tf2-maps\labor\a9\koth_labor_a9.bsp
MSG_FILEWRITE - Filesystem was asked to write to 'd:\documents\mapping\tf2\tf2-maps\labor\a9\koth_labor_a9.bsp', but we don't own that location. Allowing.
46 seconds elapsed



[Reading texlights from 'lights.rad']
[56 texlights parsed from 'lights.rad']

Loading d:\documents\mapping\tf2\tf2-maps\labor\a9\koth_labor_a9.bsp
2007 faces
744170 square feet [107160504.00 square inches]
128 Displacements
53779 Square Feet [7744183.00 Square Inches]
2007 patches before subdivision
65291 patches after subdivision
32 direct lights
0...1...2...3...4...5...6...7...8...9...100...1...2...3...4...5...6...7...8...9...10transfers 4662917, max 432
transfer lists:  35.6 megs
0...1...2...3...4...5...6...7...8...9...10	Bounce #1 added RGB(226355, 246873, 250774)
0...1...2...3...4...5...6...7...8...9...10	Bounce #2 added RGB(46907, 48238, 49089)
0...1...2...3...4...5...6...7...8...9...10	Bounce #3 added RGB(11016, 10878, 10962)
0...1...2...3...4...5...6...7...8...9...10	Bounce #4 added RGB(2774, 2685, 2689)
0...1...2...3...4...5...6...7...8...9...10	Bounce #5 added RGB(726, 696, 692)
0...1...2...3...4...5...6...7...8...9...10	Bounce #6 added RGB(195, 186, 183)
0...1...2...3...4...5...6...7...8...9...10	Bounce #7 added RGB(53, 51, 50)
0...1...2...3...4...5...6...7...8...9...10	Bounce #8 added RGB(15, 14, 14)
0...1...2...3...4...5...6...7...8...9...10	Bounce #9 added RGB(4, 4, 4)
0...1...2...3...4...5...6...7...8...9...10	Bounce #10 added RGB(1, 1, 1)
0...1...2...3...4...5...6...7...8...9...10	Bounce #11 added RGB(0, 0, 0)
Build Patch/Sample Hash Table(s).....Done<0.0172 sec>
0...1...2...3...4...5...6...7...8...9...10FinalLightFace Done
0 of 0 (0% of) surface lights went in leaf ambient cubes.
0...1...2...3...4...5...6...7...8...9...10Writing leaf ambient...done
Ready to Finish

Object names       Objects/Maxobjs  Memory / Maxmem  Fullness 
------------       ---------------  ---------------  -------- 
models                   2/1024           96/49152    ( 0.2%) 
brushes                359/8192         4308/98304    ( 4.4%) 
brushsides            2604/65536       20832/524288   ( 4.0%) 
planes                1600/65536       32000/1310720  ( 2.4%) 
vertexes              3134/65536       37608/786432   ( 4.8%) 
nodes                 1177/65536       37664/2097152  ( 1.8%) 
texinfos               149/12288       10728/884736   ( 1.2%) 
texdata                 30/2048          960/65536    ( 1.5%) 
dispinfos              128/0           22528/0        ( 0.0%) 
disp_verts            9584/0          191680/0        ( 0.0%) 
disp_tris            15040/0           30080/0        ( 0.0%) 
disp_lmsamples      153344/0          153344/0        ( 0.0%) 
faces                 2007/65536      112392/3670016  ( 3.1%) 
hdr faces                0/65536           0/3670016  ( 0.0%) 
origfaces             1072/65536       60032/3670016  ( 1.6%) 
leaves                1180/65536       37760/2097152  ( 1.8%) 
leaffaces             2310/65536        4620/131072   ( 3.5%) 
leafbrushes           1042/65536        2084/131072   ( 1.6%) 
areas                    2/256            16/2048     ( 0.8%) 
surfedges            13750/512000      55000/2048000  ( 2.7%) 
edges                 7946/256000      31784/1024000  ( 3.1%) 
LDR worldlights         32/8192         2816/720896   ( 0.4%) 
HDR worldlights          0/8192            0/720896   ( 0.0%) 
leafwaterdata            2/32768          24/393216   ( 0.0%) 
waterstrips            175/32768        1750/327680   ( 0.5%) 
waterverts               0/65536           0/786432   ( 0.0%) 
waterindices          2667/65536        5334/131072   ( 4.1%) 
cubemapsamples          44/1024          704/16384    ( 4.3%) 
overlays                14/512          4928/180224   ( 2.7%) 
LDR lightdata         [variable]     2163500/0        ( 0.0%) 
HDR lightdata         [variable]           0/0        ( 0.0%) 
visdata               [variable]       92726/16777216 ( 0.6%) 
entdata               [variable]       29318/393216   ( 7.5%) 
LDR ambient table     1180/65536        4720/262144   ( 1.8%) 
HDR ambient table     1180/65536        4720/262144   ( 1.8%) 
LDR leaf ambient      8380/65536      234640/1835008  (12.8%) 
HDR leaf ambient      1180/65536       33040/1835008  ( 1.8%) 
occluders                0/0               0/0        ( 0.0%) 
occluder polygons        0/0               0/0        ( 0.0%) 
occluder vert ind        0/0               0/0        ( 0.0%) 
detail props          [variable]           1/12       ( 8.3%) 
static props          [variable]           1/16452    ( 0.0%) 
pakfile               [variable]        5184/0        ( 0.0%) 
physics               [variable]      141913/4194304  ( 3.4%) 
physics terrain       [variable]       35878/1048576  ( 3.4%) 

Level flags = 0

Total triangle count: 5462
Writing d:\documents\mapping\tf2\tf2-maps\labor\a9\koth_labor_a9.bsp
19 seconds elapsed



materialPath: D:\Program Files (x86)\Steam\steamapps\common\Team Fortress 2\tf\materials
Loading d:\documents\mapping\tf2\tf2-maps\labor\a9\koth_labor_a9.vmf
ConVarRef mat_reduceparticles doesn't point to an existing ConVar
Patching WVT material: maps/koth_labor_a9/dev/dev_blendmeasure2_wvt_patch
Patching WVT material: maps/koth_labor_a9/dev/dev_blendmeasure_wvt_patch
Patching WVT material: maps/koth_labor_a9/winter/blendgraveltograss004_wvt_patch
fixing up env_cubemap materials on brush sides...
0...1...2...3...4...5...6...7...8...9...100...1...2...3...4...5...6...7...8...9...10Processing areas...done (0)
Building Faces...done (0)
Chop Details...done (0)
Find Visible Detail Sides...
Merged 2 detail faces...done (0)
Merging details...done (0)
FixTjuncs...
PruneNodes...
WriteBSP...
done (0)
writing d:\documents\mapping\tf2\tf2-maps\labor\a9\koth_labor_a9.prt...Building visibility clusters...
done (0)
*** Error: Skybox vtf files for skybox/sky_alpinestorm_01 weren't compiled with the same size texture and/or same flags!
Can't load skybox file skybox/sky_alpinestorm_01 to build the default cubemap!
*** Error: Skybox vtf files for skybox/sky_alpinestorm_01 weren't compiled with the same size texture and/or same flags!
Can't load skybox file skybox/sky_alpinestorm_01 to build the default cubemap!
Finding displacement neighbors...
Finding lightmap sample positions...
Displacement Alpha : 0...1...2...3...4...5...6...7...8...9...10
Building Physics collision data...
done (0) (209315 bytes)
Placing detail props : 0...1...2...3...4...5...6...7...8...9...10
Compacting texture/material tables...
Reduced 814 texinfos to 431
Reduced 47 texdatas to 36 (1561 bytes to 1069)
Writing d:\documents\mapping\tf2\tf2-maps\labor\a9\koth_labor_a9.bsp
MSG_FILEWRITE - Filesystem was asked to write to 'd:\documents\mapping\tf2\tf2-maps\labor\a9\koth_labor_a9.bsp', but we don't own that location. Allowing.
Wrote ZIP buffer, estimated size 7006, actual size 5184
2 seconds elapsed



4 threads
reading d:\documents\mapping\tf2\tf2-maps\labor\a9\koth_labor_a9.bsp
reading d:\documents\mapping\tf2\tf2-maps\labor\a9\koth_labor_a9.prt
 601 portalclusters
1950 numportals
0...1...2...3...4...5...6...7...8...9...100...1...2...3...4...5...6...7...8...9...10Optimized: 1947 visible clusters (1.08%)
Total clusters visible: 180722
Average clusters visible: 300
Building PAS...
Average clusters audible: 589
visdatasize:92013  compressed from 96160
writing d:\documents\mapping\tf2\tf2-maps\labor\a9\koth_labor_a9.bsp
MSG_FILEWRITE - Filesystem was asked to write to 'd:\documents\mapping\tf2\tf2-maps\labor\a9\koth_labor_a9.bsp', but we don't own that location. Allowing.
45 seconds elapsed



[Reading texlights from 'lights.rad']
[56 texlights parsed from 'lights.rad']

Loading d:\documents\mapping\tf2\tf2-maps\labor\a9\koth_labor_a9.bsp
2692 faces
915148 square feet [131781424.00 square inches]
128 Displacements
53779 Square Feet [7744183.00 Square Inches]
2692 patches before subdivision
67880 patches after subdivision
32 direct lights
0...1...2...3...4...5...6...7...8...9...100...1...2...3...4...5...6...7...8...9...10transfers 4750657, max 431
transfer lists:  36.2 megs
0...1...2...3...4...5...6...7...8...9...10	Bounce #1 added RGB(232783, 254109, 257892)
0...1...2...3...4...5...6...7...8...9...10	Bounce #2 added RGB(48076, 49469, 50306)
0...1...2...3...4...5...6...7...8...9...10	Bounce #3 added RGB(11313, 11177, 11252)
0...1...2...3...4...5...6...7...8...9...10	Bounce #4 added RGB(2852, 2762, 2763)
0...1...2...3...4...5...6...7...8...9...10	Bounce #5 added RGB(748, 717, 712)
0...1...2...3...4...5...6...7...8...9...10	Bounce #6 added RGB(201, 192, 189)
0...1...2...3...4...5...6...7...8...9...10	Bounce #7 added RGB(55, 52, 51)
0...1...2...3...4...5...6...7...8...9...10	Bounce #8 added RGB(15, 14, 14)
0...1...2...3...4...5...6...7...8...9...10	Bounce #9 added RGB(4, 4, 4)
0...1...2...3...4...5...6...7...8...9...10	Bounce #10 added RGB(1, 1, 1)
0...1...2...3...4...5...6...7...8...9...10	Bounce #11 added RGB(0, 0, 0)
Build Patch/Sample Hash Table(s).....Done<0.0189 sec>
0...1...2...3...4...5...6...7...8...9...10FinalLightFace Done
0 of 0 (0% of) surface lights went in leaf ambient cubes.
0...1...2...3...4...5...6...7...8...9...10Writing leaf ambient...done
Ready to Finish

Object names       Objects/Maxobjs  Memory / Maxmem  Fullness 
------------       ---------------  ---------------  -------- 
models                  84/1024         4032/49152    ( 8.2%) 
brushes                481/8192         5772/98304    ( 5.9%) 
brushsides            3350/65536       26800/524288   ( 5.1%) 
planes                1838/65536       36760/1310720  ( 2.8%) 
vertexes              4044/65536       48528/786432   ( 6.2%) 
nodes                 1765/65536       56480/2097152  ( 2.7%) 
texinfos               431/12288       31032/884736   ( 3.5%) 
texdata                 36/2048         1152/65536    ( 1.8%) 
dispinfos              128/0           22528/0        ( 0.0%) 
disp_verts            9584/0          191680/0        ( 0.0%) 
disp_tris            15040/0           30080/0        ( 0.0%) 
disp_lmsamples      153344/0          153344/0        ( 0.0%) 
faces                 2692/65536      150752/3670016  ( 4.1%) 
hdr faces                0/65536           0/3670016  ( 0.0%) 
origfaces             1761/65536       98616/3670016  ( 2.7%) 
leaves                1850/65536       59200/2097152  ( 2.8%) 
leaffaces             2993/65536        5986/131072   ( 4.6%) 
leafbrushes           1083/65536        2166/131072   ( 1.7%) 
areas                    2/256            16/2048     ( 0.8%) 
surfedges            19351/512000      77404/2048000  ( 3.8%) 
edges                10888/256000      43552/1024000  ( 4.3%) 
LDR worldlights         32/8192         2816/720896   ( 0.4%) 
HDR worldlights          0/8192            0/720896   ( 0.0%) 
leafwaterdata            2/32768          24/393216   ( 0.0%) 
waterstrips            160/32768        1600/327680   ( 0.5%) 
waterverts               0/65536           0/786432   ( 0.0%) 
waterindices          2430/65536        4860/131072   ( 3.7%) 
cubemapsamples          43/1024          688/16384    ( 4.2%) 
overlays                16/512          5632/180224   ( 3.1%) 
LDR lightdata         [variable]     2274060/0        ( 0.0%) 
HDR lightdata         [variable]           0/0        ( 0.0%) 
visdata               [variable]       92013/16777216 ( 0.5%) 
entdata               [variable]       51088/393216   (13.0%) 
LDR ambient table     1850/65536        7400/262144   ( 2.8%) 
HDR ambient table     1850/65536        7400/262144   ( 2.8%) 
LDR leaf ambient     13049/65536      365372/1835008  (19.9%) 
HDR leaf ambient      1850/65536       51800/1835008  ( 2.8%) 
occluders                0/0               0/0        ( 0.0%) 
occluder polygons        0/0               0/0        ( 0.0%) 
occluder vert ind        0/0               0/0        ( 0.0%) 
detail props          [variable]           1/12       ( 8.3%) 
static props          [variable]           1/16694    ( 0.0%) 
pakfile               [variable]        5184/0        ( 0.0%) 
physics               [variable]      209315/4194304  ( 5.0%) 
physics terrain       [variable]       35878/1048576  ( 3.4%) 

Level flags = 0

Total triangle count: 6936
Writing d:\documents\mapping\tf2\tf2-maps\labor\a9\koth_labor_a9.bsp
23 seconds elapsed



materialPath: D:\Program Files (x86)\Steam\steamapps\common\Team Fortress 2\tf\materials
Loading d:\documents\mapping\tf2\tf2-maps\labor\a9\koth_labor_a9.vmf
ConVarRef mat_reduceparticles doesn't point to an existing ConVar
Patching WVT material: maps/koth_labor_a9/dev/dev_blendmeasure2_wvt_patch
Patching WVT material: maps/koth_labor_a9/dev/dev_blendmeasure_wvt_patch
Patching WVT material: maps/koth_labor_a9/winter/blendgraveltograss004_wvt_patch
fixing up env_cubemap materials on brush sides...
0...1...2...3...4...5...6...7...8...9...100...1...2...3...4...5...6...7...8...9...10Processing areas...done (0)
Building Faces...done (0)
Chop Details...done (0)
Find Visible Detail Sides...
Merged 2 detail faces...done (0)
Merging details...done (0)
FixTjuncs...
PruneNodes...
WriteBSP...
done (0)
writing d:\documents\mapping\tf2\tf2-maps\labor\a9\koth_labor_a9.prt...Building visibility clusters...
done (0)
*** Error: Skybox vtf files for skybox/sky_alpinestorm_01 weren't compiled with the same size texture and/or same flags!
Can't load skybox file skybox/sky_alpinestorm_01 to build the default cubemap!
*** Error: Skybox vtf files for skybox/sky_alpinestorm_01 weren't compiled with the same size texture and/or same flags!
Can't load skybox file skybox/sky_alpinestorm_01 to build the default cubemap!
Finding displacement neighbors...
Finding lightmap sample positions...
Displacement Alpha : 0...1...2...3...4...5...6...7...8...9...10
Building Physics collision data...
done (1) (209315 bytes)
Placing detail props : 0...1...2...3...4...5...6...7...8...9...10
Compacting texture/material tables...
Reduced 814 texinfos to 431
Reduced 47 texdatas to 36 (1561 bytes to 1069)
Writing d:\documents\mapping\tf2\tf2-maps\labor\a9\koth_labor_a9.bsp
MSG_FILEWRITE - Filesystem was asked to write to 'd:\documents\mapping\tf2\tf2-maps\labor\a9\koth_labor_a9.bsp', but we don't own that location. Allowing.
Wrote ZIP buffer, estimated size 7006, actual size 5184
1 second elapsed



4 threads
reading d:\documents\mapping\tf2\tf2-maps\labor\a9\koth_labor_a9.bsp
reading d:\documents\mapping\tf2\tf2-maps\labor\a9\koth_labor_a9.prt
 601 portalclusters
1950 numportals
0...1...2...3...4...5...6...7...8...9...100...1...2...3...4...5...6...7...8...9...10Optimized: 1947 visible clusters (1.08%)
Total clusters visible: 180720
Average clusters visible: 300
Building PAS...
Average clusters audible: 589
visdatasize:92013  compressed from 96160
writing d:\documents\mapping\tf2\tf2-maps\labor\a9\koth_labor_a9.bsp
MSG_FILEWRITE - Filesystem was asked to write to 'd:\documents\mapping\tf2\tf2-maps\labor\a9\koth_labor_a9.bsp', but we don't own that location. Allowing.
50 seconds elapsed



[Reading texlights from 'lights.rad']
[56 texlights parsed from 'lights.rad']

Loading d:\documents\mapping\tf2\tf2-maps\labor\a9\koth_labor_a9.bsp
2692 faces
915148 square feet [131781424.00 square inches]
128 Displacements
53779 Square Feet [7744183.00 Square Inches]
2692 patches before subdivision
67880 patches after subdivision
32 direct lights
0...1...2...3...4...5...6...7...8...9...100...1...2...3...4...5...6...7...8...9...10transfers 4750657, max 431
transfer lists:  36.2 megs
0...1...2...3...4...5...6...7...8...9...10	Bounce #1 added RGB(232784, 254109, 257893)
0...1...2...3...4...5...6...7...8...9...10	Bounce #2 added RGB(48076, 49469, 50306)
0...1...2...3...4...5...6...7...8...9...10	Bounce #3 added RGB(11313, 11177, 11252)
0...1...2...3...4...5...6...7...8...9...10	Bounce #4 added RGB(2852, 2762, 2763)
0...1...2...3...4...5...6...7...8...9...10	Bounce #5 added RGB(748, 717, 712)
0...1...2...3...4...5...6...7...8...9...10	Bounce #6 added RGB(201, 192, 189)
0...1...2...3...4...5...6...7...8...9...10	Bounce #7 added RGB(55, 52, 51)
0...1...2...3...4...5...6...7...8...9...10	Bounce #8 added RGB(15, 14, 14)
0...1...2...3...4...5...6...7...8...9...10	Bounce #9 added RGB(4, 4, 4)
0...1...2...3...4...5...6...7...8...9...10	Bounce #10 added RGB(1, 1, 1)
0...1...2...3...4...5...6...7...8...9...10	Bounce #11 added RGB(0, 0, 0)
Build Patch/Sample Hash Table(s).....Done<0.0159 sec>
0...1...2...3...4...5...6...7...8...9...10FinalLightFace Done
0 of 0 (0% of) surface lights went in leaf ambient cubes.
0...1...2...3...4...5...6...7...8...9...10Writing leaf ambient...done
Ready to Finish

Object names       Objects/Maxobjs  Memory / Maxmem  Fullness 
------------       ---------------  ---------------  -------- 
models                  84/1024         4032/49152    ( 8.2%) 
brushes                481/8192         5772/98304    ( 5.9%) 
brushsides            3350/65536       26800/524288   ( 5.1%) 
planes                1838/65536       36760/1310720  ( 2.8%) 
vertexes              4044/65536       48528/786432   ( 6.2%) 
nodes                 1765/65536       56480/2097152  ( 2.7%) 
texinfos               431/12288       31032/884736   ( 3.5%) 
texdata                 36/2048         1152/65536    ( 1.8%) 
dispinfos              128/0           22528/0        ( 0.0%) 
disp_verts            9584/0          191680/0        ( 0.0%) 
disp_tris            15040/0           30080/0        ( 0.0%) 
disp_lmsamples      153344/0          153344/0        ( 0.0%) 
faces                 2692/65536      150752/3670016  ( 4.1%) 
hdr faces                0/65536           0/3670016  ( 0.0%) 
origfaces             1761/65536       98616/3670016  ( 2.7%) 
leaves                1850/65536       59200/2097152  ( 2.8%) 
leaffaces             2993/65536        5986/131072   ( 4.6%) 
leafbrushes           1083/65536        2166/131072   ( 1.7%) 
areas                    2/256            16/2048     ( 0.8%) 
surfedges            19351/512000      77404/2048000  ( 3.8%) 
edges                10888/256000      43552/1024000  ( 4.3%) 
LDR worldlights         32/8192         2816/720896   ( 0.4%) 
HDR worldlights          0/8192            0/720896   ( 0.0%) 
leafwaterdata            2/32768          24/393216   ( 0.0%) 
waterstrips            160/32768        1600/327680   ( 0.5%) 
waterverts               0/65536           0/786432   ( 0.0%) 
waterindices          2430/65536        4860/131072   ( 3.7%) 
cubemapsamples          43/1024          688/16384    ( 4.2%) 
overlays                16/512          5632/180224   ( 3.1%) 
LDR lightdata         [variable]     2274060/0        ( 0.0%) 
HDR lightdata         [variable]           0/0        ( 0.0%) 
visdata               [variable]       92013/16777216 ( 0.5%) 
entdata               [variable]       51088/393216   (13.0%) 
LDR ambient table     1850/65536        7400/262144   ( 2.8%) 
HDR ambient table     1850/65536        7400/262144   ( 2.8%) 
LDR leaf ambient     13049/65536      365372/1835008  (19.9%) 
HDR leaf ambient      1850/65536       51800/1835008  ( 2.8%) 
occluders                0/0               0/0        ( 0.0%) 
occluder polygons        0/0               0/0        ( 0.0%) 
occluder vert ind        0/0               0/0        ( 0.0%) 
detail props          [variable]           1/12       ( 8.3%) 
static props          [variable]           1/16694    ( 0.0%) 
pakfile               [variable]        5184/0        ( 0.0%) 
physics               [variable]      209315/4194304  ( 5.0%) 
physics terrain       [variable]       35878/1048576  ( 3.4%) 

Level flags = 0

Total triangle count: 6936
Writing d:\documents\mapping\tf2\tf2-maps\labor\a9\koth_labor_a9.bsp
23 seconds elapsed



materialPath: D:\Program Files (x86)\Steam\steamapps\common\Team Fortress 2\tf\materials
Loading d:\documents\mapping\tf2\tf2-maps\labor\a9\koth_labor_a9.vmf
ConVarRef mat_reduceparticles doesn't point to an existing ConVar
Patching WVT material: maps/koth_labor_a9/dev/dev_blendmeasure2_wvt_patch
Patching WVT material: maps/koth_labor_a9/dev/dev_blendmeasure_wvt_patch
Patching WVT material: maps/koth_labor_a9/winter/blendgraveltograss004_wvt_patch
fixing up env_cubemap materials on brush sides...
0...1...2...3...4...5...6...7...8...9...100...1...2...3...4...5...6...7...8...9...10Processing areas...done (0)
Building Faces...done (0)
Chop Details...done (0)
Find Visible Detail Sides...
Merged 2 detail faces...done (0)
Merging details...done (0)
FixTjuncs...
PruneNodes...
WriteBSP...
done (0)
writing d:\documents\mapping\tf2\tf2-maps\labor\a9\koth_labor_a9.prt...Building visibility clusters...
done (0)
*** Error: Skybox vtf files for skybox/sky_alpinestorm_01 weren't compiled with the same size texture and/or same flags!
Can't load skybox file skybox/sky_alpinestorm_01 to build the default cubemap!
*** Error: Skybox vtf files for skybox/sky_alpinestorm_01 weren't compiled with the same size texture and/or same flags!
Can't load skybox file skybox/sky_alpinestorm_01 to build the default cubemap!
Finding displacement neighbors...
Finding lightmap sample positions...
Displacement Alpha : 0...1...2...3...4...5...6...7...8...9...10
Building Physics collision data...
done (1) (209315 bytes)
Placing detail props : 0...1...2...3...4...5...6...7...8...9...10
Compacting texture/material tables...
Reduced 814 texinfos to 431
Reduced 47 texdatas to 36 (1561 bytes to 1069)
Writing d:\documents\mapping\tf2\tf2-maps\labor\a9\koth_labor_a9.bsp
MSG_FILEWRITE - Filesystem was asked to write to 'd:\documents\mapping\tf2\tf2-maps\labor\a9\koth_labor_a9.bsp', but we don't own that location. Allowing.
Wrote ZIP buffer, estimated size 7006, actual size 5184
1 second elapsed



4 threads
reading d:\documents\mapping\tf2\tf2-maps\labor\a9\koth_labor_a9.bsp
reading d:\documents\mapping\tf2\tf2-maps\labor\a9\koth_labor_a9.prt
 601 portalclusters
1950 numportals
0...1...2...3...4...5...6...7...8...9...100...1...2...3...4...5...6...7...8...9...10Optimized: 1947 visible clusters (1.08%)
Total clusters visible: 180720
Average clusters visible: 300
Building PAS...
Average clusters audible: 589
visdatasize:92013  compressed from 96160
writing d:\documents\mapping\tf2\tf2-maps\labor\a9\koth_labor_a9.bsp
MSG_FILEWRITE - Filesystem was asked to write to 'd:\documents\mapping\tf2\tf2-maps\labor\a9\koth_labor_a9.bsp', but we don't own that location. Allowing.
44 seconds elapsed



[Reading texlights from 'lights.rad']
[56 texlights parsed from 'lights.rad']

Loading d:\documents\mapping\tf2\tf2-maps\labor\a9\koth_labor_a9.bsp
2692 faces
915589 square feet [131844912.00 square inches]
128 Displacements
53779 Square Feet [7744183.00 Square Inches]
2692 patches before subdivision
67880 patches after subdivision
32 direct lights
0...1...2...3...4...5...6...7...8...9...100...1...2...3...4...5...6...7...8...9...10transfers 4755974, max 431
transfer lists:  36.3 megs
0...1...2...3...4...5...6...7...8...9...10	Bounce #1 added RGB(233256, 254612, 258309)
0...1...2...3...4...5...6...7...8...9...10	Bounce #2 added RGB(48166, 49562, 50378)
0...1...2...3...4...5...6...7...8...9...10	Bounce #3 added RGB(11329, 11192, 11262)
0...1...2...3...4...5...6...7...8...9...10	Bounce #4 added RGB(2854, 2764, 2764)
0...1...2...3...4...5...6...7...8...9...10	Bounce #5 added RGB(748, 717, 712)
0...1...2...3...4...5...6...7...8...9...10	Bounce #6 added RGB(201, 192, 189)
0...1...2...3...4...5...6...7...8...9...10	Bounce #7 added RGB(55, 52, 51)
0...1...2...3...4...5...6...7...8...9...10	Bounce #8 added RGB(15, 14, 14)
0...1...2...3...4...5...6...7...8...9...10	Bounce #9 added RGB(4, 4, 4)
0...1...2...3...4...5...6...7...8...9...10	Bounce #10 added RGB(1, 1, 1)
0...1...2...3...4...5...6...7...8...9...10	Bounce #11 added RGB(0, 0, 0)
Build Patch/Sample Hash Table(s).....Done<0.0167 sec>
0...1...2...3...4...5...6...7...8...9...10FinalLightFace Done
0 of 0 (0% of) surface lights went in leaf ambient cubes.
0...1...2...3...4...5...6...7...8...9...10Writing leaf ambient...done
Ready to Finish

Object names       Objects/Maxobjs  Memory / Maxmem  Fullness 
------------       ---------------  ---------------  -------- 
models                  84/1024         4032/49152    ( 8.2%) 
brushes                481/8192         5772/98304    ( 5.9%) 
brushsides            3350/65536       26800/524288   ( 5.1%) 
planes                1842/65536       36840/1310720  ( 2.8%) 
vertexes              4044/65536       48528/786432   ( 6.2%) 
nodes                 1765/65536       56480/2097152  ( 2.7%) 
texinfos               431/12288       31032/884736   ( 3.5%) 
texdata                 36/2048         1152/65536    ( 1.8%) 
dispinfos              128/0           22528/0        ( 0.0%) 
disp_verts            9584/0          191680/0        ( 0.0%) 
disp_tris            15040/0           30080/0        ( 0.0%) 
disp_lmsamples      153344/0          153344/0        ( 0.0%) 
faces                 2692/65536      150752/3670016  ( 4.1%) 
hdr faces                0/65536           0/3670016  ( 0.0%) 
origfaces             1761/65536       98616/3670016  ( 2.7%) 
leaves                1850/65536       59200/2097152  ( 2.8%) 
leaffaces             2993/65536        5986/131072   ( 4.6%) 
leafbrushes           1083/65536        2166/131072   ( 1.7%) 
areas                    2/256            16/2048     ( 0.8%) 
surfedges            19351/512000      77404/2048000  ( 3.8%) 
edges                10888/256000      43552/1024000  ( 4.3%) 
LDR worldlights         32/8192         2816/720896   ( 0.4%) 
HDR worldlights          0/8192            0/720896   ( 0.0%) 
leafwaterdata            2/32768          24/393216   ( 0.0%) 
waterstrips            160/32768        1600/327680   ( 0.5%) 
waterverts               0/65536           0/786432   ( 0.0%) 
waterindices          2430/65536        4860/131072   ( 3.7%) 
cubemapsamples          43/1024          688/16384    ( 4.2%) 
overlays                16/512          5632/180224   ( 3.1%) 
LDR lightdata         [variable]     2274060/0        ( 0.0%) 
HDR lightdata         [variable]           0/0        ( 0.0%) 
visdata               [variable]       92013/16777216 ( 0.5%) 
entdata               [variable]       51090/393216   (13.0%) 
LDR ambient table     1850/65536        7400/262144   ( 2.8%) 
HDR ambient table     1850/65536        7400/262144   ( 2.8%) 
LDR leaf ambient     13037/65536      365036/1835008  (19.9%) 
HDR leaf ambient      1850/65536       51800/1835008  ( 2.8%) 
occluders                0/0               0/0        ( 0.0%) 
occluder polygons        0/0               0/0        ( 0.0%) 
occluder vert ind        0/0               0/0        ( 0.0%) 
detail props          [variable]           1/12       ( 8.3%) 
static props          [variable]           1/16694    ( 0.0%) 
pakfile               [variable]        5184/0        ( 0.0%) 
physics               [variable]      209315/4194304  ( 5.0%) 
physics terrain       [variable]       35878/1048576  ( 3.4%) 

Level flags = 0

Total triangle count: 6936
Writing d:\documents\mapping\tf2\tf2-maps\labor\a9\koth_labor_a9.bsp
22 seconds elapsed



materialPath: D:\Program Files (x86)\Steam\steamapps\common\Team Fortress 2\tf\materials
Loading d:\documents\mapping\tf2\tf2-maps\labor\a9\koth_labor_a9.vmf
ConVarRef mat_reduceparticles doesn't point to an existing ConVar
Patching WVT material: maps/koth_labor_a9/dev/dev_blendmeasure2_wvt_patch
Patching WVT material: maps/koth_labor_a9/dev/dev_blendmeasure_wvt_patch
Patching WVT material: maps/koth_labor_a9/winter/blendgraveltograss004_wvt_patch
fixing up env_cubemap materials on brush sides...
0...1...2...3...4...5...6...7...8...9...100...1...2...3...4...5...6...7...8...9...10Processing areas...done (0)
Building Faces...done (0)
Chop Details...done (0)
Find Visible Detail Sides...
Merged 22 detail faces...done (0)
Merging details...done (0)
FixTjuncs...
PruneNodes...
WriteBSP...
done (0)
writing d:\documents\mapping\tf2\tf2-maps\labor\a9\koth_labor_a9.prt...Building visibility clusters...
done (0)
*** Error: Skybox vtf files for skybox/sky_alpinestorm_01 weren't compiled with the same size texture and/or same flags!
Can't load skybox file skybox/sky_alpinestorm_01 to build the default cubemap!
*** Error: Skybox vtf files for skybox/sky_alpinestorm_01 weren't compiled with the same size texture and/or same flags!
Can't load skybox file skybox/sky_alpinestorm_01 to build the default cubemap!
Finding displacement neighbors...
Finding lightmap sample positions...
Displacement Alpha : 0...1...2...3...4...5...6...7...8...9...10
Building Physics collision data...
done (1) (223832 bytes)
Placing detail props : 0...1...2...3...4...5...6...7...8...9...10
Compacting texture/material tables...
Reduced 903 texinfos to 478
Reduced 55 texdatas to 42 (2083 bytes to 1498)
Writing d:\documents\mapping\tf2\tf2-maps\labor\a9\koth_labor_a9.bsp
MSG_FILEWRITE - Filesystem was asked to write to 'd:\documents\mapping\tf2\tf2-maps\labor\a9\koth_labor_a9.bsp', but we don't own that location. Allowing.
Wrote ZIP buffer, estimated size 11521, actual size 8493
2 seconds elapsed



4 threads
reading d:\documents\mapping\tf2\tf2-maps\labor\a9\koth_labor_a9.bsp
reading d:\documents\mapping\tf2\tf2-maps\labor\a9\koth_labor_a9.prt
 615 portalclusters
2000 numportals
0...1...2...3...4...5...6...7...8...9...100...1...2...3...4...5...6...7...8...9...10Optimized: 2121 visible clusters (1.11%)
Total clusters visible: 190846
Average clusters visible: 310
Building PAS...
Average clusters audible: 603
visdatasize:95792  compressed from 98400
writing d:\documents\mapping\tf2\tf2-maps\labor\a9\koth_labor_a9.bsp
MSG_FILEWRITE - Filesystem was asked to write to 'd:\documents\mapping\tf2\tf2-maps\labor\a9\koth_labor_a9.bsp', but we don't own that location. Allowing.
42 seconds elapsed



[Reading texlights from 'lights.rad']
[56 texlights parsed from 'lights.rad']

Loading d:\documents\mapping\tf2\tf2-maps\labor\a9\koth_labor_a9.bsp
2927 faces
915671 square feet [131856656.00 square inches]
128 Displacements
53779 Square Feet [7744183.00 Square Inches]
2927 patches before subdivision
68155 patches after subdivision
32 direct lights
0...1...2...3...4...5...6...7...8...9...100...1...2...3...4...5...6...7...8...9...10transfers 4973361, max 532
transfer lists:  37.9 megs
0...1...2...3...4...5...6...7...8...9...10	Bounce #1 added RGB(235725, 257926, 261548)
0...1...2...3...4...5...6...7...8...9...10	Bounce #2 added RGB(48458, 49952, 50746)
0...1...2...3...4...5...6...7...8...9...10	Bounce #3 added RGB(11385, 11268, 11332)
0...1...2...3...4...5...6...7...8...9...10	Bounce #4 added RGB(2866, 2779, 2778)
0...1...2...3...4...5...6...7...8...9...10	Bounce #5 added RGB(751, 720, 715)
0...1...2...3...4...5...6...7...8...9...10	Bounce #6 added RGB(201, 193, 190)
0...1...2...3...4...5...6...7...8...9...10	Bounce #7 added RGB(55, 52, 51)
0...1...2...3...4...5...6...7...8...9...10	Bounce #8 added RGB(15, 14, 14)
0...1...2...3...4...5...6...7...8...9...10	Bounce #9 added RGB(4, 4, 4)
0...1...2...3...4...5...6...7...8...9...10	Bounce #10 added RGB(1, 1, 1)
0...1...2...3...4...5...6...7...8...9...10	Bounce #11 added RGB(0, 0, 0)
Build Patch/Sample Hash Table(s).....Done<0.0174 sec>
0...1...2...3...4...5...6...7...8...9...10FinalLightFace Done
0 of 0 (0% of) surface lights went in leaf ambient cubes.
0...1...2...3...4...5...6...7...8...9...10Writing leaf ambient...done
Ready to Finish

Object names       Objects/Maxobjs  Memory / Maxmem  Fullness 
------------       ---------------  ---------------  -------- 
models                  84/1024         4032/49152    ( 8.2%) 
brushes                515/8192         6180/98304    ( 6.3%) 
brushsides            3721/65536       29768/524288   ( 5.7%) 
planes                2266/65536       45320/1310720  ( 3.5%) 
vertexes              4328/65536       51936/786432   ( 6.6%) 
nodes                 1781/65536       56992/2097152  ( 2.7%) 
texinfos               478/12288       34416/884736   ( 3.9%) 
texdata                 42/2048         1344/65536    ( 2.1%) 
dispinfos              128/0           22528/0        ( 0.0%) 
disp_verts            9584/0          191680/0        ( 0.0%) 
disp_tris            15040/0           30080/0        ( 0.0%) 
disp_lmsamples      153344/0          153344/0        ( 0.0%) 
faces                 2927/65536      163912/3670016  ( 4.5%) 
hdr faces                0/65536           0/3670016  ( 0.0%) 
origfaces             1958/65536      109648/3670016  ( 3.0%) 
leaves                1866/65536       59712/2097152  ( 2.8%) 
leaffaces             3242/65536        6484/131072   ( 4.9%) 
leafbrushes           1119/65536        2238/131072   ( 1.7%) 
areas                    2/256            16/2048     ( 0.8%) 
surfedges            21233/512000      84932/2048000  ( 4.1%) 
edges                11867/256000      47468/1024000  ( 4.6%) 
LDR worldlights         32/8192         2816/720896   ( 0.4%) 
HDR worldlights          0/8192            0/720896   ( 0.0%) 
leafwaterdata            2/32768          24/393216   ( 0.0%) 
waterstrips            184/32768        1840/327680   ( 0.6%) 
waterverts               0/65536           0/786432   ( 0.0%) 
waterindices          2895/65536        5790/131072   ( 4.4%) 
cubemapsamples          43/1024          688/16384    ( 4.2%) 
overlays                16/512          5632/180224   ( 3.1%) 
LDR lightdata         [variable]     2289200/0        ( 0.0%) 
HDR lightdata         [variable]           0/0        ( 0.0%) 
visdata               [variable]       95792/16777216 ( 0.6%) 
entdata               [variable]       51094/393216   (13.0%) 
LDR ambient table     1866/65536        7464/262144   ( 2.8%) 
HDR ambient table     1866/65536        7464/262144   ( 2.8%) 
LDR leaf ambient     13167/65536      368676/1835008  (20.1%) 
HDR leaf ambient      1866/65536       52248/1835008  ( 2.8%) 
occluders                0/0               0/0        ( 0.0%) 
occluder polygons        0/0               0/0        ( 0.0%) 
occluder vert ind        0/0               0/0        ( 0.0%) 
detail props          [variable]           1/12       ( 8.3%) 
static props          [variable]           1/16682    ( 0.0%) 
pakfile               [variable]        8493/0        ( 0.0%) 
physics               [variable]      223832/4194304  ( 5.3%) 
physics terrain       [variable]       35878/1048576  ( 3.4%) 

Level flags = 0

Total triangle count: 7548
Writing d:\documents\mapping\tf2\tf2-maps\labor\a9\koth_labor_a9.bsp
22 seconds elapsed



materialPath: D:\Program Files (x86)\Steam\steamapps\common\Team Fortress 2\tf\materials
Loading d:\documents\mapping\tf2\tf2-maps\labor\a9\koth_labor_a9.vmf
ConVarRef mat_reduceparticles doesn't point to an existing ConVar
Patching WVT material: maps/koth_labor_a9/dev/dev_blendmeasure_wvt_patch
Patching WVT material: maps/koth_labor_a9/winter/blendgraveltograss004_wvt_patch
Patching WVT material: maps/koth_labor_a9/dev/dev_blendmeasure2_wvt_patch
fixing up env_cubemap materials on brush sides...
0...1...2...3...4...5...6...7...8...9...100...1...2...3...4...5...6...7...8...9...10Processing areas...done (0)
Building Faces...done (0)
Chop Details...done (0)
Find Visible Detail Sides...
Merged 22 detail faces...done (0)
Merging details...done (0)
FixTjuncs...
PruneNodes...
WriteBSP...
done (0)
writing d:\documents\mapping\tf2\tf2-maps\labor\a9\koth_labor_a9.prt...Building visibility clusters...
done (0)
*** Error: Skybox vtf files for skybox/sky_alpinestorm_01 weren't compiled with the same size texture and/or same flags!
Can't load skybox file skybox/sky_alpinestorm_01 to build the default cubemap!
*** Error: Skybox vtf files for skybox/sky_alpinestorm_01 weren't compiled with the same size texture and/or same flags!
Can't load skybox file skybox/sky_alpinestorm_01 to build the default cubemap!
Finding displacement neighbors...
Finding lightmap sample positions...
Displacement Alpha : 0...1...2...3...4...5...6...7...8...9...10
Building Physics collision data...
done (1) (222704 bytes)
Placing detail props : 0...1...2...3...4...5...6...7...8...9...10
Compacting texture/material tables...
Reduced 912 texinfos to 484
Reduced 58 texdatas to 43 (2312 bytes to 1602)
Writing d:\documents\mapping\tf2\tf2-maps\labor\a9\koth_labor_a9.bsp
MSG_FILEWRITE - Filesystem was asked to write to 'd:\documents\mapping\tf2\tf2-maps\labor\a9\koth_labor_a9.bsp', but we don't own that location. Allowing.
Wrote ZIP buffer, estimated size 13536, actual size 9972
2 seconds elapsed



4 threads
reading d:\documents\mapping\tf2\tf2-maps\labor\a9\koth_labor_a9.bsp
reading d:\documents\mapping\tf2\tf2-maps\labor\a9\koth_labor_a9.prt
 627 portalclusters
2052 numportals
0...1...2...3...4...5...6...7...8...9...100...1...2...3...4...5...6...7...8...9...10Optimized: 2195 visible clusters (1.10%)
Total clusters visible: 199994
Average clusters visible: 318
Building PAS...
Average clusters audible: 614
visdatasize:99763  compressed from 100320
writing d:\documents\mapping\tf2\tf2-maps\labor\a9\koth_labor_a9.bsp
MSG_FILEWRITE - Filesystem was asked to write to 'd:\documents\mapping\tf2\tf2-maps\labor\a9\koth_labor_a9.bsp', but we don't own that location. Allowing.
53 seconds elapsed



[Reading texlights from 'lights.rad']
[56 texlights parsed from 'lights.rad']

Loading d:\documents\mapping\tf2\tf2-maps\labor\a9\koth_labor_a9.bsp
2973 faces
916905 square feet [132034416.00 square inches]
128 Displacements
53779 Square Feet [7744183.00 Square Inches]
2973 patches before subdivision
71527 patches after subdivision
32 direct lights
0...1...2...3...4...5...6...7...8...9...100...1...2...3...4...5...6...7...8...9...10transfers 5410868, max 557
transfer lists:  41.3 megs
0...1...2...3...4...5...6...7...8...9...10	Bounce #1 added RGB(243446, 266826, 270888)
0...1...2...3...4...5...6...7...8...9...10	Bounce #2 added RGB(49722, 51406, 52246)
0...1...2...3...4...5...6...7...8...9...10	Bounce #3 added RGB(11586, 11485, 11553)
0...1...2...3...4...5...6...7...8...9...10	Bounce #4 added RGB(2903, 2816, 2815)
0...1...2...3...4...5...6...7...8...9...10	Bounce #5 added RGB(758, 727, 722)
0...1...2...3...4...5...6...7...8...9...10	Bounce #6 added RGB(203, 194, 191)
0...1...2...3...4...5...6...7...8...9...10	Bounce #7 added RGB(55, 53, 52)
0...1...2...3...4...5...6...7...8...9...10	Bounce #8 added RGB(15, 14, 14)
0...1...2...3...4...5...6...7...8...9...10	Bounce #9 added RGB(4, 4, 4)
0...1...2...3...4...5...6...7...8...9...10	Bounce #10 added RGB(1, 1, 1)
0...1...2...3...4...5...6...7...8...9...10	Bounce #11 added RGB(0, 0, 0)
Build Patch/Sample Hash Table(s).....Done<0.0176 sec>
0...1...2...3...4...5...6...7...8...9...10FinalLightFace Done
0 of 0 (0% of) surface lights went in leaf ambient cubes.
0...1...2...3...4...5...6...7...8...9...10Writing leaf ambient...done
Ready to Finish

Object names       Objects/Maxobjs  Memory / Maxmem  Fullness 
------------       ---------------  ---------------  -------- 
models                  84/1024         4032/49152    ( 8.2%) 
brushes                514/8192         6168/98304    ( 6.3%) 
brushsides            3716/65536       29728/524288   ( 5.7%) 
planes                2258/65536       45160/1310720  ( 3.4%) 
vertexes              4394/65536       52728/786432   ( 6.7%) 
nodes                 1796/65536       57472/2097152  ( 2.7%) 
texinfos               484/12288       34848/884736   ( 3.9%) 
texdata                 43/2048         1376/65536    ( 2.1%) 
dispinfos              128/0           22528/0        ( 0.0%) 
disp_verts            9584/0          191680/0        ( 0.0%) 
disp_tris            15040/0           30080/0        ( 0.0%) 
disp_lmsamples      153344/0          153344/0        ( 0.0%) 
faces                 2973/65536      166488/3670016  ( 4.5%) 
hdr faces                0/65536           0/3670016  ( 0.0%) 
origfaces             1960/65536      109760/3670016  ( 3.0%) 
leaves                1881/65536       60192/2097152  ( 2.9%) 
leaffaces             3270/65536        6540/131072   ( 5.0%) 
leafbrushes           1124/65536        2248/131072   ( 1.7%) 
areas                    2/256            16/2048     ( 0.8%) 
surfedges            21451/512000      85804/2048000  ( 4.2%) 
edges                11976/256000      47904/1024000  ( 4.7%) 
LDR worldlights         32/8192         2816/720896   ( 0.4%) 
HDR worldlights          0/8192            0/720896   ( 0.0%) 
leafwaterdata            2/32768          24/393216   ( 0.0%) 
waterstrips            185/32768        1850/327680   ( 0.6%) 
waterverts               0/65536           0/786432   ( 0.0%) 
waterindices          2889/65536        5778/131072   ( 4.4%) 
cubemapsamples          43/1024          688/16384    ( 4.2%) 
overlays                15/512          5280/180224   ( 2.9%) 
LDR lightdata         [variable]     2359732/0        ( 0.0%) 
HDR lightdata         [variable]           0/0        ( 0.0%) 
visdata               [variable]       99763/16777216 ( 0.6%) 
entdata               [variable]       51094/393216   (13.0%) 
LDR ambient table     1881/65536        7524/262144   ( 2.9%) 
HDR ambient table     1881/65536        7524/262144   ( 2.9%) 
LDR leaf ambient     13388/65536      374864/1835008  (20.4%) 
HDR leaf ambient      1881/65536       52668/1835008  ( 2.9%) 
occluders                0/0               0/0        ( 0.0%) 
occluder polygons        0/0               0/0        ( 0.0%) 
occluder vert ind        0/0               0/0        ( 0.0%) 
detail props          [variable]           1/12       ( 8.3%) 
static props          [variable]           1/14692    ( 0.0%) 
pakfile               [variable]        9972/0        ( 0.0%) 
physics               [variable]      222704/4194304  ( 5.3%) 
physics terrain       [variable]       35878/1048576  ( 3.4%) 

Level flags = 0

Total triangle count: 7670
Writing d:\documents\mapping\tf2\tf2-maps\labor\a9\koth_labor_a9.bsp
24 seconds elapsed



materialPath: D:\Program Files (x86)\Steam\steamapps\common\Team Fortress 2\tf\materials
Loading d:\documents\mapping\tf2\tf2-maps\labor\a9\koth_labor_a9.vmf
ConVarRef mat_reduceparticles doesn't point to an existing ConVar
Patching WVT material: maps/koth_labor_a9/dev/dev_blendmeasure_wvt_patch
Patching WVT material: maps/koth_labor_a9/winter/blendgraveltograss004_wvt_patch
Patching WVT material: maps/koth_labor_a9/dev/dev_blendmeasure2_wvt_patch
fixing up env_cubemap materials on brush sides...
0...1...2...3...4...5...6...7...8...9...100...1...2...3...4...5...6...7...8...9...10Processing areas...done (0)
Building Faces...done (0)
Chop Details...done (0)
Find Visible Detail Sides...
Merged 22 detail faces...done (0)
Merging details...done (0)
FixTjuncs...
PruneNodes...
WriteBSP...
done (0)
writing d:\documents\mapping\tf2\tf2-maps\labor\a9\koth_labor_a9.prt...Building visibility clusters...
done (0)
*** Error: Skybox vtf files for skybox/sky_alpinestorm_01 weren't compiled with the same size texture and/or same flags!
Can't load skybox file skybox/sky_alpinestorm_01 to build the default cubemap!
*** Error: Skybox vtf files for skybox/sky_alpinestorm_01 weren't compiled with the same size texture and/or same flags!
Can't load skybox file skybox/sky_alpinestorm_01 to build the default cubemap!
Finding displacement neighbors...
Finding lightmap sample positions...
Displacement Alpha : 0...1...2...3...4...5...6...7...8...9...10
Building Physics collision data...
done (1) (225464 bytes)
Placing detail props : 0...1...2...3...4...5...6...7...8...9...10
Compacting texture/material tables...
Reduced 924 texinfos to 496
Reduced 58 texdatas to 43 (2313 bytes to 1603)
Writing d:\documents\mapping\tf2\tf2-maps\labor\a9\koth_labor_a9.bsp
MSG_FILEWRITE - Filesystem was asked to write to 'd:\documents\mapping\tf2\tf2-maps\labor\a9\koth_labor_a9.bsp', but we don't own that location. Allowing.
Wrote ZIP buffer, estimated size 13539, actual size 9975
2 seconds elapsed



4 threads
reading d:\documents\mapping\tf2\tf2-maps\labor\a9\koth_labor_a9.bsp
reading d:\documents\mapping\tf2\tf2-maps\labor\a9\koth_labor_a9.prt
 644 portalclusters
2126 numportals
0...1...2...3...4...5...6...7...8...9...100...1...2...3...4...5...6...7...8...9...10Optimized: 2343 visible clusters (1.10%)
Total clusters visible: 213721
Average clusters visible: 331
Building PAS...
Average clusters audible: 631
visdatasize:105159  compressed from 113344
writing d:\documents\mapping\tf2\tf2-maps\labor\a9\koth_labor_a9.bsp
MSG_FILEWRITE - Filesystem was asked to write to 'd:\documents\mapping\tf2\tf2-maps\labor\a9\koth_labor_a9.bsp', but we don't own that location. Allowing.
54 seconds elapsed



[Reading texlights from 'lights.rad']
[56 texlights parsed from 'lights.rad']

Loading d:\documents\mapping\tf2\tf2-maps\labor\a9\koth_labor_a9.bsp
3006 faces
917589 square feet [132132944.00 square inches]
128 Displacements
53779 Square Feet [7744184.00 Square Inches]
3006 patches before subdivision
71690 patches after subdivision
32 direct lights
0...1...2...3...4...5...6...7...8...9...100...1...2...3...4...5...6...7...8...9...10transfers 5368359, max 548
transfer lists:  41.0 megs
0...1...2...3...4...5...6...7...8...9...10	Bounce #1 added RGB(242095, 265310, 269688)
0...1...2...3...4...5...6...7...8...9...10	Bounce #2 added RGB(49592, 51265, 52157)
0...1...2...3...4...5...6...7...8...9...10	Bounce #3 added RGB(11576, 11473, 11547)
0...1...2...3...4...5...6...7...8...9...10	Bounce #4 added RGB(2902, 2814, 2814)
0...1...2...3...4...5...6...7...8...9...10	Bounce #5 added RGB(758, 726, 721)
0...1...2...3...4...5...6...7...8...9...10	Bounce #6 added RGB(203, 194, 191)
0...1...2...3...4...5...6...7...8...9...10	Bounce #7 added RGB(55, 53, 51)
0...1...2...3...4...5...6...7...8...9...10	Bounce #8 added RGB(15, 14, 14)
0...1...2...3...4...5...6...7...8...9...10	Bounce #9 added RGB(4, 4, 4)
0...1...2...3...4...5...6...7...8...9...10	Bounce #10 added RGB(1, 1, 1)
0...1...2...3...4...5...6...7...8...9...10	Bounce #11 added RGB(0, 0, 0)
Build Patch/Sample Hash Table(s).....Done<0.0173 sec>
0...1...2...3...4...5...6...7...8...9...10FinalLightFace Done
0 of 0 (0% of) surface lights went in leaf ambient cubes.
0...1...2...3...4...5...6...7...8...9...10Writing leaf ambient...done
Ready to Finish

Object names       Objects/Maxobjs  Memory / Maxmem  Fullness 
------------       ---------------  ---------------  -------- 
models                  84/1024         4032/49152    ( 8.2%) 
brushes                519/8192         6228/98304    ( 6.3%) 
brushsides            3761/65536       30088/524288   ( 5.7%) 
planes                2296/65536       45920/1310720  ( 3.5%) 
vertexes              4437/65536       53244/786432   ( 6.8%) 
nodes                 1817/65536       58144/2097152  ( 2.8%) 
texinfos               496/12288       35712/884736   ( 4.0%) 
texdata                 43/2048         1376/65536    ( 2.1%) 
dispinfos              128/0           22528/0        ( 0.0%) 
disp_verts            9584/0          191680/0        ( 0.0%) 
disp_tris            15040/0           30080/0        ( 0.0%) 
disp_lmsamples      153344/0          153344/0        ( 0.0%) 
faces                 3006/65536      168336/3670016  ( 4.6%) 
hdr faces                0/65536           0/3670016  ( 0.0%) 
origfaces             1977/65536      110712/3670016  ( 3.0%) 
leaves                1902/65536       60864/2097152  ( 2.9%) 
leaffaces             3294/65536        6588/131072   ( 5.0%) 
leafbrushes           1137/65536        2274/131072   ( 1.7%) 
areas                    2/256            16/2048     ( 0.8%) 
surfedges            21681/512000      86724/2048000  ( 4.2%) 
edges                12098/256000      48392/1024000  ( 4.7%) 
LDR worldlights         32/8192         2816/720896   ( 0.4%) 
HDR worldlights          0/8192            0/720896   ( 0.0%) 
leafwaterdata            2/32768          24/393216   ( 0.0%) 
waterstrips            194/32768        1940/327680   ( 0.6%) 
waterverts               0/65536           0/786432   ( 0.0%) 
waterindices          3027/65536        6054/131072   ( 4.6%) 
cubemapsamples          43/1024          688/16384    ( 4.2%) 
overlays                15/512          5280/180224   ( 2.9%) 
LDR lightdata         [variable]     2375168/0        ( 0.0%) 
HDR lightdata         [variable]           0/0        ( 0.0%) 
visdata               [variable]      105159/16777216 ( 0.6%) 
entdata               [variable]       51094/393216   (13.0%) 
LDR ambient table     1902/65536        7608/262144   ( 2.9%) 
HDR ambient table     1902/65536        7608/262144   ( 2.9%) 
LDR leaf ambient     13734/65536      384552/1835008  (21.0%) 
HDR leaf ambient      1902/65536       53256/1835008  ( 2.9%) 
occluders                0/0               0/0        ( 0.0%) 
occluder polygons        0/0               0/0        ( 0.0%) 
occluder vert ind        0/0               0/0        ( 0.0%) 
detail props          [variable]           1/12       ( 8.3%) 
static props          [variable]           1/14588    ( 0.0%) 
pakfile               [variable]        9975/0        ( 0.0%) 
physics               [variable]      225464/4194304  ( 5.4%) 
physics terrain       [variable]       35878/1048576  ( 3.4%) 

Level flags = 0

Total triangle count: 7766
Writing d:\documents\mapping\tf2\tf2-maps\labor\a9\koth_labor_a9.bsp
23 seconds elapsed
