


materialPath: D:\Program Files (x86)\Steam\steamapps\common\Team Fortress 2\tf\materials
Loading D:\Documents\Mapping\tf2\TF2-Maps\Labor\A2B\koth_labor_a2b.vmf
ConVarRef mat_reduceparticles doesn't point to an existing ConVar
Patching WVT material: maps/koth_labor_a2b/dev/dev_blendmeasure2_wvt_patch
Patching WVT material: maps/koth_labor_a2b/dev/dev_blendmeasure_wvt_patch
Patching WVT material: maps/koth_labor_a2b/winter/blendgraveltograss002_wvt_patch
fixing up env_cubemap materials on brush sides...
0...1...2...3...4...5...6...7...8...9...100...1...2...3...4...5...6...7...8...9...10Processing areas...done (0)
Building Faces...done (0)
Chop Details...done (0)
Find Visible Detail Sides...done (0)
Merging details...done (0)
FixTjuncs...
PruneNodes...
WriteBSP...
done (0)
writing D:\Documents\Mapping\tf2\TF2-Maps\Labor\A2B\koth_labor_a2b.prt...Building visibility clusters...
done (0)
*** Error: Skybox vtf files for skybox/sky_alpinestorm_01 weren't compiled with the same size texture and/or same flags!
Can't load skybox file skybox/sky_alpinestorm_01 to build the default cubemap!
*** Error: Skybox vtf files for skybox/sky_alpinestorm_01 weren't compiled with the same size texture and/or same flags!
Can't load skybox file skybox/sky_alpinestorm_01 to build the default cubemap!
Finding displacement neighbors...
Finding lightmap sample positions...
Displacement Alpha : 0...1...2...3...4...5...6...7...8...9...10
Building Physics collision data...
done (1) (158774 bytes)
Placing detail props : 0...1...2...3...4...5...6...7...8...9...10
Compacting texture/material tables...
Reduced 562 texinfos to 262
Reduced 23 texdatas to 19 (617 bytes to 497)
Writing D:\Documents\Mapping\tf2\TF2-Maps\Labor\A2B\koth_labor_a2b.bsp
MSG_FILEWRITE - Filesystem was asked to write to 'D:\Documents\Mapping\tf2\TF2-Maps\Labor\A2B\koth_labor_a2b.bsp', but we don't own that location. Allowing.
Wrote ZIP buffer, estimated size 1509, actual size 1161
3 seconds elapsed



4 threads
reading d:\documents\mapping\tf2\tf2-maps\labor\a2b\koth_labor_a2b.bsp
reading d:\documents\mapping\tf2\tf2-maps\labor\a2b\koth_labor_a2b.prt
 606 portalclusters
1647 numportals
0...1...2...3...4...5...6...7...8...9...100...1...2...3...4...5...6...7...8...9...10Optimized: 992 visible clusters (1.04%)
Total clusters visible: 95142
Average clusters visible: 157
Building PAS...
Average clusters audible: 411
visdatasize:74916  compressed from 96960
writing d:\documents\mapping\tf2\tf2-maps\labor\a2b\koth_labor_a2b.bsp
MSG_FILEWRITE - Filesystem was asked to write to 'd:\documents\mapping\tf2\tf2-maps\labor\a2b\koth_labor_a2b.bsp', but we don't own that location. Allowing.
4 seconds elapsed



[Reading texlights from 'lights.rad']
[56 texlights parsed from 'lights.rad']

Loading d:\documents\mapping\tf2\tf2-maps\labor\a2b\koth_labor_a2b.bsp
2631 faces
863465 square feet [124339048.00 square inches]
204 Displacements
83730 Square Feet [12057207.00 Square Inches]
2631 patches before subdivision
85335 patches after subdivision
62 direct lights
0...1...2...3...4...5...6...7...8...9...100...1...2...3...4...5...6...7...8...9...10transfers 7238986, max 425
transfer lists:  55.2 megs
0...1...2...3...4...5...6...7...8...9...10	Bounce #1 added RGB(300131, 309399, 321597)
0...1...2...3...4...5...6...7...8...9...10	Bounce #2 added RGB(63116, 59696, 62661)
0...1...2...3...4...5...6...7...8...9...10	Bounce #3 added RGB(15139, 13495, 14170)
0...1...2...3...4...5...6...7...8...9...10	Bounce #4 added RGB(3862, 3318, 3488)
0...1...2...3...4...5...6...7...8...9...10	Bounce #5 added RGB(1022, 856, 899)
0...1...2...3...4...5...6...7...8...9...10	Bounce #6 added RGB(276, 227, 238)
0...1...2...3...4...5...6...7...8...9...10	Bounce #7 added RGB(76, 61, 64)
0...1...2...3...4...5...6...7...8...9...10	Bounce #8 added RGB(21, 17, 18)
0...1...2...3...4...5...6...7...8...9...10	Bounce #9 added RGB(6, 5, 5)
0...1...2...3...4...5...6...7...8...9...10	Bounce #10 added RGB(2, 1, 1)
0...1...2...3...4...5...6...7...8...9...10	Bounce #11 added RGB(0, 0, 0)
Build Patch/Sample Hash Table(s).....Done<0.0213 sec>
0...1...2...3...4...5...6...7...8...9...10FinalLightFace Done
0 of 0 (0% of) surface lights went in leaf ambient cubes.
0...1...2...3...4...5...6...7...8...9...10Writing leaf ambient...done
Computing static prop lighting : 00...1...2...3...4...5...6...7...8...9...10
Ready to Finish

Object names       Objects/Maxobjs  Memory / Maxmem  Fullness 
------------       ---------------  ---------------  -------- 
models                  18/1024          864/49152    ( 1.8%) 
brushes                432/8192         5184/98304    ( 5.3%) 
brushsides            2638/65536       21104/524288   ( 4.0%) 
planes                 836/65536       16720/1310720  ( 1.3%) 
vertexes              4427/65536       53124/786432   ( 6.8%) 
nodes                 1487/65536       47584/2097152  ( 2.3%) 
texinfos               262/12288       18864/884736   ( 2.1%) 
texdata                 19/2048          608/65536    ( 0.9%) 
dispinfos              204/0           35904/0        ( 0.0%) 
disp_verts           16524/0          330480/0        ( 0.0%) 
disp_tris            26112/0           52224/0        ( 0.0%) 
disp_lmsamples      240000/0          240000/0        ( 0.0%) 
faces                 2631/65536      147336/3670016  ( 4.0%) 
hdr faces                0/65536           0/3670016  ( 0.0%) 
origfaces             1334/65536       74704/3670016  ( 2.0%) 
leaves                1506/65536       48192/2097152  ( 2.3%) 
leaffaces             2792/65536        5584/131072   ( 4.3%) 
leafbrushes           1306/65536        2612/131072   ( 2.0%) 
areas                    2/256            16/2048     ( 0.8%) 
surfedges            17501/512000      70004/2048000  ( 3.4%) 
edges                10089/256000      40356/1024000  ( 3.9%) 
LDR worldlights         62/8192         5456/720896   ( 0.8%) 
HDR worldlights          0/8192            0/720896   ( 0.0%) 
leafwaterdata            0/32768           0/393216   ( 0.0%) 
waterstrips            195/32768        1950/327680   ( 0.6%) 
waterverts               0/65536           0/786432   ( 0.0%) 
waterindices          2823/65536        5646/131072   ( 4.3%) 
cubemapsamples           0/1024            0/16384    ( 0.0%) 
overlays                15/512          5280/180224   ( 2.9%) 
LDR lightdata         [variable]     1685408/0        ( 0.0%) 
HDR lightdata         [variable]           0/0        ( 0.0%) 
visdata               [variable]       74916/16777216 ( 0.4%) 
entdata               [variable]       41485/393216   (10.6%) 
LDR ambient table     1506/65536        6024/262144   ( 2.3%) 
HDR ambient table     1506/65536        6024/262144   ( 2.3%) 
LDR leaf ambient      8357/65536      233996/1835008  (12.8%) 
HDR leaf ambient      1506/65536       42168/1835008  ( 2.3%) 
occluders                0/0               0/0        ( 0.0%) 
occluder polygons        0/0               0/0        ( 0.0%) 
occluder vert ind        0/0               0/0        ( 0.0%) 
detail props          [variable]           1/12       ( 8.3%) 
static props          [variable]           1/12964    ( 0.0%) 
pakfile               [variable]      749613/0        ( 0.0%) 
physics               [variable]      158774/4194304  ( 3.8%) 
physics terrain       [variable]       40816/1048576  ( 3.9%) 

Level flags = 1

Total triangle count: 6914
Writing d:\documents\mapping\tf2\tf2-maps\labor\a2b\koth_labor_a2b.bsp
2 minutes, 4 seconds elapsed
