PRT1
181
578
4 0 21 (1088 1024 -128 ) (1472 1024 -128 ) (1472 1024 0 ) (1088 1024 0 ) 
4 0 23 (1024 1024 0 ) (1024 1024 -128 ) (1088 1024 -128 ) (1088 1024 0 ) 
4 0 20 (1472 1024 -128 ) (1936 1024 -128 ) (1936 1024 0 ) (1472 1024 0 ) 
4 0 18 (1024 1024 16 ) (1024 1024 0 ) (1088 1024 0 ) (1088 1024 16 ) 
4 0 16 (1472 1024 0 ) (1536 1024 0 ) (1536 1024 16 ) (1472 1024 16 ) 
4 0 15 (1536 1024 0 ) (1936 1024 0 ) (1936 1024 16 ) (1536 1024 16 ) 
4 0 17 (1088 1024 0 ) (1472 1024 0 ) (1472 1024 16 ) (1088 1024 16 ) 
4 0 9 (1024 1024 192 ) (1024 1024 16 ) (1136 1024 16 ) (1136 1024 192 ) 
4 0 7 (1136 1024 16 ) (1152 1024 16 ) (1152 1024 192 ) (1136 1024 192 ) 
4 0 6 (1152 1024 560 ) (1024 1024 560 ) (1024 1024 192 ) (1152 1024 192 ) 
4 0 3 (1552 1024 560 ) (1536 1024 560 ) (1536 1024 16 ) (1552 1024 16 ) 
4 0 2 (1936 1024 560 ) (1552 1024 560 ) (1552 1024 16 ) (1936 1024 16 ) 
4 0 5 (1536 1024 560 ) (1152 1024 560 ) (1152 1024 16 ) (1536 1024 16 ) 
4 0 1 (1024 1024 -128 ) (1024 1024 560 ) (1024 1472 560 ) (1024 1472 -128 ) 
4 1 49 (0 1024 -128 ) (0 1024 560 ) (0 1472 560 ) (0 1472 -128 ) 
4 1 48 (1024 1024 -128 ) (1024 1024 -16 ) (0 1024 -16 ) (0 1024 -128 ) 
4 1 47 (1024 1024 -16 ) (1024 1024 0 ) (0 1024 0 ) (0 1024 -16 ) 
4 1 44 (1024 1024 0 ) (1024 1024 16 ) (256 1024 16 ) (256 1024 0 ) 
4 1 45 (256 1024 16 ) (0 1024 16 ) (0 1024 0 ) (256 1024 0 ) 
4 1 30 (1024 1024 16 ) (1024 1024 368 ) (0 1024 368 ) (0 1024 16 ) 
4 1 28 (256 1024 416 ) (0 1024 416 ) (0 1024 368 ) (256 1024 368 ) 
4 1 26 (1024 1024 368 ) (1024 1024 416 ) (256 1024 416 ) (256 1024 368 ) 
4 1 25 (1024 1024 416 ) (1024 1024 560 ) (0 1024 560 ) (0 1024 416 ) 
4 2 69 (1936 0 560 ) (1552 0 560 ) (1552 0 16 ) (1936 0 16 ) 
4 2 15 (1936 0 16 ) (1552 0 16 ) (1552 1024 16 ) (1936 1024 16 ) 
4 2 4 (1552 0 432 ) (1552 0 560 ) (1552 896 560 ) (1552 896 432 ) 
4 2 3 (1552 1024 16 ) (1552 896 16 ) (1552 896 560 ) (1552 1024 560 ) 
4 3 15 (1536 896 16 ) (1536 1024 16 ) (1552 1024 16 ) (1552 896 16 ) 
4 3 4 (1536 896 560 ) (1536 896 432 ) (1552 896 432 ) (1552 896 560 ) 
4 3 5 (1536 1024 16 ) (1536 896 16 ) (1536 896 560 ) (1536 1024 560 ) 
4 4 70 (1552 0 560 ) (1536 0 560 ) (1536 0 432 ) (1552 0 432 ) 
4 4 5 (1536 0 432 ) (1536 0 560 ) (1536 896 560 ) (1536 896 432 ) 
4 5 71 (1536 0 560 ) (1152 0 560 ) (1152 0 16 ) (1536 0 16 ) 
4 5 16 (1472 896 16 ) (1472 1024 16 ) (1536 1024 16 ) (1536 896 16 ) 
4 5 17 (1472 0 16 ) (1152 0 16 ) (1152 1024 16 ) (1472 1024 16 ) 
4 5 13 (1152 336 16 ) (1152 320 16 ) (1152 320 176 ) (1152 336 176 ) 
4 5 14 (1152 320 16 ) (1152 0 16 ) (1152 0 192 ) (1152 320 192 ) 
4 5 8 (1152 784 16 ) (1152 336 16 ) (1152 336 176 ) (1152 784 176 ) 
4 5 7 (1152 1024 16 ) (1152 784 16 ) (1152 784 192 ) (1152 1024 192 ) 
4 5 6 (1152 0 192 ) (1152 0 560 ) (1152 1024 560 ) (1152 1024 192 ) 
4 6 71 (1152 0 560 ) (1024 0 560 ) (1024 0 192 ) (1152 0 192 ) 
4 6 43 (1024 320 192 ) (1024 0 192 ) (1024 0 368 ) (1024 320 368 ) 
4 6 35 (1024 480 192 ) (1024 336 192 ) (1024 336 320 ) (1024 480 320 ) 
4 6 30 (1024 1024 368 ) (1024 1024 192 ) (1024 896 192 ) (1024 896 368 ) 
4 6 26 (1024 1024 416 ) (1024 1024 368 ) (1024 896 368 ) (1024 896 416 ) 
4 6 27 (1024 320 368 ) (1024 0 368 ) (1024 0 416 ) (1024 320 416 ) 
4 6 25 (1024 1024 560 ) (1024 1024 416 ) (1024 0 416 ) (1024 0 560 ) 
4 6 14 (1024 0 192 ) (1024 320 192 ) (1152 320 192 ) (1152 0 192 ) 
4 6 11 (1024 336 192 ) (1024 768 192 ) (1136 768 192 ) (1136 336 192 ) 
4 6 9 (1024 784 192 ) (1024 1024 192 ) (1136 1024 192 ) (1136 784 192 ) 
4 6 7 (1136 1024 192 ) (1152 1024 192 ) (1152 784 192 ) (1136 784 192 ) 
4 7 17 (1136 1024 16 ) (1152 1024 16 ) (1152 784 16 ) (1136 784 16 ) 
4 7 9 (1136 1024 16 ) (1136 784 16 ) (1136 784 192 ) (1136 1024 192 ) 
4 7 8 (1136 784 176 ) (1136 784 16 ) (1152 784 16 ) (1152 784 176 ) 
4 8 17 (1152 784 16 ) (1152 336 16 ) (1136 336 16 ) (1136 784 16 ) 
4 8 13 (1136 336 16 ) (1152 336 16 ) (1152 336 176 ) (1136 336 176 ) 
4 8 12 (1136 768 16 ) (1136 336 16 ) (1136 336 176 ) (1136 768 176 ) 
4 8 10 (1136 784 16 ) (1136 768 16 ) (1136 768 176 ) (1136 784 176 ) 
4 9 30 (1024 1024 192 ) (1024 1024 16 ) (1024 896 16 ) (1024 896 192 ) 
4 9 18 (1024 896 16 ) (1024 1024 16 ) (1088 1024 16 ) (1088 896 16 ) 
4 9 17 (1088 1024 16 ) (1136 1024 16 ) (1136 784 16 ) (1088 784 16 ) 
4 9 10 (1024 784 16 ) (1136 784 16 ) (1136 784 176 ) (1024 784 176 ) 
4 10 17 (1088 784 16 ) (1136 784 16 ) (1136 768 16 ) (1088 768 16 ) 
4 10 12 (1024 768 16 ) (1136 768 16 ) (1136 768 176 ) (1024 768 176 ) 
4 11 12 (1024 768 191 ) (1136 768 191 ) (1136 336 191 ) (1024 336 191 ) 
4 12 31 (1024 656 16 ) (1024 512 16 ) (1024 512 144 ) (1024 656 144 ) 
4 12 17 (1088 768 16 ) (1136 768 16 ) (1136 336 16 ) (1088 336 16 ) 
4 12 13 (1024 336 16 ) (1136 336 16 ) (1136 336 176 ) (1024 336 176 ) 
4 13 17 (1088 336 16 ) (1152 336 16 ) (1152 320 16 ) (1088 320 16 ) 
4 13 14 (1024 320 16 ) (1152 320 16 ) (1152 320 176 ) (1024 320 176 ) 
4 14 71 (1024 0 192 ) (1024 0 16 ) (1152 0 16 ) (1152 0 192 ) 
4 14 43 (1024 320 16 ) (1024 0 16 ) (1024 0 192 ) (1024 320 192 ) 
4 14 19 (1088 0 16 ) (1024 0 16 ) (1024 256 16 ) (1088 256 16 ) 
4 14 17 (1152 0 16 ) (1088 0 16 ) (1088 320 16 ) (1152 320 16 ) 
4 15 72 (1936 0 16 ) (1536 0 16 ) (1536 0 0 ) (1936 0 0 ) 
4 15 20 (1536 1024 0 ) (1936 1024 0 ) (1936 0 0 ) (1536 0 0 ) 
4 15 16 (1536 1024 0 ) (1536 896 0 ) (1536 896 16 ) (1536 1024 16 ) 
4 16 20 (1472 1024 0 ) (1536 1024 0 ) (1536 896 0 ) (1472 896 0 ) 
4 16 17 (1472 1024 0 ) (1472 896 0 ) (1472 896 16 ) (1472 1024 16 ) 
4 17 74 (1472 0 16 ) (1088 0 16 ) (1088 0 0 ) (1472 0 0 ) 
4 17 21 (1088 1024 0 ) (1472 1024 0 ) (1472 896 0 ) (1088 896 0 ) 
4 17 19 (1088 256 0 ) (1088 0 0 ) (1088 0 16 ) (1088 256 16 ) 
4 17 18 (1088 1024 0 ) (1088 896 0 ) (1088 896 16 ) (1088 1024 16 ) 
4 18 44 (1024 1024 16 ) (1024 1024 0 ) (1024 896 0 ) (1024 896 16 ) 
4 18 23 (1024 896 0 ) (1024 1024 0 ) (1088 1024 0 ) (1088 896 0 ) 
4 19 74 (1088 0 16 ) (1024 0 16 ) (1024 0 0 ) (1088 0 0 ) 
4 19 46 (1024 256 0 ) (1024 0 0 ) (1024 0 16 ) (1024 256 16 ) 
4 20 73 (1536 0 0 ) (1472 0 0 ) (1472 0 -128 ) (1536 0 -128 ) 
4 20 72 (1936 0 0 ) (1536 0 0 ) (1536 0 -128 ) (1936 0 -128 ) 
4 20 24 (1472 256 -128 ) (1472 0 -128 ) (1472 0 -16 ) (1472 256 -16 ) 
4 20 22 (1472 896 -128 ) (1472 256 -128 ) (1472 256 -16 ) (1472 896 -16 ) 
4 20 21 (1472 1024 -128 ) (1472 896 -128 ) (1472 896 0 ) (1472 1024 0 ) 
4 21 22 (1088 896 -16 ) (1088 896 -128 ) (1472 896 -128 ) (1472 896 -16 ) 
4 21 23 (1088 1024 -128 ) (1088 896 -128 ) (1088 896 0 ) (1088 1024 0 ) 
4 22 24 (1088 256 -128 ) (1472 256 -128 ) (1472 256 -16 ) (1088 256 -16 ) 
4 22 23 (1088 896 -128 ) (1088 256 -128 ) (1088 256 -16 ) (1088 896 -16 ) 
4 23 48 (1024 1024 -16 ) (1024 1024 -128 ) (1024 256 -128 ) (1024 256 -16 ) 
4 23 47 (1024 1024 0 ) (1024 1024 -16 ) (1024 256 -16 ) (1024 256 0 ) 
4 23 24 (1024 256 -128 ) (1088 256 -128 ) (1088 256 -16 ) (1024 256 -16 ) 
4 24 76 (1024 0 -16 ) (1024 0 -128 ) (1472 0 -128 ) (1472 0 -16 ) 
4 24 48 (1024 256 -128 ) (1024 0 -128 ) (1024 0 -16 ) (1024 256 -16 ) 
4 25 121 (240 0 560 ) (0 0 560 ) (0 0 416 ) (240 0 416 ) 
4 25 116 (256 0 560 ) (240 0 560 ) (240 0 416 ) (256 0 416 ) 
4 25 113 (896 0 560 ) (256 0 560 ) (256 0 416 ) (896 0 416 ) 
4 25 104 (1024 0 416 ) (1024 0 560 ) (896 0 560 ) (896 0 416 ) 
4 25 52 (0 320 432 ) (0 832 432 ) (0 832 416 ) (0 320 416 ) 
4 25 53 (0 0 416 ) (0 0 432 ) (0 320 432 ) (0 320 416 ) 
4 25 51 (0 0 432 ) (0 0 560 ) (0 832 560 ) (0 832 432 ) 
4 25 50 (0 832 560 ) (0 1024 560 ) (0 1024 416 ) (0 832 416 ) 
4 25 28 (0 832 416 ) (0 1024 416 ) (256 1024 416 ) (256 832 416 ) 
4 25 29 (256 0 416 ) (0 0 416 ) (0 320 416 ) (256 320 416 ) 
4 25 26 (1024 1024 416 ) (1024 896 416 ) (256 896 416 ) (256 1024 416 ) 
4 25 27 (1024 320 416 ) (1024 0 416 ) (256 0 416 ) (256 320 416 ) 
4 26 30 (256 896 368 ) (256 1024 368 ) (1024 1024 368 ) (1024 896 368 ) 
4 26 28 (256 1024 368 ) (256 896 368 ) (256 896 416 ) (256 1024 416 ) 
4 27 113 (896 0 416 ) (256 0 416 ) (256 0 368 ) (896 0 368 ) 
4 27 104 (1024 0 368 ) (1024 0 416 ) (896 0 416 ) (896 0 368 ) 
4 27 43 (1024 0 368 ) (256 0 368 ) (256 320 368 ) (1024 320 368 ) 
4 27 29 (256 320 368 ) (256 0 368 ) (256 0 416 ) (256 320 416 ) 
4 28 50 (0 832 416 ) (0 1024 416 ) (0 1024 368 ) (0 832 368 ) 
4 28 40 (0 832 368 ) (0 896 368 ) (256 896 368 ) (256 832 368 ) 
4 28 30 (0 896 368 ) (0 1024 368 ) (256 1024 368 ) (256 896 368 ) 
4 29 121 (240 0 416 ) (0 0 416 ) (0 0 368 ) (240 0 368 ) 
4 29 117 (240 0 384 ) (240 0 368 ) (256 0 368 ) (256 0 384 ) 
4 29 116 (256 0 416 ) (240 0 416 ) (240 0 384 ) (256 0 384 ) 
4 29 60 (0 0 368 ) (0 0 400 ) (0 320 400 ) (0 320 368 ) 
4 29 53 (0 0 400 ) (0 0 416 ) (0 320 416 ) (0 320 400 ) 
4 29 43 (256 0 368 ) (0 0 368 ) (0 320 368 ) (256 320 368 ) 
4 30 50 (0 896 368 ) (0 1024 368 ) (0 1024 16 ) (0 896 16 ) 
4 30 44 (1024 1024 16 ) (1024 896 16 ) (256 896 16 ) (256 1024 16 ) 
4 30 45 (256 896 16 ) (0 896 16 ) (0 1024 16 ) (256 1024 16 ) 
4 30 41 (0 896 16 ) (256 896 16 ) (256 896 192 ) (0 896 192 ) 
4 30 40 (256 896 368 ) (0 896 368 ) (0 896 192 ) (256 896 192 ) 
4 30 38 (416 896 352 ) (288 896 352 ) (288 896 192 ) (416 896 192 ) 
4 31 33 (1008 656 16 ) (1008 512 16 ) (1008 512 144 ) (1008 656 144 ) 
4 32 39 (448 688 192 ) (448 688 352 ) (448 880 352 ) (448 880 192 ) 
4 32 37 (448 688 352 ) (448 688 368 ) (448 880 368 ) (448 880 352 ) 
5 32 33 (448 688 368 ) (448 688 192 ) (832 688 16 ) (1008 688 16 ) (1008 688 368 ) 
4 33 39 (448 512 192 ) (448 512 352 ) (448 688 352 ) (448 688 192 ) 
4 33 37 (448 512 352 ) (448 512 368 ) (448 688 368 ) (448 688 352 ) 
4 33 34 (448 512 368 ) (448 512 192 ) (1008 512 192 ) (1008 512 368 ) 
4 34 39 (448 512 352 ) (448 512 192 ) (448 480 192 ) (448 480 352 ) 
4 34 37 (448 480 368 ) (448 512 368 ) (448 512 352 ) (448 480 352 ) 
4 34 36 (448 480 368 ) (448 480 192 ) (1008 480 192 ) (1008 480 368 ) 
4 35 36 (1008 480 320 ) (1008 480 192 ) (1008 336 192 ) (1008 336 320 ) 
4 36 42 (960 336 368 ) (448 336 368 ) (448 336 240 ) (960 336 240 ) 
4 36 39 (448 336 192 ) (448 336 352 ) (448 480 352 ) (448 480 192 ) 
4 36 37 (448 336 352 ) (448 336 368 ) (448 480 368 ) (448 480 352 ) 
4 37 42 (448 336 352 ) (448 336 368 ) (320 336 368 ) (320 336 352 ) 
4 37 39 (272 336 352 ) (272 880 352 ) (448 880 352 ) (448 336 352 ) 
4 38 39 (416 880 352 ) (288 880 352 ) (288 880 192 ) (416 880 192 ) 
4 39 42 (448 336 240 ) (448 336 352 ) (320 336 352 ) (320 336 240 ) 
4 40 50 (0 832 368 ) (0 896 368 ) (0 896 192 ) (0 832 192 ) 
4 40 41 (0 896 192 ) (256 896 192 ) (256 832 192 ) (0 832 192 ) 
4 41 50 (0 896 192 ) (0 896 16 ) (0 832 16 ) (0 832 192 ) 
4 41 45 (0 832 16 ) (0 896 16 ) (256 896 16 ) (256 832 16 ) 
4 42 43 (960 320 368 ) (320 320 368 ) (320 320 240 ) (960 320 240 ) 
4 43 121 (240 0 368 ) (0 0 368 ) (0 0 16 ) (240 0 16 ) 
4 43 120 (240 0 48 ) (240 0 16 ) (256 0 16 ) (256 0 48 ) 
4 43 118 (240 0 144 ) (240 0 48 ) (256 0 48 ) (256 0 144 ) 
4 43 117 (256 0 368 ) (240 0 368 ) (240 0 144 ) (256 0 144 ) 
4 43 113 (896 0 368 ) (256 0 368 ) (256 0 16 ) (896 0 16 ) 
4 43 109 (912 0 368 ) (896 0 368 ) (896 0 16 ) (912 0 16 ) 
4 43 105 (1024 0 16 ) (1024 0 368 ) (912 0 368 ) (912 0 16 ) 
4 43 61 (0 256 272 ) (0 320 272 ) (0 320 16 ) (0 256 16 ) 
4 43 62 (0 0 16 ) (0 0 272 ) (0 256 272 ) (0 256 16 ) 
4 43 60 (0 0 272 ) (0 0 368 ) (0 320 368 ) (0 320 272 ) 
4 43 46 (1024 256 16 ) (1024 0 16 ) (0 0 16 ) (0 256 16 ) 
4 44 47 (256 1024 0 ) (1024 1024 0 ) (1024 896 0 ) (256 896 0 ) 
4 44 45 (256 1024 0 ) (256 896 0 ) (256 896 16 ) (256 1024 16 ) 
4 45 57 (0 320 16 ) (0 832 16 ) (0 832 0 ) (0 320 0 ) 
4 45 50 (0 832 16 ) (0 1024 16 ) (0 1024 0 ) (0 832 0 ) 
4 45 47 (0 320 0 ) (0 1024 0 ) (256 1024 0 ) (256 320 0 ) 
4 46 129 (1024 0 0 ) (1024 0 16 ) (0 0 16 ) (0 0 0 ) 
4 46 62 (0 0 0 ) (0 0 16 ) (0 256 16 ) (0 256 0 ) 
4 47 64 (0 256 0 ) (0 1024 0 ) (0 1024 -16 ) (0 256 -16 ) 
4 47 48 (1024 1024 -16 ) (1024 256 -16 ) (0 256 -16 ) (0 1024 -16 ) 
4 48 135 (1024 0 -128 ) (1024 0 -16 ) (0 0 -16 ) (0 0 -128 ) 
4 48 65 (0 0 -128 ) (0 0 -16 ) (0 256 -16 ) (0 256 -128 ) 
4 48 64 (0 256 -16 ) (0 1024 -16 ) (0 1024 -128 ) (0 256 -128 ) 
4 49 67 (-1024 1024 -128 ) (-1024 1024 560 ) (-1024 1472 560 ) (-1024 1472 -128 ) 
4 49 64 (0 1024 -128 ) (0 1024 0 ) (-896 1024 0 ) (-896 1024 -128 ) 
4 49 66 (-896 1024 0 ) (-1024 1024 0 ) (-1024 1024 -128 ) (-896 1024 -128 ) 
4 49 50 (0 1024 0 ) (0 1024 560 ) (-1024 1024 560 ) (-1024 1024 0 ) 
4 50 68 (-1024 1024 560 ) (-1024 1024 0 ) (-1024 832 0 ) (-1024 832 560 ) 
4 50 64 (-896 1024 0 ) (0 1024 0 ) (0 832 0 ) (-896 832 0 ) 
4 50 66 (-1024 832 0 ) (-1024 1024 0 ) (-896 1024 0 ) (-896 832 0 ) 
4 50 59 (-1024 832 0 ) (-896 832 0 ) (-896 832 400 ) (-1024 832 400 ) 
4 50 58 (-256 832 16 ) (-256 832 400 ) (-640 832 400 ) (-640 832 16 ) 
4 50 57 (-256 832 0 ) (0 832 0 ) (0 832 16 ) (-256 832 16 ) 
4 50 55 (-656 832 432 ) (-880 832 432 ) (-880 832 400 ) (-656 832 400 ) 
4 50 56 (-896 832 432 ) (-1024 832 432 ) (-1024 832 400 ) (-896 832 400 ) 
4 50 54 (-256 832 432 ) (-640 832 432 ) (-640 832 400 ) (-256 832 400 ) 
4 50 52 (0 832 416 ) (0 832 432 ) (-256 832 432 ) (-256 832 416 ) 
4 50 51 (0 832 432 ) (0 832 560 ) (-1024 832 560 ) (-1024 832 432 ) 
4 51 158 (-480 0 560 ) (-1024 0 560 ) (-1024 0 432 ) (-480 0 432 ) 
4 51 149 (-384 0 560 ) (-480 0 560 ) (-480 0 432 ) (-384 0 432 ) 
4 51 138 (0 0 432 ) (0 0 560 ) (-384 0 560 ) (-384 0 432 ) 
4 51 68 (-1024 0 432 ) (-1024 0 560 ) (-1024 832 560 ) (-1024 832 432 ) 
4 51 55 (-880 832 432 ) (-656 832 432 ) (-656 0 432 ) (-880 0 432 ) 
4 51 56 (-1024 832 432 ) (-896 832 432 ) (-896 0 432 ) (-1024 0 432 ) 
4 51 54 (-640 832 432 ) (-256 832 432 ) (-256 0 432 ) (-640 0 432 ) 
4 51 52 (-256 832 432 ) (0 832 432 ) (0 320 432 ) (-256 320 432 ) 
4 51 53 (0 320 432 ) (0 0 432 ) (-256 0 432 ) (-256 320 432 ) 
4 52 54 (-256 320 416 ) (-256 320 432 ) (-256 832 432 ) (-256 832 416 ) 
4 52 53 (-256 320 432 ) (-256 320 416 ) (0 320 416 ) (0 320 432 ) 
4 53 138 (0 0 400 ) (0 0 432 ) (-256 0 432 ) (-256 0 400 ) 
4 53 60 (0 0 400 ) (-256 0 400 ) (-256 320 400 ) (0 320 400 ) 
4 53 54 (-256 320 400 ) (-256 0 400 ) (-256 0 432 ) (-256 320 432 ) 
4 54 159 (-480 0 432 ) (-640 0 432 ) (-640 0 400 ) (-480 0 400 ) 
4 54 149 (-384 0 432 ) (-480 0 432 ) (-480 0 400 ) (-384 0 400 ) 
4 54 138 (-256 0 432 ) (-384 0 432 ) (-384 0 400 ) (-256 0 400 ) 
4 54 60 (-256 0 400 ) (-640 0 400 ) (-640 320 400 ) (-256 320 400 ) 
4 54 58 (-640 320 400 ) (-640 832 400 ) (-256 832 400 ) (-256 320 400 ) 
4 55 160 (-656 0 432 ) (-880 0 432 ) (-880 0 400 ) (-656 0 400 ) 
4 56 161 (-896 0 432 ) (-1024 0 432 ) (-1024 0 400 ) (-896 0 400 ) 
4 56 68 (-1024 0 400 ) (-1024 0 432 ) (-1024 832 432 ) (-1024 832 400 ) 
4 56 63 (-896 0 400 ) (-1024 0 400 ) (-1024 320 400 ) (-896 320 400 ) 
4 56 59 (-1024 320 400 ) (-1024 832 400 ) (-896 832 400 ) (-896 320 400 ) 
4 57 64 (-256 832 0 ) (0 832 0 ) (0 320 0 ) (-256 320 0 ) 
4 58 61 (-256 320 16 ) (-256 320 272 ) (-640 320 272 ) (-640 320 16 ) 
4 58 60 (-256 320 272 ) (-256 320 400 ) (-640 320 400 ) (-640 320 272 ) 
4 59 68 (-1024 320 400 ) (-1024 832 400 ) (-1024 832 0 ) (-1024 320 0 ) 
4 59 66 (-1024 320 0 ) (-1024 832 0 ) (-896 832 0 ) (-896 320 0 ) 
4 59 63 (-1024 320 0 ) (-896 320 0 ) (-896 320 400 ) (-1024 320 400 ) 
4 60 163 (-480 0 400 ) (-640 0 400 ) (-640 0 272 ) (-480 0 272 ) 
4 60 149 (-384 0 400 ) (-480 0 400 ) (-480 0 272 ) (-384 0 272 ) 
4 60 145 (-368 0 384 ) (-384 0 384 ) (-384 0 272 ) (-368 0 272 ) 
4 60 139 (0 0 272 ) (0 0 384 ) (-368 0 384 ) (-368 0 272 ) 
4 60 138 (0 0 384 ) (0 0 400 ) (-384 0 400 ) (-384 0 384 ) 
4 60 61 (-640 320 272 ) (0 320 272 ) (0 256 272 ) (-640 256 272 ) 
4 60 62 (0 256 272 ) (0 0 272 ) (-640 0 272 ) (-640 256 272 ) 
4 61 62 (0 256 272 ) (-896 256 272 ) (-896 256 16 ) (0 256 16 ) 
4 61 63 (-896 320 272 ) (-896 320 16 ) (-896 256 16 ) (-896 256 272 ) 
4 62 169 (0 0 0 ) (0 0 16 ) (-896 0 16 ) (-896 0 0 ) 
4 62 164 (-640 0 272 ) (-896 0 272 ) (-896 0 16 ) (-640 0 16 ) 
4 62 163 (-480 0 272 ) (-640 0 272 ) (-640 0 16 ) (-480 0 16 ) 
4 62 155 (-480 0 160 ) (-480 0 16 ) (-464 0 16 ) (-464 0 160 ) 
4 62 154 (-464 0 16 ) (-384 0 16 ) (-384 0 160 ) (-464 0 160 ) 
4 62 150 (-480 0 176 ) (-480 0 160 ) (-384 0 160 ) (-384 0 176 ) 
4 62 149 (-384 0 272 ) (-480 0 272 ) (-480 0 176 ) (-384 0 176 ) 
4 62 145 (-368 0 272 ) (-384 0 272 ) (-384 0 16 ) (-368 0 16 ) 
4 62 139 (0 0 16 ) (0 0 272 ) (-368 0 272 ) (-368 0 16 ) 
4 62 63 (-896 256 0 ) (-896 0 0 ) (-896 0 272 ) (-896 256 272 ) 
4 63 170 (-1024 0 16 ) (-1024 0 0 ) (-896 0 0 ) (-896 0 16 ) 
4 63 165 (-896 0 400 ) (-1024 0 400 ) (-1024 0 16 ) (-896 0 16 ) 
4 63 68 (-1024 0 0 ) (-1024 0 400 ) (-1024 320 400 ) (-1024 320 0 ) 
4 63 66 (-896 0 0 ) (-1024 0 0 ) (-1024 320 0 ) (-896 320 0 ) 
4 64 65 (-896 256 -16 ) (-896 256 -128 ) (0 256 -128 ) (0 256 -16 ) 
4 64 66 (-896 1024 -128 ) (-896 256 -128 ) (-896 256 0 ) (-896 1024 0 ) 
4 65 177 (0 0 -128 ) (0 0 -16 ) (-896 0 -16 ) (-896 0 -128 ) 
4 65 66 (-896 256 -128 ) (-896 0 -128 ) (-896 0 -16 ) (-896 256 -16 ) 
4 66 177 (-1024 0 -16 ) (-1024 0 -128 ) (-896 0 -128 ) (-896 0 -16 ) 
4 66 176 (-896 0 0 ) (-1024 0 0 ) (-1024 0 -16 ) (-896 0 -16 ) 
4 66 68 (-1024 0 -128 ) (-1024 0 0 ) (-1024 1024 0 ) (-1024 1024 -128 ) 
4 67 68 (-1024 1024 -128 ) (-1024 1024 560 ) (-1280 1024 560 ) (-1280 1024 -128 ) 
4 68 178 (-1024 0 -128 ) (-1024 0 560 ) (-1280 0 560 ) (-1280 0 -128 ) 
4 69 91 (1552 -192 192 ) (1552 -192 16 ) (1936 -192 16 ) (1936 -192 192 ) 
4 69 77 (1936 -192 560 ) (1552 -192 560 ) (1552 -192 192 ) (1936 -192 192 ) 
4 69 72 (1936 -192 16 ) (1552 -192 16 ) (1552 0 16 ) (1936 0 16 ) 
4 69 70 (1552 -192 432 ) (1552 -192 560 ) (1552 0 560 ) (1552 0 432 ) 
4 70 78 (1552 -192 560 ) (1536 -192 560 ) (1536 -192 432 ) (1552 -192 432 ) 
4 70 71 (1536 -192 432 ) (1536 -192 560 ) (1536 0 560 ) (1536 0 432 ) 
4 71 105 (1024 -192 16 ) (1024 -192 368 ) (1024 0 368 ) (1024 0 16 ) 
4 71 104 (1024 -192 368 ) (1024 -192 560 ) (1024 0 560 ) (1024 0 368 ) 
4 71 93 (1304 -192 16 ) (1448 -192 16 ) (1448 -192 144 ) (1304 -192 144 ) 
4 71 85 (1296 -192 560 ) (1024 -192 560 ) (1024 -192 368 ) (1296 -192 368 ) 
4 71 82 (1344 -192 240 ) (1424 -192 240 ) (1424 -192 320 ) (1344 -192 320 ) 
4 71 81 (1424 -192 240 ) (1456 -192 240 ) (1456 -192 240.250000 ) (1424 -192 240.250000 ) 
4 71 80 (1472 -192 560 ) (1296 -192 560 ) (1296 -192 368 ) (1472 -192 368 ) 
4 71 78 (1536 -192 560 ) (1472 -192 560 ) (1472 -192 432 ) (1536 -192 432 ) 
4 71 74 (1024 -128 16 ) (1024 0 16 ) (1472 0 16 ) (1472 -128 16 ) 
4 72 101 (1936 -192 16 ) (1536 -192 16 ) (1536 -192 -128 ) (1936 -192 -128 ) 
4 72 73 (1536 0 -128 ) (1536 -192 -128 ) (1536 -192 0 ) (1536 0 0 ) 
4 73 101 (1472 -192 0 ) (1472 -192 -128 ) (1536 -192 -128 ) (1536 -192 0 ) 
4 73 76 (1472 -192 -128 ) (1472 -192 -16 ) (1472 0 -16 ) (1472 0 -128 ) 
4 73 75 (1472 -192 -16 ) (1472 -192 0 ) (1472 -128 0 ) (1472 -128 -16 ) 
4 74 129 (1024 -128 16 ) (1024 0 16 ) (1024 0 0 ) (1024 -128 0 ) 
4 75 134 (1024 -192 -16 ) (1024 -192 0 ) (1024 -128 0 ) (1024 -128 -16 ) 
4 75 102 (1472 -192 -16 ) (1472 -192 0 ) (1024 -192 0 ) (1024 -192 -16 ) 
4 75 76 (1472 -128 -16 ) (1472 -192 -16 ) (1024 -192 -16 ) (1024 -128 -16 ) 
4 76 135 (1024 -192 -128 ) (1024 -192 -16 ) (1024 0 -16 ) (1024 0 -128 ) 
4 76 102 (1472 -192 -128 ) (1472 -192 -16 ) (1024 -192 -16 ) (1024 -192 -128 ) 
4 77 136 (1936 -1024 560 ) (1552 -1024 560 ) (1552 -1024 192 ) (1936 -1024 192 ) 
4 77 91 (1552 -192 192 ) (1936 -192 192 ) (1936 -1024 192 ) (1552 -1024 192 ) 
4 77 78 (1552 -704 432 ) (1552 -704 560 ) (1552 -192 560 ) (1552 -192 432 ) 
4 77 79 (1552 -704 192 ) (1552 -1024 192 ) (1552 -1024 560 ) (1552 -704 560 ) 
4 78 80 (1472 -192 560 ) (1472 -192 432 ) (1472 -704 432 ) (1472 -704 560 ) 
4 78 79 (1552 -704 432 ) (1552 -704 560 ) (1472 -704 560 ) (1472 -704 432 ) 
4 79 136 (1552 -1024 560 ) (1472 -1024 560 ) (1472 -1024 192 ) (1552 -1024 192 ) 
4 79 92 (1552 -704 192 ) (1552 -1024 192 ) (1472 -1024 192 ) (1472 -704 192 ) 
4 79 84 (1472 -704 192 ) (1472 -1024 192 ) (1472 -1024 368 ) (1472 -704 368 ) 
4 79 80 (1472 -1024 368 ) (1472 -1024 560 ) (1472 -704 560 ) (1472 -704 368 ) 
4 80 136 (1296 -1024 560 ) (1296 -1024 368 ) (1472 -1024 368 ) (1472 -1024 560 ) 
4 80 85 (1296 -192 560 ) (1296 -192 368 ) (1296 -1024 368 ) (1296 -1024 560 ) 
4 80 84 (1296 -1024 368 ) (1296 -704 368 ) (1472 -704 368 ) (1472 -1024 368 ) 
4 80 83 (1296 -688 368 ) (1296 -208 368 ) (1456 -208 368 ) (1456 -688 368 ) 
4 81 83 (1424 -208 240 ) (1456 -208 240 ) (1456 -208 240.250000 ) (1424 -208 240.250000 ) 
4 81 82 (1424 -192 240 ) (1424 -208 240 ) (1424 -208 240.250000 ) (1424 -192 240.250000 ) 
4 82 83 (1344 -208 240 ) (1424 -208 240 ) (1424 -208 320 ) (1344 -208 320 ) 
4 83 87 (1296 -208.250000 192 ) (1296 -352.250000 192 ) (1296 -352.250000 320 ) (1296 -208.250000 320 ) 
4 83 86 (1296 -208 192 ) (1296 -208.250000 192 ) (1296 -208.250000 368 ) (1296 -208 368 ) 
4 84 136 (1296 -1024 368 ) (1296 -1024 192 ) (1472 -1024 192 ) (1472 -1024 368 ) 
4 84 95 (1472 -704 192 ) (1472 -1024 192 ) (1296 -1024 192 ) (1296 -704 192 ) 
4 84 90 (1296 -704 192 ) (1296 -1024 192 ) (1296 -1024 368 ) (1296 -704 368 ) 
4 85 136 (1024 -1024 560 ) (1024 -1024 368 ) (1296 -1024 368 ) (1296 -1024 560 ) 
4 85 104 (1024 -1024 368 ) (1024 -1024 560 ) (1024 -192 560 ) (1024 -192 368 ) 
4 85 90 (1296 -704 368 ) (1296 -1024 368 ) (1024 -1024 368 ) (1024 -704 368 ) 
4 85 89 (1280 -688 368 ) (1024 -688 368 ) (1024 -352.250000 368 ) (1280 -352.250000 368 ) 
4 85 86 (1296 -208 368 ) (1296 -208.250000 368 ) (1280 -208.250000 368 ) (1280 -208 368 ) 
4 85 88 (1280 -352.250000 368 ) (1024 -352.250000 368 ) (1024 -208 368 ) (1280 -208 368 ) 
4 86 87 (1280 -208.250000 320 ) (1280 -208.250000 192 ) (1296 -208.250000 192 ) (1296 -208.250000 320 ) 
4 86 88 (1280 -208 368 ) (1280 -208 192 ) (1280 -208.250000 192 ) (1280 -208.250000 368 ) 
4 87 88 (1280 -208.250000 192 ) (1280 -352.250000 192 ) (1280 -352.250000 320 ) (1280 -208.250000 320 ) 
4 88 106 (1024 -352 368 ) (1024 -208 368 ) (1024 -208 192 ) (1024 -352 192 ) 
4 88 107 (1024 -352.250000 368 ) (1024 -352 368 ) (1024 -352 192 ) (1024 -352.250000 192 ) 
4 88 99 (1280 -352.250000 192 ) (1024 -352.250000 192 ) (1024 -352 192 ) (1280 -352 192 ) 
4 88 98 (1024 -352 192 ) (1024 -208 192 ) (1280 -208 192 ) (1280 -352 192 ) 
4 88 89 (1024 -352.250000 192 ) (1280 -352.250000 192 ) (1280 -352.250000 368 ) (1024 -352.250000 368 ) 
4 89 107 (1024 -688 368 ) (1024 -352.250000 368 ) (1024 -352.250000 192 ) (1024 -688 192 ) 
4 89 99 (1280 -688 192 ) (1024 -688 192 ) (1024 -352.250000 192 ) (1280 -352.250000 192 ) 
4 90 136 (1024 -1024 368 ) (1024 -1024 192 ) (1296 -1024 192 ) (1296 -1024 368 ) 
4 90 108 (1024 -1024 192 ) (1024 -1024 368 ) (1024 -704 368 ) (1024 -704 192 ) 
4 90 100 (1280 -1024 192 ) (1024 -1024 192 ) (1024 -704 192 ) (1280 -704 192 ) 
4 90 97 (1296 -704 192 ) (1296 -1024 192 ) (1280 -1024 192 ) (1280 -704 192 ) 
4 91 136 (1936 -1024 192 ) (1552 -1024 192 ) (1552 -1024 16 ) (1936 -1024 16 ) 
4 91 101 (1936 -1024 16 ) (1552 -1024 16 ) (1552 -192 16 ) (1936 -192 16 ) 
4 91 92 (1552 -704 16 ) (1552 -1024 16 ) (1552 -1024 192 ) (1552 -704 192 ) 
4 92 136 (1552 -1024 192 ) (1472 -1024 192 ) (1472 -1024 16 ) (1552 -1024 16 ) 
4 92 101 (1552 -1024 16 ) (1472 -1024 16 ) (1472 -704 16 ) (1552 -704 16 ) 
4 92 95 (1472 -704 16 ) (1472 -1024 16 ) (1472 -1024 192 ) (1472 -704 192 ) 
4 93 94 (1304 -208 16 ) (1448 -208 16 ) (1448 -208 144 ) (1304 -208 144 ) 
4 94 96 (1296 -552 16 ) (1296 -680 16 ) (1296 -680 176 ) (1296 -552 176 ) 
4 95 136 (1472 -1024 192 ) (1296 -1024 192 ) (1296 -1024 16 ) (1472 -1024 16 ) 
4 95 103 (1472 -1024 16 ) (1296 -1024 16 ) (1296 -704 16 ) (1472 -704 16 ) 
4 95 97 (1296 -704 16 ) (1296 -1024 16 ) (1296 -1024 192 ) (1296 -704 192 ) 
4 96 99 (1280 -552 16 ) (1280 -680 16 ) (1280 -680 176 ) (1280 -552 176 ) 
4 97 136 (1296 -1024 192 ) (1280 -1024 192 ) (1280 -1024 16 ) (1296 -1024 16 ) 
4 97 103 (1296 -1024 16 ) (1280 -1024 16 ) (1280 -704 16 ) (1296 -704 16 ) 
4 97 100 (1280 -704 16 ) (1280 -1024 16 ) (1280 -1024 192 ) (1280 -704 192 ) 
4 98 106 (1024 -352 192 ) (1024 -208 192 ) (1024 -208 35.555527 ) (1024 -352 35.555527 ) 
3 98 99 (1280 -352 192 ) (1024 -352 192 ) (1024 -352 35.555527 ) 
4 99 107 (1024 -688 192 ) (1024 -352 192 ) (1024 -352 16 ) (1024 -688 16 ) 
4 100 136 (1280 -1024 192 ) (1024 -1024 192 ) (1024 -1024 16 ) (1280 -1024 16 ) 
4 100 108 (1024 -1024 16 ) (1024 -1024 192 ) (1024 -704 192 ) (1024 -704 16 ) 
4 100 103 (1280 -1024 16 ) (1024 -1024 16 ) (1024 -704 16 ) (1280 -704 16 ) 
4 101 136 (1936 -1024 16 ) (1472 -1024 16 ) (1472 -1024 -128 ) (1936 -1024 -128 ) 
4 101 102 (1472 -192 -128 ) (1472 -704 -128 ) (1472 -704 0 ) (1472 -192 0 ) 
4 101 103 (1472 -704 -128 ) (1472 -1024 -128 ) (1472 -1024 16 ) (1472 -704 16 ) 
4 102 135 (1024 -192 -16 ) (1024 -192 -128 ) (1024 -704 -128 ) (1024 -704 -16 ) 
4 102 134 (1024 -192 0 ) (1024 -192 -16 ) (1024 -704 -16 ) (1024 -704 0 ) 
4 102 103 (1024 -704 -128 ) (1472 -704 -128 ) (1472 -704 0 ) (1024 -704 0 ) 
4 103 136 (1472 -1024 16 ) (1024 -1024 16 ) (1024 -1024 -128 ) (1472 -1024 -128 ) 
4 103 135 (1024 -1024 -128 ) (1024 -1024 -16 ) (1024 -704 -16 ) (1024 -704 -128 ) 
4 103 134 (1024 -1024 -16 ) (1024 -1024 0 ) (1024 -704 0 ) (1024 -704 -16 ) 
4 103 131 (1024 -1024 0 ) (1024 -1024 16 ) (1024 -704 16 ) (1024 -704 0 ) 
4 104 137 (1024 -1024 368 ) (1024 -1024 560 ) (896 -1024 560 ) (896 -1024 368 ) 
4 104 114 (896 -720 560 ) (896 -704 560 ) (896 -704 384 ) (896 -720 384 ) 
4 104 113 (896 -704 560 ) (896 0 560 ) (896 0 368 ) (896 -704 368 ) 
4 104 115 (896 -1024 368 ) (896 -1024 560 ) (896 -720 560 ) (896 -720 368 ) 
4 104 112 (896 -1024 368 ) (896 -704 368 ) (912 -704 368 ) (912 -1024 368 ) 
4 104 109 (896 -192 368 ) (896 0 368 ) (912 0 368 ) (912 -192 368 ) 
4 104 108 (1024 -704 368 ) (1024 -1024 368 ) (912 -1024 368 ) (912 -704 368 ) 
4 104 106 (1024 -208 368 ) (1024 -352 368 ) (912 -352 368 ) (912 -208 368 ) 
4 104 107 (1024 -352 368 ) (1024 -688 368 ) (912 -688 368 ) (912 -352 368 ) 
4 104 105 (912 0 368 ) (1024 0 368 ) (1024 -192 368 ) (912 -192 368 ) 
4 105 129 (912 0 16 ) (1024 0 16 ) (1024 -128 16 ) (912 -128 16 ) 
4 105 109 (912 0 16 ) (912 -192 16 ) (912 -192 368 ) (912 0 368 ) 
4 106 110 (912 -272 16 ) (912 -352 16 ) (912 -352 144 ) (912 -272 144 ) 
5 106 107 (912 -352 368 ) (912 -352 16 ) (992 -352 16 ) (1024 -352 35.555519 ) (1024 -352 368 ) 
4 107 111 (912 -512 16 ) (912 -656 16 ) (912 -656 144 ) (912 -512 144 ) 
4 107 110 (912 -352 16 ) (912 -416 16 ) (912 -416 144 ) (912 -352 144 ) 
4 108 137 (1024 -1024 16 ) (1024 -1024 368 ) (912 -1024 368 ) (912 -1024 16 ) 
4 108 131 (1024 -704 16 ) (1024 -1024 16 ) (912 -1024 16 ) (912 -704 16 ) 
4 108 112 (912 -704 16 ) (912 -1024 16 ) (912 -1024 368 ) (912 -704 368 ) 
4 109 129 (896 0 16 ) (912 0 16 ) (912 -128 16 ) (896 -128 16 ) 
4 109 113 (896 0 16 ) (896 -192 16 ) (896 -192 368 ) (896 0 368 ) 
4 110 113 (896 -272 16 ) (896 -416 16 ) (896 -416 144 ) (896 -272 144 ) 
4 111 113 (896 -512 16 ) (896 -656 16 ) (896 -656 144 ) (896 -512 144 ) 
4 112 137 (912 -1024 368 ) (896 -1024 368 ) (896 -1024 16 ) (912 -1024 16 ) 
4 112 131 (912 -704 16 ) (912 -1024 16 ) (896 -1024 16 ) (896 -704 16 ) 
4 112 115 (896 -720 16 ) (896 -1024 16 ) (896 -1024 368 ) (896 -720 368 ) 
4 113 130 (896 -192 16 ) (896 -704 16 ) (256 -704 16 ) (256 -192 16 ) 
4 113 129 (256 0 16 ) (896 0 16 ) (896 -128 16 ) (256 -128 16 ) 
4 113 124 (256 -704 384 ) (256 -704 560 ) (256 -384 560 ) (256 -384 384 ) 
4 113 120 (256 0 48 ) (256 0 16 ) (256 -192 16 ) (256 -192 48 ) 
4 113 118 (256 0 144 ) (256 0 48 ) (256 -192 48 ) (256 -192 144 ) 
4 113 119 (256 -240 48 ) (256 -336 48 ) (256 -336 144 ) (256 -240 144 ) 
4 113 117 (256 0 384 ) (256 0 144 ) (256 -192 144 ) (256 -192 384 ) 
4 113 116 (256 0 560 ) (256 0 384 ) (256 -384 384 ) (256 -384 560 ) 
4 113 114 (896 -704 384 ) (896 -704 560 ) (256 -704 560 ) (256 -704 384 ) 
4 114 124 (256 -720 384 ) (256 -720 560 ) (256 -704 560 ) (256 -704 384 ) 
4 114 115 (896 -720 384 ) (896 -720 560 ) (256 -720 560 ) (256 -720 384 ) 
4 115 137 (256 -1024 560 ) (256 -1024 16 ) (896 -1024 16 ) (896 -1024 560 ) 
4 115 132 (896 -720 16 ) (896 -1024 16 ) (256 -1024 16 ) (256 -720 16 ) 
4 115 128 (256 -720 16 ) (256 -1024 16 ) (256 -1024 176 ) (256 -720 176 ) 
4 115 125 (256 -1024 176 ) (256 -1024 384 ) (256 -720 384 ) (256 -720 176 ) 
4 115 124 (256 -1024 384 ) (256 -1024 560 ) (256 -720 560 ) (256 -720 384 ) 
4 116 124 (256 -384 384 ) (256 -384 560 ) (240 -384 560 ) (240 -384 384 ) 
4 116 122 (240 -192 384 ) (240 -208 384 ) (240 -208 560 ) (240 -192 560 ) 
4 116 121 (240 0 560 ) (240 0 384 ) (240 -192 384 ) (240 -192 560 ) 
4 116 123 (240 -208 384 ) (240 -384 384 ) (240 -384 560 ) (240 -208 560 ) 
4 116 117 (240 -192 384 ) (240 0 384 ) (256 0 384 ) (256 -192 384 ) 
4 117 121 (240 0 384 ) (240 0 144 ) (240 -192 144 ) (240 -192 384 ) 
4 117 118 (240 -192 144 ) (240 0 144 ) (256 0 144 ) (256 -192 144 ) 
4 118 121 (240 0 144 ) (240 0 48 ) (240 -192 48 ) (240 -192 144 ) 
4 118 120 (240 -192 48 ) (240 0 48 ) (256 0 48 ) (256 -192 48 ) 
4 119 123 (240 -240 48 ) (240 -336 48 ) (240 -336 144 ) (240 -240 144 ) 
4 120 129 (240 0 16 ) (256 0 16 ) (256 -128 16 ) (240 -128 16 ) 
4 120 121 (240 0 48 ) (240 0 16 ) (240 -192 16 ) (240 -192 48 ) 
4 121 139 (0 0 384 ) (0 0 16 ) (0 -192 16 ) (0 -192 384 ) 
4 121 138 (0 0 560 ) (0 0 384 ) (0 -192 384 ) (0 -192 560 ) 
4 121 129 (0 -128 16 ) (0 0 16 ) (240 0 16 ) (240 -128 16 ) 
4 121 122 (240 -192 384 ) (240 -192 560 ) (0 -192 560 ) (0 -192 384 ) 
4 122 138 (0 -208 384 ) (0 -208 560 ) (0 -192 560 ) (0 -192 384 ) 
4 122 123 (240 -208 384 ) (240 -208 560 ) (0 -208 560 ) (0 -208 384 ) 
4 123 143 (0 -208 16 ) (0 -384 16 ) (0 -384 176 ) (0 -208 176 ) 
4 123 141 (0 -384 176 ) (0 -384 384 ) (0 -208 384 ) (0 -208 176 ) 
4 123 138 (0 -384 384 ) (0 -384 560 ) (0 -208 560 ) (0 -208 384 ) 
4 123 126 (240 -384 176 ) (240 -384 384 ) (0 -384 384 ) (0 -384 176 ) 
4 123 124 (240 -384 384 ) (240 -384 560 ) (0 -384 560 ) (0 -384 384 ) 
4 124 138 (0 -1024 384 ) (0 -1024 560 ) (0 -384 560 ) (0 -384 384 ) 
4 124 137 (0 -1024 560 ) (0 -1024 384 ) (256 -1024 384 ) (256 -1024 560 ) 
4 124 126 (0 -384 384 ) (240 -384 384 ) (240 -688 384 ) (0 -688 384 ) 
4 124 127 (240 -704 384 ) (240 -1024 384 ) (0 -1024 384 ) (0 -704 384 ) 
4 124 125 (256 -704 384 ) (256 -1024 384 ) (240 -1024 384 ) (240 -704 384 ) 
4 125 137 (240 -1024 176 ) (256 -1024 176 ) (256 -1024 384 ) (240 -1024 384 ) 
4 125 128 (256 -704 176 ) (256 -1024 176 ) (240 -1024 176 ) (240 -704 176 ) 
4 125 127 (240 -704 176 ) (240 -1024 176 ) (240 -1024 384 ) (240 -704 384 ) 
4 126 141 (0 -688 384 ) (0 -384 384 ) (0 -384 176 ) (0 -688 176 ) 
4 127 142 (0 -1024 176 ) (0 -1024 384 ) (0 -704 384 ) (0 -704 176 ) 
4 127 137 (0 -1024 384 ) (0 -1024 176 ) (240 -1024 176 ) (240 -1024 384 ) 
4 127 128 (0 -1024 176 ) (0 -704 176 ) (240 -704 176 ) (240 -1024 176 ) 
4 128 144 (0 -704 16 ) (0 -1024 16 ) (0 -1024 176 ) (0 -704 176 ) 
4 128 137 (0 -1024 176 ) (0 -1024 16 ) (256 -1024 16 ) (256 -1024 176 ) 
4 128 133 (0 -1024 16 ) (0 -704 16 ) (256 -704 16 ) (256 -1024 16 ) 
4 129 169 (0 0 16 ) (0 0 0 ) (0 -128 0 ) (0 -128 16 ) 
4 130 134 (256 -192 0 ) (896 -192 0 ) (896 -704 0 ) (256 -704 0 ) 
4 131 137 (1024 -1024 0 ) (1024 -1024 16 ) (896 -1024 16 ) (896 -1024 0 ) 
4 131 134 (1024 -1024 0 ) (896 -1024 0 ) (896 -704 0 ) (1024 -704 0 ) 
4 131 132 (896 -720 0 ) (896 -1024 0 ) (896 -1024 16 ) (896 -720 16 ) 
4 132 137 (896 -1024 16 ) (256 -1024 16 ) (256 -1024 0 ) (896 -1024 0 ) 
4 132 134 (896 -1024 0 ) (256 -1024 0 ) (256 -720 0 ) (896 -720 0 ) 
4 132 133 (256 -720 0 ) (256 -1024 0 ) (256 -1024 16 ) (256 -720 16 ) 
4 133 171 (0 -704 0 ) (0 -1024 0 ) (0 -1024 16 ) (0 -704 16 ) 
4 133 137 (256 -1024 16 ) (0 -1024 16 ) (0 -1024 0 ) (256 -1024 0 ) 
4 133 134 (256 -1024 0 ) (0 -1024 0 ) (0 -704 0 ) (256 -704 0 ) 
4 134 175 (0 -128 -16 ) (0 -1024 -16 ) (0 -1024 0 ) (0 -128 0 ) 
4 134 137 (1024 -1024 -16 ) (1024 -1024 0 ) (0 -1024 0 ) (0 -1024 -16 ) 
4 134 135 (0 -1024 -16 ) (0 -128 -16 ) (1024 -128 -16 ) (1024 -1024 -16 ) 
4 135 177 (0 0 -16 ) (0 0 -128 ) (0 -1024 -128 ) (0 -1024 -16 ) 
4 135 137 (1024 -1024 -128 ) (1024 -1024 -16 ) (0 -1024 -16 ) (0 -1024 -128 ) 
4 136 137 (1024 -1024 560 ) (1024 -1024 -128 ) (1024 -1072 -128 ) (1024 -1072 560 ) 
4 137 179 (0 -1072 560 ) (0 -1024 560 ) (0 -1024 -128 ) (0 -1072 -128 ) 
4 138 179 (0 -1024 384 ) (0 -1024 560 ) (-384 -1024 560 ) (-384 -1024 384 ) 
4 138 149 (-384 0 560 ) (-384 0 384 ) (-384 -1024 384 ) (-384 -1024 560 ) 
4 138 147 (-368 -1024 384 ) (-384 -1024 384 ) (-384 -704 384 ) (-368 -704 384 ) 
4 138 145 (-384 -192 384 ) (-384 0 384 ) (-368 0 384 ) (-368 -192 384 ) 
4 138 141 (-368 -688 384 ) (-368 -208 384 ) (0 -208 384 ) (0 -688 384 ) 
4 138 142 (0 -1024 384 ) (-368 -1024 384 ) (-368 -704 384 ) (0 -704 384 ) 
4 138 139 (-368 -192 384 ) (-368 0 384 ) (0 0 384 ) (0 -192 384 ) 
4 139 169 (-368 -128 16 ) (-368 0 16 ) (0 0 16 ) (0 -128 16 ) 
4 139 145 (-368 0 16 ) (-368 -192 16 ) (-368 -192 384 ) (-368 0 384 ) 
4 139 140 (-256 -192 16 ) (-64 -192 16 ) (-64 -192 144 ) (-256 -192 144 ) 
4 140 143 (-256 -208 16 ) (-64 -208 16 ) (-64 -208 144 ) (-256 -208 144 ) 
4 141 146 (-368 -416 304 ) (-368 -416 176 ) (-368 -512 176 ) (-368 -512 304 ) 
4 141 143 (-368 -384 176 ) (-368 -208 176 ) (0 -208 176 ) (0 -384 176 ) 
4 142 179 (0 -1024 176 ) (0 -1024 384 ) (-368 -1024 384 ) (-368 -1024 176 ) 
4 142 147 (-368 -1024 176 ) (-368 -1024 384 ) (-368 -704 384 ) (-368 -704 176 ) 
4 142 144 (-368 -1024 176 ) (-368 -704 176 ) (0 -704 176 ) (0 -1024 176 ) 
4 144 179 (0 -1024 16 ) (0 -1024 176 ) (-368 -1024 176 ) (-368 -1024 16 ) 
4 144 171 (0 -1024 16 ) (-368 -1024 16 ) (-368 -704 16 ) (0 -704 16 ) 
4 144 148 (-368 -704 16 ) (-368 -1024 16 ) (-368 -1024 176 ) (-368 -704 176 ) 
4 145 169 (-384 -128 16 ) (-384 0 16 ) (-368 0 16 ) (-368 -128 16 ) 
4 145 154 (-384 0 160 ) (-384 0 16 ) (-384 -192 16 ) (-384 -192 160 ) 
4 145 150 (-384 0 176 ) (-384 0 160 ) (-384 -192 160 ) (-384 -192 176 ) 
4 145 149 (-384 0 384 ) (-384 0 176 ) (-384 -192 176 ) (-384 -192 384 ) 
4 146 149 (-384 -416 304 ) (-384 -416 176 ) (-384 -512 176 ) (-384 -512 304 ) 
4 147 179 (-368 -1024 384 ) (-384 -1024 384 ) (-384 -1024 176 ) (-368 -1024 176 ) 
4 147 149 (-384 -1024 176 ) (-384 -1024 384 ) (-384 -704 384 ) (-384 -704 176 ) 
4 147 148 (-384 -1024 176 ) (-384 -704 176 ) (-368 -704 176 ) (-368 -1024 176 ) 
4 148 179 (-384 -1024 176 ) (-384 -1024 16 ) (-368 -1024 16 ) (-368 -1024 176 ) 
4 148 171 (-368 -1024 16 ) (-384 -1024 16 ) (-384 -704 16 ) (-368 -704 16 ) 
4 148 154 (-384 -704 16 ) (-384 -1024 16 ) (-384 -1024 160 ) (-384 -704 160 ) 
4 148 153 (-384 -1024 160 ) (-384 -1024 176 ) (-384 -704 176 ) (-384 -704 160 ) 
4 149 179 (-480 -1024 560 ) (-480 -1024 176 ) (-384 -1024 176 ) (-384 -1024 560 ) 
4 149 166 (-480 -1024 176 ) (-480 -1024 400 ) (-480 -192 400 ) (-480 -192 176 ) 
4 149 163 (-480 -192 400 ) (-480 0 400 ) (-480 0 176 ) (-480 -192 176 ) 
4 149 159 (-480 -320 432 ) (-480 0 432 ) (-480 0 400 ) (-480 -320 400 ) 
4 149 162 (-480 -1024 400 ) (-480 -1024 432 ) (-480 -320 432 ) (-480 -320 400 ) 
4 149 158 (-480 -1024 432 ) (-480 -1024 560 ) (-480 0 560 ) (-480 0 432 ) 
4 149 153 (-480 -1024 176 ) (-480 -672 176 ) (-384 -672 176 ) (-384 -1024 176 ) 
4 149 151 (-464 -208 176 ) (-384 -208 176 ) (-384 -656 176 ) (-464 -656 176 ) 
4 149 150 (-480 -192 176 ) (-480 0 176 ) (-384 0 176 ) (-384 -192 176 ) 
4 150 163 (-480 -192 176 ) (-480 0 176 ) (-480 0 160 ) (-480 -192 160 ) 
4 150 155 (-480 -192 160 ) (-480 0 160 ) (-464 0 160 ) (-464 -192 160 ) 
4 150 154 (-464 0 160 ) (-384 0 160 ) (-384 -192 160 ) (-464 -192 160 ) 
4 151 152 (-384 -656 175 ) (-464 -656 175 ) (-464 -208 175 ) (-384 -208 175 ) 
4 152 154 (-464 -208 160 ) (-384 -208 160 ) (-384 -656 160 ) (-464 -656 160 ) 
4 153 179 (-480 -1024 176 ) (-480 -1024 160 ) (-384 -1024 160 ) (-384 -1024 176 ) 
4 153 166 (-480 -1024 160 ) (-480 -1024 176 ) (-480 -672 176 ) (-480 -672 160 ) 
4 153 157 (-480 -1024 160 ) (-480 -672 160 ) (-464 -672 160 ) (-464 -1024 160 ) 
4 153 154 (-464 -672 160 ) (-384 -672 160 ) (-384 -1024 160 ) (-464 -1024 160 ) 
4 154 179 (-464 -1024 16 ) (-384 -1024 16 ) (-384 -1024 160 ) (-464 -1024 160 ) 
4 154 172 (-384 -1024 16 ) (-464 -1024 16 ) (-464 -192 16 ) (-384 -192 16 ) 
4 154 169 (-464 -128 16 ) (-464 0 16 ) (-384 0 16 ) (-384 -128 16 ) 
4 154 157 (-464 -672 16 ) (-464 -1024 16 ) (-464 -1024 160 ) (-464 -672 160 ) 
4 154 155 (-464 0 16 ) (-464 -192 16 ) (-464 -192 160 ) (-464 0 160 ) 
4 154 156 (-464 -208 16 ) (-464 -656 16 ) (-464 -656 160 ) (-464 -208 160 ) 
4 155 169 (-480 -128 16 ) (-480 0 16 ) (-464 0 16 ) (-464 -128 16 ) 
4 155 163 (-480 0 16 ) (-480 -192 16 ) (-480 -192 160 ) (-480 0 160 ) 
4 156 172 (-480 -656 16 ) (-480 -208 16 ) (-464 -208 16 ) (-464 -656 16 ) 
4 156 166 (-480 -208 16 ) (-480 -656 16 ) (-480 -656 160 ) (-480 -208 160 ) 
4 157 179 (-480 -1024 160 ) (-480 -1024 16 ) (-464 -1024 16 ) (-464 -1024 160 ) 
4 157 172 (-464 -1024 16 ) (-480 -1024 16 ) (-480 -672 16 ) (-464 -672 16 ) 
4 157 166 (-480 -672 16 ) (-480 -1024 16 ) (-480 -1024 160 ) (-480 -672 160 ) 
4 158 179 (-1024 -1024 560 ) (-1024 -1024 432 ) (-480 -1024 432 ) (-480 -1024 560 ) 
4 158 178 (-1024 0 560 ) (-1024 0 432 ) (-1024 -1024 432 ) (-1024 -1024 560 ) 
4 158 160 (-880 0 432 ) (-656 0 432 ) (-656 -320 432 ) (-880 -320 432 ) 
4 158 161 (-1024 0 432 ) (-896 0 432 ) (-896 -320 432 ) (-1024 -320 432 ) 
4 158 159 (-640 0 432 ) (-480 0 432 ) (-480 -320 432 ) (-640 -320 432 ) 
4 158 162 (-480 -320 432 ) (-480 -1024 432 ) (-1024 -1024 432 ) (-1024 -320 432 ) 
4 159 166 (-480 -192 400 ) (-480 -320 400 ) (-640 -320 400 ) (-640 -192 400 ) 
4 159 163 (-640 0 400 ) (-480 0 400 ) (-480 -192 400 ) (-640 -192 400 ) 
4 159 162 (-640 -320 400 ) (-480 -320 400 ) (-480 -320 432 ) (-640 -320 432 ) 
4 160 162 (-880 -320 400 ) (-656 -320 400 ) (-656 -320 432 ) (-880 -320 432 ) 
4 161 178 (-1024 0 432 ) (-1024 0 400 ) (-1024 -320 400 ) (-1024 -320 432 ) 
4 161 168 (-1024 -320 400 ) (-1024 -192 400 ) (-896 -192 400 ) (-896 -320 400 ) 
4 161 165 (-1024 -192 400 ) (-1024 0 400 ) (-896 0 400 ) (-896 -192 400 ) 
4 161 162 (-1024 -320 400 ) (-896 -320 400 ) (-896 -320 432 ) (-1024 -320 432 ) 
4 162 179 (-1024 -1024 432 ) (-1024 -1024 400 ) (-480 -1024 400 ) (-480 -1024 432 ) 
4 162 178 (-1024 -320 400 ) (-1024 -1024 400 ) (-1024 -1024 432 ) (-1024 -320 432 ) 
4 162 167 (-896 -320 400 ) (-640 -320 400 ) (-640 -1024 400 ) (-896 -1024 400 ) 
4 162 166 (-640 -320 400 ) (-480 -320 400 ) (-480 -1024 400 ) (-640 -1024 400 ) 
4 162 168 (-1024 -1024 400 ) (-1024 -320 400 ) (-896 -320 400 ) (-896 -1024 400 ) 
4 163 169 (-640 0 16 ) (-480 0 16 ) (-480 -128 16 ) (-640 -128 16 ) 
4 163 166 (-640 -192 16 ) (-480 -192 16 ) (-480 -192 400 ) (-640 -192 400 ) 
4 163 164 (-640 0 16 ) (-640 -192 16 ) (-640 -192 272 ) (-640 0 272 ) 
4 164 169 (-896 0 16 ) (-640 0 16 ) (-640 -128 16 ) (-896 -128 16 ) 
4 164 165 (-896 0 16 ) (-896 -192 16 ) (-896 -192 272 ) (-896 0 272 ) 
4 165 178 (-1024 0 400 ) (-1024 0 16 ) (-1024 -192 16 ) (-1024 -192 400 ) 
4 165 170 (-1024 -192 16 ) (-1024 0 16 ) (-896 0 16 ) (-896 -192 16 ) 
4 165 168 (-1024 -192 16 ) (-896 -192 16 ) (-896 -192 400 ) (-1024 -192 400 ) 
4 166 179 (-640 -1024 16 ) (-480 -1024 16 ) (-480 -1024 400 ) (-640 -1024 400 ) 
4 166 172 (-480 -1024 16 ) (-640 -1024 16 ) (-640 -192 16 ) (-480 -192 16 ) 
4 166 167 (-640 -320 16 ) (-640 -1024 16 ) (-640 -1024 400 ) (-640 -320 400 ) 
4 167 179 (-896 -1024 16 ) (-640 -1024 16 ) (-640 -1024 400 ) (-896 -1024 400 ) 
4 167 173 (-640 -1024 16 ) (-896 -1024 16 ) (-896 -320 16 ) (-640 -320 16 ) 
4 167 168 (-896 -320 16 ) (-896 -1024 16 ) (-896 -1024 400 ) (-896 -320 400 ) 
4 168 179 (-1024 -1024 400 ) (-1024 -1024 16 ) (-896 -1024 16 ) (-896 -1024 400 ) 
4 168 178 (-1024 -192 16 ) (-1024 -1024 16 ) (-1024 -1024 400 ) (-1024 -192 400 ) 
4 168 174 (-896 -1024 16 ) (-1024 -1024 16 ) (-1024 -192 16 ) (-896 -192 16 ) 
4 169 170 (-896 0 0 ) (-896 -128 0 ) (-896 -128 16 ) (-896 0 16 ) 
4 170 178 (-1024 0 16 ) (-1024 0 0 ) (-1024 -192 0 ) (-1024 -192 16 ) 
4 170 176 (-1024 -192 0 ) (-1024 0 0 ) (-896 0 0 ) (-896 -192 0 ) 
4 170 174 (-1024 -192 0 ) (-896 -192 0 ) (-896 -192 16 ) (-1024 -192 16 ) 
4 171 179 (0 -1024 0 ) (0 -1024 16 ) (-384 -1024 16 ) (-384 -1024 0 ) 
4 171 175 (0 -704 0 ) (0 -1024 0 ) (-384 -1024 0 ) (-384 -704 0 ) 
4 171 172 (-384 -704 0 ) (-384 -1024 0 ) (-384 -1024 16 ) (-384 -704 16 ) 
4 172 179 (-384 -1024 16 ) (-640 -1024 16 ) (-640 -1024 0 ) (-384 -1024 0 ) 
4 172 175 (-640 -192 0 ) (-384 -192 0 ) (-384 -1024 0 ) (-640 -1024 0 ) 
4 172 173 (-640 -320 0 ) (-640 -1024 0 ) (-640 -1024 16 ) (-640 -320 16 ) 
4 173 179 (-640 -1024 16 ) (-896 -1024 16 ) (-896 -1024 0 ) (-640 -1024 0 ) 
4 173 175 (-640 -320 0 ) (-640 -1024 0 ) (-896 -1024 0 ) (-896 -320 0 ) 
4 173 174 (-896 -320 0 ) (-896 -1024 0 ) (-896 -1024 16 ) (-896 -320 16 ) 
4 174 179 (-896 -1024 16 ) (-1024 -1024 16 ) (-1024 -1024 0 ) (-896 -1024 0 ) 
4 174 178 (-1024 -192 0 ) (-1024 -1024 0 ) (-1024 -1024 16 ) (-1024 -192 16 ) 
4 174 176 (-1024 -1024 0 ) (-1024 -192 0 ) (-896 -192 0 ) (-896 -1024 0 ) 
4 175 179 (0 -1024 -16 ) (0 -1024 0 ) (-896 -1024 0 ) (-896 -1024 -16 ) 
4 175 177 (0 -1024 -16 ) (-896 -1024 -16 ) (-896 -128 -16 ) (0 -128 -16 ) 
4 175 176 (-896 -128 -16 ) (-896 -1024 -16 ) (-896 -1024 0 ) (-896 -128 0 ) 
4 176 179 (-896 -1024 0 ) (-1024 -1024 0 ) (-1024 -1024 -16 ) (-896 -1024 -16 ) 
4 176 178 (-1024 0 0 ) (-1024 0 -16 ) (-1024 -1024 -16 ) (-1024 -1024 0 ) 
4 176 177 (-896 -1024 -16 ) (-1024 -1024 -16 ) (-1024 0 -16 ) (-896 0 -16 ) 
4 177 179 (0 -1024 -128 ) (0 -1024 -16 ) (-1024 -1024 -16 ) (-1024 -1024 -128 ) 
4 177 178 (-1024 0 -16 ) (-1024 0 -128 ) (-1024 -1024 -128 ) (-1024 -1024 -16 ) 
4 178 180 (-1024 -1024 -128 ) (-1024 -1024 560 ) (-1280 -1024 560 ) (-1280 -1024 -128 ) 
4 179 180 (-1024 -1024 560 ) (-1024 -1024 -128 ) (-1024 -1072 -128 ) (-1024 -1072 560 ) 
