


materialPath: D:\Program Files (x86)\Steam\steamapps\common\Team Fortress 2\tf\materials
Loading d:\documents\mapping\tf2\tf2-maps\electro\a1\cp_electro_a1.vmf
Patching WVT material: maps/cp_electro_a1/nature/blendgroundtogravel005_wvt_patch
fixing up env_cubemap materials on brush sides...
0...1...2...3...4...5...6...7...8...9...100...1...2...3...4...5...6...7...8...9...10Processing areas...done (0)
Building Faces...done (0)
Chop Details...done (0)
Find Visible Detail Sides...
Merged 6 detail faces...done (0)
Merging details...done (0)
FixTjuncs...
PruneNodes...
WriteBSP...
done (0)
writing d:\documents\mapping\tf2\tf2-maps\electro\a1\cp_electro_a1.prt...Building visibility clusters...
done (0)
*** Error: Skybox vtf files for skybox/sky_tf2_04 weren't compiled with the same size texture and/or same flags!
Can't load skybox file skybox/sky_tf2_04 to build the default cubemap!
*** Error: Skybox vtf files for skybox/sky_tf2_04 weren't compiled with the same size texture and/or same flags!
Can't load skybox file skybox/sky_tf2_04 to build the default cubemap!
Finding displacement neighbors...
Finding lightmap sample positions...
Displacement Alpha : 0...1...2...3...4...5...6...7...8...9...10
Building Physics collision data...
done (0) (31893 bytes)
Placing detail props : 0...1...2...3...4...5...6...7...8...9...10
Compacting texture/material tables...
Reduced 40 texinfos to 20
Reduced 8 texdatas to 6 (230 bytes to 124)
Writing d:\documents\mapping\tf2\tf2-maps\electro\a1\cp_electro_a1.bsp
MSG_FILEWRITE - Filesystem was asked to write to 'd:\documents\mapping\tf2\tf2-maps\electro\a1\cp_electro_a1.bsp', but we don't own that location. Allowing.
Wrote ZIP buffer, estimated size 1064, actual size 850
0 seconds elapsed



4 threads
reading d:\documents\mapping\tf2\tf2-maps\electro\a1\cp_electro_a1.bsp
reading d:\documents\mapping\tf2\tf2-maps\electro\a1\cp_electro_a1.prt
 153 portalclusters
 486 numportals
0...1...2...3...4...5...6...7...8...9...100...1...2...3...4...5...6...7...8...9...10Optimized: 30 visible clusters (0.16%)
Total clusters visible: 18353
Average clusters visible: 119
Building PAS...
Average clusters audible: 152
visdatasize:7362  compressed from 7344
writing d:\documents\mapping\tf2\tf2-maps\electro\a1\cp_electro_a1.bsp
MSG_FILEWRITE - Filesystem was asked to write to 'd:\documents\mapping\tf2\tf2-maps\electro\a1\cp_electro_a1.bsp', but we don't own that location. Allowing.
0 seconds elapsed



[Reading texlights from 'lights.rad']
[56 texlights parsed from 'lights.rad']

Loading d:\documents\mapping\tf2\tf2-maps\electro\a1\cp_electro_a1.bsp
610 faces
312343 square feet [44977528.00 square inches]
34 Displacements
15672 Square Feet [2256772.00 Square Inches]
610 patches before subdivision
14078 patches after subdivision
0 direct lights
0...1...2...3...4...5...6...7...8...9...100...1...2...3...4...5...6...7...8...9...10transfers 493569, max 281
transfer lists:   3.8 megs
0...1...2...3...4...5...6...7...8...9...10	Bounce #1 added RGB(0, 0, 0)
Build Patch/Sample Hash Table(s).....Done<0.0030 sec>
0...1...2...3...4...5...6...7...8...9...10FinalLightFace Done
0 of 0 (0% of) surface lights went in leaf ambient cubes.
0...1...2...3...4...5...6...7...8...9...10Writing leaf ambient...done
Ready to Finish

Object names       Objects/Maxobjs  Memory / Maxmem  Fullness 
------------       ---------------  ---------------  -------- 
models                   5/1024          240/49152    ( 0.5%) 
brushes                 62/8192          744/98304    ( 0.8%) 
brushsides             715/65536        5720/524288   ( 1.1%) 
planes                 904/65536       18080/1310720  ( 1.4%) 
vertexes               903/65536       10836/786432   ( 1.4%) 
nodes                  339/65536       10848/2097152  ( 0.5%) 
texinfos                20/12288        1440/884736   ( 0.2%) 
texdata                  6/2048          192/65536    ( 0.3%) 
dispinfos               34/0            5984/0        ( 0.0%) 
disp_verts            2754/0           55080/0        ( 0.0%) 
disp_tris             4352/0            8704/0        ( 0.0%) 
disp_lmsamples       44064/0           44064/0        ( 0.0%) 
faces                  610/65536       34160/3670016  ( 0.9%) 
hdr faces                0/65536           0/3670016  ( 0.0%) 
origfaces              361/65536       20216/3670016  ( 0.6%) 
leaves                 345/65536       11040/2097152  ( 0.5%) 
leaffaces              688/65536        1376/131072   ( 1.0%) 
leafbrushes            196/65536         392/131072   ( 0.3%) 
areas                    2/256            16/2048     ( 0.8%) 
surfedges             4567/512000      18268/2048000  ( 0.9%) 
edges                 2461/256000       9844/1024000  ( 1.0%) 
LDR worldlights          0/8192            0/720896   ( 0.0%) 
HDR worldlights          0/8192            0/720896   ( 0.0%) 
leafwaterdata            0/32768           0/393216   ( 0.0%) 
waterstrips             26/32768         260/327680   ( 0.1%) 
waterverts               0/65536           0/786432   ( 0.0%) 
waterindices           408/65536         816/131072   ( 0.6%) 
cubemapsamples           0/1024            0/16384    ( 0.0%) 
overlays                 0/512             0/180224   ( 0.0%) 
LDR lightdata         [variable]      457868/0        ( 0.0%) 
HDR lightdata         [variable]           0/0        ( 0.0%) 
visdata               [variable]        7362/16777216 ( 0.0%) 
entdata               [variable]        2880/393216   ( 0.7%) 
LDR ambient table      345/65536        1380/262144   ( 0.5%) 
HDR ambient table      345/65536        1380/262144   ( 0.5%) 
LDR leaf ambient       179/65536        5012/1835008  ( 0.3%) 
HDR leaf ambient       345/65536        9660/1835008  ( 0.5%) 
occluders                0/0               0/0        ( 0.0%) 
occluder polygons        0/0               0/0        ( 0.0%) 
occluder vert ind        0/0               0/0        ( 0.0%) 
detail props          [variable]           1/12       ( 8.3%) 
static props          [variable]           1/2986     ( 0.0%) 
pakfile               [variable]         850/0        ( 0.0%) 
physics               [variable]       31893/4194304  ( 0.8%) 
physics terrain       [variable]        6242/1048576  ( 0.6%) 

Level flags = 0

Total triangle count: 1695
Writing d:\documents\mapping\tf2\tf2-maps\electro\a1\cp_electro_a1.bsp
1 second elapsed



materialPath: D:\Program Files (x86)\Steam\steamapps\common\Team Fortress 2\tf\materials
Loading d:\documents\mapping\tf2\tf2-maps\electro\a1\cp_electro_a1.vmf
Patching WVT material: maps/cp_electro_a1/nature/blendgroundtogravel005_wvt_patch
fixing up env_cubemap materials on brush sides...
0...1...2...3...4...5...6...7...8...9...100...1...2...3...4...5...6...7...8...9...10Processing areas...done (0)
Building Faces...done (0)
Chop Details...done (0)
Find Visible Detail Sides...
Merged 6 detail faces...done (0)
Merging details...done (0)
FixTjuncs...
PruneNodes...
WriteBSP...
done (0)
writing d:\documents\mapping\tf2\tf2-maps\electro\a1\cp_electro_a1.prt...Building visibility clusters...
done (0)
*** Error: Skybox vtf files for skybox/sky_tf2_04 weren't compiled with the same size texture and/or same flags!
Can't load skybox file skybox/sky_tf2_04 to build the default cubemap!
*** Error: Skybox vtf files for skybox/sky_tf2_04 weren't compiled with the same size texture and/or same flags!
Can't load skybox file skybox/sky_tf2_04 to build the default cubemap!
Finding displacement neighbors...
Finding lightmap sample positions...
Displacement Alpha : 0...1...2...3...4...5...6...7...8...9...10
Building Physics collision data...
done (0) (30798 bytes)
Placing detail props : 0...1...2...3...4...5...6...7...8...9...10
Compacting texture/material tables...
Reduced 55 texinfos to 25
Reduced 10 texdatas to 8 (276 bytes to 170)
Writing d:\documents\mapping\tf2\tf2-maps\electro\a1\cp_electro_a1.bsp
MSG_FILEWRITE - Filesystem was asked to write to 'd:\documents\mapping\tf2\tf2-maps\electro\a1\cp_electro_a1.bsp', but we don't own that location. Allowing.
Wrote ZIP buffer, estimated size 1064, actual size 850
0 seconds elapsed



4 threads
reading d:\documents\mapping\tf2\tf2-maps\electro\a1\cp_electro_a1.bsp
reading d:\documents\mapping\tf2\tf2-maps\electro\a1\cp_electro_a1.prt
 185 portalclusters
 567 numportals
0...1...2...3...4...5...6...7...8...9...100...1...2...3...4...5...6...7...8...9...10Optimized: 37 visible clusters (0.14%)
Total clusters visible: 26060
Average clusters visible: 140
Building PAS...
Average clusters audible: 184
visdatasize:10421  compressed from 8880
writing d:\documents\mapping\tf2\tf2-maps\electro\a1\cp_electro_a1.bsp
MSG_FILEWRITE - Filesystem was asked to write to 'd:\documents\mapping\tf2\tf2-maps\electro\a1\cp_electro_a1.bsp', but we don't own that location. Allowing.
0 seconds elapsed



[Reading texlights from 'lights.rad']
[56 texlights parsed from 'lights.rad']

Loading d:\documents\mapping\tf2\tf2-maps\electro\a1\cp_electro_a1.bsp
549 faces
330561 square feet [47600872.00 square inches]
34 Displacements
15672 Square Feet [2256772.00 Square Inches]
549 patches before subdivision
16465 patches after subdivision
0 direct lights
0...1...2...3...4...5...6...7...8...9...100...1...2...3...4...5...6...7...8...9...10transfers 585625, max 275
transfer lists:   4.5 megs
0...1...2...3...4...5...6...7...8...9...10	Bounce #1 added RGB(0, 0, 0)
Build Patch/Sample Hash Table(s).....Done<0.0035 sec>
0...1...2...3...4...5...6...7...8...9...10FinalLightFace Done
0 of 0 (0% of) surface lights went in leaf ambient cubes.
0...1...2...3...4...5...6...7...8...9...10Writing leaf ambient...done
Ready to Finish

Object names       Objects/Maxobjs  Memory / Maxmem  Fullness 
------------       ---------------  ---------------  -------- 
models                   5/1024          240/49152    ( 0.5%) 
brushes                 83/8192          996/98304    ( 1.0%) 
brushsides             606/65536        4848/524288   ( 0.9%) 
planes                 452/65536        9040/1310720  ( 0.7%) 
vertexes               816/65536        9792/786432   ( 1.2%) 
nodes                  394/65536       12608/2097152  ( 0.6%) 
texinfos                25/12288        1800/884736   ( 0.2%) 
texdata                  8/2048          256/65536    ( 0.4%) 
dispinfos               34/0            5984/0        ( 0.0%) 
disp_verts            2754/0           55080/0        ( 0.0%) 
disp_tris             4352/0            8704/0        ( 0.0%) 
disp_lmsamples       44064/0           44064/0        ( 0.0%) 
faces                  549/65536       30744/3670016  ( 0.8%) 
hdr faces                0/65536           0/3670016  ( 0.0%) 
origfaces              262/65536       14672/3670016  ( 0.4%) 
leaves                 400/65536       12800/2097152  ( 0.6%) 
leaffaces              587/65536        1174/131072   ( 0.9%) 
leafbrushes            235/65536         470/131072   ( 0.4%) 
areas                    2/256            16/2048     ( 0.8%) 
surfedges             3562/512000      14248/2048000  ( 0.7%) 
edges                 1993/256000       7972/1024000  ( 0.8%) 
LDR worldlights          0/8192            0/720896   ( 0.0%) 
HDR worldlights          0/8192            0/720896   ( 0.0%) 
leafwaterdata            0/32768           0/393216   ( 0.0%) 
waterstrips             39/32768         390/327680   ( 0.1%) 
waterverts               0/65536           0/786432   ( 0.0%) 
waterindices           561/65536        1122/131072   ( 0.9%) 
cubemapsamples           0/1024            0/16384    ( 0.0%) 
overlays                 0/512             0/180224   ( 0.0%) 
LDR lightdata         [variable]      498948/0        ( 0.0%) 
HDR lightdata         [variable]           0/0        ( 0.0%) 
visdata               [variable]       10421/16777216 ( 0.1%) 
entdata               [variable]        2880/393216   ( 0.7%) 
LDR ambient table      400/65536        1600/262144   ( 0.6%) 
HDR ambient table      400/65536        1600/262144   ( 0.6%) 
LDR leaf ambient       211/65536        5908/1835008  ( 0.3%) 
HDR leaf ambient       400/65536       11200/1835008  ( 0.6%) 
occluders                0/0               0/0        ( 0.0%) 
occluder polygons        0/0               0/0        ( 0.0%) 
occluder vert ind        0/0               0/0        ( 0.0%) 
detail props          [variable]           1/12       ( 8.3%) 
static props          [variable]           1/4666     ( 0.0%) 
pakfile               [variable]         850/0        ( 0.0%) 
physics               [variable]       30798/4194304  ( 0.7%) 
physics terrain       [variable]        6242/1048576  ( 0.6%) 

Level flags = 0

Total triangle count: 1415
Writing d:\documents\mapping\tf2\tf2-maps\electro\a1\cp_electro_a1.bsp
2 seconds elapsed



materialPath: D:\Program Files (x86)\Steam\steamapps\common\Team Fortress 2\tf\materials
Loading d:\documents\mapping\tf2\tf2-maps\electro\a1\cp_electro_a1.vmf
Patching WVT material: maps/cp_electro_a1/nature/blendgroundtogravel005_wvt_patch
fixing up env_cubemap materials on brush sides...
0...1...2...3...4...5...6...7...8...9...100...1...2...3...4...5...6...7...8...9...10Processing areas...done (0)
Building Faces...done (0)
Chop Details...done (0)
Find Visible Detail Sides...
Merged 6 detail faces...done (0)
Merging details...done (0)
FixTjuncs...
PruneNodes...
WriteBSP...
done (0)
writing d:\documents\mapping\tf2\tf2-maps\electro\a1\cp_electro_a1.prt...Building visibility clusters...
done (0)
*** Error: Skybox vtf files for skybox/sky_tf2_04 weren't compiled with the same size texture and/or same flags!
Can't load skybox file skybox/sky_tf2_04 to build the default cubemap!
*** Error: Skybox vtf files for skybox/sky_tf2_04 weren't compiled with the same size texture and/or same flags!
Can't load skybox file skybox/sky_tf2_04 to build the default cubemap!
Finding displacement neighbors...
Finding lightmap sample positions...
Displacement Alpha : 0...1...2...3...4...5...6...7...8...9...10
Building Physics collision data...
done (0) (48038 bytes)
Placing detail props : 0...1...2...3...4...5...6...7...8...9...10
Compacting texture/material tables...
Reduced 108 texinfos to 55
Reduced 10 texdatas to 8 (276 bytes to 170)
Writing d:\documents\mapping\tf2\tf2-maps\electro\a1\cp_electro_a1.bsp
MSG_FILEWRITE - Filesystem was asked to write to 'd:\documents\mapping\tf2\tf2-maps\electro\a1\cp_electro_a1.bsp', but we don't own that location. Allowing.
Wrote ZIP buffer, estimated size 1064, actual size 850
1 second elapsed



4 threads
reading d:\documents\mapping\tf2\tf2-maps\electro\a1\cp_electro_a1.bsp
reading d:\documents\mapping\tf2\tf2-maps\electro\a1\cp_electro_a1.prt
 335 portalclusters
 977 numportals
0...1...2...3...4...5...6...7...8...9...100...1...2...3...4...5...6...7...8...9...10Optimized: 419 visible clusters (0.59%)
Total clusters visible: 70912
Average clusters visible: 211
Building PAS...
Average clusters audible: 334
visdatasize:30576  compressed from 32160
writing d:\documents\mapping\tf2\tf2-maps\electro\a1\cp_electro_a1.bsp
MSG_FILEWRITE - Filesystem was asked to write to 'd:\documents\mapping\tf2\tf2-maps\electro\a1\cp_electro_a1.bsp', but we don't own that location. Allowing.
3 seconds elapsed



[Reading texlights from 'lights.rad']
[56 texlights parsed from 'lights.rad']

Loading d:\documents\mapping\tf2\tf2-maps\electro\a1\cp_electro_a1.bsp
1145 faces
913994 square feet [131615192.00 square inches]
60 Displacements
24741 Square Feet [3562775.25 Square Inches]
1145 patches before subdivision
46699 patches after subdivision
0 direct lights
0...1...2...3...4...5...6...7...8...9...100...1...2...3...4...5...6...7...8...9...10transfers 2169996, max 400
transfer lists:  16.6 megs
0...1...2...3...4...5...6...7...8...9...10	Bounce #1 added RGB(0, 0, 0)
Build Patch/Sample Hash Table(s).....Done<0.0104 sec>
0...1...2...3...4...5...6...7...8...9...10FinalLightFace Done
0 of 0 (0% of) surface lights went in leaf ambient cubes.
0...1...2...3...4...5...6...7...8...9...10Writing leaf ambient...done
Ready to Finish

Object names       Objects/Maxobjs  Memory / Maxmem  Fullness 
------------       ---------------  ---------------  -------- 
models                   5/1024          240/49152    ( 0.5%) 
brushes                130/8192         1560/98304    ( 1.6%) 
brushsides             889/65536        7112/524288   ( 1.4%) 
planes                 604/65536       12080/1310720  ( 0.9%) 
vertexes              1660/65536       19920/786432   ( 2.5%) 
nodes                  736/65536       23552/2097152  ( 1.1%) 
texinfos                55/12288        3960/884736   ( 0.4%) 
texdata                  8/2048          256/65536    ( 0.4%) 
dispinfos               60/0           10560/0        ( 0.0%) 
disp_verts            4860/0           97200/0        ( 0.0%) 
disp_tris             7680/0           15360/0        ( 0.0%) 
disp_lmsamples       70688/0           70688/0        ( 0.0%) 
faces                 1145/65536       64120/3670016  ( 1.7%) 
hdr faces                0/65536           0/3670016  ( 0.0%) 
origfaces              457/65536       25592/3670016  ( 0.7%) 
leaves                 742/65536       23744/2097152  ( 1.1%) 
leaffaces             1233/65536        2466/131072   ( 1.9%) 
leafbrushes            431/65536         862/131072   ( 0.7%) 
areas                    2/256            16/2048     ( 0.8%) 
surfedges             7129/512000      28516/2048000  ( 1.4%) 
edges                 3960/256000      15840/1024000  ( 1.5%) 
LDR worldlights          0/8192            0/720896   ( 0.0%) 
HDR worldlights          0/8192            0/720896   ( 0.0%) 
leafwaterdata            0/32768           0/393216   ( 0.0%) 
waterstrips             85/32768         850/327680   ( 0.3%) 
waterverts               0/65536           0/786432   ( 0.0%) 
waterindices          1212/65536        2424/131072   ( 1.8%) 
cubemapsamples           0/1024            0/16384    ( 0.0%) 
overlays                 0/512             0/180224   ( 0.0%) 
LDR lightdata         [variable]     1214112/0        ( 0.0%) 
HDR lightdata         [variable]           0/0        ( 0.0%) 
visdata               [variable]       30576/16777216 ( 0.2%) 
entdata               [variable]        3052/393216   ( 0.8%) 
LDR ambient table      742/65536        2968/262144   ( 1.1%) 
HDR ambient table      742/65536        2968/262144   ( 1.1%) 
LDR leaf ambient       361/65536       10108/1835008  ( 0.6%) 
HDR leaf ambient       742/65536       20776/1835008  ( 1.1%) 
occluders                0/0               0/0        ( 0.0%) 
occluder polygons        0/0               0/0        ( 0.0%) 
occluder vert ind        0/0               0/0        ( 0.0%) 
detail props          [variable]           1/12       ( 8.3%) 
static props          [variable]           1/5622     ( 0.0%) 
pakfile               [variable]         850/0        ( 0.0%) 
physics               [variable]       48038/4194304  ( 1.1%) 
physics terrain       [variable]       11554/1048576  ( 1.1%) 

Level flags = 0

Total triangle count: 3012
Writing d:\documents\mapping\tf2\tf2-maps\electro\a1\cp_electro_a1.bsp
4 seconds elapsed



materialPath: D:\Program Files (x86)\Steam\steamapps\common\Team Fortress 2\tf\materials
Loading d:\documents\mapping\tf2\tf2-maps\electro\a1\cp_electro_a1.vmf
Patching WVT material: maps/cp_electro_a1/nature/blendgroundtogravel005_wvt_patch
fixing up env_cubemap materials on brush sides...
0...1...2...3...4...5...6...7...8...9...100...1...2...3...4...5...6...7...8...9...10Processing areas...done (0)
Building Faces...done (0)
Chop Details...done (0)
Find Visible Detail Sides...
Merged 6 detail faces...done (0)
Merging details...done (0)
FixTjuncs...
PruneNodes...
WriteBSP...
done (0)
writing d:\documents\mapping\tf2\tf2-maps\electro\a1\cp_electro_a1.prt...Building visibility clusters...
done (0)
*** Error: Skybox vtf files for skybox/sky_tf2_04 weren't compiled with the same size texture and/or same flags!
Can't load skybox file skybox/sky_tf2_04 to build the default cubemap!
*** Error: Skybox vtf files for skybox/sky_tf2_04 weren't compiled with the same size texture and/or same flags!
Can't load skybox file skybox/sky_tf2_04 to build the default cubemap!
Finding displacement neighbors...
Finding lightmap sample positions...
Displacement Alpha : 0...1...2...3...4...5...6...7...8...9...10
Building Physics collision data...
done (0) (52726 bytes)
Placing detail props : 0...1...2...3...4...5...6...7...8...9...10
Compacting texture/material tables...
Reduced 78 texinfos to 28
Reduced 10 texdatas to 8 (276 bytes to 170)
Writing d:\documents\mapping\tf2\tf2-maps\electro\a1\cp_electro_a1.bsp
MSG_FILEWRITE - Filesystem was asked to write to 'd:\documents\mapping\tf2\tf2-maps\electro\a1\cp_electro_a1.bsp', but we don't own that location. Allowing.
Wrote ZIP buffer, estimated size 1064, actual size 850
1 second elapsed



4 threads
reading d:\documents\mapping\tf2\tf2-maps\electro\a1\cp_electro_a1.bsp
reading d:\documents\mapping\tf2\tf2-maps\electro\a1\cp_electro_a1.prt
 353 portalclusters
1032 numportals
0...1...2...3...4...5...6...7...8...9...100...1...2...3...4...5...6...7...8...9...10Optimized: 477 visible clusters (0.61%)
Total clusters visible: 78076
Average clusters visible: 221
Building PAS...
Average clusters audible: 352
visdatasize:34653  compressed from 33888
writing d:\documents\mapping\tf2\tf2-maps\electro\a1\cp_electro_a1.bsp
MSG_FILEWRITE - Filesystem was asked to write to 'd:\documents\mapping\tf2\tf2-maps\electro\a1\cp_electro_a1.bsp', but we don't own that location. Allowing.
3 seconds elapsed



[Reading texlights from 'lights.rad']
[56 texlights parsed from 'lights.rad']

Loading d:\documents\mapping\tf2\tf2-maps\electro\a1\cp_electro_a1.bsp
1220 faces
926157 square feet [133366664.00 square inches]
60 Displacements
24741 Square Feet [3562775.25 Square Inches]
1220 patches before subdivision
47240 patches after subdivision
0 direct lights
0...1...2...3...4...5...6...7...8...9...100...1...2...3...4...5...6...7...8...9...10transfers 2185291, max 424
transfer lists:  16.7 megs
0...1...2...3...4...5...6...7...8...9...10	Bounce #1 added RGB(0, 0, 0)
Build Patch/Sample Hash Table(s).....Done<0.0106 sec>
0...1...2...3...4...5...6...7...8...9...10FinalLightFace Done
0 of 0 (0% of) surface lights went in leaf ambient cubes.
0...1...2...3...4...5...6...7...8...9...10Writing leaf ambient...done
Ready to Finish

Object names       Objects/Maxobjs  Memory / Maxmem  Fullness 
------------       ---------------  ---------------  -------- 
models                   5/1024          240/49152    ( 0.5%) 
brushes                144/8192         1728/98304    ( 1.8%) 
brushsides             975/65536        7800/524288   ( 1.5%) 
planes                 620/65536       12400/1310720  ( 0.9%) 
vertexes              1765/65536       21180/786432   ( 2.7%) 
nodes                  788/65536       25216/2097152  ( 1.2%) 
texinfos                28/12288        2016/884736   ( 0.2%) 
texdata                  8/2048          256/65536    ( 0.4%) 
dispinfos               60/0           10560/0        ( 0.0%) 
disp_verts            4860/0           97200/0        ( 0.0%) 
disp_tris             7680/0           15360/0        ( 0.0%) 
disp_lmsamples       70688/0           70688/0        ( 0.0%) 
faces                 1220/65536       68320/3670016  ( 1.9%) 
hdr faces                0/65536           0/3670016  ( 0.0%) 
origfaces              495/65536       27720/3670016  ( 0.8%) 
leaves                 794/65536       25408/2097152  ( 1.2%) 
leaffaces             1305/65536        2610/131072   ( 2.0%) 
leafbrushes            469/65536         938/131072   ( 0.7%) 
areas                    2/256            16/2048     ( 0.8%) 
surfedges             7620/512000      30480/2048000  ( 1.5%) 
edges                 4228/256000      16912/1024000  ( 1.7%) 
LDR worldlights          0/8192            0/720896   ( 0.0%) 
HDR worldlights          0/8192            0/720896   ( 0.0%) 
leafwaterdata            0/32768           0/393216   ( 0.0%) 
waterstrips             86/32768         860/327680   ( 0.3%) 
waterverts               0/65536           0/786432   ( 0.0%) 
waterindices          1233/65536        2466/131072   ( 1.9%) 
cubemapsamples           0/1024            0/16384    ( 0.0%) 
overlays                 0/512             0/180224   ( 0.0%) 
LDR lightdata         [variable]     1238200/0        ( 0.0%) 
HDR lightdata         [variable]           0/0        ( 0.0%) 
visdata               [variable]       34653/16777216 ( 0.2%) 
entdata               [variable]        3401/393216   ( 0.9%) 
LDR ambient table      794/65536        3176/262144   ( 1.2%) 
HDR ambient table      794/65536        3176/262144   ( 1.2%) 
LDR leaf ambient       379/65536       10612/1835008  ( 0.6%) 
HDR leaf ambient       794/65536       22232/1835008  ( 1.2%) 
occluders                0/0               0/0        ( 0.0%) 
occluder polygons        0/0               0/0        ( 0.0%) 
occluder vert ind        0/0               0/0        ( 0.0%) 
detail props          [variable]           1/12       ( 8.3%) 
static props          [variable]           1/7400     ( 0.0%) 
pakfile               [variable]         850/0        ( 0.0%) 
physics               [variable]       52726/4194304  ( 1.3%) 
physics terrain       [variable]       11554/1048576  ( 1.1%) 

Level flags = 0

Total triangle count: 3203
Writing d:\documents\mapping\tf2\tf2-maps\electro\a1\cp_electro_a1.bsp
4 seconds elapsed



materialPath: D:\Program Files (x86)\Steam\steamapps\common\Team Fortress 2\tf\materials
Loading d:\documents\mapping\tf2\tf2-maps\electro\a1\cp_electro_a1.vmf
Patching WVT material: maps/cp_electro_a1/nature/blendgroundtogravel005_wvt_patch
fixing up env_cubemap materials on brush sides...
0...1...2...3...4...5...6...7...8...9...100...1...2...3...4...5...6...7...8...9...10Processing areas...done (0)
Building Faces...done (0)
Chop Details...done (0)
Find Visible Detail Sides...
Merged 10 detail faces...done (0)
Merging details...done (0)
FixTjuncs...
PruneNodes...
WriteBSP...
done (0)
writing d:\documents\mapping\tf2\tf2-maps\electro\a1\cp_electro_a1.prt...Building visibility clusters...
done (0)
*** Error: Skybox vtf files for skybox/sky_tf2_04 weren't compiled with the same size texture and/or same flags!
Can't load skybox file skybox/sky_tf2_04 to build the default cubemap!
*** Error: Skybox vtf files for skybox/sky_tf2_04 weren't compiled with the same size texture and/or same flags!
Can't load skybox file skybox/sky_tf2_04 to build the default cubemap!
Finding displacement neighbors...
Finding lightmap sample positions...
Displacement Alpha : 0...1...2...3...4...5...6...7...8...9...10
Building Physics collision data...
done (0) (69862 bytes)
Placing detail props : 0...1...2...3...4...5...6...7...8...9...10
Compacting texture/material tables...
Reduced 149 texinfos to 78
Reduced 14 texdatas to 10 (357 bytes to 217)
Writing d:\documents\mapping\tf2\tf2-maps\electro\a1\cp_electro_a1.bsp
MSG_FILEWRITE - Filesystem was asked to write to 'd:\documents\mapping\tf2\tf2-maps\electro\a1\cp_electro_a1.bsp', but we don't own that location. Allowing.
Wrote ZIP buffer, estimated size 1064, actual size 850
1 second elapsed



4 threads
reading d:\documents\mapping\tf2\tf2-maps\electro\a1\cp_electro_a1.bsp
reading d:\documents\mapping\tf2\tf2-maps\electro\a1\cp_electro_a1.prt
 429 portalclusters
1234 numportals
0...1...2...3...4...5...6...7...8...9...100...1...2...3...4...5...6...7...8...9...10Optimized: 848 visible clusters (0.83%)
Total clusters visible: 101675
Average clusters visible: 237
Building PAS...
Average clusters audible: 428
visdatasize:49044  compressed from 48048
writing d:\documents\mapping\tf2\tf2-maps\electro\a1\cp_electro_a1.bsp
MSG_FILEWRITE - Filesystem was asked to write to 'd:\documents\mapping\tf2\tf2-maps\electro\a1\cp_electro_a1.bsp', but we don't own that location. Allowing.
4 seconds elapsed



[Reading texlights from 'lights.rad']
[56 texlights parsed from 'lights.rad']

Loading d:\documents\mapping\tf2\tf2-maps\electro\a1\cp_electro_a1.bsp
1636 faces
1083193 square feet [155979792.00 square inches]
60 Displacements
24741 Square Feet [3562775.25 Square Inches]
1636 patches before subdivision
65136 patches after subdivision
0 direct lights
0...1...2...3...4...5...6...7...8...9...100...1...2...3...4...5...6...7...8...9...10transfers 3158537, max 473
transfer lists:  24.1 megs
0...1...2...3...4...5...6...7...8...9...10	Bounce #1 added RGB(0, 0, 0)
Build Patch/Sample Hash Table(s).....Done<0.0147 sec>
0...1...2...3...4...5...6...7...8...9...10FinalLightFace Done
0 of 0 (0% of) surface lights went in leaf ambient cubes.
0...1...2...3...4...5...6...7...8...9...10Writing leaf ambient...done
Ready to Finish

Object names       Objects/Maxobjs  Memory / Maxmem  Fullness 
------------       ---------------  ---------------  -------- 
models                   5/1024          240/49152    ( 0.5%) 
brushes                190/8192         2280/98304    ( 2.3%) 
brushsides            1271/65536       10168/524288   ( 1.9%) 
planes                 718/65536       14360/1310720  ( 1.1%) 
vertexes              2347/65536       28164/786432   ( 3.6%) 
nodes                  946/65536       30272/2097152  ( 1.4%) 
texinfos                78/12288        5616/884736   ( 0.6%) 
texdata                 10/2048          320/65536    ( 0.5%) 
dispinfos               60/0           10560/0        ( 0.0%) 
disp_verts            4860/0           97200/0        ( 0.0%) 
disp_tris             7680/0           15360/0        ( 0.0%) 
disp_lmsamples       70688/0           70688/0        ( 0.0%) 
faces                 1636/65536       91616/3670016  ( 2.5%) 
hdr faces                0/65536           0/3670016  ( 0.0%) 
origfaces              641/65536       35896/3670016  ( 1.0%) 
leaves                 952/65536       30464/2097152  ( 1.5%) 
leaffaces             1795/65536        3590/131072   ( 2.7%) 
leafbrushes            574/65536        1148/131072   ( 0.9%) 
areas                    2/256            16/2048     ( 0.8%) 
surfedges            10131/512000      40524/2048000  ( 2.0%) 
edges                 5634/256000      22536/1024000  ( 2.2%) 
LDR worldlights          0/8192            0/720896   ( 0.0%) 
HDR worldlights          0/8192            0/720896   ( 0.0%) 
leafwaterdata            0/32768           0/393216   ( 0.0%) 
waterstrips            118/32768        1180/327680   ( 0.4%) 
waterverts               0/65536           0/786432   ( 0.0%) 
waterindices          1668/65536        3336/131072   ( 2.5%) 
cubemapsamples           0/1024            0/16384    ( 0.0%) 
overlays                 0/512             0/180224   ( 0.0%) 
LDR lightdata         [variable]     1640112/0        ( 0.0%) 
HDR lightdata         [variable]           0/0        ( 0.0%) 
visdata               [variable]       49044/16777216 ( 0.3%) 
entdata               [variable]        3932/393216   ( 1.0%) 
LDR ambient table      952/65536        3808/262144   ( 1.5%) 
HDR ambient table      952/65536        3808/262144   ( 1.5%) 
LDR leaf ambient       455/65536       12740/1835008  ( 0.7%) 
HDR leaf ambient       952/65536       26656/1835008  ( 1.5%) 
occluders                0/0               0/0        ( 0.0%) 
occluder polygons        0/0               0/0        ( 0.0%) 
occluder vert ind        0/0               0/0        ( 0.0%) 
detail props          [variable]           1/12       ( 8.3%) 
static props          [variable]           1/10166    ( 0.0%) 
pakfile               [variable]         850/0        ( 0.0%) 
physics               [variable]       69862/4194304  ( 1.7%) 
physics terrain       [variable]       11372/1048576  ( 1.1%) 

Level flags = 0

Total triangle count: 4302
Writing d:\documents\mapping\tf2\tf2-maps\electro\a1\cp_electro_a1.bsp
5 seconds elapsed



materialPath: D:\Program Files (x86)\Steam\steamapps\common\Team Fortress 2\tf\materials
Loading d:\documents\mapping\tf2\tf2-maps\electro\a1\cp_electro_a1.vmf
Patching WVT material: maps/cp_electro_a1/nature/blendgroundtogravel005_wvt_patch
fixing up env_cubemap materials on brush sides...
0...1...2...3...4...5...6...7...8...9...100...1...2...3...4...5...6...7...8...9...10Processing areas...done (0)
Building Faces...done (0)
Chop Details...done (0)
Find Visible Detail Sides...
Merged 10 detail faces...done (0)
Merging details...done (0)
FixTjuncs...
PruneNodes...
WriteBSP...
done (0)
writing d:\documents\mapping\tf2\tf2-maps\electro\a1\cp_electro_a1.prt...Building visibility clusters...
done (0)
Creating default LDR cubemaps for env_cubemap using skybox materials:
   skybox/sky_hydro_01*.vmt
 ! Run buildcubemaps in the engine to get the correct cube maps.
Creating default HDR cubemaps for env_cubemap using skybox materials:
   skybox/sky_hydro_01*.vmt
 ! Run buildcubemaps in the engine to get the correct cube maps.
Finding displacement neighbors...
Finding lightmap sample positions...
Displacement Alpha : 0...1...2...3...4...5...6...7...8...9...10
Building Physics collision data...
done (0) (69862 bytes)
Placing detail props : 0...1...2...3...4...5...6...7...8...9...10
Compacting texture/material tables...
Reduced 149 texinfos to 78
Reduced 14 texdatas to 10 (357 bytes to 217)
Writing d:\documents\mapping\tf2\tf2-maps\electro\a1\cp_electro_a1.bsp
MSG_FILEWRITE - Filesystem was asked to write to 'd:\documents\mapping\tf2\tf2-maps\electro\a1\cp_electro_a1.bsp', but we don't own that location. Allowing.
Wrote ZIP buffer, estimated size 212826, actual size 212076
1 second elapsed



4 threads
reading d:\documents\mapping\tf2\tf2-maps\electro\a1\cp_electro_a1.bsp
reading d:\documents\mapping\tf2\tf2-maps\electro\a1\cp_electro_a1.prt
 429 portalclusters
1234 numportals
0...1...2...3...4...5...6...7...8...9...100...1...2...3...4...5...6...7...8...9...10Optimized: 849 visible clusters (0.84%)
Total clusters visible: 101676
Average clusters visible: 237
Building PAS...
Average clusters audible: 428
visdatasize:49044  compressed from 48048
writing d:\documents\mapping\tf2\tf2-maps\electro\a1\cp_electro_a1.bsp
MSG_FILEWRITE - Filesystem was asked to write to 'd:\documents\mapping\tf2\tf2-maps\electro\a1\cp_electro_a1.bsp', but we don't own that location. Allowing.
4 seconds elapsed



[Reading texlights from 'lights.rad']
[56 texlights parsed from 'lights.rad']

Loading d:\documents\mapping\tf2\tf2-maps\electro\a1\cp_electro_a1.bsp
1636 faces
1083193 square feet [155979792.00 square inches]
60 Displacements
24741 Square Feet [3562775.25 Square Inches]
1636 patches before subdivision
65136 patches after subdivision
2 direct lights
0...1...2...3...4...5...6...7...8...9...100...1...2...3...4...5...6...7...8...9...10transfers 3158537, max 473
transfer lists:  24.1 megs
0...1...2...3...4...5...6...7...8...9...10	Bounce #1 added RGB(294096, 242953, 286789)
0...1...2...3...4...5...6...7...8...9...10	Bounce #2 added RGB(48934, 39046, 45270)
0...1...2...3...4...5...6...7...8...9...10	Bounce #3 added RGB(8939, 6927, 7961)
0...1...2...3...4...5...6...7...8...9...10	Bounce #4 added RGB(1776, 1349, 1540)
0...1...2...3...4...5...6...7...8...9...10	Bounce #5 added RGB(373, 279, 317)
0...1...2...3...4...5...6...7...8...9...10	Bounce #6 added RGB(84, 62, 70)
0...1...2...3...4...5...6...7...8...9...10	Bounce #7 added RGB(20, 15, 16)
0...1...2...3...4...5...6...7...8...9...10	Bounce #8 added RGB(5, 4, 4)
0...1...2...3...4...5...6...7...8...9...10	Bounce #9 added RGB(1, 1, 1)
0...1...2...3...4...5...6...7...8...9...10	Bounce #10 added RGB(0, 0, 0)
Build Patch/Sample Hash Table(s).....Done<0.0151 sec>
0...1...2...3...4...5...6...7...8...9...10FinalLightFace Done
0 of 0 (0% of) surface lights went in leaf ambient cubes.
0...1...2...3...4...5...6...7...8...9...10Writing leaf ambient...done
Ready to Finish

Object names       Objects/Maxobjs  Memory / Maxmem  Fullness 
------------       ---------------  ---------------  -------- 
models                   5/1024          240/49152    ( 0.5%) 
brushes                190/8192         2280/98304    ( 2.3%) 
brushsides            1271/65536       10168/524288   ( 1.9%) 
planes                 718/65536       14360/1310720  ( 1.1%) 
vertexes              2347/65536       28164/786432   ( 3.6%) 
nodes                  946/65536       30272/2097152  ( 1.4%) 
texinfos                78/12288        5616/884736   ( 0.6%) 
texdata                 10/2048          320/65536    ( 0.5%) 
dispinfos               60/0           10560/0        ( 0.0%) 
disp_verts            4860/0           97200/0        ( 0.0%) 
disp_tris             7680/0           15360/0        ( 0.0%) 
disp_lmsamples       70688/0           70688/0        ( 0.0%) 
faces                 1636/65536       91616/3670016  ( 2.5%) 
hdr faces                0/65536           0/3670016  ( 0.0%) 
origfaces              641/65536       35896/3670016  ( 1.0%) 
leaves                 952/65536       30464/2097152  ( 1.5%) 
leaffaces             1795/65536        3590/131072   ( 2.7%) 
leafbrushes            574/65536        1148/131072   ( 0.9%) 
areas                    2/256            16/2048     ( 0.8%) 
surfedges            10131/512000      40524/2048000  ( 2.0%) 
edges                 5634/256000      22536/1024000  ( 2.2%) 
LDR worldlights          2/8192          176/720896   ( 0.0%) 
HDR worldlights          0/8192            0/720896   ( 0.0%) 
leafwaterdata            0/32768           0/393216   ( 0.0%) 
waterstrips            118/32768        1180/327680   ( 0.4%) 
waterverts               0/65536           0/786432   ( 0.0%) 
waterindices          1668/65536        3336/131072   ( 2.5%) 
cubemapsamples           0/1024            0/16384    ( 0.0%) 
overlays                 0/512             0/180224   ( 0.0%) 
LDR lightdata         [variable]     1640112/0        ( 0.0%) 
HDR lightdata         [variable]           0/0        ( 0.0%) 
visdata               [variable]       49044/16777216 ( 0.3%) 
entdata               [variable]        4221/393216   ( 1.1%) 
LDR ambient table      952/65536        3808/262144   ( 1.5%) 
HDR ambient table      952/65536        3808/262144   ( 1.5%) 
LDR leaf ambient      6105/65536      170940/1835008  ( 9.3%) 
HDR leaf ambient       952/65536       26656/1835008  ( 1.5%) 
occluders                0/0               0/0        ( 0.0%) 
occluder polygons        0/0               0/0        ( 0.0%) 
occluder vert ind        0/0               0/0        ( 0.0%) 
detail props          [variable]           1/12       ( 8.3%) 
static props          [variable]           1/10166    ( 0.0%) 
pakfile               [variable]      212076/0        ( 0.0%) 
physics               [variable]       69862/4194304  ( 1.7%) 
physics terrain       [variable]       11372/1048576  ( 1.1%) 

Level flags = 0

Total triangle count: 4302
Writing d:\documents\mapping\tf2\tf2-maps\electro\a1\cp_electro_a1.bsp
10 seconds elapsed



materialPath: D:\Program Files (x86)\Steam\steamapps\common\Team Fortress 2\tf\materials
Loading d:\documents\mapping\tf2\tf2-maps\electro\a1\cp_electro_a1.vmf
Patching WVT material: maps/cp_electro_a1/nature/blendgroundtogravel005_wvt_patch
fixing up env_cubemap materials on brush sides...
0...1...2...3...4...5...6...7...8...9...100...1...2...3...4...5...6...7...8...9...10Processing areas...done (0)
Building Faces...done (0)
Chop Details...done (0)
Find Visible Detail Sides...
Merged 10 detail faces...done (0)
Merging details...done (0)
FixTjuncs...
PruneNodes...
WriteBSP...
done (0)
writing d:\documents\mapping\tf2\tf2-maps\electro\a1\cp_electro_a1.prt...Building visibility clusters...
done (0)
Creating default LDR cubemaps for env_cubemap using skybox materials:
   skybox/sky_hydro_01*.vmt
 ! Run buildcubemaps in the engine to get the correct cube maps.
Creating default HDR cubemaps for env_cubemap using skybox materials:
   skybox/sky_hydro_01*.vmt
 ! Run buildcubemaps in the engine to get the correct cube maps.
Finding displacement neighbors...
Finding lightmap sample positions...
Displacement Alpha : 0...1...2...3...4...5...6...7...8...9...10
Building Physics collision data...
done (0) (69862 bytes)
Placing detail props : 0...1...2...3...4...5...6...7...8...9...10
Compacting texture/material tables...
Reduced 149 texinfos to 78
Reduced 14 texdatas to 10 (357 bytes to 217)
Writing d:\documents\mapping\tf2\tf2-maps\electro\a1\cp_electro_a1.bsp
MSG_FILEWRITE - Filesystem was asked to write to 'd:\documents\mapping\tf2\tf2-maps\electro\a1\cp_electro_a1.bsp', but we don't own that location. Allowing.
Wrote ZIP buffer, estimated size 212826, actual size 212076
1 second elapsed



4 threads
reading d:\documents\mapping\tf2\tf2-maps\electro\a1\cp_electro_a1.bsp
reading d:\documents\mapping\tf2\tf2-maps\electro\a1\cp_electro_a1.prt
 429 portalclusters
1234 numportals
0...1...2...3...4...5...6...7...8...9...100...1...2...3...4...5...6...7...8...9...10Optimized: 850 visible clusters (0.84%)
Total clusters visible: 101677
Average clusters visible: 237
Building PAS...
Average clusters audible: 428
visdatasize:49044  compressed from 48048
writing d:\documents\mapping\tf2\tf2-maps\electro\a1\cp_electro_a1.bsp
MSG_FILEWRITE - Filesystem was asked to write to 'd:\documents\mapping\tf2\tf2-maps\electro\a1\cp_electro_a1.bsp', but we don't own that location. Allowing.
4 seconds elapsed



[Reading texlights from 'lights.rad']
[56 texlights parsed from 'lights.rad']

Loading d:\documents\mapping\tf2\tf2-maps\electro\a1\cp_electro_a1.bsp
1636 faces
1083193 square feet [155979792.00 square inches]
60 Displacements
24741 Square Feet [3562775.25 Square Inches]
1636 patches before subdivision
65136 patches after subdivision
3 direct lights
0...1...2...3...4...5...6...7...8...9...100...1...2...3...4...5...6...7...8...9...10transfers 3158632, max 473
transfer lists:  24.1 megs
0...1...2...3...4...5...6...7...8...9...10	Bounce #1 added RGB(295368, 244178, 287947)
0...1...2...3...4...5...6...7...8...9...10	Bounce #2 added RGB(49203, 39307, 45516)
0...1...2...3...4...5...6...7...8...9...10	Bounce #3 added RGB(8994, 6981, 8012)
0...1...2...3...4...5...6...7...8...9...10	Bounce #4 added RGB(1788, 1360, 1550)
0...1...2...3...4...5...6...7...8...9...10	Bounce #5 added RGB(376, 282, 320)
0...1...2...3...4...5...6...7...8...9...10	Bounce #6 added RGB(84, 62, 70)
0...1...2...3...4...5...6...7...8...9...10	Bounce #7 added RGB(20, 15, 16)
0...1...2...3...4...5...6...7...8...9...10	Bounce #8 added RGB(5, 4, 4)
0...1...2...3...4...5...6...7...8...9...10	Bounce #9 added RGB(1, 1, 1)
0...1...2...3...4...5...6...7...8...9...10	Bounce #10 added RGB(0, 0, 0)
Build Patch/Sample Hash Table(s).....Done<0.0153 sec>
0...1...2...3...4...5...6...7...8...9...10FinalLightFace Done
0 of 0 (0% of) surface lights went in leaf ambient cubes.
0...1...2...3...4...5...6...7...8...9...10Writing leaf ambient...done
Ready to Finish

Object names       Objects/Maxobjs  Memory / Maxmem  Fullness 
------------       ---------------  ---------------  -------- 
models                   5/1024          240/49152    ( 0.5%) 
brushes                190/8192         2280/98304    ( 2.3%) 
brushsides            1271/65536       10168/524288   ( 1.9%) 
planes                 718/65536       14360/1310720  ( 1.1%) 
vertexes              2347/65536       28164/786432   ( 3.6%) 
nodes                  946/65536       30272/2097152  ( 1.4%) 
texinfos                78/12288        5616/884736   ( 0.6%) 
texdata                 10/2048          320/65536    ( 0.5%) 
dispinfos               60/0           10560/0        ( 0.0%) 
disp_verts            4860/0           97200/0        ( 0.0%) 
disp_tris             7680/0           15360/0        ( 0.0%) 
disp_lmsamples       70688/0           70688/0        ( 0.0%) 
faces                 1636/65536       91616/3670016  ( 2.5%) 
hdr faces                0/65536           0/3670016  ( 0.0%) 
origfaces              641/65536       35896/3670016  ( 1.0%) 
leaves                 952/65536       30464/2097152  ( 1.5%) 
leaffaces             1795/65536        3590/131072   ( 2.7%) 
leafbrushes            574/65536        1148/131072   ( 0.9%) 
areas                    2/256            16/2048     ( 0.8%) 
surfedges            10131/512000      40524/2048000  ( 2.0%) 
edges                 5634/256000      22536/1024000  ( 2.2%) 
LDR worldlights          3/8192          264/720896   ( 0.0%) 
HDR worldlights          0/8192            0/720896   ( 0.0%) 
leafwaterdata            0/32768           0/393216   ( 0.0%) 
waterstrips            118/32768        1180/327680   ( 0.4%) 
waterverts               0/65536           0/786432   ( 0.0%) 
waterindices          1668/65536        3336/131072   ( 2.5%) 
cubemapsamples           0/1024            0/16384    ( 0.0%) 
overlays                 0/512             0/180224   ( 0.0%) 
LDR lightdata         [variable]     1640112/0        ( 0.0%) 
HDR lightdata         [variable]           0/0        ( 0.0%) 
visdata               [variable]       49044/16777216 ( 0.3%) 
entdata               [variable]        4624/393216   ( 1.2%) 
LDR ambient table      952/65536        3808/262144   ( 1.5%) 
HDR ambient table      952/65536        3808/262144   ( 1.5%) 
LDR leaf ambient      6105/65536      170940/1835008  ( 9.3%) 
HDR leaf ambient       952/65536       26656/1835008  ( 1.5%) 
occluders                0/0               0/0        ( 0.0%) 
occluder polygons        0/0               0/0        ( 0.0%) 
occluder vert ind        0/0               0/0        ( 0.0%) 
detail props          [variable]           1/12       ( 8.3%) 
static props          [variable]           1/10292    ( 0.0%) 
pakfile               [variable]      212076/0        ( 0.0%) 
physics               [variable]       69862/4194304  ( 1.7%) 
physics terrain       [variable]       11372/1048576  ( 1.1%) 

Level flags = 0

Total triangle count: 4302
Writing d:\documents\mapping\tf2\tf2-maps\electro\a1\cp_electro_a1.bsp
10 seconds elapsed



materialPath: D:\Program Files (x86)\Steam\steamapps\common\Team Fortress 2\tf\materials
Loading d:\documents\mapping\tf2\tf2-maps\electro\a1\cp_electro_a1.vmf
Patching WVT material: maps/cp_electro_a1/nature/blendgroundtogravel005_wvt_patch
fixing up env_cubemap materials on brush sides...
0...1...2...3...4...5...6...7...8...9...100...1...2...3...4...5...6...7...8...9...10Processing areas...done (0)
Building Faces...done (0)
Chop Details...done (0)
Find Visible Detail Sides...
Merged 10 detail faces...done (0)
Merging details...done (0)
FixTjuncs...
PruneNodes...
WriteBSP...
done (0)
writing d:\documents\mapping\tf2\tf2-maps\electro\a1\cp_electro_a1.prt...Building visibility clusters...
done (0)
*** Error: Skybox vtf files for skybox/sky_gravel_01 weren't compiled with the same size texture and/or same flags!
Can't load skybox file skybox/sky_gravel_01 to build the default cubemap!
*** Error: Skybox vtf files for skybox/sky_gravel_01 weren't compiled with the same size texture and/or same flags!
Can't load skybox file skybox/sky_gravel_01 to build the default cubemap!
Finding displacement neighbors...
Finding lightmap sample positions...
Displacement Alpha : 0...1...2...3...4...5...6...7...8...9...10
Building Physics collision data...
done (0) (69862 bytes)
Placing detail props : 0...1...2...3...4...5...6...7...8...9...10
Compacting texture/material tables...
Reduced 149 texinfos to 78
Reduced 14 texdatas to 10 (357 bytes to 217)
Writing d:\documents\mapping\tf2\tf2-maps\electro\a1\cp_electro_a1.bsp
MSG_FILEWRITE - Filesystem was asked to write to 'd:\documents\mapping\tf2\tf2-maps\electro\a1\cp_electro_a1.bsp', but we don't own that location. Allowing.
Wrote ZIP buffer, estimated size 1064, actual size 850
1 second elapsed



4 threads
reading d:\documents\mapping\tf2\tf2-maps\electro\a1\cp_electro_a1.bsp
reading d:\documents\mapping\tf2\tf2-maps\electro\a1\cp_electro_a1.prt
 429 portalclusters
1234 numportals
0...1...2...3...4...5...6...7...8...9...100...1...2...3...4...5...6...7...8...9...10Optimized: 849 visible clusters (0.84%)
Total clusters visible: 101676
Average clusters visible: 237
Building PAS...
Average clusters audible: 428
visdatasize:49044  compressed from 48048
writing d:\documents\mapping\tf2\tf2-maps\electro\a1\cp_electro_a1.bsp
MSG_FILEWRITE - Filesystem was asked to write to 'd:\documents\mapping\tf2\tf2-maps\electro\a1\cp_electro_a1.bsp', but we don't own that location. Allowing.
5 seconds elapsed



[Reading texlights from 'lights.rad']
[56 texlights parsed from 'lights.rad']

Loading d:\documents\mapping\tf2\tf2-maps\electro\a1\cp_electro_a1.bsp
1636 faces
1083193 square feet [155979792.00 square inches]
60 Displacements
24741 Square Feet [3562775.25 Square Inches]
1636 patches before subdivision
65136 patches after subdivision
3 direct lights
0...1...2...3...4...5...6...7...8...9...100...1...2...3...4...5...6...7...8...9...10transfers 3158632, max 473
transfer lists:  24.1 megs
0...1...2...3...4...5...6...7...8...9...10	Bounce #1 added RGB(303359, 253921, 206969)
0...1...2...3...4...5...6...7...8...9...10	Bounce #2 added RGB(50764, 41242, 32819)
0...1...2...3...4...5...6...7...8...9...10	Bounce #3 added RGB(9560, 7513, 5850)
0...1...2...3...4...5...6...7...8...9...10	Bounce #4 added RGB(1894, 1459, 1129)
0...1...2...3...4...5...6...7...8...9...10	Bounce #5 added RGB(401, 304, 233)
0...1...2...3...4...5...6...7...8...9...10	Bounce #6 added RGB(89, 67, 51)
0...1...2...3...4...5...6...7...8...9...10	Bounce #7 added RGB(21, 16, 12)
0...1...2...3...4...5...6...7...8...9...10	Bounce #8 added RGB(5, 4, 3)
0...1...2...3...4...5...6...7...8...9...10	Bounce #9 added RGB(1, 1, 1)
0...1...2...3...4...5...6...7...8...9...10	Bounce #10 added RGB(0, 0, 0)
Build Patch/Sample Hash Table(s).....Done<0.0187 sec>
0...1...2...3...4...5...6...7...8...9...10FinalLightFace Done
0 of 0 (0% of) surface lights went in leaf ambient cubes.
0...1...2...3...4...5...6...7...8...9...10Writing leaf ambient...done
Ready to Finish

Object names       Objects/Maxobjs  Memory / Maxmem  Fullness 
------------       ---------------  ---------------  -------- 
models                   5/1024          240/49152    ( 0.5%) 
brushes                190/8192         2280/98304    ( 2.3%) 
brushsides            1271/65536       10168/524288   ( 1.9%) 
planes                 718/65536       14360/1310720  ( 1.1%) 
vertexes              2347/65536       28164/786432   ( 3.6%) 
nodes                  946/65536       30272/2097152  ( 1.4%) 
texinfos                78/12288        5616/884736   ( 0.6%) 
texdata                 10/2048          320/65536    ( 0.5%) 
dispinfos               60/0           10560/0        ( 0.0%) 
disp_verts            4860/0           97200/0        ( 0.0%) 
disp_tris             7680/0           15360/0        ( 0.0%) 
disp_lmsamples       70688/0           70688/0        ( 0.0%) 
faces                 1636/65536       91616/3670016  ( 2.5%) 
hdr faces                0/65536           0/3670016  ( 0.0%) 
origfaces              641/65536       35896/3670016  ( 1.0%) 
leaves                 952/65536       30464/2097152  ( 1.5%) 
leaffaces             1795/65536        3590/131072   ( 2.7%) 
leafbrushes            574/65536        1148/131072   ( 0.9%) 
areas                    2/256            16/2048     ( 0.8%) 
surfedges            10131/512000      40524/2048000  ( 2.0%) 
edges                 5634/256000      22536/1024000  ( 2.2%) 
LDR worldlights          3/8192          264/720896   ( 0.0%) 
HDR worldlights          0/8192            0/720896   ( 0.0%) 
leafwaterdata            0/32768           0/393216   ( 0.0%) 
waterstrips            118/32768        1180/327680   ( 0.4%) 
waterverts               0/65536           0/786432   ( 0.0%) 
waterindices          1668/65536        3336/131072   ( 2.5%) 
cubemapsamples           0/1024            0/16384    ( 0.0%) 
overlays                 0/512             0/180224   ( 0.0%) 
LDR lightdata         [variable]     1640112/0        ( 0.0%) 
HDR lightdata         [variable]           0/0        ( 0.0%) 
visdata               [variable]       49044/16777216 ( 0.3%) 
entdata               [variable]        4625/393216   ( 1.2%) 
LDR ambient table      952/65536        3808/262144   ( 1.5%) 
HDR ambient table      952/65536        3808/262144   ( 1.5%) 
LDR leaf ambient      6116/65536      171248/1835008  ( 9.3%) 
HDR leaf ambient       952/65536       26656/1835008  ( 1.5%) 
occluders                0/0               0/0        ( 0.0%) 
occluder polygons        0/0               0/0        ( 0.0%) 
occluder vert ind        0/0               0/0        ( 0.0%) 
detail props          [variable]           1/12       ( 8.3%) 
static props          [variable]           1/10292    ( 0.0%) 
pakfile               [variable]         850/0        ( 0.0%) 
physics               [variable]       69862/4194304  ( 1.7%) 
physics terrain       [variable]       11372/1048576  ( 1.1%) 

Level flags = 0

Total triangle count: 4302
Writing d:\documents\mapping\tf2\tf2-maps\electro\a1\cp_electro_a1.bsp
12 seconds elapsed



materialPath: D:\Program Files (x86)\Steam\steamapps\common\Team Fortress 2\tf\materials
Loading d:\documents\mapping\tf2\tf2-maps\electro\a1\cp_electro_a1.vmf
Patching WVT material: maps/cp_electro_a1/nature/blendgroundtogravel005_wvt_patch
fixing up env_cubemap materials on brush sides...
0...1...2...3...4...5...6...7...8...9...100...1...2...3...4...5...6...7...8...9...10Processing areas...done (0)
Building Faces...done (0)
Chop Details...done (0)
Find Visible Detail Sides...
Merged 10 detail faces...done (0)
Merging details...done (0)
FixTjuncs...
PruneNodes...
WriteBSP...
done (0)
writing d:\documents\mapping\tf2\tf2-maps\electro\a1\cp_electro_a1.prt...Building visibility clusters...
done (0)
*** Error: Skybox vtf files for skybox/sky_gravel_01 weren't compiled with the same size texture and/or same flags!
Can't load skybox file skybox/sky_gravel_01 to build the default cubemap!
*** Error: Skybox vtf files for skybox/sky_gravel_01 weren't compiled with the same size texture and/or same flags!
Can't load skybox file skybox/sky_gravel_01 to build the default cubemap!
Finding displacement neighbors...
Finding lightmap sample positions...
Displacement Alpha : 0...1...2...3...4...5...6...7...8...9...10
Building Physics collision data...
done (0) (69862 bytes)
Placing detail props : 0...1...2...3...4...5...6...7...8...9...10
Compacting texture/material tables...
Reduced 149 texinfos to 78
Reduced 14 texdatas to 10 (357 bytes to 217)
Writing d:\documents\mapping\tf2\tf2-maps\electro\a1\cp_electro_a1.bsp
MSG_FILEWRITE - Filesystem was asked to write to 'd:\documents\mapping\tf2\tf2-maps\electro\a1\cp_electro_a1.bsp', but we don't own that location. Allowing.
Wrote ZIP buffer, estimated size 1064, actual size 850
1 second elapsed



4 threads
reading d:\documents\mapping\tf2\tf2-maps\electro\a1\cp_electro_a1.bsp
reading d:\documents\mapping\tf2\tf2-maps\electro\a1\cp_electro_a1.prt
 429 portalclusters
1234 numportals
0...1...2...3...4...5...6...7...8...9...100...1...2...3...4...5...6...7...8...9...10Optimized: 849 visible clusters (0.84%)
Total clusters visible: 101676
Average clusters visible: 237
Building PAS...
Average clusters audible: 428
visdatasize:49044  compressed from 48048
writing d:\documents\mapping\tf2\tf2-maps\electro\a1\cp_electro_a1.bsp
MSG_FILEWRITE - Filesystem was asked to write to 'd:\documents\mapping\tf2\tf2-maps\electro\a1\cp_electro_a1.bsp', but we don't own that location. Allowing.
5 seconds elapsed



[Reading texlights from 'lights.rad']
[56 texlights parsed from 'lights.rad']

Loading d:\documents\mapping\tf2\tf2-maps\electro\a1\cp_electro_a1.bsp
1636 faces
1083193 square feet [155979792.00 square inches]
60 Displacements
24741 Square Feet [3562775.25 Square Inches]
1636 patches before subdivision
65136 patches after subdivision
3 direct lights
0...1...2...3...4...5...6...7...8...9...100...1...2...3...4...5...6...7...8...9...10transfers 3158632, max 473
transfer lists:  24.1 megs
0...1...2...3...4...5...6...7...8...9...10	Bounce #1 added RGB(303852, 254396, 207416)
0...1...2...3...4...5...6...7...8...9...10	Bounce #2 added RGB(50867, 41342, 32912)
0...1...2...3...4...5...6...7...8...9...10	Bounce #3 added RGB(9582, 7534, 5869)
0...1...2...3...4...5...6...7...8...9...10	Bounce #4 added RGB(1898, 1463, 1133)
0...1...2...3...4...5...6...7...8...9...10	Bounce #5 added RGB(402, 305, 234)
0...1...2...3...4...5...6...7...8...9...10	Bounce #6 added RGB(89, 67, 51)
0...1...2...3...4...5...6...7...8...9...10	Bounce #7 added RGB(21, 16, 12)
0...1...2...3...4...5...6...7...8...9...10	Bounce #8 added RGB(5, 4, 3)
0...1...2...3...4...5...6...7...8...9...10	Bounce #9 added RGB(1, 1, 1)
0...1...2...3...4...5...6...7...8...9...10	Bounce #10 added RGB(0, 0, 0)
Build Patch/Sample Hash Table(s).....Done<0.0148 sec>
0...1...2...3...4...5...6...7...8...9...10FinalLightFace Done
0 of 0 (0% of) surface lights went in leaf ambient cubes.
0...1...2...3...4...5...6...7...8...9...10Writing leaf ambient...done
Ready to Finish

Object names       Objects/Maxobjs  Memory / Maxmem  Fullness 
------------       ---------------  ---------------  -------- 
models                   5/1024          240/49152    ( 0.5%) 
brushes                190/8192         2280/98304    ( 2.3%) 
brushsides            1271/65536       10168/524288   ( 1.9%) 
planes                 718/65536       14360/1310720  ( 1.1%) 
vertexes              2347/65536       28164/786432   ( 3.6%) 
nodes                  946/65536       30272/2097152  ( 1.4%) 
texinfos                78/12288        5616/884736   ( 0.6%) 
texdata                 10/2048          320/65536    ( 0.5%) 
dispinfos               60/0           10560/0        ( 0.0%) 
disp_verts            4860/0           97200/0        ( 0.0%) 
disp_tris             7680/0           15360/0        ( 0.0%) 
disp_lmsamples       70688/0           70688/0        ( 0.0%) 
faces                 1636/65536       91616/3670016  ( 2.5%) 
hdr faces                0/65536           0/3670016  ( 0.0%) 
origfaces              641/65536       35896/3670016  ( 1.0%) 
leaves                 952/65536       30464/2097152  ( 1.5%) 
leaffaces             1795/65536        3590/131072   ( 2.7%) 
leafbrushes            574/65536        1148/131072   ( 0.9%) 
areas                    2/256            16/2048     ( 0.8%) 
surfedges            10131/512000      40524/2048000  ( 2.0%) 
edges                 5634/256000      22536/1024000  ( 2.2%) 
LDR worldlights          3/8192          264/720896   ( 0.0%) 
HDR worldlights          0/8192            0/720896   ( 0.0%) 
leafwaterdata            0/32768           0/393216   ( 0.0%) 
waterstrips            118/32768        1180/327680   ( 0.4%) 
waterverts               0/65536           0/786432   ( 0.0%) 
waterindices          1668/65536        3336/131072   ( 2.5%) 
cubemapsamples           0/1024            0/16384    ( 0.0%) 
overlays                 0/512             0/180224   ( 0.0%) 
LDR lightdata         [variable]     1640112/0        ( 0.0%) 
HDR lightdata         [variable]           0/0        ( 0.0%) 
visdata               [variable]       49044/16777216 ( 0.3%) 
entdata               [variable]        4625/393216   ( 1.2%) 
LDR ambient table      952/65536        3808/262144   ( 1.5%) 
HDR ambient table      952/65536        3808/262144   ( 1.5%) 
LDR leaf ambient      6116/65536      171248/1835008  ( 9.3%) 
HDR leaf ambient       952/65536       26656/1835008  ( 1.5%) 
occluders                0/0               0/0        ( 0.0%) 
occluder polygons        0/0               0/0        ( 0.0%) 
occluder vert ind        0/0               0/0        ( 0.0%) 
detail props          [variable]           1/12       ( 8.3%) 
static props          [variable]           1/10292    ( 0.0%) 
pakfile               [variable]         850/0        ( 0.0%) 
physics               [variable]       69862/4194304  ( 1.7%) 
physics terrain       [variable]       11372/1048576  ( 1.1%) 

Level flags = 0

Total triangle count: 4302
Writing d:\documents\mapping\tf2\tf2-maps\electro\a1\cp_electro_a1.bsp
10 seconds elapsed



materialPath: D:\Program Files (x86)\Steam\steamapps\common\Team Fortress 2\tf\materials
Loading d:\documents\mapping\tf2\tf2-maps\electro\a1\cp_electro_a1.vmf
Patching WVT material: maps/cp_electro_a1/nature/blendgroundtogravel005_wvt_patch
fixing up env_cubemap materials on brush sides...
0...1...2...3...4...5...6...7...8...9...100...1...2...3...4...5...6...7...8...9...10Processing areas...done (0)
Building Faces...done (0)
Chop Details...done (0)
Find Visible Detail Sides...
Merged 12 detail faces...done (0)
Merging details...done (0)
FixTjuncs...
PruneNodes...
WriteBSP...
done (0)
writing d:\documents\mapping\tf2\tf2-maps\electro\a1\cp_electro_a1.prt...Building visibility clusters...
done (0)
*** Error: Skybox vtf files for skybox/sky_gravel_01 weren't compiled with the same size texture and/or same flags!
Can't load skybox file skybox/sky_gravel_01 to build the default cubemap!
*** Error: Skybox vtf files for skybox/sky_gravel_01 weren't compiled with the same size texture and/or same flags!
Can't load skybox file skybox/sky_gravel_01 to build the default cubemap!
Finding displacement neighbors...
Finding lightmap sample positions...
Displacement Alpha : 0...1...2...3...4...5...6...7...8...9...10
Building Physics collision data...
done (0) (85726 bytes)
Placing detail props : 0...1...2...3...4...5...6...7...8...9...10
Compacting texture/material tables...
Reduced 157 texinfos to 85
Reduced 15 texdatas to 11 (379 bytes to 239)
Writing d:\documents\mapping\tf2\tf2-maps\electro\a1\cp_electro_a1.bsp
MSG_FILEWRITE - Filesystem was asked to write to 'd:\documents\mapping\tf2\tf2-maps\electro\a1\cp_electro_a1.bsp', but we don't own that location. Allowing.
Wrote ZIP buffer, estimated size 1064, actual size 850
1 second elapsed



4 threads
reading d:\documents\mapping\tf2\tf2-maps\electro\a1\cp_electro_a1.bsp
reading d:\documents\mapping\tf2\tf2-maps\electro\a1\cp_electro_a1.prt
 459 portalclusters
1367 numportals
0...1...2...3...4...5...6...7...8...9...100...1...2...3...4...5...6...7...8...9...10Optimized: 922 visible clusters (0.85%)
Total clusters visible: 108902
Average clusters visible: 237
Building PAS...
Average clusters audible: 458
visdatasize:55483  compressed from 58752
writing d:\documents\mapping\tf2\tf2-maps\electro\a1\cp_electro_a1.bsp
MSG_FILEWRITE - Filesystem was asked to write to 'd:\documents\mapping\tf2\tf2-maps\electro\a1\cp_electro_a1.bsp', but we don't own that location. Allowing.
7 seconds elapsed



[Reading texlights from 'lights.rad']
[56 texlights parsed from 'lights.rad']

Loading d:\documents\mapping\tf2\tf2-maps\electro\a1\cp_electro_a1.bsp
1722 faces
1085024 square feet [156243568.00 square inches]
60 Displacements
24741 Square Feet [3562775.25 Square Inches]
1722 patches before subdivision
65602 patches after subdivision
3 direct lights
0...1...2...3...4...5...6...7...8...9...100...1...2...3...4...5...6...7...8...9...10transfers 3234484, max 482
transfer lists:  24.7 megs
0...1...2...3...4...5...6...7...8...9...10	Bounce #1 added RGB(308404, 258435, 210888)
0...1...2...3...4...5...6...7...8...9...10	Bounce #2 added RGB(51332, 41782, 33345)
0...1...2...3...4...5...6...7...8...9...10	Bounce #3 added RGB(9674, 7620, 5950)
0...1...2...3...4...5...6...7...8...9...10	Bounce #4 added RGB(1912, 1477, 1146)
0...1...2...3...4...5...6...7...8...9...10	Bounce #5 added RGB(404, 307, 236)
0...1...2...3...4...5...6...7...8...9...10	Bounce #6 added RGB(90, 67, 52)
0...1...2...3...4...5...6...7...8...9...10	Bounce #7 added RGB(21, 16, 12)
0...1...2...3...4...5...6...7...8...9...10	Bounce #8 added RGB(5, 4, 3)
0...1...2...3...4...5...6...7...8...9...10	Bounce #9 added RGB(1, 1, 1)
0...1...2...3...4...5...6...7...8...9...10	Bounce #10 added RGB(0, 0, 0)
Build Patch/Sample Hash Table(s).....Done<0.0150 sec>
0...1...2...3...4...5...6...7...8...9...10FinalLightFace Done
0 of 0 (0% of) surface lights went in leaf ambient cubes.
0...1...2...3...4...5...6...7...8...9...10Writing leaf ambient...done
Ready to Finish

Object names       Objects/Maxobjs  Memory / Maxmem  Fullness 
------------       ---------------  ---------------  -------- 
models                   5/1024          240/49152    ( 0.5%) 
brushes                229/8192         2748/98304    ( 2.8%) 
brushsides            1769/65536       14152/524288   ( 2.7%) 
planes                1244/65536       24880/1310720  ( 1.9%) 
vertexes              2519/65536       30228/786432   ( 3.8%) 
nodes                  980/65536       31360/2097152  ( 1.5%) 
texinfos                85/12288        6120/884736   ( 0.7%) 
texdata                 11/2048          352/65536    ( 0.5%) 
dispinfos               60/0           10560/0        ( 0.0%) 
disp_verts            4860/0           97200/0        ( 0.0%) 
disp_tris             7680/0           15360/0        ( 0.0%) 
disp_lmsamples       70688/0           70688/0        ( 0.0%) 
faces                 1722/65536       96432/3670016  ( 2.6%) 
hdr faces                0/65536           0/3670016  ( 0.0%) 
origfaces              708/65536       39648/3670016  ( 1.1%) 
leaves                 986/65536       31552/2097152  ( 1.5%) 
leaffaces             1979/65536        3958/131072   ( 3.0%) 
leafbrushes            719/65536        1438/131072   ( 1.1%) 
areas                    2/256            16/2048     ( 0.8%) 
surfedges            10832/512000      43328/2048000  ( 2.1%) 
edges                 6073/256000      24292/1024000  ( 2.4%) 
LDR worldlights          3/8192          264/720896   ( 0.0%) 
HDR worldlights          0/8192            0/720896   ( 0.0%) 
leafwaterdata            0/32768           0/393216   ( 0.0%) 
waterstrips            127/32768        1270/327680   ( 0.4%) 
waterverts               0/65536           0/786432   ( 0.0%) 
waterindices          1848/65536        3696/131072   ( 2.8%) 
cubemapsamples           0/1024            0/16384    ( 0.0%) 
overlays                 0/512             0/180224   ( 0.0%) 
LDR lightdata         [variable]     1655672/0        ( 0.0%) 
HDR lightdata         [variable]           0/0        ( 0.0%) 
visdata               [variable]       55483/16777216 ( 0.3%) 
entdata               [variable]        5496/393216   ( 1.4%) 
LDR ambient table      986/65536        3944/262144   ( 1.5%) 
HDR ambient table      986/65536        3944/262144   ( 1.5%) 
LDR leaf ambient      6447/65536      180516/1835008  ( 9.8%) 
HDR leaf ambient       986/65536       27608/1835008  ( 1.5%) 
occluders                0/0               0/0        ( 0.0%) 
occluder polygons        0/0               0/0        ( 0.0%) 
occluder vert ind        0/0               0/0        ( 0.0%) 
detail props          [variable]           1/12       ( 8.3%) 
static props          [variable]           1/10294    ( 0.0%) 
pakfile               [variable]         850/0        ( 0.0%) 
physics               [variable]       85726/4194304  ( 2.0%) 
physics terrain       [variable]       11372/1048576  ( 1.1%) 

Level flags = 0

Total triangle count: 4556
Writing d:\documents\mapping\tf2\tf2-maps\electro\a1\cp_electro_a1.bsp
11 seconds elapsed



materialPath: D:\Program Files (x86)\Steam\steamapps\common\Team Fortress 2\tf\materials
Loading d:\documents\mapping\tf2\tf2-maps\electro\a1\cp_electro_a1.vmf
Patching WVT material: maps/cp_electro_a1/nature/blendgroundtogravel005_wvt_patch
fixing up env_cubemap materials on brush sides...
0...1...2...3...4...5...6...7...8...9...100...1...2...3...4...5...6...7...8...9...10Processing areas...done (0)
Building Faces...done (0)
Chop Details...done (0)
Find Visible Detail Sides...
Merged 12 detail faces...done (0)
Merging details...done (0)
FixTjuncs...
PruneNodes...
WriteBSP...
done (0)
writing d:\documents\mapping\tf2\tf2-maps\electro\a1\cp_electro_a1.prt...Building visibility clusters...
done (0)
*** Error: Skybox vtf files for skybox/sky_gravel_01 weren't compiled with the same size texture and/or same flags!
Can't load skybox file skybox/sky_gravel_01 to build the default cubemap!
*** Error: Skybox vtf files for skybox/sky_gravel_01 weren't compiled with the same size texture and/or same flags!
Can't load skybox file skybox/sky_gravel_01 to build the default cubemap!
Finding displacement neighbors...
Finding lightmap sample positions...
Displacement Alpha : 0...1...2...3...4...5...6...7...8...9...10
Building Physics collision data...
done (0) (85726 bytes)
Placing detail props : 0...1...2...3...4...5...6...7...8...9...10
Compacting texture/material tables...
Reduced 157 texinfos to 86
Reduced 15 texdatas to 12 (348 bytes to 251)
Writing d:\documents\mapping\tf2\tf2-maps\electro\a1\cp_electro_a1.bsp
MSG_FILEWRITE - Filesystem was asked to write to 'd:\documents\mapping\tf2\tf2-maps\electro\a1\cp_electro_a1.bsp', but we don't own that location. Allowing.
Wrote ZIP buffer, estimated size 606, actual size 526
1 second elapsed



4 threads
reading d:\documents\mapping\tf2\tf2-maps\electro\a1\cp_electro_a1.bsp
reading d:\documents\mapping\tf2\tf2-maps\electro\a1\cp_electro_a1.prt
 459 portalclusters
1367 numportals
0...1...2...3...4...5...6...7...8...9...100...1...2...3...4...5...6...7...8...9...10Optimized: 921 visible clusters (0.85%)
Total clusters visible: 108903
Average clusters visible: 237
Building PAS...
Average clusters audible: 458
visdatasize:55483  compressed from 58752
writing d:\documents\mapping\tf2\tf2-maps\electro\a1\cp_electro_a1.bsp
MSG_FILEWRITE - Filesystem was asked to write to 'd:\documents\mapping\tf2\tf2-maps\electro\a1\cp_electro_a1.bsp', but we don't own that location. Allowing.
6 seconds elapsed



[Reading texlights from 'lights.rad']
[56 texlights parsed from 'lights.rad']

Loading d:\documents\mapping\tf2\tf2-maps\electro\a1\cp_electro_a1.bsp
1721 faces
1085021 square feet [156243024.00 square inches]
60 Displacements
24741 Square Feet [3562775.25 Square Inches]
1721 patches before subdivision
65595 patches after subdivision
5 direct lights
0...1...2...3...4...5...6...7...8...9...100...1...2...3...4...5...6...7...8...9...10transfers 3232754, max 482
transfer lists:  24.7 megs
0...1...2...3...4...5...6...7...8...9...10	Bounce #1 added RGB(305892, 256897, 210280)
0...1...2...3...4...5...6...7...8...9...10	Bounce #2 added RGB(50708, 41380, 33135)
0...1...2...3...4...5...6...7...8...9...10	Bounce #3 added RGB(9495, 7502, 5878)
0...1...2...3...4...5...6...7...8...9...10	Bounce #4 added RGB(1870, 1449, 1128)
0...1...2...3...4...5...6...7...8...9...10	Bounce #5 added RGB(395, 301, 232)
0...1...2...3...4...5...6...7...8...9...10	Bounce #6 added RGB(88, 66, 51)
0...1...2...3...4...5...6...7...8...9...10	Bounce #7 added RGB(21, 15, 12)
0...1...2...3...4...5...6...7...8...9...10	Bounce #8 added RGB(5, 4, 3)
0...1...2...3...4...5...6...7...8...9...10	Bounce #9 added RGB(1, 1, 1)
0...1...2...3...4...5...6...7...8...9...10	Bounce #10 added RGB(0, 0, 0)
Build Patch/Sample Hash Table(s).....Done<0.0155 sec>
0...1...2...3...4...5...6...7...8...9...10FinalLightFace Done
0 of 0 (0% of) surface lights went in leaf ambient cubes.
0...1...2...3...4...5...6...7...8...9...10Writing leaf ambient...done
Ready to Finish

Object names       Objects/Maxobjs  Memory / Maxmem  Fullness 
------------       ---------------  ---------------  -------- 
models                   5/1024          240/49152    ( 0.5%) 
brushes                229/8192         2748/98304    ( 2.8%) 
brushsides            1769/65536       14152/524288   ( 2.7%) 
planes                1244/65536       24880/1310720  ( 1.9%) 
vertexes              2519/65536       30228/786432   ( 3.8%) 
nodes                  980/65536       31360/2097152  ( 1.5%) 
texinfos                86/12288        6192/884736   ( 0.7%) 
texdata                 12/2048          384/65536    ( 0.6%) 
dispinfos               60/0           10560/0        ( 0.0%) 
disp_verts            4860/0           97200/0        ( 0.0%) 
disp_tris             7680/0           15360/0        ( 0.0%) 
disp_lmsamples       70688/0           70688/0        ( 0.0%) 
faces                 1721/65536       96376/3670016  ( 2.6%) 
hdr faces                0/65536           0/3670016  ( 0.0%) 
origfaces              707/65536       39592/3670016  ( 1.1%) 
leaves                 986/65536       31552/2097152  ( 1.5%) 
leaffaces             1977/65536        3954/131072   ( 3.0%) 
leafbrushes            719/65536        1438/131072   ( 1.1%) 
areas                    2/256            16/2048     ( 0.8%) 
surfedges            10824/512000      43296/2048000  ( 2.1%) 
edges                 6065/256000      24260/1024000  ( 2.4%) 
LDR worldlights          5/8192          440/720896   ( 0.1%) 
HDR worldlights          0/8192            0/720896   ( 0.0%) 
leafwaterdata            0/32768           0/393216   ( 0.0%) 
waterstrips            127/32768        1270/327680   ( 0.4%) 
waterverts               0/65536           0/786432   ( 0.0%) 
waterindices          1848/65536        3696/131072   ( 2.8%) 
cubemapsamples           0/1024            0/16384    ( 0.0%) 
overlays                 0/512             0/180224   ( 0.0%) 
LDR lightdata         [variable]     1671800/0        ( 0.0%) 
HDR lightdata         [variable]           0/0        ( 0.0%) 
visdata               [variable]       55483/16777216 ( 0.3%) 
entdata               [variable]        6307/393216   ( 1.6%) 
LDR ambient table      986/65536        3944/262144   ( 1.5%) 
HDR ambient table      986/65536        3944/262144   ( 1.5%) 
LDR leaf ambient      6450/65536      180600/1835008  ( 9.8%) 
HDR leaf ambient       986/65536       27608/1835008  ( 1.5%) 
occluders                0/0               0/0        ( 0.0%) 
occluder polygons        0/0               0/0        ( 0.0%) 
occluder vert ind        0/0               0/0        ( 0.0%) 
detail props          [variable]           1/12       ( 8.3%) 
static props          [variable]           1/10570    ( 0.0%) 
pakfile               [variable]         526/0        ( 0.0%) 
physics               [variable]       85726/4194304  ( 2.0%) 
physics terrain       [variable]       11372/1048576  ( 1.1%) 

Level flags = 0

Total triangle count: 4554
Writing d:\documents\mapping\tf2\tf2-maps\electro\a1\cp_electro_a1.bsp
11 seconds elapsed



materialPath: D:\Program Files (x86)\Steam\steamapps\common\Team Fortress 2\tf\materials
Loading d:\documents\mapping\tf2\tf2-maps\electro\a1\cp_electro_a1.vmf
Patching WVT material: maps/cp_electro_a1/nature/blendgroundtogravel005_wvt_patch
fixing up env_cubemap materials on brush sides...
0...1...2...3...4...5...6...7...8...9...100...1...2...3...4...5...6...7...8...9...10Processing areas...done (0)
Building Faces...done (0)
Chop Details...done (0)
Find Visible Detail Sides...
Merged 12 detail faces...done (0)
Merging details...done (0)
FixTjuncs...
PruneNodes...
WriteBSP...
done (0)
writing d:\documents\mapping\tf2\tf2-maps\electro\a1\cp_electro_a1.prt...Building visibility clusters...
done (0)
*** Error: Skybox vtf files for skybox/sky_nightfall_01 weren't compiled with the same size texture and/or same flags!
Can't load skybox file skybox/sky_nightfall_01 to build the default cubemap!
*** Error: Skybox vtf files for skybox/sky_nightfall_01 weren't compiled with the same size texture and/or same flags!
Can't load skybox file skybox/sky_nightfall_01 to build the default cubemap!
Finding displacement neighbors...
Finding lightmap sample positions...
Displacement Alpha : 0...1...2...3...4...5...6...7...8...9...10
Building Physics collision data...
done (0) (86494 bytes)
Placing detail props : 0...1...2...3...4...5...6...7...8...9...10
Compacting texture/material tables...
Reduced 159 texinfos to 87
Reduced 15 texdatas to 12 (348 bytes to 251)
Writing d:\documents\mapping\tf2\tf2-maps\electro\a1\cp_electro_a1.bsp
MSG_FILEWRITE - Filesystem was asked to write to 'd:\documents\mapping\tf2\tf2-maps\electro\a1\cp_electro_a1.bsp', but we don't own that location. Allowing.
Wrote ZIP buffer, estimated size 606, actual size 526
3 seconds elapsed



4 threads
reading d:\documents\mapping\tf2\tf2-maps\electro\a1\cp_electro_a1.bsp
reading d:\documents\mapping\tf2\tf2-maps\electro\a1\cp_electro_a1.prt
 465 portalclusters
1381 numportals
0...1...2...3...4...5...6...7...8...9...100...1...2...3...4...5...6...7...8...9...10Optimized: 918 visible clusters (0.84%)
Total clusters visible: 109660
Average clusters visible: 235
Building PAS...
Average clusters audible: 464
visdatasize:56881  compressed from 59520
writing d:\documents\mapping\tf2\tf2-maps\electro\a1\cp_electro_a1.bsp
MSG_FILEWRITE - Filesystem was asked to write to 'd:\documents\mapping\tf2\tf2-maps\electro\a1\cp_electro_a1.bsp', but we don't own that location. Allowing.
7 seconds elapsed



[Reading texlights from 'lights.rad']
[56 texlights parsed from 'lights.rad']

Loading d:\documents\mapping\tf2\tf2-maps\electro\a1\cp_electro_a1.bsp
1743 faces
1086318 square feet [156429920.00 square inches]
60 Displacements
24741 Square Feet [3562775.25 Square Inches]
1743 patches before subdivision
65781 patches after subdivision
5 direct lights
0...1...2...3...4...5...6...7...8...9...100...1...2...3...4...5...6...7...8...9...10transfers 3304390, max 482
transfer lists:  25.2 megs
0...1...2...3...4...5...6...7...8...9...10	Bounce #1 added RGB(9539, 9022, 9737)
0...1...2...3...4...5...6...7...8...9...10	Bounce #2 added RGB(1722, 1624, 1726)
0...1...2...3...4...5...6...7...8...9...10	Bounce #3 added RGB(333, 309, 325)
0...1...2...3...4...5...6...7...8...9...10	Bounce #4 added RGB(67, 62, 65)
0...1...2...3...4...5...6...7...8...9...10	Bounce #5 added RGB(14, 13, 14)
0...1...2...3...4...5...6...7...8...9...10	Bounce #6 added RGB(3, 3, 3)
0...1...2...3...4...5...6...7...8...9...10	Bounce #7 added RGB(1, 1, 1)
Build Patch/Sample Hash Table(s).....Done<0.0170 sec>
0...1...2...3...4...5...6...7...8...9...10FinalLightFace Done
0 of 0 (0% of) surface lights went in leaf ambient cubes.
0...1...2...3...4...5...6...7...8...9...10Writing leaf ambient...done
Ready to Finish

Object names       Objects/Maxobjs  Memory / Maxmem  Fullness 
------------       ---------------  ---------------  -------- 
models                   5/1024          240/49152    ( 0.5%) 
brushes                231/8192         2772/98304    ( 2.8%) 
brushsides            1781/65536       14248/524288   ( 2.7%) 
planes                1248/65536       24960/1310720  ( 1.9%) 
vertexes              2550/65536       30600/786432   ( 3.9%) 
nodes                  987/65536       31584/2097152  ( 1.5%) 
texinfos                87/12288        6264/884736   ( 0.7%) 
texdata                 12/2048          384/65536    ( 0.6%) 
dispinfos               60/0           10560/0        ( 0.0%) 
disp_verts            4860/0           97200/0        ( 0.0%) 
disp_tris             7680/0           15360/0        ( 0.0%) 
disp_lmsamples       70688/0           70688/0        ( 0.0%) 
faces                 1743/65536       97608/3670016  ( 2.7%) 
hdr faces                0/65536           0/3670016  ( 0.0%) 
origfaces              713/65536       39928/3670016  ( 1.1%) 
leaves                 993/65536       31776/2097152  ( 1.5%) 
leaffaces             2003/65536        4006/131072   ( 3.1%) 
leafbrushes            721/65536        1442/131072   ( 1.1%) 
areas                    2/256            16/2048     ( 0.8%) 
surfedges            10962/512000      43848/2048000  ( 2.1%) 
edges                 6143/256000      24572/1024000  ( 2.4%) 
LDR worldlights          5/8192          440/720896   ( 0.1%) 
HDR worldlights          0/8192            0/720896   ( 0.0%) 
leafwaterdata            0/32768           0/393216   ( 0.0%) 
waterstrips            129/32768        1290/327680   ( 0.4%) 
waterverts               0/65536           0/786432   ( 0.0%) 
waterindices          1881/65536        3762/131072   ( 2.9%) 
cubemapsamples           0/1024            0/16384    ( 0.0%) 
overlays                 0/512             0/180224   ( 0.0%) 
LDR lightdata         [variable]     1676340/0        ( 0.0%) 
HDR lightdata         [variable]           0/0        ( 0.0%) 
visdata               [variable]       56881/16777216 ( 0.3%) 
entdata               [variable]        6307/393216   ( 1.6%) 
LDR ambient table      993/65536        3972/262144   ( 1.5%) 
HDR ambient table      993/65536        3972/262144   ( 1.5%) 
LDR leaf ambient      4466/65536      125048/1835008  ( 6.8%) 
HDR leaf ambient       993/65536       27804/1835008  ( 1.5%) 
occluders                0/0               0/0        ( 0.0%) 
occluder polygons        0/0               0/0        ( 0.0%) 
occluder vert ind        0/0               0/0        ( 0.0%) 
detail props          [variable]           1/12       ( 8.3%) 
static props          [variable]           1/10570    ( 0.0%) 
pakfile               [variable]         526/0        ( 0.0%) 
physics               [variable]       86494/4194304  ( 2.1%) 
physics terrain       [variable]       11372/1048576  ( 1.1%) 

Level flags = 0

Total triangle count: 4624
Writing d:\documents\mapping\tf2\tf2-maps\electro\a1\cp_electro_a1.bsp
11 seconds elapsed



materialPath: D:\Program Files (x86)\Steam\steamapps\common\Team Fortress 2\tf\materials
Loading d:\documents\mapping\tf2\tf2-maps\electro\a1\cp_electro_a1.vmf
Patching WVT material: maps/cp_electro_a1/nature/blendgroundtogravel005_wvt_patch
fixing up env_cubemap materials on brush sides...
0...1...2...3...4...5...6...7...8...9...100...1...2...3...4...5...6...7...8...9...10Processing areas...done (0)
Building Faces...done (0)
Chop Details...done (0)
Find Visible Detail Sides...
Merged 12 detail faces...done (0)
Merging details...done (0)
FixTjuncs...
PruneNodes...
WriteBSP...
done (0)
writing d:\documents\mapping\tf2\tf2-maps\electro\a1\cp_electro_a1.prt...Building visibility clusters...
done (0)
*** Error: Skybox vtf files for skybox/sky_well_01 weren't compiled with the same size texture and/or same flags!
Can't load skybox file skybox/sky_well_01 to build the default cubemap!
*** Error: Skybox vtf files for skybox/sky_well_01 weren't compiled with the same size texture and/or same flags!
Can't load skybox file skybox/sky_well_01 to build the default cubemap!
Finding displacement neighbors...
Finding lightmap sample positions...
Displacement Alpha : 0...1...2...3...4...5...6...7...8...9...10
Building Physics collision data...
done (0) (87542 bytes)
Placing detail props : 0...1...2...3...4...5...6...7...8...9...10
Compacting texture/material tables...
Reduced 164 texinfos to 89
Reduced 17 texdatas to 14 (387 bytes to 290)
Writing d:\documents\mapping\tf2\tf2-maps\electro\a1\cp_electro_a1.bsp
MSG_FILEWRITE - Filesystem was asked to write to 'd:\documents\mapping\tf2\tf2-maps\electro\a1\cp_electro_a1.bsp', but we don't own that location. Allowing.
Wrote ZIP buffer, estimated size 606, actual size 526
1 second elapsed



4 threads
reading d:\documents\mapping\tf2\tf2-maps\electro\a1\cp_electro_a1.bsp
reading d:\documents\mapping\tf2\tf2-maps\electro\a1\cp_electro_a1.prt
 468 portalclusters
1390 numportals
0...1...2...3...4...5...6...7...8...9...100...1...2...3...4...5...6...7...8...9...10Optimized: 934 visible clusters (0.85%)
Total clusters visible: 110511
Average clusters visible: 236
Building PAS...
Average clusters audible: 467
visdatasize:57254  compressed from 59904
writing d:\documents\mapping\tf2\tf2-maps\electro\a1\cp_electro_a1.bsp
MSG_FILEWRITE - Filesystem was asked to write to 'd:\documents\mapping\tf2\tf2-maps\electro\a1\cp_electro_a1.bsp', but we don't own that location. Allowing.
6 seconds elapsed



[Reading texlights from 'lights.rad']
[56 texlights parsed from 'lights.rad']

Loading d:\documents\mapping\tf2\tf2-maps\electro\a1\cp_electro_a1.bsp
1749 faces
1086299 square feet [156427184.00 square inches]
60 Displacements
24741 Square Feet [3562775.25 Square Inches]
1749 patches before subdivision
65755 patches after subdivision
6 direct lights
0...1...2...3...4...5...6...7...8...9...100...1...2...3...4...5...6...7...8...9...10transfers 3291191, max 482
transfer lists:  25.1 megs
0...1...2...3...4...5...6...7...8...9...10	Bounce #1 added RGB(171837, 122756, 99413)
0...1...2...3...4...5...6...7...8...9...10	Bounce #2 added RGB(28794, 20053, 16082)
0...1...2...3...4...5...6...7...8...9...10	Bounce #3 added RGB(5352, 3669, 2936)
0...1...2...3...4...5...6...7...8...9...10	Bounce #4 added RGB(1077, 735, 590)
0...1...2...3...4...5...6...7...8...9...10	Bounce #5 added RGB(231, 158, 127)
0...1...2...3...4...5...6...7...8...9...10	Bounce #6 added RGB(53, 36, 29)
0...1...2...3...4...5...6...7...8...9...10	Bounce #7 added RGB(13, 9, 7)
0...1...2...3...4...5...6...7...8...9...10	Bounce #8 added RGB(3, 2, 2)
0...1...2...3...4...5...6...7...8...9...10	Bounce #9 added RGB(1, 1, 0)
Build Patch/Sample Hash Table(s).....Done<0.0165 sec>
0...1...2...3...4...5...6...7...8...9...10FinalLightFace Done
0 of 0 (0% of) surface lights went in leaf ambient cubes.
0...1...2...3...4...5...6...7...8...9...10Writing leaf ambient...done
Ready to Finish

Object names       Objects/Maxobjs  Memory / Maxmem  Fullness 
------------       ---------------  ---------------  -------- 
models                   5/1024          240/49152    ( 0.5%) 
brushes                234/8192         2808/98304    ( 2.9%) 
brushsides            1800/65536       14400/524288   ( 2.7%) 
planes                1260/65536       25200/1310720  ( 1.9%) 
vertexes              2561/65536       30732/786432   ( 3.9%) 
nodes                  992/65536       31744/2097152  ( 1.5%) 
texinfos                89/12288        6408/884736   ( 0.7%) 
texdata                 14/2048          448/65536    ( 0.7%) 
dispinfos               60/0           10560/0        ( 0.0%) 
disp_verts            4860/0           97200/0        ( 0.0%) 
disp_tris             7680/0           15360/0        ( 0.0%) 
disp_lmsamples       70688/0           70688/0        ( 0.0%) 
faces                 1749/65536       97944/3670016  ( 2.7%) 
hdr faces                0/65536           0/3670016  ( 0.0%) 
origfaces              719/65536       40264/3670016  ( 1.1%) 
leaves                 998/65536       31936/2097152  ( 1.5%) 
leaffaces             2016/65536        4032/131072   ( 3.1%) 
leafbrushes            726/65536        1452/131072   ( 1.1%) 
areas                    2/256            16/2048     ( 0.8%) 
surfedges            11017/512000      44068/2048000  ( 2.2%) 
edges                 6176/256000      24704/1024000  ( 2.4%) 
LDR worldlights          6/8192          528/720896   ( 0.1%) 
HDR worldlights          0/8192            0/720896   ( 0.0%) 
leafwaterdata            0/32768           0/393216   ( 0.0%) 
waterstrips            132/32768        1320/327680   ( 0.4%) 
waterverts               0/65536           0/786432   ( 0.0%) 
waterindices          1932/65536        3864/131072   ( 2.9%) 
cubemapsamples           0/1024            0/16384    ( 0.0%) 
overlays                 7/512          2464/180224   ( 1.4%) 
LDR lightdata         [variable]     1681404/0        ( 0.0%) 
HDR lightdata         [variable]           0/0        ( 0.0%) 
visdata               [variable]       57254/16777216 ( 0.3%) 
entdata               [variable]        7063/393216   ( 1.8%) 
LDR ambient table      998/65536        3992/262144   ( 1.5%) 
HDR ambient table      998/65536        3992/262144   ( 1.5%) 
LDR leaf ambient      6382/65536      178696/1835008  ( 9.7%) 
HDR leaf ambient       998/65536       27944/1835008  ( 1.5%) 
occluders                0/0               0/0        ( 0.0%) 
occluder polygons        0/0               0/0        ( 0.0%) 
occluder vert ind        0/0               0/0        ( 0.0%) 
detail props          [variable]           1/12       ( 8.3%) 
static props          [variable]           1/11052    ( 0.0%) 
pakfile               [variable]         526/0        ( 0.0%) 
physics               [variable]       87542/4194304  ( 2.1%) 
physics terrain       [variable]       11372/1048576  ( 1.1%) 

Level flags = 0

Total triangle count: 4644
Writing d:\documents\mapping\tf2\tf2-maps\electro\a1\cp_electro_a1.bsp
12 seconds elapsed
