


materialPath: D:\Program Files (x86)\Steam\steamapps\common\Team Fortress 2\tf\materials
Loading d:\documents\mapping\tf2\tf2-maps\labor\a9a\koth_labor_a9a.vmf
ConVarRef mat_reduceparticles doesn't point to an existing ConVar
Patching WVT material: maps/koth_labor_a9a/pl_barnblitz/blendmetalroofsnow_02_wvt_patch
Patching WVT material: maps/koth_labor_a9a/dev/dev_blendmeasure2_wvt_patch
Patching WVT material: maps/koth_labor_a9a/winter/blendgraveltograss004_wvt_patch
fixing up env_cubemap materials on brush sides...
0...1...2...3...4...5...6...7...8...9...100...1...2...3...4...5...6...7...8...9...10Processing areas...done (0)
Building Faces...done (0)
Chop Details...done (0)
Find Visible Detail Sides...
Merged 304 detail faces...done (0)
Merging details...done (0)
FixTjuncs...
PruneNodes...
WriteBSP...
done (0)
writing d:\documents\mapping\tf2\tf2-maps\labor\a9a\koth_labor_a9a.prt...Building visibility clusters...
done (0)
*** Error: Skybox vtf files for skybox/sky_alpinestorm_01 weren't compiled with the same size texture and/or same flags!
Can't load skybox file skybox/sky_alpinestorm_01 to build the default cubemap!
*** Error: Skybox vtf files for skybox/sky_alpinestorm_01 weren't compiled with the same size texture and/or same flags!
Can't load skybox file skybox/sky_alpinestorm_01 to build the default cubemap!
Finding displacement neighbors...
Finding lightmap sample positions...
Displacement Alpha : 0...1...2...3...4...5...6...7...8...9...10
Building Physics collision data...
done (0) (246925 bytes)
Placing detail props : 0...1...2...3...4...5...6...7...8...9...10
Compacting texture/material tables...
Reduced 923 texinfos to 495
Reduced 67 texdatas to 54 (2398 bytes to 1889)
Writing d:\documents\mapping\tf2\tf2-maps\labor\a9a\koth_labor_a9a.bsp
MSG_FILEWRITE - Filesystem was asked to write to 'd:\documents\mapping\tf2\tf2-maps\labor\a9a\koth_labor_a9a.bsp', but we don't own that location. Allowing.
Wrote ZIP buffer, estimated size 12837, actual size 9407
2 seconds elapsed



4 threads
reading d:\documents\mapping\tf2\tf2-maps\labor\a9a\koth_labor_a9a.bsp
reading d:\documents\mapping\tf2\tf2-maps\labor\a9a\koth_labor_a9a.prt
 591 portalclusters
1824 numportals
0...1...2...3...4...5...6...7...8...9...100...1...2...3...4...5...6...7...8...9...10Optimized: 1532 visible clusters (0.98%)
Total clusters visible: 156875
Average clusters visible: 265
Building PAS...
Average clusters audible: 569
visdatasize:87461  compressed from 94560
writing d:\documents\mapping\tf2\tf2-maps\labor\a9a\koth_labor_a9a.bsp
MSG_FILEWRITE - Filesystem was asked to write to 'd:\documents\mapping\tf2\tf2-maps\labor\a9a\koth_labor_a9a.bsp', but we don't own that location. Allowing.
21 seconds elapsed



[Reading texlights from 'lights.rad']
[56 texlights parsed from 'lights.rad']

Loading d:\documents\mapping\tf2\tf2-maps\labor\a9a\koth_labor_a9a.bsp
3143 faces
910299 square feet [131083144.00 square inches]
128 Displacements
53779 Square Feet [7744183.00 Square Inches]
3143 patches before subdivision
71153 patches after subdivision
32 direct lights
0...1...2...3...4...5...6...7...8...9...100...1...2...3...4...5...6...7...8...9...10transfers 5432612, max 609
transfer lists:  41.4 megs
0...1...2...3...4...5...6...7...8...9...10	Bounce #1 added RGB(250929, 269720, 267774)
0...1...2...3...4...5...6...7...8...9...10	Bounce #2 added RGB(50847, 51626, 51805)
0...1...2...3...4...5...6...7...8...9...10	Bounce #3 added RGB(11783, 11430, 11438)
0...1...2...3...4...5...6...7...8...9...10	Bounce #4 added RGB(2932, 2781, 2793)
0...1...2...3...4...5...6...7...8...9...10	Bounce #5 added RGB(762, 714, 718)
0...1...2...3...4...5...6...7...8...9...10	Bounce #6 added RGB(204, 190, 191)
0...1...2...3...4...5...6...7...8...9...10	Bounce #7 added RGB(56, 51, 52)
0...1...2...3...4...5...6...7...8...9...10	Bounce #8 added RGB(15, 14, 14)
0...1...2...3...4...5...6...7...8...9...10	Bounce #9 added RGB(4, 4, 4)
0...1...2...3...4...5...6...7...8...9...10	Bounce #10 added RGB(1, 1, 1)
0...1...2...3...4...5...6...7...8...9...10	Bounce #11 added RGB(0, 0, 0)
Build Patch/Sample Hash Table(s).....Done<0.0161 sec>
0...1...2...3...4...5...6...7...8...9...10FinalLightFace Done
0 of 0 (0% of) surface lights went in leaf ambient cubes.
0...1...2...3...4...5...6...7...8...9...10Writing leaf ambient...done
Ready to Finish

Object names       Objects/Maxobjs  Memory / Maxmem  Fullness 
------------       ---------------  ---------------  -------- 
models                  82/1024         3936/49152    ( 8.0%) 
brushes                613/8192         7356/98304    ( 7.5%) 
brushsides            4456/65536       35648/524288   ( 6.8%) 
planes                2442/65536       48840/1310720  ( 3.7%) 
vertexes              4645/65536       55740/786432   ( 7.1%) 
nodes                 1727/65536       55264/2097152  ( 2.6%) 
texinfos               495/12288       35640/884736   ( 4.0%) 
texdata                 54/2048         1728/65536    ( 2.6%) 
dispinfos              128/0           22528/0        ( 0.0%) 
disp_verts            9584/0          191680/0        ( 0.0%) 
disp_tris            15040/0           30080/0        ( 0.0%) 
disp_lmsamples      153344/0          153344/0        ( 0.0%) 
faces                 3143/65536      176008/3670016  ( 4.8%) 
hdr faces                0/65536           0/3670016  ( 0.0%) 
origfaces             2143/65536      120008/3670016  ( 3.3%) 
leaves                1810/65536       57920/2097152  ( 2.8%) 
leaffaces             3512/65536        7024/131072   ( 5.4%) 
leafbrushes           1230/65536        2460/131072   ( 1.9%) 
areas                    2/256            16/2048     ( 0.8%) 
surfedges            23055/512000      92220/2048000  ( 4.5%) 
edges                12998/256000      51992/1024000  ( 5.1%) 
LDR worldlights         32/8192         2816/720896   ( 0.4%) 
HDR worldlights          0/8192            0/720896   ( 0.0%) 
leafwaterdata            0/32768           0/393216   ( 0.0%) 
waterstrips            265/32768        2650/327680   ( 0.8%) 
waterverts               0/65536           0/786432   ( 0.0%) 
waterindices          4005/65536        8010/131072   ( 6.1%) 
cubemapsamples          41/1024          656/16384    ( 4.0%) 
overlays                23/512          8096/180224   ( 4.5%) 
LDR lightdata         [variable]     2201712/0        ( 0.0%) 
HDR lightdata         [variable]           0/0        ( 0.0%) 
visdata               [variable]       87461/16777216 ( 0.5%) 
entdata               [variable]       51316/393216   (13.1%) 
LDR ambient table     1810/65536        7240/262144   ( 2.8%) 
HDR ambient table     1810/65536        7240/262144   ( 2.8%) 
LDR leaf ambient     12749/65536      356972/1835008  (19.5%) 
HDR leaf ambient      1810/65536       50680/1835008  ( 2.8%) 
occluders                0/0               0/0        ( 0.0%) 
occluder polygons        0/0               0/0        ( 0.0%) 
occluder vert ind        0/0               0/0        ( 0.0%) 
detail props          [variable]           1/12       ( 8.3%) 
static props          [variable]           1/16130    ( 0.0%) 
pakfile               [variable]        9407/0        ( 0.0%) 
physics               [variable]      246925/4194304  ( 5.9%) 
physics terrain       [variable]       35878/1048576  ( 3.4%) 

Level flags = 0

Total triangle count: 8277
Writing d:\documents\mapping\tf2\tf2-maps\labor\a9a\koth_labor_a9a.bsp
21 seconds elapsed



materialPath: D:\Program Files (x86)\Steam\steamapps\common\Team Fortress 2\tf\materials
Loading d:\documents\mapping\tf2\tf2-maps\labor\a9a\koth_labor_a9a.vmf
ConVarRef mat_reduceparticles doesn't point to an existing ConVar
Patching WVT material: maps/koth_labor_a9a/pl_barnblitz/blendmetalroofsnow_02_wvt_patch
Patching WVT material: maps/koth_labor_a9a/dev/dev_blendmeasure2_wvt_patch
Patching WVT material: maps/koth_labor_a9a/winter/blendgraveltograss004_wvt_patch
fixing up env_cubemap materials on brush sides...
0...1...2...3...4...5...6...7...8...9...100...1...2...3...4...5...6...7...8...9...10Processing areas...done (0)
Building Faces...done (0)
Chop Details...done (0)
Find Visible Detail Sides...
Merged 304 detail faces...done (0)
Merging details...done (0)
FixTjuncs...
PruneNodes...
WriteBSP...
done (0)
writing d:\documents\mapping\tf2\tf2-maps\labor\a9a\koth_labor_a9a.prt...Building visibility clusters...
done (0)
*** Error: Skybox vtf files for skybox/sky_alpinestorm_01 weren't compiled with the same size texture and/or same flags!
Can't load skybox file skybox/sky_alpinestorm_01 to build the default cubemap!
*** Error: Skybox vtf files for skybox/sky_alpinestorm_01 weren't compiled with the same size texture and/or same flags!
Can't load skybox file skybox/sky_alpinestorm_01 to build the default cubemap!
Finding displacement neighbors...
Finding lightmap sample positions...
Displacement Alpha : 0...1...2...3...4...5...6...7...8...9...10
Building Physics collision data...
done (0) (246925 bytes)
Placing detail props : 0...1...2...3...4...5...6...7...8...9...10
Compacting texture/material tables...
Reduced 923 texinfos to 495
Reduced 67 texdatas to 54 (2398 bytes to 1889)
Writing d:\documents\mapping\tf2\tf2-maps\labor\a9a\koth_labor_a9a.bsp
MSG_FILEWRITE - Filesystem was asked to write to 'd:\documents\mapping\tf2\tf2-maps\labor\a9a\koth_labor_a9a.bsp', but we don't own that location. Allowing.
Wrote ZIP buffer, estimated size 12837, actual size 9407
2 seconds elapsed



4 threads
reading d:\documents\mapping\tf2\tf2-maps\labor\a9a\koth_labor_a9a.bsp
reading d:\documents\mapping\tf2\tf2-maps\labor\a9a\koth_labor_a9a.prt
 591 portalclusters
1824 numportals
0...1...2...3...4...5...6...7...8...9...100...1...2...3...4...5...6...7...8...9...10Optimized: 1534 visible clusters (0.98%)
Total clusters visible: 156877
Average clusters visible: 265
Building PAS...
Average clusters audible: 569
visdatasize:87461  compressed from 94560
writing d:\documents\mapping\tf2\tf2-maps\labor\a9a\koth_labor_a9a.bsp
MSG_FILEWRITE - Filesystem was asked to write to 'd:\documents\mapping\tf2\tf2-maps\labor\a9a\koth_labor_a9a.bsp', but we don't own that location. Allowing.
22 seconds elapsed



[Reading texlights from 'lights.rad']
[56 texlights parsed from 'lights.rad']

Loading d:\documents\mapping\tf2\tf2-maps\labor\a9a\koth_labor_a9a.bsp
3143 faces
910299 square feet [131083144.00 square inches]
128 Displacements
53779 Square Feet [7744183.00 Square Inches]
3143 patches before subdivision
71153 patches after subdivision
33 direct lights
0...1...2...3...4...5...6...7...8...9...100...1...2...3...4...5...6...7...8...9...10transfers 5432284, max 609
transfer lists:  41.4 megs
0...1...2...3...4...5...6...7...8...9...10	Bounce #1 added RGB(251540, 269846, 267883)
0...1...2...3...4...5...6...7...8...9...10	Bounce #2 added RGB(50961, 51646, 51821)
0...1...2...3...4...5...6...7...8...9...10	Bounce #3 added RGB(11810, 11433, 11440)
0...1...2...3...4...5...6...7...8...9...10	Bounce #4 added RGB(2938, 2782, 2793)
0...1...2...3...4...5...6...7...8...9...10	Bounce #5 added RGB(764, 714, 718)
0...1...2...3...4...5...6...7...8...9...10	Bounce #6 added RGB(204, 190, 191)
0...1...2...3...4...5...6...7...8...9...10	Bounce #7 added RGB(56, 51, 52)
0...1...2...3...4...5...6...7...8...9...10	Bounce #8 added RGB(15, 14, 14)
0...1...2...3...4...5...6...7...8...9...10	Bounce #9 added RGB(4, 4, 4)
0...1...2...3...4...5...6...7...8...9...10	Bounce #10 added RGB(1, 1, 1)
0...1...2...3...4...5...6...7...8...9...10	Bounce #11 added RGB(0, 0, 0)
Build Patch/Sample Hash Table(s).....Done<0.0175 sec>
0...1...2...3...4...5...6...7...8...9...10FinalLightFace Done
0 of 0 (0% of) surface lights went in leaf ambient cubes.
0...1...2...3...4...5...6...7...8...9...10Writing leaf ambient...done
Ready to Finish

Object names       Objects/Maxobjs  Memory / Maxmem  Fullness 
------------       ---------------  ---------------  -------- 
models                  82/1024         3936/49152    ( 8.0%) 
brushes                613/8192         7356/98304    ( 7.5%) 
brushsides            4456/65536       35648/524288   ( 6.8%) 
planes                2442/65536       48840/1310720  ( 3.7%) 
vertexes              4645/65536       55740/786432   ( 7.1%) 
nodes                 1727/65536       55264/2097152  ( 2.6%) 
texinfos               495/12288       35640/884736   ( 4.0%) 
texdata                 54/2048         1728/65536    ( 2.6%) 
dispinfos              128/0           22528/0        ( 0.0%) 
disp_verts            9584/0          191680/0        ( 0.0%) 
disp_tris            15040/0           30080/0        ( 0.0%) 
disp_lmsamples      153344/0          153344/0        ( 0.0%) 
faces                 3143/65536      176008/3670016  ( 4.8%) 
hdr faces                0/65536           0/3670016  ( 0.0%) 
origfaces             2143/65536      120008/3670016  ( 3.3%) 
leaves                1810/65536       57920/2097152  ( 2.8%) 
leaffaces             3512/65536        7024/131072   ( 5.4%) 
leafbrushes           1230/65536        2460/131072   ( 1.9%) 
areas                    2/256            16/2048     ( 0.8%) 
surfedges            23055/512000      92220/2048000  ( 4.5%) 
edges                12998/256000      51992/1024000  ( 5.1%) 
LDR worldlights         33/8192         2904/720896   ( 0.4%) 
HDR worldlights          0/8192            0/720896   ( 0.0%) 
leafwaterdata            0/32768           0/393216   ( 0.0%) 
waterstrips            265/32768        2650/327680   ( 0.8%) 
waterverts               0/65536           0/786432   ( 0.0%) 
waterindices          4005/65536        8010/131072   ( 6.1%) 
cubemapsamples          41/1024          656/16384    ( 4.0%) 
overlays                23/512          8096/180224   ( 4.5%) 
LDR lightdata         [variable]     2201712/0        ( 0.0%) 
HDR lightdata         [variable]           0/0        ( 0.0%) 
visdata               [variable]       87461/16777216 ( 0.5%) 
entdata               [variable]       51736/393216   (13.2%) 
LDR ambient table     1810/65536        7240/262144   ( 2.8%) 
HDR ambient table     1810/65536        7240/262144   ( 2.8%) 
LDR leaf ambient     12747/65536      356916/1835008  (19.5%) 
HDR leaf ambient      1810/65536       50680/1835008  ( 2.8%) 
occluders                0/0               0/0        ( 0.0%) 
occluder polygons        0/0               0/0        ( 0.0%) 
occluder vert ind        0/0               0/0        ( 0.0%) 
detail props          [variable]           1/12       ( 8.3%) 
static props          [variable]           1/16332    ( 0.0%) 
pakfile               [variable]        9407/0        ( 0.0%) 
physics               [variable]      246925/4194304  ( 5.9%) 
physics terrain       [variable]       35878/1048576  ( 3.4%) 

Level flags = 0

Total triangle count: 8277
Writing d:\documents\mapping\tf2\tf2-maps\labor\a9a\koth_labor_a9a.bsp
23 seconds elapsed



materialPath: D:\Program Files (x86)\Steam\steamapps\common\Team Fortress 2\tf\materials
Loading d:\documents\mapping\tf2\tf2-maps\labor\a9a\koth_labor_a9a.vmf
ConVarRef mat_reduceparticles doesn't point to an existing ConVar
Patching WVT material: maps/koth_labor_a9a/pl_barnblitz/blendmetalroofsnow_02_wvt_patch
Patching WVT material: maps/koth_labor_a9a/dev/dev_blendmeasure2_wvt_patch
Patching WVT material: maps/koth_labor_a9a/winter/blendgraveltograss004_wvt_patch
fixing up env_cubemap materials on brush sides...
0...1...2...3...4...5...6...7...8...9...100...1...2...3...4...5...6...7...8...9...10Processing areas...done (0)
Building Faces...done (0)
Chop Details...done (0)
Find Visible Detail Sides...
Merged 304 detail faces...done (0)
Merging details...done (0)
FixTjuncs...
PruneNodes...
WriteBSP...
done (0)
writing d:\documents\mapping\tf2\tf2-maps\labor\a9a\koth_labor_a9a.prt...Building visibility clusters...
done (0)
*** Error: Skybox vtf files for skybox/sky_alpinestorm_01 weren't compiled with the same size texture and/or same flags!
Can't load skybox file skybox/sky_alpinestorm_01 to build the default cubemap!
*** Error: Skybox vtf files for skybox/sky_alpinestorm_01 weren't compiled with the same size texture and/or same flags!
Can't load skybox file skybox/sky_alpinestorm_01 to build the default cubemap!
Finding displacement neighbors...
Finding lightmap sample positions...
Displacement Alpha : 0...1...2...3...4...5...6...7...8...9...10
Building Physics collision data...
done (0) (247478 bytes)
Placing detail props : 0...1...2...3...4...5...6...7...8...9...10
Compacting texture/material tables...
Reduced 923 texinfos to 495
Reduced 67 texdatas to 54 (2398 bytes to 1889)
Writing d:\documents\mapping\tf2\tf2-maps\labor\a9a\koth_labor_a9a.bsp
MSG_FILEWRITE - Filesystem was asked to write to 'd:\documents\mapping\tf2\tf2-maps\labor\a9a\koth_labor_a9a.bsp', but we don't own that location. Allowing.
Wrote ZIP buffer, estimated size 12837, actual size 9407
2 seconds elapsed



4 threads
reading d:\documents\mapping\tf2\tf2-maps\labor\a9a\koth_labor_a9a.bsp
reading d:\documents\mapping\tf2\tf2-maps\labor\a9a\koth_labor_a9a.prt
 591 portalclusters
1824 numportals
0...1...2...3...4...5...6...7...8...9...100...1...2...3...4...5...6...7...8...9...10Optimized: 1531 visible clusters (0.98%)
Total clusters visible: 156874
Average clusters visible: 265
Building PAS...
Average clusters audible: 569
visdatasize:87461  compressed from 94560
writing d:\documents\mapping\tf2\tf2-maps\labor\a9a\koth_labor_a9a.bsp
MSG_FILEWRITE - Filesystem was asked to write to 'd:\documents\mapping\tf2\tf2-maps\labor\a9a\koth_labor_a9a.bsp', but we don't own that location. Allowing.
26 seconds elapsed



[Reading texlights from 'lights.rad']
[56 texlights parsed from 'lights.rad']

Loading d:\documents\mapping\tf2\tf2-maps\labor\a9a\koth_labor_a9a.bsp
3149 faces
910456 square feet [131105704.00 square inches]
128 Displacements
53779 Square Feet [7744183.00 Square Inches]
3149 patches before subdivision
71159 patches after subdivision
33 direct lights
0...1...2...3...4...5...6...7...8...9...100...1...2...3...4...5...6...7...8...9...10transfers 5433156, max 609
transfer lists:  41.5 megs
0...1...2...3...4...5...6...7...8...9...10	Bounce #1 added RGB(251559, 269868, 267902)
0...1...2...3...4...5...6...7...8...9...10	Bounce #2 added RGB(50962, 51647, 51822)
0...1...2...3...4...5...6...7...8...9...10	Bounce #3 added RGB(11810, 11433, 11440)
0...1...2...3...4...5...6...7...8...9...10	Bounce #4 added RGB(2938, 2782, 2793)
0...1...2...3...4...5...6...7...8...9...10	Bounce #5 added RGB(764, 714, 718)
0...1...2...3...4...5...6...7...8...9...10	Bounce #6 added RGB(204, 190, 191)
0...1...2...3...4...5...6...7...8...9...10	Bounce #7 added RGB(56, 51, 52)
0...1...2...3...4...5...6...7...8...9...10	Bounce #8 added RGB(15, 14, 14)
0...1...2...3...4...5...6...7...8...9...10	Bounce #9 added RGB(4, 4, 4)
0...1...2...3...4...5...6...7...8...9...10	Bounce #10 added RGB(1, 1, 1)
0...1...2...3...4...5...6...7...8...9...10	Bounce #11 added RGB(0, 0, 0)
Build Patch/Sample Hash Table(s).....Done<0.0166 sec>
0...1...2...3...4...5...6...7...8...9...10FinalLightFace Done
0 of 0 (0% of) surface lights went in leaf ambient cubes.
0...1...2...3...4...5...6...7...8...9...10Writing leaf ambient...done
Ready to Finish

Object names       Objects/Maxobjs  Memory / Maxmem  Fullness 
------------       ---------------  ---------------  -------- 
models                  83/1024         3984/49152    ( 8.1%) 
brushes                614/8192         7368/98304    ( 7.5%) 
brushsides            4466/65536       35728/524288   ( 6.8%) 
planes                2456/65536       49120/1310720  ( 3.7%) 
vertexes              4653/65536       55836/786432   ( 7.1%) 
nodes                 1733/65536       55456/2097152  ( 2.6%) 
texinfos               495/12288       35640/884736   ( 4.0%) 
texdata                 54/2048         1728/65536    ( 2.6%) 
dispinfos              128/0           22528/0        ( 0.0%) 
disp_verts            9584/0          191680/0        ( 0.0%) 
disp_tris            15040/0           30080/0        ( 0.0%) 
disp_lmsamples      153344/0          153344/0        ( 0.0%) 
faces                 3149/65536      176344/3670016  ( 4.8%) 
hdr faces                0/65536           0/3670016  ( 0.0%) 
origfaces             2149/65536      120344/3670016  ( 3.3%) 
leaves                1817/65536       58144/2097152  ( 2.8%) 
leaffaces             3518/65536        7036/131072   ( 5.4%) 
leafbrushes           1231/65536        2462/131072   ( 1.9%) 
areas                    2/256            16/2048     ( 0.8%) 
surfedges            23103/512000      92412/2048000  ( 4.5%) 
edges                13022/256000      52088/1024000  ( 5.1%) 
LDR worldlights         33/8192         2904/720896   ( 0.4%) 
HDR worldlights          0/8192            0/720896   ( 0.0%) 
leafwaterdata            0/32768           0/393216   ( 0.0%) 
waterstrips            265/32768        2650/327680   ( 0.8%) 
waterverts               0/65536           0/786432   ( 0.0%) 
waterindices          4005/65536        8010/131072   ( 6.1%) 
cubemapsamples          41/1024          656/16384    ( 4.0%) 
overlays                23/512          8096/180224   ( 4.5%) 
LDR lightdata         [variable]     2201712/0        ( 0.0%) 
HDR lightdata         [variable]           0/0        ( 0.0%) 
visdata               [variable]       87461/16777216 ( 0.5%) 
entdata               [variable]       51985/393216   (13.2%) 
LDR ambient table     1817/65536        7268/262144   ( 2.8%) 
HDR ambient table     1817/65536        7268/262144   ( 2.8%) 
LDR leaf ambient     12753/65536      357084/1835008  (19.5%) 
HDR leaf ambient      1817/65536       50876/1835008  ( 2.8%) 
occluders                0/0               0/0        ( 0.0%) 
occluder polygons        0/0               0/0        ( 0.0%) 
occluder vert ind        0/0               0/0        ( 0.0%) 
detail props          [variable]           1/12       ( 8.3%) 
static props          [variable]           1/16332    ( 0.0%) 
pakfile               [variable]        9407/0        ( 0.0%) 
physics               [variable]      247478/4194304  ( 5.9%) 
physics terrain       [variable]       35878/1048576  ( 3.4%) 

Level flags = 0

Total triangle count: 8289
Writing d:\documents\mapping\tf2\tf2-maps\labor\a9a\koth_labor_a9a.bsp
22 seconds elapsed



materialPath: D:\Program Files (x86)\Steam\steamapps\common\Team Fortress 2\tf\materials
Loading d:\documents\mapping\tf2\tf2-maps\labor\a9a\koth_labor_a9a.vmf
ConVarRef mat_reduceparticles doesn't point to an existing ConVar
Patching WVT material: maps/koth_labor_a9a/pl_barnblitz/blendmetalroofsnow_02_wvt_patch
Patching WVT material: maps/koth_labor_a9a/dev/dev_blendmeasure2_wvt_patch
Patching WVT material: maps/koth_labor_a9a/winter/blendgraveltograss004_wvt_patch
fixing up env_cubemap materials on brush sides...
0...1...2...3...4...5...6...7...8...9...100...1...2...3...4...5...6...7...8...9...10Processing areas...done (0)
Building Faces...done (0)
Chop Details...done (0)
Find Visible Detail Sides...
Merged 304 detail faces...done (0)
Merging details...done (0)
FixTjuncs...
PruneNodes...
WriteBSP...
done (0)
writing d:\documents\mapping\tf2\tf2-maps\labor\a9a\koth_labor_a9a.prt...Building visibility clusters...
done (0)
*** Error: Skybox vtf files for skybox/sky_alpinestorm_01 weren't compiled with the same size texture and/or same flags!
Can't load skybox file skybox/sky_alpinestorm_01 to build the default cubemap!
*** Error: Skybox vtf files for skybox/sky_alpinestorm_01 weren't compiled with the same size texture and/or same flags!
Can't load skybox file skybox/sky_alpinestorm_01 to build the default cubemap!
Finding displacement neighbors...
Finding lightmap sample positions...
Displacement Alpha : 0...1...2...3...4...5...6...7...8...9...10
Building Physics collision data...
done (0) (248031 bytes)
Placing detail props : 0...1...2...3...4...5...6...7...8...9...10
Compacting texture/material tables...
Reduced 925 texinfos to 497
Reduced 67 texdatas to 54 (2398 bytes to 1889)
Writing d:\documents\mapping\tf2\tf2-maps\labor\a9a\koth_labor_a9a.bsp
MSG_FILEWRITE - Filesystem was asked to write to 'd:\documents\mapping\tf2\tf2-maps\labor\a9a\koth_labor_a9a.bsp', but we don't own that location. Allowing.
Wrote ZIP buffer, estimated size 12837, actual size 9407
2 seconds elapsed



4 threads
reading d:\documents\mapping\tf2\tf2-maps\labor\a9a\koth_labor_a9a.bsp
reading d:\documents\mapping\tf2\tf2-maps\labor\a9a\koth_labor_a9a.prt
 591 portalclusters
1824 numportals
0...1...2...3...4...5...6...7...8...9...100...1...2...3...4...5...6...7...8...9...10Optimized: 1532 visible clusters (0.98%)
Total clusters visible: 156875
Average clusters visible: 265
Building PAS...
Average clusters audible: 569
visdatasize:87461  compressed from 94560
writing d:\documents\mapping\tf2\tf2-maps\labor\a9a\koth_labor_a9a.bsp
MSG_FILEWRITE - Filesystem was asked to write to 'd:\documents\mapping\tf2\tf2-maps\labor\a9a\koth_labor_a9a.bsp', but we don't own that location. Allowing.
23 seconds elapsed



[Reading texlights from 'lights.rad']
[56 texlights parsed from 'lights.rad']

Loading d:\documents\mapping\tf2\tf2-maps\labor\a9a\koth_labor_a9a.bsp
3155 faces
910612 square feet [131128264.00 square inches]
128 Displacements
53779 Square Feet [7744183.00 Square Inches]
3155 patches before subdivision
71165 patches after subdivision
33 direct lights
0...1...2...3...4...5...6...7...8...9...100...1...2...3...4...5...6...7...8...9...10transfers 5434101, max 609
transfer lists:  41.5 megs
0...1...2...3...4...5...6...7...8...9...10	Bounce #1 added RGB(251786, 270208, 268169)
0...1...2...3...4...5...6...7...8...9...10	Bounce #2 added RGB(51051, 51698, 51861)
0...1...2...3...4...5...6...7...8...9...10	Bounce #3 added RGB(11827, 11442, 11447)
0...1...2...3...4...5...6...7...8...9...10	Bounce #4 added RGB(2942, 2783, 2794)
0...1...2...3...4...5...6...7...8...9...10	Bounce #5 added RGB(765, 714, 718)
0...1...2...3...4...5...6...7...8...9...10	Bounce #6 added RGB(204, 190, 191)
0...1...2...3...4...5...6...7...8...9...10	Bounce #7 added RGB(56, 51, 52)
0...1...2...3...4...5...6...7...8...9...10	Bounce #8 added RGB(15, 14, 14)
0...1...2...3...4...5...6...7...8...9...10	Bounce #9 added RGB(4, 4, 4)
0...1...2...3...4...5...6...7...8...9...10	Bounce #10 added RGB(1, 1, 1)
0...1...2...3...4...5...6...7...8...9...10	Bounce #11 added RGB(0, 0, 0)
Build Patch/Sample Hash Table(s).....Done<0.0166 sec>
0...1...2...3...4...5...6...7...8...9...10FinalLightFace Done
0 of 0 (0% of) surface lights went in leaf ambient cubes.
0...1...2...3...4...5...6...7...8...9...10Writing leaf ambient...done
Ready to Finish

Object names       Objects/Maxobjs  Memory / Maxmem  Fullness 
------------       ---------------  ---------------  -------- 
models                  84/1024         4032/49152    ( 8.2%) 
brushes                615/8192         7380/98304    ( 7.5%) 
brushsides            4476/65536       35808/524288   ( 6.8%) 
planes                2462/65536       49240/1310720  ( 3.8%) 
vertexes              4661/65536       55932/786432   ( 7.1%) 
nodes                 1739/65536       55648/2097152  ( 2.7%) 
texinfos               497/12288       35784/884736   ( 4.0%) 
texdata                 54/2048         1728/65536    ( 2.6%) 
dispinfos              128/0           22528/0        ( 0.0%) 
disp_verts            9584/0          191680/0        ( 0.0%) 
disp_tris            15040/0           30080/0        ( 0.0%) 
disp_lmsamples      153344/0          153344/0        ( 0.0%) 
faces                 3155/65536      176680/3670016  ( 4.8%) 
hdr faces                0/65536           0/3670016  ( 0.0%) 
origfaces             2155/65536      120680/3670016  ( 3.3%) 
leaves                1824/65536       58368/2097152  ( 2.8%) 
leaffaces             3524/65536        7048/131072   ( 5.4%) 
leafbrushes           1232/65536        2464/131072   ( 1.9%) 
areas                    2/256            16/2048     ( 0.8%) 
surfedges            23151/512000      92604/2048000  ( 4.5%) 
edges                13046/256000      52184/1024000  ( 5.1%) 
LDR worldlights         33/8192         2904/720896   ( 0.4%) 
HDR worldlights          0/8192            0/720896   ( 0.0%) 
leafwaterdata            0/32768           0/393216   ( 0.0%) 
waterstrips            265/32768        2650/327680   ( 0.8%) 
waterverts               0/65536           0/786432   ( 0.0%) 
waterindices          4005/65536        8010/131072   ( 6.1%) 
cubemapsamples          41/1024          656/16384    ( 4.0%) 
overlays                23/512          8096/180224   ( 4.5%) 
LDR lightdata         [variable]     2201712/0        ( 0.0%) 
HDR lightdata         [variable]           0/0        ( 0.0%) 
visdata               [variable]       87461/16777216 ( 0.5%) 
entdata               [variable]       52583/393216   (13.4%) 
LDR ambient table     1824/65536        7296/262144   ( 2.8%) 
HDR ambient table     1824/65536        7296/262144   ( 2.8%) 
LDR leaf ambient     12761/65536      357308/1835008  (19.5%) 
HDR leaf ambient      1824/65536       51072/1835008  ( 2.8%) 
occluders                0/0               0/0        ( 0.0%) 
occluder polygons        0/0               0/0        ( 0.0%) 
occluder vert ind        0/0               0/0        ( 0.0%) 
detail props          [variable]           1/12       ( 8.3%) 
static props          [variable]           1/16204    ( 0.0%) 
pakfile               [variable]        9407/0        ( 0.0%) 
physics               [variable]      248031/4194304  ( 5.9%) 
physics terrain       [variable]       35878/1048576  ( 3.4%) 

Level flags = 0

Total triangle count: 8301
Writing d:\documents\mapping\tf2\tf2-maps\labor\a9a\koth_labor_a9a.bsp
23 seconds elapsed



materialPath: D:\Program Files (x86)\Steam\steamapps\common\Team Fortress 2\tf\materials
Loading d:\documents\mapping\tf2\tf2-maps\labor\a9a\koth_labor_a9a.vmf
ConVarRef mat_reduceparticles doesn't point to an existing ConVar
Patching WVT material: maps/koth_labor_a9a/pl_barnblitz/blendmetalroofsnow_02_wvt_patch
Patching WVT material: maps/koth_labor_a9a/dev/dev_blendmeasure2_wvt_patch
Patching WVT material: maps/koth_labor_a9a/winter/blendgraveltograss004_wvt_patch
fixing up env_cubemap materials on brush sides...
0...1...2...3...4...5...6...7...8...9...100...1...2...3...4...5...6...7...8...9...10Processing areas...done (0)
Building Faces...done (0)
Chop Details...done (0)
Find Visible Detail Sides...
Merged 304 detail faces...done (0)
Merging details...done (0)
FixTjuncs...
PruneNodes...
WriteBSP...
done (0)
writing d:\documents\mapping\tf2\tf2-maps\labor\a9a\koth_labor_a9a.prt...Building visibility clusters...
done (0)
*** Error: Skybox vtf files for skybox/sky_alpinestorm_01 weren't compiled with the same size texture and/or same flags!
Can't load skybox file skybox/sky_alpinestorm_01 to build the default cubemap!
*** Error: Skybox vtf files for skybox/sky_alpinestorm_01 weren't compiled with the same size texture and/or same flags!
Can't load skybox file skybox/sky_alpinestorm_01 to build the default cubemap!
Finding displacement neighbors...
Finding lightmap sample positions...
Displacement Alpha : 0...1...2...3...4...5...6...7...8...9...10
Building Physics collision data...
done (0) (249137 bytes)
Placing detail props : 0...1...2...3...4...5...6...7...8...9...10
Compacting texture/material tables...
Reduced 927 texinfos to 501
Reduced 67 texdatas to 54 (2398 bytes to 1889)
Writing d:\documents\mapping\tf2\tf2-maps\labor\a9a\koth_labor_a9a.bsp
MSG_FILEWRITE - Filesystem was asked to write to 'd:\documents\mapping\tf2\tf2-maps\labor\a9a\koth_labor_a9a.bsp', but we don't own that location. Allowing.
Wrote ZIP buffer, estimated size 12837, actual size 9407
2 seconds elapsed



4 threads
reading d:\documents\mapping\tf2\tf2-maps\labor\a9a\koth_labor_a9a.bsp
reading d:\documents\mapping\tf2\tf2-maps\labor\a9a\koth_labor_a9a.prt
 591 portalclusters
1824 numportals
0...1...2...3...4...5...6...7...8...9...100...1...2...3...4...5...6...7...8...9...10Optimized: 1532 visible clusters (0.98%)
Total clusters visible: 156875
Average clusters visible: 265
Building PAS...
Average clusters audible: 569
visdatasize:87461  compressed from 94560
writing d:\documents\mapping\tf2\tf2-maps\labor\a9a\koth_labor_a9a.bsp
MSG_FILEWRITE - Filesystem was asked to write to 'd:\documents\mapping\tf2\tf2-maps\labor\a9a\koth_labor_a9a.bsp', but we don't own that location. Allowing.
21 seconds elapsed



[Reading texlights from 'lights.rad']
[56 texlights parsed from 'lights.rad']

Loading d:\documents\mapping\tf2\tf2-maps\labor\a9a\koth_labor_a9a.bsp
3167 faces
910926 square feet [131173384.00 square inches]
128 Displacements
53790 Square Feet [7745820.50 Square Inches]
3167 patches before subdivision
71201 patches after subdivision
34 direct lights
0...1...2...3...4...5...6...7...8...9...100...1...2...3...4...5...6...7...8...9...10transfers 5432403, max 609
transfer lists:  41.4 megs
0...1...2...3...4...5...6...7...8...9...10	Bounce #1 added RGB(251951, 270546, 268760)
0...1...2...3...4...5...6...7...8...9...10	Bounce #2 added RGB(51055, 51748, 51981)
0...1...2...3...4...5...6...7...8...9...10	Bounce #3 added RGB(11820, 11445, 11466)
0...1...2...3...4...5...6...7...8...9...10	Bounce #4 added RGB(2939, 2782, 2798)
0...1...2...3...4...5...6...7...8...9...10	Bounce #5 added RGB(764, 714, 719)
0...1...2...3...4...5...6...7...8...9...10	Bounce #6 added RGB(204, 190, 191)
0...1...2...3...4...5...6...7...8...9...10	Bounce #7 added RGB(56, 51, 52)
0...1...2...3...4...5...6...7...8...9...10	Bounce #8 added RGB(15, 14, 14)
0...1...2...3...4...5...6...7...8...9...10	Bounce #9 added RGB(4, 4, 4)
0...1...2...3...4...5...6...7...8...9...10	Bounce #10 added RGB(1, 1, 1)
0...1...2...3...4...5...6...7...8...9...10	Bounce #11 added RGB(0, 0, 0)
Build Patch/Sample Hash Table(s).....Done<0.0168 sec>
0...1...2...3...4...5...6...7...8...9...10FinalLightFace Done
0 of 0 (0% of) surface lights went in leaf ambient cubes.
0...1...2...3...4...5...6...7...8...9...10Writing leaf ambient...done
Ready to Finish

Object names       Objects/Maxobjs  Memory / Maxmem  Fullness 
------------       ---------------  ---------------  -------- 
models                  86/1024         4128/49152    ( 8.4%) 
brushes                617/8192         7404/98304    ( 7.5%) 
brushsides            4496/65536       35968/524288   ( 6.9%) 
planes                2482/65536       49640/1310720  ( 3.8%) 
vertexes              4677/65536       56124/786432   ( 7.1%) 
nodes                 1751/65536       56032/2097152  ( 2.7%) 
texinfos               501/12288       36072/884736   ( 4.1%) 
texdata                 54/2048         1728/65536    ( 2.6%) 
dispinfos              128/0           22528/0        ( 0.0%) 
disp_verts            9584/0          191680/0        ( 0.0%) 
disp_tris            15040/0           30080/0        ( 0.0%) 
disp_lmsamples      153344/0          153344/0        ( 0.0%) 
faces                 3167/65536      177352/3670016  ( 4.8%) 
hdr faces                0/65536           0/3670016  ( 0.0%) 
origfaces             2167/65536      121352/3670016  ( 3.3%) 
leaves                1838/65536       58816/2097152  ( 2.8%) 
leaffaces             3536/65536        7072/131072   ( 5.4%) 
leafbrushes           1234/65536        2468/131072   ( 1.9%) 
areas                    2/256            16/2048     ( 0.8%) 
surfedges            23247/512000      92988/2048000  ( 4.5%) 
edges                13094/256000      52376/1024000  ( 5.1%) 
LDR worldlights         34/8192         2992/720896   ( 0.4%) 
HDR worldlights          0/8192            0/720896   ( 0.0%) 
leafwaterdata            0/32768           0/393216   ( 0.0%) 
waterstrips            265/32768        2650/327680   ( 0.8%) 
waterverts               0/65536           0/786432   ( 0.0%) 
waterindices          4005/65536        8010/131072   ( 6.1%) 
cubemapsamples          41/1024          656/16384    ( 4.0%) 
overlays                23/512          8096/180224   ( 4.5%) 
LDR lightdata         [variable]     2201712/0        ( 0.0%) 
HDR lightdata         [variable]           0/0        ( 0.0%) 
visdata               [variable]       87461/16777216 ( 0.5%) 
entdata               [variable]       54198/393216   (13.8%) 
LDR ambient table     1838/65536        7352/262144   ( 2.8%) 
HDR ambient table     1838/65536        7352/262144   ( 2.8%) 
LDR leaf ambient     12772/65536      357616/1835008  (19.5%) 
HDR leaf ambient      1838/65536       51464/1835008  ( 2.8%) 
occluders                0/0               0/0        ( 0.0%) 
occluder polygons        0/0               0/0        ( 0.0%) 
occluder vert ind        0/0               0/0        ( 0.0%) 
detail props          [variable]           1/12       ( 8.3%) 
static props          [variable]           1/16356    ( 0.0%) 
pakfile               [variable]        9407/0        ( 0.0%) 
physics               [variable]      249137/4194304  ( 5.9%) 
physics terrain       [variable]       35738/1048576  ( 3.4%) 

Level flags = 0

Total triangle count: 8325
Writing d:\documents\mapping\tf2\tf2-maps\labor\a9a\koth_labor_a9a.bsp
21 seconds elapsed



materialPath: D:\Program Files (x86)\Steam\steamapps\common\Team Fortress 2\tf\materials
Loading d:\documents\mapping\tf2\tf2-maps\labor\a9a\koth_labor_a9a.vmf
ConVarRef mat_reduceparticles doesn't point to an existing ConVar
Patching WVT material: maps/koth_labor_a9a/pl_barnblitz/blendmetalroofsnow_02_wvt_patch
Patching WVT material: maps/koth_labor_a9a/dev/dev_blendmeasure2_wvt_patch
Patching WVT material: maps/koth_labor_a9a/winter/blendgraveltograss004_wvt_patch
fixing up env_cubemap materials on brush sides...
0...1...2...3...4...5...6...7...8...9...100...1...2...3...4...5...6...7...8...9...10Processing areas...done (0)
Building Faces...done (0)
Chop Details...done (0)
Find Visible Detail Sides...
Merged 312 detail faces...done (0)
Merging details...done (0)
FixTjuncs...
PruneNodes...
WriteBSP...
done (0)
writing d:\documents\mapping\tf2\tf2-maps\labor\a9a\koth_labor_a9a.prt...Building visibility clusters...
done (0)
*** Error: Skybox vtf files for skybox/sky_alpinestorm_01 weren't compiled with the same size texture and/or same flags!
Can't load skybox file skybox/sky_alpinestorm_01 to build the default cubemap!
*** Error: Skybox vtf files for skybox/sky_alpinestorm_01 weren't compiled with the same size texture and/or same flags!
Can't load skybox file skybox/sky_alpinestorm_01 to build the default cubemap!
Finding displacement neighbors...
Finding lightmap sample positions...
Displacement Alpha : 0...1...2...3...4...5...6...7...8...9...10
Building Physics collision data...
done (0) (251361 bytes)
Placing detail props : 0...1...2...3...4...5...6...7...8...9...10
Compacting texture/material tables...
Reduced 933 texinfos to 507
Reduced 69 texdatas to 56 (2444 bytes to 1933)
Writing d:\documents\mapping\tf2\tf2-maps\labor\a9a\koth_labor_a9a.bsp
MSG_FILEWRITE - Filesystem was asked to write to 'd:\documents\mapping\tf2\tf2-maps\labor\a9a\koth_labor_a9a.bsp', but we don't own that location. Allowing.
Wrote ZIP buffer, estimated size 12870, actual size 9440
2 seconds elapsed



4 threads
reading d:\documents\mapping\tf2\tf2-maps\labor\a9a\koth_labor_a9a.bsp
reading d:\documents\mapping\tf2\tf2-maps\labor\a9a\koth_labor_a9a.prt
 591 portalclusters
1824 numportals
0...1...2...3...4...5...6...7...8...9...100...1...2...3...4...5...6...7...8...9...10Optimized: 1531 visible clusters (0.98%)
Total clusters visible: 156874
Average clusters visible: 265
Building PAS...
Average clusters audible: 569
visdatasize:87461  compressed from 94560
writing d:\documents\mapping\tf2\tf2-maps\labor\a9a\koth_labor_a9a.bsp
MSG_FILEWRITE - Filesystem was asked to write to 'd:\documents\mapping\tf2\tf2-maps\labor\a9a\koth_labor_a9a.bsp', but we don't own that location. Allowing.
23 seconds elapsed



[Reading texlights from 'lights.rad']
[56 texlights parsed from 'lights.rad']

Loading d:\documents\mapping\tf2\tf2-maps\labor\a9a\koth_labor_a9a.bsp
3185 faces
911203 square feet [131213320.00 square inches]
128 Displacements
53790 Square Feet [7745820.50 Square Inches]
3185 patches before subdivision
71375 patches after subdivision
34 direct lights
0...1...2...3...4...5...6...7...8...9...100...1...2...3...4...5...6...7...8...9...10transfers 5447897, max 610
transfer lists:  41.6 megs
0...1...2...3...4...5...6...7...8...9...10	Bounce #1 added RGB(252355, 270891, 269041)
0...1...2...3...4...5...6...7...8...9...10	Bounce #2 added RGB(51017, 51678, 51916)
0...1...2...3...4...5...6...7...8...9...10	Bounce #3 added RGB(11790, 11404, 11429)
0...1...2...3...4...5...6...7...8...9...10	Bounce #4 added RGB(2926, 2765, 2782)
0...1...2...3...4...5...6...7...8...9...10	Bounce #5 added RGB(759, 708, 714)
0...1...2...3...4...5...6...7...8...9...10	Bounce #6 added RGB(203, 188, 190)
0...1...2...3...4...5...6...7...8...9...10	Bounce #7 added RGB(55, 51, 51)
0...1...2...3...4...5...6...7...8...9...10	Bounce #8 added RGB(15, 14, 14)
0...1...2...3...4...5...6...7...8...9...10	Bounce #9 added RGB(4, 4, 4)
0...1...2...3...4...5...6...7...8...9...10	Bounce #10 added RGB(1, 1, 1)
0...1...2...3...4...5...6...7...8...9...10	Bounce #11 added RGB(0, 0, 0)
Build Patch/Sample Hash Table(s).....Done<0.0175 sec>
0...1...2...3...4...5...6...7...8...9...10FinalLightFace Done
0 of 0 (0% of) surface lights went in leaf ambient cubes.
0...1...2...3...4...5...6...7...8...9...10Writing leaf ambient...done
Ready to Finish

Object names       Objects/Maxobjs  Memory / Maxmem  Fullness 
------------       ---------------  ---------------  -------- 
models                  86/1024         4128/49152    ( 8.4%) 
brushes                623/8192         7476/98304    ( 7.6%) 
brushsides            4532/65536       36256/524288   ( 6.9%) 
planes                2496/65536       49920/1310720  ( 3.8%) 
vertexes              4717/65536       56604/786432   ( 7.2%) 
nodes                 1751/65536       56032/2097152  ( 2.7%) 
texinfos               507/12288       36504/884736   ( 4.1%) 
texdata                 56/2048         1792/65536    ( 2.7%) 
dispinfos              128/0           22528/0        ( 0.0%) 
disp_verts            9584/0          191680/0        ( 0.0%) 
disp_tris            15040/0           30080/0        ( 0.0%) 
disp_lmsamples      153344/0          153344/0        ( 0.0%) 
faces                 3185/65536      178360/3670016  ( 4.9%) 
hdr faces                0/65536           0/3670016  ( 0.0%) 
origfaces             2185/65536      122360/3670016  ( 3.3%) 
leaves                1838/65536       58816/2097152  ( 2.8%) 
leaffaces             3554/65536        7108/131072   ( 5.4%) 
leafbrushes           1240/65536        2480/131072   ( 1.9%) 
areas                    2/256            16/2048     ( 0.8%) 
surfedges            23431/512000      93724/2048000  ( 4.6%) 
edges                13226/256000      52904/1024000  ( 5.2%) 
LDR worldlights         34/8192         2992/720896   ( 0.4%) 
HDR worldlights          0/8192            0/720896   ( 0.0%) 
leafwaterdata            0/32768           0/393216   ( 0.0%) 
waterstrips            273/32768        2730/327680   ( 0.8%) 
waterverts               0/65536           0/786432   ( 0.0%) 
waterindices          4164/65536        8328/131072   ( 6.4%) 
cubemapsamples          41/1024          656/16384    ( 4.0%) 
overlays                23/512          8096/180224   ( 4.5%) 
LDR lightdata         [variable]     2204608/0        ( 0.0%) 
HDR lightdata         [variable]           0/0        ( 0.0%) 
visdata               [variable]       87461/16777216 ( 0.5%) 
entdata               [variable]       54198/393216   (13.8%) 
LDR ambient table     1838/65536        7352/262144   ( 2.8%) 
HDR ambient table     1838/65536        7352/262144   ( 2.8%) 
LDR leaf ambient     12854/65536      359912/1835008  (19.6%) 
HDR leaf ambient      1838/65536       51464/1835008  ( 2.8%) 
occluders                0/0               0/0        ( 0.0%) 
occluder polygons        0/0               0/0        ( 0.0%) 
occluder vert ind        0/0               0/0        ( 0.0%) 
detail props          [variable]           1/12       ( 8.3%) 
static props          [variable]           1/16154    ( 0.0%) 
pakfile               [variable]        9440/0        ( 0.0%) 
physics               [variable]      251361/4194304  ( 6.0%) 
physics terrain       [variable]       35738/1048576  ( 3.4%) 

Level flags = 0

Total triangle count: 8401
Writing d:\documents\mapping\tf2\tf2-maps\labor\a9a\koth_labor_a9a.bsp
23 seconds elapsed



materialPath: D:\Program Files (x86)\Steam\steamapps\common\Team Fortress 2\tf\materials
Loading D:\Documents\Mapping\tf2\TF2-Maps\Labor\A9A\koth_labor_a9a.vmf
ConVarRef mat_reduceparticles doesn't point to an existing ConVar
Patching WVT material: maps/koth_labor_a9a/pl_barnblitz/blendmetalroofsnow_02_wvt_patch
Patching WVT material: maps/koth_labor_a9a/dev/dev_blendmeasure2_wvt_patch
Patching WVT material: maps/koth_labor_a9a/winter/blendgraveltograss004_wvt_patch
fixing up env_cubemap materials on brush sides...
0...1...2...3...4...5...6...7...8...9...100...1...2...3...4...5...6...7...8...9...10Processing areas...done (0)
Building Faces...done (0)
Chop Details...done (0)
Find Visible Detail Sides...
Merged 312 detail faces...done (0)
Merging details...done (0)
FixTjuncs...
PruneNodes...
WriteBSP...
done (0)
writing D:\Documents\Mapping\tf2\TF2-Maps\Labor\A9A\koth_labor_a9a.prt...Building visibility clusters...
done (0)
*** Error: Skybox vtf files for skybox/sky_alpinestorm_01 weren't compiled with the same size texture and/or same flags!
Can't load skybox file skybox/sky_alpinestorm_01 to build the default cubemap!
*** Error: Skybox vtf files for skybox/sky_alpinestorm_01 weren't compiled with the same size texture and/or same flags!
Can't load skybox file skybox/sky_alpinestorm_01 to build the default cubemap!
Finding displacement neighbors...
Finding lightmap sample positions...
Displacement Alpha : 0...1...2...3...4...5...6...7...8...9...10
Building Physics collision data...
done (0) (251361 bytes)
Placing detail props : 0...1...2...3...4...5...6...7...8...9...10
Compacting texture/material tables...
Reduced 929 texinfos to 505
Reduced 69 texdatas to 56 (2444 bytes to 1933)
Writing D:\Documents\Mapping\tf2\TF2-Maps\Labor\A9A\koth_labor_a9a.bsp
MSG_FILEWRITE - Filesystem was asked to write to 'D:\Documents\Mapping\tf2\TF2-Maps\Labor\A9A\koth_labor_a9a.bsp', but we don't own that location. Allowing.
Wrote ZIP buffer, estimated size 12870, actual size 9440
2 seconds elapsed



4 threads
reading d:\documents\mapping\tf2\tf2-maps\labor\a9a\koth_labor_a9a.bsp
reading d:\documents\mapping\tf2\tf2-maps\labor\a9a\koth_labor_a9a.prt
 591 portalclusters
1824 numportals
0...1...2...3...4...5...6...7...8...9...100...1...2...3...4...5...6...7...8...9...10Optimized: 1532 visible clusters (0.98%)
Total clusters visible: 156875
Average clusters visible: 265
Building PAS...
Average clusters audible: 569
visdatasize:87461  compressed from 94560
writing d:\documents\mapping\tf2\tf2-maps\labor\a9a\koth_labor_a9a.bsp
MSG_FILEWRITE - Filesystem was asked to write to 'd:\documents\mapping\tf2\tf2-maps\labor\a9a\koth_labor_a9a.bsp', but we don't own that location. Allowing.
22 seconds elapsed



[Reading texlights from 'lights.rad']
[56 texlights parsed from 'lights.rad']

Loading d:\documents\mapping\tf2\tf2-maps\labor\a9a\koth_labor_a9a.bsp
3185 faces
911203 square feet [131213320.00 square inches]
128 Displacements
53790 Square Feet [7745817.00 Square Inches]
3185 patches before subdivision
71387 patches after subdivision
34 direct lights
0...1...2...3...4...5...6...7...8...9...100...1...2...3...4...5...6...7...8...9...10transfers 5463472, max 612
transfer lists:  41.7 megs
0...1...2...3...4...5...6...7...8...9...10	Bounce #1 added RGB(250816, 269225, 267723)
0...1...2...3...4...5...6...7...8...9...10	Bounce #2 added RGB(50939, 51602, 51876)
0...1...2...3...4...5...6...7...8...9...10	Bounce #3 added RGB(11790, 11406, 11437)
0...1...2...3...4...5...6...7...8...9...10	Bounce #4 added RGB(2928, 2768, 2786)
0...1...2...3...4...5...6...7...8...9...10	Bounce #5 added RGB(760, 709, 715)
0...1...2...3...4...5...6...7...8...9...10	Bounce #6 added RGB(203, 188, 190)
0...1...2...3...4...5...6...7...8...9...10	Bounce #7 added RGB(55, 51, 52)
0...1...2...3...4...5...6...7...8...9...10	Bounce #8 added RGB(15, 14, 14)
0...1...2...3...4...5...6...7...8...9...10	Bounce #9 added RGB(4, 4, 4)
0...1...2...3...4...5...6...7...8...9...10	Bounce #10 added RGB(1, 1, 1)
0...1...2...3...4...5...6...7...8...9...10	Bounce #11 added RGB(0, 0, 0)
Build Patch/Sample Hash Table(s).....Done<0.0179 sec>
0...1...2...3...4...5...6...7...8...9...10FinalLightFace Done
0 of 0 (0% of) surface lights went in leaf ambient cubes.
0...1...2...3...4...5...6...7...8...9...10Writing leaf ambient...done
Computing static prop lighting : 00...1...2...3...4...5...6...7...8...9...10
Ready to Finish

Object names       Objects/Maxobjs  Memory / Maxmem  Fullness 
------------       ---------------  ---------------  -------- 
models                  86/1024         4128/49152    ( 8.4%) 
brushes                623/8192         7476/98304    ( 7.6%) 
brushsides            4532/65536       36256/524288   ( 6.9%) 
planes                2496/65536       49920/1310720  ( 3.8%) 
vertexes              4717/65536       56604/786432   ( 7.2%) 
nodes                 1751/65536       56032/2097152  ( 2.7%) 
texinfos               505/12288       36360/884736   ( 4.1%) 
texdata                 56/2048         1792/65536    ( 2.7%) 
dispinfos              128/0           22528/0        ( 0.0%) 
disp_verts            9584/0          191680/0        ( 0.0%) 
disp_tris            15040/0           30080/0        ( 0.0%) 
disp_lmsamples      153344/0          153344/0        ( 0.0%) 
faces                 3185/65536      178360/3670016  ( 4.9%) 
hdr faces                0/65536           0/3670016  ( 0.0%) 
origfaces             2185/65536      122360/3670016  ( 3.3%) 
leaves                1838/65536       58816/2097152  ( 2.8%) 
leaffaces             3554/65536        7108/131072   ( 5.4%) 
leafbrushes           1240/65536        2480/131072   ( 1.9%) 
areas                    2/256            16/2048     ( 0.8%) 
surfedges            23431/512000      93724/2048000  ( 4.6%) 
edges                13226/256000      52904/1024000  ( 5.2%) 
LDR worldlights         34/8192         2992/720896   ( 0.4%) 
HDR worldlights          0/8192            0/720896   ( 0.0%) 
leafwaterdata            0/32768           0/393216   ( 0.0%) 
waterstrips            273/32768        2730/327680   ( 0.8%) 
waterverts               0/65536           0/786432   ( 0.0%) 
waterindices          4164/65536        8328/131072   ( 6.4%) 
cubemapsamples          41/1024          656/16384    ( 4.0%) 
overlays                23/512          8096/180224   ( 4.5%) 
LDR lightdata         [variable]     2204608/0        ( 0.0%) 
HDR lightdata         [variable]           0/0        ( 0.0%) 
visdata               [variable]       87461/16777216 ( 0.5%) 
entdata               [variable]       54198/393216   (13.8%) 
LDR ambient table     1838/65536        7352/262144   ( 2.8%) 
HDR ambient table     1838/65536        7352/262144   ( 2.8%) 
LDR leaf ambient     12863/65536      360164/1835008  (19.6%) 
HDR leaf ambient      1838/65536       51464/1835008  ( 2.8%) 
occluders                0/0               0/0        ( 0.0%) 
occluder polygons        0/0               0/0        ( 0.0%) 
occluder vert ind        0/0               0/0        ( 0.0%) 
detail props          [variable]           1/12       ( 8.3%) 
static props          [variable]           1/16154    ( 0.0%) 
pakfile               [variable]     1647876/0        ( 0.0%) 
physics               [variable]      251361/4194304  ( 6.0%) 
physics terrain       [variable]       35934/1048576  ( 3.4%) 

Level flags = 1

Total triangle count: 8401
Writing d:\documents\mapping\tf2\tf2-maps\labor\a9a\koth_labor_a9a.bsp
2 minutes, 14 seconds elapsed



[Reading texlights from 'lights.rad']
[56 texlights parsed from 'lights.rad']

Loading d:\documents\mapping\tf2\tf2-maps\labor\a9a\koth_labor_a9a.bsp
3185 faces
911203 square feet [131213320.00 square inches]
128 Displacements
53790 Square Feet [7745817.00 Square Inches]
3185 patches before subdivision
71387 patches after subdivision
34 direct lights
0...1...2...3...4...5...6...7...8...9...100...1...2...3...4...5...6...7...8...9...10transfers 5463472, max 612
transfer lists:  41.7 megs
0...1...2...3...4...5...6...7...8...9...10	Bounce #1 added RGB(250816, 269225, 267723)
0...1...2...3...4...5...6...7...8...9...10	Bounce #2 added RGB(50939, 51602, 51876)
0...1...2...3...4...5...6...7...8...9...10	Bounce #3 added RGB(11790, 11406, 11437)
0...1...2...3...4...5...6...7...8...9...10	Bounce #4 added RGB(2928, 2768, 2786)
0...1...2...3...4...5...6...7...8...9...10	Bounce #5 added RGB(760, 709, 715)
0...1...2...3...4...5...6...7...8...9...10	Bounce #6 added RGB(203, 188, 190)
0...1...2...3...4...5...6...7...8...9...10	Bounce #7 added RGB(55, 51, 52)
0...1...2...3...4...5...6...7...8...9...10	Bounce #8 added RGB(15, 14, 14)
0...1...2...3...4...5...6...7...8...9...10	Bounce #9 added RGB(4, 4, 4)
0...1...2...3...4...5...6...7...8...9...10	Bounce #10 added RGB(1, 1, 1)
0...1...2...3...4...5...6...7...8...9...10	Bounce #11 added RGB(0, 0, 0)
Build Patch/Sample Hash Table(s).....Done<0.0198 sec>
0...1...2...3...4...5...6...7...8...9...10FinalLightFace Done
0 of 0 (0% of) surface lights went in leaf ambient cubes.
0...1...2...3...4...5...6...7...8...9...10Writing leaf ambient...done
Computing static prop lighting : 00...1...2...3...4...5...6...7...8...9...10
Ready to Finish

Object names       Objects/Maxobjs  Memory / Maxmem  Fullness 
------------       ---------------  ---------------  -------- 
models                  86/1024         4128/49152    ( 8.4%) 
brushes                623/8192         7476/98304    ( 7.6%) 
brushsides            4532/65536       36256/524288   ( 6.9%) 
planes                2496/65536       49920/1310720  ( 3.8%) 
vertexes              4717/65536       56604/786432   ( 7.2%) 
nodes                 1751/65536       56032/2097152  ( 2.7%) 
texinfos               505/12288       36360/884736   ( 4.1%) 
texdata                 56/2048         1792/65536    ( 2.7%) 
dispinfos              128/0           22528/0        ( 0.0%) 
disp_verts            9584/0          191680/0        ( 0.0%) 
disp_tris            15040/0           30080/0        ( 0.0%) 
disp_lmsamples      153344/0          153344/0        ( 0.0%) 
faces                 3185/65536      178360/3670016  ( 4.9%) 
hdr faces             3185/65536      178360/3670016  ( 4.9%) 
origfaces             2185/65536      122360/3670016  ( 3.3%) 
leaves                1838/65536       58816/2097152  ( 2.8%) 
leaffaces             3554/65536        7108/131072   ( 5.4%) 
leafbrushes           1240/65536        2480/131072   ( 1.9%) 
areas                    2/256            16/2048     ( 0.8%) 
surfedges            23431/512000      93724/2048000  ( 4.6%) 
edges                13226/256000      52904/1024000  ( 5.2%) 
LDR worldlights         34/8192         2992/720896   ( 0.4%) 
HDR worldlights         34/8192         2992/720896   ( 0.4%) 
leafwaterdata            0/32768           0/393216   ( 0.0%) 
waterstrips            273/32768        2730/327680   ( 0.8%) 
waterverts               0/65536           0/786432   ( 0.0%) 
waterindices          4164/65536        8328/131072   ( 6.4%) 
cubemapsamples          41/1024          656/16384    ( 4.0%) 
overlays                23/512          8096/180224   ( 4.5%) 
LDR lightdata         [variable]     2204608/0        ( 0.0%) 
HDR lightdata         [variable]     2204608/0        ( 0.0%) 
visdata               [variable]       87461/16777216 ( 0.5%) 
entdata               [variable]       54198/393216   (13.8%) 
LDR ambient table     1838/65536        7352/262144   ( 2.8%) 
HDR ambient table     1838/65536        7352/262144   ( 2.8%) 
LDR leaf ambient     12863/65536      360164/1835008  (19.6%) 
HDR leaf ambient     12863/65536      360164/1835008  (19.6%) 
occluders                0/0               0/0        ( 0.0%) 
occluder polygons        0/0               0/0        ( 0.0%) 
occluder vert ind        0/0               0/0        ( 0.0%) 
detail props          [variable]           1/12       ( 8.3%) 
static props          [variable]           1/16154    ( 0.0%) 
pakfile               [variable]     3287528/0        ( 0.0%) 
physics               [variable]      251361/4194304  ( 6.0%) 
physics terrain       [variable]       35934/1048576  ( 3.4%) 

Level flags = 3

Total triangle count: 8401
Writing d:\documents\mapping\tf2\tf2-maps\labor\a9a\koth_labor_a9a.bsp
2 minutes, 14 seconds elapsed
