PRT1
146
466
4 0 10 (1152 1024 -192 ) (1152 1024 624 ) (1024 1024 624 ) (1024 1024 -192 ) 
4 0 9 (1024 1024 -192 ) (1024 1024 -16 ) (1024 1712 -16 ) (1024 1712 -192 ) 
4 0 2 (1024 1024 512 ) (1024 1024 624 ) (1024 1408 624 ) (1024 1408 512 ) 
4 0 1 (1024 1408 624 ) (1024 1712 624 ) (1024 1712 -16 ) (1024 1408 -16 ) 
4 1 38 (0 1712 624 ) (0 1712 -16 ) (0 1408 -16 ) (0 1408 624 ) 
4 1 9 (1024 1712 -16 ) (1024 1408 -16 ) (0 1408 -16 ) (0 1712 -16 ) 
4 1 6 (0 1408 368 ) (0 1408 0 ) (192 1408 0 ) (192 1408 368 ) 
4 1 5 (208 1408 128 ) (208 1408 368 ) (192 1408 368 ) (192 1408 128 ) 
4 1 4 (496 1408 128 ) (496 1408 368 ) (208 1408 368 ) (208 1408 128 ) 
4 1 3 (0 1408 624 ) (0 1408 512 ) (496 1408 512 ) (496 1408 624 ) 
4 1 2 (1024 1408 512 ) (1024 1408 624 ) (496 1408 624 ) (496 1408 512 ) 
4 2 11 (1024 1024 512 ) (1024 1024 624 ) (496 1024 624 ) (496 1024 512 ) 
4 2 3 (496 1408 624 ) (496 1408 512 ) (496 1024 512 ) (496 1024 624 ) 
4 3 39 (0 1024 512 ) (0 1024 624 ) (0 1408 624 ) (0 1408 512 ) 
4 3 29 (0 1024 624 ) (0 1024 512 ) (192 1024 512 ) (192 1024 624 ) 
4 3 11 (192 1024 512 ) (496 1024 512 ) (496 1024 624 ) (192 1024 624 ) 
4 4 13 (496 1024 128 ) (496 1024 368 ) (208 1024 368 ) (208 1024 128 ) 
4 4 5 (208 1040 368 ) (208 1408 368 ) (208 1408 128 ) (208 1040 128 ) 
4 5 7 (192 1040 368 ) (192 1168 368 ) (192 1168 128 ) (192 1040 128 ) 
4 5 6 (192 1168 368 ) (192 1408 368 ) (192 1408 128 ) (192 1168 128 ) 
4 6 40 (0 1168 368 ) (0 1408 368 ) (0 1408 0 ) (0 1168 0 ) 
3 6 8 (64.003029 1168 128 ) (0 1168 128 ) (0 1168 85.331360 ) 
4 6 7 (192 1168 128 ) (192 1168 368 ) (0 1168 368 ) (0 1168 128 ) 
4 7 41 (0 1040 368 ) (0 1168 368 ) (0 1168 128 ) (0 1040 128 ) 
4 7 8 (64.003029 1040 128 ) (0 1040 128 ) (0 1168 128 ) (64.003021 1168 128 ) 
4 8 41 (0 1168 128 ) (0 1168 85.331360 ) (0 1040 85.331360 ) (0 1040 128 ) 
4 9 45 (0 1024 -192 ) (0 1024 -16 ) (0 1712 -16 ) (0 1712 -192 ) 
4 9 32 (192 1024 -16 ) (0 1024 -16 ) (0 1024 -192 ) (192 1024 -192 ) 
4 9 28 (1024 1024 -192 ) (1024 1024 -80 ) (192 1024 -80 ) (192 1024 -192 ) 
4 9 24 (512 1024 -16 ) (192 1024 -16 ) (192 1024 -80 ) (512 1024 -80 ) 
4 9 23 (784 1024 -16 ) (512 1024 -16 ) (512 1024 -80 ) (784 1024 -80 ) 
4 9 22 (1008 1024 -16 ) (784 1024 -16 ) (784 1024 -80 ) (1008 1024 -80 ) 
4 9 20 (1024 1024 -80 ) (1024 1024 -16 ) (1008 1024 -16 ) (1008 1024 -80 ) 
4 10 73 (1152 0 -192 ) (1152 0 624 ) (1024 0 624 ) (1024 0 -192 ) 
4 10 28 (1024 1024 -80 ) (1024 1024 -192 ) (1024 0 -192 ) (1024 0 -80 ) 
4 10 20 (1024 1024 128 ) (1024 1024 -80 ) (1024 0 -80 ) (1024 0 128 ) 
4 10 17 (1024 192 128 ) (1024 0 128 ) (1024 0 384 ) (1024 192 384 ) 
4 10 15 (1024 720 128 ) (1024 192 128 ) (1024 192 384 ) (1024 720 384 ) 
4 10 12 (1024 1024 384 ) (1024 1024 128 ) (1024 720 128 ) (1024 720 384 ) 
4 10 11 (1024 1024 624 ) (1024 1024 384 ) (1024 0 384 ) (1024 0 624 ) 
4 11 75 (336 0 624 ) (192 0 624 ) (192 0 384 ) (336 0 384 ) 
4 11 74 (1024 0 384 ) (1024 0 624 ) (336 0 624 ) (336 0 384 ) 
4 11 29 (192 0 384 ) (192 0 624 ) (192 1024 624 ) (192 1024 384 ) 
4 11 19 (192 0 384 ) (192 192 384 ) (336 192 384 ) (336 0 384 ) 
4 11 18 (336 192 384 ) (448 192 384 ) (448 0 384 ) (336 0 384 ) 
4 11 17 (448 192 384 ) (1024 192 384 ) (1024 0 384 ) (448 0 384 ) 
4 11 16 (192 192 384 ) (192 704 384 ) (512 704 384 ) (512 192 384 ) 
4 11 15 (512 720 384 ) (1024 720 384 ) (1024 192 384 ) (512 192 384 ) 
4 11 12 (512 1024 384 ) (1024 1024 384 ) (1024 720 384 ) (512 720 384 ) 
4 12 23 (512 1024 128 ) (784 1024 128 ) (784 720 128 ) (512 720 128 ) 
4 12 21 (784 1024 128 ) (1008 1024 128 ) (1008 720 128 ) (784 720 128 ) 
4 12 20 (1008 1024 128 ) (1024 1024 128 ) (1024 720 128 ) (1008 720 128 ) 
4 12 15 (512 720 128 ) (1024 720 128 ) (1024 720 384 ) (512 720 384 ) 
4 13 14 (208 928 128 ) (208 800 128 ) (208 800 288 ) (208 928 288 ) 
4 14 31 (192 928 240 ) (192 928 128 ) (192 800 128 ) (192 800 240 ) 
4 14 30 (192 928 256 ) (192 928 240 ) (192 800 240 ) (192 800 256 ) 
4 14 29 (192 928 288 ) (192 928 256 ) (192 800 256 ) (192 800 288 ) 
4 15 23 (512 720 128 ) (784 720 128 ) (784 192 128 ) (512 192 128 ) 
4 15 21 (784 720 128 ) (1008 720 128 ) (1008 192 128 ) (784 192 128 ) 
4 15 20 (1008 720 128 ) (1024 720 128 ) (1024 192 128 ) (1008 192 128 ) 
4 15 17 (512 192 128 ) (1024 192 128 ) (1024 192 384 ) (512 192 384 ) 
4 15 16 (512 704 128 ) (512 192 128 ) (512 192 384 ) (512 704 384 ) 
4 16 33 (192 704 240 ) (192 704 128 ) (192 192 128 ) (192 192 240 ) 
4 16 30 (192 704 256 ) (192 704 240 ) (192 192 240 ) (192 192 256 ) 
4 16 29 (192 192 384 ) (192 704 384 ) (192 704 256 ) (192 192 256 ) 
4 16 25 (192 192 128 ) (192 704 128 ) (512 704 128 ) (512 192 128 ) 
4 16 19 (336 192 256 ) (336 192 384 ) (192 192 384 ) (192 192 256 ) 
4 16 18 (448 192 176 ) (448 192 384 ) (336 192 384 ) (336 192 176 ) 
4 16 17 (448 192 128 ) (512 192 128 ) (512 192 384 ) (448 192 384 ) 
4 17 74 (1024 0 128 ) (1024 0 384 ) (448 0 384 ) (448 0 128 ) 
4 17 26 (784 0 128 ) (448 0 128 ) (448 192 128 ) (784 192 128 ) 
4 17 21 (1008 0 128 ) (784 0 128 ) (784 192 128 ) (1008 192 128 ) 
4 17 20 (1024 0 128 ) (1008 0 128 ) (1008 192 128 ) (1024 192 128 ) 
4 17 18 (448 192 384 ) (448 192 176 ) (448 0 176 ) (448 0 384 ) 
4 18 74 (448 0 384 ) (336 0 384 ) (336 0 176 ) (448 0 176 ) 
4 18 19 (336 192 384 ) (336 192 256 ) (336 0 256 ) (336 0 384 ) 
4 19 75 (336 0 384 ) (192 0 384 ) (192 0 256 ) (336 0 256 ) 
4 19 29 (192 0 256 ) (192 0 384 ) (192 192 384 ) (192 192 256 ) 
4 20 76 (1024 0 -80 ) (1024 0 128 ) (1008 0 128 ) (1008 0 -80 ) 
4 20 28 (1008 1024 -80 ) (1024 1024 -80 ) (1024 0 -80 ) (1008 0 -80 ) 
4 20 22 (1008 1024 -80 ) (1008 384 -80 ) (1008 384 80 ) (1008 1024 80 ) 
4 20 21 (1008 0 80 ) (1008 0 128 ) (1008 1024 128 ) (1008 1024 80 ) 
4 21 77 (1008 0 128 ) (784 0 128 ) (784 0 80 ) (1008 0 80 ) 
4 21 26 (784 0 80 ) (784 0 128 ) (784 192 128 ) (784 192 80 ) 
4 21 23 (784 192 128 ) (784 1024 128 ) (784 1024 80 ) (784 192 80 ) 
4 21 22 (784 128 80 ) (784 1024 80 ) (1008 1024 80 ) (1008 384 80 ) 
4 22 28 (784 1024 -80 ) (1008 1024 -80 ) (1008 384 -80 ) (784 128 -80 ) 
4 22 26 (784 192 -80 ) (784 128 -80 ) (784 128 80 ) (784 192 80 ) 
4 22 23 (784 1024 -80 ) (784 192 -80 ) (784 192 80 ) (784 1024 80 ) 
4 23 28 (512 1024 -80 ) (784 1024 -80 ) (784 192 -80 ) (512 192 -80 ) 
4 23 26 (512 192 -80 ) (784 192 -80 ) (784 192 128 ) (512 192 128 ) 
4 23 24 (512 1024 -80 ) (512 704 -80 ) (512 704 -16 ) (512 1024 -16 ) 
4 23 25 (512 704 -80 ) (512 192 -80 ) (512 192 128 ) (512 704 128 ) 
4 24 32 (192 1024 -16 ) (192 1024 -80 ) (192 704 -80 ) (192 704 -16 ) 
4 24 28 (192 704 -80 ) (192 1024 -80 ) (512 1024 -80 ) (512 704 -80 ) 
4 24 25 (192 704 -80 ) (512 704 -80 ) (512 704 -16 ) (192 704 -16 ) 
4 25 33 (192 192 128 ) (192 704 128 ) (192 704 -80 ) (192 192 -80 ) 
4 25 28 (192 192 -80 ) (192 704 -80 ) (512 704 -80 ) (512 192 -80 ) 
4 25 27 (192 192 -80 ) (448 192 -80 ) (448 192 -64 ) (192 192 -64 ) 
4 25 26 (448 192 -80 ) (512 192 -80 ) (512 192 128 ) (448 192 128 ) 
4 26 82 (448 0 112 ) (448 0 -80 ) (784 0 -80 ) (784 0 64 ) 
3 26 81 (784 0 128 ) (448 0 128 ) (784 0 80 ) 
4 26 28 (448 192 -80 ) (784 192 -80 ) (784 0 -80 ) (448 0 -80 ) 
4 26 27 (448 192 -64 ) (448 192 -80 ) (448 0 -80 ) (448 0 -64 ) 
4 27 37 (192 0 -80 ) (192 0 -64 ) (192 192 -64 ) (192 192 -80 ) 
4 27 28 (192 0 -80 ) (192 192 -80 ) (448 192 -80 ) (448 0 -80 ) 
4 28 86 (448 0 -80 ) (192 0 -80 ) (192 0 -160 ) (448 0 -160 ) 
4 28 82 (784 0 -80 ) (448 0 -80 ) (448 0 -160 ) (784 0 -160 ) 
4 28 88 (192 0 -160 ) (192 0 -192 ) (784 0 -192 ) (784 0 -160 ) 
4 28 79 (1024 0 -192 ) (1024 0 -80 ) (784 0 -80 ) (784 0 -192 ) 
4 28 37 (192 0 -192 ) (192 0 -80 ) (192 192 -80 ) (192 192 -192 ) 
4 28 32 (192 704 -80 ) (192 1024 -80 ) (192 1024 -192 ) (192 704 -192 ) 
4 28 33 (192 192 -80 ) (192 704 -80 ) (192 704 -192 ) (192 192 -192 ) 
4 29 89 (192 0 256 ) (192 0 624 ) (0 0 624 ) (0 0 256 ) 
4 29 46 (0 0 256 ) (0 0 624 ) (0 1024 624 ) (0 1024 256 ) 
4 29 30 (192 1024 256 ) (192 192 256 ) (0 192 256 ) (0 1024 256 ) 
4 30 47 (0 192 256 ) (0 1024 256 ) (0 1024 240 ) (0 192 240 ) 
4 30 31 (0 704 240 ) (0 1024 240 ) (192 1024 240 ) (192 704 240 ) 
4 30 33 (0 192 240 ) (0 704 240 ) (192 704 240 ) (192 192 240 ) 
4 31 48 (0 704 240 ) (0 1024 240 ) (0 1024 128 ) (0 704 128 ) 
4 31 33 (192 704 128 ) (192 704 240 ) (0 704 240 ) (0 704 128 ) 
4 32 50 (0 1024 -16 ) (0 1024 -192 ) (0 704 -192 ) (0 704 -16 ) 
4 32 33 (0 704 -192 ) (192 704 -192 ) (192 704 -16 ) (0 704 -16 ) 
4 33 51 (0 192 -192 ) (0 192 240 ) (0 704 240 ) (0 704 -192 ) 
4 33 37 (192 192 -192 ) (192 192 -64 ) (0 192 -64 ) (0 192 -192 ) 
4 33 35 (0 192 192 ) (0 192 0 ) (104 192 0 ) (104 192 192 ) 
4 34 91 (176 0 240 ) (104 0 240 ) (104 0 0 ) (176 0 0 ) 
4 34 36 (104 176 0 ) (104 0 0 ) (104 0 240 ) (104 176 240 ) 
4 35 52 (0 192 192 ) (0 192 0 ) (0 176 0 ) (0 176 192 ) 
4 35 36 (0 176 0 ) (104 176 0 ) (104 176 192 ) (0 176 192 ) 
4 36 92 (104 0 240 ) (0 0 240 ) (0 0 0 ) (104 0 0 ) 
4 36 53 (0 0 0 ) (0 0 240 ) (0 176 240 ) (0 176 0 ) 
4 37 94 (192 0 -192 ) (192 0 -64 ) (0 0 -64 ) (0 0 -192 ) 
4 37 55 (0 0 -192 ) (0 0 -64 ) (0 192 -64 ) (0 192 -192 ) 
4 38 71 (-1024 1712 624 ) (-1024 1712 -16 ) (-1024 1408 -16 ) (-1024 1408 624 ) 
4 38 45 (-1024 1408 -16 ) (-1024 1712 -16 ) (0 1712 -16 ) (0 1408 -16 ) 
4 38 44 (-896 1408 -16 ) (-640 1408 -16 ) (-640 1408 48 ) (-896 1408 48 ) 
4 38 42 (-640 1408 48 ) (-640 1408 512 ) (-896 1408 512 ) (-896 1408 48 ) 
4 38 40 (0 1408 0 ) (0 1408 368 ) (-464 1408 368 ) (-464 1408 0 ) 
4 38 39 (0 1408 512 ) (0 1408 624 ) (-1024 1408 624 ) (-1024 1408 512 ) 
4 39 71 (-1024 1024 512 ) (-1024 1024 624 ) (-1024 1408 624 ) (-1024 1408 512 ) 
4 39 56 (-192 1024 624 ) (-336 1024 624 ) (-336 1024 512 ) (-192 1024 512 ) 
4 39 57 (-336 1024 624 ) (-1024 1024 624 ) (-1024 1024 512 ) (-336 1024 512 ) 
4 39 46 (0 1024 512 ) (0 1024 624 ) (-192 1024 624 ) (-192 1024 512 ) 
4 39 42 (-896 1408 512 ) (-640 1408 512 ) (-640 1024 512 ) (-896 1024 512 ) 
5 40 41 (-464 1168 368 ) (-464 1168 0 ) (-127.997162 1168 0 ) (0 1168 85.331360 ) (0 1168 368 ) 
4 42 68 (-896 1024 80 ) (-896 1024 48 ) (-784 1024 48 ) (-784 1024 80 ) 
4 42 67 (-896 1024 128 ) (-896 1024 80 ) (-784 1024 80 ) (-784 1024 128 ) 
4 42 58 (-784 1024 48 ) (-640 1024 48 ) (-640 1024 128 ) (-784 1024 128 ) 
4 42 57 (-640 1024 512 ) (-896 1024 512 ) (-896 1024 128 ) (-640 1024 128 ) 
4 42 44 (-896 1296 48 ) (-896 1408 48 ) (-640 1408 48 ) (-640 1296 48 ) 
4 42 43 (-896 1024 48 ) (-896 1136 48 ) (-640 1136 48 ) (-640 1024 48 ) 
4 43 68 (-896 1024 48 ) (-896 1024 -16 ) (-784 1024 -16 ) (-784 1024 48 ) 
4 43 58 (-784 1024 -16 ) (-640 1024 -16 ) (-640 1024 48 ) (-784 1024 48 ) 
4 45 71 (-1024 1024 -192 ) (-1024 1024 -16 ) (-1024 1712 -16 ) (-1024 1712 -192 ) 
4 45 70 (-1024 1024 -80 ) (-1024 1024 -192 ) (-784 1024 -192 ) (-784 1024 -80 ) 
4 45 68 (-784 1024 -16 ) (-1008 1024 -16 ) (-1008 1024 -80 ) (-784 1024 -80 ) 
4 45 69 (-1008 1024 -16 ) (-1024 1024 -16 ) (-1024 1024 -80 ) (-1008 1024 -80 ) 
4 45 58 (-192 1024 -16 ) (-784 1024 -16 ) (-784 1024 -192 ) (-192 1024 -192 ) 
4 45 50 (0 1024 -192 ) (0 1024 -16 ) (-192 1024 -16 ) (-192 1024 -192 ) 
4 46 108 (0 0 256 ) (0 0 624 ) (-192 0 624 ) (-192 0 256 ) 
4 46 56 (-192 1024 624 ) (-192 1024 256 ) (-192 0 256 ) (-192 0 624 ) 
4 46 47 (-192 192 256 ) (-192 1024 256 ) (0 1024 256 ) (0 192 256 ) 
4 47 56 (-192 1024 256 ) (-192 1024 240 ) (-192 192 240 ) (-192 192 256 ) 
4 47 48 (-192 704 240 ) (-192 1024 240 ) (0 1024 240 ) (0 704 240 ) 
4 47 51 (-192 192 240 ) (-192 704 240 ) (0 704 240 ) (0 192 240 ) 
4 48 56 (-192 1024 240 ) (-192 1024 128 ) (-192 704 128 ) (-192 704 240 ) 
3 48 49 (-64 704 128 ) (-192 704 128 ) (-192 832 128 ) 
4 48 51 (0 704 128 ) (0 704 240 ) (-192 704 240 ) (-192 704 128 ) 
4 49 58 (-192 832 -16 ) (-192 704 -16 ) (-192 704 128 ) (-192 832 128 ) 
4 49 51 (-64 704 128 ) (-192 704 128 ) (-192 704 -16 ) (-64 704 -16 ) 
3 49 50 (-64 704 -16 ) (-192 704 -16 ) (-192 832 -16 ) 
4 50 58 (-192 1024 -16 ) (-192 1024 -192 ) (-192 704 -192 ) (-192 704 -16 ) 
4 50 51 (-192 704 -192 ) (0 704 -192 ) (0 704 -16 ) (-192 704 -16 ) 
4 51 59 (-192 192 -160 ) (-192 192 -80 ) (-192 400 -80 ) (-192 400 -160 ) 
4 51 66 (-192 400 -192 ) (-192 192 -192 ) (-192 192 -160 ) (-192 400 -160 ) 
4 51 58 (-192 704 -192 ) (-192 400 -192 ) (-192 400 128 ) (-192 704 128 ) 
5 51 56 (-192 192 160 ) (-192 192 240 ) (-192 704 240 ) (-192 704 128 ) (-192 256 128 ) 
4 51 55 (-192 192 -64 ) (-192 192 -192 ) (0 192 -192 ) (0 192 -64 ) 
4 51 52 (-104 192 192 ) (-104 192 0 ) (0 192 0 ) (0 192 192 ) 
4 52 53 (-104 176 192 ) (-104 176 0 ) (0 176 0 ) (0 176 192 ) 
4 53 110 (0 0 0 ) (0 0 240 ) (-104 0 240 ) (-104 0 0 ) 
4 53 54 (-104 176 0 ) (-104 0 0 ) (-104 0 240 ) (-104 176 240 ) 
4 54 112 (-104 0 240 ) (-176 0 240 ) (-176 0 0 ) (-104 0 0 ) 
4 55 113 (0 0 -192 ) (0 0 -64 ) (-192 0 -64 ) (-192 0 -192 ) 
4 55 59 (-192 0 -160 ) (-192 0 -80 ) (-192 192 -80 ) (-192 192 -160 ) 
4 55 66 (-192 0 -192 ) (-192 0 -160 ) (-192 192 -160 ) (-192 192 -192 ) 
4 56 118 (-192 0 256 ) (-192 0 384 ) (-336 0 384 ) (-336 0 256 ) 
4 56 117 (-192 0 384 ) (-192 0 624 ) (-336 0 624 ) (-336 0 384 ) 
3 56 60 (-336 352 128 ) (-336 544 128 ) (-240 448 128 ) 
4 56 58 (-192 1024 128 ) (-192 400 128 ) (-336 544 128 ) (-336 1024 128 ) 
5 56 57 (-336 1024 128 ) (-336 256 128 ) (-336 0 256 ) (-336 0 624 ) (-336 1024 624 ) 
4 57 119 (-336 0 176 ) (-336 0 384 ) (-448 0 384 ) (-448 0 176 ) 
4 57 120 (-1024 0 384 ) (-1024 0 128 ) (-448 0 128 ) (-448 0 384 ) 
4 57 117 (-336 0 624 ) (-1024 0 624 ) (-1024 0 384 ) (-336 0 384 ) 
4 57 72 (-1024 0 128 ) (-1024 0 624 ) (-1024 1024 624 ) (-1024 1024 128 ) 
4 57 67 (-784 0 128 ) (-1008 0 128 ) (-1008 1024 128 ) (-784 1024 128 ) 
4 57 69 (-1008 0 128 ) (-1024 0 128 ) (-1024 1024 128 ) (-1008 1024 128 ) 
4 57 64 (-784 576 128 ) (-784 992 128 ) (-448 656 128 ) (-448 240 128 ) 
4 57 62 (-448 0 128 ) (-784 0 128 ) (-784 128 128 ) (-448 128 128 ) 
4 57 61 (-784 128 128 ) (-784 576 128 ) (-448 240 128 ) (-448 128 128 ) 
4 57 60 (-448 240 128 ) (-448 656 128 ) (-336 544 128 ) (-336 352 128 ) 
4 57 58 (-784 992 128 ) (-784 1024 128 ) (-336 1024 128 ) (-336 544 128 ) 
4 58 70 (-784 1024 -80 ) (-784 1024 -192 ) (-784 992 -192 ) (-784 992 -80 ) 
4 58 68 (-784 1024 80 ) (-784 1024 -80 ) (-784 992 -80 ) (-784 992 80 ) 
4 58 67 (-784 992 128 ) (-784 1024 128 ) (-784 1024 80 ) (-784 992 80 ) 
3 58 65 (-656 864 -160 ) (-448 656 -160 ) (-448 656 -16 ) 
5 58 64 (-784 992 128 ) (-784 992 -160 ) (-656 864 -160 ) (-448 656 -16 ) (-448 656 128 ) 
3 58 60 (-240 448 128 ) (-448 656 128 ) (-448 656 -16 ) 
4 58 59 (-240 448 -160 ) (-192 400 -160 ) (-192 400 -80 ) (-240 448 -80 ) 
4 58 66 (-784 992 -160 ) (-784 992 -192 ) (-192 400 -192 ) (-192 400 -160 ) 
4 59 134 (-192 0 -160 ) (-192 0 -80 ) (-448 0 -80 ) (-448 0 -160 ) 
4 59 63 (-448 128 -160 ) (-448 0 -160 ) (-448 0 -80 ) (-448 128 -80 ) 
4 59 61 (-448 240 -160 ) (-448 128 -160 ) (-448 128 -80 ) (-448 240 -80 ) 
5 59 66 (-239.998062 448.001953 -160 ) (-192 400.003906 -160 ) (-192 0 -160 ) (-448 0 -160 ) (-448 240 -160 ) 
3 60 64 (-448 656 128 ) (-448 656 -16 ) (-448 240 128 ) 
4 61 70 (-784 576 -80 ) (-784 576 -160 ) (-784 128 -160 ) (-784 128 -80 ) 
4 61 68 (-784 576 80 ) (-784 576 -80 ) (-784 128 -80 ) (-784 128 80 ) 
4 61 67 (-784 128 128 ) (-784 576 128 ) (-784 576 80 ) (-784 128 80 ) 
4 61 65 (-655.996094 447.996124 -160 ) (-784 576 -160 ) (-784 576 -104.615395 ) (-655.996155 447.996155 -15.997330 ) 
3 61 64 (-448 240 128 ) (-784 576 -104.615395 ) (-784 576 128 ) 
4 61 63 (-784 128 64 ) (-784 128 -160 ) (-448 128 -160 ) (-448 128 112 ) 
3 61 62 (-784 128 128 ) (-784 128 80 ) (-448 128 128 ) 
4 61 66 (-784 128 -160 ) (-784 576 -160 ) (-448 240 -160 ) (-448 128 -160 ) 
3 62 127 (-448 0 128 ) (-784 0 128 ) (-784 0 80 ) 
4 62 67 (-784 0 128 ) (-784 128 128 ) (-784 128 80 ) (-784 0 80 ) 
4 63 134 (-784 0 -80 ) (-784 0 -160 ) (-448 0 -160 ) (-448 0 -80 ) 
4 63 127 (-784 0 64 ) (-784 0 -80 ) (-448 0 -80 ) (-448 0 112 ) 
4 63 70 (-784 128 -80 ) (-784 128 -160 ) (-784 0 -160 ) (-784 0 -80 ) 
4 63 66 (-784 0 -160 ) (-784 128 -160 ) (-448 128 -160 ) (-448 0 -160 ) 
5 64 70 (-784 992 -80 ) (-784 992 -160 ) (-784 736 -160 ) (-784 576 -104.615395 ) (-784 576 -80 ) 
4 64 68 (-784 992 80 ) (-784 992 -80 ) (-784 576 -80 ) (-784 576 80 ) 
4 64 67 (-784 576 128 ) (-784 992 128 ) (-784 992 80 ) (-784 576 80 ) 
6 64 65 (-655.998047 447.994141 -15.994751 ) (-784 575.996094 -104.611481 ) (-784 736.007446 -160 ) (-656.003784 864.003784 -160 ) (-448 656 -15.997375 ) (-448 655.992249 -15.994686 ) 
3 64 66 (-784 736 -160 ) (-784 992.003906 -160 ) (-655.998047 864.001953 -160 ) 
3 65 70 (-784 736 -160 ) (-784 576 -160 ) (-784 576 -104.615395 ) 
6 65 66 (-784 576 -160 ) (-784 736 -160 ) (-655.998047 864.001953 -160 ) (-448 656.003906 -160 ) (-448 655.992188 -160 ) (-655.996094 447.996155 -160 ) 
4 66 134 (-192 0 -192 ) (-192 0 -160 ) (-784 0 -160 ) (-784 0 -192 ) 
4 66 70 (-784 992 -160 ) (-784 992 -192 ) (-784 0 -192 ) (-784 0 -160 ) 
4 67 131 (-784 0 80 ) (-784 0 128 ) (-1008 0 128 ) (-1008 0 80 ) 
4 67 68 (-1008 384 80 ) (-1008 1024 80 ) (-784 1024 80 ) (-784 128 80 ) 
4 67 69 (-1008 0 80 ) (-1008 0 128 ) (-1008 1024 128 ) (-1008 1024 80 ) 
4 68 70 (-784 1024 -80 ) (-784 128 -80 ) (-1008 384 -80 ) (-1008 1024 -80 ) 
4 68 69 (-1008 1024 -80 ) (-1008 384 -80 ) (-1008 384 80 ) (-1008 1024 80 ) 
4 69 133 (-1008 0 128 ) (-1024 0 128 ) (-1024 0 -80 ) (-1008 0 -80 ) 
4 69 72 (-1024 0 -80 ) (-1024 0 128 ) (-1024 1024 128 ) (-1024 1024 -80 ) 
4 69 70 (-1008 0 -80 ) (-1024 0 -80 ) (-1024 1024 -80 ) (-1008 1024 -80 ) 
4 70 134 (-784 0 -192 ) (-784 0 -80 ) (-1024 0 -80 ) (-1024 0 -192 ) 
4 70 72 (-1024 0 -192 ) (-1024 0 -80 ) (-1024 1024 -80 ) (-1024 1024 -192 ) 
4 71 72 (-1024 1024 -192 ) (-1024 1024 624 ) (-1184 1024 624 ) (-1184 1024 -192 ) 
4 72 135 (-1024 0 -192 ) (-1024 0 624 ) (-1184 0 624 ) (-1184 0 -192 ) 
4 73 99 (1152 -1024 -192 ) (1152 -1024 624 ) (1024 -1024 624 ) (1024 -1024 -192 ) 
4 73 79 (1024 -1024 -192 ) (1024 -1024 -80 ) (1024 0 -80 ) (1024 0 -192 ) 
4 73 76 (1024 -1024 -80 ) (1024 -1024 128 ) (1024 0 128 ) (1024 0 -80 ) 
4 73 74 (1024 -1024 128 ) (1024 -1024 624 ) (1024 0 624 ) (1024 0 128 ) 
4 74 101 (896 -1024 512 ) (640 -1024 512 ) (640 -1024 128 ) (896 -1024 128 ) 
4 74 100 (1024 -1024 512 ) (1024 -1024 624 ) (336 -1024 624 ) (336 -1024 512 ) 
4 74 87 (336 -544 128 ) (336 -352 128 ) (448 -240 128 ) (448 -656 128 ) 
4 74 84 (784 -576 128 ) (784 -992 128 ) (448 -656 128 ) (448 -240 128 ) 
4 74 81 (448 0 128 ) (784 0 128 ) (784 -128 128 ) (448 -128 128 ) 
4 74 83 (784 -128 128 ) (784 -576 128 ) (448 -240 128 ) (448 -128 128 ) 
4 74 80 (784 -1024 128 ) (336 -1024 128 ) (336 -544 128 ) (784 -992 128 ) 
4 74 77 (1008 -1024 128 ) (784 -1024 128 ) (784 0 128 ) (1008 0 128 ) 
4 74 76 (1024 -1024 128 ) (1008 -1024 128 ) (1008 0 128 ) (1024 0 128 ) 
5 74 75 (336 -256 128 ) (336 -1024 128 ) (336 -1024 624 ) (336 0 624 ) (336 0 256 ) 
4 75 100 (336 -1024 624 ) (192 -1024 624 ) (192 -1024 512 ) (336 -1024 512 ) 
4 75 96 (192 -704 128 ) (192 -1024 128 ) (192 -1024 240 ) (192 -704 240 ) 
5 75 95 (192 -192 160 ) (192 -256 128 ) (192 -704 128 ) (192 -704 240 ) (192 -192 240 ) 
4 75 90 (192 -192 240 ) (192 -1024 240 ) (192 -1024 256 ) (192 -192 256 ) 
4 75 89 (192 0 624 ) (192 0 256 ) (192 -1024 256 ) (192 -1024 624 ) 
3 75 87 (336 -352 128 ) (336 -544 128 ) (240 -448 128 ) 
4 75 80 (336 -1024 128 ) (192 -1024 128 ) (192 -400 128 ) (336 -544 128 ) 
4 76 107 (1024 -1024 -80 ) (1024 -1024 -16 ) (1008 -1024 -16 ) (1008 -1024 -80 ) 
4 76 79 (1024 -1024 -80 ) (1008 -1024 -80 ) (1008 0 -80 ) (1024 0 -80 ) 
4 76 78 (1008 -384 -80 ) (1008 -1024 -80 ) (1008 -1024 80 ) (1008 -384 80 ) 
4 76 77 (1008 -1024 80 ) (1008 -1024 128 ) (1008 0 128 ) (1008 0 80 ) 
4 77 101 (896 -1024 128 ) (784 -1024 128 ) (784 -1024 80 ) (896 -1024 80 ) 
4 77 84 (784 -992 128 ) (784 -576 128 ) (784 -576 80 ) (784 -992 80 ) 
4 77 81 (784 -128 128 ) (784 0 128 ) (784 0 80 ) (784 -128 80 ) 
4 77 83 (784 -576 128 ) (784 -128 128 ) (784 -128 80 ) (784 -576 80 ) 
4 77 80 (784 -1024 128 ) (784 -992 128 ) (784 -992 80 ) (784 -1024 80 ) 
4 77 78 (784 -1024 80 ) (784 -128 80 ) (1008 -384 80 ) (1008 -1024 80 ) 
4 78 107 (784 -1024 -16 ) (784 -1024 -80 ) (1008 -1024 -80 ) (1008 -1024 -16 ) 
4 78 103 (784 -1024 48 ) (784 -1024 -16 ) (896 -1024 -16 ) (896 -1024 48 ) 
4 78 101 (784 -1024 80 ) (784 -1024 48 ) (896 -1024 48 ) (896 -1024 80 ) 
4 78 84 (784 -576 -80 ) (784 -992 -80 ) (784 -992 80 ) (784 -576 80 ) 
4 78 83 (784 -128 -80 ) (784 -576 -80 ) (784 -576 80 ) (784 -128 80 ) 
4 78 80 (784 -992 -80 ) (784 -1024 -80 ) (784 -1024 80 ) (784 -992 80 ) 
4 78 79 (1008 -1024 -80 ) (784 -1024 -80 ) (784 -128 -80 ) (1008 -384 -80 ) 
4 79 107 (1024 -1024 -192 ) (1024 -1024 -80 ) (784 -1024 -80 ) (784 -1024 -192 ) 
3 79 85 (784 -576 -160 ) (784 -736 -160 ) (784 -576 -104.615364 ) 
5 79 84 (784 -736 -160 ) (784 -992 -160 ) (784 -992 -80 ) (784 -576 -80 ) (784 -576 -104.615364 ) 
4 79 82 (784 0 -80 ) (784 0 -160 ) (784 -128 -160 ) (784 -128 -80 ) 
4 79 83 (784 -128 -160 ) (784 -576 -160 ) (784 -576 -80 ) (784 -128 -80 ) 
4 79 88 (784 0 -160 ) (784 0 -192 ) (784 -992 -192 ) (784 -992 -160 ) 
4 79 80 (784 -992 -192 ) (784 -1024 -192 ) (784 -1024 -80 ) (784 -992 -80 ) 
4 80 107 (784 -1024 -192 ) (784 -1024 -16 ) (192 -1024 -16 ) (192 -1024 -192 ) 
4 80 103 (784 -1024 -16 ) (784 -1024 48 ) (640 -1024 48 ) (640 -1024 -16 ) 
4 80 101 (784 -1024 48 ) (784 -1024 128 ) (640 -1024 128 ) (640 -1024 48 ) 
4 80 97 (192 -832 128 ) (192 -704 128 ) (192 -704 -16 ) (192 -832 -16 ) 
4 80 98 (192 -704 -192 ) (192 -1024 -192 ) (192 -1024 -16 ) (192 -704 -16 ) 
4 80 95 (192 -400 -192 ) (192 -704 -192 ) (192 -704 128 ) (192 -400 128 ) 
3 80 87 (240 -448 128 ) (448 -656 128 ) (448 -656 -16 ) 
4 80 86 (240 -448 -160 ) (192 -400 -160 ) (192 -400 -80 ) (240 -448 -80 ) 
3 80 85 (656 -864 -160 ) (448 -656 -160 ) (448 -656 -16 ) 
5 80 84 (784 -992 128 ) (784 -992 -160 ) (656 -864 -160 ) (448 -656 -16 ) (448 -656 128 ) 
4 80 88 (784 -992 -160 ) (784 -992 -192 ) (192 -400 -192 ) (192 -400 -160 ) 
3 81 83 (448 -128 128 ) (784 -128 80 ) (784 -128 128 ) 
4 82 86 (448 0 -160 ) (448 -128 -160 ) (448 -128 -80 ) (448 0 -80 ) 
4 82 88 (448 -128 -160 ) (448 0 -160 ) (784 0 -160 ) (784 -128 -160 ) 
4 82 83 (448 -128 112 ) (448 -128 -160 ) (784 -128 -160 ) (784 -128 64 ) 
4 83 86 (448 -128 -160 ) (448 -240 -160 ) (448 -240 -80 ) (448 -128 -80 ) 
4 83 85 (655.996094 -447.996124 -160 ) (784 -576 -160 ) (784 -576 -104.615395 ) (655.996155 -447.996155 -15.997330 ) 
3 83 84 (448 -240 128 ) (784 -576 -104.615395 ) (784 -576 128 ) 
4 83 88 (448 -240 -160 ) (448 -128 -160 ) (784 -128 -160 ) (784 -576 -160 ) 
3 84 87 (448 -655.996094 -15.998657 ) (448 -655.996094 128 ) (448 -240 128 ) 
6 84 85 (448 -656 -15.997375 ) (448 -655.992249 -15.994686 ) (655.998047 -447.994141 -15.994751 ) (784 -575.996094 -104.611481 ) (784 -736.007446 -160 ) (656.003784 -864.003784 -160 ) 
3 84 88 (784 -992.003906 -160 ) (655.998047 -864.001953 -160 ) (784 -736 -160 ) 
6 85 88 (655.998047 -864.001953 -160 ) (448 -656.003906 -160 ) (448 -655.992188 -160 ) (655.996094 -447.996094 -160 ) (784 -576 -160 ) (784 -736 -160 ) 
4 86 95 (192 -192 -160 ) (192 -400 -160 ) (192 -400 -80 ) (192 -192 -80 ) 
4 86 94 (192 0 -80 ) (192 0 -160 ) (192 -192 -160 ) (192 -192 -80 ) 
5 86 88 (239.998062 -448.001953 -160 ) (192 -400.003906 -160 ) (192 0 -160 ) (448 0 -160 ) (448 -240 -160 ) 
4 88 95 (192 -192 -192 ) (192 -400 -192 ) (192 -400 -160 ) (192 -192 -160 ) 
4 88 94 (192 0 -160 ) (192 0 -192 ) (192 -192 -192 ) (192 -192 -160 ) 
4 89 108 (0 0 624 ) (0 0 256 ) (0 -1024 256 ) (0 -1024 624 ) 
4 89 100 (192 -1024 512 ) (192 -1024 624 ) (0 -1024 624 ) (0 -1024 512 ) 
4 89 90 (0 -1024 256 ) (0 -192 256 ) (192 -192 256 ) (192 -1024 256 ) 
4 90 109 (0 -192 240 ) (0 -1024 240 ) (0 -1024 256 ) (0 -192 256 ) 
4 90 96 (192 -704 240 ) (192 -1024 240 ) (0 -1024 240 ) (0 -704 240 ) 
4 90 95 (192 -192 240 ) (192 -704 240 ) (0 -704 240 ) (0 -192 240 ) 
4 91 92 (104 0 0 ) (104 -176 0 ) (104 -176 240 ) (104 0 240 ) 
4 92 110 (0 0 240 ) (0 0 0 ) (0 -176 0 ) (0 -176 240 ) 
4 92 93 (0 -176 0 ) (104 -176 0 ) (104 -176 192 ) (0 -176 192 ) 
4 93 111 (0 -176 0 ) (0 -192 0 ) (0 -192 192 ) (0 -176 192 ) 
4 93 95 (0 -192 192 ) (0 -192 0 ) (104 -192 0 ) (104 -192 192 ) 
4 94 113 (0 0 -64 ) (0 0 -192 ) (0 -192 -192 ) (0 -192 -64 ) 
4 94 95 (192 -192 -192 ) (192 -192 -64 ) (0 -192 -64 ) (0 -192 -192 ) 
4 95 114 (0 -704 240 ) (0 -192 240 ) (0 -192 -192 ) (0 -704 -192 ) 
4 95 97 (192 -704 -16 ) (192 -704 128 ) (64 -704 128 ) (64 -704 -16 ) 
4 95 96 (192 -704 128 ) (192 -704 240 ) (0 -704 240 ) (0 -704 128 ) 
4 95 98 (0 -704 -192 ) (192 -704 -192 ) (192 -704 -16 ) (0 -704 -16 ) 
4 96 115 (0 -1024 128 ) (0 -1024 240 ) (0 -704 240 ) (0 -704 128 ) 
3 96 97 (64 -704 128 ) (192 -704 128 ) (192 -832 128 ) 
3 97 98 (64 -704 -16 ) (192 -704 -16 ) (192 -832 -16 ) 
4 98 116 (0 -1024 -192 ) (0 -1024 -16 ) (0 -704 -16 ) (0 -704 -192 ) 
4 98 107 (192 -1024 -192 ) (192 -1024 -16 ) (0 -1024 -16 ) (0 -1024 -192 ) 
4 99 107 (1024 -1024 -16 ) (1024 -1024 -192 ) (1024 -1776 -192 ) (1024 -1776 -16 ) 
4 99 106 (1024 -1408 -16 ) (1024 -1776 -16 ) (1024 -1776 624 ) (1024 -1408 624 ) 
4 99 100 (1024 -1024 624 ) (1024 -1024 512 ) (1024 -1408 512 ) (1024 -1408 624 ) 
4 100 136 (0 -1024 624 ) (0 -1024 512 ) (0 -1408 512 ) (0 -1408 624 ) 
4 100 106 (0 -1408 624 ) (0 -1408 512 ) (1024 -1408 512 ) (1024 -1408 624 ) 
4 100 101 (896 -1408 512 ) (640 -1408 512 ) (640 -1024 512 ) (896 -1024 512 ) 
4 101 106 (896 -1408 48 ) (896 -1408 512 ) (640 -1408 512 ) (640 -1408 48 ) 
4 101 103 (640 -1136 48 ) (640 -1024 48 ) (896 -1024 48 ) (896 -1136 48 ) 
4 101 102 (640 -1408 48 ) (640 -1296 48 ) (896 -1296 48 ) (896 -1408 48 ) 
4 102 106 (640 -1408 -16 ) (896 -1408 -16 ) (896 -1408 48 ) (640 -1408 48 ) 
4 104 138 (0 -1040 128 ) (0 -1040 85.331390 ) (0 -1168 85.331390 ) (0 -1168 128 ) 
4 104 137 (0 -1168 368 ) (0 -1040 368 ) (0 -1040 128 ) (0 -1168 128 ) 
5 104 105 (127.997086 -1168 0 ) (464 -1168 0 ) (464 -1168 368 ) (0 -1168 368 ) (0 -1168 85.331390 ) 
4 105 139 (0 -1408 0 ) (0 -1408 368 ) (0 -1168 368 ) (0 -1168 0 ) 
4 105 106 (0 -1408 368 ) (0 -1408 0 ) (464 -1408 0 ) (464 -1408 368 ) 
4 106 143 (0 -1408 624 ) (0 -1408 -16 ) (0 -1776 -16 ) (0 -1776 624 ) 
4 106 107 (1024 -1408 -16 ) (1024 -1776 -16 ) (0 -1776 -16 ) (0 -1408 -16 ) 
4 107 144 (0 -1776 -192 ) (0 -1776 -16 ) (0 -1024 -16 ) (0 -1024 -192 ) 
4 108 136 (0 -1024 512 ) (0 -1024 624 ) (-192 -1024 624 ) (-192 -1024 512 ) 
4 108 123 (-192 -800 288 ) (-192 -800 256 ) (-192 -928 256 ) (-192 -928 288 ) 
4 108 121 (-192 -704 384 ) (-192 -192 384 ) (-192 -192 256 ) (-192 -704 256 ) 
4 108 118 (-192 -192 384 ) (-192 0 384 ) (-192 0 256 ) (-192 -192 256 ) 
4 108 117 (-192 -1024 384 ) (-192 -1024 624 ) (-192 0 624 ) (-192 0 384 ) 
4 108 109 (0 -1024 256 ) (-192 -1024 256 ) (-192 -192 256 ) (0 -192 256 ) 
4 109 123 (-192 -928 256 ) (-192 -800 256 ) (-192 -800 240 ) (-192 -928 240 ) 
4 109 121 (-192 -704 256 ) (-192 -192 256 ) (-192 -192 240 ) (-192 -704 240 ) 
4 109 115 (-192 -1024 240 ) (-192 -704 240 ) (0 -704 240 ) (0 -1024 240 ) 
4 109 114 (-192 -704 240 ) (-192 -192 240 ) (0 -192 240 ) (0 -704 240 ) 
4 110 112 (-104 0 0 ) (-104 -176 0 ) (-104 -176 240 ) (-104 0 240 ) 
4 110 111 (-104 -176 192 ) (-104 -176 0 ) (0 -176 0 ) (0 -176 192 ) 
4 111 114 (0 -192 0 ) (0 -192 192 ) (-104 -192 192 ) (-104 -192 0 ) 
4 113 134 (-192 -192 -192 ) (-192 -192 -80 ) (-192 0 -80 ) (-192 0 -192 ) 
4 113 126 (-192 -192 -80 ) (-192 -192 -64 ) (-192 0 -64 ) (-192 0 -80 ) 
4 113 114 (0 -192 -192 ) (0 -192 -64 ) (-192 -192 -64 ) (-192 -192 -192 ) 
4 114 134 (-192 -192 -80 ) (-192 -192 -192 ) (-192 -704 -192 ) (-192 -704 -80 ) 
4 114 128 (-192 -192 128 ) (-192 -192 -80 ) (-192 -704 -80 ) (-192 -704 128 ) 
4 114 121 (-192 -704 240 ) (-192 -192 240 ) (-192 -192 128 ) (-192 -704 128 ) 
4 114 115 (0 -704 128 ) (0 -704 240 ) (-192 -704 240 ) (-192 -704 128 ) 
4 114 116 (-192 -704 -192 ) (0 -704 -192 ) (0 -704 -16 ) (-192 -704 -16 ) 
4 115 123 (-192 -928 240 ) (-192 -800 240 ) (-192 -800 128 ) (-192 -928 128 ) 
4 116 144 (0 -1024 -192 ) (0 -1024 -16 ) (-192 -1024 -16 ) (-192 -1024 -192 ) 
4 116 134 (-192 -1024 -192 ) (-192 -1024 -80 ) (-192 -704 -80 ) (-192 -704 -192 ) 
4 116 129 (-192 -1024 -80 ) (-192 -1024 -16 ) (-192 -704 -16 ) (-192 -704 -80 ) 
4 117 142 (-496 -1024 624 ) (-1024 -1024 624 ) (-1024 -1024 512 ) (-496 -1024 512 ) 
4 117 136 (-192 -1024 512 ) (-192 -1024 624 ) (-496 -1024 624 ) (-496 -1024 512 ) 
4 117 135 (-1024 0 624 ) (-1024 0 384 ) (-1024 -1024 384 ) (-1024 -1024 624 ) 
4 117 125 (-512 -1024 384 ) (-1024 -1024 384 ) (-1024 -720 384 ) (-512 -720 384 ) 
4 117 121 (-192 -192 384 ) (-192 -704 384 ) (-512 -704 384 ) (-512 -192 384 ) 
4 117 122 (-512 -720 384 ) (-1024 -720 384 ) (-1024 -192 384 ) (-512 -192 384 ) 
4 117 119 (-448 0 384 ) (-336 0 384 ) (-336 -192 384 ) (-448 -192 384 ) 
4 117 120 (-1024 0 384 ) (-448 0 384 ) (-448 -192 384 ) (-1024 -192 384 ) 
4 117 118 (-336 0 384 ) (-192 0 384 ) (-192 -192 384 ) (-336 -192 384 ) 
4 118 121 (-192 -192 256 ) (-192 -192 384 ) (-336 -192 384 ) (-336 -192 256 ) 
4 118 119 (-336 -192 256 ) (-336 -192 384 ) (-336 0 384 ) (-336 0 256 ) 
4 119 121 (-336 -192 176 ) (-336 -192 384 ) (-448 -192 384 ) (-448 -192 176 ) 
4 119 120 (-448 -192 176 ) (-448 -192 384 ) (-448 0 384 ) (-448 0 176 ) 
4 120 135 (-1024 0 384 ) (-1024 0 128 ) (-1024 -192 128 ) (-1024 -192 384 ) 
4 120 131 (-1008 0 128 ) (-784 0 128 ) (-784 -192 128 ) (-1008 -192 128 ) 
4 120 133 (-1024 -192 128 ) (-1024 0 128 ) (-1008 0 128 ) (-1008 -192 128 ) 
4 120 127 (-784 0 128 ) (-448 0 128 ) (-448 -192 128 ) (-784 -192 128 ) 
4 120 121 (-512 -192 128 ) (-448 -192 128 ) (-448 -192 384 ) (-512 -192 384 ) 
4 120 122 (-1024 -192 128 ) (-512 -192 128 ) (-512 -192 384 ) (-1024 -192 384 ) 
4 121 128 (-512 -192 128 ) (-192 -192 128 ) (-192 -704 128 ) (-512 -704 128 ) 
4 121 122 (-512 -192 384 ) (-512 -192 128 ) (-512 -704 128 ) (-512 -704 384 ) 
4 122 135 (-1024 -192 128 ) (-1024 -720 128 ) (-1024 -720 384 ) (-1024 -192 384 ) 
4 122 131 (-1008 -192 128 ) (-784 -192 128 ) (-784 -720 128 ) (-1008 -720 128 ) 
4 122 133 (-1024 -720 128 ) (-1024 -192 128 ) (-1008 -192 128 ) (-1008 -720 128 ) 
4 122 130 (-784 -192 128 ) (-512 -192 128 ) (-512 -720 128 ) (-784 -720 128 ) 
4 122 125 (-1024 -720 128 ) (-512 -720 128 ) (-512 -720 384 ) (-1024 -720 384 ) 
4 123 124 (-208 -800 128 ) (-208 -928 128 ) (-208 -928 288 ) (-208 -800 288 ) 
4 124 141 (-496 -1024 368 ) (-496 -1024 128 ) (-208 -1024 128 ) (-208 -1024 368 ) 
4 125 135 (-1024 -720 128 ) (-1024 -1024 128 ) (-1024 -1024 384 ) (-1024 -720 384 ) 
4 125 131 (-1008 -720 128 ) (-784 -720 128 ) (-784 -1024 128 ) (-1008 -1024 128 ) 
4 125 133 (-1024 -1024 128 ) (-1024 -720 128 ) (-1008 -720 128 ) (-1008 -1024 128 ) 
4 125 130 (-784 -720 128 ) (-512 -720 128 ) (-512 -1024 128 ) (-784 -1024 128 ) 
4 126 134 (-448 0 -80 ) (-192 0 -80 ) (-192 -192 -80 ) (-448 -192 -80 ) 
4 126 128 (-448 -192 -80 ) (-192 -192 -80 ) (-192 -192 -64 ) (-448 -192 -64 ) 
4 126 127 (-448 0 -80 ) (-448 -192 -80 ) (-448 -192 -64 ) (-448 0 -64 ) 
4 127 134 (-784 0 -80 ) (-448 0 -80 ) (-448 -192 -80 ) (-784 -192 -80 ) 
4 127 132 (-784 -128 -80 ) (-784 -192 -80 ) (-784 -192 80 ) (-784 -128 80 ) 
4 127 131 (-784 -192 80 ) (-784 -192 128 ) (-784 0 128 ) (-784 0 80 ) 
4 127 128 (-512 -192 -80 ) (-448 -192 -80 ) (-448 -192 128 ) (-512 -192 128 ) 
4 127 130 (-784 -192 128 ) (-784 -192 -80 ) (-512 -192 -80 ) (-512 -192 128 ) 
4 128 134 (-192 -192 -80 ) (-192 -704 -80 ) (-512 -704 -80 ) (-512 -192 -80 ) 
4 128 129 (-512 -704 -16 ) (-512 -704 -80 ) (-192 -704 -80 ) (-192 -704 -16 ) 
4 128 130 (-512 -192 128 ) (-512 -192 -80 ) (-512 -704 -80 ) (-512 -704 128 ) 
4 129 144 (-192 -1024 -80 ) (-192 -1024 -16 ) (-512 -1024 -16 ) (-512 -1024 -80 ) 
4 129 134 (-192 -704 -80 ) (-192 -1024 -80 ) (-512 -1024 -80 ) (-512 -704 -80 ) 
4 129 130 (-512 -704 -80 ) (-512 -1024 -80 ) (-512 -1024 -16 ) (-512 -704 -16 ) 
4 130 144 (-784 -1024 -16 ) (-784 -1024 -80 ) (-512 -1024 -80 ) (-512 -1024 -16 ) 
4 130 134 (-512 -1024 -80 ) (-784 -1024 -80 ) (-784 -192 -80 ) (-512 -192 -80 ) 
4 130 132 (-784 -192 -80 ) (-784 -1024 -80 ) (-784 -1024 80 ) (-784 -192 80 ) 
4 130 131 (-784 -1024 80 ) (-784 -1024 128 ) (-784 -192 128 ) (-784 -192 80 ) 
4 131 132 (-1008 -1024 80 ) (-1008 -384 80 ) (-784 -128 80 ) (-784 -1024 80 ) 
4 131 133 (-1008 -1024 80 ) (-1008 -1024 128 ) (-1008 0 128 ) (-1008 0 80 ) 
4 132 144 (-1008 -1024 -16 ) (-1008 -1024 -80 ) (-784 -1024 -80 ) (-784 -1024 -16 ) 
4 132 134 (-784 -128 -80 ) (-784 -1024 -80 ) (-1008 -1024 -80 ) (-1008 -384 -80 ) 
4 132 133 (-1008 -384 -80 ) (-1008 -1024 -80 ) (-1008 -1024 80 ) (-1008 -384 80 ) 
4 133 144 (-1024 -1024 -16 ) (-1024 -1024 -80 ) (-1008 -1024 -80 ) (-1008 -1024 -16 ) 
4 133 135 (-1024 0 128 ) (-1024 0 -80 ) (-1024 -1024 -80 ) (-1024 -1024 128 ) 
4 133 134 (-1024 0 -80 ) (-1008 0 -80 ) (-1008 -1024 -80 ) (-1024 -1024 -80 ) 
4 134 144 (-192 -1024 -192 ) (-192 -1024 -80 ) (-1024 -1024 -80 ) (-1024 -1024 -192 ) 
4 134 135 (-1024 0 -80 ) (-1024 0 -192 ) (-1024 -1024 -192 ) (-1024 -1024 -80 ) 
4 135 145 (-1024 -1024 -192 ) (-1024 -1024 624 ) (-1184 -1024 624 ) (-1184 -1024 -192 ) 
4 136 143 (0 -1408 512 ) (0 -1408 624 ) (-496 -1408 624 ) (-496 -1408 512 ) 
4 136 142 (-496 -1024 624 ) (-496 -1024 512 ) (-496 -1408 512 ) (-496 -1408 624 ) 
4 137 140 (-192 -1168 368 ) (-192 -1040 368 ) (-192 -1040 128 ) (-192 -1168 128 ) 
4 137 138 (0 -1168 128 ) (-64.002914 -1168 128 ) (-64.002914 -1040 128 ) (0 -1040 128 ) 
4 137 139 (-192 -1168 368 ) (-192 -1168 128 ) (0 -1168 128 ) (0 -1168 368 ) 
3 138 139 (0 -1168 85.331390 ) (0 -1168 128 ) (-64.002914 -1168 128 ) 
4 139 143 (0 -1408 0 ) (0 -1408 368 ) (-192 -1408 368 ) (-192 -1408 0 ) 
4 139 140 (-192 -1408 128 ) (-192 -1408 368 ) (-192 -1168 368 ) (-192 -1168 128 ) 
4 140 143 (-192 -1408 128 ) (-192 -1408 368 ) (-208 -1408 368 ) (-208 -1408 128 ) 
4 140 141 (-208 -1408 128 ) (-208 -1408 368 ) (-208 -1040 368 ) (-208 -1040 128 ) 
4 141 143 (-208 -1408 128 ) (-208 -1408 368 ) (-496 -1408 368 ) (-496 -1408 128 ) 
4 142 145 (-1024 -1024 624 ) (-1024 -1024 512 ) (-1024 -1408 512 ) (-1024 -1408 624 ) 
4 142 143 (-496 -1408 512 ) (-496 -1408 624 ) (-1024 -1408 624 ) (-1024 -1408 512 ) 
4 143 145 (-1024 -1408 -16 ) (-1024 -1776 -16 ) (-1024 -1776 624 ) (-1024 -1408 624 ) 
4 143 144 (-1024 -1776 -16 ) (-1024 -1408 -16 ) (0 -1408 -16 ) (0 -1776 -16 ) 
4 144 145 (-1024 -1024 -16 ) (-1024 -1024 -192 ) (-1024 -1776 -192 ) (-1024 -1776 -16 ) 
