


materialPath: D:\Program Files (x86)\Steam\steamapps\common\Team Fortress 2\tf\materials
Loading d:\documents\mapping\tf2\tf2-maps\highway\a2\koth_highway_a2.vmf
ConVarRef mat_reduceparticles doesn't point to an existing ConVar
fixing up env_cubemap materials on brush sides...
0...1...2...3...4...5...6...7...8...9...10**** leaked ****
Entity light_environment (2192.00 -1536.00 96.00) leaked!
Processing areas...done (0)
Building Faces...done (0)
Chop Details...done (0)
Find Visible Detail Sides...done (0)
Merging details...done (0)
FixTjuncs...
PruneNodes...
WriteBSP...
done (0)
*** Error: Skybox vtf files for skybox/sky_gravel_01 weren't compiled with the same size texture and/or same flags!
Can't load skybox file skybox/sky_gravel_01 to build the default cubemap!
*** Error: Skybox vtf files for skybox/sky_gravel_01 weren't compiled with the same size texture and/or same flags!
Can't load skybox file skybox/sky_gravel_01 to build the default cubemap!
Finding displacement neighbors...
Finding lightmap sample positions...
Displacement Alpha : 0...1...2...3...4...5...6...7...8...9...10
Building Physics collision data...
done (0) (65540 bytes)
Placing detail props : 0...1...2...3...4...5...6...7...8...9...10
Compacting texture/material tables...
Reduced 188 texinfos to 104
Reduced 13 texdatas to 12 (276 bytes to 258)
Writing d:\documents\mapping\tf2\tf2-maps\highway\a2\koth_highway_a2.bsp
MSG_FILEWRITE - Filesystem was asked to write to 'd:\documents\mapping\tf2\tf2-maps\highway\a2\koth_highway_a2.bsp', but we don't own that location. Allowing.
ZIP Output overshot buffer estimate: Estimated 0, actual 54
0 seconds elapsed



4 threads
reading d:\documents\mapping\tf2\tf2-maps\highway\a2\koth_highway_a2.bsp
reading d:\documents\mapping\tf2\tf2-maps\highway\a2\koth_highway_a2.prt
LoadPortals: couldn't read d:\documents\mapping\tf2\tf2-maps\highway\a2\koth_highway_a2.prt



[Reading texlights from 'lights.rad']
[56 texlights parsed from 'lights.rad']

Loading d:\documents\mapping\tf2\tf2-maps\highway\a2\koth_highway_a2.bsp
No vis information, direct lighting only.
1044 faces
1000465 square feet [144067024.00 square inches]
0 Displacements
0 Square Feet [0.00 Square Inches]
16 direct lights
0...1...2...3...4...5...6...7...8...9...10Build Patch/Sample Hash Table(s).....Done<0.0058 sec>
0...1...2...3...4...5...6...7...8...9...10FinalLightFace Done
0 of 0 (0% of) surface lights went in leaf ambient cubes.
0...1...2...3...4...5...6...7...8...9...10Writing leaf ambient...done
Ready to Finish

Object names       Objects/Maxobjs  Memory / Maxmem  Fullness 
------------       ---------------  ---------------  -------- 
models                  28/1024         1344/49152    ( 2.7%) 
brushes                168/8192         2016/98304    ( 2.1%) 
brushsides            1081/65536        8648/524288   ( 1.6%) 
planes                 542/65536       10840/1310720  ( 0.8%) 
vertexes              1540/65536       18480/786432   ( 2.3%) 
nodes                  755/65536       24160/2097152  ( 1.2%) 
texinfos               104/12288        7488/884736   ( 0.8%) 
texdata                 12/2048          384/65536    ( 0.6%) 
dispinfos                0/0               0/0        ( 0.0%) 
disp_verts               0/0               0/0        ( 0.0%) 
disp_tris                0/0               0/0        ( 0.0%) 
disp_lmsamples           0/0               0/0        ( 0.0%) 
faces                 1044/65536       58464/3670016  ( 1.6%) 
hdr faces                0/65536           0/3670016  ( 0.0%) 
origfaces              521/65536       29176/3670016  ( 0.8%) 
leaves                 784/65536       25088/2097152  ( 1.2%) 
leaffaces             1189/65536        2378/131072   ( 1.8%) 
leafbrushes            339/65536         678/131072   ( 0.5%) 
areas                    2/256            16/2048     ( 0.8%) 
surfedges             6909/512000      27636/2048000  ( 1.3%) 
edges                 3862/256000      15448/1024000  ( 1.5%) 
LDR worldlights         16/8192         1408/720896   ( 0.2%) 
HDR worldlights          0/8192            0/720896   ( 0.0%) 
leafwaterdata            0/32768           0/393216   ( 0.0%) 
waterstrips             75/32768         750/327680   ( 0.2%) 
waterverts               0/65536           0/786432   ( 0.0%) 
waterindices          1029/65536        2058/131072   ( 1.6%) 
cubemapsamples           0/1024            0/16384    ( 0.0%) 
overlays                 0/512             0/180224   ( 0.0%) 
LDR lightdata         [variable]      734032/0        ( 0.0%) 
HDR lightdata         [variable]           0/0        ( 0.0%) 
visdata               [variable]           0/16777216 ( 0.0%) 
entdata               [variable]       29861/393216   ( 7.6%) 
LDR ambient table      784/65536        3136/262144   ( 1.2%) 
HDR ambient table      784/65536        3136/262144   ( 1.2%) 
LDR leaf ambient      5889/65536      164892/1835008  ( 9.0%) 
HDR leaf ambient       784/65536       21952/1835008  ( 1.2%) 
occluders                0/0               0/0        ( 0.0%) 
occluder polygons        0/0               0/0        ( 0.0%) 
occluder vert ind        0/0               0/0        ( 0.0%) 
detail props          [variable]           1/12       ( 8.3%) 
static props          [variable]           1/2614     ( 0.0%) 
pakfile               [variable]          54/0        ( 0.0%) 
physics               [variable]       65540/4194304  ( 1.6%) 
physics terrain       [variable]           2/1048576  ( 0.0%) 

Level flags = 0

Total triangle count: 2726
Writing d:\documents\mapping\tf2\tf2-maps\highway\a2\koth_highway_a2.bsp
ZIP Output overshot buffer estimate: Estimated 0, actual 54
4 seconds elapsed



materialPath: D:\Program Files (x86)\Steam\steamapps\common\Team Fortress 2\tf\materials
Loading d:\documents\mapping\tf2\tf2-maps\highway\a2\koth_highway_a2.vmf
ConVarRef mat_reduceparticles doesn't point to an existing ConVar
fixing up env_cubemap materials on brush sides...
0...1...2...3...4...5...6...7...8...9...10**** leaked ****
Entity prop_dynamic (-3059.00 -240.00 384.00) leaked!
Processing areas...done (0)
Building Faces...done (0)
Chop Details...done (0)
Find Visible Detail Sides...done (0)
Merging details...done (0)
FixTjuncs...
PruneNodes...
WriteBSP...
done (0)
*** Error: Skybox vtf files for skybox/sky_gravel_01 weren't compiled with the same size texture and/or same flags!
Can't load skybox file skybox/sky_gravel_01 to build the default cubemap!
*** Error: Skybox vtf files for skybox/sky_gravel_01 weren't compiled with the same size texture and/or same flags!
Can't load skybox file skybox/sky_gravel_01 to build the default cubemap!
Finding displacement neighbors...
Finding lightmap sample positions...
Displacement Alpha : 0...1...2...3...4...5...6...7...8...9...10
Building Physics collision data...
done (0) (89708 bytes)
Placing detail props : 0...1...2...3...4...5...6...7...8...9...10
Compacting texture/material tables...
Reduced 237 texinfos to 132
Reduced 14 texdatas to 13 (296 bytes to 278)
Writing d:\documents\mapping\tf2\tf2-maps\highway\a2\koth_highway_a2.bsp
MSG_FILEWRITE - Filesystem was asked to write to 'd:\documents\mapping\tf2\tf2-maps\highway\a2\koth_highway_a2.bsp', but we don't own that location. Allowing.
ZIP Output overshot buffer estimate: Estimated 0, actual 54
0 seconds elapsed



4 threads
reading d:\documents\mapping\tf2\tf2-maps\highway\a2\koth_highway_a2.bsp
reading d:\documents\mapping\tf2\tf2-maps\highway\a2\koth_highway_a2.prt
LoadPortals: couldn't read d:\documents\mapping\tf2\tf2-maps\highway\a2\koth_highway_a2.prt



[Reading texlights from 'lights.rad']
[56 texlights parsed from 'lights.rad']

Loading d:\documents\mapping\tf2\tf2-maps\highway\a2\koth_highway_a2.bsp
No vis information, direct lighting only.
1353 faces
1006583 square feet [144948032.00 square inches]
0 Displacements
0 Square Feet [0.00 Square Inches]
24 direct lights
0...1...2...3...4...5...6...7...8...9...10Build Patch/Sample Hash Table(s).....Done<0.0090 sec>
0...1...2...3...4...5...6...7...8...9...10FinalLightFace Done
0 of 0 (0% of) surface lights went in leaf ambient cubes.
0...1...2...3...4...5...6...7...8...9...10Writing leaf ambient...done
Ready to Finish

Object names       Objects/Maxobjs  Memory / Maxmem  Fullness 
------------       ---------------  ---------------  -------- 
models                  25/1024         1200/49152    ( 2.4%) 
brushes                248/8192         2976/98304    ( 3.0%) 
brushsides            1553/65536       12424/524288   ( 2.4%) 
planes                 576/65536       11520/1310720  ( 0.9%) 
vertexes              2002/65536       24024/786432   ( 3.1%) 
nodes                  946/65536       30272/2097152  ( 1.4%) 
texinfos               132/12288        9504/884736   ( 1.1%) 
texdata                 13/2048          416/65536    ( 0.6%) 
dispinfos                0/0               0/0        ( 0.0%) 
disp_verts               0/0               0/0        ( 0.0%) 
disp_tris                0/0               0/0        ( 0.0%) 
disp_lmsamples           0/0               0/0        ( 0.0%) 
faces                 1353/65536       75768/3670016  ( 2.1%) 
hdr faces                0/65536           0/3670016  ( 0.0%) 
origfaces              654/65536       36624/3670016  ( 1.0%) 
leaves                 972/65536       31104/2097152  ( 1.5%) 
leaffaces             1563/65536        3126/131072   ( 2.4%) 
leafbrushes            513/65536        1026/131072   ( 0.8%) 
areas                    2/256            16/2048     ( 0.8%) 
surfedges             8860/512000      35440/2048000  ( 1.7%) 
edges                 4977/256000      19908/1024000  ( 1.9%) 
LDR worldlights         24/8192         2112/720896   ( 0.3%) 
HDR worldlights          0/8192            0/720896   ( 0.0%) 
leafwaterdata            0/32768           0/393216   ( 0.0%) 
waterstrips            107/32768        1070/327680   ( 0.3%) 
waterverts               0/65536           0/786432   ( 0.0%) 
waterindices          1464/65536        2928/131072   ( 2.2%) 
cubemapsamples           0/1024            0/16384    ( 0.0%) 
overlays                 0/512             0/180224   ( 0.0%) 
LDR lightdata         [variable]     1124884/0        ( 0.0%) 
HDR lightdata         [variable]           0/0        ( 0.0%) 
visdata               [variable]           0/16777216 ( 0.0%) 
entdata               [variable]       29564/393216   ( 7.5%) 
LDR ambient table      972/65536        3888/262144   ( 1.5%) 
HDR ambient table      972/65536        3888/262144   ( 1.5%) 
LDR leaf ambient      7376/65536      206528/1835008  (11.3%) 
HDR leaf ambient       972/65536       27216/1835008  ( 1.5%) 
occluders                0/0               0/0        ( 0.0%) 
occluder polygons        0/0               0/0        ( 0.0%) 
occluder vert ind        0/0               0/0        ( 0.0%) 
detail props          [variable]           1/12       ( 8.3%) 
static props          [variable]           1/5430     ( 0.0%) 
pakfile               [variable]          54/0        ( 0.0%) 
physics               [variable]       89708/4194304  ( 2.1%) 
physics terrain       [variable]           2/1048576  ( 0.0%) 

Level flags = 0

Total triangle count: 3554
Writing d:\documents\mapping\tf2\tf2-maps\highway\a2\koth_highway_a2.bsp
ZIP Output overshot buffer estimate: Estimated 0, actual 54
6 seconds elapsed



materialPath: D:\Program Files (x86)\Steam\steamapps\common\Team Fortress 2\tf\materials
Loading d:\documents\mapping\tf2\tf2-maps\highway\a2\koth_highway_a2.vmf
ConVarRef mat_reduceparticles doesn't point to an existing ConVar
fixing up env_cubemap materials on brush sides...
0...1...2...3...4...5...6...7...8...9...10**** leaked ****
Entity prop_dynamic (-3059.00 -240.00 384.00) leaked!
Processing areas...done (0)
Building Faces...done (0)
Chop Details...done (0)
Find Visible Detail Sides...done (0)
Merging details...done (0)
FixTjuncs...
PruneNodes...
WriteBSP...
done (0)
*** Error: Skybox vtf files for skybox/sky_gravel_01 weren't compiled with the same size texture and/or same flags!
Can't load skybox file skybox/sky_gravel_01 to build the default cubemap!
*** Error: Skybox vtf files for skybox/sky_gravel_01 weren't compiled with the same size texture and/or same flags!
Can't load skybox file skybox/sky_gravel_01 to build the default cubemap!
Finding displacement neighbors...
Finding lightmap sample positions...
Displacement Alpha : 0...1...2...3...4...5...6...7...8...9...10
Building Physics collision data...
done (0) (92324 bytes)
Placing detail props : 0...1...2...3...4...5...6...7...8...9...10
Compacting texture/material tables...
Reduced 248 texinfos to 141
Reduced 15 texdatas to 14 (325 bytes to 307)
Writing d:\documents\mapping\tf2\tf2-maps\highway\a2\koth_highway_a2.bsp
MSG_FILEWRITE - Filesystem was asked to write to 'd:\documents\mapping\tf2\tf2-maps\highway\a2\koth_highway_a2.bsp', but we don't own that location. Allowing.
ZIP Output overshot buffer estimate: Estimated 0, actual 54
0 seconds elapsed



4 threads
reading d:\documents\mapping\tf2\tf2-maps\highway\a2\koth_highway_a2.bsp
reading d:\documents\mapping\tf2\tf2-maps\highway\a2\koth_highway_a2.prt
LoadPortals: couldn't read d:\documents\mapping\tf2\tf2-maps\highway\a2\koth_highway_a2.prt



[Reading texlights from 'lights.rad']
[56 texlights parsed from 'lights.rad']

Loading d:\documents\mapping\tf2\tf2-maps\highway\a2\koth_highway_a2.bsp
No vis information, direct lighting only.
1382 faces
1012801 square feet [145843472.00 square inches]
0 Displacements
0 Square Feet [0.00 Square Inches]
24 direct lights
0...1...2...3...4...5...6...7...8...9...10Build Patch/Sample Hash Table(s).....Done<0.0090 sec>
0...1...2...3...4...5...6...7...8...9...10FinalLightFace Done
0 of 0 (0% of) surface lights went in leaf ambient cubes.
0...1...2...3...4...5...6...7...8...9...10Writing leaf ambient...done
Ready to Finish

Object names       Objects/Maxobjs  Memory / Maxmem  Fullness 
------------       ---------------  ---------------  -------- 
models                  25/1024         1200/49152    ( 2.4%) 
brushes                255/8192         3060/98304    ( 3.1%) 
brushsides            1591/65536       12728/524288   ( 2.4%) 
planes                 584/65536       11680/1310720  ( 0.9%) 
vertexes              2037/65536       24444/786432   ( 3.1%) 
nodes                  977/65536       31264/2097152  ( 1.5%) 
texinfos               141/12288       10152/884736   ( 1.1%) 
texdata                 14/2048          448/65536    ( 0.7%) 
dispinfos                0/0               0/0        ( 0.0%) 
disp_verts               0/0               0/0        ( 0.0%) 
disp_tris                0/0               0/0        ( 0.0%) 
disp_lmsamples           0/0               0/0        ( 0.0%) 
faces                 1382/65536       77392/3670016  ( 2.1%) 
hdr faces                0/65536           0/3670016  ( 0.0%) 
origfaces              667/65536       37352/3670016  ( 1.0%) 
leaves                1003/65536       32096/2097152  ( 1.5%) 
leaffaces             1594/65536        3188/131072   ( 2.4%) 
leafbrushes            539/65536        1078/131072   ( 0.8%) 
areas                    2/256            16/2048     ( 0.8%) 
surfedges             9064/512000      36256/2048000  ( 1.8%) 
edges                 5087/256000      20348/1024000  ( 2.0%) 
LDR worldlights         24/8192         2112/720896   ( 0.3%) 
HDR worldlights          0/8192            0/720896   ( 0.0%) 
leafwaterdata            0/32768           0/393216   ( 0.0%) 
waterstrips            109/32768        1090/327680   ( 0.3%) 
waterverts               0/65536           0/786432   ( 0.0%) 
waterindices          1518/65536        3036/131072   ( 2.3%) 
cubemapsamples           0/1024            0/16384    ( 0.0%) 
overlays                 2/512           704/180224   ( 0.4%) 
LDR lightdata         [variable]     1142140/0        ( 0.0%) 
HDR lightdata         [variable]           0/0        ( 0.0%) 
visdata               [variable]           0/16777216 ( 0.0%) 
entdata               [variable]       29564/393216   ( 7.5%) 
LDR ambient table     1003/65536        4012/262144   ( 1.5%) 
HDR ambient table     1003/65536        4012/262144   ( 1.5%) 
LDR leaf ambient      7523/65536      210644/1835008  (11.5%) 
HDR leaf ambient      1003/65536       28084/1835008  ( 1.5%) 
occluders                0/0               0/0        ( 0.0%) 
occluder polygons        0/0               0/0        ( 0.0%) 
occluder vert ind        0/0               0/0        ( 0.0%) 
detail props          [variable]           1/12       ( 8.3%) 
static props          [variable]           1/5694     ( 0.0%) 
pakfile               [variable]          54/0        ( 0.0%) 
physics               [variable]       92324/4194304  ( 2.2%) 
physics terrain       [variable]           2/1048576  ( 0.0%) 

Level flags = 0

Total triangle count: 3648
Writing d:\documents\mapping\tf2\tf2-maps\highway\a2\koth_highway_a2.bsp
ZIP Output overshot buffer estimate: Estimated 0, actual 54
6 seconds elapsed



materialPath: D:\Program Files (x86)\Steam\steamapps\common\Team Fortress 2\tf\materials
Loading D:\Documents\Mapping\tf2\TF2-Maps\Highway\A2\koth_highway_a2.vmf
ConVarRef mat_reduceparticles doesn't point to an existing ConVar
fixing up env_cubemap materials on brush sides...
0...1...2...3...4...5...6...7...8...9...10**** leaked ****
Entity prop_dynamic (-3059.00 -240.00 384.00) leaked!
Processing areas...done (0)
Building Faces...done (0)
Chop Details...done (0)
Find Visible Detail Sides...done (0)
Merging details...done (0)
FixTjuncs...
PruneNodes...
WriteBSP...
done (0)
*** Error: Skybox vtf files for skybox/sky_gravel_01 weren't compiled with the same size texture and/or same flags!
Can't load skybox file skybox/sky_gravel_01 to build the default cubemap!
*** Error: Skybox vtf files for skybox/sky_gravel_01 weren't compiled with the same size texture and/or same flags!
Can't load skybox file skybox/sky_gravel_01 to build the default cubemap!
Finding displacement neighbors...
Finding lightmap sample positions...
Displacement Alpha : 0...1...2...3...4...5...6...7...8...9...10
Building Physics collision data...
done (0) (92324 bytes)
Placing detail props : 0...1...2...3...4...5...6...7...8...9...10
Compacting texture/material tables...
Reduced 248 texinfos to 141
Reduced 15 texdatas to 14 (325 bytes to 307)
Writing D:\Documents\Mapping\tf2\TF2-Maps\Highway\A2\koth_highway_a2.bsp
MSG_FILEWRITE - Filesystem was asked to write to 'D:\Documents\Mapping\tf2\TF2-Maps\Highway\A2\koth_highway_a2.bsp', but we don't own that location. Allowing.
ZIP Output overshot buffer estimate: Estimated 0, actual 54
0 seconds elapsed



4 threads
reading d:\documents\mapping\tf2\tf2-maps\highway\a2\koth_highway_a2.bsp
reading d:\documents\mapping\tf2\tf2-maps\highway\a2\koth_highway_a2.prt
LoadPortals: couldn't read d:\documents\mapping\tf2\tf2-maps\highway\a2\koth_highway_a2.prt



[Reading texlights from 'lights.rad']
[56 texlights parsed from 'lights.rad']

Loading d:\documents\mapping\tf2\tf2-maps\highway\a2\koth_highway_a2.bsp
No vis information, direct lighting only.
1382 faces
1012801 square feet [145843472.00 square inches]
0 Displacements
0 Square Feet [0.00 Square Inches]
24 direct lights
0...1...2...3...4...5...6...7...8...9...10Build Patch/Sample Hash Table(s).....Done<0.0094 sec>
0...1...2...3...4...5...6...7...8...9...10FinalLightFace Done
0 of 0 (0% of) surface lights went in leaf ambient cubes.
0...1...2...3...4...5...6...7...8...9...10Writing leaf ambient...done
Computing static prop lighting : 00...1...2...3...4...5...6...7...8...9...10
Ready to Finish

Object names       Objects/Maxobjs  Memory / Maxmem  Fullness 
------------       ---------------  ---------------  -------- 
models                  25/1024         1200/49152    ( 2.4%) 
brushes                255/8192         3060/98304    ( 3.1%) 
brushsides            1591/65536       12728/524288   ( 2.4%) 
planes                 584/65536       11680/1310720  ( 0.9%) 
vertexes              2037/65536       24444/786432   ( 3.1%) 
nodes                  977/65536       31264/2097152  ( 1.5%) 
texinfos               141/12288       10152/884736   ( 1.1%) 
texdata                 14/2048          448/65536    ( 0.7%) 
dispinfos                0/0               0/0        ( 0.0%) 
disp_verts               0/0               0/0        ( 0.0%) 
disp_tris                0/0               0/0        ( 0.0%) 
disp_lmsamples           0/0               0/0        ( 0.0%) 
faces                 1382/65536       77392/3670016  ( 2.1%) 
hdr faces                0/65536           0/3670016  ( 0.0%) 
origfaces              667/65536       37352/3670016  ( 1.0%) 
leaves                1003/65536       32096/2097152  ( 1.5%) 
leaffaces             1594/65536        3188/131072   ( 2.4%) 
leafbrushes            539/65536        1078/131072   ( 0.8%) 
areas                    2/256            16/2048     ( 0.8%) 
surfedges             9064/512000      36256/2048000  ( 1.8%) 
edges                 5087/256000      20348/1024000  ( 2.0%) 
LDR worldlights         24/8192         2112/720896   ( 0.3%) 
HDR worldlights          0/8192            0/720896   ( 0.0%) 
leafwaterdata            0/32768           0/393216   ( 0.0%) 
waterstrips            109/32768        1090/327680   ( 0.3%) 
waterverts               0/65536           0/786432   ( 0.0%) 
waterindices          1518/65536        3036/131072   ( 2.3%) 
cubemapsamples           0/1024            0/16384    ( 0.0%) 
overlays                 2/512           704/180224   ( 0.4%) 
LDR lightdata         [variable]     1142140/0        ( 0.0%) 
HDR lightdata         [variable]           0/0        ( 0.0%) 
visdata               [variable]           0/16777216 ( 0.0%) 
entdata               [variable]       29564/393216   ( 7.5%) 
LDR ambient table     1003/65536        4012/262144   ( 1.5%) 
HDR ambient table     1003/65536        4012/262144   ( 1.5%) 
LDR leaf ambient      7534/65536      210952/1835008  (11.5%) 
HDR leaf ambient      1003/65536       28084/1835008  ( 1.5%) 
occluders                0/0               0/0        ( 0.0%) 
occluder polygons        0/0               0/0        ( 0.0%) 
occluder vert ind        0/0               0/0        ( 0.0%) 
detail props          [variable]           1/12       ( 8.3%) 
static props          [variable]           1/5694     ( 0.0%) 
pakfile               [variable]      275822/0        ( 0.0%) 
physics               [variable]       92324/4194304  ( 2.2%) 
physics terrain       [variable]           2/1048576  ( 0.0%) 

Level flags = 1

Total triangle count: 3648
Writing d:\documents\mapping\tf2\tf2-maps\highway\a2\koth_highway_a2.bsp
55 seconds elapsed



materialPath: D:\Program Files (x86)\Steam\steamapps\common\Team Fortress 2\tf\materials
Loading d:\documents\mapping\tf2\tf2-maps\highway\a2\koth_highway_a2.vmf
ConVarRef mat_reduceparticles doesn't point to an existing ConVar
fixing up env_cubemap materials on brush sides...
0...1...2...3...4...5...6...7...8...9...10**** leaked ****
Entity prop_dynamic (-3059.00 -240.00 384.00) leaked!
Processing areas...done (0)
Building Faces...done (0)
Chop Details...done (0)
Find Visible Detail Sides...done (0)
Merging details...done (0)
FixTjuncs...
PruneNodes...
WriteBSP...
done (0)
*** Error: Skybox vtf files for skybox/sky_gravel_01 weren't compiled with the same size texture and/or same flags!
Can't load skybox file skybox/sky_gravel_01 to build the default cubemap!
*** Error: Skybox vtf files for skybox/sky_gravel_01 weren't compiled with the same size texture and/or same flags!
Can't load skybox file skybox/sky_gravel_01 to build the default cubemap!
Finding displacement neighbors...
Finding lightmap sample positions...
Displacement Alpha : 0...1...2...3...4...5...6...7...8...9...10
Building Physics collision data...
done (0) (95376 bytes)
Placing detail props : 0...1...2...3...4...5...6...7...8...9...10
Compacting texture/material tables...
Reduced 248 texinfos to 137
Reduced 15 texdatas to 14 (325 bytes to 307)
Writing d:\documents\mapping\tf2\tf2-maps\highway\a2\koth_highway_a2.bsp
MSG_FILEWRITE - Filesystem was asked to write to 'd:\documents\mapping\tf2\tf2-maps\highway\a2\koth_highway_a2.bsp', but we don't own that location. Allowing.
ZIP Output overshot buffer estimate: Estimated 0, actual 54
0 seconds elapsed



4 threads
reading d:\documents\mapping\tf2\tf2-maps\highway\a2\koth_highway_a2.bsp
reading d:\documents\mapping\tf2\tf2-maps\highway\a2\koth_highway_a2.prt
LoadPortals: couldn't read d:\documents\mapping\tf2\tf2-maps\highway\a2\koth_highway_a2.prt



[Reading texlights from 'lights.rad']
[56 texlights parsed from 'lights.rad']

Loading d:\documents\mapping\tf2\tf2-maps\highway\a2\koth_highway_a2.bsp
No vis information, direct lighting only.
1292 faces
957888 square feet [137936000.00 square inches]
0 Displacements
0 Square Feet [0.00 Square Inches]
24 direct lights
0...1...2...3...4...5...6...7...8...9...10Build Patch/Sample Hash Table(s).....Done<0.0074 sec>
0...1...2...3...4...5...6...7...8...9...10FinalLightFace Done
0 of 0 (0% of) surface lights went in leaf ambient cubes.
0...1...2...3...4...5...6...7...8...9...10Writing leaf ambient...done
Ready to Finish

Object names       Objects/Maxobjs  Memory / Maxmem  Fullness 
------------       ---------------  ---------------  -------- 
models                  26/1024         1248/49152    ( 2.5%) 
brushes                260/8192         3120/98304    ( 3.2%) 
brushsides            1637/65536       13096/524288   ( 2.5%) 
planes                 616/65536       12320/1310720  ( 0.9%) 
vertexes              1952/65536       23424/786432   ( 3.0%) 
nodes                  960/65536       30720/2097152  ( 1.5%) 
texinfos               137/12288        9864/884736   ( 1.1%) 
texdata                 14/2048          448/65536    ( 0.7%) 
dispinfos                0/0               0/0        ( 0.0%) 
disp_verts               0/0               0/0        ( 0.0%) 
disp_tris                0/0               0/0        ( 0.0%) 
disp_lmsamples           0/0               0/0        ( 0.0%) 
faces                 1292/65536       72352/3670016  ( 2.0%) 
hdr faces                0/65536           0/3670016  ( 0.0%) 
origfaces              693/65536       38808/3670016  ( 1.1%) 
leaves                 987/65536       31584/2097152  ( 1.5%) 
leaffaces             1535/65536        3070/131072   ( 2.3%) 
leafbrushes            511/65536        1022/131072   ( 0.8%) 
areas                    2/256            16/2048     ( 0.8%) 
surfedges             8786/512000      35144/2048000  ( 1.7%) 
edges                 4960/256000      19840/1024000  ( 1.9%) 
LDR worldlights         24/8192         2112/720896   ( 0.3%) 
HDR worldlights          0/8192            0/720896   ( 0.0%) 
leafwaterdata            0/32768           0/393216   ( 0.0%) 
waterstrips            108/32768        1080/327680   ( 0.3%) 
waterverts               0/65536           0/786432   ( 0.0%) 
waterindices          1440/65536        2880/131072   ( 2.2%) 
cubemapsamples           0/1024            0/16384    ( 0.0%) 
overlays                 2/512           704/180224   ( 0.4%) 
LDR lightdata         [variable]      989928/0        ( 0.0%) 
HDR lightdata         [variable]           0/0        ( 0.0%) 
visdata               [variable]           0/16777216 ( 0.0%) 
entdata               [variable]       32152/393216   ( 8.2%) 
LDR ambient table      987/65536        3948/262144   ( 1.5%) 
HDR ambient table      987/65536        3948/262144   ( 1.5%) 
LDR leaf ambient      7512/65536      210336/1835008  (11.5%) 
HDR leaf ambient       987/65536       27636/1835008  ( 1.5%) 
occluders                0/0               0/0        ( 0.0%) 
occluder polygons        0/0               0/0        ( 0.0%) 
occluder vert ind        0/0               0/0        ( 0.0%) 
detail props          [variable]           1/12       ( 8.3%) 
static props          [variable]           1/5662     ( 0.0%) 
pakfile               [variable]          54/0        ( 0.0%) 
physics               [variable]       95376/4194304  ( 2.3%) 
physics terrain       [variable]           2/1048576  ( 0.0%) 

Level flags = 0

Total triangle count: 3422
Writing d:\documents\mapping\tf2\tf2-maps\highway\a2\koth_highway_a2.bsp
ZIP Output overshot buffer estimate: Estimated 0, actual 54
5 seconds elapsed



materialPath: D:\Program Files (x86)\Steam\steamapps\common\Team Fortress 2\tf\materials
Loading d:\documents\mapping\tf2\tf2-maps\highway\a2\koth_highway_a2.vmf
ConVarRef mat_reduceparticles doesn't point to an existing ConVar
fixing up env_cubemap materials on brush sides...
0...1...2...3...4...5...6...7...8...9...10**** leaked ****
Entity prop_dynamic (-3059.00 -240.00 384.00) leaked!
Processing areas...done (0)
Building Faces...done (0)
Chop Details...done (0)
Find Visible Detail Sides...done (0)
Merging details...done (0)
FixTjuncs...
PruneNodes...
WriteBSP...
done (0)
*** Error: Skybox vtf files for skybox/sky_gravel_01 weren't compiled with the same size texture and/or same flags!
Can't load skybox file skybox/sky_gravel_01 to build the default cubemap!
*** Error: Skybox vtf files for skybox/sky_gravel_01 weren't compiled with the same size texture and/or same flags!
Can't load skybox file skybox/sky_gravel_01 to build the default cubemap!
Finding displacement neighbors...
Finding lightmap sample positions...
Displacement Alpha : 0...1...2...3...4...5...6...7...8...9...10
Building Physics collision data...
done (0) (96848 bytes)
Placing detail props : 0...1...2...3...4...5...6...7...8...9...10
Compacting texture/material tables...
Reduced 251 texinfos to 137
Reduced 15 texdatas to 14 (325 bytes to 307)
Writing d:\documents\mapping\tf2\tf2-maps\highway\a2\koth_highway_a2.bsp
MSG_FILEWRITE - Filesystem was asked to write to 'd:\documents\mapping\tf2\tf2-maps\highway\a2\koth_highway_a2.bsp', but we don't own that location. Allowing.
ZIP Output overshot buffer estimate: Estimated 0, actual 54
0 seconds elapsed



4 threads
reading d:\documents\mapping\tf2\tf2-maps\highway\a2\koth_highway_a2.bsp
reading d:\documents\mapping\tf2\tf2-maps\highway\a2\koth_highway_a2.prt
LoadPortals: couldn't read d:\documents\mapping\tf2\tf2-maps\highway\a2\koth_highway_a2.prt



[Reading texlights from 'lights.rad']
[56 texlights parsed from 'lights.rad']

Loading d:\documents\mapping\tf2\tf2-maps\highway\a2\koth_highway_a2.bsp
No vis information, direct lighting only.
1306 faces
957997 square feet [137951696.00 square inches]
0 Displacements
0 Square Feet [0.00 Square Inches]
24 direct lights
0...1...2...3...4...5...6...7...8...9...10Build Patch/Sample Hash Table(s).....Done<0.0078 sec>
0...1...2...3...4...5...6...7...8...9...10FinalLightFace Done
0 of 0 (0% of) surface lights went in leaf ambient cubes.
0...1...2...3...4...5...6...7...8...9...10Writing leaf ambient...done
Ready to Finish

Object names       Objects/Maxobjs  Memory / Maxmem  Fullness 
------------       ---------------  ---------------  -------- 
models                  26/1024         1248/49152    ( 2.5%) 
brushes                264/8192         3168/98304    ( 3.2%) 
brushsides            1661/65536       13288/524288   ( 2.5%) 
planes                 620/65536       12400/1310720  ( 0.9%) 
vertexes              1972/65536       23664/786432   ( 3.0%) 
nodes                  970/65536       31040/2097152  ( 1.5%) 
texinfos               137/12288        9864/884736   ( 1.1%) 
texdata                 14/2048          448/65536    ( 0.7%) 
dispinfos                0/0               0/0        ( 0.0%) 
disp_verts               0/0               0/0        ( 0.0%) 
disp_tris                0/0               0/0        ( 0.0%) 
disp_lmsamples           0/0               0/0        ( 0.0%) 
faces                 1306/65536       73136/3670016  ( 2.0%) 
hdr faces                0/65536           0/3670016  ( 0.0%) 
origfaces              700/65536       39200/3670016  ( 1.1%) 
leaves                 997/65536       31904/2097152  ( 1.5%) 
leaffaces             1555/65536        3110/131072   ( 2.4%) 
leafbrushes            517/65536        1034/131072   ( 0.8%) 
areas                    2/256            16/2048     ( 0.8%) 
surfedges             8880/512000      35520/2048000  ( 1.7%) 
edges                 5013/256000      20052/1024000  ( 2.0%) 
LDR worldlights         24/8192         2112/720896   ( 0.3%) 
HDR worldlights          0/8192            0/720896   ( 0.0%) 
leafwaterdata            0/32768           0/393216   ( 0.0%) 
waterstrips            107/32768        1070/327680   ( 0.3%) 
waterverts               0/65536           0/786432   ( 0.0%) 
waterindices          1452/65536        2904/131072   ( 2.2%) 
cubemapsamples           0/1024            0/16384    ( 0.0%) 
overlays                 2/512           704/180224   ( 0.4%) 
LDR lightdata         [variable]      990748/0        ( 0.0%) 
HDR lightdata         [variable]           0/0        ( 0.0%) 
visdata               [variable]           0/16777216 ( 0.0%) 
entdata               [variable]       31796/393216   ( 8.1%) 
LDR ambient table      997/65536        3988/262144   ( 1.5%) 
HDR ambient table      997/65536        3988/262144   ( 1.5%) 
LDR leaf ambient      7620/65536      213360/1835008  (11.6%) 
HDR leaf ambient       997/65536       27916/1835008  ( 1.5%) 
occluders                0/0               0/0        ( 0.0%) 
occluder polygons        0/0               0/0        ( 0.0%) 
occluder vert ind        0/0               0/0        ( 0.0%) 
detail props          [variable]           1/12       ( 8.3%) 
static props          [variable]           1/5660     ( 0.0%) 
pakfile               [variable]          54/0        ( 0.0%) 
physics               [variable]       96848/4194304  ( 2.3%) 
physics terrain       [variable]           2/1048576  ( 0.0%) 

Level flags = 0

Total triangle count: 3460
Writing d:\documents\mapping\tf2\tf2-maps\highway\a2\koth_highway_a2.bsp
ZIP Output overshot buffer estimate: Estimated 0, actual 54
6 seconds elapsed



materialPath: D:\Program Files (x86)\Steam\steamapps\common\Team Fortress 2\tf\materials
Loading d:\documents\mapping\tf2\tf2-maps\highway\a2\koth_highway_a2.vmf
ConVarRef mat_reduceparticles doesn't point to an existing ConVar
fixing up env_cubemap materials on brush sides...
0...1...2...3...4...5...6...7...8...9...10**** leaked ****
Entity prop_dynamic (-3059.00 -240.00 384.00) leaked!
Processing areas...done (0)
Building Faces...done (0)
Chop Details...done (0)
Find Visible Detail Sides...done (0)
Merging details...done (0)
FixTjuncs...
PruneNodes...
WriteBSP...
done (0)
*** Error: Skybox vtf files for skybox/sky_gravel_01 weren't compiled with the same size texture and/or same flags!
Can't load skybox file skybox/sky_gravel_01 to build the default cubemap!
*** Error: Skybox vtf files for skybox/sky_gravel_01 weren't compiled with the same size texture and/or same flags!
Can't load skybox file skybox/sky_gravel_01 to build the default cubemap!
Finding displacement neighbors...
Finding lightmap sample positions...
Displacement Alpha : 0...1...2...3...4...5...6...7...8...9...10
Building Physics collision data...
done (0) (96848 bytes)
Placing detail props : 0...1...2...3...4...5...6...7...8...9...10
Compacting texture/material tables...
Reduced 180 texinfos to 106
Reduced 15 texdatas to 14 (325 bytes to 307)
Writing d:\documents\mapping\tf2\tf2-maps\highway\a2\koth_highway_a2.bsp
MSG_FILEWRITE - Filesystem was asked to write to 'd:\documents\mapping\tf2\tf2-maps\highway\a2\koth_highway_a2.bsp', but we don't own that location. Allowing.
ZIP Output overshot buffer estimate: Estimated 0, actual 54
0 seconds elapsed



4 threads
reading d:\documents\mapping\tf2\tf2-maps\highway\a2\koth_highway_a2.bsp
reading d:\documents\mapping\tf2\tf2-maps\highway\a2\koth_highway_a2.prt
LoadPortals: couldn't read d:\documents\mapping\tf2\tf2-maps\highway\a2\koth_highway_a2.prt



[Reading texlights from 'lights.rad']
[56 texlights parsed from 'lights.rad']

Loading d:\documents\mapping\tf2\tf2-maps\highway\a2\koth_highway_a2.bsp
No vis information, direct lighting only.
1305 faces
958125 square feet [137970128.00 square inches]
0 Displacements
0 Square Feet [0.00 Square Inches]
24 direct lights
0...1...2...3...4...5...6...7...8...9...10Build Patch/Sample Hash Table(s).....Done<0.0077 sec>
0...1...2...3...4...5...6...7...8...9...10FinalLightFace Done
0 of 0 (0% of) surface lights went in leaf ambient cubes.
0...1...2...3...4...5...6...7...8...9...10Writing leaf ambient...done
Ready to Finish

Object names       Objects/Maxobjs  Memory / Maxmem  Fullness 
------------       ---------------  ---------------  -------- 
models                  26/1024         1248/49152    ( 2.5%) 
brushes                264/8192         3168/98304    ( 3.2%) 
brushsides            1661/65536       13288/524288   ( 2.5%) 
planes                 620/65536       12400/1310720  ( 0.9%) 
vertexes              1971/65536       23652/786432   ( 3.0%) 
nodes                  970/65536       31040/2097152  ( 1.5%) 
texinfos               106/12288        7632/884736   ( 0.9%) 
texdata                 14/2048          448/65536    ( 0.7%) 
dispinfos                0/0               0/0        ( 0.0%) 
disp_verts               0/0               0/0        ( 0.0%) 
disp_tris                0/0               0/0        ( 0.0%) 
disp_lmsamples           0/0               0/0        ( 0.0%) 
faces                 1305/65536       73080/3670016  ( 2.0%) 
hdr faces                0/65536           0/3670016  ( 0.0%) 
origfaces              700/65536       39200/3670016  ( 1.1%) 
leaves                 997/65536       31904/2097152  ( 1.5%) 
leaffaces             1552/65536        3104/131072   ( 2.4%) 
leafbrushes            517/65536        1034/131072   ( 0.8%) 
areas                    2/256            16/2048     ( 0.8%) 
surfedges             8876/512000      35504/2048000  ( 1.7%) 
edges                 5011/256000      20044/1024000  ( 2.0%) 
LDR worldlights         24/8192         2112/720896   ( 0.3%) 
HDR worldlights          0/8192            0/720896   ( 0.0%) 
leafwaterdata            0/32768           0/393216   ( 0.0%) 
waterstrips            106/32768        1060/327680   ( 0.3%) 
waterverts               0/65536           0/786432   ( 0.0%) 
waterindices          1443/65536        2886/131072   ( 2.2%) 
cubemapsamples           0/1024            0/16384    ( 0.0%) 
overlays                 2/512           704/180224   ( 0.4%) 
LDR lightdata         [variable]      987484/0        ( 0.0%) 
HDR lightdata         [variable]           0/0        ( 0.0%) 
visdata               [variable]           0/16777216 ( 0.0%) 
entdata               [variable]       31796/393216   ( 8.1%) 
LDR ambient table      997/65536        3988/262144   ( 1.5%) 
HDR ambient table      997/65536        3988/262144   ( 1.5%) 
LDR leaf ambient      7622/65536      213416/1835008  (11.6%) 
HDR leaf ambient       997/65536       27916/1835008  ( 1.5%) 
occluders                0/0               0/0        ( 0.0%) 
occluder polygons        0/0               0/0        ( 0.0%) 
occluder vert ind        0/0               0/0        ( 0.0%) 
detail props          [variable]           1/12       ( 8.3%) 
static props          [variable]           1/5660     ( 0.0%) 
pakfile               [variable]          54/0        ( 0.0%) 
physics               [variable]       96848/4194304  ( 2.3%) 
physics terrain       [variable]           2/1048576  ( 0.0%) 

Level flags = 0

Total triangle count: 3458
Writing d:\documents\mapping\tf2\tf2-maps\highway\a2\koth_highway_a2.bsp
ZIP Output overshot buffer estimate: Estimated 0, actual 54
6 seconds elapsed



materialPath: D:\Program Files (x86)\Steam\steamapps\common\Team Fortress 2\tf\materials
Loading D:\Documents\Mapping\tf2\TF2-Maps\Highway\A2\koth_highway_a2.vmf
ConVarRef mat_reduceparticles doesn't point to an existing ConVar
fixing up env_cubemap materials on brush sides...
0...1...2...3...4...5...6...7...8...9...10**** leaked ****
Entity prop_dynamic (-3059.00 -240.00 384.00) leaked!
Processing areas...done (0)
Building Faces...done (0)
Chop Details...done (0)
Find Visible Detail Sides...done (0)
Merging details...done (0)
FixTjuncs...
PruneNodes...
WriteBSP...
done (0)
*** Error: Skybox vtf files for skybox/sky_gravel_01 weren't compiled with the same size texture and/or same flags!
Can't load skybox file skybox/sky_gravel_01 to build the default cubemap!
*** Error: Skybox vtf files for skybox/sky_gravel_01 weren't compiled with the same size texture and/or same flags!
Can't load skybox file skybox/sky_gravel_01 to build the default cubemap!
Finding displacement neighbors...
Finding lightmap sample positions...
Displacement Alpha : 0...1...2...3...4...5...6...7...8...9...10
Building Physics collision data...
done (0) (96848 bytes)
Placing detail props : 0...1...2...3...4...5...6...7...8...9...10
Compacting texture/material tables...
Reduced 180 texinfos to 106
Reduced 15 texdatas to 14 (325 bytes to 307)
Writing D:\Documents\Mapping\tf2\TF2-Maps\Highway\A2\koth_highway_a2.bsp
MSG_FILEWRITE - Filesystem was asked to write to 'D:\Documents\Mapping\tf2\TF2-Maps\Highway\A2\koth_highway_a2.bsp', but we don't own that location. Allowing.
ZIP Output overshot buffer estimate: Estimated 0, actual 54
0 seconds elapsed



4 threads
reading d:\documents\mapping\tf2\tf2-maps\highway\a2\koth_highway_a2.bsp
reading d:\documents\mapping\tf2\tf2-maps\highway\a2\koth_highway_a2.prt
LoadPortals: couldn't read d:\documents\mapping\tf2\tf2-maps\highway\a2\koth_highway_a2.prt



[Reading texlights from 'lights.rad']
[56 texlights parsed from 'lights.rad']

Loading d:\documents\mapping\tf2\tf2-maps\highway\a2\koth_highway_a2.bsp
No vis information, direct lighting only.
1305 faces
958125 square feet [137970128.00 square inches]
0 Displacements
0 Square Feet [0.00 Square Inches]
24 direct lights
0...1...2...3...4...5...6...7...8...9...10Build Patch/Sample Hash Table(s).....Done<0.0081 sec>
0...1...2...3...4...5...6...7...8...9...10FinalLightFace Done
0 of 0 (0% of) surface lights went in leaf ambient cubes.
0...1...2...3...4...5...6...7...8...9...10Writing leaf ambient...done
Computing static prop lighting : 00...1...2...3...4...5...6...7...8...9...10
Ready to Finish

Object names       Objects/Maxobjs  Memory / Maxmem  Fullness 
------------       ---------------  ---------------  -------- 
models                  26/1024         1248/49152    ( 2.5%) 
brushes                264/8192         3168/98304    ( 3.2%) 
brushsides            1661/65536       13288/524288   ( 2.5%) 
planes                 620/65536       12400/1310720  ( 0.9%) 
vertexes              1971/65536       23652/786432   ( 3.0%) 
nodes                  970/65536       31040/2097152  ( 1.5%) 
texinfos               106/12288        7632/884736   ( 0.9%) 
texdata                 14/2048          448/65536    ( 0.7%) 
dispinfos                0/0               0/0        ( 0.0%) 
disp_verts               0/0               0/0        ( 0.0%) 
disp_tris                0/0               0/0        ( 0.0%) 
disp_lmsamples           0/0               0/0        ( 0.0%) 
faces                 1305/65536       73080/3670016  ( 2.0%) 
hdr faces                0/65536           0/3670016  ( 0.0%) 
origfaces              700/65536       39200/3670016  ( 1.1%) 
leaves                 997/65536       31904/2097152  ( 1.5%) 
leaffaces             1552/65536        3104/131072   ( 2.4%) 
leafbrushes            517/65536        1034/131072   ( 0.8%) 
areas                    2/256            16/2048     ( 0.8%) 
surfedges             8876/512000      35504/2048000  ( 1.7%) 
edges                 5011/256000      20044/1024000  ( 2.0%) 
LDR worldlights         24/8192         2112/720896   ( 0.3%) 
HDR worldlights          0/8192            0/720896   ( 0.0%) 
leafwaterdata            0/32768           0/393216   ( 0.0%) 
waterstrips            106/32768        1060/327680   ( 0.3%) 
waterverts               0/65536           0/786432   ( 0.0%) 
waterindices          1443/65536        2886/131072   ( 2.2%) 
cubemapsamples           0/1024            0/16384    ( 0.0%) 
overlays                 2/512           704/180224   ( 0.4%) 
LDR lightdata         [variable]      987484/0        ( 0.0%) 
HDR lightdata         [variable]           0/0        ( 0.0%) 
visdata               [variable]           0/16777216 ( 0.0%) 
entdata               [variable]       31796/393216   ( 8.1%) 
LDR ambient table      997/65536        3988/262144   ( 1.5%) 
HDR ambient table      997/65536        3988/262144   ( 1.5%) 
LDR leaf ambient      7626/65536      213528/1835008  (11.6%) 
HDR leaf ambient       997/65536       27916/1835008  ( 1.5%) 
occluders                0/0               0/0        ( 0.0%) 
occluder polygons        0/0               0/0        ( 0.0%) 
occluder vert ind        0/0               0/0        ( 0.0%) 
detail props          [variable]           1/12       ( 8.3%) 
static props          [variable]           1/5660     ( 0.0%) 
pakfile               [variable]      275822/0        ( 0.0%) 
physics               [variable]       96848/4194304  ( 2.3%) 
physics terrain       [variable]           2/1048576  ( 0.0%) 

Level flags = 1

Total triangle count: 3458
Writing d:\documents\mapping\tf2\tf2-maps\highway\a2\koth_highway_a2.bsp
51 seconds elapsed
