


materialPath: D:\Program Files (x86)\Steam\steamapps\common\Team Fortress 2\tf\materials
Loading D:\Documents\Mapping\tf2\TF2-Maps\Labor\A10a\koth_labor_a10a.vmf
ConVarRef mat_reduceparticles doesn't point to an existing ConVar
Patching WVT material: maps/koth_labor_a10a/dev/dev_blendmeasure2_wvt_patch
Patching WVT material: maps/koth_labor_a10a/winter/blendgraveltograss004_wvt_patch
fixing up env_cubemap materials on brush sides...
0...1...2...3...4...5...6...7...8...9...100...1...2...3...4...5...6...7...8...9...10Processing areas...done (0)
Building Faces...done (0)
Chop Details...done (0)
Find Visible Detail Sides...
Merged 416 detail faces...done (0)
Merging details...done (0)
FixTjuncs...
PruneNodes...
WriteBSP...
done (0)
writing D:\Documents\Mapping\tf2\TF2-Maps\Labor\A10a\koth_labor_a10a.prt...Building visibility clusters...
done (0)
*** Error: Skybox vtf files for skybox/sky_alpinestorm_01 weren't compiled with the same size texture and/or same flags!
Can't load skybox file skybox/sky_alpinestorm_01 to build the default cubemap!
*** Error: Skybox vtf files for skybox/sky_alpinestorm_01 weren't compiled with the same size texture and/or same flags!
Can't load skybox file skybox/sky_alpinestorm_01 to build the default cubemap!
Finding displacement neighbors...
Finding lightmap sample positions...
Displacement Alpha : 0...1...2...3...4...5...6...7...8...9...10
Building Physics collision data...
done (0) (308597 bytes)
Error loading studio model ""!
Placing detail props : 0...1...2...3...4...5...6...7...8...9...10
Compacting texture/material tables...
Reduced 1082 texinfos to 639
Reduced 90 texdatas to 78 (2788 bytes to 2264)
Writing D:\Documents\Mapping\tf2\TF2-Maps\Labor\A10a\koth_labor_a10a.bsp
MSG_FILEWRITE - Filesystem was asked to write to 'D:\Documents\Mapping\tf2\TF2-Maps\Labor\A10a\koth_labor_a10a.bsp', but we don't own that location. Allowing.
Wrote ZIP buffer, estimated size 11366, actual size 8338
3 seconds elapsed



4 threads
reading d:\documents\mapping\tf2\tf2-maps\labor\a10a\koth_labor_a10a.bsp
reading d:\documents\mapping\tf2\tf2-maps\labor\a10a\koth_labor_a10a.prt
 692 portalclusters
2170 numportals
0...1...2...3...4...5...6...7...8...9...100...1...2...3...4...5...6...7...8...9...10Optimized: 2042 visible clusters (1.10%)
Total clusters visible: 186264
Average clusters visible: 269
Building PAS...
Average clusters audible: 655
visdatasize:115723  compressed from 121792
writing d:\documents\mapping\tf2\tf2-maps\labor\a10a\koth_labor_a10a.bsp
MSG_FILEWRITE - Filesystem was asked to write to 'd:\documents\mapping\tf2\tf2-maps\labor\a10a\koth_labor_a10a.bsp', but we don't own that location. Allowing.
35 seconds elapsed



[Reading texlights from 'lights.rad']
[56 texlights parsed from 'lights.rad']

Loading d:\documents\mapping\tf2\tf2-maps\labor\a10a\koth_labor_a10a.bsp
3572 faces
884728 square feet [127400896.00 square inches]
98 Displacements
44824 Square Feet [6454688.00 Square Inches]
3572 patches before subdivision
76254 patches after subdivision
42 direct lights
0...1...2...3...4...5...6...7...8...9...100...1...2...3...4...5...6...7...8...9...10transfers 6122279, max 617
transfer lists:  46.7 megs
0...1...2...3...4...5...6...7...8...9...10	Bounce #1 added RGB(262165, 271899, 262482)
0...1...2...3...4...5...6...7...8...9...10	Bounce #2 added RGB(55079, 53242, 50778)
0...1...2...3...4...5...6...7...8...9...10	Bounce #3 added RGB(13008, 11876, 11133)
0...1...2...3...4...5...6...7...8...9...10	Bounce #4 added RGB(3316, 2922, 2716)
0...1...2...3...4...5...6...7...8...9...10	Bounce #5 added RGB(888, 760, 700)
0...1...2...3...4...5...6...7...8...9...10	Bounce #6 added RGB(246, 205, 187)
0...1...2...3...4...5...6...7...8...9...10	Bounce #7 added RGB(70, 56, 51)
0...1...2...3...4...5...6...7...8...9...10	Bounce #8 added RGB(20, 16, 14)
0...1...2...3...4...5...6...7...8...9...10	Bounce #9 added RGB(6, 4, 4)
0...1...2...3...4...5...6...7...8...9...10	Bounce #10 added RGB(2, 1, 1)
0...1...2...3...4...5...6...7...8...9...10	Bounce #11 added RGB(1, 0, 0)
Build Patch/Sample Hash Table(s).....Done<0.0181 sec>
0...1...2...3...4...5...6...7...8...9...10FinalLightFace Done
0 of 0 (0% of) surface lights went in leaf ambient cubes.
0...1...2...3...4...5...6...7...8...9...10Writing leaf ambient...done
Ready to Finish

Object names       Objects/Maxobjs  Memory / Maxmem  Fullness 
------------       ---------------  ---------------  -------- 
models                  93/1024         4464/49152    ( 9.1%) 
brushes                788/8192         9456/98304    ( 9.6%) 
brushsides            6261/65536       50088/524288   ( 9.6%) 
planes                3864/65536       77280/1310720  ( 5.9%) 
vertexes              5372/65536       64464/786432   ( 8.2%) 
nodes                 1992/65536       63744/2097152  ( 3.0%) 
texinfos               639/12288       46008/884736   ( 5.2%) 
texdata                 78/2048         2496/65536    ( 3.8%) 
dispinfos               98/0           17248/0        ( 0.0%) 
disp_verts            7938/0          158760/0        ( 0.0%) 
disp_tris            12544/0           25088/0        ( 0.0%) 
disp_lmsamples      127008/0          127008/0        ( 0.0%) 
faces                 3572/65536      200032/3670016  ( 5.5%) 
hdr faces                0/65536           0/3670016  ( 0.0%) 
origfaces             2463/65536      137928/3670016  ( 3.8%) 
leaves                2086/65536       66752/2097152  ( 3.2%) 
leaffaces             4016/65536        8032/131072   ( 6.1%) 
leafbrushes           1540/65536        3080/131072   ( 2.3%) 
areas                    2/256            16/2048     ( 0.8%) 
surfedges            26430/512000     105720/2048000  ( 5.2%) 
edges                14996/256000      59984/1024000  ( 5.9%) 
LDR worldlights         42/8192         3696/720896   ( 0.5%) 
HDR worldlights          0/8192            0/720896   ( 0.0%) 
leafwaterdata            0/32768           0/393216   ( 0.0%) 
waterstrips            310/32768        3100/327680   ( 0.9%) 
waterverts               0/65536           0/786432   ( 0.0%) 
waterindices          4959/65536        9918/131072   ( 7.6%) 
cubemapsamples          40/1024          640/16384    ( 3.9%) 
overlays                29/512         10208/180224   ( 5.7%) 
LDR lightdata         [variable]     2758360/0        ( 0.0%) 
HDR lightdata         [variable]           0/0        ( 0.0%) 
visdata               [variable]      115723/16777216 ( 0.7%) 
entdata               [variable]       60711/393216   (15.4%) 
LDR ambient table     2086/65536        8344/262144   ( 3.2%) 
HDR ambient table     2086/65536        8344/262144   ( 3.2%) 
LDR leaf ambient     13719/65536      384132/1835008  (20.9%) 
HDR leaf ambient      2086/65536       58408/1835008  ( 3.2%) 
occluders                0/0               0/0        ( 0.0%) 
occluder polygons        0/0               0/0        ( 0.0%) 
occluder vert ind        0/0               0/0        ( 0.0%) 
detail props          [variable]           1/12       ( 8.3%) 
static props          [variable]           1/19298    ( 0.0%) 
pakfile               [variable]        8338/0        ( 0.0%) 
physics               [variable]      308597/4194304  ( 7.4%) 
physics terrain       [variable]       27666/1048576  ( 2.6%) 

Level flags = 0

Total triangle count: 9519
Writing d:\documents\mapping\tf2\tf2-maps\labor\a10a\koth_labor_a10a.bsp
29 seconds elapsed



materialPath: D:\Program Files (x86)\Steam\steamapps\common\Team Fortress 2\tf\materials
Loading D:\Documents\Mapping\tf2\TF2-Maps\Labor\A10a\koth_labor_a10a.vmf
ConVarRef mat_reduceparticles doesn't point to an existing ConVar
Patching WVT material: maps/koth_labor_a10a/dev/dev_blendmeasure2_wvt_patch
Patching WVT material: maps/koth_labor_a10a/winter/blendgraveltograss004_wvt_patch
fixing up env_cubemap materials on brush sides...
0...1...2...3...4...5...6...7...8...9...100...1...2...3...4...5...6...7...8...9...10Processing areas...done (0)
Building Faces...done (0)
Chop Details...done (0)
Find Visible Detail Sides...
Merged 416 detail faces...done (0)
Merging details...done (0)
FixTjuncs...
PruneNodes...
WriteBSP...
done (0)
writing D:\Documents\Mapping\tf2\TF2-Maps\Labor\A10a\koth_labor_a10a.prt...Building visibility clusters...
done (0)
*** Error: Skybox vtf files for skybox/sky_alpinestorm_01 weren't compiled with the same size texture and/or same flags!
Can't load skybox file skybox/sky_alpinestorm_01 to build the default cubemap!
*** Error: Skybox vtf files for skybox/sky_alpinestorm_01 weren't compiled with the same size texture and/or same flags!
Can't load skybox file skybox/sky_alpinestorm_01 to build the default cubemap!
Finding displacement neighbors...
Finding lightmap sample positions...
Displacement Alpha : 0...1...2...3...4...5...6...7...8...9...10
Building Physics collision data...
done (0) (308597 bytes)
Error loading studio model ""!
Placing detail props : 0...1...2...3...4...5...6...7...8...9...10
Compacting texture/material tables...
Reduced 1082 texinfos to 639
Reduced 90 texdatas to 78 (2788 bytes to 2264)
Writing D:\Documents\Mapping\tf2\TF2-Maps\Labor\A10a\koth_labor_a10a.bsp
MSG_FILEWRITE - Filesystem was asked to write to 'D:\Documents\Mapping\tf2\TF2-Maps\Labor\A10a\koth_labor_a10a.bsp', but we don't own that location. Allowing.
Wrote ZIP buffer, estimated size 11366, actual size 8338
2 seconds elapsed



4 threads
reading d:\documents\mapping\tf2\tf2-maps\labor\a10a\koth_labor_a10a.bsp
reading d:\documents\mapping\tf2\tf2-maps\labor\a10a\koth_labor_a10a.prt
 692 portalclusters
2170 numportals
0...1...2...3...4...5...6...7...8...9...100...1...2...3...4...5...6...7...8...9...10Optimized: 2043 visible clusters (1.10%)
Total clusters visible: 186265
Average clusters visible: 269
Building PAS...
Average clusters audible: 655
visdatasize:115723  compressed from 121792
writing d:\documents\mapping\tf2\tf2-maps\labor\a10a\koth_labor_a10a.bsp
MSG_FILEWRITE - Filesystem was asked to write to 'd:\documents\mapping\tf2\tf2-maps\labor\a10a\koth_labor_a10a.bsp', but we don't own that location. Allowing.
38 seconds elapsed



[Reading texlights from 'lights.rad']
[56 texlights parsed from 'lights.rad']

Loading d:\documents\mapping\tf2\tf2-maps\labor\a10a\koth_labor_a10a.bsp
3572 faces
884728 square feet [127400896.00 square inches]
98 Displacements
44824 Square Feet [6454688.00 Square Inches]
3572 patches before subdivision
76254 patches after subdivision
42 direct lights
0...1...2...3...4...5...6...7...8...9...100...1...2...3...4...5...6...7...8...9...10transfers 6122466, max 619
transfer lists:  46.7 megs
0...1...2...3...4...5...6...7...8...9...10	Bounce #1 added RGB(259336, 268914, 259995)
0...1...2...3...4...5...6...7...8...9...10	Bounce #2 added RGB(54780, 52933, 50529)
0...1...2...3...4...5...6...7...8...9...10	Bounce #3 added RGB(12972, 11842, 11110)
0...1...2...3...4...5...6...7...8...9...10	Bounce #4 added RGB(3315, 2920, 2715)
0...1...2...3...4...5...6...7...8...9...10	Bounce #5 added RGB(889, 761, 700)
0...1...2...3...4...5...6...7...8...9...10	Bounce #6 added RGB(246, 205, 187)
0...1...2...3...4...5...6...7...8...9...10	Bounce #7 added RGB(70, 57, 51)
0...1...2...3...4...5...6...7...8...9...10	Bounce #8 added RGB(20, 16, 14)
0...1...2...3...4...5...6...7...8...9...10	Bounce #9 added RGB(6, 4, 4)
0...1...2...3...4...5...6...7...8...9...10	Bounce #10 added RGB(2, 1, 1)
0...1...2...3...4...5...6...7...8...9...10	Bounce #11 added RGB(1, 0, 0)
Build Patch/Sample Hash Table(s).....Done<0.0279 sec>
0...1...2...3...4...5...6...7...8...9...10FinalLightFace Done
0 of 0 (0% of) surface lights went in leaf ambient cubes.
0...1...2...3...4...5...6...7...8...9...10Writing leaf ambient...done
Computing static prop lighting : 00...1...2...3...4...5...6...7...8...9...10
Ready to Finish

Object names       Objects/Maxobjs  Memory / Maxmem  Fullness 
------------       ---------------  ---------------  -------- 
models                  93/1024         4464/49152    ( 9.1%) 
brushes                788/8192         9456/98304    ( 9.6%) 
brushsides            6261/65536       50088/524288   ( 9.6%) 
planes                3864/65536       77280/1310720  ( 5.9%) 
vertexes              5372/65536       64464/786432   ( 8.2%) 
nodes                 1992/65536       63744/2097152  ( 3.0%) 
texinfos               639/12288       46008/884736   ( 5.2%) 
texdata                 78/2048         2496/65536    ( 3.8%) 
dispinfos               98/0           17248/0        ( 0.0%) 
disp_verts            7938/0          158760/0        ( 0.0%) 
disp_tris            12544/0           25088/0        ( 0.0%) 
disp_lmsamples      127008/0          127008/0        ( 0.0%) 
faces                 3572/65536      200032/3670016  ( 5.5%) 
hdr faces                0/65536           0/3670016  ( 0.0%) 
origfaces             2463/65536      137928/3670016  ( 3.8%) 
leaves                2086/65536       66752/2097152  ( 3.2%) 
leaffaces             4016/65536        8032/131072   ( 6.1%) 
leafbrushes           1540/65536        3080/131072   ( 2.3%) 
areas                    2/256            16/2048     ( 0.8%) 
surfedges            26430/512000     105720/2048000  ( 5.2%) 
edges                14996/256000      59984/1024000  ( 5.9%) 
LDR worldlights         42/8192         3696/720896   ( 0.5%) 
HDR worldlights          0/8192            0/720896   ( 0.0%) 
leafwaterdata            0/32768           0/393216   ( 0.0%) 
waterstrips            310/32768        3100/327680   ( 0.9%) 
waterverts               0/65536           0/786432   ( 0.0%) 
waterindices          4959/65536        9918/131072   ( 7.6%) 
cubemapsamples          40/1024          640/16384    ( 3.9%) 
overlays                29/512         10208/180224   ( 5.7%) 
LDR lightdata         [variable]     2758360/0        ( 0.0%) 
HDR lightdata         [variable]           0/0        ( 0.0%) 
visdata               [variable]      115723/16777216 ( 0.7%) 
entdata               [variable]       60711/393216   (15.4%) 
LDR ambient table     2086/65536        8344/262144   ( 3.2%) 
HDR ambient table     2086/65536        8344/262144   ( 3.2%) 
LDR leaf ambient     13713/65536      383964/1835008  (20.9%) 
HDR leaf ambient      2086/65536       58408/1835008  ( 3.2%) 
occluders                0/0               0/0        ( 0.0%) 
occluder polygons        0/0               0/0        ( 0.0%) 
occluder vert ind        0/0               0/0        ( 0.0%) 
detail props          [variable]           1/12       ( 8.3%) 
static props          [variable]           1/19298    ( 0.0%) 
pakfile               [variable]     1871318/0        ( 0.0%) 
physics               [variable]      308597/4194304  ( 7.4%) 
physics terrain       [variable]       27666/1048576  ( 2.6%) 

Level flags = 1

Total triangle count: 9519
Writing d:\documents\mapping\tf2\tf2-maps\labor\a10a\koth_labor_a10a.bsp
2 minutes, 47 seconds elapsed



[Reading texlights from 'lights.rad']
[56 texlights parsed from 'lights.rad']

Loading d:\documents\mapping\tf2\tf2-maps\labor\a10a\koth_labor_a10a.bsp
3572 faces
884728 square feet [127400896.00 square inches]
98 Displacements
44824 Square Feet [6454688.00 Square Inches]
3572 patches before subdivision
76254 patches after subdivision
42 direct lights
0...1...2...3...4...5...6...7...8...9...100...1...2...3...4...5...6...7...8...9...10transfers 6122466, max 619
transfer lists:  46.7 megs
0...1...2...3...4...5...6...7...8...9...10	Bounce #1 added RGB(259336, 268914, 259995)
0...1...2...3...4...5...6...7...8...9...10	Bounce #2 added RGB(54780, 52933, 50529)
0...1...2...3...4...5...6...7...8...9...10	Bounce #3 added RGB(12972, 11842, 11110)
0...1...2...3...4...5...6...7...8...9...10	Bounce #4 added RGB(3315, 2920, 2715)
0...1...2...3...4...5...6...7...8...9...10	Bounce #5 added RGB(889, 761, 700)
0...1...2...3...4...5...6...7...8...9...10	Bounce #6 added RGB(246, 205, 187)
0...1...2...3...4...5...6...7...8...9...10	Bounce #7 added RGB(70, 57, 51)
0...1...2...3...4...5...6...7...8...9...10	Bounce #8 added RGB(20, 16, 14)
0...1...2...3...4...5...6...7...8...9...10	Bounce #9 added RGB(6, 4, 4)
0...1...2...3...4...5...6...7...8...9...10	Bounce #10 added RGB(2, 1, 1)
0...1...2...3...4...5...6...7...8...9...10	Bounce #11 added RGB(1, 0, 0)
Build Patch/Sample Hash Table(s).....Done<0.0322 sec>
0...1...2...3...4...5...6...7...8...9...10FinalLightFace Done
0 of 0 (0% of) surface lights went in leaf ambient cubes.
0...1...2...3...4...5...6...7...8...9...10Writing leaf ambient...done
Computing static prop lighting : 00...1...2...3...4...5...6...7...8...9...10
Ready to Finish

Object names       Objects/Maxobjs  Memory / Maxmem  Fullness 
------------       ---------------  ---------------  -------- 
models                  93/1024         4464/49152    ( 9.1%) 
brushes                788/8192         9456/98304    ( 9.6%) 
brushsides            6261/65536       50088/524288   ( 9.6%) 
planes                3864/65536       77280/1310720  ( 5.9%) 
vertexes              5372/65536       64464/786432   ( 8.2%) 
nodes                 1992/65536       63744/2097152  ( 3.0%) 
texinfos               639/12288       46008/884736   ( 5.2%) 
texdata                 78/2048         2496/65536    ( 3.8%) 
dispinfos               98/0           17248/0        ( 0.0%) 
disp_verts            7938/0          158760/0        ( 0.0%) 
disp_tris            12544/0           25088/0        ( 0.0%) 
disp_lmsamples      127008/0          127008/0        ( 0.0%) 
faces                 3572/65536      200032/3670016  ( 5.5%) 
hdr faces             3572/65536      200032/3670016  ( 5.5%) 
origfaces             2463/65536      137928/3670016  ( 3.8%) 
leaves                2086/65536       66752/2097152  ( 3.2%) 
leaffaces             4016/65536        8032/131072   ( 6.1%) 
leafbrushes           1540/65536        3080/131072   ( 2.3%) 
areas                    2/256            16/2048     ( 0.8%) 
surfedges            26430/512000     105720/2048000  ( 5.2%) 
edges                14996/256000      59984/1024000  ( 5.9%) 
LDR worldlights         42/8192         3696/720896   ( 0.5%) 
HDR worldlights         42/8192         3696/720896   ( 0.5%) 
leafwaterdata            0/32768           0/393216   ( 0.0%) 
waterstrips            310/32768        3100/327680   ( 0.9%) 
waterverts               0/65536           0/786432   ( 0.0%) 
waterindices          4959/65536        9918/131072   ( 7.6%) 
cubemapsamples          40/1024          640/16384    ( 3.9%) 
overlays                29/512         10208/180224   ( 5.7%) 
LDR lightdata         [variable]     2758360/0        ( 0.0%) 
HDR lightdata         [variable]     2758360/0        ( 0.0%) 
visdata               [variable]      115723/16777216 ( 0.7%) 
entdata               [variable]       60711/393216   (15.4%) 
LDR ambient table     2086/65536        8344/262144   ( 3.2%) 
HDR ambient table     2086/65536        8344/262144   ( 3.2%) 
LDR leaf ambient     13713/65536      383964/1835008  (20.9%) 
HDR leaf ambient     13713/65536      383964/1835008  (20.9%) 
occluders                0/0               0/0        ( 0.0%) 
occluder polygons        0/0               0/0        ( 0.0%) 
occluder vert ind        0/0               0/0        ( 0.0%) 
detail props          [variable]           1/12       ( 8.3%) 
static props          [variable]           1/19298    ( 0.0%) 
pakfile               [variable]     3735794/0        ( 0.0%) 
physics               [variable]      308597/4194304  ( 7.4%) 
physics terrain       [variable]       27666/1048576  ( 2.6%) 

Level flags = 3

Total triangle count: 9519
Writing d:\documents\mapping\tf2\tf2-maps\labor\a10a\koth_labor_a10a.bsp
3 minutes, 3 seconds elapsed
