


materialPath: D:\Program Files (x86)\Steam\steamapps\common\Team Fortress 2\tf\materials
Loading d:\documents\mapping\tf2\tf2-maps\labor\a2a\koth_labor_a2a.vmf
ConVarRef mat_reduceparticles doesn't point to an existing ConVar
Patching WVT material: maps/koth_labor_a2a/dev/dev_blendmeasure2_wvt_patch
Patching WVT material: maps/koth_labor_a2a/dev/dev_blendmeasure_wvt_patch
Patching WVT material: maps/koth_labor_a2a/winter/blendgraveltograss002_wvt_patch
fixing up env_cubemap materials on brush sides...
0...1...2...3...4...5...6...7...8...9...100...1...2...3...4...5...6...7...8...9...10Processing areas...done (0)
Building Faces...done (0)
Chop Details...done (0)
Find Visible Detail Sides...done (0)
Merging details...done (0)
FixTjuncs...
PruneNodes...
WriteBSP...
done (0)
writing d:\documents\mapping\tf2\tf2-maps\labor\a2a\koth_labor_a2a.prt...Building visibility clusters...
done (0)
*** Error: Skybox vtf files for skybox/sky_alpinestorm_01 weren't compiled with the same size texture and/or same flags!
Can't load skybox file skybox/sky_alpinestorm_01 to build the default cubemap!
*** Error: Skybox vtf files for skybox/sky_alpinestorm_01 weren't compiled with the same size texture and/or same flags!
Can't load skybox file skybox/sky_alpinestorm_01 to build the default cubemap!
Finding displacement neighbors...
Finding lightmap sample positions...
Displacement Alpha : 0...1...2...3...4...5...6...7...8...9...10
Building Physics collision data...
done (0) (159998 bytes)
Placing detail props : 0...1...2...3...4...5...6...7...8...9...10
Compacting texture/material tables...
Reduced 567 texinfos to 262
Reduced 24 texdatas to 20 (641 bytes to 521)
Writing d:\documents\mapping\tf2\tf2-maps\labor\a2a\koth_labor_a2a.bsp
MSG_FILEWRITE - Filesystem was asked to write to 'd:\documents\mapping\tf2\tf2-maps\labor\a2a\koth_labor_a2a.bsp', but we don't own that location. Allowing.
Wrote ZIP buffer, estimated size 1509, actual size 1161
1 second elapsed



4 threads
reading d:\documents\mapping\tf2\tf2-maps\labor\a2a\koth_labor_a2a.bsp
reading d:\documents\mapping\tf2\tf2-maps\labor\a2a\koth_labor_a2a.prt
 594 portalclusters
1602 numportals
0...1...2...3...4...5...6...7...8...9...100...1...2...3...4...5...6...7...8...9...10Optimized: 961 visible clusters (1.05%)
Total clusters visible: 91683
Average clusters visible: 154
Building PAS...
Average clusters audible: 402
visdatasize:72414  compressed from 95040
writing d:\documents\mapping\tf2\tf2-maps\labor\a2a\koth_labor_a2a.bsp
MSG_FILEWRITE - Filesystem was asked to write to 'd:\documents\mapping\tf2\tf2-maps\labor\a2a\koth_labor_a2a.bsp', but we don't own that location. Allowing.
4 seconds elapsed



[Reading texlights from 'lights.rad']
[56 texlights parsed from 'lights.rad']

Loading d:\documents\mapping\tf2\tf2-maps\labor\a2a\koth_labor_a2a.bsp
2613 faces
862519 square feet [124202792.00 square inches]
206 Displacements
81318 Square Feet [11709875.00 Square Inches]
2613 patches before subdivision
84749 patches after subdivision
62 direct lights
0...1...2...3...4...5...6...7...8...9...100...1...2...3...4...5...6...7...8...9...10transfers 7223289, max 428
transfer lists:  55.1 megs
0...1...2...3...4...5...6...7...8...9...10	Bounce #1 added RGB(299136, 308212, 320217)
0...1...2...3...4...5...6...7...8...9...10	Bounce #2 added RGB(62587, 59130, 62034)
0...1...2...3...4...5...6...7...8...9...10	Bounce #3 added RGB(15034, 13389, 14050)
0...1...2...3...4...5...6...7...8...9...10	Bounce #4 added RGB(3838, 3295, 3461)
0...1...2...3...4...5...6...7...8...9...10	Bounce #5 added RGB(1017, 851, 894)
0...1...2...3...4...5...6...7...8...9...10	Bounce #6 added RGB(275, 226, 237)
0...1...2...3...4...5...6...7...8...9...10	Bounce #7 added RGB(76, 61, 64)
0...1...2...3...4...5...6...7...8...9...10	Bounce #8 added RGB(21, 17, 17)
0...1...2...3...4...5...6...7...8...9...10	Bounce #9 added RGB(6, 5, 5)
0...1...2...3...4...5...6...7...8...9...10	Bounce #10 added RGB(2, 1, 1)
0...1...2...3...4...5...6...7...8...9...10	Bounce #11 added RGB(0, 0, 0)
Build Patch/Sample Hash Table(s).....Done<0.0192 sec>
0...1...2...3...4...5...6...7...8...9...10FinalLightFace Done
0 of 0 (0% of) surface lights went in leaf ambient cubes.
0...1...2...3...4...5...6...7...8...9...10Writing leaf ambient...done
Ready to Finish

Object names       Objects/Maxobjs  Memory / Maxmem  Fullness 
------------       ---------------  ---------------  -------- 
models                  18/1024          864/49152    ( 1.8%) 
brushes                435/8192         5220/98304    ( 5.3%) 
brushsides            2695/65536       21560/524288   ( 4.1%) 
planes                 932/65536       18640/1310720  ( 1.4%) 
vertexes              4446/65536       53352/786432   ( 6.8%) 
nodes                 1475/65536       47200/2097152  ( 2.3%) 
texinfos               262/12288       18864/884736   ( 2.1%) 
texdata                 20/2048          640/65536    ( 1.0%) 
dispinfos              206/0           36256/0        ( 0.0%) 
disp_verts           16686/0          333720/0        ( 0.0%) 
disp_tris            26368/0           52736/0        ( 0.0%) 
disp_lmsamples      233856/0          233856/0        ( 0.0%) 
faces                 2613/65536      146328/3670016  ( 4.0%) 
hdr faces                0/65536           0/3670016  ( 0.0%) 
origfaces             1331/65536       74536/3670016  ( 2.0%) 
leaves                1494/65536       47808/2097152  ( 2.3%) 
leaffaces             2759/65536        5518/131072   ( 4.2%) 
leafbrushes           1296/65536        2592/131072   ( 2.0%) 
areas                    2/256            16/2048     ( 0.8%) 
surfedges            17444/512000      69776/2048000  ( 3.4%) 
edges                10091/256000      40364/1024000  ( 3.9%) 
LDR worldlights         62/8192         5456/720896   ( 0.8%) 
HDR worldlights          0/8192            0/720896   ( 0.0%) 
leafwaterdata            0/32768           0/393216   ( 0.0%) 
waterstrips            210/32768        2100/327680   ( 0.6%) 
waterverts               0/65536           0/786432   ( 0.0%) 
waterindices          3039/65536        6078/131072   ( 4.6%) 
cubemapsamples           0/1024            0/16384    ( 0.0%) 
overlays                15/512          5280/180224   ( 2.9%) 
LDR lightdata         [variable]     1670788/0        ( 0.0%) 
HDR lightdata         [variable]           0/0        ( 0.0%) 
visdata               [variable]       72414/16777216 ( 0.4%) 
entdata               [variable]       42235/393216   (10.7%) 
LDR ambient table     1494/65536        5976/262144   ( 2.3%) 
HDR ambient table     1494/65536        5976/262144   ( 2.3%) 
LDR leaf ambient      8148/65536      228144/1835008  (12.4%) 
HDR leaf ambient      1494/65536       41832/1835008  ( 2.3%) 
occluders                0/0               0/0        ( 0.0%) 
occluder polygons        0/0               0/0        ( 0.0%) 
occluder vert ind        0/0               0/0        ( 0.0%) 
detail props          [variable]           1/12       ( 8.3%) 
static props          [variable]           1/12966    ( 0.0%) 
pakfile               [variable]        1161/0        ( 0.0%) 
physics               [variable]      159998/4194304  ( 3.8%) 
physics terrain       [variable]       40670/1048576  ( 3.9%) 

Level flags = 0

Total triangle count: 6905
Writing d:\documents\mapping\tf2\tf2-maps\labor\a2a\koth_labor_a2a.bsp
19 seconds elapsed



materialPath: D:\Program Files (x86)\Steam\steamapps\common\Team Fortress 2\tf\materials
Loading d:\documents\mapping\tf2\tf2-maps\labor\a2a\koth_labor_a2a.vmf
ConVarRef mat_reduceparticles doesn't point to an existing ConVar
Patching WVT material: maps/koth_labor_a2a/dev/dev_blendmeasure2_wvt_patch
Patching WVT material: maps/koth_labor_a2a/dev/dev_blendmeasure_wvt_patch
Patching WVT material: maps/koth_labor_a2a/winter/blendgraveltograss002_wvt_patch
fixing up env_cubemap materials on brush sides...
0...1...2...3...4...5...6...7...8...9...100...1...2...3...4...5...6...7...8...9...10Processing areas...done (0)
Building Faces...done (0)
Chop Details...done (0)
Find Visible Detail Sides...done (0)
Merging details...done (0)
FixTjuncs...
PruneNodes...
WriteBSP...
done (0)
writing d:\documents\mapping\tf2\tf2-maps\labor\a2a\koth_labor_a2a.prt...Building visibility clusters...
done (0)
*** Error: Skybox vtf files for skybox/sky_alpinestorm_01 weren't compiled with the same size texture and/or same flags!
Can't load skybox file skybox/sky_alpinestorm_01 to build the default cubemap!
*** Error: Skybox vtf files for skybox/sky_alpinestorm_01 weren't compiled with the same size texture and/or same flags!
Can't load skybox file skybox/sky_alpinestorm_01 to build the default cubemap!
Finding displacement neighbors...
Finding lightmap sample positions...
Displacement Alpha : 0...1...2...3...4...5...6...7...8...9...10
Building Physics collision data...
done (0) (159238 bytes)
Placing detail props : 0...1...2...3...4...5...6...7...8...9...10
Compacting texture/material tables...
Reduced 564 texinfos to 262
Reduced 24 texdatas to 20 (641 bytes to 521)
Writing d:\documents\mapping\tf2\tf2-maps\labor\a2a\koth_labor_a2a.bsp
MSG_FILEWRITE - Filesystem was asked to write to 'd:\documents\mapping\tf2\tf2-maps\labor\a2a\koth_labor_a2a.bsp', but we don't own that location. Allowing.
Wrote ZIP buffer, estimated size 1509, actual size 1161
1 second elapsed



4 threads
reading d:\documents\mapping\tf2\tf2-maps\labor\a2a\koth_labor_a2a.bsp
reading d:\documents\mapping\tf2\tf2-maps\labor\a2a\koth_labor_a2a.prt
 598 portalclusters
1615 numportals
0...1...2...3...4...5...6...7...8...9...100...1...2...3...4...5...6...7...8...9...10Optimized: 1003 visible clusters (1.07%)
Total clusters visible: 94099
Average clusters visible: 157
Building PAS...
Average clusters audible: 406
visdatasize:73072  compressed from 95680
writing d:\documents\mapping\tf2\tf2-maps\labor\a2a\koth_labor_a2a.bsp
MSG_FILEWRITE - Filesystem was asked to write to 'd:\documents\mapping\tf2\tf2-maps\labor\a2a\koth_labor_a2a.bsp', but we don't own that location. Allowing.
3 seconds elapsed



[Reading texlights from 'lights.rad']
[56 texlights parsed from 'lights.rad']

Loading d:\documents\mapping\tf2\tf2-maps\labor\a2a\koth_labor_a2a.bsp
2625 faces
863607 square feet [124359464.00 square inches]
206 Displacements
81318 Square Feet [11709875.00 Square Inches]
2625 patches before subdivision
84917 patches after subdivision
62 direct lights
0...1...2...3...4...5...6...7...8...9...100...1...2...3...4...5...6...7...8...9...10transfers 7211697, max 425
transfer lists:  55.0 megs
0...1...2...3...4...5...6...7...8...9...10	Bounce #1 added RGB(298962, 308057, 320096)
0...1...2...3...4...5...6...7...8...9...10	Bounce #2 added RGB(62580, 59119, 62030)
0...1...2...3...4...5...6...7...8...9...10	Bounce #3 added RGB(15032, 13388, 14050)
0...1...2...3...4...5...6...7...8...9...10	Bounce #4 added RGB(3838, 3295, 3461)
0...1...2...3...4...5...6...7...8...9...10	Bounce #5 added RGB(1017, 851, 894)
0...1...2...3...4...5...6...7...8...9...10	Bounce #6 added RGB(275, 226, 237)
0...1...2...3...4...5...6...7...8...9...10	Bounce #7 added RGB(76, 61, 64)
0...1...2...3...4...5...6...7...8...9...10	Bounce #8 added RGB(21, 17, 17)
0...1...2...3...4...5...6...7...8...9...10	Bounce #9 added RGB(6, 5, 5)
0...1...2...3...4...5...6...7...8...9...10	Bounce #10 added RGB(2, 1, 1)
0...1...2...3...4...5...6...7...8...9...10	Bounce #11 added RGB(0, 0, 0)
Build Patch/Sample Hash Table(s).....Done<0.0200 sec>
0...1...2...3...4...5...6...7...8...9...10FinalLightFace Done
0 of 0 (0% of) surface lights went in leaf ambient cubes.
0...1...2...3...4...5...6...7...8...9...10Writing leaf ambient...done
Ready to Finish

Object names       Objects/Maxobjs  Memory / Maxmem  Fullness 
------------       ---------------  ---------------  -------- 
models                  18/1024          864/49152    ( 1.8%) 
brushes                434/8192         5208/98304    ( 5.3%) 
brushsides            2654/65536       21232/524288   ( 4.0%) 
planes                 846/65536       16920/1310720  ( 1.3%) 
vertexes              4432/65536       53184/786432   ( 6.8%) 
nodes                 1481/65536       47392/2097152  ( 2.3%) 
texinfos               262/12288       18864/884736   ( 2.1%) 
texdata                 20/2048          640/65536    ( 1.0%) 
dispinfos              206/0           36256/0        ( 0.0%) 
disp_verts           16686/0          333720/0        ( 0.0%) 
disp_tris            26368/0           52736/0        ( 0.0%) 
disp_lmsamples      233856/0          233856/0        ( 0.0%) 
faces                 2625/65536      147000/3670016  ( 4.0%) 
hdr faces                0/65536           0/3670016  ( 0.0%) 
origfaces             1331/65536       74536/3670016  ( 2.0%) 
leaves                1500/65536       48000/2097152  ( 2.3%) 
leaffaces             2779/65536        5558/131072   ( 4.2%) 
leafbrushes           1314/65536        2628/131072   ( 2.0%) 
areas                    2/256            16/2048     ( 0.8%) 
surfedges            17500/512000      70000/2048000  ( 3.4%) 
edges                10119/256000      40476/1024000  ( 4.0%) 
LDR worldlights         62/8192         5456/720896   ( 0.8%) 
HDR worldlights          0/8192            0/720896   ( 0.0%) 
leafwaterdata            0/32768           0/393216   ( 0.0%) 
waterstrips            210/32768        2100/327680   ( 0.6%) 
waterverts               0/65536           0/786432   ( 0.0%) 
waterindices          3051/65536        6102/131072   ( 4.7%) 
cubemapsamples           0/1024            0/16384    ( 0.0%) 
overlays                15/512          5280/180224   ( 2.9%) 
LDR lightdata         [variable]     1674036/0        ( 0.0%) 
HDR lightdata         [variable]           0/0        ( 0.0%) 
visdata               [variable]       73072/16777216 ( 0.4%) 
entdata               [variable]       41485/393216   (10.6%) 
LDR ambient table     1500/65536        6000/262144   ( 2.3%) 
HDR ambient table     1500/65536        6000/262144   ( 2.3%) 
LDR leaf ambient      8192/65536      229376/1835008  (12.5%) 
HDR leaf ambient      1500/65536       42000/1835008  ( 2.3%) 
occluders                0/0               0/0        ( 0.0%) 
occluder polygons        0/0               0/0        ( 0.0%) 
occluder vert ind        0/0               0/0        ( 0.0%) 
detail props          [variable]           1/12       ( 8.3%) 
static props          [variable]           1/12936    ( 0.0%) 
pakfile               [variable]        1161/0        ( 0.0%) 
physics               [variable]      159238/4194304  ( 3.8%) 
physics terrain       [variable]       40670/1048576  ( 3.9%) 

Level flags = 0

Total triangle count: 6937
Writing d:\documents\mapping\tf2\tf2-maps\labor\a2a\koth_labor_a2a.bsp
19 seconds elapsed



materialPath: D:\Program Files (x86)\Steam\steamapps\common\Team Fortress 2\tf\materials
Loading d:\documents\mapping\tf2\tf2-maps\labor\a2a\koth_labor_a2a.vmf
Brush 107754: FloatPlane: bad normal
Side 3
Texture: TOOLS/TOOLSBLOCKBULLETS



4 threads
reading d:\documents\mapping\tf2\tf2-maps\labor\a2a\koth_labor_a2a.bsp
reading d:\documents\mapping\tf2\tf2-maps\labor\a2a\koth_labor_a2a.prt
LoadPortals: couldn't read d:\documents\mapping\tf2\tf2-maps\labor\a2a\koth_labor_a2a.prt



[Reading texlights from 'lights.rad']
[56 texlights parsed from 'lights.rad']

Loading d:\documents\mapping\tf2\tf2-maps\labor\a2a\koth_labor_a2a.bsp
2625 faces
863607 square feet [124359464.00 square inches]
206 Displacements
81318 Square Feet [11709875.00 Square Inches]
2625 patches before subdivision
84917 patches after subdivision
62 direct lights
0...1...2...3...4...5...6...7...8...9...100...1...2...3...4...5...6...7...8...9...10transfers 7211697, max 425
transfer lists:  55.0 megs
0...1...2...3...4...5...6...7...8...9...10	Bounce #1 added RGB(298962, 308056, 320096)
0...1...2...3...4...5...6...7...8...9...10	Bounce #2 added RGB(62580, 59119, 62030)
0...1...2...3...4...5...6...7...8...9...10	Bounce #3 added RGB(15032, 13388, 14050)
0...1...2...3...4...5...6...7...8...9...10	Bounce #4 added RGB(3838, 3295, 3461)
0...1...2...3...4...5...6...7...8...9...10	Bounce #5 added RGB(1017, 851, 894)
0...1...2...3...4...5...6...7...8...9...10	Bounce #6 added RGB(275, 226, 237)
0...1...2...3...4...5...6...7...8...9...10	Bounce #7 added RGB(76, 61, 64)
0...1...2...3...4...5...6...7...8...9...10	Bounce #8 added RGB(21, 17, 17)
0...1...2...3...4...5...6...7...8...9...10	Bounce #9 added RGB(6, 5, 5)
0...1...2...3...4...5...6...7...8...9...10	Bounce #10 added RGB(2, 1, 1)
0...1...2...3...4...5...6...7...8...9...10	Bounce #11 added RGB(0, 0, 0)
Build Patch/Sample Hash Table(s).....Done<0.0198 sec>
0...1...2...3...4...5...6...7...8...9...10FinalLightFace Done
0 of 0 (0% of) surface lights went in leaf ambient cubes.
0...1...2...3...4...5...6...7...8...9...10Writing leaf ambient...done
Ready to Finish

Object names       Objects/Maxobjs  Memory / Maxmem  Fullness 
------------       ---------------  ---------------  -------- 
models                  18/1024          864/49152    ( 1.8%) 
brushes                434/8192         5208/98304    ( 5.3%) 
brushsides            2654/65536       21232/524288   ( 4.0%) 
planes                 846/65536       16920/1310720  ( 1.3%) 
vertexes              4432/65536       53184/786432   ( 6.8%) 
nodes                 1481/65536       47392/2097152  ( 2.3%) 
texinfos               262/12288       18864/884736   ( 2.1%) 
texdata                 20/2048          640/65536    ( 1.0%) 
dispinfos              206/0           36256/0        ( 0.0%) 
disp_verts           16686/0          333720/0        ( 0.0%) 
disp_tris            26368/0           52736/0        ( 0.0%) 
disp_lmsamples      233856/0          233856/0        ( 0.0%) 
faces                 2625/65536      147000/3670016  ( 4.0%) 
hdr faces                0/65536           0/3670016  ( 0.0%) 
origfaces             1331/65536       74536/3670016  ( 2.0%) 
leaves                1500/65536       48000/2097152  ( 2.3%) 
leaffaces             2779/65536        5558/131072   ( 4.2%) 
leafbrushes           1314/65536        2628/131072   ( 2.0%) 
areas                    2/256            16/2048     ( 0.8%) 
surfedges            17500/512000      70000/2048000  ( 3.4%) 
edges                10119/256000      40476/1024000  ( 4.0%) 
LDR worldlights         62/8192         5456/720896   ( 0.8%) 
HDR worldlights          0/8192            0/720896   ( 0.0%) 
leafwaterdata            0/32768           0/393216   ( 0.0%) 
waterstrips            210/32768        2100/327680   ( 0.6%) 
waterverts               0/65536           0/786432   ( 0.0%) 
waterindices          3051/65536        6102/131072   ( 4.7%) 
cubemapsamples           0/1024            0/16384    ( 0.0%) 
overlays                15/512          5280/180224   ( 2.9%) 
LDR lightdata         [variable]     1674036/0        ( 0.0%) 
HDR lightdata         [variable]           0/0        ( 0.0%) 
visdata               [variable]       73072/16777216 ( 0.4%) 
entdata               [variable]       41485/393216   (10.6%) 
LDR ambient table     1500/65536        6000/262144   ( 2.3%) 
HDR ambient table     1500/65536        6000/262144   ( 2.3%) 
LDR leaf ambient      8192/65536      229376/1835008  (12.5%) 
HDR leaf ambient      1500/65536       42000/1835008  ( 2.3%) 
occluders                0/0               0/0        ( 0.0%) 
occluder polygons        0/0               0/0        ( 0.0%) 
occluder vert ind        0/0               0/0        ( 0.0%) 
detail props          [variable]           1/12       ( 8.3%) 
static props          [variable]           1/12936    ( 0.0%) 
pakfile               [variable]        1161/0        ( 0.0%) 
physics               [variable]      159238/4194304  ( 3.8%) 
physics terrain       [variable]       40670/1048576  ( 3.9%) 

Level flags = 0

Total triangle count: 6937
Writing d:\documents\mapping\tf2\tf2-maps\labor\a2a\koth_labor_a2a.bsp
21 seconds elapsed



materialPath: D:\Program Files (x86)\Steam\steamapps\common\Team Fortress 2\tf\materials
Loading d:\documents\mapping\tf2\tf2-maps\labor\a2a\koth_labor_a2a.vmf
Brush 107754: FloatPlane: bad normal
Side 3
Texture: TOOLS/TOOLSBLOCKBULLETS



4 threads
reading d:\documents\mapping\tf2\tf2-maps\labor\a2a\koth_labor_a2a.bsp
reading d:\documents\mapping\tf2\tf2-maps\labor\a2a\koth_labor_a2a.prt
LoadPortals: couldn't read d:\documents\mapping\tf2\tf2-maps\labor\a2a\koth_labor_a2a.prt



[Reading texlights from 'lights.rad']
[56 texlights parsed from 'lights.rad']

Loading d:\documents\mapping\tf2\tf2-maps\labor\a2a\koth_labor_a2a.bsp
2625 faces
863607 square feet [124359464.00 square inches]
206 Displacements
81318 Square Feet [11709875.00 Square Inches]
2625 patches before subdivision
84917 patches after subdivision
62 direct lights
0...1...2...3...4...5...6...7...8...9...100...1...2...3...4...5...6...7...8...9...10transfers 7211697, max 425
transfer lists:  55.0 megs
0...1...2...3...4...5...6...7...8...9...10	Bounce #1 added RGB(298962, 308057, 320097)
0...1...2...3...4...5...6...7...8...9...10	Bounce #2 added RGB(62580, 59119, 62030)
0...1...2...3...4...5...6...7...8...9...10	Bounce #3 added RGB(15032, 13388, 14050)
0...1...2...3...4...5...6...7...8...9...10	Bounce #4 added RGB(3838, 3295, 3461)
0...1...2...3...4...5...6...7...8...9...10	Bounce #5 added RGB(1017, 851, 894)
0...1...2...3...4...5...6...7...8...9...10	Bounce #6 added RGB(275, 226, 237)
0...1...2...3...4...5...6...7...8...9...10	Bounce #7 added RGB(76, 61, 64)
0...1...2...3...4...5...6...7...8...9...10	Bounce #8 added RGB(21, 17, 17)
0...1...2...3...4...5...6...7...8...9...10	Bounce #9 added RGB(6, 5, 5)
0...1...2...3...4...5...6...7...8...9...10	Bounce #10 added RGB(2, 1, 1)
0...1...2...3...4...5...6...7...8...9...10	Bounce #11 added RGB(0, 0, 0)
Build Patch/Sample Hash Table(s).....Done<0.0201 sec>
0...1...2...3...4...5...6...7...8...9...10FinalLightFace Done
0 of 0 (0% of) surface lights went in leaf ambient cubes.
0...1...2...3...4...5...6...7...8...9...10Writing leaf ambient...done
Ready to Finish

Object names       Objects/Maxobjs  Memory / Maxmem  Fullness 
------------       ---------------  ---------------  -------- 
models                  18/1024          864/49152    ( 1.8%) 
brushes                434/8192         5208/98304    ( 5.3%) 
brushsides            2654/65536       21232/524288   ( 4.0%) 
planes                 846/65536       16920/1310720  ( 1.3%) 
vertexes              4432/65536       53184/786432   ( 6.8%) 
nodes                 1481/65536       47392/2097152  ( 2.3%) 
texinfos               262/12288       18864/884736   ( 2.1%) 
texdata                 20/2048          640/65536    ( 1.0%) 
dispinfos              206/0           36256/0        ( 0.0%) 
disp_verts           16686/0          333720/0        ( 0.0%) 
disp_tris            26368/0           52736/0        ( 0.0%) 
disp_lmsamples      233856/0          233856/0        ( 0.0%) 
faces                 2625/65536      147000/3670016  ( 4.0%) 
hdr faces                0/65536           0/3670016  ( 0.0%) 
origfaces             1331/65536       74536/3670016  ( 2.0%) 
leaves                1500/65536       48000/2097152  ( 2.3%) 
leaffaces             2779/65536        5558/131072   ( 4.2%) 
leafbrushes           1314/65536        2628/131072   ( 2.0%) 
areas                    2/256            16/2048     ( 0.8%) 
surfedges            17500/512000      70000/2048000  ( 3.4%) 
edges                10119/256000      40476/1024000  ( 4.0%) 
LDR worldlights         62/8192         5456/720896   ( 0.8%) 
HDR worldlights          0/8192            0/720896   ( 0.0%) 
leafwaterdata            0/32768           0/393216   ( 0.0%) 
waterstrips            210/32768        2100/327680   ( 0.6%) 
waterverts               0/65536           0/786432   ( 0.0%) 
waterindices          3051/65536        6102/131072   ( 4.7%) 
cubemapsamples           0/1024            0/16384    ( 0.0%) 
overlays                15/512          5280/180224   ( 2.9%) 
LDR lightdata         [variable]     1674036/0        ( 0.0%) 
HDR lightdata         [variable]           0/0        ( 0.0%) 
visdata               [variable]       73072/16777216 ( 0.4%) 
entdata               [variable]       41485/393216   (10.6%) 
LDR ambient table     1500/65536        6000/262144   ( 2.3%) 
HDR ambient table     1500/65536        6000/262144   ( 2.3%) 
LDR leaf ambient      8192/65536      229376/1835008  (12.5%) 
HDR leaf ambient      1500/65536       42000/1835008  ( 2.3%) 
occluders                0/0               0/0        ( 0.0%) 
occluder polygons        0/0               0/0        ( 0.0%) 
occluder vert ind        0/0               0/0        ( 0.0%) 
detail props          [variable]           1/12       ( 8.3%) 
static props          [variable]           1/12936    ( 0.0%) 
pakfile               [variable]        1161/0        ( 0.0%) 
physics               [variable]      159238/4194304  ( 3.8%) 
physics terrain       [variable]       40670/1048576  ( 3.9%) 

Level flags = 0

Total triangle count: 6937
Writing d:\documents\mapping\tf2\tf2-maps\labor\a2a\koth_labor_a2a.bsp
19 seconds elapsed



materialPath: D:\Program Files (x86)\Steam\steamapps\common\Team Fortress 2\tf\materials
Loading d:\documents\mapping\tf2\tf2-maps\labor\a2a\koth_labor_a2a.vmf
ConVarRef mat_reduceparticles doesn't point to an existing ConVar
Patching WVT material: maps/koth_labor_a2a/dev/dev_blendmeasure2_wvt_patch
Patching WVT material: maps/koth_labor_a2a/dev/dev_blendmeasure_wvt_patch
Patching WVT material: maps/koth_labor_a2a/winter/blendgraveltograss002_wvt_patch
fixing up env_cubemap materials on brush sides...
0...1...2...3...4...5...6...7...8...9...100...1...2...3...4...5...6...7...8...9...10Processing areas...done (0)
Building Faces...done (0)
Chop Details...done (0)
Find Visible Detail Sides...done (0)
Merging details...done (0)
FixTjuncs...
PruneNodes...
WriteBSP...
done (0)
writing d:\documents\mapping\tf2\tf2-maps\labor\a2a\koth_labor_a2a.prt...Building visibility clusters...
done (0)
*** Error: Skybox vtf files for skybox/sky_alpinestorm_01 weren't compiled with the same size texture and/or same flags!
Can't load skybox file skybox/sky_alpinestorm_01 to build the default cubemap!
*** Error: Skybox vtf files for skybox/sky_alpinestorm_01 weren't compiled with the same size texture and/or same flags!
Can't load skybox file skybox/sky_alpinestorm_01 to build the default cubemap!
Finding displacement neighbors...
Finding lightmap sample positions...
Displacement Alpha : 0...1...2...3...4...5...6...7...8...9...10
Building Physics collision data...
done (0) (158774 bytes)
Placing detail props : 0...1...2...3...4...5...6...7...8...9...10
Compacting texture/material tables...
Reduced 549 texinfos to 259
Reduced 23 texdatas to 19 (617 bytes to 497)
Writing d:\documents\mapping\tf2\tf2-maps\labor\a2a\koth_labor_a2a.bsp
MSG_FILEWRITE - Filesystem was asked to write to 'd:\documents\mapping\tf2\tf2-maps\labor\a2a\koth_labor_a2a.bsp', but we don't own that location. Allowing.
Wrote ZIP buffer, estimated size 1509, actual size 1161
1 second elapsed



4 threads
reading d:\documents\mapping\tf2\tf2-maps\labor\a2a\koth_labor_a2a.bsp
reading d:\documents\mapping\tf2\tf2-maps\labor\a2a\koth_labor_a2a.prt
 606 portalclusters
1647 numportals
0...1...2...3...4...5...6...7...8...9...100...1...2...3...4...5...6...7...8...9...10Optimized: 990 visible clusters (1.04%)
Total clusters visible: 95140
Average clusters visible: 156
Building PAS...
Average clusters audible: 411
visdatasize:74916  compressed from 96960
writing d:\documents\mapping\tf2\tf2-maps\labor\a2a\koth_labor_a2a.bsp
MSG_FILEWRITE - Filesystem was asked to write to 'd:\documents\mapping\tf2\tf2-maps\labor\a2a\koth_labor_a2a.bsp', but we don't own that location. Allowing.
3 seconds elapsed



[Reading texlights from 'lights.rad']
[56 texlights parsed from 'lights.rad']

Loading d:\documents\mapping\tf2\tf2-maps\labor\a2a\koth_labor_a2a.bsp
2633 faces
863465 square feet [124339048.00 square inches]
206 Displacements
81318 Square Feet [11709875.00 Square Inches]
2633 patches before subdivision
85009 patches after subdivision
62 direct lights
0...1...2...3...4...5...6...7...8...9...100...1...2...3...4...5...6...7...8...9...10transfers 7207458, max 427
transfer lists:  55.0 megs
0...1...2...3...4...5...6...7...8...9...10	Bounce #1 added RGB(299693, 309017, 321152)
0...1...2...3...4...5...6...7...8...9...10	Bounce #2 added RGB(62992, 59631, 62587)
0...1...2...3...4...5...6...7...8...9...10	Bounce #3 added RGB(15122, 13495, 14168)
0...1...2...3...4...5...6...7...8...9...10	Bounce #4 added RGB(3860, 3320, 3489)
0...1...2...3...4...5...6...7...8...9...10	Bounce #5 added RGB(1022, 857, 900)
0...1...2...3...4...5...6...7...8...9...10	Bounce #6 added RGB(276, 227, 239)
0...1...2...3...4...5...6...7...8...9...10	Bounce #7 added RGB(76, 61, 64)
0...1...2...3...4...5...6...7...8...9...10	Bounce #8 added RGB(21, 17, 18)
0...1...2...3...4...5...6...7...8...9...10	Bounce #9 added RGB(6, 5, 5)
0...1...2...3...4...5...6...7...8...9...10	Bounce #10 added RGB(2, 1, 1)
0...1...2...3...4...5...6...7...8...9...10	Bounce #11 added RGB(0, 0, 0)
Build Patch/Sample Hash Table(s).....Done<0.0210 sec>
0...1...2...3...4...5...6...7...8...9...10FinalLightFace Done
0 of 0 (0% of) surface lights went in leaf ambient cubes.
0...1...2...3...4...5...6...7...8...9...10Writing leaf ambient...done
Ready to Finish

Object names       Objects/Maxobjs  Memory / Maxmem  Fullness 
------------       ---------------  ---------------  -------- 
models                  18/1024          864/49152    ( 1.8%) 
brushes                432/8192         5184/98304    ( 5.3%) 
brushsides            2638/65536       21104/524288   ( 4.0%) 
planes                 840/65536       16800/1310720  ( 1.3%) 
vertexes              4425/65536       53100/786432   ( 6.8%) 
nodes                 1487/65536       47584/2097152  ( 2.3%) 
texinfos               259/12288       18648/884736   ( 2.1%) 
texdata                 19/2048          608/65536    ( 0.9%) 
dispinfos              206/0           36256/0        ( 0.0%) 
disp_verts           16686/0          333720/0        ( 0.0%) 
disp_tris            26368/0           52736/0        ( 0.0%) 
disp_lmsamples      233856/0          233856/0        ( 0.0%) 
faces                 2633/65536      147448/3670016  ( 4.0%) 
hdr faces                0/65536           0/3670016  ( 0.0%) 
origfaces             1336/65536       74816/3670016  ( 2.0%) 
leaves                1506/65536       48192/2097152  ( 2.3%) 
leaffaces             2792/65536        5584/131072   ( 4.3%) 
leafbrushes           1306/65536        2612/131072   ( 2.0%) 
areas                    2/256            16/2048     ( 0.8%) 
surfedges            17517/512000      70068/2048000  ( 3.4%) 
edges                10109/256000      40436/1024000  ( 3.9%) 
LDR worldlights         62/8192         5456/720896   ( 0.8%) 
HDR worldlights          0/8192            0/720896   ( 0.0%) 
leafwaterdata            0/32768           0/393216   ( 0.0%) 
waterstrips            195/32768        1950/327680   ( 0.6%) 
waterverts               0/65536           0/786432   ( 0.0%) 
waterindices          2823/65536        5646/131072   ( 4.3%) 
cubemapsamples           0/1024            0/16384    ( 0.0%) 
overlays                15/512          5280/180224   ( 2.9%) 
LDR lightdata         [variable]     1679272/0        ( 0.0%) 
HDR lightdata         [variable]           0/0        ( 0.0%) 
visdata               [variable]       74916/16777216 ( 0.4%) 
entdata               [variable]       41485/393216   (10.6%) 
LDR ambient table     1506/65536        6024/262144   ( 2.3%) 
HDR ambient table     1506/65536        6024/262144   ( 2.3%) 
LDR leaf ambient      8336/65536      233408/1835008  (12.7%) 
HDR leaf ambient      1506/65536       42168/1835008  ( 2.3%) 
occluders                0/0               0/0        ( 0.0%) 
occluder polygons        0/0               0/0        ( 0.0%) 
occluder vert ind        0/0               0/0        ( 0.0%) 
detail props          [variable]           1/12       ( 8.3%) 
static props          [variable]           1/12232    ( 0.0%) 
pakfile               [variable]        1161/0        ( 0.0%) 
physics               [variable]      158774/4194304  ( 3.8%) 
physics terrain       [variable]       40670/1048576  ( 3.9%) 

Level flags = 0

Total triangle count: 6918
Writing d:\documents\mapping\tf2\tf2-maps\labor\a2a\koth_labor_a2a.bsp
18 seconds elapsed



materialPath: D:\Program Files (x86)\Steam\steamapps\common\Team Fortress 2\tf\materials
Loading d:\documents\mapping\tf2\tf2-maps\labor\a2a\koth_labor_a2a.vmf
ConVarRef mat_reduceparticles doesn't point to an existing ConVar
Patching WVT material: maps/koth_labor_a2a/dev/dev_blendmeasure2_wvt_patch
Patching WVT material: maps/koth_labor_a2a/dev/dev_blendmeasure_wvt_patch
Patching WVT material: maps/koth_labor_a2a/winter/blendgraveltograss002_wvt_patch
fixing up env_cubemap materials on brush sides...
0...1...2...3...4...5...6...7...8...9...100...1...2...3...4...5...6...7...8...9...10Processing areas...done (0)
Building Faces...done (0)
Chop Details...done (0)
Find Visible Detail Sides...done (0)
Merging details...done (0)
FixTjuncs...
PruneNodes...
WriteBSP...
done (0)
writing d:\documents\mapping\tf2\tf2-maps\labor\a2a\koth_labor_a2a.prt...Building visibility clusters...
done (0)
*** Error: Skybox vtf files for skybox/sky_alpinestorm_01 weren't compiled with the same size texture and/or same flags!
Can't load skybox file skybox/sky_alpinestorm_01 to build the default cubemap!
*** Error: Skybox vtf files for skybox/sky_alpinestorm_01 weren't compiled with the same size texture and/or same flags!
Can't load skybox file skybox/sky_alpinestorm_01 to build the default cubemap!
Finding displacement neighbors...
Finding lightmap sample positions...
Displacement Alpha : 0...1...2...3...4...5...6...7...8...9...10
Building Physics collision data...
done (0) (158774 bytes)
Placing detail props : 0...1...2...3...4...5...6...7...8...9...10
Compacting texture/material tables...
Reduced 566 texinfos to 263
Reduced 23 texdatas to 19 (617 bytes to 497)
Writing d:\documents\mapping\tf2\tf2-maps\labor\a2a\koth_labor_a2a.bsp
MSG_FILEWRITE - Filesystem was asked to write to 'd:\documents\mapping\tf2\tf2-maps\labor\a2a\koth_labor_a2a.bsp', but we don't own that location. Allowing.
Wrote ZIP buffer, estimated size 1509, actual size 1161
1 second elapsed



4 threads
reading d:\documents\mapping\tf2\tf2-maps\labor\a2a\koth_labor_a2a.bsp
reading d:\documents\mapping\tf2\tf2-maps\labor\a2a\koth_labor_a2a.prt
 606 portalclusters
1647 numportals
0...1...2...3...4...5...6...7...8...9...100...1...2...3...4...5...6...7...8...9...10Optimized: 990 visible clusters (1.04%)
Total clusters visible: 95140
Average clusters visible: 156
Building PAS...
Average clusters audible: 411
visdatasize:74916  compressed from 96960
writing d:\documents\mapping\tf2\tf2-maps\labor\a2a\koth_labor_a2a.bsp
MSG_FILEWRITE - Filesystem was asked to write to 'd:\documents\mapping\tf2\tf2-maps\labor\a2a\koth_labor_a2a.bsp', but we don't own that location. Allowing.
4 seconds elapsed



[Reading texlights from 'lights.rad']
[56 texlights parsed from 'lights.rad']

Loading d:\documents\mapping\tf2\tf2-maps\labor\a2a\koth_labor_a2a.bsp
2631 faces
863465 square feet [124339048.00 square inches]
204 Displacements
83779 Square Feet [12064274.00 Square Inches]
2631 patches before subdivision
85239 patches after subdivision
62 direct lights
0...1...2...3...4...5...6...7...8...9...100...1...2...3...4...5...6...7...8...9...10transfers 7218692, max 427
transfer lists:  55.1 megs
0...1...2...3...4...5...6...7...8...9...10	Bounce #1 added RGB(299733, 309133, 321298)
0...1...2...3...4...5...6...7...8...9...10	Bounce #2 added RGB(63039, 59661, 62613)
0...1...2...3...4...5...6...7...8...9...10	Bounce #3 added RGB(15123, 13490, 14162)
0...1...2...3...4...5...6...7...8...9...10	Bounce #4 added RGB(3859, 3317, 3486)
0...1...2...3...4...5...6...7...8...9...10	Bounce #5 added RGB(1021, 856, 899)
0...1...2...3...4...5...6...7...8...9...10	Bounce #6 added RGB(276, 227, 238)
0...1...2...3...4...5...6...7...8...9...10	Bounce #7 added RGB(76, 61, 64)
0...1...2...3...4...5...6...7...8...9...10	Bounce #8 added RGB(21, 17, 18)
0...1...2...3...4...5...6...7...8...9...10	Bounce #9 added RGB(6, 5, 5)
0...1...2...3...4...5...6...7...8...9...10	Bounce #10 added RGB(2, 1, 1)
0...1...2...3...4...5...6...7...8...9...10	Bounce #11 added RGB(0, 0, 0)
Build Patch/Sample Hash Table(s).....Done<0.0200 sec>
0...1...2...3...4...5...6...7...8...9...10FinalLightFace Done
0 of 0 (0% of) surface lights went in leaf ambient cubes.
0...1...2...3...4...5...6...7...8...9...10Writing leaf ambient...done
Ready to Finish

Object names       Objects/Maxobjs  Memory / Maxmem  Fullness 
------------       ---------------  ---------------  -------- 
models                  18/1024          864/49152    ( 1.8%) 
brushes                432/8192         5184/98304    ( 5.3%) 
brushsides            2638/65536       21104/524288   ( 4.0%) 
planes                 836/65536       16720/1310720  ( 1.3%) 
vertexes              4427/65536       53124/786432   ( 6.8%) 
nodes                 1487/65536       47584/2097152  ( 2.3%) 
texinfos               263/12288       18936/884736   ( 2.1%) 
texdata                 19/2048          608/65536    ( 0.9%) 
dispinfos              204/0           35904/0        ( 0.0%) 
disp_verts           16524/0          330480/0        ( 0.0%) 
disp_tris            26112/0           52224/0        ( 0.0%) 
disp_lmsamples      240000/0          240000/0        ( 0.0%) 
faces                 2631/65536      147336/3670016  ( 4.0%) 
hdr faces                0/65536           0/3670016  ( 0.0%) 
origfaces             1334/65536       74704/3670016  ( 2.0%) 
leaves                1506/65536       48192/2097152  ( 2.3%) 
leaffaces             2792/65536        5584/131072   ( 4.3%) 
leafbrushes           1306/65536        2612/131072   ( 2.0%) 
areas                    2/256            16/2048     ( 0.8%) 
surfedges            17501/512000      70004/2048000  ( 3.4%) 
edges                10089/256000      40356/1024000  ( 3.9%) 
LDR worldlights         62/8192         5456/720896   ( 0.8%) 
HDR worldlights          0/8192            0/720896   ( 0.0%) 
leafwaterdata            0/32768           0/393216   ( 0.0%) 
waterstrips            195/32768        1950/327680   ( 0.6%) 
waterverts               0/65536           0/786432   ( 0.0%) 
waterindices          2823/65536        5646/131072   ( 4.3%) 
cubemapsamples           0/1024            0/16384    ( 0.0%) 
overlays                15/512          5280/180224   ( 2.9%) 
LDR lightdata         [variable]     1685408/0        ( 0.0%) 
HDR lightdata         [variable]           0/0        ( 0.0%) 
visdata               [variable]       74916/16777216 ( 0.4%) 
entdata               [variable]       41485/393216   (10.6%) 
LDR ambient table     1506/65536        6024/262144   ( 2.3%) 
HDR ambient table     1506/65536        6024/262144   ( 2.3%) 
LDR leaf ambient      8341/65536      233548/1835008  (12.7%) 
HDR leaf ambient      1506/65536       42168/1835008  ( 2.3%) 
occluders                0/0               0/0        ( 0.0%) 
occluder polygons        0/0               0/0        ( 0.0%) 
occluder vert ind        0/0               0/0        ( 0.0%) 
detail props          [variable]           1/12       ( 8.3%) 
static props          [variable]           1/13092    ( 0.0%) 
pakfile               [variable]        1161/0        ( 0.0%) 
physics               [variable]      158774/4194304  ( 3.8%) 
physics terrain       [variable]       39360/1048576  ( 3.8%) 

Level flags = 0

Total triangle count: 6914
Writing d:\documents\mapping\tf2\tf2-maps\labor\a2a\koth_labor_a2a.bsp
20 seconds elapsed



materialPath: D:\Program Files (x86)\Steam\steamapps\common\Team Fortress 2\tf\materials
Loading d:\documents\mapping\tf2\tf2-maps\labor\a2a\koth_labor_a2a.vmf
ConVarRef mat_reduceparticles doesn't point to an existing ConVar
Patching WVT material: maps/koth_labor_a2a/dev/dev_blendmeasure2_wvt_patch
Patching WVT material: maps/koth_labor_a2a/dev/dev_blendmeasure_wvt_patch
Patching WVT material: maps/koth_labor_a2a/winter/blendgraveltograss002_wvt_patch
fixing up env_cubemap materials on brush sides...
0...1...2...3...4...5...6...7...8...9...100...1...2...3...4...5...6...7...8...9...10Processing areas...done (0)
Building Faces...done (0)
Chop Details...done (0)
Find Visible Detail Sides...done (0)
Merging details...done (0)
FixTjuncs...
PruneNodes...
WriteBSP...
done (0)
writing d:\documents\mapping\tf2\tf2-maps\labor\a2a\koth_labor_a2a.prt...Building visibility clusters...
done (0)
*** Error: Skybox vtf files for skybox/sky_alpinestorm_01 weren't compiled with the same size texture and/or same flags!
Can't load skybox file skybox/sky_alpinestorm_01 to build the default cubemap!
*** Error: Skybox vtf files for skybox/sky_alpinestorm_01 weren't compiled with the same size texture and/or same flags!
Can't load skybox file skybox/sky_alpinestorm_01 to build the default cubemap!
Finding displacement neighbors...
Finding lightmap sample positions...
Displacement Alpha : 0...1...2...3...4...5...6...7...8...9...10
Building Physics collision data...
done (0) (158774 bytes)
Placing detail props : 0...1...2...3...4...5...6...7...8...9...10
Compacting texture/material tables...
Reduced 566 texinfos to 263
Reduced 23 texdatas to 19 (617 bytes to 497)
Writing d:\documents\mapping\tf2\tf2-maps\labor\a2a\koth_labor_a2a.bsp
MSG_FILEWRITE - Filesystem was asked to write to 'd:\documents\mapping\tf2\tf2-maps\labor\a2a\koth_labor_a2a.bsp', but we don't own that location. Allowing.
Wrote ZIP buffer, estimated size 1509, actual size 1161
1 second elapsed



4 threads
reading d:\documents\mapping\tf2\tf2-maps\labor\a2a\koth_labor_a2a.bsp
reading d:\documents\mapping\tf2\tf2-maps\labor\a2a\koth_labor_a2a.prt
 606 portalclusters
1647 numportals
0...1...2...3...4...5...6...7...8...9...100...1...2...3...4...5...6...7...8...9...10Optimized: 990 visible clusters (1.04%)
Total clusters visible: 95140
Average clusters visible: 156
Building PAS...
Average clusters audible: 411
visdatasize:74916  compressed from 96960
writing d:\documents\mapping\tf2\tf2-maps\labor\a2a\koth_labor_a2a.bsp
MSG_FILEWRITE - Filesystem was asked to write to 'd:\documents\mapping\tf2\tf2-maps\labor\a2a\koth_labor_a2a.bsp', but we don't own that location. Allowing.
3 seconds elapsed



[Reading texlights from 'lights.rad']
[56 texlights parsed from 'lights.rad']

Loading d:\documents\mapping\tf2\tf2-maps\labor\a2a\koth_labor_a2a.bsp
2631 faces
863465 square feet [124339048.00 square inches]
204 Displacements
83779 Square Feet [12064274.00 Square Inches]
2631 patches before subdivision
85239 patches after subdivision
62 direct lights
0...1...2...3...4...5...6...7...8...9...100...1...2...3...4...5...6...7...8...9...10transfers 7221812, max 427
transfer lists:  55.1 megs
0...1...2...3...4...5...6...7...8...9...10	Bounce #1 added RGB(299724, 309129, 321296)
0...1...2...3...4...5...6...7...8...9...10	Bounce #2 added RGB(63038, 59660, 62613)
0...1...2...3...4...5...6...7...8...9...10	Bounce #3 added RGB(15123, 13490, 14163)
0...1...2...3...4...5...6...7...8...9...10	Bounce #4 added RGB(3859, 3317, 3487)
0...1...2...3...4...5...6...7...8...9...10	Bounce #5 added RGB(1021, 856, 899)
0...1...2...3...4...5...6...7...8...9...10	Bounce #6 added RGB(276, 227, 238)
0...1...2...3...4...5...6...7...8...9...10	Bounce #7 added RGB(76, 61, 64)
0...1...2...3...4...5...6...7...8...9...10	Bounce #8 added RGB(21, 17, 18)
0...1...2...3...4...5...6...7...8...9...10	Bounce #9 added RGB(6, 5, 5)
0...1...2...3...4...5...6...7...8...9...10	Bounce #10 added RGB(2, 1, 1)
0...1...2...3...4...5...6...7...8...9...10	Bounce #11 added RGB(0, 0, 0)
Build Patch/Sample Hash Table(s).....Done<0.0215 sec>
0...1...2...3...4...5...6...7...8...9...10FinalLightFace Done
0 of 0 (0% of) surface lights went in leaf ambient cubes.
0...1...2...3...4...5...6...7...8...9...10Writing leaf ambient...done
Ready to Finish

Object names       Objects/Maxobjs  Memory / Maxmem  Fullness 
------------       ---------------  ---------------  -------- 
models                  18/1024          864/49152    ( 1.8%) 
brushes                432/8192         5184/98304    ( 5.3%) 
brushsides            2638/65536       21104/524288   ( 4.0%) 
planes                 836/65536       16720/1310720  ( 1.3%) 
vertexes              4427/65536       53124/786432   ( 6.8%) 
nodes                 1487/65536       47584/2097152  ( 2.3%) 
texinfos               263/12288       18936/884736   ( 2.1%) 
texdata                 19/2048          608/65536    ( 0.9%) 
dispinfos              204/0           35904/0        ( 0.0%) 
disp_verts           16524/0          330480/0        ( 0.0%) 
disp_tris            26112/0           52224/0        ( 0.0%) 
disp_lmsamples      240000/0          240000/0        ( 0.0%) 
faces                 2631/65536      147336/3670016  ( 4.0%) 
hdr faces                0/65536           0/3670016  ( 0.0%) 
origfaces             1334/65536       74704/3670016  ( 2.0%) 
leaves                1506/65536       48192/2097152  ( 2.3%) 
leaffaces             2792/65536        5584/131072   ( 4.3%) 
leafbrushes           1306/65536        2612/131072   ( 2.0%) 
areas                    2/256            16/2048     ( 0.8%) 
surfedges            17501/512000      70004/2048000  ( 3.4%) 
edges                10089/256000      40356/1024000  ( 3.9%) 
LDR worldlights         62/8192         5456/720896   ( 0.8%) 
HDR worldlights          0/8192            0/720896   ( 0.0%) 
leafwaterdata            0/32768           0/393216   ( 0.0%) 
waterstrips            195/32768        1950/327680   ( 0.6%) 
waterverts               0/65536           0/786432   ( 0.0%) 
waterindices          2823/65536        5646/131072   ( 4.3%) 
cubemapsamples           0/1024            0/16384    ( 0.0%) 
overlays                15/512          5280/180224   ( 2.9%) 
LDR lightdata         [variable]     1685408/0        ( 0.0%) 
HDR lightdata         [variable]           0/0        ( 0.0%) 
visdata               [variable]       74916/16777216 ( 0.4%) 
entdata               [variable]       41485/393216   (10.6%) 
LDR ambient table     1506/65536        6024/262144   ( 2.3%) 
HDR ambient table     1506/65536        6024/262144   ( 2.3%) 
LDR leaf ambient      8347/65536      233716/1835008  (12.7%) 
HDR leaf ambient      1506/65536       42168/1835008  ( 2.3%) 
occluders                0/0               0/0        ( 0.0%) 
occluder polygons        0/0               0/0        ( 0.0%) 
occluder vert ind        0/0               0/0        ( 0.0%) 
detail props          [variable]           1/12       ( 8.3%) 
static props          [variable]           1/13092    ( 0.0%) 
pakfile               [variable]        1161/0        ( 0.0%) 
physics               [variable]      158774/4194304  ( 3.8%) 
physics terrain       [variable]       39360/1048576  ( 3.8%) 

Level flags = 0

Total triangle count: 6914
Writing d:\documents\mapping\tf2\tf2-maps\labor\a2a\koth_labor_a2a.bsp
23 seconds elapsed



materialPath: D:\Program Files (x86)\Steam\steamapps\common\Team Fortress 2\tf\materials
Loading d:\documents\mapping\tf2\tf2-maps\labor\a2a\koth_labor_a2a.vmf
ConVarRef mat_reduceparticles doesn't point to an existing ConVar
Patching WVT material: maps/koth_labor_a2a/dev/dev_blendmeasure2_wvt_patch
Patching WVT material: maps/koth_labor_a2a/dev/dev_blendmeasure_wvt_patch
Patching WVT material: maps/koth_labor_a2a/winter/blendgraveltograss002_wvt_patch
fixing up env_cubemap materials on brush sides...
0...1...2...3...4...5...6...7...8...9...100...1...2...3...4...5...6...7...8...9...10Processing areas...done (0)
Building Faces...done (0)
Chop Details...done (0)
Find Visible Detail Sides...done (0)
Merging details...done (0)
FixTjuncs...
PruneNodes...
WriteBSP...
done (0)
writing d:\documents\mapping\tf2\tf2-maps\labor\a2a\koth_labor_a2a.prt...Building visibility clusters...
done (0)
*** Error: Skybox vtf files for skybox/sky_alpinestorm_01 weren't compiled with the same size texture and/or same flags!
Can't load skybox file skybox/sky_alpinestorm_01 to build the default cubemap!
*** Error: Skybox vtf files for skybox/sky_alpinestorm_01 weren't compiled with the same size texture and/or same flags!
Can't load skybox file skybox/sky_alpinestorm_01 to build the default cubemap!
Finding displacement neighbors...
Finding lightmap sample positions...
Displacement Alpha : 0...1...2...3...4...5...6...7...8...9...10
Building Physics collision data...
done (0) (158774 bytes)
Placing detail props : 0...1...2...3...4...5...6...7...8...9...10
Compacting texture/material tables...
Reduced 566 texinfos to 263
Reduced 23 texdatas to 19 (617 bytes to 497)
Writing d:\documents\mapping\tf2\tf2-maps\labor\a2a\koth_labor_a2a.bsp
MSG_FILEWRITE - Filesystem was asked to write to 'd:\documents\mapping\tf2\tf2-maps\labor\a2a\koth_labor_a2a.bsp', but we don't own that location. Allowing.
Wrote ZIP buffer, estimated size 1509, actual size 1161
1 second elapsed



4 threads
reading d:\documents\mapping\tf2\tf2-maps\labor\a2a\koth_labor_a2a.bsp
reading d:\documents\mapping\tf2\tf2-maps\labor\a2a\koth_labor_a2a.prt
 606 portalclusters
1647 numportals
0...1...2...3...4...5...6...7...8...9...100...1...2...3...4...5...6...7...8...9...10Optimized: 990 visible clusters (1.04%)
Total clusters visible: 95140
Average clusters visible: 156
Building PAS...
Average clusters audible: 411
visdatasize:74916  compressed from 96960
writing d:\documents\mapping\tf2\tf2-maps\labor\a2a\koth_labor_a2a.bsp
MSG_FILEWRITE - Filesystem was asked to write to 'd:\documents\mapping\tf2\tf2-maps\labor\a2a\koth_labor_a2a.bsp', but we don't own that location. Allowing.
3 seconds elapsed



[Reading texlights from 'lights.rad']
[56 texlights parsed from 'lights.rad']

Loading d:\documents\mapping\tf2\tf2-maps\labor\a2a\koth_labor_a2a.bsp
2631 faces
863465 square feet [124339048.00 square inches]
204 Displacements
83779 Square Feet [12064274.00 Square Inches]
2631 patches before subdivision
85239 patches after subdivision
62 direct lights
0...1...2...3...4...5...6...7...8...9...100...1...2...3...4...5...6...7...8...9...10transfers 7223765, max 427
transfer lists:  55.1 megs
0...1...2...3...4...5...6...7...8...9...10	Bounce #1 added RGB(299784, 309204, 321377)
0...1...2...3...4...5...6...7...8...9...10	Bounce #2 added RGB(63050, 59676, 62629)
0...1...2...3...4...5...6...7...8...9...10	Bounce #3 added RGB(15126, 13493, 14166)
0...1...2...3...4...5...6...7...8...9...10	Bounce #4 added RGB(3859, 3318, 3487)
0...1...2...3...4...5...6...7...8...9...10	Bounce #5 added RGB(1021, 856, 899)
0...1...2...3...4...5...6...7...8...9...10	Bounce #6 added RGB(276, 227, 238)
0...1...2...3...4...5...6...7...8...9...10	Bounce #7 added RGB(76, 61, 64)
0...1...2...3...4...5...6...7...8...9...10	Bounce #8 added RGB(21, 17, 18)
0...1...2...3...4...5...6...7...8...9...10	Bounce #9 added RGB(6, 5, 5)
0...1...2...3...4...5...6...7...8...9...10	Bounce #10 added RGB(2, 1, 1)
0...1...2...3...4...5...6...7...8...9...10	Bounce #11 added RGB(0, 0, 0)
Build Patch/Sample Hash Table(s).....Done<0.0208 sec>
0...1...2...3...4...5...6...7...8...9...10FinalLightFace Done
0 of 0 (0% of) surface lights went in leaf ambient cubes.
0...1...2...3...4...5...6...7...8...9...10Writing leaf ambient...done
Ready to Finish

Object names       Objects/Maxobjs  Memory / Maxmem  Fullness 
------------       ---------------  ---------------  -------- 
models                  18/1024          864/49152    ( 1.8%) 
brushes                432/8192         5184/98304    ( 5.3%) 
brushsides            2638/65536       21104/524288   ( 4.0%) 
planes                 836/65536       16720/1310720  ( 1.3%) 
vertexes              4427/65536       53124/786432   ( 6.8%) 
nodes                 1487/65536       47584/2097152  ( 2.3%) 
texinfos               263/12288       18936/884736   ( 2.1%) 
texdata                 19/2048          608/65536    ( 0.9%) 
dispinfos              204/0           35904/0        ( 0.0%) 
disp_verts           16524/0          330480/0        ( 0.0%) 
disp_tris            26112/0           52224/0        ( 0.0%) 
disp_lmsamples      240000/0          240000/0        ( 0.0%) 
faces                 2631/65536      147336/3670016  ( 4.0%) 
hdr faces                0/65536           0/3670016  ( 0.0%) 
origfaces             1334/65536       74704/3670016  ( 2.0%) 
leaves                1506/65536       48192/2097152  ( 2.3%) 
leaffaces             2792/65536        5584/131072   ( 4.3%) 
leafbrushes           1306/65536        2612/131072   ( 2.0%) 
areas                    2/256            16/2048     ( 0.8%) 
surfedges            17501/512000      70004/2048000  ( 3.4%) 
edges                10089/256000      40356/1024000  ( 3.9%) 
LDR worldlights         62/8192         5456/720896   ( 0.8%) 
HDR worldlights          0/8192            0/720896   ( 0.0%) 
leafwaterdata            0/32768           0/393216   ( 0.0%) 
waterstrips            195/32768        1950/327680   ( 0.6%) 
waterverts               0/65536           0/786432   ( 0.0%) 
waterindices          2823/65536        5646/131072   ( 4.3%) 
cubemapsamples           0/1024            0/16384    ( 0.0%) 
overlays                15/512          5280/180224   ( 2.9%) 
LDR lightdata         [variable]     1685408/0        ( 0.0%) 
HDR lightdata         [variable]           0/0        ( 0.0%) 
visdata               [variable]       74916/16777216 ( 0.4%) 
entdata               [variable]       41485/393216   (10.6%) 
LDR ambient table     1506/65536        6024/262144   ( 2.3%) 
HDR ambient table     1506/65536        6024/262144   ( 2.3%) 
LDR leaf ambient      8340/65536      233520/1835008  (12.7%) 
HDR leaf ambient      1506/65536       42168/1835008  ( 2.3%) 
occluders                0/0               0/0        ( 0.0%) 
occluder polygons        0/0               0/0        ( 0.0%) 
occluder vert ind        0/0               0/0        ( 0.0%) 
detail props          [variable]           1/12       ( 8.3%) 
static props          [variable]           1/12964    ( 0.0%) 
pakfile               [variable]        1161/0        ( 0.0%) 
physics               [variable]      158774/4194304  ( 3.8%) 
physics terrain       [variable]       39360/1048576  ( 3.8%) 

Level flags = 0

Total triangle count: 6914
Writing d:\documents\mapping\tf2\tf2-maps\labor\a2a\koth_labor_a2a.bsp
19 seconds elapsed



materialPath: D:\Program Files (x86)\Steam\steamapps\common\Team Fortress 2\tf\materials
Loading d:\documents\mapping\tf2\tf2-maps\labor\a2a\koth_labor_a2a.vmf
ConVarRef mat_reduceparticles doesn't point to an existing ConVar
Patching WVT material: maps/koth_labor_a2a/dev/dev_blendmeasure2_wvt_patch
Patching WVT material: maps/koth_labor_a2a/dev/dev_blendmeasure_wvt_patch
Patching WVT material: maps/koth_labor_a2a/winter/blendgraveltograss002_wvt_patch
fixing up env_cubemap materials on brush sides...
0...1...2...3...4...5...6...7...8...9...100...1...2...3...4...5...6...7...8...9...10Processing areas...done (0)
Building Faces...done (0)
Chop Details...done (0)
Find Visible Detail Sides...done (0)
Merging details...done (0)
FixTjuncs...
PruneNodes...
WriteBSP...
done (0)
writing d:\documents\mapping\tf2\tf2-maps\labor\a2a\koth_labor_a2a.prt...Building visibility clusters...
done (0)
*** Error: Skybox vtf files for skybox/sky_alpinestorm_01 weren't compiled with the same size texture and/or same flags!
Can't load skybox file skybox/sky_alpinestorm_01 to build the default cubemap!
*** Error: Skybox vtf files for skybox/sky_alpinestorm_01 weren't compiled with the same size texture and/or same flags!
Can't load skybox file skybox/sky_alpinestorm_01 to build the default cubemap!
Finding displacement neighbors...
Finding lightmap sample positions...
Displacement Alpha : 0...1...2...3...4...5...6...7...8...9...10
Building Physics collision data...
done (0) (158774 bytes)
Placing detail props : 0...1...2...3...4...5...6...7...8...9...10
Compacting texture/material tables...
Reduced 562 texinfos to 262
Reduced 23 texdatas to 19 (617 bytes to 497)
Writing d:\documents\mapping\tf2\tf2-maps\labor\a2a\koth_labor_a2a.bsp
MSG_FILEWRITE - Filesystem was asked to write to 'd:\documents\mapping\tf2\tf2-maps\labor\a2a\koth_labor_a2a.bsp', but we don't own that location. Allowing.
Wrote ZIP buffer, estimated size 1509, actual size 1161
1 second elapsed



4 threads
reading d:\documents\mapping\tf2\tf2-maps\labor\a2a\koth_labor_a2a.bsp
reading d:\documents\mapping\tf2\tf2-maps\labor\a2a\koth_labor_a2a.prt
 606 portalclusters
1647 numportals
0...1...2...3...4...5...6...7...8...9...100...1...2...3...4...5...6...7...8...9...10Optimized: 990 visible clusters (1.04%)
Total clusters visible: 95140
Average clusters visible: 156
Building PAS...
Average clusters audible: 411
visdatasize:74916  compressed from 96960
writing d:\documents\mapping\tf2\tf2-maps\labor\a2a\koth_labor_a2a.bsp
MSG_FILEWRITE - Filesystem was asked to write to 'd:\documents\mapping\tf2\tf2-maps\labor\a2a\koth_labor_a2a.bsp', but we don't own that location. Allowing.
3 seconds elapsed



[Reading texlights from 'lights.rad']
[56 texlights parsed from 'lights.rad']

Loading d:\documents\mapping\tf2\tf2-maps\labor\a2a\koth_labor_a2a.bsp
2631 faces
863465 square feet [124339048.00 square inches]
204 Displacements
83730 Square Feet [12057207.00 Square Inches]
2631 patches before subdivision
85335 patches after subdivision
62 direct lights
0...1...2...3...4...5...6...7...8...9...100...1...2...3...4...5...6...7...8...9...10transfers 7231143, max 423
transfer lists:  55.2 megs
0...1...2...3...4...5...6...7...8...9...10	Bounce #1 added RGB(299923, 309356, 321528)
0...1...2...3...4...5...6...7...8...9...10	Bounce #2 added RGB(63061, 59687, 62640)
0...1...2...3...4...5...6...7...8...9...10	Bounce #3 added RGB(15126, 13494, 14166)
0...1...2...3...4...5...6...7...8...9...10	Bounce #4 added RGB(3859, 3318, 3487)
0...1...2...3...4...5...6...7...8...9...10	Bounce #5 added RGB(1021, 856, 899)
0...1...2...3...4...5...6...7...8...9...10	Bounce #6 added RGB(276, 227, 238)
0...1...2...3...4...5...6...7...8...9...10	Bounce #7 added RGB(76, 61, 64)
0...1...2...3...4...5...6...7...8...9...10	Bounce #8 added RGB(21, 17, 18)
0...1...2...3...4...5...6...7...8...9...10	Bounce #9 added RGB(6, 5, 5)
0...1...2...3...4...5...6...7...8...9...10	Bounce #10 added RGB(2, 1, 1)
0...1...2...3...4...5...6...7...8...9...10	Bounce #11 added RGB(0, 0, 0)
Build Patch/Sample Hash Table(s).....Done<0.0205 sec>
0...1...2...3...4...5...6...7...8...9...10FinalLightFace Done
0 of 0 (0% of) surface lights went in leaf ambient cubes.
0...1...2...3...4...5...6...7...8...9...10Writing leaf ambient...done
Ready to Finish

Object names       Objects/Maxobjs  Memory / Maxmem  Fullness 
------------       ---------------  ---------------  -------- 
models                  18/1024          864/49152    ( 1.8%) 
brushes                432/8192         5184/98304    ( 5.3%) 
brushsides            2638/65536       21104/524288   ( 4.0%) 
planes                 836/65536       16720/1310720  ( 1.3%) 
vertexes              4427/65536       53124/786432   ( 6.8%) 
nodes                 1487/65536       47584/2097152  ( 2.3%) 
texinfos               262/12288       18864/884736   ( 2.1%) 
texdata                 19/2048          608/65536    ( 0.9%) 
dispinfos              204/0           35904/0        ( 0.0%) 
disp_verts           16524/0          330480/0        ( 0.0%) 
disp_tris            26112/0           52224/0        ( 0.0%) 
disp_lmsamples      240000/0          240000/0        ( 0.0%) 
faces                 2631/65536      147336/3670016  ( 4.0%) 
hdr faces                0/65536           0/3670016  ( 0.0%) 
origfaces             1334/65536       74704/3670016  ( 2.0%) 
leaves                1506/65536       48192/2097152  ( 2.3%) 
leaffaces             2792/65536        5584/131072   ( 4.3%) 
leafbrushes           1306/65536        2612/131072   ( 2.0%) 
areas                    2/256            16/2048     ( 0.8%) 
surfedges            17501/512000      70004/2048000  ( 3.4%) 
edges                10089/256000      40356/1024000  ( 3.9%) 
LDR worldlights         62/8192         5456/720896   ( 0.8%) 
HDR worldlights          0/8192            0/720896   ( 0.0%) 
leafwaterdata            0/32768           0/393216   ( 0.0%) 
waterstrips            195/32768        1950/327680   ( 0.6%) 
waterverts               0/65536           0/786432   ( 0.0%) 
waterindices          2823/65536        5646/131072   ( 4.3%) 
cubemapsamples           0/1024            0/16384    ( 0.0%) 
overlays                15/512          5280/180224   ( 2.9%) 
LDR lightdata         [variable]     1685408/0        ( 0.0%) 
HDR lightdata         [variable]           0/0        ( 0.0%) 
visdata               [variable]       74916/16777216 ( 0.4%) 
entdata               [variable]       41485/393216   (10.6%) 
LDR ambient table     1506/65536        6024/262144   ( 2.3%) 
HDR ambient table     1506/65536        6024/262144   ( 2.3%) 
LDR leaf ambient      8353/65536      233884/1835008  (12.7%) 
HDR leaf ambient      1506/65536       42168/1835008  ( 2.3%) 
occluders                0/0               0/0        ( 0.0%) 
occluder polygons        0/0               0/0        ( 0.0%) 
occluder vert ind        0/0               0/0        ( 0.0%) 
detail props          [variable]           1/12       ( 8.3%) 
static props          [variable]           1/12964    ( 0.0%) 
pakfile               [variable]        1161/0        ( 0.0%) 
physics               [variable]      158774/4194304  ( 3.8%) 
physics terrain       [variable]       40816/1048576  ( 3.9%) 

Level flags = 0

Total triangle count: 6914
Writing d:\documents\mapping\tf2\tf2-maps\labor\a2a\koth_labor_a2a.bsp
20 seconds elapsed



materialPath: D:\Program Files (x86)\Steam\steamapps\common\Team Fortress 2\tf\materials
Loading d:\documents\mapping\tf2\tf2-maps\labor\a2a\koth_labor_a2a.vmf
ConVarRef mat_reduceparticles doesn't point to an existing ConVar
Patching WVT material: maps/koth_labor_a2a/dev/dev_blendmeasure2_wvt_patch
Patching WVT material: maps/koth_labor_a2a/dev/dev_blendmeasure_wvt_patch
Patching WVT material: maps/koth_labor_a2a/winter/blendgraveltograss002_wvt_patch
fixing up env_cubemap materials on brush sides...
0...1...2...3...4...5...6...7...8...9...100...1...2...3...4...5...6...7...8...9...10Processing areas...done (0)
Building Faces...done (0)
Chop Details...done (0)
Find Visible Detail Sides...done (0)
Merging details...done (0)
FixTjuncs...
PruneNodes...
WriteBSP...
done (0)
writing d:\documents\mapping\tf2\tf2-maps\labor\a2a\koth_labor_a2a.prt...Building visibility clusters...
done (0)
*** Error: Skybox vtf files for skybox/sky_alpinestorm_01 weren't compiled with the same size texture and/or same flags!
Can't load skybox file skybox/sky_alpinestorm_01 to build the default cubemap!
*** Error: Skybox vtf files for skybox/sky_alpinestorm_01 weren't compiled with the same size texture and/or same flags!
Can't load skybox file skybox/sky_alpinestorm_01 to build the default cubemap!
Finding displacement neighbors...
Finding lightmap sample positions...
Displacement Alpha : 0...1...2...3...4...5...6...7...8...9...10
Building Physics collision data...
done (0) (158774 bytes)
Placing detail props : 0...1...2...3...4...5...6...7...8...9...10
Compacting texture/material tables...
Reduced 562 texinfos to 262
Reduced 23 texdatas to 19 (617 bytes to 497)
Writing d:\documents\mapping\tf2\tf2-maps\labor\a2a\koth_labor_a2a.bsp
MSG_FILEWRITE - Filesystem was asked to write to 'd:\documents\mapping\tf2\tf2-maps\labor\a2a\koth_labor_a2a.bsp', but we don't own that location. Allowing.
Wrote ZIP buffer, estimated size 1509, actual size 1161
1 second elapsed



4 threads
reading d:\documents\mapping\tf2\tf2-maps\labor\a2a\koth_labor_a2a.bsp
reading d:\documents\mapping\tf2\tf2-maps\labor\a2a\koth_labor_a2a.prt
 606 portalclusters
1647 numportals
0...1...2...3...4...5...6...7...8...9...100...1...2...3...4...5...6...7...8...9...10Optimized: 990 visible clusters (1.04%)
Total clusters visible: 95140
Average clusters visible: 156
Building PAS...
Average clusters audible: 411
visdatasize:74916  compressed from 96960
writing d:\documents\mapping\tf2\tf2-maps\labor\a2a\koth_labor_a2a.bsp
MSG_FILEWRITE - Filesystem was asked to write to 'd:\documents\mapping\tf2\tf2-maps\labor\a2a\koth_labor_a2a.bsp', but we don't own that location. Allowing.
3 seconds elapsed



[Reading texlights from 'lights.rad']
[56 texlights parsed from 'lights.rad']

Loading d:\documents\mapping\tf2\tf2-maps\labor\a2a\koth_labor_a2a.bsp
2631 faces
863465 square feet [124339048.00 square inches]
204 Displacements
83730 Square Feet [12057207.00 Square Inches]
2631 patches before subdivision
85335 patches after subdivision
62 direct lights
0...1...2...3...4...5...6...7...8...9...100...1...2...3...4...5...6...7...8...9...10transfers 7231143, max 423
transfer lists:  55.2 megs
0...1...2...3...4...5...6...7...8...9...10	Bounce #1 added RGB(299922, 309355, 321527)
0...1...2...3...4...5...6...7...8...9...10	Bounce #2 added RGB(63061, 59687, 62640)
0...1...2...3...4...5...6...7...8...9...10	Bounce #3 added RGB(15126, 13494, 14166)
0...1...2...3...4...5...6...7...8...9...10	Bounce #4 added RGB(3859, 3318, 3487)
0...1...2...3...4...5...6...7...8...9...10	Bounce #5 added RGB(1021, 856, 899)
0...1...2...3...4...5...6...7...8...9...10	Bounce #6 added RGB(276, 227, 238)
0...1...2...3...4...5...6...7...8...9...10	Bounce #7 added RGB(76, 61, 64)
0...1...2...3...4...5...6...7...8...9...10	Bounce #8 added RGB(21, 17, 18)
0...1...2...3...4...5...6...7...8...9...10	Bounce #9 added RGB(6, 5, 5)
0...1...2...3...4...5...6...7...8...9...10	Bounce #10 added RGB(2, 1, 1)
0...1...2...3...4...5...6...7...8...9...10	Bounce #11 added RGB(0, 0, 0)
Build Patch/Sample Hash Table(s).....Done<0.0208 sec>
0...1...2...3...4...5...6...7...8...9...10FinalLightFace Done
0 of 0 (0% of) surface lights went in leaf ambient cubes.
0...1...2...3...4...5...6...7...8...9...10Writing leaf ambient...done
Ready to Finish

Object names       Objects/Maxobjs  Memory / Maxmem  Fullness 
------------       ---------------  ---------------  -------- 
models                  18/1024          864/49152    ( 1.8%) 
brushes                432/8192         5184/98304    ( 5.3%) 
brushsides            2638/65536       21104/524288   ( 4.0%) 
planes                 836/65536       16720/1310720  ( 1.3%) 
vertexes              4427/65536       53124/786432   ( 6.8%) 
nodes                 1487/65536       47584/2097152  ( 2.3%) 
texinfos               262/12288       18864/884736   ( 2.1%) 
texdata                 19/2048          608/65536    ( 0.9%) 
dispinfos              204/0           35904/0        ( 0.0%) 
disp_verts           16524/0          330480/0        ( 0.0%) 
disp_tris            26112/0           52224/0        ( 0.0%) 
disp_lmsamples      240000/0          240000/0        ( 0.0%) 
faces                 2631/65536      147336/3670016  ( 4.0%) 
hdr faces                0/65536           0/3670016  ( 0.0%) 
origfaces             1334/65536       74704/3670016  ( 2.0%) 
leaves                1506/65536       48192/2097152  ( 2.3%) 
leaffaces             2792/65536        5584/131072   ( 4.3%) 
leafbrushes           1306/65536        2612/131072   ( 2.0%) 
areas                    2/256            16/2048     ( 0.8%) 
surfedges            17501/512000      70004/2048000  ( 3.4%) 
edges                10089/256000      40356/1024000  ( 3.9%) 
LDR worldlights         62/8192         5456/720896   ( 0.8%) 
HDR worldlights          0/8192            0/720896   ( 0.0%) 
leafwaterdata            0/32768           0/393216   ( 0.0%) 
waterstrips            195/32768        1950/327680   ( 0.6%) 
waterverts               0/65536           0/786432   ( 0.0%) 
waterindices          2823/65536        5646/131072   ( 4.3%) 
cubemapsamples           0/1024            0/16384    ( 0.0%) 
overlays                15/512          5280/180224   ( 2.9%) 
LDR lightdata         [variable]     1685408/0        ( 0.0%) 
HDR lightdata         [variable]           0/0        ( 0.0%) 
visdata               [variable]       74916/16777216 ( 0.4%) 
entdata               [variable]       41485/393216   (10.6%) 
LDR ambient table     1506/65536        6024/262144   ( 2.3%) 
HDR ambient table     1506/65536        6024/262144   ( 2.3%) 
LDR leaf ambient      8353/65536      233884/1835008  (12.7%) 
HDR leaf ambient      1506/65536       42168/1835008  ( 2.3%) 
occluders                0/0               0/0        ( 0.0%) 
occluder polygons        0/0               0/0        ( 0.0%) 
occluder vert ind        0/0               0/0        ( 0.0%) 
detail props          [variable]           1/12       ( 8.3%) 
static props          [variable]           1/12964    ( 0.0%) 
pakfile               [variable]        1161/0        ( 0.0%) 
physics               [variable]      158774/4194304  ( 3.8%) 
physics terrain       [variable]       40816/1048576  ( 3.9%) 

Level flags = 0

Total triangle count: 6914
Writing d:\documents\mapping\tf2\tf2-maps\labor\a2a\koth_labor_a2a.bsp
20 seconds elapsed



materialPath: D:\Program Files (x86)\Steam\steamapps\common\Team Fortress 2\tf\materials
Loading D:\Documents\Mapping\tf2\TF2-Maps\Labor\A2A\koth_labor_a2a.vmf
ConVarRef mat_reduceparticles doesn't point to an existing ConVar
Patching WVT material: maps/koth_labor_a2a/dev/dev_blendmeasure2_wvt_patch
Patching WVT material: maps/koth_labor_a2a/dev/dev_blendmeasure_wvt_patch
Patching WVT material: maps/koth_labor_a2a/winter/blendgraveltograss002_wvt_patch
fixing up env_cubemap materials on brush sides...
0...1...2...3...4...5...6...7...8...9...100...1...2...3...4...5...6...7...8...9...10Processing areas...done (0)
Building Faces...done (0)
Chop Details...done (0)
Find Visible Detail Sides...done (0)
Merging details...done (0)
FixTjuncs...
PruneNodes...
WriteBSP...
done (0)
writing D:\Documents\Mapping\tf2\TF2-Maps\Labor\A2A\koth_labor_a2a.prt...Building visibility clusters...
done (0)
*** Error: Skybox vtf files for skybox/sky_alpinestorm_01 weren't compiled with the same size texture and/or same flags!
Can't load skybox file skybox/sky_alpinestorm_01 to build the default cubemap!
*** Error: Skybox vtf files for skybox/sky_alpinestorm_01 weren't compiled with the same size texture and/or same flags!
Can't load skybox file skybox/sky_alpinestorm_01 to build the default cubemap!
Finding displacement neighbors...
Finding lightmap sample positions...
Displacement Alpha : 0...1...2...3...4...5...6...7...8...9...10
Building Physics collision data...
done (0) (158774 bytes)
Placing detail props : 0...1...2...3...4...5...6...7...8...9...10
Compacting texture/material tables...
Reduced 562 texinfos to 262
Reduced 23 texdatas to 19 (617 bytes to 497)
Writing D:\Documents\Mapping\tf2\TF2-Maps\Labor\A2A\koth_labor_a2a.bsp
MSG_FILEWRITE - Filesystem was asked to write to 'D:\Documents\Mapping\tf2\TF2-Maps\Labor\A2A\koth_labor_a2a.bsp', but we don't own that location. Allowing.
Wrote ZIP buffer, estimated size 1509, actual size 1161
1 second elapsed



4 threads
reading d:\documents\mapping\tf2\tf2-maps\labor\a2a\koth_labor_a2a.bsp
reading d:\documents\mapping\tf2\tf2-maps\labor\a2a\koth_labor_a2a.prt
 606 portalclusters
1647 numportals
0...1...2...3...4...5...6...7...8...9...100...1...2...3...4...5...6...7...8...9...10Optimized: 992 visible clusters (1.04%)
Total clusters visible: 95142
Average clusters visible: 157
Building PAS...
Average clusters audible: 411
visdatasize:74916  compressed from 96960
writing d:\documents\mapping\tf2\tf2-maps\labor\a2a\koth_labor_a2a.bsp
MSG_FILEWRITE - Filesystem was asked to write to 'd:\documents\mapping\tf2\tf2-maps\labor\a2a\koth_labor_a2a.bsp', but we don't own that location. Allowing.
4 seconds elapsed



[Reading texlights from 'lights.rad']
[56 texlights parsed from 'lights.rad']

Loading d:\documents\mapping\tf2\tf2-maps\labor\a2a\koth_labor_a2a.bsp
2631 faces
863465 square feet [124339048.00 square inches]
204 Displacements
83730 Square Feet [12057207.00 Square Inches]
2631 patches before subdivision
85335 patches after subdivision
62 direct lights
0...1...2...3...4...5...6...7...8...9...100...1...2...3...4...5...6...7...8...9...10transfers 7238986, max 425
transfer lists:  55.2 megs
0...1...2...3...4...5...6...7...8...9...10	Bounce #1 added RGB(300131, 309399, 321597)
0...1...2...3...4...5...6...7...8...9...10	Bounce #2 added RGB(63116, 59696, 62661)
0...1...2...3...4...5...6...7...8...9...10	Bounce #3 added RGB(15139, 13495, 14170)
0...1...2...3...4...5...6...7...8...9...10	Bounce #4 added RGB(3862, 3318, 3488)
0...1...2...3...4...5...6...7...8...9...10	Bounce #5 added RGB(1022, 856, 899)
0...1...2...3...4...5...6...7...8...9...10	Bounce #6 added RGB(276, 227, 238)
0...1...2...3...4...5...6...7...8...9...10	Bounce #7 added RGB(76, 61, 64)
0...1...2...3...4...5...6...7...8...9...10	Bounce #8 added RGB(21, 17, 18)
0...1...2...3...4...5...6...7...8...9...10	Bounce #9 added RGB(6, 5, 5)
0...1...2...3...4...5...6...7...8...9...10	Bounce #10 added RGB(2, 1, 1)
0...1...2...3...4...5...6...7...8...9...10	Bounce #11 added RGB(0, 0, 0)
Build Patch/Sample Hash Table(s).....Done<0.0229 sec>
0...1...2...3...4...5...6...7...8...9...10FinalLightFace Done
0 of 0 (0% of) surface lights went in leaf ambient cubes.
0...1...2...3...4...5...6...7...8...9...10Writing leaf ambient...done
Computing static prop lighting : 00...1...2...3...4...5...6...7...8...9...10
Ready to Finish

Object names       Objects/Maxobjs  Memory / Maxmem  Fullness 
------------       ---------------  ---------------  -------- 
models                  18/1024          864/49152    ( 1.8%) 
brushes                432/8192         5184/98304    ( 5.3%) 
brushsides            2638/65536       21104/524288   ( 4.0%) 
planes                 836/65536       16720/1310720  ( 1.3%) 
vertexes              4427/65536       53124/786432   ( 6.8%) 
nodes                 1487/65536       47584/2097152  ( 2.3%) 
texinfos               262/12288       18864/884736   ( 2.1%) 
texdata                 19/2048          608/65536    ( 0.9%) 
dispinfos              204/0           35904/0        ( 0.0%) 
disp_verts           16524/0          330480/0        ( 0.0%) 
disp_tris            26112/0           52224/0        ( 0.0%) 
disp_lmsamples      240000/0          240000/0        ( 0.0%) 
faces                 2631/65536      147336/3670016  ( 4.0%) 
hdr faces                0/65536           0/3670016  ( 0.0%) 
origfaces             1334/65536       74704/3670016  ( 2.0%) 
leaves                1506/65536       48192/2097152  ( 2.3%) 
leaffaces             2792/65536        5584/131072   ( 4.3%) 
leafbrushes           1306/65536        2612/131072   ( 2.0%) 
areas                    2/256            16/2048     ( 0.8%) 
surfedges            17501/512000      70004/2048000  ( 3.4%) 
edges                10089/256000      40356/1024000  ( 3.9%) 
LDR worldlights         62/8192         5456/720896   ( 0.8%) 
HDR worldlights          0/8192            0/720896   ( 0.0%) 
leafwaterdata            0/32768           0/393216   ( 0.0%) 
waterstrips            195/32768        1950/327680   ( 0.6%) 
waterverts               0/65536           0/786432   ( 0.0%) 
waterindices          2823/65536        5646/131072   ( 4.3%) 
cubemapsamples           0/1024            0/16384    ( 0.0%) 
overlays                15/512          5280/180224   ( 2.9%) 
LDR lightdata         [variable]     1685408/0        ( 0.0%) 
HDR lightdata         [variable]           0/0        ( 0.0%) 
visdata               [variable]       74916/16777216 ( 0.4%) 
entdata               [variable]       41485/393216   (10.6%) 
LDR ambient table     1506/65536        6024/262144   ( 2.3%) 
HDR ambient table     1506/65536        6024/262144   ( 2.3%) 
LDR leaf ambient      8357/65536      233996/1835008  (12.8%) 
HDR leaf ambient      1506/65536       42168/1835008  ( 2.3%) 
occluders                0/0               0/0        ( 0.0%) 
occluder polygons        0/0               0/0        ( 0.0%) 
occluder vert ind        0/0               0/0        ( 0.0%) 
detail props          [variable]           1/12       ( 8.3%) 
static props          [variable]           1/12964    ( 0.0%) 
pakfile               [variable]      749613/0        ( 0.0%) 
physics               [variable]      158774/4194304  ( 3.8%) 
physics terrain       [variable]       40816/1048576  ( 3.9%) 

Level flags = 1

Total triangle count: 6914
Writing d:\documents\mapping\tf2\tf2-maps\labor\a2a\koth_labor_a2a.bsp
2 minutes, 12 seconds elapsed
