PRT1
127
313
4 0 66 (0 1536 320 ) (0 1696 320 ) (0 1696 -96 ) (0 1536 -96 ) 
4 0 4 (0 1536 -96 ) (0 1696 -96 ) (768 1696 -96 ) (768 1536 -96 ) 
4 0 2 (256 1536 -64 ) (256 1536 320 ) (0 1536 320 ) (0 1536 -64 ) 
4 0 1 (256 1536 -96 ) (768 1536 -96 ) (768 1536 320 ) (256 1536 320 ) 
4 1 32 (256 1024 -96 ) (768 1024 -96 ) (768 1024 320 ) (256 1024 320 ) 
4 1 7 (768 1312 -96 ) (768 1280 -96 ) (256 1280 -96 ) (256 1312 -96 ) 
4 1 9 (768 1280 -96 ) (768 1024 -96 ) (256 1024 -96 ) (256 1280 -96 ) 
4 1 5 (256 1536 -96 ) (768 1536 -96 ) (768 1312 -96 ) (256 1312 -96 ) 
4 1 2 (256 1536 320 ) (256 1536 -64 ) (256 1280 -64 ) (256 1280 320 ) 
4 1 3 (256 1280 -96 ) (256 1024 -96 ) (256 1024 320 ) (256 1280 320 ) 
4 2 67 (0 1280 320 ) (0 1536 320 ) (0 1536 -64 ) (0 1280 -64 ) 
4 2 3 (256 1280 -64 ) (256 1280 320 ) (0 1280 320 ) (0 1280 -64 ) 
4 3 68 (0 1024 -96 ) (0 1024 320 ) (0 1280 320 ) (0 1280 -96 ) 
4 3 33 (64 1024 -96 ) (192 1024 -96 ) (192 1024 320 ) (64 1024 320 ) 
4 3 32 (192 1024 -96 ) (256 1024 -96 ) (256 1024 320 ) (192 1024 320 ) 
4 3 34 (0 1024 320 ) (0 1024 -96 ) (64 1024 -96 ) (64 1024 320 ) 
4 3 9 (0 1024 -96 ) (0 1280 -96 ) (256 1280 -96 ) (256 1024 -96 ) 
4 4 66 (0 1536 -96 ) (0 1696 -96 ) (0 1696 -224 ) (0 1536 -224 ) 
4 4 16 (0 1536 -224 ) (0 1696 -224 ) (128 1696 -224 ) (128 1536 -224 ) 
4 4 12 (128 1696 -224 ) (224 1696 -224 ) (224 1536 -224 ) (128 1536 -224 ) 
4 4 11 (224 1696 -224 ) (256 1696 -224 ) (256 1536 -224 ) (224 1536 -224 ) 
4 4 10 (256 1696 -224 ) (768 1696 -224 ) (768 1536 -224 ) (256 1536 -224 ) 
4 4 5 (256 1536 -224 ) (768 1536 -224 ) (768 1536 -96 ) (256 1536 -96 ) 
4 5 10 (256 1536 -224 ) (768 1536 -224 ) (768 1312 -224 ) (256 1312 -224 ) 
4 5 7 (256 1312 -224 ) (768 1312 -224 ) (768 1312 -96 ) (256 1312 -96 ) 
4 6 69 (0 1312 -96 ) (0 1504 -96 ) (0 1504 -224 ) (0 1312 -224 ) 
4 6 13 (128 1504 -224 ) (224 1504 -224 ) (224 1312 -224 ) (128 1312 -224 ) 
4 6 8 (64 1312 -224 ) (192 1312 -224 ) (192 1312 -96 ) (64 1312 -96 ) 
4 7 14 (256 1312 -224 ) (768 1312 -224 ) (768 1280 -224 ) (256 1280 -224 ) 
4 7 9 (256 1280 -224 ) (768 1280 -224 ) (768 1280 -96 ) (256 1280 -96 ) 
4 8 9 (64 1280 -224 ) (192 1280 -224 ) (192 1280 -96 ) (64 1280 -96 ) 
4 9 70 (0 1024 -224 ) (0 1024 -96 ) (0 1280 -96 ) (0 1280 -224 ) 
4 9 33 (64 1024 -224 ) (192 1024 -224 ) (192 1024 -96 ) (64 1024 -96 ) 
4 9 32 (192 1024 -224 ) (768 1024 -224 ) (768 1024 -96 ) (192 1024 -96 ) 
4 9 34 (0 1024 -96 ) (0 1024 -224 ) (64 1024 -224 ) (64 1024 -96 ) 
4 9 17 (64 1024 -224 ) (0 1024 -224 ) (0 1280 -224 ) (64 1280 -224 ) 
4 9 15 (768 1024 -224 ) (192 1024 -224 ) (192 1280 -224 ) (768 1280 -224 ) 
4 10 19 (768 1536 -256 ) (768 1312 -256 ) (256 1312 -256 ) (256 1536 -256 ) 
4 10 18 (768 1696 -256 ) (768 1536 -256 ) (256 1536 -256 ) (256 1696 -256 ) 
4 10 14 (256 1312 -256 ) (768 1312 -256 ) (768 1312 -224 ) (256 1312 -224 ) 
4 10 11 (256 1696 -224 ) (256 1696 -256 ) (256 1536 -256 ) (256 1536 -224 ) 
4 11 18 (224 1536 -256 ) (224 1696 -256 ) (256 1696 -256 ) (256 1536 -256 ) 
4 11 12 (224 1696 -256 ) (224 1536 -256 ) (224 1536 -224 ) (224 1696 -224 ) 
4 12 20 (128 1536 -256 ) (128 1696 -256 ) (224 1696 -256 ) (224 1536 -256 ) 
4 12 16 (128 1696 -256 ) (128 1536 -256 ) (128 1536 -224 ) (128 1696 -224 ) 
4 13 21 (128 1350.400024 -256 ) (128 1504 -256 ) (224 1504 -256 ) (224 1350.400024 -256 ) 
4 14 23 (256 1312 -256 ) (768 1312 -256 ) (768 1280 -256 ) (256 1280 -256 ) 
4 14 15 (256 1280 -256 ) (768 1280 -256 ) (768 1280 -224 ) (256 1280 -224 ) 
4 15 32 (192 1024 -256 ) (768 1024 -256 ) (768 1024 -224 ) (192 1024 -224 ) 
4 15 24 (256 1024 -256 ) (192 1024 -256 ) (192 1280 -256 ) (256 1280 -256 ) 
4 15 23 (768 1024 -256 ) (256 1024 -256 ) (256 1280 -256 ) (768 1280 -256 ) 
4 16 66 (0 1536 -224 ) (0 1696 -224 ) (0 1696 -256 ) (0 1536 -256 ) 
4 16 20 (0 1536 -256 ) (0 1696 -256 ) (128 1696 -256 ) (128 1536 -256 ) 
4 17 71 (0 1024 -256 ) (0 1024 -224 ) (0 1280 -224 ) (0 1280 -256 ) 
4 17 34 (0 1024 -224 ) (0 1024 -256 ) (64 1024 -256 ) (64 1024 -224 ) 
4 17 26 (64 1024 -256 ) (0 1024 -256 ) (0 1280 -256 ) (64 1280 -256 ) 
4 18 28 (256 1536 -384 ) (224 1536 -384 ) (224 1696 -384 ) (256 1696 -384 ) 
4 18 27 (768 1696 -384 ) (768 1536 -384 ) (256 1536 -384 ) (256 1696 -384 ) 
4 18 20 (224 1696 -384 ) (224 1536 -384 ) (224 1536 -256 ) (224 1696 -256 ) 
4 18 19 (256 1536 -384 ) (768 1536 -384 ) (768 1536 -256 ) (256 1536 -256 ) 
4 19 27 (768 1536 -384 ) (768 1312 -384 ) (256 1312 -384 ) (256 1536 -384 ) 
4 19 23 (256 1312 -384 ) (768 1312 -384 ) (768 1312 -256 ) (256 1312 -256 ) 
4 20 73 (0 1536 -256 ) (0 1696 -256 ) (0 1696 -384 ) (0 1536 -384 ) 
4 20 28 (0 1536 -384 ) (0 1696 -384 ) (224 1696 -384 ) (224 1536 -384 ) 
3 21 22 (128 1504 -384 ) (128 1350.400024 -256 ) (128 1504 -256 ) 
4 22 74 (0 1312 -256 ) (0 1504 -256 ) (0 1504 -384 ) (0 1312 -384 ) 
4 22 25 (64 1312 -384 ) (128 1312 -384 ) (128 1312 -256 ) (64 1312 -256 ) 
4 23 37 (256 1024 -384 ) (768 1024 -384 ) (768 1024 -256 ) (256 1024 -256 ) 
4 23 30 (768 1152 -384 ) (768 1024 -384 ) (384 1024 -384 ) (384 1152 -384 ) 
4 23 27 (256 1312 -384 ) (768 1312 -384 ) (768 1152 -384 ) (256 1152 -384 ) 
4 23 24 (256 1280 -384 ) (256 1024 -384 ) (256 1024 -256 ) (256 1280 -256 ) 
4 24 37 (192 1024 -384 ) (256 1024 -384 ) (256 1024 -256 ) (192 1024 -256 ) 
4 24 25 (192 1280 -384 ) (192 1024 -384 ) (192 1024 -256 ) (192 1280 -256 ) 
4 25 38 (64 1024 -384 ) (128 1024 -384 ) (128 1024 -256 ) (64 1024 -256 ) 
4 25 37 (128 1024 -384 ) (192 1024 -384 ) (192 1024 -256 ) (128 1024 -256 ) 
4 25 26 (64 1280 -384 ) (64 1024 -384 ) (64 1024 -256 ) (64 1280 -256 ) 
4 26 78 (0 1024 -384 ) (0 1024 -256 ) (0 1280 -256 ) (0 1280 -384 ) 
4 26 40 (0 1024 -288 ) (0 1024 -384 ) (64 1024 -384 ) (64 1024 -288 ) 
4 26 39 (0 1024 -256 ) (0 1024 -288 ) (64 1024 -288 ) (64 1024 -256 ) 
4 27 31 (256 1152 -672 ) (384 1152 -672 ) (384 1152 -448 ) (256 1152 -448 ) 
4 27 30 (384 1152 -672 ) (768 1152 -672 ) (768 1152 -384 ) (384 1152 -384 ) 
4 27 28 (256 1696 -384 ) (256 1696 -448 ) (256 1536 -448 ) (256 1536 -384 ) 
4 27 29 (256 1696 -448 ) (256 1696 -672 ) (256 1152 -672 ) (256 1152 -448 ) 
4 28 79 (0 1536 -384 ) (0 1696 -384 ) (0 1696 -448 ) (0 1536 -448 ) 
4 28 29 (0 1696 -448 ) (256 1696 -448 ) (256 1536 -448 ) (0 1536 -448 ) 
4 29 80 (0 1536 -672 ) (0 1152 -672 ) (0 1152 -448 ) (0 1536 -448 ) 
4 29 79 (0 1696 -448 ) (0 1696 -672 ) (0 1536 -672 ) (0 1536 -448 ) 
4 29 31 (0 1152 -672 ) (256 1152 -672 ) (256 1152 -448 ) (0 1152 -448 ) 
4 30 43 (384 1024 -672 ) (768 1024 -672 ) (768 1024 -384 ) (384 1024 -384 ) 
4 30 31 (384 1152 -448 ) (384 1152 -672 ) (384 1024 -672 ) (384 1024 -448 ) 
4 31 82 (0 1024 -672 ) (0 1024 -448 ) (0 1152 -448 ) (0 1152 -672 ) 
4 31 44 (0 1024 -448 ) (0 1024 -672 ) (384 1024 -672 ) (384 1024 -448 ) 
4 32 37 (192 1024 -256 ) (768 1024 -256 ) (768 928 -256 ) (192 928 -256 ) 
4 32 36 (384 928 -224 ) (384 928 320 ) (192 928 320 ) (192 928 -224 ) 
4 32 35 (384 928 -256 ) (768 928 -256 ) (768 928 320 ) (384 928 320 ) 
4 32 33 (192 928 -224 ) (192 928 320 ) (192 1024 320 ) (192 1024 -224 ) 
4 33 36 (192 928 -224 ) (192 928 320 ) (64 928 320 ) (64 928 -224 ) 
4 33 34 (64 928 -224 ) (64 928 320 ) (64 1024 320 ) (64 1024 -224 ) 
4 34 84 (0 928 320 ) (0 1024 320 ) (0 1024 -256 ) (0 928 -256 ) 
4 34 39 (0 928 -256 ) (0 1024 -256 ) (64 1024 -256 ) (64 928 -256 ) 
4 34 36 (64 928 -224 ) (64 928 320 ) (0 928 320 ) (0 928 -224 ) 
4 35 45 (384 896 -256 ) (768 896 -256 ) (768 896 320 ) (384 896 320 ) 
4 35 37 (768 896 -256 ) (384 896 -256 ) (384 928 -256 ) (768 928 -256 ) 
4 35 36 (384 928 320 ) (384 928 -224 ) (384 896 -224 ) (384 896 320 ) 
4 36 85 (0 896 -224 ) (0 896 320 ) (0 928 320 ) (0 928 -224 ) 
4 36 54 (96 896 -224 ) (128 896 -224 ) (128 896 -96 ) (96 896 -96 ) 
4 36 55 (0 896 -96 ) (0 896 -224 ) (96 896 -224 ) (96 896 -96 ) 
4 36 53 (0 896 -64 ) (0 896 -96 ) (128 896 -96 ) (128 896 -64 ) 
4 36 52 (0 896 320 ) (0 896 -32 ) (128 896 -32 ) (128 896 320 ) 
4 36 47 (160 896 -32 ) (160 896 320 ) (128 896 320 ) (128 896 -32 ) 
4 36 46 (160 896 -224 ) (384 896 -224 ) (384 896 320 ) (160 896 320 ) 
4 37 48 (384 896 -384 ) (768 896 -384 ) (768 896 -256 ) (384 896 -256 ) 
4 37 49 (160 896 -384 ) (352 896 -384 ) (352 896 -256 ) (160 896 -256 ) 
4 37 43 (768 896 -384 ) (384 896 -384 ) (384 1024 -384 ) (768 1024 -384 ) 
4 37 38 (128 1024 -384 ) (128 928 -384 ) (128 928 -256 ) (128 1024 -256 ) 
4 38 40 (64 1024 -384 ) (64 928 -384 ) (64 928 -288 ) (64 1024 -288 ) 
4 38 39 (64 928 -288 ) (64 928 -256 ) (64 1024 -256 ) (64 1024 -288 ) 
4 39 87 (0 928 -256 ) (0 1024 -256 ) (0 1024 -288 ) (0 928 -288 ) 
4 39 40 (64 1024 -288 ) (64 928 -288 ) (0 928 -288 ) (0 1024 -288 ) 
4 40 88 (0 920 -288 ) (0 1024 -288 ) (0 1024 -384 ) (0 920 -384 ) 
4 40 41 (0 920 -384 ) (64 920 -384 ) (64 920 -288 ) (0 920 -288 ) 
4 41 89 (0 904 -288 ) (0 920 -288 ) (0 920 -384 ) (0 904 -384 ) 
4 41 42 (0 904 -384 ) (64 904 -384 ) (64 904 -288 ) (0 904 -288 ) 
4 42 90 (0 896 -384 ) (0 896 -288 ) (0 904 -288 ) (0 904 -384 ) 
4 42 56 (0 896 -288 ) (0 896 -384 ) (64 896 -384 ) (64 896 -288 ) 
4 43 50 (384 896 -672 ) (768 896 -672 ) (768 896 -384 ) (384 896 -384 ) 
4 43 44 (384 1024 -672 ) (384 896 -672 ) (384 896 -448 ) (384 1024 -448 ) 
4 44 93 (0 896 -672 ) (0 896 -448 ) (0 1024 -448 ) (0 1024 -672 ) 
4 44 57 (0 896 -512 ) (0 896 -672 ) (128 896 -672 ) (128 896 -512 ) 
4 44 51 (128 896 -672 ) (384 896 -672 ) (384 896 -448 ) (128 896 -448 ) 
4 45 58 (768 512 320 ) (384 512 320 ) (384 512 -256 ) (768 512 -256 ) 
4 45 48 (768 512 -256 ) (384 512 -256 ) (384 896 -256 ) (768 896 -256 ) 
4 45 46 (384 512 -224 ) (384 512 320 ) (384 896 320 ) (384 896 -224 ) 
4 46 59 (384 512 320 ) (160 512 320 ) (160 512 -224 ) (384 512 -224 ) 
4 46 47 (160 512 -32 ) (160 512 320 ) (160 896 320 ) (160 896 -32 ) 
4 47 59 (160 512 320 ) (128 512 320 ) (128 512 -32 ) (160 512 -32 ) 
4 47 52 (128 896 320 ) (128 896 -32 ) (128 512 -32 ) (128 512 320 ) 
4 48 58 (768 512 -256 ) (384 512 -256 ) (384 512 -384 ) (768 512 -384 ) 
4 48 50 (768 512 -384 ) (384 512 -384 ) (384 896 -384 ) (768 896 -384 ) 
4 49 59 (352 512 -256 ) (160 512 -256 ) (160 512 -384 ) (352 512 -384 ) 
4 50 65 (384 512 -512 ) (384 512 -672 ) (512 512 -672 ) (512 512 -512 ) 
4 50 64 (512 512 -672 ) (768 512 -672 ) (768 512 -448 ) (512 512 -448 ) 
4 50 58 (768 512 -384 ) (384 512 -384 ) (384 512 -448 ) (768 512 -448 ) 
4 50 51 (384 896 -672 ) (384 512 -672 ) (384 512 -448 ) (384 896 -448 ) 
4 51 65 (128 512 -512 ) (128 512 -672 ) (384 512 -672 ) (384 512 -512 ) 
4 51 57 (128 896 -512 ) (128 896 -672 ) (128 512 -672 ) (128 512 -512 ) 
4 52 95 (0 512 -32 ) (0 512 320 ) (0 896 320 ) (0 896 -32 ) 
4 52 62 (64 512 320 ) (0 512 320 ) (0 512 -32 ) (64 512 -32 ) 
4 52 61 (128 512 -32 ) (128 512 320 ) (64 512 320 ) (64 512 -32 ) 
4 53 96 (0 544 -64 ) (0 896 -64 ) (0 896 -96 ) (0 544 -96 ) 
4 53 54 (96 896 -96 ) (128 896 -96 ) (128 544 -96 ) (96 544 -96 ) 
4 53 55 (0 896 -96 ) (96 896 -96 ) (96 544 -96 ) (0 544 -96 ) 
4 54 55 (96 896 -224 ) (96 544 -224 ) (96 544 -96 ) (96 896 -96 ) 
4 55 97 (0 512 -224 ) (0 512 -96 ) (0 896 -96 ) (0 896 -224 ) 
4 55 62 (64 512 -96 ) (0 512 -96 ) (0 512 -224 ) (64 512 -224 ) 
4 55 61 (96 512 -96 ) (64 512 -96 ) (64 512 -224 ) (96 512 -224 ) 
4 56 99 (0 512 -448 ) (0 512 -256 ) (0 896 -256 ) (0 896 -448 ) 
4 56 62 (64 512 -256 ) (0 512 -256 ) (0 512 -352 ) (64 512 -352 ) 
4 56 61 (128 512 -448 ) (128 512 -256 ) (64 512 -256 ) (64 512 -448 ) 
4 57 100 (0 512 -672 ) (0 512 -512 ) (0 896 -512 ) (0 896 -672 ) 
4 57 65 (128 512 -672 ) (128 512 -512 ) (0 512 -512 ) (0 512 -672 ) 
4 58 116 (512 0 320 ) (384 0 320 ) (384 0 -448 ) (512 0 -448 ) 
4 58 115 (768 0 320 ) (512 0 320 ) (512 0 -448 ) (768 0 -448 ) 
4 58 64 (768 0 -448 ) (512 0 -448 ) (512 512 -448 ) (768 512 -448 ) 
4 58 59 (384 448 -416 ) (384 448 320 ) (384 512 320 ) (384 512 -416 ) 
4 58 60 (384 448 -448 ) (384 0 -448 ) (384 0 320 ) (384 448 320 ) 
4 59 61 (128 448 -416 ) (128 448 320 ) (128 512 320 ) (128 512 -416 ) 
4 59 60 (128 448 320 ) (128 448 -416 ) (384 448 -416 ) (384 448 320 ) 
4 60 116 (384 0 320 ) (128 0 320 ) (128 0 -448 ) (384 0 -448 ) 
4 60 61 (128 448 -448 ) (128 0 -448 ) (128 0 320 ) (128 448 320 ) 
4 61 116 (128 0 320 ) (64 0 320 ) (64 0 -448 ) (128 0 -448 ) 
4 61 62 (64 448 -352 ) (64 448 320 ) (64 512 320 ) (64 512 -352 ) 
4 61 63 (64 448 -448 ) (64 0 -448 ) (64 0 320 ) (64 448 320 ) 
4 62 108 (0 448 320 ) (0 512 320 ) (0 512 -352 ) (0 448 -352 ) 
4 62 63 (64 448 -352 ) (64 448 320 ) (0 448 320 ) (0 448 -352 ) 
4 63 116 (64 0 320 ) (0 0 320 ) (0 0 -448 ) (64 0 -448 ) 
4 63 112 (0 0 -448 ) (0 0 320 ) (0 448 320 ) (0 448 -448 ) 
4 64 115 (768 0 -448 ) (512 0 -448 ) (512 0 -672 ) (768 0 -672 ) 
4 64 65 (512 512 -672 ) (512 0 -672 ) (512 0 -512 ) (512 512 -512 ) 
4 65 117 (0 0 -512 ) (0 0 -672 ) (512 0 -672 ) (512 0 -512 ) 
4 65 113 (0 0 -672 ) (0 0 -512 ) (0 512 -512 ) (0 512 -672 ) 
4 66 73 (0 1696 -256 ) (0 1536 -256 ) (-256 1536 -256 ) (-256 1696 -256 ) 
4 66 72 (-256 1696 -256 ) (-256 1536 -256 ) (-256 1536 320 ) (-256 1696 320 ) 
4 66 67 (-256 1536 320 ) (-256 1536 -64 ) (0 1536 -64 ) (0 1536 320 ) 
4 67 72 (-256 1280 320 ) (-256 1536 320 ) (-256 1536 -64 ) (-256 1280 -64 ) 
4 67 68 (-256 1280 320 ) (-256 1280 -64 ) (0 1280 -64 ) (0 1280 320 ) 
4 68 84 (0 1024 -96 ) (0 1024 320 ) (-256 1024 320 ) (-256 1024 -96 ) 
4 68 72 (-256 1024 -96 ) (-256 1024 320 ) (-256 1280 320 ) (-256 1280 -96 ) 
4 68 70 (-256 1024 -96 ) (-256 1280 -96 ) (0 1280 -96 ) (0 1024 -96 ) 
4 70 84 (0 1024 -224 ) (0 1024 -96 ) (-256 1024 -96 ) (-256 1024 -224 ) 
4 70 72 (-256 1024 -224 ) (-256 1024 -96 ) (-256 1280 -96 ) (-256 1280 -224 ) 
4 70 71 (0 1024 -224 ) (-256 1024 -224 ) (-256 1280 -224 ) (0 1280 -224 ) 
4 71 84 (0 1024 -256 ) (0 1024 -224 ) (-256 1024 -224 ) (-256 1024 -256 ) 
4 71 78 (0 1280 -256 ) (0 1024 -256 ) (-256 1024 -256 ) (-256 1280 -256 ) 
4 71 72 (-256 1280 -256 ) (-256 1024 -256 ) (-256 1024 -224 ) (-256 1280 -224 ) 
4 72 86 (-384 1024 320 ) (-768 1024 320 ) (-768 1024 -256 ) (-384 1024 -256 ) 
4 72 84 (-256 1024 320 ) (-384 1024 320 ) (-384 1024 -256 ) (-256 1024 -256 ) 
4 72 77 (-256 1312 -256 ) (-256 1280 -256 ) (-768 1280 -256 ) (-768 1312 -256 ) 
4 72 78 (-256 1280 -256 ) (-256 1024 -256 ) (-768 1024 -256 ) (-768 1280 -256 ) 
4 72 75 (-256 1536 -256 ) (-256 1312 -256 ) (-768 1312 -256 ) (-768 1536 -256 ) 
4 72 73 (-256 1696 -256 ) (-256 1536 -256 ) (-768 1536 -256 ) (-768 1696 -256 ) 
4 73 79 (0 1696 -384 ) (0 1536 -384 ) (-768 1536 -384 ) (-768 1696 -384 ) 
4 73 75 (-768 1536 -256 ) (-768 1536 -384 ) (-256 1536 -384 ) (-256 1536 -256 ) 
4 74 76 (-192 1312 -384 ) (-64 1312 -384 ) (-64 1312 -256 ) (-192 1312 -256 ) 
4 75 81 (-256 1312 -384 ) (-768 1312 -384 ) (-768 1536 -384 ) (-256 1536 -384 ) 
4 75 77 (-768 1312 -384 ) (-256 1312 -384 ) (-256 1312 -256 ) (-768 1312 -256 ) 
4 76 78 (-192 1280 -384 ) (-64 1280 -384 ) (-64 1280 -256 ) (-192 1280 -256 ) 
4 77 81 (-768 1280 -384 ) (-768 1312 -384 ) (-256 1312 -384 ) (-256 1280 -384 ) 
4 77 78 (-768 1280 -256 ) (-768 1280 -384 ) (-256 1280 -384 ) (-256 1280 -256 ) 
4 78 92 (-128 1024 -256 ) (-768 1024 -256 ) (-768 1024 -384 ) (-128 1024 -384 ) 
4 78 91 (-64 1024 -256 ) (-128 1024 -256 ) (-128 1024 -384 ) (-64 1024 -384 ) 
4 78 88 (0 1024 -384 ) (0 1024 -288 ) (-64 1024 -288 ) (-64 1024 -384 ) 
4 78 87 (0 1024 -288 ) (0 1024 -256 ) (-64 1024 -256 ) (-64 1024 -288 ) 
4 78 83 (-384 1024 -384 ) (-768 1024 -384 ) (-768 1152 -384 ) (-384 1152 -384 ) 
4 78 81 (-768 1152 -384 ) (-768 1280 -384 ) (-256 1280 -384 ) (-256 1152 -384 ) 
4 79 80 (-256 1536 -672 ) (0 1536 -672 ) (0 1536 -448 ) (-256 1536 -448 ) 
4 79 81 (-768 1536 -384 ) (-768 1536 -672 ) (-256 1536 -672 ) (-256 1536 -384 ) 
4 80 82 (-256 1152 -672 ) (0 1152 -672 ) (0 1152 -448 ) (-256 1152 -448 ) 
4 80 81 (-256 1536 -448 ) (-256 1536 -672 ) (-256 1152 -672 ) (-256 1152 -448 ) 
4 81 82 (-384 1152 -672 ) (-256 1152 -672 ) (-256 1152 -448 ) (-384 1152 -448 ) 
4 81 83 (-768 1152 -384 ) (-768 1152 -672 ) (-384 1152 -672 ) (-384 1152 -384 ) 
4 82 93 (0 1024 -672 ) (0 1024 -448 ) (-384 1024 -448 ) (-384 1024 -672 ) 
4 82 83 (-384 1152 -448 ) (-384 1152 -672 ) (-384 1024 -672 ) (-384 1024 -448 ) 
4 83 94 (-384 1024 -384 ) (-768 1024 -384 ) (-768 1024 -672 ) (-384 1024 -672 ) 
4 84 92 (-384 928 -256 ) (-384 1024 -256 ) (-128 1024 -256 ) (-128 928 -256 ) 
4 84 91 (-128 1024 -256 ) (-64 1024 -256 ) (-64 928 -256 ) (-128 928 -256 ) 
4 84 87 (-64 1024 -256 ) (0 1024 -256 ) (0 928 -256 ) (-64 928 -256 ) 
4 84 86 (-384 1024 -256 ) (-384 928 -256 ) (-384 928 320 ) (-384 1024 320 ) 
4 84 85 (-384 928 320 ) (-384 928 -224 ) (0 928 -224 ) (0 928 320 ) 
4 85 102 (-160 896 320 ) (-384 896 320 ) (-384 896 -224 ) (-160 896 -224 ) 
4 85 101 (-128 896 320 ) (-160 896 320 ) (-160 896 -32 ) (-128 896 -32 ) 
4 85 98 (-96 896 -96 ) (-128 896 -96 ) (-128 896 -224 ) (-96 896 -224 ) 
4 85 97 (0 896 -224 ) (0 896 -96 ) (-96 896 -96 ) (-96 896 -224 ) 
4 85 96 (0 896 -96 ) (0 896 -64 ) (-128 896 -64 ) (-128 896 -96 ) 
4 85 95 (0 896 -32 ) (0 896 320 ) (-128 896 320 ) (-128 896 -32 ) 
4 85 86 (-384 896 -224 ) (-384 896 320 ) (-384 928 320 ) (-384 928 -224 ) 
4 86 103 (-768 896 -256 ) (-384 896 -256 ) (-384 896 320 ) (-768 896 320 ) 
4 86 92 (-384 896 -256 ) (-768 896 -256 ) (-768 1024 -256 ) (-384 1024 -256 ) 
4 87 91 (-64 928 -256 ) (-64 1024 -256 ) (-64 1024 -288 ) (-64 928 -288 ) 
4 87 88 (-64 928 -288 ) (-64 1024 -288 ) (0 1024 -288 ) (0 928 -288 ) 
4 88 91 (-64 1024 -384 ) (-64 928 -384 ) (-64 928 -288 ) (-64 1024 -288 ) 
4 88 89 (0 920 -288 ) (-64 920 -288 ) (-64 920 -384 ) (0 920 -384 ) 
4 89 90 (0 904 -288 ) (-64 904 -288 ) (-64 904 -384 ) (0 904 -384 ) 
4 90 99 (-64 896 -384 ) (0 896 -384 ) (0 896 -288 ) (-64 896 -288 ) 
4 91 92 (-128 1024 -384 ) (-128 928 -384 ) (-128 928 -256 ) (-128 1024 -256 ) 
4 92 105 (-768 896 -384 ) (-384 896 -384 ) (-384 896 -256 ) (-768 896 -256 ) 
4 92 104 (-352 896 -384 ) (-160 896 -384 ) (-160 896 -256 ) (-352 896 -256 ) 
4 92 94 (-384 896 -384 ) (-768 896 -384 ) (-768 1024 -384 ) (-384 1024 -384 ) 
4 93 106 (-384 896 -672 ) (-128 896 -672 ) (-128 896 -448 ) (-384 896 -448 ) 
4 93 100 (-128 896 -672 ) (0 896 -672 ) (0 896 -512 ) (-128 896 -512 ) 
4 93 94 (-384 1024 -672 ) (-384 896 -672 ) (-384 896 -448 ) (-384 1024 -448 ) 
4 94 107 (-768 896 -672 ) (-384 896 -672 ) (-384 896 -384 ) (-768 896 -384 ) 
4 95 109 (-64 512 320 ) (-128 512 320 ) (-128 512 -32 ) (-64 512 -32 ) 
4 95 108 (0 512 -32 ) (0 512 320 ) (-64 512 320 ) (-64 512 -32 ) 
4 95 101 (-128 896 320 ) (-128 896 -32 ) (-128 512 -32 ) (-128 512 320 ) 
4 96 98 (-128 544 -96 ) (-128 896 -96 ) (-96 896 -96 ) (-96 544 -96 ) 
4 96 97 (-96 896 -96 ) (0 896 -96 ) (0 544 -96 ) (-96 544 -96 ) 
4 97 109 (-64 512 -96 ) (-96 512 -96 ) (-96 512 -224 ) (-64 512 -224 ) 
4 97 108 (0 512 -224 ) (0 512 -96 ) (-64 512 -96 ) (-64 512 -224 ) 
4 97 98 (-96 896 -224 ) (-96 544 -224 ) (-96 544 -96 ) (-96 896 -96 ) 
4 99 109 (-64 512 -256 ) (-128 512 -256 ) (-128 512 -448 ) (-64 512 -448 ) 
4 99 108 (0 512 -352 ) (0 512 -256 ) (-64 512 -256 ) (-64 512 -352 ) 
4 100 113 (0 512 -672 ) (0 512 -512 ) (-128 512 -512 ) (-128 512 -672 ) 
4 100 106 (-128 896 -512 ) (-128 896 -672 ) (-128 512 -672 ) (-128 512 -512 ) 
4 101 110 (-128 512 -32 ) (-128 512 320 ) (-160 512 320 ) (-160 512 -32 ) 
4 101 102 (-160 512 -32 ) (-160 512 320 ) (-160 896 320 ) (-160 896 -32 ) 
4 102 110 (-160 512 320 ) (-384 512 320 ) (-384 512 -224 ) (-160 512 -224 ) 
4 102 103 (-384 512 -224 ) (-384 512 320 ) (-384 896 320 ) (-384 896 -224 ) 
4 103 111 (-384 512 320 ) (-768 512 320 ) (-768 512 -256 ) (-384 512 -256 ) 
4 103 105 (-768 896 -256 ) (-384 896 -256 ) (-384 512 -256 ) (-768 512 -256 ) 
4 104 110 (-160 512 -256 ) (-352 512 -256 ) (-352 512 -384 ) (-160 512 -384 ) 
4 105 111 (-384 512 -256 ) (-768 512 -256 ) (-768 512 -384 ) (-384 512 -384 ) 
4 105 107 (-768 896 -384 ) (-384 896 -384 ) (-384 512 -384 ) (-768 512 -384 ) 
4 106 113 (-128 512 -672 ) (-128 512 -512 ) (-384 512 -512 ) (-384 512 -672 ) 
4 106 107 (-384 896 -672 ) (-384 512 -672 ) (-384 512 -448 ) (-384 896 -448 ) 
4 107 113 (-512 512 -672 ) (-384 512 -672 ) (-384 512 -512 ) (-512 512 -512 ) 
4 107 114 (-768 512 -448 ) (-768 512 -672 ) (-512 512 -672 ) (-512 512 -448 ) 
4 107 111 (-384 512 -384 ) (-768 512 -384 ) (-768 512 -448 ) (-384 512 -448 ) 
4 108 109 (-64 448 -352 ) (-64 448 320 ) (-64 512 320 ) (-64 512 -352 ) 
4 108 112 (0 448 -352 ) (0 448 320 ) (-64 448 320 ) (-64 448 -352 ) 
4 109 110 (-128 448 -416 ) (-128 448 320 ) (-128 512 320 ) (-128 512 -416 ) 
4 109 112 (-128 448 -448 ) (-64 448 -448 ) (-64 448 320 ) (-128 448 320 ) 
4 110 112 (-128 448 -416 ) (-128 448 320 ) (-384 448 320 ) (-384 448 -416 ) 
4 110 111 (-384 448 -416 ) (-384 448 320 ) (-384 512 320 ) (-384 512 -416 ) 
4 111 114 (-768 512 -448 ) (-512 512 -448 ) (-512 448 -448 ) (-768 448 -448 ) 
4 111 112 (-768 448 320 ) (-768 448 -448 ) (-384 448 -448 ) (-384 448 320 ) 
4 112 123 (-512 0 320 ) (-768 0 320 ) (-768 0 -448 ) (-512 0 -448 ) 
4 112 120 (0 0 -448 ) (0 0 320 ) (-512 0 320 ) (-512 0 -448 ) 
4 112 114 (-512 0 -448 ) (-768 0 -448 ) (-768 448 -448 ) (-512 448 -448 ) 
4 113 121 (0 0 -672 ) (0 0 -512 ) (-512 0 -512 ) (-512 0 -672 ) 
4 113 114 (-512 512 -672 ) (-512 0 -672 ) (-512 0 -512 ) (-512 512 -512 ) 
4 114 123 (-512 0 -448 ) (-768 0 -448 ) (-768 0 -672 ) (-512 0 -672 ) 
4 115 119 (768 -1024 320 ) (512 -1024 320 ) (512 -1024 -672 ) (768 -1024 -672 ) 
4 115 116 (512 -512 -448 ) (512 -512 320 ) (512 0 320 ) (512 0 -448 ) 
4 115 117 (512 0 -672 ) (512 -512 -672 ) (512 -512 -512 ) (512 0 -512 ) 
4 115 118 (512 -512 -672 ) (512 -1024 -672 ) (512 -1024 320 ) (512 -512 320 ) 
4 116 120 (0 -512 320 ) (0 0 320 ) (0 0 -448 ) (0 -512 -448 ) 
4 116 118 (512 -512 -448 ) (512 -512 320 ) (0 -512 320 ) (0 -512 -448 ) 
4 117 121 (0 0 -512 ) (0 0 -672 ) (0 -512 -672 ) (0 -512 -512 ) 
4 117 118 (0 -512 -672 ) (512 -512 -672 ) (512 -512 -512 ) (0 -512 -512 ) 
4 118 122 (0 -1024 -672 ) (0 -1024 320 ) (0 -512 320 ) (0 -512 -672 ) 
4 118 119 (512 -1024 320 ) (0 -1024 320 ) (0 -1024 -672 ) (512 -1024 -672 ) 
4 119 125 (768 -2048 320 ) (0 -2048 320 ) (0 -2048 -672 ) (768 -2048 -672 ) 
4 119 124 (0 -2048 -672 ) (0 -2048 320 ) (0 -1024 320 ) (0 -1024 -672 ) 
4 120 123 (-512 -512 -448 ) (-512 -512 320 ) (-512 0 320 ) (-512 0 -448 ) 
4 120 122 (-512 -512 320 ) (-512 -512 -448 ) (0 -512 -448 ) (0 -512 320 ) 
4 121 123 (-512 0 -672 ) (-512 -512 -672 ) (-512 -512 -512 ) (-512 0 -512 ) 
4 121 122 (-512 -512 -512 ) (-512 -512 -672 ) (0 -512 -672 ) (0 -512 -512 ) 
4 122 124 (0 -1024 -672 ) (0 -1024 320 ) (-512 -1024 320 ) (-512 -1024 -672 ) 
4 122 123 (-512 -512 -672 ) (-512 -1024 -672 ) (-512 -1024 320 ) (-512 -512 320 ) 
4 123 124 (-512 -1024 320 ) (-768 -1024 320 ) (-768 -1024 -672 ) (-512 -1024 -672 ) 
4 124 126 (0 -2048 -672 ) (0 -2048 320 ) (-768 -2048 320 ) (-768 -2048 -672 ) 
4 125 126 (0 -2048 320 ) (0 -2048 -672 ) (0 -2336 -672 ) (0 -2336 320 ) 
