


materialPath: C:\Program Files (x86)\Steam\steamapps\common\Team Fortress 2\tf\materials
Loading c:\users\liam\documents\tf2-maps\p\a2\cp_p_a2.vmf
Patching WVT material: maps/cp_p_a2/dev/dev_blendmeasure_wvt_patch
Patching WVT material: maps/cp_p_a2/dev/dev_blendmeasure2_wvt_patch
fixing up env_cubemap materials on brush sides...
0...1...2...3...4...5...6...7...8...9...100...1...2...3...4...5...6...7...8...9...10Processing areas...done (0)
Building Faces...done (0)
Chop Details...done (0)
Find Visible Detail Sides...done (0)
Merging details...done (0)
FixTjuncs...
PruneNodes...
WriteBSP...
done (0)
writing c:\users\liam\documents\tf2-maps\p\a2\cp_p_a2.prt...Building visibility clusters...
done (0)
Creating default LDR cubemaps for env_cubemap using skybox materials:
   skybox/sky_day01_01*.vmt
 ! Run buildcubemaps in the engine to get the correct cube maps.
Creating default HDR cubemaps for env_cubemap using skybox materials:
   skybox/sky_day01_01*.vmt
 ! Run buildcubemaps in the engine to get the correct cube maps.
Finding displacement neighbors...
Finding lightmap sample positions...
Displacement Alpha : 0...1...2...3...4...5...6...7...8...9...10
Building Physics collision data...
WARNING: Map using power 4 displacements, terrain physics cannot be compressed, map will need additional memory and CPU.
done (0) (580987 bytes)
Placing detail props : 0...1...2...3...4...5...6...7...8...9...Error loading studio model ""!
10
Compacting texture/material tables...
Reduced 396 texinfos to 277
Reduced 18 texdatas to 16 (445 bytes to 402)
Writing c:\users\liam\documents\tf2-maps\p\a2\cp_p_a2.bsp
MSG_FILEWRITE - Filesystem was asked to write to 'c:\users\liam\documents\tf2-maps\p\a2\cp_p_a2.bsp', but we don't own that location. Allowing.
Wrote ZIP buffer, estimated size 106799, actual size 106317
5 seconds elapsed



4 threads
reading c:\users\liam\documents\tf2-maps\p\a2\cp_p_a2.bsp
reading c:\users\liam\documents\tf2-maps\p\a2\cp_p_a2.prt
 569 portalclusters
1555 numportals
0...1...2...3...4...5...6...7...8...9...10Optimized: 1705 visible clusters (2.65%)
Total clusters visible: 64256
Average clusters visible: 112
Building PAS...
Average clusters audible: 127
visdatasize:35484  compressed from 81936
writing c:\users\liam\documents\tf2-maps\p\a2\cp_p_a2.bsp
MSG_FILEWRITE - Filesystem was asked to write to 'c:\users\liam\documents\tf2-maps\p\a2\cp_p_a2.bsp', but we don't own that location. Allowing.
0 seconds elapsed



[Reading texlights from 'lights.rad']
[56 texlights parsed from 'lights.rad']

Loading c:\users\liam\documents\tf2-maps\p\a2\cp_p_a2.bsp
2129 faces
825136 square feet [118819608.00 square inches]
14 Displacements
14547 Square Feet [2094909.00 Square Inches]
2129 patches before subdivision
57935 patches after subdivision
11 direct lights
0...1...2...3...4...5...6...7...8...9...100...1...2...3...4...5...6...7...8...9...10transfers 5133171, max 488
transfer lists:  39.2 megs
0...1...2...3...4...5...6...7...8...9...10	Bounce #1 added RGB(446131, 338645, 229717)
0...1...2...3...4...5...6...7...8...9...10	Bounce #2 added RGB(107344, 77802, 52859)
Build Patch/Sample Hash Table(s).....Done<0.0411 sec>
0...1...2...3...4...5...6...7...8...9...10FinalLightFace Done
0 of 0 (0% of) surface lights went in leaf ambient cubes.
0...1...2...3...4...5...6...7...8...9...10Writing leaf ambient...done
Ready to Finish

Object names       Objects/Maxobjs  Memory / Maxmem  Fullness 
------------       ---------------  ---------------  -------- 
models                  42/1024         2016/49152    ( 4.1%) 
brushes                293/8192         3516/98304    ( 3.6%) 
brushsides            1893/65536       15144/524288   ( 2.9%) 
planes                1182/65536       23640/1310720  ( 1.8%) 
vertexes              3179/65536       38148/786432   ( 4.9%) 
nodes                 1278/65536       40896/2097152  ( 2.0%) 
texinfos               277/12288       19944/884736   ( 2.3%) 
texdata                 16/2048          512/65536    ( 0.8%) 
dispinfos               14/0            2464/0        ( 0.0%) 
disp_verts            2382/0           47640/0        ( 0.0%) 
disp_tris             4096/0            8192/0        ( 0.0%) 
disp_lmsamples       41586/0           41586/0        ( 0.0%) 
faces                 2129/65536      119224/3670016  ( 3.2%) 
hdr faces                0/65536           0/3670016  ( 0.0%) 
origfaces             1069/65536       59864/3670016  ( 1.6%) 
leaves                1321/65536       42272/2097152  ( 2.0%) 
leaffaces             2775/65536        5550/131072   ( 4.2%) 
leafbrushes            711/65536        1422/131072   ( 1.1%) 
areas                    9/256            72/2048     ( 3.5%) 
surfedges            14123/512000      56492/2048000  ( 2.8%) 
edges                 7806/256000      31224/1024000  ( 3.0%) 
LDR worldlights         10/8192          880/720896   ( 0.1%) 
HDR worldlights          0/8192            0/720896   ( 0.0%) 
leafwaterdata            0/32768           0/393216   ( 0.0%) 
waterstrips            184/32768        1840/327680   ( 0.6%) 
waterverts               0/65536           0/786432   ( 0.0%) 
waterindices          2862/65536        5724/131072   ( 4.4%) 
cubemapsamples           0/1024            0/16384    ( 0.0%) 
overlays                 0/512             0/180224   ( 0.0%) 
LDR lightdata         [variable]     1125024/0        ( 0.0%) 
HDR lightdata         [variable]           0/0        ( 0.0%) 
visdata               [variable]       35484/16777216 ( 0.2%) 
entdata               [variable]       37066/393216   ( 9.4%) 
LDR ambient table     1321/65536        5284/262144   ( 2.0%) 
HDR ambient table     1321/65536        5284/262144   ( 2.0%) 
LDR leaf ambient      6709/65536      187852/1835008  (10.2%) 
HDR leaf ambient      1321/65536       36988/1835008  ( 2.0%) 
occluders                0/0               0/0        ( 0.0%) 
occluder polygons        0/0               0/0        ( 0.0%) 
occluder vert ind        0/0               0/0        ( 0.0%) 
detail props          [variable]           1/12       ( 8.3%) 
static props          [variable]           1/3670     ( 0.0%) 
pakfile               [variable]      106317/0        ( 0.0%) 
physics               [variable]      580987/4194304  (13.9%) 
physics terrain       [variable]           0/1048576  ( 0.0%) 

Level flags = 0

Total triangle count: 5595
Writing c:\users\liam\documents\tf2-maps\p\a2\cp_p_a2.bsp
21 seconds elapsed



materialPath: C:\Program Files (x86)\Steam\steamapps\common\Team Fortress 2\tf\materials
Loading c:\users\liam\documents\tf2-maps\p\a2\cp_p_a2.vmf
Patching WVT material: maps/cp_p_a2/dev/dev_blendmeasure_wvt_patch
Patching WVT material: maps/cp_p_a2/dev/dev_blendmeasure2_wvt_patch
fixing up env_cubemap materials on brush sides...
0...1...2...3...4...5...6...7...8...9...100...1...2...3...4...5...6...7...8...9...10Processing areas...done (0)
Building Faces...done (0)
Chop Details...done (0)
Find Visible Detail Sides...done (0)
Merging details...done (0)
FixTjuncs...
PruneNodes...
WriteBSP...
done (0)
writing c:\users\liam\documents\tf2-maps\p\a2\cp_p_a2.prt...Building visibility clusters...
done (0)
Creating default LDR cubemaps for env_cubemap using skybox materials:
   skybox/sky_day01_01*.vmt
 ! Run buildcubemaps in the engine to get the correct cube maps.
Creating default HDR cubemaps for env_cubemap using skybox materials:
   skybox/sky_day01_01*.vmt
 ! Run buildcubemaps in the engine to get the correct cube maps.
Finding displacement neighbors...
Finding lightmap sample positions...
Displacement Alpha : 0...1...2...3...4...5...6...7...8...9...10
Building Physics collision data...
WARNING: Map using power 4 displacements, terrain physics cannot be compressed, map will need additional memory and CPU.
done (1) (588836 bytes)
Placing detail props : 0...1...2...3...4...5...6...7...8...9...Error loading studio model ""!
10
Compacting texture/material tables...
Reduced 398 texinfos to 285
Reduced 18 texdatas to 16 (445 bytes to 402)
Writing c:\users\liam\documents\tf2-maps\p\a2\cp_p_a2.bsp
MSG_FILEWRITE - Filesystem was asked to write to 'c:\users\liam\documents\tf2-maps\p\a2\cp_p_a2.bsp', but we don't own that location. Allowing.
Wrote ZIP buffer, estimated size 106799, actual size 106317
2 seconds elapsed



4 threads
reading c:\users\liam\documents\tf2-maps\p\a2\cp_p_a2.bsp
reading c:\users\liam\documents\tf2-maps\p\a2\cp_p_a2.prt
 565 portalclusters
1551 numportals
0...1...2...3...4...5...6...7...8...9...10Optimized: 1705 visible clusters (2.67%)
Total clusters visible: 63970
Average clusters visible: 113
Building PAS...
Average clusters audible: 127
visdatasize:35401  compressed from 81360
writing c:\users\liam\documents\tf2-maps\p\a2\cp_p_a2.bsp
MSG_FILEWRITE - Filesystem was asked to write to 'c:\users\liam\documents\tf2-maps\p\a2\cp_p_a2.bsp', but we don't own that location. Allowing.
0 seconds elapsed



[Reading texlights from 'lights.rad']
[56 texlights parsed from 'lights.rad']

Loading c:\users\liam\documents\tf2-maps\p\a2\cp_p_a2.bsp
2216 faces
849644 square feet [122348824.00 square inches]
14 Displacements
14547 Square Feet [2094909.00 Square Inches]
2216 patches before subdivision
58150 patches after subdivision
11 direct lights
0...1...2...3...4...5...6...7...8...9...100...1...2...3...4...5...6...7...8...9...10transfers 5154921, max 488
transfer lists:  39.3 megs
0...1...2...3...4...5...6...7...8...9...10	Bounce #1 added RGB(447600, 339718, 230497)
0...1...2...3...4...5...6...7...8...9...10	Bounce #2 added RGB(107889, 78203, 53143)
Build Patch/Sample Hash Table(s).....Done<0.0305 sec>
0...1...2...3...4...5...6...7...8...9...10FinalLightFace Done
0 of 0 (0% of) surface lights went in leaf ambient cubes.
0...1...2...3...4...5...6...7...8...9...10Writing leaf ambient...done
Ready to Finish

Object names       Objects/Maxobjs  Memory / Maxmem  Fullness 
------------       ---------------  ---------------  -------- 
models                  55/1024         2640/49152    ( 5.4%) 
brushes                308/8192         3696/98304    ( 3.8%) 
brushsides            1983/65536       15864/524288   ( 3.0%) 
planes                1192/65536       23840/1310720  ( 1.8%) 
vertexes              3295/65536       39540/786432   ( 5.0%) 
nodes                 1351/65536       43232/2097152  ( 2.1%) 
texinfos               285/12288       20520/884736   ( 2.3%) 
texdata                 16/2048          512/65536    ( 0.8%) 
dispinfos               14/0            2464/0        ( 0.0%) 
disp_verts            2382/0           47640/0        ( 0.0%) 
disp_tris             4096/0            8192/0        ( 0.0%) 
disp_lmsamples       41586/0           41586/0        ( 0.0%) 
faces                 2216/65536      124096/3670016  ( 3.4%) 
hdr faces                0/65536           0/3670016  ( 0.0%) 
origfaces             1155/65536       64680/3670016  ( 1.8%) 
leaves                1407/65536       45024/2097152  ( 2.1%) 
leaffaces             2852/65536        5704/131072   ( 4.4%) 
leafbrushes            726/65536        1452/131072   ( 1.1%) 
areas                    9/256            72/2048     ( 3.5%) 
surfedges            14817/512000      59268/2048000  ( 2.9%) 
edges                 8155/256000      32620/1024000  ( 3.2%) 
LDR worldlights         10/8192          880/720896   ( 0.1%) 
HDR worldlights          0/8192            0/720896   ( 0.0%) 
leafwaterdata            0/32768           0/393216   ( 0.0%) 
waterstrips            190/32768        1900/327680   ( 0.6%) 
waterverts               0/65536           0/786432   ( 0.0%) 
waterindices          2931/65536        5862/131072   ( 4.5%) 
cubemapsamples           0/1024            0/16384    ( 0.0%) 
overlays                 0/512             0/180224   ( 0.0%) 
LDR lightdata         [variable]     1125304/0        ( 0.0%) 
HDR lightdata         [variable]           0/0        ( 0.0%) 
visdata               [variable]       35401/16777216 ( 0.2%) 
entdata               [variable]       39088/393216   ( 9.9%) 
LDR ambient table     1407/65536        5628/262144   ( 2.1%) 
HDR ambient table     1407/65536        5628/262144   ( 2.1%) 
LDR leaf ambient      6967/65536      195076/1835008  (10.6%) 
HDR leaf ambient      1407/65536       39396/1835008  ( 2.1%) 
occluders                0/0               0/0        ( 0.0%) 
occluder polygons        0/0               0/0        ( 0.0%) 
occluder vert ind        0/0               0/0        ( 0.0%) 
detail props          [variable]           1/12       ( 8.3%) 
static props          [variable]           1/3676     ( 0.0%) 
pakfile               [variable]      106317/0        ( 0.0%) 
physics               [variable]      588836/4194304  (14.0%) 
physics terrain       [variable]           0/1048576  ( 0.0%) 

Level flags = 0

Total triangle count: 5771
Writing c:\users\liam\documents\tf2-maps\p\a2\cp_p_a2.bsp
14 seconds elapsed



materialPath: C:\Program Files (x86)\Steam\steamapps\common\Team Fortress 2\tf\materials
Loading c:\users\liam\documents\tf2-maps\p\a2\cp_p_a2.vmf
Patching WVT material: maps/cp_p_a2/dev/dev_blendmeasure_wvt_patch
Patching WVT material: maps/cp_p_a2/dev/dev_blendmeasure2_wvt_patch
fixing up env_cubemap materials on brush sides...
0...1...2...3...4...5...6...7...8...9...100...1...2...3...4...5...6...7...8...9...10Processing areas...done (0)
Building Faces...done (0)
Chop Details...done (0)
Find Visible Detail Sides...done (0)
Merging details...done (0)
FixTjuncs...
PruneNodes...
WriteBSP...
done (0)
writing c:\users\liam\documents\tf2-maps\p\a2\cp_p_a2.prt...Building visibility clusters...
done (0)
Creating default LDR cubemaps for env_cubemap using skybox materials:
   skybox/sky_day01_01*.vmt
 ! Run buildcubemaps in the engine to get the correct cube maps.
Creating default HDR cubemaps for env_cubemap using skybox materials:
   skybox/sky_day01_01*.vmt
 ! Run buildcubemaps in the engine to get the correct cube maps.
Finding displacement neighbors...
Finding lightmap sample positions...
Displacement Alpha : 0...1...2...3...4...5...6...7...8...9...10
Building Physics collision data...
WARNING: Map using power 4 displacements, terrain physics cannot be compressed, map will need additional memory and CPU.
done (1) (590579 bytes)
Placing detail props : 0...1...2...3...4...5...6...7...8...9...Error loading studio model ""!
10
Water found with no water_lod_control entity, creating a default one.
Compacting texture/material tables...
Reduced 404 texinfos to 290
Reduced 21 texdatas to 18 (533 bytes to 450)
Writing c:\users\liam\documents\tf2-maps\p\a2\cp_p_a2.bsp
MSG_FILEWRITE - Filesystem was asked to write to 'c:\users\liam\documents\tf2-maps\p\a2\cp_p_a2.bsp', but we don't own that location. Allowing.
Wrote ZIP buffer, estimated size 107219, actual size 106603
2 seconds elapsed



4 threads
reading c:\users\liam\documents\tf2-maps\p\a2\cp_p_a2.bsp
reading c:\users\liam\documents\tf2-maps\p\a2\cp_p_a2.prt
 603 portalclusters
1670 numportals
0...1...2...3...4...5...6...7...8...9...10Optimized: 1710 visible clusters (2.38%)
Total clusters visible: 71897
Average clusters visible: 119
Building PAS...
Average clusters audible: 133
visdatasize:38309  compressed from 96480
writing c:\users\liam\documents\tf2-maps\p\a2\cp_p_a2.bsp
MSG_FILEWRITE - Filesystem was asked to write to 'c:\users\liam\documents\tf2-maps\p\a2\cp_p_a2.bsp', but we don't own that location. Allowing.
0 seconds elapsed



[Reading texlights from 'lights.rad']
[56 texlights parsed from 'lights.rad']

Loading c:\users\liam\documents\tf2-maps\p\a2\cp_p_a2.bsp
2370 faces
864388 square feet [124471904.00 square inches]
14 Displacements
14547 Square Feet [2094909.00 Square Inches]
2370 patches before subdivision
59364 patches after subdivision
11 direct lights
0...1...2...3...4...5...6...7...8...9...100...1...2...3...4...5...6...7...8...9...10transfers 5247116, max 488
transfer lists:  40.0 megs
0...1...2...3...4...5...6...7...8...9...10	Bounce #1 added RGB(451567, 342579, 232392)
0...1...2...3...4...5...6...7...8...9...10	Bounce #2 added RGB(108471, 78551, 53347)
Build Patch/Sample Hash Table(s).....Done<0.0182 sec>
0...1...2...3...4...5...6...7...8...9...10FinalLightFace Done
0 of 0 (0% of) surface lights went in leaf ambient cubes.
0...1...2...3...4...5...6...7...8...9...10Writing leaf ambient...done
Ready to Finish

Object names       Objects/Maxobjs  Memory / Maxmem  Fullness 
------------       ---------------  ---------------  -------- 
models                  57/1024         2736/49152    ( 5.6%) 
brushes                311/8192         3732/98304    ( 3.8%) 
brushsides            2001/65536       16008/524288   ( 3.1%) 
planes                1194/65536       23880/1310720  ( 1.8%) 
vertexes              3378/65536       40536/786432   ( 5.2%) 
nodes                 1443/65536       46176/2097152  ( 2.2%) 
texinfos               290/12288       20880/884736   ( 2.4%) 
texdata                 18/2048          576/65536    ( 0.9%) 
dispinfos               14/0            2464/0        ( 0.0%) 
disp_verts            2382/0           47640/0        ( 0.0%) 
disp_tris             4096/0            8192/0        ( 0.0%) 
disp_lmsamples       41586/0           41586/0        ( 0.0%) 
faces                 2370/65536      132720/3670016  ( 3.6%) 
hdr faces                0/65536           0/3670016  ( 0.0%) 
origfaces             1175/65536       65800/3670016  ( 1.8%) 
leaves                1501/65536       48032/2097152  ( 2.3%) 
leaffaces             2984/65536        5968/131072   ( 4.6%) 
leafbrushes            818/65536        1636/131072   ( 1.2%) 
areas                    9/256            72/2048     ( 3.5%) 
surfedges            15627/512000      62508/2048000  ( 3.1%) 
edges                 8570/256000      34280/1024000  ( 3.3%) 
LDR worldlights         10/8192          880/720896   ( 0.1%) 
HDR worldlights          0/8192            0/720896   ( 0.0%) 
leafwaterdata            1/32768          12/393216   ( 0.0%) 
waterstrips            198/32768        1980/327680   ( 0.6%) 
waterverts               0/65536           0/786432   ( 0.0%) 
waterindices          3123/65536        6246/131072   ( 4.8%) 
cubemapsamples           0/1024            0/16384    ( 0.0%) 
overlays                 0/512             0/180224   ( 0.0%) 
LDR lightdata         [variable]     1127300/0        ( 0.0%) 
HDR lightdata         [variable]           0/0        ( 0.0%) 
visdata               [variable]       38309/16777216 ( 0.2%) 
entdata               [variable]       40989/393216   (10.4%) 
LDR ambient table     1501/65536        6004/262144   ( 2.3%) 
HDR ambient table     1501/65536        6004/262144   ( 2.3%) 
LDR leaf ambient      7347/65536      205716/1835008  (11.2%) 
HDR leaf ambient      1501/65536       42028/1835008  ( 2.3%) 
occluders                0/0               0/0        ( 0.0%) 
occluder polygons        0/0               0/0        ( 0.0%) 
occluder vert ind        0/0               0/0        ( 0.0%) 
detail props          [variable]           1/12       ( 8.3%) 
static props          [variable]           1/3688     ( 0.0%) 
pakfile               [variable]      106603/0        ( 0.0%) 
physics               [variable]      590579/4194304  (14.1%) 
physics terrain       [variable]           0/1048576  ( 0.0%) 

Level flags = 0

Total triangle count: 6193
Writing c:\users\liam\documents\tf2-maps\p\a2\cp_p_a2.bsp
13 seconds elapsed



materialPath: C:\Program Files (x86)\Steam\steamapps\common\Team Fortress 2\tf\materials
Loading c:\users\liam\documents\tf2-maps\p\a2\cp_p_a2.vmf
Patching WVT material: maps/cp_p_a2/dev/dev_blendmeasure_wvt_patch
Patching WVT material: maps/cp_p_a2/dev/dev_blendmeasure2_wvt_patch
fixing up env_cubemap materials on brush sides...
0...1...2...3...4...5...6...7...8...9...100...1...2...3...4...5...6...7...8...9...10Processing areas...done (0)
Building Faces...done (0)
Chop Details...done (0)
Find Visible Detail Sides...done (0)
Merging details...done (0)
FixTjuncs...
PruneNodes...
WriteBSP...
done (0)
writing c:\users\liam\documents\tf2-maps\p\a2\cp_p_a2.prt...Building visibility clusters...
done (0)
Creating default LDR cubemaps for env_cubemap using skybox materials:
   skybox/sky_day01_01*.vmt
 ! Run buildcubemaps in the engine to get the correct cube maps.
Creating default HDR cubemaps for env_cubemap using skybox materials:
   skybox/sky_day01_01*.vmt
 ! Run buildcubemaps in the engine to get the correct cube maps.
Finding displacement neighbors...
Finding lightmap sample positions...
Displacement Alpha : 0...1...2...3...4...5...6...7...8...9...10
Building Physics collision data...
WARNING: Map using power 4 displacements, terrain physics cannot be compressed, map will need additional memory and CPU.
done (1) (590579 bytes)
Placing detail props : 0...1...2...3...4...5...6...7...8...9...Error loading studio model ""!
10
Water found with no water_lod_control entity, creating a default one.
Compacting texture/material tables...
Reduced 404 texinfos to 290
Reduced 21 texdatas to 18 (533 bytes to 450)
Writing c:\users\liam\documents\tf2-maps\p\a2\cp_p_a2.bsp
MSG_FILEWRITE - Filesystem was asked to write to 'c:\users\liam\documents\tf2-maps\p\a2\cp_p_a2.bsp', but we don't own that location. Allowing.
Wrote ZIP buffer, estimated size 107219, actual size 106603
4 seconds elapsed



4 threads
reading c:\users\liam\documents\tf2-maps\p\a2\cp_p_a2.bsp
reading c:\users\liam\documents\tf2-maps\p\a2\cp_p_a2.prt
 603 portalclusters
1670 numportals
0...1...2...3...4...5...6...7...8...9...100...1...2...3...4...5...6...7...8...9...10Optimized: 66 visible clusters (0.10%)
Total clusters visible: 64991
Average clusters visible: 107
Building PAS...
Average clusters audible: 133
visdatasize:38203  compressed from 96480
writing c:\users\liam\documents\tf2-maps\p\a2\cp_p_a2.bsp
MSG_FILEWRITE - Filesystem was asked to write to 'c:\users\liam\documents\tf2-maps\p\a2\cp_p_a2.bsp', but we don't own that location. Allowing.
3 seconds elapsed



[Reading texlights from 'lights.rad']
[56 texlights parsed from 'lights.rad']

Loading c:\users\liam\documents\tf2-maps\p\a2\cp_p_a2.bsp
2370 faces
864388 square feet [124471904.00 square inches]
14 Displacements
14547 Square Feet [2094909.00 Square Inches]
2370 patches before subdivision
59364 patches after subdivision
11 direct lights
0...1...2...3...4...5...6...7...8...9...100...1...2...3...4...5...6...7...8...9...10transfers 5247117, max 488
transfer lists:  40.0 megs
0...1...2...3...4...5...6...7...8...9...10	Bounce #1 added RGB(449501, 341003, 231210)
0...1...2...3...4...5...6...7...8...9...10	Bounce #2 added RGB(107950, 78231, 53115)
0...1...2...3...4...5...6...7...8...9...10	Bounce #3 added RGB(29728, 20700, 14244)
0...1...2...3...4...5...6...7...8...9...10	Bounce #4 added RGB(8822, 5839, 4096)
0...1...2...3...4...5...6...7...8...9...10	Bounce #5 added RGB(2749, 1705, 1219)
0...1...2...3...4...5...6...7...8...9...10	Bounce #6 added RGB(908, 517, 377)
0...1...2...3...4...5...6...7...8...9...10	Bounce #7 added RGB(313, 159, 118)
0...1...2...3...4...5...6...7...8...9...10	Bounce #8 added RGB(114, 50, 38)
0...1...2...3...4...5...6...7...8...9...10	Bounce #9 added RGB(43, 16, 12)
0...1...2...3...4...5...6...7...8...9...10	Bounce #10 added RGB(17, 5, 4)
0...1...2...3...4...5...6...7...8...9...10	Bounce #11 added RGB(7, 2, 1)
0...1...2...3...4...5...6...7...8...9...10	Bounce #12 added RGB(3, 1, 0)
0...1...2...3...4...5...6...7...8...9...10	Bounce #13 added RGB(1, 0, 0)
0...1...2...3...4...5...6...7...8...9...10	Bounce #14 added RGB(1, 0, 0)
Build Patch/Sample Hash Table(s).....Done<0.0295 sec>
0...1...2...3...4...5...6...7...8...9...10FinalLightFace Done
0 of 0 (0% of) surface lights went in leaf ambient cubes.
0...1...2...3...4...5...6...7...8...9...10Writing leaf ambient...done
Ready to Finish

Object names       Objects/Maxobjs  Memory / Maxmem  Fullness 
------------       ---------------  ---------------  -------- 
models                  57/1024         2736/49152    ( 5.6%) 
brushes                311/8192         3732/98304    ( 3.8%) 
brushsides            2001/65536       16008/524288   ( 3.1%) 
planes                1194/65536       23880/1310720  ( 1.8%) 
vertexes              3378/65536       40536/786432   ( 5.2%) 
nodes                 1443/65536       46176/2097152  ( 2.2%) 
texinfos               290/12288       20880/884736   ( 2.4%) 
texdata                 18/2048          576/65536    ( 0.9%) 
dispinfos               14/0            2464/0        ( 0.0%) 
disp_verts            2382/0           47640/0        ( 0.0%) 
disp_tris             4096/0            8192/0        ( 0.0%) 
disp_lmsamples       41586/0           41586/0        ( 0.0%) 
faces                 2370/65536      132720/3670016  ( 3.6%) 
hdr faces                0/65536           0/3670016  ( 0.0%) 
origfaces             1175/65536       65800/3670016  ( 1.8%) 
leaves                1501/65536       48032/2097152  ( 2.3%) 
leaffaces             2984/65536        5968/131072   ( 4.6%) 
leafbrushes            818/65536        1636/131072   ( 1.2%) 
areas                    9/256            72/2048     ( 3.5%) 
surfedges            15627/512000      62508/2048000  ( 3.1%) 
edges                 8570/256000      34280/1024000  ( 3.3%) 
LDR worldlights         10/8192          880/720896   ( 0.1%) 
HDR worldlights          0/8192            0/720896   ( 0.0%) 
leafwaterdata            1/32768          12/393216   ( 0.0%) 
waterstrips            198/32768        1980/327680   ( 0.6%) 
waterverts               0/65536           0/786432   ( 0.0%) 
waterindices          3123/65536        6246/131072   ( 4.8%) 
cubemapsamples           0/1024            0/16384    ( 0.0%) 
overlays                 0/512             0/180224   ( 0.0%) 
LDR lightdata         [variable]     1127300/0        ( 0.0%) 
HDR lightdata         [variable]           0/0        ( 0.0%) 
visdata               [variable]       38203/16777216 ( 0.2%) 
entdata               [variable]       40991/393216   (10.4%) 
LDR ambient table     1501/65536        6004/262144   ( 2.3%) 
HDR ambient table     1501/65536        6004/262144   ( 2.3%) 
LDR leaf ambient      7348/65536      205744/1835008  (11.2%) 
HDR leaf ambient      1501/65536       42028/1835008  ( 2.3%) 
occluders                0/0               0/0        ( 0.0%) 
occluder polygons        0/0               0/0        ( 0.0%) 
occluder vert ind        0/0               0/0        ( 0.0%) 
detail props          [variable]           1/12       ( 8.3%) 
static props          [variable]           1/3688     ( 0.0%) 
pakfile               [variable]      106603/0        ( 0.0%) 
physics               [variable]      590579/4194304  (14.1%) 
physics terrain       [variable]           0/1048576  ( 0.0%) 

Level flags = 0

Total triangle count: 6193
Writing c:\users\liam\documents\tf2-maps\p\a2\cp_p_a2.bsp
1 minute, 50 seconds elapsed



[Reading texlights from 'lights.rad']
[56 texlights parsed from 'lights.rad']

Loading c:\users\liam\documents\tf2-maps\p\a2\cp_p_a2.bsp
2370 faces
864388 square feet [124471904.00 square inches]
14 Displacements
14547 Square Feet [2094909.00 Square Inches]
2370 patches before subdivision
59364 patches after subdivision
11 direct lights
0...1...2...3...4...5...6...7...8...9...100...1...2...3...4...5...6...7...8...9...10transfers 5247117, max 488
transfer lists:  40.0 megs
0...1...2...3...4...5...6...7...8...9...10	Bounce #1 added RGB(449501, 341003, 231210)
0...1...2...3...4...5...6...7...8...9...10	Bounce #2 added RGB(107950, 78231, 53115)
0...1...2...3...4...5...6...7...8...9...10	Bounce #3 added RGB(29728, 20700, 14244)
0...1...2...3...4...5...6...7...8...9...10	Bounce #4 added RGB(8822, 5839, 4096)
0...1...2...3...4...5...6...7...8...9...10	Bounce #5 added RGB(2749, 1705, 1219)
0...1...2...3...4...5...6...7...8...9...10	Bounce #6 added RGB(908, 517, 377)
0...1...2...3...4...5...6...7...8...9...10	Bounce #7 added RGB(313, 159, 118)
0...1...2...3...4...5...6...7...8...9...10	Bounce #8 added RGB(114, 50, 38)
0...1...2...3...4...5...6...7...8...9...10	Bounce #9 added RGB(43, 16, 12)
0...1...2...3...4...5...6...7...8...9...10	Bounce #10 added RGB(17, 5, 4)
0...1...2...3...4...5...6...7...8...9...10	Bounce #11 added RGB(7, 2, 1)
0...1...2...3...4...5...6...7...8...9...10	Bounce #12 added RGB(3, 1, 0)
0...1...2...3...4...5...6...7...8...9...10	Bounce #13 added RGB(1, 0, 0)
0...1...2...3...4...5...6...7...8...9...10	Bounce #14 added RGB(1, 0, 0)
Build Patch/Sample Hash Table(s).....Done<0.0261 sec>
0...1...2...3...4...5...6...7...8...9...10FinalLightFace Done
0 of 0 (0% of) surface lights went in leaf ambient cubes.
0...1...2...3...4...5...6...7...8...9...10Writing leaf ambient...done
Ready to Finish

Object names       Objects/Maxobjs  Memory / Maxmem  Fullness 
------------       ---------------  ---------------  -------- 
models                  57/1024         2736/49152    ( 5.6%) 
brushes                311/8192         3732/98304    ( 3.8%) 
brushsides            2001/65536       16008/524288   ( 3.1%) 
planes                1194/65536       23880/1310720  ( 1.8%) 
vertexes              3378/65536       40536/786432   ( 5.2%) 
nodes                 1443/65536       46176/2097152  ( 2.2%) 
texinfos               290/12288       20880/884736   ( 2.4%) 
texdata                 18/2048          576/65536    ( 0.9%) 
dispinfos               14/0            2464/0        ( 0.0%) 
disp_verts            2382/0           47640/0        ( 0.0%) 
disp_tris             4096/0            8192/0        ( 0.0%) 
disp_lmsamples       41586/0           41586/0        ( 0.0%) 
faces                 2370/65536      132720/3670016  ( 3.6%) 
hdr faces             2370/65536      132720/3670016  ( 3.6%) 
origfaces             1175/65536       65800/3670016  ( 1.8%) 
leaves                1501/65536       48032/2097152  ( 2.3%) 
leaffaces             2984/65536        5968/131072   ( 4.6%) 
leafbrushes            818/65536        1636/131072   ( 1.2%) 
areas                    9/256            72/2048     ( 3.5%) 
surfedges            15627/512000      62508/2048000  ( 3.1%) 
edges                 8570/256000      34280/1024000  ( 3.3%) 
LDR worldlights         10/8192          880/720896   ( 0.1%) 
HDR worldlights         10/8192          880/720896   ( 0.1%) 
leafwaterdata            1/32768          12/393216   ( 0.0%) 
waterstrips            198/32768        1980/327680   ( 0.6%) 
waterverts               0/65536           0/786432   ( 0.0%) 
waterindices          3123/65536        6246/131072   ( 4.8%) 
cubemapsamples           0/1024            0/16384    ( 0.0%) 
overlays                 0/512             0/180224   ( 0.0%) 
LDR lightdata         [variable]     1127300/0        ( 0.0%) 
HDR lightdata         [variable]     1127300/0        ( 0.0%) 
visdata               [variable]       38203/16777216 ( 0.2%) 
entdata               [variable]       40991/393216   (10.4%) 
LDR ambient table     1501/65536        6004/262144   ( 2.3%) 
HDR ambient table     1501/65536        6004/262144   ( 2.3%) 
LDR leaf ambient      7348/65536      205744/1835008  (11.2%) 
HDR leaf ambient      7348/65536      205744/1835008  (11.2%) 
occluders                0/0               0/0        ( 0.0%) 
occluder polygons        0/0               0/0        ( 0.0%) 
occluder vert ind        0/0               0/0        ( 0.0%) 
detail props          [variable]           1/12       ( 8.3%) 
static props          [variable]           1/3688     ( 0.0%) 
pakfile               [variable]      106603/0        ( 0.0%) 
physics               [variable]      590579/4194304  (14.1%) 
physics terrain       [variable]           0/1048576  ( 0.0%) 

Level flags = 0

Total triangle count: 6193
Writing c:\users\liam\documents\tf2-maps\p\a2\cp_p_a2.bsp
1 minute, 50 seconds elapsed
