PRT1
312
821
4 0 22 (4608 0 640 ) (4608 0 800 ) (4096 0 800 ) (4096 0 640 ) 
4 0 21 (4608 0 800 ) (4608 0 1472 ) (4096 0 1472 ) (4096 0 800 ) 
4 0 4 (4096 0 640 ) (4096 0 1472 ) (4096 192 1472 ) (4096 192 640 ) 
4 0 3 (4096 192 1472 ) (4096 512 1472 ) (4096 512 640 ) (4096 192 640 ) 
4 0 1 (4096 512 640 ) (4608 512 640 ) (4608 192 640 ) (4096 192 640 ) 
4 1 3 (4096 192 640 ) (4096 512 640 ) (4096 512 256 ) (4096 192 256 ) 
4 1 2 (4096 192 256 ) (4608 192 256 ) (4608 192 639 ) (4096 192 639 ) 
4 2 23 (4608 0 256 ) (4608 0 639 ) (4096 0 639 ) (4096 0 256 ) 
4 2 5 (4096 0 256 ) (4096 0 639 ) (4096 192 639 ) (4096 192 256 ) 
4 3 7 (3072 192 1472 ) (3072 512 1472 ) (3072 512 256 ) (3072 192 256 ) 
4 3 4 (4096 192 640 ) (4096 192 1472 ) (3072 192 1472 ) (3072 192 640 ) 
4 3 5 (3072 192 256 ) (4096 192 256 ) (4096 192 639 ) (3072 192 639 ) 
4 4 35 (3712 0 800 ) (3648 0 800 ) (3648 0 640 ) (3712 0 640 ) 
4 4 36 (3648 0 800 ) (3072 0 800 ) (3072 0 640 ) (3648 0 640 ) 
4 4 32 (3872 0 800 ) (3712 0 800 ) (3712 0 640 ) (3872 0 640 ) 
4 4 31 (4096 0 640 ) (4096 0 800 ) (3872 0 800 ) (3872 0 640 ) 
4 4 30 (4096 0 800 ) (4096 0 1472 ) (3072 0 1472 ) (3072 0 800 ) 
4 4 8 (3072 0 640 ) (3072 0 1472 ) (3072 192 1472 ) (3072 192 640 ) 
4 5 46 (3648 0 639 ) (3072 0 639 ) (3072 0 256 ) (3648 0 256 ) 
4 5 43 (3712 0 639 ) (3648 0 639 ) (3648 0 256 ) (3712 0 256 ) 
4 5 37 (4096 0 256 ) (4096 0 639 ) (3712 0 639 ) (3712 0 256 ) 
4 5 9 (3072 0 256 ) (3072 0 639 ) (3072 192 639 ) (3072 192 256 ) 
4 6 114 (1024 1024 448 ) (1024 1024 704 ) (1024 1248 704 ) (1024 1248 448 ) 
4 6 12 (1536 1024 448 ) (1536 1024 704 ) (1024 1024 704 ) (1024 1024 448 ) 
4 7 14 (2048 192 256 ) (2048 192 448 ) (2048 512 448 ) (2048 512 256 ) 
4 7 13 (2048 192 448 ) (2048 192 1472 ) (2048 512 1472 ) (2048 512 448 ) 
4 7 10 (2304 192 640 ) (2048 192 640 ) (2048 192 256 ) (2304 192 256 ) 
4 7 9 (3072 192 256 ) (3072 192 639 ) (2368 192 639 ) (2368 192 256 ) 
4 7 8 (3072 192 640 ) (3072 192 1472 ) (2048 192 1472 ) (2048 192 640 ) 
4 8 52 (3072 0 640 ) (3072 0 1472 ) (2048 0 1472 ) (2048 0 640 ) 
4 8 13 (2048 0 640 ) (2048 0 1472 ) (2048 192 1472 ) (2048 192 640 ) 
4 8 10 (2048 192 640 ) (2304 192 640 ) (2304 0 640 ) (2048 0 640 ) 
4 9 53 (3072 0 256 ) (3072 0 639 ) (2368 0 639 ) (2368 0 256 ) 
4 9 11 (2752 0 256 ) (2368 0 256 ) (2368 192 256 ) (2752 192 256 ) 
4 10 54 (2304 0 640 ) (2048 0 640 ) (2048 0 256 ) (2304 0 256 ) 
4 10 14 (2048 0 256 ) (2048 0 448 ) (2048 192 448 ) (2048 192 256 ) 
4 10 13 (2048 0 448 ) (2048 0 640 ) (2048 192 640 ) (2048 192 448 ) 
4 11 55 (2752 0 16 ) (2752 0 256 ) (2368 0 256 ) (2368 0 16 ) 
4 12 121 (1024 576 448 ) (1024 576 576 ) (1024 1024 576 ) (1024 1024 448 ) 
4 12 120 (1024 576 576 ) (1024 576 704 ) (1024 1024 704 ) (1024 1024 576 ) 
4 13 58 (1792 0 1472 ) (1600 0 1472 ) (1600 0 448 ) (1792 0 448 ) 
4 13 57 (2048 0 448 ) (2048 0 1472 ) (1792 0 1472 ) (1792 0 448 ) 
4 13 14 (1792 512 448 ) (2048 512 448 ) (2048 0 448 ) (1792 0 448 ) 
4 14 57 (2048 0 256 ) (2048 0 448 ) (1792 0 448 ) (1792 0 256 ) 
4 14 15 (1792 512 256 ) (1792 0 256 ) (1792 0 432 ) (1792 512 432 ) 
4 15 59 (1600 0 432 ) (1600 0 256 ) (1792 0 256 ) (1792 0 432 ) 
4 16 126 (1024 0 1472 ) (1024 0 1536 ) (1024 256 1536 ) (1024 256 1472 ) 
4 16 123 (1024 256 1536 ) (1024 512 1536 ) (1024 512 1472 ) (1024 256 1472 ) 
4 16 62 (1536 0 1472 ) (1536 0 1536 ) (1024 0 1536 ) (1024 0 1472 ) 
4 16 17 (1024 0 1472 ) (1024 512 1472 ) (1536 512 1472 ) (1536 0 1472 ) 
4 17 127 (1024 0 448 ) (1024 0 1472 ) (1024 256 1472 ) (1024 256 448 ) 
4 17 124 (1024 256 1472 ) (1024 512 1472 ) (1024 512 448 ) (1024 256 448 ) 
4 17 63 (1536 0 448 ) (1536 0 1472 ) (1024 0 1472 ) (1024 0 448 ) 
4 17 18 (1024 0 448 ) (1024 256 448 ) (1280 256 448 ) (1280 0 448 ) 
4 18 127 (1024 0 447 ) (1024 0 448 ) (1024 256 448 ) (1024 256 447 ) 
4 18 65 (1280 0 448 ) (1024 0 448 ) (1024 0 447 ) (1280 0 447 ) 
4 18 20 (1280 256 447 ) (1280 0 447 ) (1024 0 447 ) (1024 256 447 ) 
4 19 125 (1024 256 447 ) (1024 512 447 ) (1024 512 64 ) (1024 256 64 ) 
5 19 20 (1097.142944 256 64 ) (1536 256 64 ) (1536 256 447 ) (1024 256 447 ) (1024 256 117.894775 ) 
4 20 127 (1024 0 117.894775 ) (1024 0 447 ) (1024 256 447 ) (1024 256 117.894775 ) 
4 20 66 (1536 0 64 ) (1536 0 256 ) (1344 0 256 ) (1344 0 64 ) 
5 20 68 (1344 0 256 ) (1024 0 256 ) (1024 0 117.894775 ) (1097.142944 0 64 ) (1344 0 64 ) 
4 20 64 (1536 0 256 ) (1536 0 447 ) (1280 0 447 ) (1280 0 256 ) 
4 20 65 (1280 0 447 ) (1024 0 447 ) (1024 0 256 ) (1280 0 256 ) 
4 21 30 (4096 0 1472 ) (4096 0 800 ) (4096 -256 800 ) (4096 -256 1472 ) 
4 21 24 (4096 -256 1472 ) (4096 -256 800 ) (4608 -256 800 ) (4608 -256 1472 ) 
4 21 22 (4096 -192 800 ) (4096 0 800 ) (4608 0 800 ) (4608 -192 800 ) 
4 22 31 (4096 0 800 ) (4096 0 640 ) (4096 -192 640 ) (4096 -192 800 ) 
4 23 37 (4096 0 639 ) (4096 0 256 ) (4096 -192 256 ) (4096 -192 639 ) 
4 24 30 (4096 -1024 800 ) (4096 -1024 1472 ) (4096 -256 1472 ) (4096 -256 800 ) 
4 24 27 (4096 -1024 1472 ) (4096 -1024 800 ) (4608 -1024 800 ) (4608 -1024 1472 ) 
4 25 38 (4096 -256 256 ) (4096 -864 256 ) (4096 -864 640 ) (4096 -256 640 ) 
4 25 34 (4096 -864 640 ) (4096 -864 768 ) (4096 -256 768 ) (4096 -256 640 ) 
5 25 26 (4224 -864 256 ) (4576 -864 256 ) (4576 -864 768 ) (4096 -864 768 ) (4096 -864 337.454712 ) 
4 26 39 (4096 -1024 337.454712 ) (4096 -1024 640 ) (4096 -864 640 ) (4096 -864 337.454712 ) 
4 26 34 (4096 -1024 640 ) (4096 -1024 768 ) (4096 -864 768 ) (4096 -864 640 ) 
4 27 48 (4096 -1088 800 ) (4096 -1088 1472 ) (4096 -1024 1472 ) (4096 -1024 800 ) 
4 27 28 (4608 -1088 800 ) (4608 -1088 1472 ) (4096 -1088 1472 ) (4096 -1088 800 ) 
4 28 50 (4096 -2048 704 ) (4096 -2048 1472 ) (4096 -1088 1472 ) (4096 -1088 704 ) 
4 28 29 (4608 -2048 704 ) (4608 -2048 1472 ) (4096 -2048 1472 ) (4096 -2048 704 ) 
4 29 104 (4096 -2592 704 ) (4096 -2592 1472 ) (4096 -2048 1472 ) (4096 -2048 704 ) 
4 30 56 (3072 -192 800 ) (3072 -1024 800 ) (3072 -1024 1472 ) (3072 -192 1472 ) 
4 30 52 (3072 0 1472 ) (3072 0 800 ) (3072 -192 800 ) (3072 -192 1472 ) 
4 30 48 (4096 -1024 800 ) (4096 -1024 1472 ) (3072 -1024 1472 ) (3072 -1024 800 ) 
4 30 35 (3648 0 800 ) (3712 0 800 ) (3712 -192 800 ) (3648 -192 800 ) 
4 30 36 (3072 -1024 800 ) (3072 0 800 ) (3648 0 800 ) (3648 -1024 800 ) 
4 30 32 (3712 0 800 ) (3872 0 800 ) (3872 -192 800 ) (3712 -192 800 ) 
4 30 31 (3872 0 800 ) (4096 0 800 ) (4096 -192 800 ) (3872 -192 800 ) 
4 31 32 (3872 0 640 ) (3872 -192 640 ) (3872 -192 800 ) (3872 0 800 ) 
4 32 35 (3712 0 640 ) (3712 -192 640 ) (3712 -192 800 ) (3712 0 800 ) 
4 32 33 (3712 -192 768 ) (3712 -192 640 ) (3872 -192 640 ) (3872 -192 768 ) 
4 33 34 (3712 -256 768 ) (3712 -256 640 ) (3872 -256 640 ) (3872 -256 768 ) 
4 34 40 (3872 -1024 640 ) (3712 -1024 640 ) (3712 -256 640 ) (3872 -256 640 ) 
4 34 39 (4096 -1024 640 ) (3872 -1024 640 ) (3872 -864 640 ) (4096 -864 640 ) 
4 34 38 (3872 -864 640 ) (3872 -256 640 ) (4096 -256 640 ) (4096 -864 640 ) 
4 35 36 (3648 0 640 ) (3648 -192 640 ) (3648 -192 800 ) (3648 0 800 ) 
4 36 56 (3072 -192 640 ) (3072 -1024 640 ) (3072 -1024 800 ) (3072 -192 800 ) 
4 36 52 (3072 0 800 ) (3072 0 640 ) (3072 -192 640 ) (3072 -192 800 ) 
4 36 49 (3648 -1024 800 ) (3072 -1024 800 ) (3072 -1024 640 ) (3648 -1024 640 ) 
4 36 47 (3648 -1024 640 ) (3072 -1024 640 ) (3072 -192 640 ) (3648 -192 640 ) 
4 37 43 (3712 0 256 ) (3712 -192 256 ) (3712 -192 639 ) (3712 0 639 ) 
4 38 42 (3872 -576 256 ) (3872 -864 256 ) (3872 -864 479 ) (3872 -576 479 ) 
4 38 41 (3872 -320 256 ) (3872 -512 256 ) (3872 -512 479 ) (3872 -320 479 ) 
4 38 40 (3872 -256 640 ) (3872 -608 480 ) (3872 -864 480 ) (3872 -864 640 ) 
4 38 39 (3872 -864 640 ) (3872 -864 480 ) (4096 -864 337.454712 ) (4096 -864 640 ) 
4 39 40 (3872 -1024 480 ) (3872 -1024 640 ) (3872 -864 640 ) (3872 -864 480 ) 
4 40 45 (3712 -704 576 ) (3712 -704 512 ) (3712 -832 512 ) (3712 -832 576 ) 
4 41 44 (3712 -320 256 ) (3712 -512 256 ) (3712 -512 384 ) (3712 -320 384 ) 
4 43 46 (3648 0 256 ) (3648 -192 256 ) (3648 -192 639 ) (3648 0 639 ) 
4 44 47 (3648 -320 256 ) (3648 -512 256 ) (3648 -512 384 ) (3648 -320 384 ) 
4 45 47 (3648 -832 512 ) (3648 -832 576 ) (3648 -704 576 ) (3648 -704 512 ) 
4 46 53 (3072 0 639 ) (3072 0 256 ) (3072 -192 256 ) (3072 -192 639 ) 
4 46 47 (3072 -192 256 ) (3648 -192 256 ) (3648 -192 639 ) (3072 -192 639 ) 
4 47 56 (3072 -192 256 ) (3072 -1024 256 ) (3072 -1024 640 ) (3072 -192 640 ) 
4 47 49 (3648 -1024 640 ) (3072 -1024 640 ) (3072 -1024 256 ) (3648 -1024 256 ) 
4 48 69 (3072 -1088 800 ) (3072 -1088 1472 ) (3072 -1024 1472 ) (3072 -1024 800 ) 
4 48 50 (3072 -1088 1472 ) (3072 -1088 800 ) (4096 -1088 800 ) (4096 -1088 1472 ) 
4 48 49 (3648 -1088 800 ) (3072 -1088 800 ) (3072 -1024 800 ) (3648 -1024 800 ) 
4 49 70 (3072 -1088 256 ) (3072 -1088 480 ) (3072 -1024 480 ) (3072 -1024 256 ) 
4 49 69 (3072 -1088 480 ) (3072 -1088 800 ) (3072 -1024 800 ) (3072 -1024 480 ) 
4 49 51 (3072 -1088 704 ) (3072 -1088 256 ) (3648 -1088 256 ) (3648 -1088 704 ) 
4 49 50 (3072 -1088 800 ) (3072 -1088 704 ) (3648 -1088 704 ) (3648 -1088 800 ) 
4 50 104 (4096 -2048 704 ) (4096 -2048 1472 ) (3072 -2048 1472 ) (3072 -2048 704 ) 
4 50 75 (3072 -2048 704 ) (3072 -2048 1472 ) (3072 -1536 1472 ) (3072 -1536 704 ) 
4 50 69 (3072 -1536 1472 ) (3072 -1088 1472 ) (3072 -1088 704 ) (3072 -1536 704 ) 
3 50 51 (3072 -1861.485229 704 ) (3072 -1088 704 ) (3648 -1088 704 ) 
4 51 76 (3072 -1861.485229 256 ) (3072 -1861.485229 704 ) (3072 -1536 704 ) (3072 -1536 256 ) 
4 51 70 (3072 -1088 480 ) (3072 -1088 256 ) (3072 -1536 256 ) (3072 -1536 480 ) 
4 51 69 (3072 -1536 704 ) (3072 -1088 704 ) (3072 -1088 480 ) (3072 -1536 480 ) 
4 52 57 (2048 0 1472 ) (2048 0 640 ) (2048 -192 640 ) (2048 -192 1472 ) 
4 52 56 (3072 -192 640 ) (3072 -192 1472 ) (2048 -192 1472 ) (2048 -192 640 ) 
4 52 54 (2304 -192 640 ) (2048 -192 640 ) (2048 0 640 ) (2304 0 640 ) 
4 53 56 (3072 -192 256 ) (3072 -192 639 ) (2368 -192 639 ) (2368 -192 256 ) 
4 53 55 (2752 -192 256 ) (2368 -192 256 ) (2368 0 256 ) (2752 0 256 ) 
4 54 57 (2048 0 640 ) (2048 0 256 ) (2048 -192 256 ) (2048 -192 640 ) 
4 54 56 (2304 -192 640 ) (2048 -192 640 ) (2048 -192 256 ) (2304 -192 256 ) 
4 56 73 (2368 -1024 1472 ) (2304 -1024 1472 ) (2304 -1024 480 ) (2368 -1024 480 ) 
4 56 74 (2304 -1024 1472 ) (2048 -1024 1472 ) (2048 -1024 256 ) (2304 -1024 256 ) 
4 56 72 (2368 -1024 448 ) (2368 -1024 256 ) (2752 -1024 256 ) (2752 -1024 448 ) 
4 56 71 (2752 -1024 480 ) (2368 -1024 480 ) (2368 -1024 448 ) (2752 -1024 448 ) 
4 56 70 (3072 -1024 256 ) (3072 -1024 480 ) (2816 -1024 480 ) (2816 -1024 256 ) 
4 56 69 (3072 -1024 480 ) (3072 -1024 1472 ) (2368 -1024 1472 ) (2368 -1024 480 ) 
4 56 57 (2048 -1024 256 ) (2048 -1024 1472 ) (2048 -192 1472 ) (2048 -192 256 ) 
4 57 80 (2048 -1024 256 ) (2048 -1024 432 ) (1792 -1024 432 ) (1792 -1024 256 ) 
4 57 77 (2048 -1024 432 ) (2048 -1024 1472 ) (1792 -1024 1472 ) (1792 -1024 432 ) 
4 57 58 (1792 -1024 448 ) (1792 -1024 1472 ) (1792 0 1472 ) (1792 0 448 ) 
4 57 59 (1792 0 256 ) (1792 -1024 256 ) (1792 -1024 432 ) (1792 0 432 ) 
4 58 78 (1792 -1024 1472 ) (1600 -1024 1472 ) (1600 -1024 448 ) (1792 -1024 448 ) 
4 58 60 (1600 0 576 ) (1600 0 448 ) (1600 -192 448 ) (1600 -192 576 ) 
4 59 81 (1728 -1024 256 ) (1792 -1024 256 ) (1792 -1024 432 ) (1728 -1024 432 ) 
4 59 83 (1600 -1024 432 ) (1600 -1024 256 ) (1728 -1024 256 ) (1728 -1024 432 ) 
4 59 61 (1600 -768 256 ) (1600 -960 256 ) (1600 -960 384 ) (1600 -768 384 ) 
4 60 63 (1536 -192 448 ) (1536 -192 576 ) (1536 0 576 ) (1536 0 448 ) 
4 61 64 (1536 -960 256 ) (1536 -960 384 ) (1536 -768 384 ) (1536 -768 256 ) 
4 62 162 (1024 -1024 1472 ) (1024 -1024 1536 ) (1024 0 1536 ) (1024 0 1472 ) 
4 62 84 (1536 -1024 1472 ) (1536 -1024 1536 ) (1024 -1024 1536 ) (1024 -1024 1472 ) 
4 62 63 (1024 -1024 1472 ) (1024 0 1472 ) (1536 0 1472 ) (1536 -1024 1472 ) 
4 63 166 (1024 -1024 448 ) (1024 -1024 1472 ) (1024 -256 1472 ) (1024 -256 448 ) 
4 63 163 (1024 -256 1472 ) (1024 0 1472 ) (1024 0 448 ) (1024 -256 448 ) 
4 63 90 (1152 -1024 704 ) (1024 -1024 704 ) (1024 -1024 448 ) (1152 -1024 448 ) 
4 63 89 (1280 -1024 704 ) (1152 -1024 704 ) (1152 -1024 448 ) (1280 -1024 448 ) 
4 63 88 (1536 -1024 448 ) (1536 -1024 704 ) (1280 -1024 704 ) (1280 -1024 448 ) 
4 63 87 (1280 -1024 736 ) (1024 -1024 736 ) (1024 -1024 704 ) (1280 -1024 704 ) 
4 63 86 (1536 -1024 704 ) (1536 -1024 736 ) (1280 -1024 736 ) (1280 -1024 704 ) 
4 63 85 (1536 -1024 736 ) (1536 -1024 1472 ) (1024 -1024 1472 ) (1024 -1024 736 ) 
4 63 65 (1280 -1024 448 ) (1024 -1024 448 ) (1024 0 448 ) (1280 0 448 ) 
4 64 95 (1536 -1024 256 ) (1536 -1024 447 ) (1280 -1024 447 ) (1280 -1024 256 ) 
4 64 66 (1536 0 256 ) (1536 -768 256 ) (1344 -768 256 ) (1344 0 256 ) 
4 64 67 (1536 -960 256 ) (1536 -1024 256 ) (1344 -1024 256 ) (1344 -960 256 ) 
4 64 68 (1344 -1024 256 ) (1280 -1024 256 ) (1280 0 256 ) (1344 0 256 ) 
4 64 65 (1280 0 256 ) (1280 -1024 256 ) (1280 -1024 447 ) (1280 0 447 ) 
4 65 166 (1024 -1024 256 ) (1024 -1024 448 ) (1024 -256 448 ) (1024 -256 256 ) 
4 65 163 (1024 -256 448 ) (1024 0 448 ) (1024 0 256 ) (1024 -256 256 ) 
4 65 95 (1024 -1024 447 ) (1024 -1024 256 ) (1280 -1024 256 ) (1280 -1024 447 ) 
4 65 94 (1280 -1024 448 ) (1024 -1024 448 ) (1024 -1024 447 ) (1280 -1024 447 ) 
4 65 68 (1280 -1024 256 ) (1024 -1024 256 ) (1024 0 256 ) (1280 0 256 ) 
4 66 68 (1344 0 64 ) (1344 -416 64 ) (1344 -768 256 ) (1344 0 256 ) 
4 67 95 (1536 -1024 64 ) (1536 -1024 256 ) (1344 -1024 256 ) (1344 -1024 64 ) 
4 67 68 (1344 -960 64 ) (1344 -1024 64 ) (1344 -1024 256 ) (1344 -960 256 ) 
4 68 166 (1024 -1024 64 ) (1024 -1024 256 ) (1024 -256 256 ) (1024 -256 64 ) 
4 68 163 (1024 -256 256 ) (1024 0 256 ) (1024 0 64 ) (1024 -256 64 ) 
4 68 95 (1344 -1024 256 ) (1024 -1024 256 ) (1024 -1024 64 ) (1344 -1024 64 ) 
4 69 76 (3072 -1536 480 ) (3072 -1536 704 ) (2368 -1536 704 ) (2368 -1536 480 ) 
4 69 75 (3072 -1536 704 ) (3072 -1536 1472 ) (2368 -1536 1472 ) (2368 -1536 704 ) 
4 69 73 (2368 -1536 480 ) (2368 -1536 1472 ) (2368 -1024 1472 ) (2368 -1024 480 ) 
4 69 71 (2752 -1536 480 ) (2368 -1536 480 ) (2368 -1024 480 ) (2752 -1024 480 ) 
4 69 70 (3072 -1536 480 ) (2816 -1536 480 ) (2816 -1024 480 ) (3072 -1024 480 ) 
4 70 76 (2816 -1536 256 ) (3072 -1536 256 ) (3072 -1536 480 ) (2816 -1536 480 ) 
4 71 76 (2752 -1536 448 ) (2752 -1536 480 ) (2368 -1536 480 ) (2368 -1536 448 ) 
4 71 72 (2368 -1536 448 ) (2368 -1024 448 ) (2752 -1024 448 ) (2752 -1536 448 ) 
4 72 76 (2368 -1536 256 ) (2752 -1536 256 ) (2752 -1536 448 ) (2368 -1536 448 ) 
4 73 76 (2368 -1536 480 ) (2368 -1536 704 ) (2304 -1536 704 ) (2304 -1536 480 ) 
4 73 75 (2368 -1536 704 ) (2368 -1536 1472 ) (2304 -1536 1472 ) (2304 -1536 704 ) 
4 73 74 (2304 -1536 480 ) (2304 -1536 1472 ) (2304 -1024 1472 ) (2304 -1024 480 ) 
4 74 80 (2048 -1024 432 ) (2048 -1024 256 ) (2048 -1536 256 ) (2048 -1536 432 ) 
4 74 77 (2048 -1024 1472 ) (2048 -1024 432 ) (2048 -1536 432 ) (2048 -1536 1472 ) 
4 74 76 (2048 -1536 704 ) (2048 -1536 256 ) (2304 -1536 256 ) (2304 -1536 704 ) 
4 74 75 (2048 -1536 1472 ) (2048 -1536 704 ) (2304 -1536 704 ) (2304 -1536 1472 ) 
4 75 105 (3072 -2048 704 ) (3072 -2048 1472 ) (2048 -2048 1472 ) (2048 -2048 704 ) 
4 75 77 (2048 -2048 704 ) (2048 -2048 1472 ) (2048 -1536 1472 ) (2048 -1536 704 ) 
5 75 76 (2933.106201 -2048 704 ) (2048 -2048 704 ) (2048 -1536 704 ) (3072 -1536 704 ) (3072 -1861.485352 704 ) 
4 76 106 (2933.106201 -2048 704 ) (2048 -2048 704 ) (2048 -2048 256 ) (2933.106201 -2048 256 ) 
4 76 80 (2048 -1536 256 ) (2048 -2048 256 ) (2048 -2048 432 ) (2048 -1536 432 ) 
4 76 77 (2048 -2048 432 ) (2048 -2048 704 ) (2048 -1536 704 ) (2048 -1536 432 ) 
4 77 107 (2048 -2048 432 ) (2048 -2048 1472 ) (1792 -2048 1472 ) (1792 -2048 432 ) 
4 77 80 (2048 -2048 432 ) (1792 -2048 432 ) (1792 -1024 432 ) (2048 -1024 432 ) 
4 77 78 (1792 -1824 448 ) (1792 -1824 1472 ) (1792 -1024 1472 ) (1792 -1024 448 ) 
4 77 79 (1792 -1824 432 ) (1792 -2048 432 ) (1792 -2048 1472 ) (1792 -1824 1472 ) 
4 78 100 (1600 -1600 480 ) (1600 -1600 448 ) (1600 -1824 448 ) (1600 -1824 480 ) 
4 78 97 (1600 -1600 768 ) (1600 -1600 480 ) (1600 -1824 480 ) (1600 -1824 768 ) 
4 78 96 (1600 -1824 1472 ) (1600 -1600 1472 ) (1600 -1600 768 ) (1600 -1824 768 ) 
4 78 79 (1792 -1824 448 ) (1792 -1824 1472 ) (1600 -1824 1472 ) (1600 -1824 448 ) 
4 79 107 (1792 -2048 1472 ) (1600 -2048 1472 ) (1600 -2048 432 ) (1792 -2048 432 ) 
4 79 101 (1600 -2048 432 ) (1600 -2048 480 ) (1600 -1824 480 ) (1600 -1824 432 ) 
4 79 97 (1600 -2048 480 ) (1600 -2048 768 ) (1600 -1824 768 ) (1600 -1824 480 ) 
4 79 96 (1600 -2048 768 ) (1600 -2048 1472 ) (1600 -1824 1472 ) (1600 -1824 768 ) 
4 79 82 (1792 -2048 432 ) (1728 -2048 432 ) (1728 -1824 432 ) (1792 -1824 432 ) 
4 79 83 (1728 -2048 432 ) (1600 -2048 432 ) (1600 -1824 432 ) (1728 -1824 432 ) 
4 80 107 (2048 -2048 256 ) (2048 -2048 432 ) (1792 -2048 432 ) (1792 -2048 256 ) 
4 80 81 (1792 -1024 256 ) (1792 -1760 256 ) (1792 -1760 432 ) (1792 -1024 432 ) 
4 80 82 (1792 -1824 256 ) (1792 -2048 256 ) (1792 -2048 432 ) (1792 -1824 432 ) 
4 81 83 (1728 -1024 256 ) (1728 -1760 256 ) (1728 -1760 432 ) (1728 -1024 432 ) 
4 82 107 (1792 -2048 432 ) (1728 -2048 432 ) (1728 -2048 256 ) (1792 -2048 256 ) 
4 82 83 (1728 -1824 256 ) (1728 -2048 256 ) (1728 -2048 432 ) (1728 -1824 432 ) 
4 83 107 (1728 -2048 432 ) (1600 -2048 432 ) (1600 -2048 256 ) (1728 -2048 256 ) 
4 83 99 (1600 -1824 432 ) (1600 -1600 432 ) (1600 -1600 256 ) (1600 -1824 256 ) 
4 83 101 (1600 -2048 256 ) (1600 -2048 432 ) (1600 -1824 432 ) (1600 -1824 256 ) 
4 84 183 (1024 -1536 1472 ) (1024 -1536 1536 ) (1024 -1024 1536 ) (1024 -1024 1472 ) 
4 84 85 (1024 -1024 1472 ) (1536 -1024 1472 ) (1536 -1536 1472 ) (1024 -1536 1472 ) 
4 85 184 (1024 -1536 736 ) (1024 -1536 1472 ) (1024 -1024 1472 ) (1024 -1024 736 ) 
4 85 87 (1024 -1280 736 ) (1024 -1024 736 ) (1280 -1024 736 ) (1280 -1280 736 ) 
4 85 86 (1536 -1024 736 ) (1536 -1536 736 ) (1280 -1536 736 ) (1280 -1024 736 ) 
4 86 88 (1536 -1536 704 ) (1280 -1536 704 ) (1280 -1024 704 ) (1536 -1024 704 ) 
4 86 87 (1280 -1024 704 ) (1280 -1280 704 ) (1280 -1280 736 ) (1280 -1024 736 ) 
4 87 185 (1024 -1280 736 ) (1024 -1024 736 ) (1024 -1024 704 ) (1024 -1280 704 ) 
4 87 90 (1024 -1280 704 ) (1024 -1024 704 ) (1152 -1024 704 ) (1152 -1280 704 ) 
4 87 89 (1152 -1024 704 ) (1280 -1024 704 ) (1280 -1280 704 ) (1152 -1280 704 ) 
4 88 92 (1280 -1344 448 ) (1280 -1472 448 ) (1280 -1472 640 ) (1280 -1344 640 ) 
4 88 89 (1280 -1024 448 ) (1280 -1280 448 ) (1280 -1280 704 ) (1280 -1024 704 ) 
4 89 94 (1152 -1024 448 ) (1280 -1024 448 ) (1280 -1280 448 ) (1152 -1280 448 ) 
4 89 90 (1152 -1024 448 ) (1152 -1280 448 ) (1152 -1280 704 ) (1152 -1024 704 ) 
4 90 186 (1024 -1280 704 ) (1024 -1024 704 ) (1024 -1024 448 ) (1024 -1280 448 ) 
4 90 94 (1024 -1280 448 ) (1024 -1024 448 ) (1152 -1024 448 ) (1152 -1280 448 ) 
4 90 91 (1152 -1280 512 ) (1152 -1280 640 ) (1024 -1280 640 ) (1024 -1280 512 ) 
4 91 93 (1152 -1281 512 ) (1152 -1281 640 ) (1024 -1281 640 ) (1024 -1281 512 ) 
4 92 93 (1248 -1344 448 ) (1248 -1472 448 ) (1248 -1472 640 ) (1248 -1344 640 ) 
4 93 187 (1024 -1536 448 ) (1024 -1536 704 ) (1024 -1281 704 ) (1024 -1281 448 ) 
4 94 191 (1024 -1280 448 ) (1024 -1024 448 ) (1024 -1024 447 ) (1024 -1280 447 ) 
4 94 95 (1024 -1280 447 ) (1024 -1024 447 ) (1280 -1024 447 ) (1280 -1280 447 ) 
4 95 192 (1024 -1536 64 ) (1024 -1536 447 ) (1024 -1280 447 ) (1024 -1280 64 ) 
4 95 191 (1024 -1280 447 ) (1024 -1024 447 ) (1024 -1024 64 ) (1024 -1280 64 ) 
4 96 194 (1024 -2048 768 ) (1024 -2048 1472 ) (1024 -1600 1472 ) (1024 -1600 768 ) 
4 96 108 (1600 -2048 768 ) (1600 -2048 1472 ) (1024 -2048 1472 ) (1024 -2048 768 ) 
4 96 97 (1088 -1600 768 ) (1600 -1600 768 ) (1600 -2048 768 ) (1088 -2048 768 ) 
4 97 110 (1600 -2048 480 ) (1600 -2048 736 ) (1088 -2048 736 ) (1088 -2048 480 ) 
4 97 109 (1600 -2048 736 ) (1600 -2048 768 ) (1088 -2048 768 ) (1088 -2048 736 ) 
4 97 100 (1088 -1600 480 ) (1600 -1600 480 ) (1600 -1824 480 ) (1088 -1824 480 ) 
4 97 101 (1600 -1824 480 ) (1600 -2048 480 ) (1088 -2048 480 ) (1088 -1824 480 ) 
4 97 98 (1088 -1600 480 ) (1088 -2048 480 ) (1088 -2048 736 ) (1088 -1600 736 ) 
4 98 198 (1024 -2048 480 ) (1024 -2048 544 ) (1024 -2016 544 ) (1024 -2016 480 ) 
4 98 197 (1024 -2048 544 ) (1024 -2048 640 ) (1024 -2016 640 ) (1024 -2016 544 ) 
4 98 196 (1024 -2016 640 ) (1024 -1600 640 ) (1024 -1600 480 ) (1024 -2016 480 ) 
4 98 195 (1024 -2048 640 ) (1024 -2048 736 ) (1024 -1600 736 ) (1024 -1600 640 ) 
4 98 111 (1024 -2048 736 ) (1024 -2048 480 ) (1088 -2048 480 ) (1088 -2048 736 ) 
4 99 103 (1088 -1600 56.888130 ) (1600 -1600 256 ) (1600 -1824 256 ) (1088 -1824 56.888134 ) 
4 99 102 (1088 -1600 56.886719 ) (1088 -1824 56.886719 ) (1088 -1824 447 ) (1088 -1600 447 ) 
4 99 101 (1088 -1824 464 ) (1088 -1824 56.886719 ) (1600 -1824 255.997818 ) (1600 -1824 432 ) 
3 100 101 (1088 -1824 480 ) (1600 -1824 448 ) (1600 -1824 480 ) 
4 101 112 (1600 -2048 256 ) (1600 -2048 447 ) (1088 -2048 447 ) (1088 -2048 56.888889 ) 
4 101 110 (1600 -2048 447 ) (1600 -2048 480 ) (1088 -2048 480 ) (1088 -2048 447 ) 
4 101 103 (1600 -1824 256 ) (1600 -1952 256 ) (1088 -1952 56.888138 ) (1088 -1824 56.888134 ) 
4 101 102 (1088 -1824 56.886719 ) (1088 -2048 56.886719 ) (1088 -2048 447 ) (1088 -1824 447 ) 
4 102 212 (1024 -2048 32 ) (1024 -2048 96 ) (1024 -2022.556152 96 ) (1024 -2022.556152 32 ) 
4 102 210 (1024 -2022.556152 96 ) (1024 -1600 96 ) (1024 -1600 32 ) (1024 -2022.556152 32 ) 
4 102 200 (1024 -2048 96 ) (1024 -2048 447 ) (1024 -1600 447 ) (1024 -1600 96 ) 
4 102 112 (1024 -2048 447 ) (1024 -2048 32 ) (1088 -2048 56.888889 ) (1088 -2048 447 ) 
4 102 103 (1024.001953 -1952 32 ) (1024.001953 -1600 32 ) (1088 -1600 56.888130 ) (1088 -1952 56.888138 ) 
4 104 105 (3072 -2048 1472 ) (3072 -2048 704 ) (3072 -2592 704 ) (3072 -2592 1472 ) 
4 105 107 (2048 -2048 1472 ) (2048 -2048 704 ) (2048 -2592 704 ) (2048 -2592 1472 ) 
4 105 106 (2528 -2592 704 ) (2048 -2592 704 ) (2048 -2048 704 ) (2933.106201 -2048 704 ) 
4 106 107 (2048 -2048 704 ) (2048 -2048 256 ) (2048 -2592 256 ) (2048 -2592 704 ) 
4 107 112 (1600 -2048 447 ) (1600 -2048 256 ) (1600 -2304 256 ) (1600 -2304 447 ) 
4 107 113 (1600 -2304 256 ) (1600 -2592 256 ) (1600 -2592 447 ) (1600 -2304 447 ) 
4 107 110 (1600 -2048 736 ) (1600 -2048 447 ) (1600 -2592 447 ) (1600 -2592 736 ) 
4 107 109 (1600 -2048 768 ) (1600 -2048 736 ) (1600 -2592 736 ) (1600 -2592 768 ) 
4 107 108 (1600 -2048 1472 ) (1600 -2048 768 ) (1600 -2592 768 ) (1600 -2592 1472 ) 
4 108 252 (1024 -2592 768 ) (1024 -2592 1472 ) (1024 -2048 1472 ) (1024 -2048 768 ) 
4 108 109 (1600 -2048 768 ) (1600 -2592 768 ) (1088 -2592 768 ) (1088 -2048 768 ) 
4 109 110 (1088 -2048 736 ) (1600 -2048 736 ) (1600 -2592 736 ) (1088 -2592 736 ) 
4 110 112 (1600 -2048 447 ) (1600 -2304 447 ) (1088 -2304 447 ) (1088 -2048 447 ) 
4 110 113 (1600 -2304 447 ) (1600 -2592 447 ) (1088 -2592 447 ) (1088 -2304 447 ) 
4 110 111 (1088 -2592 480 ) (1088 -2592 736 ) (1088 -2048 736 ) (1088 -2048 480 ) 
4 111 257 (1024 -2048 544 ) (1024 -2048 480 ) (1024 -2240 480 ) (1024 -2240 544 ) 
4 111 256 (1024 -2240 576 ) (1024 -2048 576 ) (1024 -2048 544 ) (1024 -2240 544 ) 
4 111 258 (1024 -2592 480 ) (1024 -2592 576 ) (1024 -2240 576 ) (1024 -2240 480 ) 
4 111 254 (1024 -2592 576 ) (1024 -2592 640 ) (1024 -2048 640 ) (1024 -2048 576 ) 
4 111 253 (1024 -2592 640 ) (1024 -2592 736 ) (1024 -2048 736 ) (1024 -2048 640 ) 
4 112 259 (1024 -2304 447 ) (1024 -2048 447 ) (1024 -2048 32 ) (1024 -2304 32 ) 
4 112 113 (1024 -2304 32 ) (1600 -2304 256 ) (1600 -2304 447 ) (1024 -2304 447 ) 
4 113 259 (1024 -2592 32 ) (1024 -2592 447 ) (1024 -2304 447 ) (1024 -2304 32 ) 
4 114 121 (1024 1024 448 ) (1024 1024 576 ) (0 1024 576 ) (0 1024 448 ) 
4 114 120 (1024 1024 576 ) (1024 1024 704 ) (0 1024 704 ) (0 1024 576 ) 
4 114 115 (0 1248 448 ) (0 1024 448 ) (0 1024 704 ) (0 1248 704 ) 
4 115 138 (-480 1024 448 ) (0 1024 448 ) (0 1024 704 ) (-480 1024 704 ) 
4 115 116 (-480 1248 576 ) (-480 1248 448 ) (-480 1024 448 ) (-480 1024 576 ) 
4 116 139 (-512 1024 448 ) (-480 1024 448 ) (-480 1024 576 ) (-512 1024 576 ) 
4 116 118 (-512 1248 576 ) (-512 1248 448 ) (-512 1024 448 ) (-512 1024 576 ) 
4 117 156 (-1024 1024 640 ) (-1024 1024 1504 ) (-1024 1248 1504 ) (-1024 1248 640 ) 
4 117 152 (-1024 1024 1504 ) (-1024 1024 640 ) (-576 1024 640 ) (-576 1024 1504 ) 
4 117 149 (-576 1024 640 ) (-512 1024 640 ) (-512 1024 1504 ) (-576 1024 1504 ) 
4 118 153 (-992 1024 448 ) (-576 1024 448 ) (-576 1024 624 ) (-992 1024 624 ) 
4 118 150 (-576 1024 448 ) (-512 1024 448 ) (-512 1024 624 ) (-576 1024 624 ) 
4 118 119 (-992 1216 448 ) (-992 1024 448 ) (-992 1024 576 ) (-992 1216 576 ) 
4 119 156 (-1024 1024 448 ) (-1024 1024 576 ) (-1024 1216 576 ) (-1024 1216 448 ) 
4 120 138 (0 1024 704 ) (0 1024 576 ) (0 576 576 ) (0 576 704 ) 
4 120 121 (0 576 576 ) (0 1024 576 ) (1024 1024 576 ) (1024 576 576 ) 
4 121 138 (0 1024 576 ) (0 1024 448 ) (0 576 448 ) (0 576 576 ) 
4 121 122 (352 576 448 ) (544 576 448 ) (544 576 576 ) (352 576 576 ) 
4 122 129 (544 512 576 ) (352 512 576 ) (352 512 448 ) (544 512 448 ) 
4 123 128 (576 256 1472 ) (576 256 1536 ) (576 512 1536 ) (576 512 1472 ) 
4 123 126 (576 256 1536 ) (576 256 1472 ) (1024 256 1472 ) (1024 256 1536 ) 
4 123 124 (1024 256 1472 ) (576 256 1472 ) (576 512 1472 ) (1024 512 1472 ) 
4 124 129 (576 256 448 ) (576 256 1472 ) (576 512 1472 ) (576 512 448 ) 
4 124 127 (576 256 1472 ) (576 256 448 ) (1024 256 448 ) (1024 256 1472 ) 
3 125 127 (1024 256 117.894775 ) (1024 256 447 ) (577.357178 256 447 ) 
4 126 162 (1024 0 1472 ) (1024 0 1536 ) (576 0 1536 ) (576 0 1472 ) 
4 126 128 (576 0 1472 ) (576 0 1536 ) (576 256 1536 ) (576 256 1472 ) 
4 126 127 (1024 0 1472 ) (576 0 1472 ) (576 256 1472 ) (1024 256 1472 ) 
4 127 163 (1024 0 117.894783 ) (1024 0 1472 ) (576 0 1472 ) (576 0 448 ) 
4 127 129 (576 0 448 ) (576 0 1472 ) (576 256 1472 ) (576 256 448 ) 
4 128 162 (576 0 1536 ) (320 0 1536 ) (320 0 1472 ) (576 0 1472 ) 
4 128 130 (320 0 1472 ) (320 0 1536 ) (320 512 1536 ) (320 512 1472 ) 
4 128 129 (320 0 1472 ) (320 512 1472 ) (576 512 1472 ) (576 0 1472 ) 
4 129 163 (320 0 1472 ) (320 0 448 ) (576 0 448 ) (576 0 1472 ) 
4 129 131 (320 0 448 ) (320 0 1472 ) (320 512 1472 ) (320 512 448 ) 
4 130 162 (320 0 1536 ) (256 0 1536 ) (256 0 1472 ) (320 0 1472 ) 
4 130 136 (256 0 1472 ) (256 0 1536 ) (256 256 1536 ) (256 256 1472 ) 
4 130 134 (256 256 1536 ) (256 512 1536 ) (256 512 1472 ) (256 256 1472 ) 
4 130 132 (256 0 1472 ) (256 512 1472 ) (288 512 1472 ) (288 0 1472 ) 
4 130 131 (288 512 1472 ) (320 512 1472 ) (320 0 1472 ) (288 0 1472 ) 
4 131 163 (288 0 64 ) (320 0 64 ) (320 0 1472 ) (288 0 1472 ) 
4 131 133 (288 512 64 ) (288 0 64 ) (288 0 65 ) (288 512 65 ) 
4 131 132 (288 0 65 ) (288 0 1472 ) (288 512 1472 ) (288 512 65 ) 
4 132 164 (256 0 1472 ) (256 0 65 ) (288 0 65 ) (288 0 1472 ) 
4 132 137 (256 0 294.400024 ) (256 0 1472 ) (256 256 1472 ) (256 256 448 ) 
4 132 135 (256 256 1472 ) (256 512 1472 ) (256 512 448 ) (256 256 448 ) 
4 132 133 (256 0 65 ) (256 512 65 ) (288 512 65 ) (288 0 65 ) 
4 133 165 (256 0 65 ) (256 0 64 ) (288 0 64 ) (288 0 65 ) 
4 134 140 (0 256 1536 ) (0 512 1536 ) (0 512 1472 ) (0 256 1472 ) 
4 134 136 (256 256 1472 ) (256 256 1536 ) (0 256 1536 ) (0 256 1472 ) 
4 134 135 (256 256 1472 ) (0 256 1472 ) (0 512 1472 ) (256 512 1472 ) 
4 135 141 (0 512 1472 ) (0 512 448 ) (0 256 448 ) (0 256 1472 ) 
4 135 137 (256 256 448 ) (256 256 1472 ) (0 256 1472 ) (0 256 448 ) 
4 136 162 (256 0 1536 ) (0 0 1536 ) (0 0 1472 ) (256 0 1472 ) 
4 136 140 (0 0 1472 ) (0 0 1536 ) (0 256 1536 ) (0 256 1472 ) 
4 136 137 (0 256 1472 ) (256 256 1472 ) (256 0 1472 ) (0 0 1472 ) 
4 137 169 (0 0 1472 ) (0 0 294.400024 ) (256 0 294.400024 ) (256 0 1472 ) 
3 137 142 (0 0 294.400024 ) (0 0 448 ) (0 256 448 ) 
4 137 141 (0 0 448 ) (0 0 1472 ) (0 256 1472 ) (0 256 448 ) 
4 138 139 (-480 1024 576 ) (-480 1024 448 ) (-480 576 448 ) (-480 576 576 ) 
4 139 150 (-512 576 448 ) (-512 576 576 ) (-512 1024 576 ) (-512 1024 448 ) 
4 140 170 (0 0 1472 ) (0 0 1536 ) (-256 0 1536 ) (-256 0 1472 ) 
4 140 143 (-256 512 1536 ) (-256 512 1472 ) (-256 0 1472 ) (-256 0 1536 ) 
4 140 141 (-256 0 1472 ) (-256 512 1472 ) (0 512 1472 ) (0 0 1472 ) 
4 141 178 (0 0 448 ) (0 0 480 ) (-256 0 480 ) (-256 0 448 ) 
4 141 175 (0 0 480 ) (0 0 608 ) (-256 0 608 ) (-256 0 480 ) 
4 141 173 (0 0 608 ) (0 0 640 ) (-256 0 640 ) (-256 0 608 ) 
4 141 172 (0 0 640 ) (0 0 672 ) (-256 0 672 ) (-256 0 640 ) 
4 141 171 (0 0 672 ) (0 0 1472 ) (-256 0 1472 ) (-256 0 672 ) 
4 141 146 (-256 32 480 ) (-256 32 608 ) (-256 160 608 ) (-256 160 480 ) 
4 141 145 (-256 480 448 ) (-256 352 448 ) (-256 352 576 ) (-256 480 576 ) 
4 141 144 (-256 512 1472 ) (-256 512 672 ) (-256 0 672 ) (-256 0 1472 ) 
4 141 142 (0 0 448 ) (-256 0 448 ) (-256 256 448 ) (0 256 448 ) 
4 142 181 (0 0 64 ) (0 0 447 ) (-256 0 447 ) (-256 0 64 ) 
4 142 180 (0 0 447 ) (0 0 448 ) (-256 0 448 ) (-256 0 447 ) 
4 142 148 (-256 256 64 ) (-256 0 64 ) (-256 0 447 ) (-256 256 447 ) 
4 143 170 (-256 0 1472 ) (-256 0 1536 ) (-512 0 1536 ) (-512 0 1472 ) 
4 143 144 (-512 0 1472 ) (-512 512 1472 ) (-256 512 1472 ) (-256 0 1472 ) 
4 144 171 (-256 0 672 ) (-256 0 1472 ) (-512 0 1472 ) (-512 0 672 ) 
4 145 147 (-257 480 448 ) (-257 352 448 ) (-257 352 576 ) (-257 480 576 ) 
4 146 147 (-257 32 480 ) (-257 32 608 ) (-257 160 608 ) (-257 160 480 ) 
4 147 179 (-512 0 480 ) (-512 0 448 ) (-257 0 448 ) (-257 0 480 ) 
4 147 177 (-512 0 608 ) (-512 0 480 ) (-257 0 480 ) (-257 0 608 ) 
4 147 174 (-257 0 640 ) (-512 0 640 ) (-512 0 608 ) (-257 0 608 ) 
4 147 151 (-512 304 576 ) (-512 400 576 ) (-512 400 448 ) (-512 304 448 ) 
4 148 181 (-256 0 64 ) (-256 0 447 ) (-512 0 447 ) (-512 0 64 ) 
4 149 152 (-576 1024 1504 ) (-576 1024 640 ) (-576 576 640 ) (-576 576 1504 ) 
4 150 153 (-576 1024 624 ) (-576 1024 448 ) (-576 576 448 ) (-576 576 624 ) 
4 151 153 (-576 304 576 ) (-576 400 576 ) (-576 400 448 ) (-576 304 448 ) 
4 152 182 (-576 0 640 ) (-576 0 1504 ) (-1024 0 1504 ) (-1024 0 640 ) 
4 152 158 (-1024 0 640 ) (-1024 0 1504 ) (-1024 1024 1504 ) (-1024 1024 640 ) 
4 152 154 (-576 128 640 ) (-576 0 640 ) (-1024 0 640 ) (-1024 128 640 ) 
4 154 182 (-576 0 448 ) (-576 0 640 ) (-1024 0 640 ) (-1024 0 448 ) 
4 154 158 (-1024 0 448 ) (-1024 0 640 ) (-1024 128 640 ) (-1024 128 448 ) 
4 154 155 (-1024 0 448 ) (-1024 128 448 ) (-576 128 448 ) (-576 0 448 ) 
4 155 182 (-576 0 32 ) (-576 0 448 ) (-1024 0 448 ) (-1024 0 32 ) 
4 155 159 (-1024 0 32 ) (-1024 0 448 ) (-1024 128 448 ) (-1024 128 32 ) 
4 156 158 (-1024 1024 448 ) (-1024 1024 1504 ) (-1280 1024 1504 ) (-1280 1024 448 ) 
4 156 157 (-1280 1248 1504 ) (-1280 1248 448 ) (-1280 1024 448 ) (-1280 1024 1504 ) 
4 157 161 (-2048 1024 448 ) (-2048 1024 240 ) (-1824 1024 240 ) (-1824 1024 448 ) 
4 157 160 (-1824 1024 240 ) (-1600 1024 240 ) (-1280 1024 448 ) (-1824 1024 448 ) 
4 157 158 (-2048 1024 1504 ) (-2048 1024 448 ) (-1280 1024 448 ) (-1280 1024 1504 ) 
4 158 274 (-1024 0 448 ) (-1024 0 1504 ) (-2048 0 1504 ) (-2048 0 448 ) 
4 158 161 (-1824 0 448 ) (-2048 0 448 ) (-2048 1024 448 ) (-1824 1024 448 ) 
4 158 160 (-1280 0 448 ) (-1824 0 448 ) (-1824 1024 448 ) (-1280 1024 448 ) 
4 158 159 (-1024 128 448 ) (-1024 0 448 ) (-1280 0 448 ) (-1280 128 448 ) 
4 159 274 (-1024 0 32 ) (-1024 0 448 ) (-1280 0 448 ) (-1280 0 32 ) 
4 159 160 (-1280 128 32 ) (-1280 0 32 ) (-1280 0 448 ) (-1280 128 448 ) 
4 160 274 (-1280 0 448 ) (-1824 0 448 ) (-1824 0 32 ) (-1280 0 32 ) 
5 160 161 (-1824 704 32 ) (-1824 0 32 ) (-1824 0 448 ) (-1824 1024 448 ) (-1824 1024 240 ) 
4 161 274 (-1824 0 448 ) (-2048 0 448 ) (-2048 0 32 ) (-1824 0 32 ) 
4 162 183 (1024 -1024 1472 ) (1024 -1024 1536 ) (0 -1024 1536 ) (0 -1024 1472 ) 
4 162 170 (0 -1024 1472 ) (0 -1024 1536 ) (0 0 1536 ) (0 0 1472 ) 
4 162 169 (0 -1024 1472 ) (0 0 1472 ) (256 0 1472 ) (256 -1024 1472 ) 
4 162 168 (768 -1024 1472 ) (256 -1024 1472 ) (256 -768 1472 ) (768 -768 1472 ) 
4 162 166 (1024 -256 1472 ) (1024 -1024 1472 ) (768 -1024 1472 ) (768 -256 1472 ) 
4 162 164 (256 0 1472 ) (288 0 1472 ) (288 -256 1472 ) (256 -256 1472 ) 
4 162 163 (288 0 1472 ) (1024 0 1472 ) (1024 -256 1472 ) (288 -256 1472 ) 
4 163 167 (288 -256 64 ) (768 -256 64 ) (768 -256 65 ) (288 -256 65 ) 
4 163 166 (768 -256 64 ) (1024 -256 64 ) (1024 -256 1472 ) (768 -256 1472 ) 
4 163 165 (288 0 64 ) (288 -256 64 ) (288 -256 65 ) (288 0 65 ) 
4 163 164 (288 -256 65 ) (288 -256 1472 ) (288 0 1472 ) (288 0 65 ) 
4 164 169 (256 -256 140.800003 ) (256 -256 1472 ) (256 0 1472 ) (256 0 294.400024 ) 
4 164 165 (288 0 65 ) (288 -256 65 ) (256 -256 65 ) (256 0 65 ) 
4 165 167 (256 -256 65 ) (256 -256 64 ) (288 -256 64 ) (288 -256 65 ) 
4 166 191 (1024 -1024 64 ) (1024 -1024 448 ) (768 -1024 448 ) (768 -1024 64 ) 
4 166 186 (1024 -1024 448 ) (1024 -1024 704 ) (768 -1024 704 ) (768 -1024 448 ) 
4 166 185 (1024 -1024 704 ) (1024 -1024 736 ) (768 -1024 736 ) (768 -1024 704 ) 
4 166 184 (1024 -1024 736 ) (1024 -1024 1472 ) (768 -1024 1472 ) (768 -1024 736 ) 
4 166 167 (768 -256 65 ) (768 -256 64 ) (768 -768 64 ) (768 -768 65 ) 
4 166 168 (768 -768 64 ) (768 -1024 64 ) (768 -1024 1472 ) (768 -768 1472 ) 
4 167 169 (256 -384 64 ) (256 -768 64 ) (256 -768 65 ) (256 -382.333313 65 ) 
4 167 168 (256 -768 65 ) (256 -768 64 ) (768 -768 64 ) (768 -768 65 ) 
4 168 191 (256 -1024 448 ) (256 -1024 64 ) (768 -1024 64 ) (768 -1024 448 ) 
4 168 186 (256 -1024 704 ) (256 -1024 448 ) (768 -1024 448 ) (768 -1024 704 ) 
4 168 185 (256 -1024 736 ) (256 -1024 704 ) (768 -1024 704 ) (768 -1024 736 ) 
4 168 184 (768 -1024 1472 ) (256 -1024 1472 ) (256 -1024 736 ) (768 -1024 736 ) 
4 168 169 (256 -768 64 ) (256 -1024 64 ) (256 -1024 1472 ) (256 -768 1472 ) 
4 169 191 (0 -1024 448 ) (0 -1024 64 ) (256 -1024 64 ) (256 -1024 448 ) 
4 169 188 (0 -1024 704 ) (0 -1024 448 ) (96 -1024 448 ) (96 -1024 704 ) 
4 169 186 (96 -1024 448 ) (256 -1024 448 ) (256 -1024 704 ) (96 -1024 704 ) 
4 169 185 (0 -1024 736 ) (0 -1024 704 ) (256 -1024 704 ) (256 -1024 736 ) 
4 169 184 (256 -1024 1472 ) (0 -1024 1472 ) (0 -1024 736 ) (256 -1024 736 ) 
5 169 181 (0 -1024 64 ) (0 -1024 447 ) (0 0 447 ) (0 0 294.400146 ) (0 -384 64 ) 
4 169 180 (0 -1024 447 ) (0 -1024 448 ) (0 0 448 ) (0 0 447 ) 
4 169 178 (0 -1024 448 ) (0 -1024 480 ) (0 0 480 ) (0 0 448 ) 
4 169 175 (0 -1024 480 ) (0 -1024 608 ) (0 0 608 ) (0 0 480 ) 
4 169 173 (0 -1024 608 ) (0 -1024 640 ) (0 0 640 ) (0 0 608 ) 
4 169 172 (0 -1024 640 ) (0 -1024 672 ) (0 0 672 ) (0 0 640 ) 
4 169 171 (0 -1024 672 ) (0 -1024 1472 ) (0 0 1472 ) (0 0 672 ) 
4 170 213 (0 -1024 1472 ) (0 -1024 1536 ) (-512 -1024 1536 ) (-512 -1024 1472 ) 
4 170 171 (0 -1024 1472 ) (-512 -1024 1472 ) (-512 0 1472 ) (0 0 1472 ) 
4 171 214 (0 -1024 672 ) (0 -1024 1472 ) (-512 -1024 1472 ) (-512 -1024 672 ) 
4 171 172 (-256 0 672 ) (0 0 672 ) (0 -1024 672 ) (-256 -1024 672 ) 
4 172 215 (0 -1024 640 ) (0 -1024 672 ) (-256 -1024 672 ) (-256 -1024 640 ) 
4 172 173 (0 -1024 640 ) (-256 -1024 640 ) (-256 0 640 ) (0 0 640 ) 
4 173 216 (0 -1024 608 ) (0 -1024 640 ) (-256 -1024 640 ) (-256 -1024 608 ) 
4 173 175 (0 -1024 608 ) (-256 -1024 608 ) (-256 0 608 ) (0 0 608 ) 
4 174 217 (-257 -1024 640 ) (-512 -1024 640 ) (-512 -1024 608 ) (-257 -1024 608 ) 
4 174 177 (-257 -1024 608 ) (-512 -1024 608 ) (-512 0 608 ) (-257 0 608 ) 
4 175 218 (0 -1024 480 ) (0 -1024 608 ) (-256 -1024 608 ) (-256 -1024 480 ) 
4 175 178 (0 -1024 480 ) (-256 -1024 480 ) (-256 0 480 ) (0 0 480 ) 
4 175 176 (-256 -960 480 ) (-256 -1024 480 ) (-256 -1024 608 ) (-256 -960 608 ) 
4 176 219 (-256 -1024 608 ) (-257 -1024 608 ) (-257 -1024 480 ) (-256 -1024 480 ) 
4 176 177 (-257 -960 480 ) (-257 -1024 480 ) (-257 -1024 608 ) (-257 -960 608 ) 
4 177 220 (-257 -1024 608 ) (-512 -1024 608 ) (-512 -1024 480 ) (-257 -1024 480 ) 
4 177 179 (-257 -1024 480 ) (-512 -1024 480 ) (-512 0 480 ) (-257 0 480 ) 
4 178 221 (0 -1024 448 ) (0 -1024 480 ) (-256 -1024 480 ) (-256 -1024 448 ) 
4 178 180 (-256 0 448 ) (0 0 448 ) (0 -1024 448 ) (-256 -1024 448 ) 
4 179 222 (-257 -1024 480 ) (-512 -1024 480 ) (-512 -1024 448 ) (-257 -1024 448 ) 
4 180 223 (0 -1024 447 ) (0 -1024 448 ) (-256 -1024 448 ) (-256 -1024 447 ) 
4 180 181 (0 -1024 447 ) (-256 -1024 447 ) (-256 0 447 ) (0 0 447 ) 
4 181 224 (-256 -1024 447 ) (-512 -1024 447 ) (-512 -1024 64 ) (-256 -1024 64 ) 
4 181 223 (0 -1024 64 ) (0 -1024 447 ) (-256 -1024 447 ) (-256 -1024 64 ) 
4 182 274 (-1024 0 1504 ) (-1024 0 32 ) (-1024 -1024 32 ) (-1024 -1024 1504 ) 
4 182 248 (-1024 -1024 288 ) (-1024 -1024 32 ) (-576 -1024 32 ) (-576 -1024 288 ) 
4 182 243 (-1024 -1024 448 ) (-1024 -1024 288 ) (-704 -1024 288 ) (-704 -1024 448 ) 
4 182 241 (-704 -1024 288 ) (-576 -1024 288 ) (-576 -1024 448 ) (-704 -1024 448 ) 
4 182 234 (-1024 -1024 1504 ) (-1024 -1024 448 ) (-576 -1024 448 ) (-576 -1024 1504 ) 
4 183 227 (0 -1280 1472 ) (0 -1536 1472 ) (0 -1536 1536 ) (0 -1280 1536 ) 
4 183 225 (0 -1152 1472 ) (0 -1280 1472 ) (0 -1280 1536 ) (0 -1152 1536 ) 
4 183 213 (0 -1024 1536 ) (0 -1024 1472 ) (0 -1152 1472 ) (0 -1152 1536 ) 
4 183 184 (1024 -1536 1472 ) (0 -1536 1472 ) (0 -1024 1472 ) (1024 -1024 1472 ) 
4 184 228 (0 -1280 736 ) (0 -1536 736 ) (0 -1536 1472 ) (0 -1280 1472 ) 
4 184 226 (0 -1152 736 ) (0 -1280 736 ) (0 -1280 1472 ) (0 -1152 1472 ) 
4 184 214 (0 -1024 1472 ) (0 -1024 736 ) (0 -1152 736 ) (0 -1152 1472 ) 
4 184 185 (0 -1280 736 ) (0 -1024 736 ) (1024 -1024 736 ) (1024 -1280 736 ) 
4 185 226 (0 -1152 704 ) (0 -1280 704 ) (0 -1280 736 ) (0 -1152 736 ) 
4 185 214 (0 -1024 736 ) (0 -1024 704 ) (0 -1152 704 ) (0 -1152 736 ) 
4 185 188 (0 -1280 704 ) (0 -1024 704 ) (96 -1024 704 ) (96 -1280 704 ) 
4 185 186 (96 -1024 704 ) (1024 -1024 704 ) (1024 -1280 704 ) (96 -1280 704 ) 
4 186 191 (96 -1280 448 ) (96 -1024 448 ) (1024 -1024 448 ) (1024 -1280 448 ) 
4 186 188 (96 -1024 448 ) (96 -1280 448 ) (96 -1280 704 ) (96 -1024 704 ) 
4 187 193 (1008 -1536 480 ) (1008 -1536 608 ) (912 -1536 608 ) (912 -1536 480 ) 
4 187 190 (96 -1281 448 ) (96 -1536 448 ) (96 -1536 704 ) (96 -1281 704 ) 
4 188 226 (0 -1152 448 ) (0 -1280 448 ) (0 -1280 704 ) (0 -1152 704 ) 
4 188 221 (0 -1024 480 ) (0 -1024 448 ) (0 -1152 448 ) (0 -1152 480 ) 
4 188 218 (0 -1024 608 ) (0 -1024 480 ) (0 -1152 480 ) (0 -1152 608 ) 
4 188 216 (0 -1024 640 ) (0 -1024 608 ) (0 -1152 608 ) (0 -1152 640 ) 
4 188 215 (0 -1024 672 ) (0 -1024 640 ) (0 -1152 640 ) (0 -1152 672 ) 
4 188 214 (0 -1024 704 ) (0 -1024 672 ) (0 -1152 672 ) (0 -1152 704 ) 
4 188 191 (0 -1280 448 ) (0 -1024 448 ) (96 -1024 448 ) (96 -1280 448 ) 
4 188 189 (96 -1280 512 ) (96 -1280 640 ) (0 -1280 640 ) (0 -1280 512 ) 
4 189 229 (0 -1281 512 ) (0 -1281 640 ) (0 -1280 640 ) (0 -1280 512 ) 
4 189 190 (96 -1281 512 ) (96 -1281 640 ) (0 -1281 640 ) (0 -1281 512 ) 
4 190 230 (0 -1281 448 ) (0 -1536 448 ) (0 -1536 704 ) (0 -1281 704 ) 
4 191 226 (0 -1152 64 ) (0 -1280 64 ) (0 -1280 448 ) (0 -1152 448 ) 
4 191 223 (0 -1024 448 ) (0 -1024 64 ) (0 -1152 64 ) (0 -1152 448 ) 
4 191 192 (0 -1280 64 ) (1024 -1280 64 ) (1024 -1280 447 ) (0 -1280 447 ) 
4 192 232 (0 -1280 64 ) (0 -1536 64 ) (0 -1536 447 ) (0 -1280 447 ) 
4 193 196 (1008 -1600 480 ) (1008 -1600 608 ) (912 -1600 608 ) (912 -1600 480 ) 
4 194 252 (1024 -2048 768 ) (1024 -2048 1472 ) (768 -2048 1472 ) (768 -2048 768 ) 
4 194 199 (768 -1600 1472 ) (768 -1600 768 ) (768 -2048 768 ) (768 -2048 1472 ) 
4 195 253 (1024 -2048 640 ) (1024 -2048 736 ) (800 -2048 736 ) (800 -2048 640 ) 
4 195 197 (1024 -2016 640 ) (1024 -2048 640 ) (800 -2048 640 ) (800 -2016 640 ) 
4 195 196 (800 -1600 640 ) (1024 -1600 640 ) (1024 -2016 640 ) (800 -2016 640 ) 
3 196 198 (1024 -2016 480 ) (1024 -2016 544 ) (864 -2016 544 ) 
4 196 197 (800 -2016 640 ) (800 -2016 544 ) (1024 -2016 544 ) (1024 -2016 640 ) 
4 197 256 (1024 -2048 544 ) (1024 -2048 576 ) (800 -2048 576 ) (800 -2048 544 ) 
4 197 254 (1024 -2048 576 ) (1024 -2048 640 ) (800 -2048 640 ) (800 -2048 576 ) 
4 197 198 (1024 -2048 544 ) (864 -2048 544 ) (864 -2016 544 ) (1024 -2016 544 ) 
3 198 257 (1024 -2048 480 ) (1024 -2048 544 ) (864 -2048 544 ) 
4 199 260 (0 -2048 1472 ) (0 -2048 480 ) (768 -2048 480 ) (768 -2048 1472 ) 
4 199 233 (0 -2048 480 ) (0 -2048 1472 ) (0 -1600 1472 ) (0 -1600 480 ) 
4 199 201 (0 -1600 480 ) (768 -1600 480 ) (768 -2048 480 ) (0 -2048 480 ) 
4 200 259 (1024 -2048 96 ) (1024 -2048 447 ) (768 -2048 447 ) (768 -2048 96 ) 
5 200 212 (1024 -2048 96 ) (928.667847 -2048 96 ) (768 -1971.372070 96 ) (768 -1900.461182 96 ) (1024 -2022.556152 96 ) 
4 200 210 (768 -1900.461182 96 ) (768 -1600 96 ) (1024 -1600 96 ) (1024 -2022.556152 96 ) 
3 200 206 (928.667847 -2048 96 ) (768 -2048 96 ) (768 -1971.372070 96 ) 
4 200 205 (768 -1803.505371 96 ) (768 -1868.054199 96 ) (768 -1868.054199 160 ) (768 -1803.505371 160 ) 
4 200 203 (768 -1600 96 ) (768 -1803.505371 96 ) (768 -1803.505371 160 ) (768 -1600 160 ) 
4 200 202 (768 -1868.054199 96 ) (768 -2048 96 ) (768 -2048 160 ) (768 -1868.054199 160 ) 
4 200 201 (768 -2048 160 ) (768 -2048 447 ) (768 -1600 447 ) (768 -1600 160 ) 
4 201 260 (768 -2048 480 ) (0 -2048 480 ) (0 -2048 160 ) (768 -2048 160 ) 
4 201 233 (0 -2048 160 ) (0 -2048 480 ) (0 -1600 480 ) (0 -1600 160 ) 
4 201 205 (560.890015 -1830.760010 160 ) (768 -1803.505371 160 ) (768 -1868.054199 160 ) (569.244019 -1894.209961 160 ) 
4 201 204 (0 -1969.120850 160 ) (0 -1904.570435 160 ) (497.438049 -1839.109985 160 ) (505.791992 -1902.560059 160 ) 
4 201 203 (0 -1904.570435 160 ) (0 -1600 160 ) (768 -1600 160 ) (768 -1803.505371 160 ) 
4 201 202 (0 -2048 160 ) (0 -1969.120850 160 ) (768 -1868.054199 160 ) (768 -2048 160 ) 
4 202 260 (0 -2048 160 ) (0 -2048 96 ) (768 -2048 96 ) (768 -2048 160 ) 
4 202 233 (0 -2048 96 ) (0 -2048 160 ) (0 -1969.120850 160 ) (0 -1969.120850 96 ) 
4 202 212 (598.217529 -1890.397095 96 ) (714.745544 -1875.062378 96 ) (768 -1900.461182 96 ) (768 -1971.372070 96 ) 
3 202 210 (714.745544 -1875.062378 96 ) (768 -1868.054199 96 ) (768 -1900.461182 96 ) 
4 202 209 (552.675537 -1896.390259 96 ) (598.217529 -1890.397095 96 ) (627.141907 -1904.192139 96 ) (565.341003 -1928.540039 96 ) 
5 202 208 (262.122925 -2048 96 ) (87.346207 -2048 96 ) (432.009399 -1912.269653 96 ) (487.279816 -1904.996216 96 ) (505.794006 -1952 96 ) 
4 202 207 (87.346207 -2048 96 ) (0 -2048 96 ) (0 -1969.120850 96 ) (432.009399 -1912.269653 96 ) 
4 202 206 (768 -2048 96 ) (262.122925 -2048 96 ) (627.141907 -1904.192139 96 ) (768 -1971.372070 96 ) 
4 202 205 (569.244080 -1894.210449 160 ) (768 -1868.054688 160 ) (768 -1868.054688 96 ) (569.244080 -1894.210327 96 ) 
4 202 204 (0 -1969.121338 160 ) (505.792114 -1902.560547 160 ) (505.792114 -1902.560425 96 ) (0 -1969.121216 96 ) 
4 203 233 (0 -1904.570435 160 ) (0 -1600 160 ) (0 -1600 96 ) (0 -1904.570435 96 ) 
3 203 212 (576 -1808.890015 96 ) (608.671448 -1824.472168 96 ) (565.882690 -1830.102905 96 ) 
5 203 211 (0 -1605.087402 96 ) (0 -1600 96 ) (138.013977 -1600 96 ) (518.234924 -1781.339966 96 ) (490.681976 -1839.109985 96 ) 
4 203 210 (138.013977 -1600 96 ) (768 -1600 96 ) (768 -1803.505371 96 ) (608.671448 -1824.472168 96 ) 
3 203 207 (0 -1904.570435 96 ) (0 -1605.087402 96 ) (492.142975 -1839.806763 96 ) 
4 203 205 (560.890076 -1830.760254 96 ) (768 -1803.505371 96 ) (768 -1803.505371 160 ) (560.890015 -1830.760010 160 ) 
4 203 204 (0 -1904.571289 96 ) (497.438049 -1839.110352 96 ) (497.438019 -1839.109985 160 ) (0 -1904.570435 160 ) 
4 204 233 (0 -1969.120850 160 ) (0 -1904.570435 160 ) (0 -1904.570435 96 ) (0 -1969.120850 96 ) 
3 204 208 (487.279846 -1904.996216 96 ) (432.009583 -1912.269653 96 ) (482.338074 -1892.449951 96 ) 
6 204 207 (0 -1969.120850 96 ) (0 -1904.570435 96 ) (492.143036 -1839.806763 96 ) (497.890717 -1842.548096 96 ) (503.370361 -1884.167358 96 ) (432.009583 -1912.269653 96 ) 
6 205 212 (565.882629 -1830.103027 96 ) (608.671509 -1824.472168 96 ) (714.745483 -1875.062378 96 ) (598.217468 -1890.397095 96 ) (566.767090 -1875.397461 96 ) (561.902283 -1838.448486 96 ) 
4 205 210 (608.671509 -1824.472168 96 ) (768 -1803.505371 96 ) (768 -1868.054199 96 ) (714.745483 -1875.062378 96 ) 
3 205 209 (598.217468 -1890.397095 96 ) (569.244019 -1894.209961 96 ) (566.767090 -1875.397461 96 ) 
4 206 260 (768 -2048 96 ) (262.123047 -2048 96 ) (262.123047 -2048 32 ) (768 -2048 32 ) 
4 206 259 (928.667847 -2048 96 ) (768 -2048 96 ) (768 -2048 32 ) (928.667847 -2048 32 ) 
4 206 212 (928.664185 -2048 32 ) (627.139404 -1904.192993 32 ) (627.141113 -1904.192383 96 ) (928.666931 -2048 96 ) 
4 206 209 (627.138672 -1904.192383 96 ) (627.138672 -1904.192383 32 ) (565.340637 -1928.539185 32 ) (565.340698 -1928.539307 96 ) 
4 206 208 (505.793671 -1952 32 ) (262.120392 -2048 32 ) (262.121857 -2048 96 ) (505.793732 -1952 96 ) 
4 207 260 (87.346252 -2048 96 ) (0 -2048 96 ) (0 -2048 32 ) (87.346252 -2048 32 ) 
4 207 233 (0 -2048 32 ) (0 -2048 96 ) (0 -1605.087402 96 ) (0 -1605.087402 32 ) 
4 207 211 (490.681152 -1839.111572 32 ) (0 -1605.089722 32 ) (0 -1605.087891 96 ) (490.681763 -1839.110352 96 ) 
4 207 209 (541.885010 -1869 32 ) (548.164063 -1866.527344 32 ) (548.164063 -1866.527344 96 ) (541.885010 -1869 96 ) 
4 207 208 (87.343750 -2048 32 ) (482.338013 -1892.449829 32 ) (482.338043 -1892.449951 96 ) (87.346405 -2048 96 ) 
4 208 260 (262.123047 -2048 96 ) (87.346252 -2048 96 ) (87.346252 -2048 32 ) (262.123047 -2048 32 ) 
4 209 212 (627.139404 -1904.192993 32 ) (548.446289 -1866.661743 32 ) (548.446838 -1866.660522 96 ) (627.141113 -1904.192383 96 ) 
4 210 212 (576.001038 -1808.887817 32 ) (1024 -2022.553467 32 ) (1024 -2022.554932 96 ) (576 -1808.889282 96 ) 
4 210 211 (138.019531 -1600 32 ) (518.235962 -1781.337769 32 ) (518.235291 -1781.339233 96 ) (138.015625 -1600 96 ) 
4 211 233 (0 -1605.087402 96 ) (0 -1600 96 ) (0 -1600 32 ) (0 -1605.087402 32 ) 
4 212 259 (1024 -2048 32 ) (1024 -2048 96 ) (928.667847 -2048 96 ) (928.667847 -2048 32 ) 
4 213 225 (-256 -1152 1472 ) (0 -1152 1472 ) (0 -1152 1536 ) (-256 -1152 1536 ) 
4 213 214 (0 -1152 1472 ) (-512 -1152 1472 ) (-512 -1024 1472 ) (0 -1024 1472 ) 
4 214 226 (-256 -1152 672 ) (0 -1152 672 ) (0 -1152 1472 ) (-256 -1152 1472 ) 
4 214 215 (0 -1152 672 ) (-256 -1152 672 ) (-256 -1024 672 ) (0 -1024 672 ) 
4 215 226 (-256 -1152 640 ) (0 -1152 640 ) (0 -1152 672 ) (-256 -1152 672 ) 
4 215 216 (0 -1152 640 ) (-256 -1152 640 ) (-256 -1024 640 ) (0 -1024 640 ) 
4 216 226 (-256 -1152 608 ) (0 -1152 608 ) (0 -1152 640 ) (-256 -1152 640 ) 
4 216 218 (0 -1152 608 ) (-256 -1152 608 ) (-256 -1024 608 ) (0 -1024 608 ) 
4 217 220 (-257 -1152 608 ) (-512 -1152 608 ) (-512 -1024 608 ) (-257 -1024 608 ) 
4 218 226 (-256 -1152 480 ) (0 -1152 480 ) (0 -1152 608 ) (-256 -1152 608 ) 
4 218 221 (0 -1152 480 ) (-256 -1152 480 ) (-256 -1024 480 ) (0 -1024 480 ) 
4 218 219 (-256 -1024 480 ) (-256 -1088 480 ) (-256 -1088 608 ) (-256 -1024 608 ) 
4 219 220 (-257 -1024 480 ) (-257 -1088 480 ) (-257 -1088 608 ) (-257 -1024 608 ) 
4 220 222 (-257 -1152 480 ) (-512 -1152 480 ) (-512 -1024 480 ) (-257 -1024 480 ) 
4 221 226 (-256 -1152 448 ) (0 -1152 448 ) (0 -1152 480 ) (-256 -1152 480 ) 
4 221 223 (0 -1152 448 ) (-256 -1152 448 ) (-256 -1024 448 ) (0 -1024 448 ) 
4 223 226 (-256 -1152 64 ) (0 -1152 64 ) (0 -1152 448 ) (-256 -1152 448 ) 
4 223 224 (-256 -1024 64 ) (-256 -1152 64 ) (-256 -1152 447 ) (-256 -1024 447 ) 
4 225 227 (0 -1280 1536 ) (-128 -1280 1536 ) (-128 -1280 1472 ) (0 -1280 1472 ) 
4 225 226 (0 -1280 1472 ) (-128.003906 -1280 1472 ) (-256.003906 -1152 1472 ) (0 -1152 1472 ) 
4 226 232 (-128 -1280 447 ) (-128 -1280 64 ) (0 -1280 64 ) (0 -1280 447 ) 
4 226 229 (0 -1280 512 ) (0 -1280 640 ) (-32 -1280 640 ) (-32 -1280 512 ) 
4 226 228 (-128 -1280 1472 ) (-128 -1280 736 ) (0 -1280 736 ) (0 -1280 1472 ) 
4 227 228 (0 -1536 1472 ) (-128 -1536 1472 ) (-128 -1280 1472 ) (0 -1280 1472 ) 
4 229 230 (-32 -1281 640 ) (-32 -1281 512 ) (0 -1281 512 ) (0 -1281 640 ) 
4 230 231 (-32 -1281 448 ) (-32 -1536 448 ) (-32 -1536 704 ) (-32 -1281 704 ) 
4 233 271 (0 -2048 32 ) (0 -2048 96 ) (-576 -2048 96 ) (-576 -2048 32 ) 
4 233 264 (0 -2048 96 ) (0 -2048 160 ) (-576 -2048 160 ) (-576 -2048 96 ) 
4 233 262 (0 -2048 160 ) (0 -2048 1472 ) (-576 -2048 1472 ) (-576 -2048 160 ) 
4 233 250 (-576 -2048 32.896999 ) (-576 -2048 288 ) (-576 -1952 288 ) (-576 -1952 32.896999 ) 
4 233 251 (-576 -2048 32 ) (-576 -2048 32.896999 ) (-576 -1600 32.896999 ) (-576 -1600 32 ) 
4 233 247 (-576 -2048 288 ) (-576 -2048 448 ) (-576 -1952 448 ) (-576 -1952 288 ) 
3 233 238 (-576 -1952 1056 ) (-576 -1620.667847 772 ) (-576 -1952 488 ) 
4 233 240 (-576 -2048 448 ) (-576 -2048 1138.285645 ) (-576 -1952 1056 ) (-576 -1952 448 ) 
3 233 236 (-576 -1600 789.704407 ) (-576 -1600 762.293213 ) (-576 -1616 776 ) 
5 233 235 (-576 -2048 1138.285645 ) (-576 -2048 1472 ) (-576 -1600 1472 ) (-576 -1600 789.704407 ) (-576 -1620.668457 772.001404 ) 
5 234 275 (-1024 -1280 1504 ) (-1024 -1024 1504 ) (-1024 -1024 448 ) (-1024 -1242.666748 448 ) (-1024 -1280 480 ) 
4 234 243 (-1024 -1242.666748 448 ) (-1024 -1024 448 ) (-704 -1024 448 ) (-704 -1242.666748 448 ) 
4 234 241 (-704 -1024 448 ) (-576 -1024 448 ) (-576 -1242.666748 448 ) (-704 -1242.666748 448 ) 
4 234 239 (-1024 -1242.669922 448 ) (-576 -1242.669922 448 ) (-576 -1280 479.997223 ) (-1024 -1280 479.997192 ) 
4 234 236 (-576 -1280 488.139008 ) (-576 -1280 1063.791748 ) (-1024 -1280 1063.791626 ) (-1024 -1280 488.138672 ) 
4 234 235 (-576 -1280 1063.791748 ) (-576 -1280 1504 ) (-1024 -1280 1504 ) (-1024 -1280 1063.791626 ) 
5 235 276 (-1024 -1952 1504 ) (-1024 -1280 1504 ) (-1024 -1280 1063.791748 ) (-1024 -1620.668457 772.001404 ) (-1024 -1952 1056 ) 
4 235 281 (-1024 -2048 1138.285645 ) (-1024 -2048 1504 ) (-1024 -1952 1504 ) (-1024 -1952 1056 ) 
4 235 262 (-576 -2048 1138.285645 ) (-576 -2048 1472 ) (-1024 -2048 1472 ) (-1024 -2048 1138.285645 ) 
4 235 261 (-576 -2048 1472 ) (-576 -2048 1504 ) (-1024 -2048 1504 ) (-1024 -2048 1472 ) 
4 235 238 (-576 -1620.669922 772 ) (-576 -1952 1055.997314 ) (-1024 -1952 1055.997192 ) (-1024 -1620.669922 772 ) 
4 235 240 (-576 -1952 1055.997314 ) (-576 -2048 1138.282959 ) (-1024 -2048 1138.282959 ) (-1024 -1952 1055.997192 ) 
4 235 236 (-1024 -1616 776 ) (-1024 -1280 1063.791016 ) (-576 -1280 1063.791016 ) (-576 -1616 776 ) 
3 236 277 (-1024 -1280 1063.791748 ) (-1024 -1280 488.138672 ) (-1024 -1616 776 ) 
4 236 237 (-576 -1615.998291 776.001709 ) (-1024 -1615.998413 776.001526 ) (-1024 -1280 488.142212 ) (-576 -1280 488.142548 ) 
3 238 279 (-1024 -1620.667969 772 ) (-1024 -1952 488 ) (-1024 -1952 488.208313 ) 
3 238 276 (-1024 -1952 1056 ) (-1024 -1620.667969 772 ) (-1024 -1952 488.208313 ) 
4 238 240 (-576 -1952 488 ) (-576 -1952 1055.998047 ) (-1024 -1952 1055.998047 ) (-1024 -1952 488 ) 
3 239 275 (-1024 -1280 480 ) (-1024 -1242.666748 448 ) (-1024 -1280 448 ) 
4 239 243 (-1024 -1280 448 ) (-1024 -1242.666748 448 ) (-704 -1242.666748 448 ) (-704 -1280 448 ) 
4 239 241 (-704 -1242.666748 448 ) (-576 -1242.666748 448 ) (-576 -1280 448 ) (-704 -1280 448 ) 
4 240 281 (-1024 -2048 448 ) (-1024 -2048 1138.285645 ) (-1024 -1952 1056 ) (-1024 -1952 448 ) 
4 240 262 (-576 -2048 448 ) (-576 -2048 1138.285645 ) (-1024 -2048 1138.285645 ) (-1024 -2048 448 ) 
4 240 247 (-1024 -2048 448 ) (-1024 -1952 448 ) (-576 -1952 448 ) (-576 -2048 448 ) 
4 241 248 (-704 -1024 288 ) (-576 -1024 288 ) (-576 -1120 288 ) (-704 -1120 288 ) 
4 241 243 (-704 -1024 288 ) (-704 -1280 288 ) (-704 -1280 448 ) (-704 -1024 448 ) 
4 241 242 (-704 -1280 416 ) (-704 -1280 288 ) (-576 -1280 288 ) (-576 -1280 416 ) 
4 242 244 (-608 -1312 288 ) (-576 -1312 288 ) (-576 -1312 416 ) (-608 -1312 416 ) 
4 242 245 (-704 -1312 288 ) (-608 -1312 288 ) (-608 -1312 416 ) (-704 -1312 416 ) 
4 243 283 (-1024 -1280 448 ) (-1024 -1024 448 ) (-1024 -1024 288 ) (-1024 -1280 288 ) 
4 243 249 (-704 -1120 288 ) (-704 -1280 288 ) (-1024 -1280 288 ) (-1024 -1120 288 ) 
4 243 248 (-1024 -1024 288 ) (-704 -1024 288 ) (-704 -1120 288 ) (-1024 -1120 288 ) 
4 244 245 (-608 -1312 448 ) (-608 -1312 288 ) (-608 -1568 288 ) (-608 -1568 448 ) 
4 245 287 (-1024 -1920 448 ) (-1024 -1312 448 ) (-1024 -1312 288 ) (-1024 -1920 288 ) 
4 245 246 (-640 -1920 320 ) (-640 -1920 416 ) (-768 -1920 416 ) (-768 -1920 320 ) 
4 246 247 (-640 -1952 320 ) (-640 -1952 416 ) (-768 -1952 416 ) (-768 -1952 320 ) 
4 247 289 (-1024 -2048 288 ) (-1024 -2048 448 ) (-1024 -1952 448 ) (-1024 -1952 288 ) 
4 247 262 (-576 -2048 288 ) (-576 -2048 448 ) (-1024 -2048 448 ) (-1024 -2048 288 ) 
4 247 250 (-576 -1952 288 ) (-576 -2048 288 ) (-1024 -2048 288 ) (-1024 -1952 288 ) 
4 248 294 (-1024 -1024 256 ) (-1024 -1024 32 ) (-1024 -1120 32 ) (-1024 -1120 256 ) 
4 248 291 (-1024 -1120 288 ) (-1024 -1024 288 ) (-1024 -1024 256 ) (-1024 -1120 256 ) 
3 248 249 (-704 -1120 288 ) (-1024 -1120 288 ) (-1024 -1120 159.524597 ) 
4 249 295 (-1024 -1120 256 ) (-1024 -1120 159.524597 ) (-1024 -1280 159.524597 ) (-1024 -1280 256 ) 
4 249 291 (-1024 -1280 288 ) (-1024 -1120 288 ) (-1024 -1120 256 ) (-1024 -1280 256 ) 
4 250 296 (-1024 -2048 32.896999 ) (-1024 -2048 256 ) (-1024 -1952 256 ) (-1024 -1952 32.896999 ) 
4 250 292 (-1024 -2048 256 ) (-1024 -2048 288 ) (-1024 -1952 288 ) (-1024 -1952 256 ) 
4 250 271 (-576 -2048 32.896999 ) (-576 -2048 96 ) (-1024 -2048 96 ) (-1024 -2048 32.896999 ) 
4 250 264 (-576 -2048 96 ) (-576 -2048 160 ) (-1024 -2048 160 ) (-1024 -2048 96 ) 
4 250 262 (-576 -2048 160 ) (-576 -2048 288 ) (-1024 -2048 288 ) (-1024 -2048 160 ) 
4 250 251 (-576 -1952 32.896999 ) (-576 -2048 32.896999 ) (-1024 -2048 32.896999 ) (-1024 -1952 32.896999 ) 
4 251 296 (-1024 -2048 32 ) (-1024 -2048 32.896999 ) (-1024 -1952 32.896999 ) (-1024 -1952 32 ) 
4 251 271 (-576 -2048 32 ) (-576 -2048 32.896999 ) (-1024 -2048 32.896999 ) (-1024 -2048 32 ) 
4 252 260 (768 -2048 1472 ) (768 -2048 768 ) (768 -2592 768 ) (768 -2592 1472 ) 
4 253 254 (1024 -2592 640 ) (800 -2592 640 ) (800 -2048 640 ) (1024 -2048 640 ) 
4 254 256 (800 -2240 576 ) (800 -2048 576 ) (1024 -2048 576 ) (1024 -2240 576 ) 
4 254 258 (1024 -2592 576 ) (800 -2592 576 ) (800 -2240 576 ) (1024 -2240 576 ) 
4 254 255 (800 -2080 576 ) (800 -2176 576 ) (800 -2176 640 ) (800 -2080 640 ) 
4 255 260 (768 -2080 576 ) (768 -2176 576 ) (768 -2176 640 ) (768 -2080 640 ) 
4 256 257 (1024 -2240 544 ) (864 -2240 544 ) (864 -2048 544 ) (1024 -2048 544 ) 
4 256 258 (800 -2240 576 ) (800 -2240 544 ) (1024 -2240 544 ) (1024 -2240 576 ) 
3 257 258 (1024 -2240 480 ) (1024 -2240 544 ) (864 -2240 544 ) 
4 259 260 (768 -2048 447 ) (768 -2048 32 ) (768 -2592 32 ) (768 -2592 447 ) 
4 260 273 (0 -2561.950684 32 ) (0 -2592 32 ) (0 -2592 96 ) (0 -2561.950684 96 ) 
4 260 271 (0 -2048 96 ) (0 -2048 32 ) (0 -2561.950684 32 ) (0 -2561.950684 96 ) 
4 260 266 (0 -2328.684570 96 ) (0 -2393.239258 96 ) (0 -2393.239990 160 ) (0 -2328.684814 160 ) 
4 260 264 (0 -2048 160 ) (0 -2048 96 ) (0 -2328.684570 96 ) (0 -2328.684814 160 ) 
4 260 263 (0 -2393.239258 96 ) (0 -2592 96 ) (0 -2592 160 ) (0 -2393.239990 160 ) 
4 260 262 (0 -2048 1472 ) (0 -2048 160 ) (0 -2592 160 ) (0 -2592 1472 ) 
4 261 311 (-1024 -2048 1504 ) (-1024 -2048 1472 ) (-1024 -2592 1472 ) (-1024 -2592 1504 ) 
4 261 262 (-576 -2592 1472 ) (-1024 -2592 1472 ) (-1024 -2048 1472 ) (-576 -2048 1472 ) 
4 262 311 (-1024 -2048 1472 ) (-1024 -2048 160 ) (-1024 -2592 160 ) (-1024 -2592 1472 ) 
4 262 266 (-431.109009 -2385.419922 160 ) (0 -2328.684570 160 ) (0 -2393.239990 160 ) (-422.754913 -2448.870850 160 ) 
4 262 265 (-1024 -2527.989258 160 ) (-1024 -2463.446289 160 ) (-494.561951 -2393.770508 160 ) (-486.206909 -2457.220459 160 ) 
4 262 264 (-1024 -2463.446289 160 ) (-1024 -2048 160 ) (0 -2048 160 ) (0 -2328.684570 160 ) 
4 262 263 (0 -2592 160 ) (-1024 -2592 160 ) (-1024 -2527.989258 160 ) (0 -2393.239990 160 ) 
4 263 311 (-1024 -2527.988770 96 ) (-1024 -2592 96 ) (-1024 -2592 160 ) (-1024 -2527.989258 160 ) 
5 263 273 (0 -2592 96 ) (-85.685150 -2592 96 ) (-393.783081 -2445.057617 96 ) (-277.250519 -2429.722900 96 ) (0 -2561.950684 96 ) 
3 263 271 (-277.250519 -2429.722900 96 ) (0 -2393.239258 96 ) (0 -2561.950684 96 ) 
4 263 270 (-439.324249 -2451.050537 96 ) (-393.783081 -2445.057617 96 ) (-364.859467 -2458.852295 96 ) (-426.659912 -2483.200195 96 ) 
5 263 269 (-702.820190 -2592 96 ) (-877.597229 -2592 96 ) (-559.996216 -2466.929932 96 ) (-504.723358 -2459.656494 96 ) (-486.209534 -2506.661133 96 ) 
4 263 268 (-877.597229 -2592 96 ) (-1024 -2592 96 ) (-1024 -2527.988770 96 ) (-559.996216 -2466.929932 96 ) 
3 263 267 (-85.685150 -2592 96 ) (-702.820190 -2592 96 ) (-364.859467 -2458.852295 96 ) 
4 263 266 (0 -2393.238281 96 ) (-422.756134 -2448.869385 96 ) (-422.754913 -2448.870605 160 ) (0 -2393.239746 160 ) 
4 263 265 (-486.208069 -2457.219238 96 ) (-1024 -2527.988037 96 ) (-1024 -2527.989014 160 ) (-486.206970 -2457.220215 160 ) 
4 264 311 (-1024 -2048 160 ) (-1024 -2048 96 ) (-1024 -2463.446289 96 ) (-1024 -2463.446289 160 ) 
3 264 273 (-415.996094 -2363.551758 96 ) (-383.328644 -2379.131836 96 ) (-426.114136 -2384.762451 96 ) 
4 264 272 (-1024 -2144.486328 96 ) (-1024 -2073.579590 96 ) (-473.763672 -2336 96 ) (-501.315979 -2393.771484 96 ) 
5 264 271 (-1024 -2073.579590 96 ) (-1024 -2048 96 ) (0 -2048 96 ) (0 -2328.684570 96 ) (-383.328644 -2379.131836 96 ) 
3 264 268 (-1024 -2463.446289 96 ) (-1024 -2144.486328 96 ) (-499.857300 -2394.467285 96 ) 
4 264 266 (-431.109955 -2385.420166 96 ) (0 -2328.684570 96 ) (0 -2328.684814 160 ) (-431.108887 -2385.420410 160 ) 
4 264 265 (-1024 -2463.446289 96 ) (-494.562866 -2393.770752 96 ) (-494.561829 -2393.770996 160 ) (-1024 -2463.446777 160 ) 
4 265 311 (-1024 -2463.446289 96 ) (-1024 -2527.988770 96 ) (-1024 -2527.989258 160 ) (-1024 -2463.446289 160 ) 
3 265 269 (-504.723297 -2459.656494 96 ) (-559.996460 -2466.929932 96 ) (-509.665192 -2447.109619 96 ) 
6 265 268 (-1024 -2527.988770 96 ) (-1024 -2463.446289 96 ) (-499.857117 -2394.467529 96 ) (-494.110199 -2397.208496 96 ) (-488.630035 -2438.825928 96 ) (-559.996460 -2466.929932 96 ) 
6 266 273 (-426.114197 -2384.762695 96 ) (-383.328125 -2379.131836 96 ) (-277.250122 -2429.723145 96 ) (-393.782959 -2445.057861 96 ) (-425.232819 -2430.058350 96 ) (-430.097198 -2393.112305 96 ) 
4 266 271 (-383.328125 -2379.131836 96 ) (0 -2328.684570 96 ) (0 -2393.239258 96 ) (-277.250122 -2429.723145 96 ) 
3 266 270 (-393.782959 -2445.057861 96 ) (-422.756012 -2448.870361 96 ) (-425.232819 -2430.058350 96 ) 
4 267 273 (-364.860596 -2458.852783 96 ) (-85.687500 -2592 96 ) (-85.687500 -2592 32 ) (-364.861084 -2458.853027 32 ) 
4 267 270 (-364.861328 -2458.851563 96 ) (-364.861328 -2458.851563 32 ) (-426.659424 -2483.198730 32 ) (-426.660309 -2483.198975 96 ) 
4 267 269 (-486.209869 -2506.660156 32 ) (-702.820313 -2592 32 ) (-702.820313 -2592 96 ) (-486.209869 -2506.660156 96 ) 
4 268 311 (-1024 -2144.486328 32 ) (-1024 -2592 32 ) (-1024 -2592 96 ) (-1024 -2144.486328 96 ) 
4 268 272 (-1024 -2144.486328 96 ) (-501.316345 -2393.772217 96 ) (-501.318970 -2393.771729 32 ) (-1024 -2144.487793 32 ) 
4 268 270 (-443.834442 -2421.185303 32 ) (-443.835358 -2421.184814 96 ) (-450.114777 -2423.657715 96 ) (-450.113647 -2423.657959 32 ) 
4 268 269 (-509.665649 -2447.108643 96 ) (-877.600403 -2592 96 ) (-877.598389 -2592 32 ) (-509.665283 -2447.109375 32 ) 
4 270 273 (-443.553650 -2421.321289 96 ) (-364.860596 -2458.852783 96 ) (-364.861084 -2458.853027 32 ) (-443.553894 -2421.322021 32 ) 
4 271 311 (-1024 -2048 96 ) (-1024 -2048 32 ) (-1024 -2073.579590 32 ) (-1024 -2073.579590 96 ) 
4 271 273 (-415.996338 -2363.552246 32 ) (0 -2561.951172 32 ) (0 -2561.949951 96 ) (-415.995667 -2363.551025 96 ) 
4 271 272 (-1024 -2073.580566 32 ) (-473.766235 -2336 32 ) (-473.763367 -2336 96 ) (-1024 -2073.578613 96 ) 
4 272 311 (-1024 -2073.579590 32 ) (-1024 -2144.486328 32 ) (-1024 -2144.486328 96 ) (-1024 -2073.579590 96 ) 
4 274 294 (-1024 -1024 32 ) (-1024 -1024 256 ) (-2048 -1024 256 ) (-2048 -1024 32 ) 
4 274 291 (-1024 -1024 256 ) (-1024 -1024 288 ) (-1824 -1024 288 ) (-1824 -1024 256 ) 
4 274 293 (-1824 -1024 288 ) (-2048 -1024 288 ) (-2048 -1024 256 ) (-1824 -1024 256 ) 
4 274 285 (-1152 -1024 448 ) (-1824 -1024 448 ) (-1824 -1024 288 ) (-1152 -1024 288 ) 
4 274 286 (-1824 -1024 448 ) (-2048 -1024 448 ) (-2048 -1024 288 ) (-1824 -1024 288 ) 
4 274 283 (-1024 -1024 288 ) (-1024 -1024 448 ) (-1152 -1024 448 ) (-1152 -1024 288 ) 
4 274 282 (-1840 -1024 1504 ) (-2048 -1024 1504 ) (-2048 -1024 448 ) (-1840 -1024 448 ) 
4 274 275 (-1024 -1024 448 ) (-1024 -1024 1504 ) (-1840 -1024 1504 ) (-1840 -1024 448 ) 
4 275 285 (-1824 -1024 448 ) (-1152 -1024 448 ) (-1152 -1280 448 ) (-1824 -1280 448 ) 
4 275 286 (-1840 -1024 448 ) (-1824 -1024 448 ) (-1824 -1280 448 ) (-1840 -1280 448 ) 
4 275 283 (-1152 -1024 448 ) (-1024 -1024 448 ) (-1024 -1280 448 ) (-1152 -1280 448 ) 
4 275 282 (-1840 -1024 448 ) (-1840 -1280 448 ) (-1840 -1280 1504 ) (-1840 -1024 1504 ) 
4 275 280 (-1840 -1280 480 ) (-1840 -1280 448 ) (-1824 -1280 448 ) (-1824 -1280 480 ) 
4 275 277 (-1840 -1280 1063.791626 ) (-1840 -1280 488.138062 ) (-1024 -1280 488.138672 ) (-1024 -1280 1063.791626 ) 
4 275 276 (-1840 -1280 1504 ) (-1840 -1280 1063.791626 ) (-1024 -1280 1063.791626 ) (-1024 -1280 1504 ) 
4 276 282 (-1840 -1952 488.208221 ) (-1840 -1952 1504 ) (-1840 -1280 1504 ) (-1840 -1280 1063.791626 ) 
4 276 279 (-1024 -1952 488.208954 ) (-1840 -1952 488.208923 ) (-1840 -1620.668701 772.001709 ) (-1024 -1620.668701 772.001709 ) 
4 276 277 (-1840 -1616 776 ) (-1840 -1280 1063.792236 ) (-1024 -1280 1063.792236 ) (-1024 -1616 776 ) 
4 276 281 (-1024 -1952 1504 ) (-1840 -1952 1504 ) (-1840 -1952 488.208252 ) (-1024 -1952 488.208221 ) 
3 277 282 (-1840 -1616 776 ) (-1840 -1280 1063.791626 ) (-1840 -1280 488.138062 ) 
4 277 278 (-1840 -1608.022339 769.164856 ) (-1840 -1280 488.138855 ) (-1024 -1280 488.139435 ) (-1024 -1609.539673 770.465454 ) 
3 279 282 (-1840 -1952 488 ) (-1840 -1952 488.208221 ) (-1840 -1620.668335 772.001404 ) 
4 279 281 (-1840 -1952 488.208252 ) (-1840 -1952 488 ) (-1024 -1952 488 ) (-1024 -1952 488.208221 ) 
4 280 290 (-1824 -1952 448 ) (-1840 -1952 448 ) (-1840 -1920 448 ) (-1824 -1920 448 ) 
4 280 288 (-1840 -1920 448 ) (-1840 -1312 448 ) (-1824 -1312 448 ) (-1824 -1920 448 ) 
4 280 286 (-1840 -1312 448 ) (-1840 -1280 448 ) (-1824 -1280 448 ) (-1824 -1312 448 ) 
5 280 282 (-1840 -1280 448 ) (-1840 -1952 448 ) (-1840 -1952 480 ) (-1840 -1616 768 ) (-1840 -1280 480 ) 
4 280 281 (-1840 -1952 480 ) (-1840 -1952 448 ) (-1824 -1952 448 ) (-1824 -1952 480 ) 
4 281 311 (-1024 -2048 448 ) (-1024 -2048 1504 ) (-1840 -2048 1504 ) (-1840 -2048 448 ) 
4 281 289 (-1024 -1952 448 ) (-1024 -2048 448 ) (-1824 -2048 448 ) (-1824 -1952 448 ) 
4 281 290 (-1824 -2048 448 ) (-1840 -2048 448 ) (-1840 -1952 448 ) (-1824 -1952 448 ) 
4 281 282 (-1840 -1952 448 ) (-1840 -2048 448 ) (-1840 -2048 1504 ) (-1840 -1952 1504 ) 
4 282 311 (-2048 -2048 1504 ) (-2048 -2048 448 ) (-1840 -2048 448 ) (-1840 -2048 1504 ) 
4 282 290 (-2048 -2048 448 ) (-2048 -1920 448 ) (-1840 -1920 448 ) (-1840 -2048 448 ) 
4 282 288 (-2048 -1920 448 ) (-2048 -1312 448 ) (-1840 -1312 448 ) (-1840 -1920 448 ) 
4 282 286 (-2048 -1312 448 ) (-2048 -1024 448 ) (-1840 -1024 448 ) (-1840 -1312 448 ) 
4 283 291 (-1152 -1024 288 ) (-1024 -1024 288 ) (-1024 -1280 288 ) (-1152 -1280 288 ) 
4 283 285 (-1152 -1024 288 ) (-1152 -1280 288 ) (-1152 -1280 448 ) (-1152 -1024 448 ) 
4 283 284 (-1152 -1280 416 ) (-1152 -1280 320 ) (-1024 -1280 320 ) (-1024 -1280 416 ) 
4 284 287 (-1024 -1312 320 ) (-1024 -1312 416 ) (-1152 -1312 416 ) (-1152 -1312 320 ) 
4 285 291 (-1824 -1024 288 ) (-1152 -1024 288 ) (-1152 -1280 288 ) (-1824 -1280 288 ) 
4 285 286 (-1824 -1024 288 ) (-1824 -1280 288 ) (-1824 -1280 448 ) (-1824 -1024 448 ) 
4 286 293 (-2048 -1312 288 ) (-2048 -1024 288 ) (-1824 -1024 288 ) (-1824 -1312 288 ) 
4 286 288 (-2048 -1312 288 ) (-1824 -1312 288 ) (-1824 -1312 448 ) (-2048 -1312 448 ) 
4 288 293 (-2048 -1920 288 ) (-2048 -1312 288 ) (-1824 -1312 288 ) (-1824 -1920 288 ) 
4 288 290 (-2048 -1920 288 ) (-1824 -1920 288 ) (-1824 -1920 448 ) (-2048 -1920 448 ) 
4 289 311 (-1024 -2048 288 ) (-1024 -2048 448 ) (-1824 -2048 448 ) (-1824 -2048 288 ) 
4 289 292 (-1024 -2048 288 ) (-1824 -2048 288 ) (-1824 -1952 288 ) (-1024 -1952 288 ) 
4 289 290 (-1824 -1952 288 ) (-1824 -2048 288 ) (-1824 -2048 448 ) (-1824 -1952 448 ) 
4 290 311 (-1824 -2048 448 ) (-2048 -2048 448 ) (-2048 -2048 288 ) (-1824 -2048 288 ) 
4 290 293 (-1824 -2048 288 ) (-2048 -2048 288 ) (-2048 -1920 288 ) (-1824 -1920 288 ) 
4 291 295 (-1024 -1120 256 ) (-1024 -1280 256 ) (-1824 -1280 256 ) (-1824 -1120 256 ) 
4 291 294 (-1824 -1024 256 ) (-1024 -1024 256 ) (-1024 -1120 256 ) (-1824 -1120 256 ) 
4 291 293 (-1824 -1024 256 ) (-1824 -1280 256 ) (-1824 -1280 288 ) (-1824 -1024 288 ) 
4 292 311 (-1024 -2048 256 ) (-1024 -2048 288 ) (-1824 -2048 288 ) (-1824 -2048 256 ) 
4 292 306 (-1792 -2048 256 ) (-1824 -2048 256 ) (-1824 -1952 256 ) (-1792 -1952 256 ) 
4 292 305 (-1408 -2048 256 ) (-1792 -2048 256 ) (-1792 -1952 256 ) (-1408 -1952 256 ) 
4 292 304 (-1056 -2048 256 ) (-1408 -2048 256 ) (-1408 -1952 256 ) (-1056 -1952 256 ) 
4 292 296 (-1024 -1952 256 ) (-1024 -2048 256 ) (-1056 -2048 256 ) (-1056 -1952 256 ) 
4 292 293 (-1824 -1952 256 ) (-1824 -2048 256 ) (-1824 -2048 288 ) (-1824 -1952 288 ) 
4 293 311 (-1824 -2048 288 ) (-2048 -2048 288 ) (-2048 -2048 256 ) (-1824 -2048 256 ) 
4 293 308 (-2048 -1537 256 ) (-2048 -1536 256 ) (-1824 -1536 256 ) (-1824 -1537 256 ) 
4 293 307 (-2048 -1536 256 ) (-2048 -1280 256 ) (-1824 -1280 256 ) (-1824 -1536 256 ) 
4 293 310 (-2048 -2048 256 ) (-2048 -1537 256 ) (-1824 -1537 256 ) (-1824 -2048 256 ) 
4 293 295 (-2048 -1280 256 ) (-2048 -1120 256 ) (-1824 -1120 256 ) (-1824 -1280 256 ) 
4 293 294 (-2048 -1120 256 ) (-2048 -1024 256 ) (-1824 -1024 256 ) (-1824 -1120 256 ) 
5 294 295 (-2048 -1120 32 ) (-1341.630981 -1120 32 ) (-1024 -1120 159.524612 ) (-1024 -1120 256 ) (-2048 -1120 256 ) 
4 295 307 (-2048 -1280 32 ) (-1824 -1280 32 ) (-1824 -1280 256 ) (-2048 -1280 256 ) 
4 295 305 (-1792 -1280 32 ) (-1408 -1280 32 ) (-1408 -1280 256 ) (-1792 -1280 256 ) 
4 296 311 (-1024 -2048 32 ) (-1024 -2048 256 ) (-1056 -2048 256 ) (-1056 -2048 32 ) 
4 296 304 (-1056 -1952 32 ) (-1056 -2048 32 ) (-1056 -2048 256 ) (-1056 -1952 256 ) 
4 297 302 (-1376 -1504 192 ) (-1376 -1504 256 ) (-1392 -1504 256 ) (-1392 -1504 192 ) 
4 297 301 (-1376 -1504 32 ) (-1056 -1504 32 ) (-1056 -1504 256 ) (-1376 -1504 256 ) 
4 297 299 (-1392 -1312 192 ) (-1392 -1312 32 ) (-1392 -1504 32 ) (-1392 -1504 192 ) 
4 297 298 (-1392 -1312 256 ) (-1392 -1312 192 ) (-1392 -1504 192 ) (-1392 -1504 256 ) 
4 298 302 (-1392 -1504 192 ) (-1392 -1504 256 ) (-1393 -1504 256 ) (-1393 -1504 192 ) 
4 298 300 (-1393 -1312 256 ) (-1393 -1312 192 ) (-1393 -1504 192 ) (-1393 -1504 256 ) 
4 298 299 (-1393 -1504 192 ) (-1393 -1312 192 ) (-1392 -1312 192 ) (-1392 -1504 192 ) 
4 299 300 (-1393 -1312 192 ) (-1393 -1312 32 ) (-1393 -1504 32 ) (-1393 -1504 192 ) 
4 300 305 (-1408 -1312 32 ) (-1408 -1504 32 ) (-1408 -1504 256 ) (-1408 -1312 256 ) 
4 300 302 (-1408 -1504 256 ) (-1408 -1504 192 ) (-1393 -1504 192 ) (-1393 -1504 256 ) 
4 301 302 (-1376 -1504 256 ) (-1376 -1504 192 ) (-1376 -1536 192 ) (-1376 -1536 256 ) 
4 301 303 (-1376 -1536 32 ) (-1376 -1920 32 ) (-1376 -1920 256 ) (-1376 -1536 256 ) 
4 302 305 (-1408 -1536 192 ) (-1408 -1536 256 ) (-1408 -1504 256 ) (-1408 -1504 192 ) 
4 302 303 (-1408 -1536 256 ) (-1408 -1536 192 ) (-1376 -1536 192 ) (-1376 -1536 256 ) 
4 303 305 (-1408 -1536 32 ) (-1408 -1920 32 ) (-1408 -1920 256 ) (-1408 -1536 256 ) 
4 304 311 (-1056 -2048 256 ) (-1408 -2048 256 ) (-1408 -2048 32 ) (-1056 -2048 32 ) 
4 304 305 (-1408 -1952 32 ) (-1408 -2048 32 ) (-1408 -2048 256 ) (-1408 -1952 256 ) 
4 305 311 (-1408 -2048 256 ) (-1792 -2048 256 ) (-1792 -2048 32 ) (-1408 -2048 32 ) 
4 305 306 (-1792 -1952 32 ) (-1792 -2048 32 ) (-1792 -2048 256 ) (-1792 -1952 256 ) 
4 306 311 (-1792 -2048 256 ) (-1824 -2048 256 ) (-1824 -2048 32 ) (-1792 -2048 32 ) 
4 306 310 (-1824 -1952 32 ) (-1824 -2048 32 ) (-1824 -2048 256 ) (-1824 -1952 256 ) 
4 307 309 (-2048 -1536 32 ) (-1824 -1536 32 ) (-1824 -1536 192 ) (-2048 -1536 192 ) 
4 307 308 (-1824 -1536 192 ) (-1824 -1536 256 ) (-2048 -1536 256 ) (-2048 -1536 192 ) 
4 308 310 (-1824 -1537 192 ) (-1824 -1537 256 ) (-2048 -1537 256 ) (-2048 -1537 192 ) 
4 308 309 (-1824 -1537 192 ) (-2048 -1537 192 ) (-2048 -1536 192 ) (-1824 -1536 192 ) 
4 309 310 (-2048 -1537 32 ) (-1824 -1537 32 ) (-1824 -1537 192 ) (-2048 -1537 192 ) 
4 310 311 (-1824 -2048 256 ) (-2048 -2048 256 ) (-2048 -2048 32 ) (-1824 -2048 32 ) 
