


materialPath: C:\Program Files (x86)\Steam\steamapps\common\Team Fortress 2\tf\materials
Loading C:\Users\Owner\Documents\TF2-Maps\Choke\tdm_choke.vmf
fixing up env_cubemap materials on brush sides...
0...1...2...3...4...5...6...7...8...9...10**** leaked ****
Entity light (0.00 1.69 256.00) leaked!
Processing areas...done (0)
Building Faces...done (0)
FixTjuncs...
PruneNodes...
WriteBSP...
done (0)
*** Error: Skybox vtf files for skybox/sky_tf2_04 weren't compiled with the same size texture and/or same flags!
Can't load skybox file skybox/sky_tf2_04 to build the default cubemap!
*** Error: Skybox vtf files for skybox/sky_tf2_04 weren't compiled with the same size texture and/or same flags!
Can't load skybox file skybox/sky_tf2_04 to build the default cubemap!
Finding displacement neighbors...
Finding lightmap sample positions...
Displacement Alpha : 0...1...2...3...4...5...6...7...8...9...10
Building Physics collision data...
done (0) (10571 bytes)
Placing detail props : 0...1...2...3...4...5...6...7...8...9...10
Compacting texture/material tables...
Reduced 13 texinfos to 9
Reduced 3 texdatas to 3 (66 bytes to 66)
Writing C:\Users\Owner\Documents\TF2-Maps\Choke\tdm_choke.bsp
MSG_FILEWRITE - Filesystem was asked to write to 'C:\Users\Owner\Documents\TF2-Maps\Choke\tdm_choke.bsp', but we don't own that location. Allowing.
ZIP Output overshot buffer estimate: Estimated 0, actual 54
0 seconds elapsed



4 threads
reading c:\users\owner\documents\tf2-maps\choke\tdm_choke.bsp
reading c:\users\owner\documents\tf2-maps\choke\tdm_choke.prt
LoadPortals: couldn't read c:\users\owner\documents\tf2-maps\choke\tdm_choke.prt



[Reading texlights from 'lights.rad']
[56 texlights parsed from 'lights.rad']

Loading c:\users\owner\documents\tf2-maps\choke\tdm_choke.bsp
No vis information, direct lighting only.
240 faces
177834 square feet [25608192.00 square inches]
0 Displacements
0 Square Feet [0.00 Square Inches]
1 direct lights
0...1...2...3...4...5...6...7...8...9...10Build Patch/Sample Hash Table(s).....Done<0.0016 sec>
0...1...2...3...4...5...6...7...8...9...10FinalLightFace Done
0 of 0 (0% of) surface lights went in leaf ambient cubes.
0...1...2...3...4...5...6...7...8...9...10Writing leaf ambient...done
Ready to Finish

Object names       Objects/Maxobjs  Memory / Maxmem  Fullness 
------------       ---------------  ---------------  -------- 
models                   1/1024           48/49152    ( 0.1%) 
brushes                 30/8192          360/98304    ( 0.4%) 
brushsides             180/65536        1440/524288   ( 0.3%) 
planes                  66/65536        1320/1310720  ( 0.1%) 
vertexes               259/65536        3108/786432   ( 0.4%) 
nodes                  177/65536        5664/2097152  ( 0.3%) 
texinfos                 9/12288         648/884736   ( 0.1%) 
texdata                  3/2048           96/65536    ( 0.1%) 
dispinfos                0/0               0/0        ( 0.0%) 
disp_verts               0/0               0/0        ( 0.0%) 
disp_tris                0/0               0/0        ( 0.0%) 
disp_lmsamples           0/0               0/0        ( 0.0%) 
faces                  240/65536       13440/3670016  ( 0.4%) 
hdr faces                0/65536           0/3670016  ( 0.0%) 
origfaces              120/65536        6720/3670016  ( 0.2%) 
leaves                 179/65536        5728/2097152  ( 0.3%) 
leaffaces              266/65536         532/131072   ( 0.4%) 
leafbrushes             70/65536         140/131072   ( 0.1%) 
areas                    2/256            16/2048     ( 0.8%) 
surfedges             1574/512000       6296/2048000  ( 0.3%) 
edges                  897/256000       3588/1024000  ( 0.4%) 
LDR worldlights          1/8192           88/720896   ( 0.0%) 
HDR worldlights          0/8192            0/720896   ( 0.0%) 
leafwaterdata            0/32768           0/393216   ( 0.0%) 
waterstrips             12/32768         120/327680   ( 0.0%) 
waterverts               0/65536           0/786432   ( 0.0%) 
waterindices           144/65536         288/131072   ( 0.2%) 
cubemapsamples           0/1024            0/16384    ( 0.0%) 
overlays                 0/512             0/180224   ( 0.0%) 
LDR lightdata         [variable]      226100/0        ( 0.0%) 
HDR lightdata         [variable]           0/0        ( 0.0%) 
visdata               [variable]           0/16777216 ( 0.0%) 
entdata               [variable]         569/393216   ( 0.1%) 
LDR ambient table      179/65536         716/262144   ( 0.3%) 
HDR ambient table      179/65536         716/262144   ( 0.3%) 
LDR leaf ambient       194/65536        5432/1835008  ( 0.3%) 
HDR leaf ambient       179/65536        5012/1835008  ( 0.3%) 
occluders                0/0               0/0        ( 0.0%) 
occluder polygons        0/0               0/0        ( 0.0%) 
occluder vert ind        0/0               0/0        ( 0.0%) 
detail props          [variable]           1/12       ( 8.3%) 
static props          [variable]           1/12       ( 8.3%) 
pakfile               [variable]          54/0        ( 0.0%) 
physics               [variable]       10571/4194304  ( 0.3%) 
physics terrain       [variable]           2/1048576  ( 0.0%) 

Level flags = 0

Total triangle count: 614
Writing c:\users\owner\documents\tf2-maps\choke\tdm_choke.bsp
ZIP Output overshot buffer estimate: Estimated 0, actual 54
1 second elapsed



materialPath: C:\Program Files (x86)\Steam\steamapps\common\Team Fortress 2\tf\materials
Loading C:\Users\Owner\Documents\TF2-Maps\Choke\tdm_choke.vmf
fixing up env_cubemap materials on brush sides...
0...1...2...3...4...5...6...7...8...9...10**** leaked ****
Entity info_player_teamspawn (20.58 -5.47 65.00) leaked!
Processing areas...done (0)
Building Faces...done (0)
FixTjuncs...
PruneNodes...
WriteBSP...
done (0)
*** Error: Skybox vtf files for skybox/sky_tf2_04 weren't compiled with the same size texture and/or same flags!
Can't load skybox file skybox/sky_tf2_04 to build the default cubemap!
*** Error: Skybox vtf files for skybox/sky_tf2_04 weren't compiled with the same size texture and/or same flags!
Can't load skybox file skybox/sky_tf2_04 to build the default cubemap!
Finding displacement neighbors...
Finding lightmap sample positions...
Displacement Alpha : 0...1...2...3...4...5...6...7...8...9...10
Building Physics collision data...
done (0) (10571 bytes)
Placing detail props : 0...1...2...3...4...5...6...7...8...9...10
Compacting texture/material tables...
Reduced 13 texinfos to 9
Reduced 3 texdatas to 3 (66 bytes to 66)
Writing C:\Users\Owner\Documents\TF2-Maps\Choke\tdm_choke.bsp
MSG_FILEWRITE - Filesystem was asked to write to 'C:\Users\Owner\Documents\TF2-Maps\Choke\tdm_choke.bsp', but we don't own that location. Allowing.
ZIP Output overshot buffer estimate: Estimated 0, actual 54
0 seconds elapsed



4 threads
reading c:\users\owner\documents\tf2-maps\choke\tdm_choke.bsp
reading c:\users\owner\documents\tf2-maps\choke\tdm_choke.prt
LoadPortals: couldn't read c:\users\owner\documents\tf2-maps\choke\tdm_choke.prt



[Reading texlights from 'lights.rad']
[56 texlights parsed from 'lights.rad']

Loading c:\users\owner\documents\tf2-maps\choke\tdm_choke.bsp
No vis information, direct lighting only.
240 faces
177834 square feet [25608192.00 square inches]
0 Displacements
0 Square Feet [0.00 Square Inches]
1 direct lights
0...1...2...3...4...5...6...7...8...9...10Build Patch/Sample Hash Table(s).....Done<0.0017 sec>
0...1...2...3...4...5...6...7...8...9...10FinalLightFace Done
0 of 0 (0% of) surface lights went in leaf ambient cubes.
0...1...2...3...4...5...6...7...8...9...10Writing leaf ambient...done
Ready to Finish

Object names       Objects/Maxobjs  Memory / Maxmem  Fullness 
------------       ---------------  ---------------  -------- 
models                   1/1024           48/49152    ( 0.1%) 
brushes                 30/8192          360/98304    ( 0.4%) 
brushsides             180/65536        1440/524288   ( 0.3%) 
planes                  66/65536        1320/1310720  ( 0.1%) 
vertexes               259/65536        3108/786432   ( 0.4%) 
nodes                  177/65536        5664/2097152  ( 0.3%) 
texinfos                 9/12288         648/884736   ( 0.1%) 
texdata                  3/2048           96/65536    ( 0.1%) 
dispinfos                0/0               0/0        ( 0.0%) 
disp_verts               0/0               0/0        ( 0.0%) 
disp_tris                0/0               0/0        ( 0.0%) 
disp_lmsamples           0/0               0/0        ( 0.0%) 
faces                  240/65536       13440/3670016  ( 0.4%) 
hdr faces                0/65536           0/3670016  ( 0.0%) 
origfaces              120/65536        6720/3670016  ( 0.2%) 
leaves                 179/65536        5728/2097152  ( 0.3%) 
leaffaces              266/65536         532/131072   ( 0.4%) 
leafbrushes             70/65536         140/131072   ( 0.1%) 
areas                    2/256            16/2048     ( 0.8%) 
surfedges             1574/512000       6296/2048000  ( 0.3%) 
edges                  897/256000       3588/1024000  ( 0.4%) 
LDR worldlights          1/8192           88/720896   ( 0.0%) 
HDR worldlights          0/8192            0/720896   ( 0.0%) 
leafwaterdata            0/32768           0/393216   ( 0.0%) 
waterstrips             12/32768         120/327680   ( 0.0%) 
waterverts               0/65536           0/786432   ( 0.0%) 
waterindices           144/65536         288/131072   ( 0.2%) 
cubemapsamples           0/1024            0/16384    ( 0.0%) 
overlays                 0/512             0/180224   ( 0.0%) 
LDR lightdata         [variable]      226100/0        ( 0.0%) 
HDR lightdata         [variable]           0/0        ( 0.0%) 
visdata               [variable]           0/16777216 ( 0.0%) 
entdata               [variable]         678/393216   ( 0.2%) 
LDR ambient table      179/65536         716/262144   ( 0.3%) 
HDR ambient table      179/65536         716/262144   ( 0.3%) 
LDR leaf ambient       194/65536        5432/1835008  ( 0.3%) 
HDR leaf ambient       179/65536        5012/1835008  ( 0.3%) 
occluders                0/0               0/0        ( 0.0%) 
occluder polygons        0/0               0/0        ( 0.0%) 
occluder vert ind        0/0               0/0        ( 0.0%) 
detail props          [variable]           1/12       ( 8.3%) 
static props          [variable]           1/12       ( 8.3%) 
pakfile               [variable]          54/0        ( 0.0%) 
physics               [variable]       10571/4194304  ( 0.3%) 
physics terrain       [variable]           2/1048576  ( 0.0%) 

Level flags = 0

Total triangle count: 614
Writing c:\users\owner\documents\tf2-maps\choke\tdm_choke.bsp
ZIP Output overshot buffer estimate: Estimated 0, actual 54
0 seconds elapsed



materialPath: C:\Program Files (x86)\Steam\steamapps\common\Team Fortress 2\tf\materials
Loading C:\Users\Owner\Documents\TF2-Maps\Choke\tdm_choke.vmf
fixing up env_cubemap materials on brush sides...
0...1...2...3...4...5...6...7...8...9...10**** leaked ****
Entity light (-448.00 -448.00 256.00) leaked!
Processing areas...done (0)
Building Faces...done (0)
FixTjuncs...
PruneNodes...
WriteBSP...
done (0)
*** Error: Skybox vtf files for skybox/sky_tf2_04 weren't compiled with the same size texture and/or same flags!
Can't load skybox file skybox/sky_tf2_04 to build the default cubemap!
*** Error: Skybox vtf files for skybox/sky_tf2_04 weren't compiled with the same size texture and/or same flags!
Can't load skybox file skybox/sky_tf2_04 to build the default cubemap!
Finding displacement neighbors...
Finding lightmap sample positions...
Displacement Alpha : 0...1...2...3...4...5...6...7...8...9...10
Building Physics collision data...
done (0) (10571 bytes)
Placing detail props : 0...1...2...3...4...5...6...7...8...9...10
Compacting texture/material tables...
Reduced 13 texinfos to 9
Reduced 3 texdatas to 3 (66 bytes to 66)
Writing C:\Users\Owner\Documents\TF2-Maps\Choke\tdm_choke.bsp
MSG_FILEWRITE - Filesystem was asked to write to 'C:\Users\Owner\Documents\TF2-Maps\Choke\tdm_choke.bsp', but we don't own that location. Allowing.
ZIP Output overshot buffer estimate: Estimated 0, actual 54
0 seconds elapsed



4 threads
reading c:\users\owner\documents\tf2-maps\choke\tdm_choke.bsp
reading c:\users\owner\documents\tf2-maps\choke\tdm_choke.prt
LoadPortals: couldn't read c:\users\owner\documents\tf2-maps\choke\tdm_choke.prt



[Reading texlights from 'lights.rad']
[56 texlights parsed from 'lights.rad']

Loading c:\users\owner\documents\tf2-maps\choke\tdm_choke.bsp
No vis information, direct lighting only.
240 faces
177834 square feet [25608192.00 square inches]
0 Displacements
0 Square Feet [0.00 Square Inches]
5 direct lights
0...1...2...3...4...5...6...7...8...9...10Build Patch/Sample Hash Table(s).....Done<0.0017 sec>
0...1...2...3...4...5...6...7...8...9...10FinalLightFace Done
0 of 0 (0% of) surface lights went in leaf ambient cubes.
0...1...2...3...4...5...6...7...8...9...10Writing leaf ambient...done
Ready to Finish

Object names       Objects/Maxobjs  Memory / Maxmem  Fullness 
------------       ---------------  ---------------  -------- 
models                   1/1024           48/49152    ( 0.1%) 
brushes                 30/8192          360/98304    ( 0.4%) 
brushsides             180/65536        1440/524288   ( 0.3%) 
planes                  66/65536        1320/1310720  ( 0.1%) 
vertexes               259/65536        3108/786432   ( 0.4%) 
nodes                  177/65536        5664/2097152  ( 0.3%) 
texinfos                 9/12288         648/884736   ( 0.1%) 
texdata                  3/2048           96/65536    ( 0.1%) 
dispinfos                0/0               0/0        ( 0.0%) 
disp_verts               0/0               0/0        ( 0.0%) 
disp_tris                0/0               0/0        ( 0.0%) 
disp_lmsamples           0/0               0/0        ( 0.0%) 
faces                  240/65536       13440/3670016  ( 0.4%) 
hdr faces                0/65536           0/3670016  ( 0.0%) 
origfaces              120/65536        6720/3670016  ( 0.2%) 
leaves                 179/65536        5728/2097152  ( 0.3%) 
leaffaces              266/65536         532/131072   ( 0.4%) 
leafbrushes             70/65536         140/131072   ( 0.1%) 
areas                    2/256            16/2048     ( 0.8%) 
surfedges             1574/512000       6296/2048000  ( 0.3%) 
edges                  897/256000       3588/1024000  ( 0.4%) 
LDR worldlights          5/8192          440/720896   ( 0.1%) 
HDR worldlights          0/8192            0/720896   ( 0.0%) 
leafwaterdata            0/32768           0/393216   ( 0.0%) 
waterstrips             12/32768         120/327680   ( 0.0%) 
waterverts               0/65536           0/786432   ( 0.0%) 
waterindices           144/65536         288/131072   ( 0.2%) 
cubemapsamples           0/1024            0/16384    ( 0.0%) 
overlays                 0/512             0/180224   ( 0.0%) 
LDR lightdata         [variable]      226100/0        ( 0.0%) 
HDR lightdata         [variable]           0/0        ( 0.0%) 
visdata               [variable]           0/16777216 ( 0.0%) 
entdata               [variable]        1975/393216   ( 0.5%) 
LDR ambient table      179/65536         716/262144   ( 0.3%) 
HDR ambient table      179/65536         716/262144   ( 0.3%) 
LDR leaf ambient       225/65536        6300/1835008  ( 0.3%) 
HDR leaf ambient       179/65536        5012/1835008  ( 0.3%) 
occluders                0/0               0/0        ( 0.0%) 
occluder polygons        0/0               0/0        ( 0.0%) 
occluder vert ind        0/0               0/0        ( 0.0%) 
detail props          [variable]           1/12       ( 8.3%) 
static props          [variable]           1/12       ( 8.3%) 
pakfile               [variable]          54/0        ( 0.0%) 
physics               [variable]       10571/4194304  ( 0.3%) 
physics terrain       [variable]           2/1048576  ( 0.0%) 

Level flags = 0

Total triangle count: 614
Writing c:\users\owner\documents\tf2-maps\choke\tdm_choke.bsp
ZIP Output overshot buffer estimate: Estimated 0, actual 54
1 second elapsed



[Reading texlights from 'lights.rad']
[56 texlights parsed from 'lights.rad']

Loading c:\users\owner\documents\tf2-maps\choke\tdm_choke.bsp
No vis information, direct lighting only.
240 faces
177834 square feet [25608192.00 square inches]
0 Displacements
0 Square Feet [0.00 Square Inches]
5 direct lights
0...1...2...3...4...5...6...7...8...9...10Build Patch/Sample Hash Table(s).....Done<0.0016 sec>
0...1...2...3...4...5...6...7...8...9...10FinalLightFace Done
0 of 0 (0% of) surface lights went in leaf ambient cubes.
0...1...2...3...4...5...6...7...8...9...10Writing leaf ambient...done
Ready to Finish

Object names       Objects/Maxobjs  Memory / Maxmem  Fullness 
------------       ---------------  ---------------  -------- 
models                   1/1024           48/49152    ( 0.1%) 
brushes                 30/8192          360/98304    ( 0.4%) 
brushsides             180/65536        1440/524288   ( 0.3%) 
planes                  66/65536        1320/1310720  ( 0.1%) 
vertexes               259/65536        3108/786432   ( 0.4%) 
nodes                  177/65536        5664/2097152  ( 0.3%) 
texinfos                 9/12288         648/884736   ( 0.1%) 
texdata                  3/2048           96/65536    ( 0.1%) 
dispinfos                0/0               0/0        ( 0.0%) 
disp_verts               0/0               0/0        ( 0.0%) 
disp_tris                0/0               0/0        ( 0.0%) 
disp_lmsamples           0/0               0/0        ( 0.0%) 
faces                  240/65536       13440/3670016  ( 0.4%) 
hdr faces              240/65536       13440/3670016  ( 0.4%) 
origfaces              120/65536        6720/3670016  ( 0.2%) 
leaves                 179/65536        5728/2097152  ( 0.3%) 
leaffaces              266/65536         532/131072   ( 0.4%) 
leafbrushes             70/65536         140/131072   ( 0.1%) 
areas                    2/256            16/2048     ( 0.8%) 
surfedges             1574/512000       6296/2048000  ( 0.3%) 
edges                  897/256000       3588/1024000  ( 0.4%) 
LDR worldlights          5/8192          440/720896   ( 0.1%) 
HDR worldlights          5/8192          440/720896   ( 0.1%) 
leafwaterdata            0/32768           0/393216   ( 0.0%) 
waterstrips             12/32768         120/327680   ( 0.0%) 
waterverts               0/65536           0/786432   ( 0.0%) 
waterindices           144/65536         288/131072   ( 0.2%) 
cubemapsamples           0/1024            0/16384    ( 0.0%) 
overlays                 0/512             0/180224   ( 0.0%) 
LDR lightdata         [variable]      226100/0        ( 0.0%) 
HDR lightdata         [variable]      226100/0        ( 0.0%) 
visdata               [variable]           0/16777216 ( 0.0%) 
entdata               [variable]        1975/393216   ( 0.5%) 
LDR ambient table      179/65536         716/262144   ( 0.3%) 
HDR ambient table      179/65536         716/262144   ( 0.3%) 
LDR leaf ambient       225/65536        6300/1835008  ( 0.3%) 
HDR leaf ambient       360/65536       10080/1835008  ( 0.5%) 
occluders                0/0               0/0        ( 0.0%) 
occluder polygons        0/0               0/0        ( 0.0%) 
occluder vert ind        0/0               0/0        ( 0.0%) 
detail props          [variable]           1/12       ( 8.3%) 
static props          [variable]           1/12       ( 8.3%) 
pakfile               [variable]          54/0        ( 0.0%) 
physics               [variable]       10571/4194304  ( 0.3%) 
physics terrain       [variable]           2/1048576  ( 0.0%) 

Level flags = 0

Total triangle count: 614
Writing c:\users\owner\documents\tf2-maps\choke\tdm_choke.bsp
ZIP Output overshot buffer estimate: Estimated 0, actual 54
1 second elapsed



materialPath: C:\Program Files (x86)\Steam\steamapps\common\Team Fortress 2\tf\materials
Loading C:\Users\Owner\Documents\TF2-Maps\Choke\tdm_choke.vmf
fixing up env_cubemap materials on brush sides...
0...1...2...3...4...5...6...7...8...9...10**** leaked ****
Entity light_environment (-1.00 -222.08 577.01) leaked!
Processing areas...done (0)
Building Faces...done (0)
FixTjuncs...
PruneNodes...
WriteBSP...
done (0)
Creating default LDR cubemaps for env_cubemap using skybox materials:
   skybox/sky_hydro_01*.vmt
 ! Run buildcubemaps in the engine to get the correct cube maps.
Creating default HDR cubemaps for env_cubemap using skybox materials:
   skybox/sky_hydro_01*.vmt
 ! Run buildcubemaps in the engine to get the correct cube maps.
Finding displacement neighbors...
Finding lightmap sample positions...
Displacement Alpha : 0...1...2...3...4...5...6...7...8...9...10
Building Physics collision data...
done (0) (10571 bytes)
Placing detail props : 0...1...2...3...4...5...6...7...8...9...10
Compacting texture/material tables...
Reduced 13 texinfos to 9
Reduced 3 texdatas to 3 (66 bytes to 66)
Writing C:\Users\Owner\Documents\TF2-Maps\Choke\tdm_choke.bsp
MSG_FILEWRITE - Filesystem was asked to write to 'C:\Users\Owner\Documents\TF2-Maps\Choke\tdm_choke.bsp', but we don't own that location. Allowing.
Wrote ZIP buffer, estimated size 105881, actual size 105667
0 seconds elapsed



4 threads
reading c:\users\owner\documents\tf2-maps\choke\tdm_choke.bsp
reading c:\users\owner\documents\tf2-maps\choke\tdm_choke.prt
LoadPortals: couldn't read c:\users\owner\documents\tf2-maps\choke\tdm_choke.prt



[Reading texlights from 'lights.rad']
[56 texlights parsed from 'lights.rad']

Loading c:\users\owner\documents\tf2-maps\choke\tdm_choke.bsp
No vis information, direct lighting only.
240 faces
177834 square feet [25608192.00 square inches]
0 Displacements
0 Square Feet [0.00 Square Inches]
7 direct lights
0...1...2...3...4...5...6...7...8...9...10Build Patch/Sample Hash Table(s).....Done<0.0017 sec>
0...1...2...3...4...5...6...7...8...9...10FinalLightFace Done
0 of 0 (0% of) surface lights went in leaf ambient cubes.
0...1...2...3...4...5...6...7...8...9...10Writing leaf ambient...done
Ready to Finish

Object names       Objects/Maxobjs  Memory / Maxmem  Fullness 
------------       ---------------  ---------------  -------- 
models                   1/1024           48/49152    ( 0.1%) 
brushes                 30/8192          360/98304    ( 0.4%) 
brushsides             180/65536        1440/524288   ( 0.3%) 
planes                  66/65536        1320/1310720  ( 0.1%) 
vertexes               259/65536        3108/786432   ( 0.4%) 
nodes                  177/65536        5664/2097152  ( 0.3%) 
texinfos                 9/12288         648/884736   ( 0.1%) 
texdata                  3/2048           96/65536    ( 0.1%) 
dispinfos                0/0               0/0        ( 0.0%) 
disp_verts               0/0               0/0        ( 0.0%) 
disp_tris                0/0               0/0        ( 0.0%) 
disp_lmsamples           0/0               0/0        ( 0.0%) 
faces                  240/65536       13440/3670016  ( 0.4%) 
hdr faces                0/65536           0/3670016  ( 0.0%) 
origfaces              120/65536        6720/3670016  ( 0.2%) 
leaves                 179/65536        5728/2097152  ( 0.3%) 
leaffaces              266/65536         532/131072   ( 0.4%) 
leafbrushes             70/65536         140/131072   ( 0.1%) 
areas                    2/256            16/2048     ( 0.8%) 
surfedges             1574/512000       6296/2048000  ( 0.3%) 
edges                  897/256000       3588/1024000  ( 0.4%) 
LDR worldlights          7/8192          616/720896   ( 0.1%) 
HDR worldlights          0/8192            0/720896   ( 0.0%) 
leafwaterdata            0/32768           0/393216   ( 0.0%) 
waterstrips             12/32768         120/327680   ( 0.0%) 
waterverts               0/65536           0/786432   ( 0.0%) 
waterindices           144/65536         288/131072   ( 0.2%) 
cubemapsamples           0/1024            0/16384    ( 0.0%) 
overlays                 0/512             0/180224   ( 0.0%) 
LDR lightdata         [variable]      226100/0        ( 0.0%) 
HDR lightdata         [variable]           0/0        ( 0.0%) 
visdata               [variable]           0/16777216 ( 0.0%) 
entdata               [variable]        2274/393216   ( 0.6%) 
LDR ambient table      179/65536         716/262144   ( 0.3%) 
HDR ambient table      179/65536         716/262144   ( 0.3%) 
LDR leaf ambient      1487/65536       41636/1835008  ( 2.3%) 
HDR leaf ambient       179/65536        5012/1835008  ( 0.3%) 
occluders                0/0               0/0        ( 0.0%) 
occluder polygons        0/0               0/0        ( 0.0%) 
occluder vert ind        0/0               0/0        ( 0.0%) 
detail props          [variable]           1/12       ( 8.3%) 
static props          [variable]           1/12       ( 8.3%) 
pakfile               [variable]      105667/0        ( 0.0%) 
physics               [variable]       10571/4194304  ( 0.3%) 
physics terrain       [variable]           2/1048576  ( 0.0%) 

Level flags = 0

Total triangle count: 614
Writing c:\users\owner\documents\tf2-maps\choke\tdm_choke.bsp
1 second elapsed



[Reading texlights from 'lights.rad']
[56 texlights parsed from 'lights.rad']

Loading c:\users\owner\documents\tf2-maps\choke\tdm_choke.bsp
No vis information, direct lighting only.
240 faces
177834 square feet [25608192.00 square inches]
0 Displacements
0 Square Feet [0.00 Square Inches]
7 direct lights
0...1...2...3...4...5...6...7...8...9...10Build Patch/Sample Hash Table(s).....Done<0.0016 sec>
0...1...2...3...4...5...6...7...8...9...10FinalLightFace Done
0 of 0 (0% of) surface lights went in leaf ambient cubes.
0...1...2...3...4...5...6...7...8...9...10Writing leaf ambient...done
Ready to Finish

Object names       Objects/Maxobjs  Memory / Maxmem  Fullness 
------------       ---------------  ---------------  -------- 
models                   1/1024           48/49152    ( 0.1%) 
brushes                 30/8192          360/98304    ( 0.4%) 
brushsides             180/65536        1440/524288   ( 0.3%) 
planes                  66/65536        1320/1310720  ( 0.1%) 
vertexes               259/65536        3108/786432   ( 0.4%) 
nodes                  177/65536        5664/2097152  ( 0.3%) 
texinfos                 9/12288         648/884736   ( 0.1%) 
texdata                  3/2048           96/65536    ( 0.1%) 
dispinfos                0/0               0/0        ( 0.0%) 
disp_verts               0/0               0/0        ( 0.0%) 
disp_tris                0/0               0/0        ( 0.0%) 
disp_lmsamples           0/0               0/0        ( 0.0%) 
faces                  240/65536       13440/3670016  ( 0.4%) 
hdr faces              240/65536       13440/3670016  ( 0.4%) 
origfaces              120/65536        6720/3670016  ( 0.2%) 
leaves                 179/65536        5728/2097152  ( 0.3%) 
leaffaces              266/65536         532/131072   ( 0.4%) 
leafbrushes             70/65536         140/131072   ( 0.1%) 
areas                    2/256            16/2048     ( 0.8%) 
surfedges             1574/512000       6296/2048000  ( 0.3%) 
edges                  897/256000       3588/1024000  ( 0.4%) 
LDR worldlights          7/8192          616/720896   ( 0.1%) 
HDR worldlights          7/8192          616/720896   ( 0.1%) 
leafwaterdata            0/32768           0/393216   ( 0.0%) 
waterstrips             12/32768         120/327680   ( 0.0%) 
waterverts               0/65536           0/786432   ( 0.0%) 
waterindices           144/65536         288/131072   ( 0.2%) 
cubemapsamples           0/1024            0/16384    ( 0.0%) 
overlays                 0/512             0/180224   ( 0.0%) 
LDR lightdata         [variable]      226100/0        ( 0.0%) 
HDR lightdata         [variable]      226100/0        ( 0.0%) 
visdata               [variable]           0/16777216 ( 0.0%) 
entdata               [variable]        2274/393216   ( 0.6%) 
LDR ambient table      179/65536         716/262144   ( 0.3%) 
HDR ambient table      179/65536         716/262144   ( 0.3%) 
LDR leaf ambient      1487/65536       41636/1835008  ( 2.3%) 
HDR leaf ambient      1488/65536       41664/1835008  ( 2.3%) 
occluders                0/0               0/0        ( 0.0%) 
occluder polygons        0/0               0/0        ( 0.0%) 
occluder vert ind        0/0               0/0        ( 0.0%) 
detail props          [variable]           1/12       ( 8.3%) 
static props          [variable]           1/12       ( 8.3%) 
pakfile               [variable]      105667/0        ( 0.0%) 
physics               [variable]       10571/4194304  ( 0.3%) 
physics terrain       [variable]           2/1048576  ( 0.0%) 

Level flags = 0

Total triangle count: 614
Writing c:\users\owner\documents\tf2-maps\choke\tdm_choke.bsp
1 second elapsed



materialPath: C:\Program Files (x86)\Steam\steamapps\common\Team Fortress 2\tf\materials
Loading C:\Users\Owner\Documents\TF2-Maps\Choke\tdm_choke.vmf
fixing up env_cubemap materials on brush sides...
0...1...2...3...4...5...6...7...8...9...100...1...2...3...4...5...6...7...8...9...10Processing areas...done (0)
Building Faces...done (0)
FixTjuncs...
PruneNodes...
WriteBSP...
done (0)
writing C:\Users\Owner\Documents\TF2-Maps\Choke\tdm_choke.prt...Building visibility clusters...
done (0)
Creating default LDR cubemaps for env_cubemap using skybox materials:
   skybox/sky_hydro_01*.vmt
 ! Run buildcubemaps in the engine to get the correct cube maps.
Creating default HDR cubemaps for env_cubemap using skybox materials:
   skybox/sky_hydro_01*.vmt
 ! Run buildcubemaps in the engine to get the correct cube maps.
Finding displacement neighbors...
Finding lightmap sample positions...
Displacement Alpha : 0...1...2...3...4...5...6...7...8...9...10
Building Physics collision data...
done (0) (9523 bytes)
Placing detail props : 0...1...2...3...4...5...6...7...8...9...10
Compacting texture/material tables...
Reduced 20 texinfos to 18
Reduced 6 texdatas to 6 (156 bytes to 156)
Writing C:\Users\Owner\Documents\TF2-Maps\Choke\tdm_choke.bsp
MSG_FILEWRITE - Filesystem was asked to write to 'C:\Users\Owner\Documents\TF2-Maps\Choke\tdm_choke.bsp', but we don't own that location. Allowing.
Wrote ZIP buffer, estimated size 105881, actual size 105667
0 seconds elapsed



4 threads
reading c:\users\owner\documents\tf2-maps\choke\tdm_choke.bsp
reading c:\users\owner\documents\tf2-maps\choke\tdm_choke.prt
  48 portalclusters
 102 numportals
0...1...2...3...4...5...6...7...8...9...10Optimized: 0 visible clusters (0.00%)
Total clusters visible: 2214
Average clusters visible: 46
Building PAS...
Average clusters audible: 48
visdatasize:964  compressed from 768
writing c:\users\owner\documents\tf2-maps\choke\tdm_choke.bsp
MSG_FILEWRITE - Filesystem was asked to write to 'c:\users\owner\documents\tf2-maps\choke\tdm_choke.bsp', but we don't own that location. Allowing.
0 seconds elapsed



[Reading texlights from 'lights.rad']
[56 texlights parsed from 'lights.rad']

Loading c:\users\owner\documents\tf2-maps\choke\tdm_choke.bsp
177 faces
107633 square feet [15499264.00 square inches]
0 Displacements
0 Square Feet [0.00 Square Inches]
177 patches before subdivision
12903 patches after subdivision
7 direct lights
0...1...2...3...4...5...6...7...8...9...100...1...2...3...4...5...6...7...8...9...10transfers 1143127, max 278
transfer lists:   8.7 megs
0...1...2...3...4...5...6...7...8...9...10	Bounce #1 added RGB(116489, 84485, 106383)
0...1...2...3...4...5...6...7...8...9...10	Bounce #2 added RGB(10105, 7191, 8964)
0...1...2...3...4...5...6...7...8...9...10	Bounce #3 added RGB(1062, 720, 894)
0...1...2...3...4...5...6...7...8...9...10	Bounce #4 added RGB(111, 76, 93)
0...1...2...3...4...5...6...7...8...9...10	Bounce #5 added RGB(12, 8, 10)
0...1...2...3...4...5...6...7...8...9...10	Bounce #6 added RGB(1, 1, 1)
0...1...2...3...4...5...6...7...8...9...10	Bounce #7 added RGB(0, 0, 0)
Build Patch/Sample Hash Table(s).....Done<0.0018 sec>
0...1...2...3...4...5...6...7...8...9...10FinalLightFace Done
0 of 0 (0% of) surface lights went in leaf ambient cubes.
0...1...2...3...4...5...6...7...8...9...10Writing leaf ambient...done
Ready to Finish

Object names       Objects/Maxobjs  Memory / Maxmem  Fullness 
------------       ---------------  ---------------  -------- 
models                   1/1024           48/49152    ( 0.1%) 
brushes                 27/8192          324/98304    ( 0.3%) 
brushsides             162/65536        1296/524288   ( 0.2%) 
planes                  66/65536        1320/1310720  ( 0.1%) 
vertexes               192/65536        2304/786432   ( 0.3%) 
nodes                  113/65536        3616/2097152  ( 0.2%) 
texinfos                18/12288        1296/884736   ( 0.1%) 
texdata                  6/2048          192/65536    ( 0.3%) 
dispinfos                0/0               0/0        ( 0.0%) 
disp_verts               0/0               0/0        ( 0.0%) 
disp_tris                0/0               0/0        ( 0.0%) 
disp_lmsamples           0/0               0/0        ( 0.0%) 
faces                  177/65536        9912/3670016  ( 0.3%) 
hdr faces                0/65536           0/3670016  ( 0.0%) 
origfaces               80/65536        4480/3670016  ( 0.1%) 
leaves                 115/65536        3680/2097152  ( 0.2%) 
leaffaces              192/65536         384/131072   ( 0.3%) 
leafbrushes             76/65536         152/131072   ( 0.1%) 
areas                    2/256            16/2048     ( 0.8%) 
surfedges             1126/512000       4504/2048000  ( 0.2%) 
edges                  670/256000       2680/1024000  ( 0.3%) 
LDR worldlights          7/8192          616/720896   ( 0.1%) 
HDR worldlights          0/8192            0/720896   ( 0.0%) 
leafwaterdata            0/32768           0/393216   ( 0.0%) 
waterstrips             16/32768         160/327680   ( 0.0%) 
waterverts               0/65536           0/786432   ( 0.0%) 
waterindices           198/65536         396/131072   ( 0.3%) 
cubemapsamples           0/1024            0/16384    ( 0.0%) 
overlays                 0/512             0/180224   ( 0.0%) 
LDR lightdata         [variable]      173772/0        ( 0.0%) 
HDR lightdata         [variable]           0/0        ( 0.0%) 
visdata               [variable]         964/16777216 ( 0.0%) 
entdata               [variable]        2274/393216   ( 0.6%) 
LDR ambient table      115/65536         460/262144   ( 0.2%) 
HDR ambient table      115/65536         460/262144   ( 0.2%) 
LDR leaf ambient       656/65536       18368/1835008  ( 1.0%) 
HDR leaf ambient       115/65536        3220/1835008  ( 0.2%) 
occluders                0/0               0/0        ( 0.0%) 
occluder polygons        0/0               0/0        ( 0.0%) 
occluder vert ind        0/0               0/0        ( 0.0%) 
detail props          [variable]           1/12       ( 8.3%) 
static props          [variable]           1/12       ( 8.3%) 
pakfile               [variable]      105667/0        ( 0.0%) 
physics               [variable]        9523/4194304  ( 0.2%) 
physics terrain       [variable]           2/1048576  ( 0.0%) 

Level flags = 0

Total triangle count: 452
Writing c:\users\owner\documents\tf2-maps\choke\tdm_choke.bsp
0 seconds elapsed



[Reading texlights from 'lights.rad']
[56 texlights parsed from 'lights.rad']

Loading c:\users\owner\documents\tf2-maps\choke\tdm_choke.bsp
177 faces
107633 square feet [15499264.00 square inches]
0 Displacements
0 Square Feet [0.00 Square Inches]
177 patches before subdivision
12903 patches after subdivision
7 direct lights
0...1...2...3...4...5...6...7...8...9...100...1...2...3...4...5...6...7...8...9...10transfers 1143127, max 278
transfer lists:   8.7 megs
0...1...2...3...4...5...6...7...8...9...10	Bounce #1 added RGB(223711, 189612, 211558)
0...1...2...3...4...5...6...7...8...9...10	Bounce #2 added RGB(22914, 19510, 21302)
0...1...2...3...4...5...6...7...8...9...10	Bounce #3 added RGB(2581, 2153, 2330)
0...1...2...3...4...5...6...7...8...9...10	Bounce #4 added RGB(290, 242, 259)
0...1...2...3...4...5...6...7...8...9...10	Bounce #5 added RGB(33, 27, 29)
0...1...2...3...4...5...6...7...8...9...10	Bounce #6 added RGB(4, 3, 3)
0...1...2...3...4...5...6...7...8...9...10	Bounce #7 added RGB(0, 0, 0)
Build Patch/Sample Hash Table(s).....Done<0.0018 sec>
0...1...2...3...4...5...6...7...8...9...10FinalLightFace Done
0 of 0 (0% of) surface lights went in leaf ambient cubes.
0...1...2...3...4...5...6...7...8...9...10Writing leaf ambient...done
Ready to Finish

Object names       Objects/Maxobjs  Memory / Maxmem  Fullness 
------------       ---------------  ---------------  -------- 
models                   1/1024           48/49152    ( 0.1%) 
brushes                 27/8192          324/98304    ( 0.3%) 
brushsides             162/65536        1296/524288   ( 0.2%) 
planes                  66/65536        1320/1310720  ( 0.1%) 
vertexes               192/65536        2304/786432   ( 0.3%) 
nodes                  113/65536        3616/2097152  ( 0.2%) 
texinfos                18/12288        1296/884736   ( 0.1%) 
texdata                  6/2048          192/65536    ( 0.3%) 
dispinfos                0/0               0/0        ( 0.0%) 
disp_verts               0/0               0/0        ( 0.0%) 
disp_tris                0/0               0/0        ( 0.0%) 
disp_lmsamples           0/0               0/0        ( 0.0%) 
faces                  177/65536        9912/3670016  ( 0.3%) 
hdr faces              177/65536        9912/3670016  ( 0.3%) 
origfaces               80/65536        4480/3670016  ( 0.1%) 
leaves                 115/65536        3680/2097152  ( 0.2%) 
leaffaces              192/65536         384/131072   ( 0.3%) 
leafbrushes             76/65536         152/131072   ( 0.1%) 
areas                    2/256            16/2048     ( 0.8%) 
surfedges             1126/512000       4504/2048000  ( 0.2%) 
edges                  670/256000       2680/1024000  ( 0.3%) 
LDR worldlights          7/8192          616/720896   ( 0.1%) 
HDR worldlights          7/8192          616/720896   ( 0.1%) 
leafwaterdata            0/32768           0/393216   ( 0.0%) 
waterstrips             16/32768         160/327680   ( 0.0%) 
waterverts               0/65536           0/786432   ( 0.0%) 
waterindices           198/65536         396/131072   ( 0.3%) 
cubemapsamples           0/1024            0/16384    ( 0.0%) 
overlays                 0/512             0/180224   ( 0.0%) 
LDR lightdata         [variable]      173772/0        ( 0.0%) 
HDR lightdata         [variable]      173772/0        ( 0.0%) 
visdata               [variable]         964/16777216 ( 0.0%) 
entdata               [variable]        2274/393216   ( 0.6%) 
LDR ambient table      115/65536         460/262144   ( 0.2%) 
HDR ambient table      115/65536         460/262144   ( 0.2%) 
LDR leaf ambient       656/65536       18368/1835008  ( 1.0%) 
HDR leaf ambient       655/65536       18340/1835008  ( 1.0%) 
occluders                0/0               0/0        ( 0.0%) 
occluder polygons        0/0               0/0        ( 0.0%) 
occluder vert ind        0/0               0/0        ( 0.0%) 
detail props          [variable]           1/12       ( 8.3%) 
static props          [variable]           1/12       ( 8.3%) 
pakfile               [variable]      105667/0        ( 0.0%) 
physics               [variable]        9523/4194304  ( 0.2%) 
physics terrain       [variable]           2/1048576  ( 0.0%) 

Level flags = 0

Total triangle count: 452
Writing c:\users\owner\documents\tf2-maps\choke\tdm_choke.bsp
0 seconds elapsed



materialPath: C:\Program Files (x86)\Steam\steamapps\common\Team Fortress 2\tf\materials
Loading C:\Users\Owner\Documents\TF2-Maps\Choke\tdm_choke.vmf
fixing up env_cubemap materials on brush sides...
0...1...2...3...4...5...6...7...8...9...10**** leaked ****
Entity filter_activator_tfteam (29.01 47.77 641.01) leaked!
Processing areas...done (0)
Building Faces...done (0)
FixTjuncs...
PruneNodes...
WriteBSP...
done (0)
Creating default LDR cubemaps for env_cubemap using skybox materials:
   skybox/sky_hydro_01*.vmt
 ! Run buildcubemaps in the engine to get the correct cube maps.
Creating default HDR cubemaps for env_cubemap using skybox materials:
   skybox/sky_hydro_01*.vmt
 ! Run buildcubemaps in the engine to get the correct cube maps.
Finding displacement neighbors...
Finding lightmap sample positions...
Displacement Alpha : 0...1...2...3...4...5...6...7...8...9...10
Building Physics collision data...
done (0) (11745 bytes)
Placing detail props : 0...1...2...3...4...5...6...7...8...9...10
Compacting texture/material tables...
Reduced 38 texinfos to 28
Reduced 8 texdatas to 8 (197 bytes to 197)
Writing C:\Users\Owner\Documents\TF2-Maps\Choke\tdm_choke.bsp
MSG_FILEWRITE - Filesystem was asked to write to 'C:\Users\Owner\Documents\TF2-Maps\Choke\tdm_choke.bsp', but we don't own that location. Allowing.
Wrote ZIP buffer, estimated size 105881, actual size 105667
0 seconds elapsed



4 threads
reading c:\users\owner\documents\tf2-maps\choke\tdm_choke.bsp
reading c:\users\owner\documents\tf2-maps\choke\tdm_choke.prt
LoadPortals: couldn't read c:\users\owner\documents\tf2-maps\choke\tdm_choke.prt



[Reading texlights from 'lights.rad']
[56 texlights parsed from 'lights.rad']

Loading c:\users\owner\documents\tf2-maps\choke\tdm_choke.bsp
No vis information, direct lighting only.
272 faces
193308 square feet [27836416.00 square inches]
0 Displacements
0 Square Feet [0.00 Square Inches]
2 direct lights
0...1...2...3...4...5...6...7...8...9...10Build Patch/Sample Hash Table(s).....Done<0.0014 sec>
0...1...2...3...4...5...6...7...8...9...10FinalLightFace Done
0 of 0 (0% of) surface lights went in leaf ambient cubes.
0...1...2...3...4...5...6...7...8...9...10Writing leaf ambient...done
Ready to Finish

Object names       Objects/Maxobjs  Memory / Maxmem  Fullness 
------------       ---------------  ---------------  -------- 
models                   5/1024          240/49152    ( 0.5%) 
brushes                 31/8192          372/98304    ( 0.4%) 
brushsides             186/65536        1488/524288   ( 0.3%) 
planes                 102/65536        2040/1310720  ( 0.2%) 
vertexes               286/65536        3432/786432   ( 0.4%) 
nodes                  199/65536        6368/2097152  ( 0.3%) 
texinfos                28/12288        2016/884736   ( 0.2%) 
texdata                  8/2048          256/65536    ( 0.4%) 
dispinfos                0/0               0/0        ( 0.0%) 
disp_verts               0/0               0/0        ( 0.0%) 
disp_tris                0/0               0/0        ( 0.0%) 
disp_lmsamples           0/0               0/0        ( 0.0%) 
faces                  272/65536       15232/3670016  ( 0.4%) 
hdr faces                0/65536           0/3670016  ( 0.0%) 
origfaces              129/65536        7224/3670016  ( 0.2%) 
leaves                 205/65536        6560/2097152  ( 0.3%) 
leaffaces              284/65536         568/131072   ( 0.4%) 
leafbrushes             76/65536         152/131072   ( 0.1%) 
areas                    3/256            24/2048     ( 1.2%) 
surfedges             1724/512000       6896/2048000  ( 0.3%) 
edges                  981/256000       3924/1024000  ( 0.4%) 
LDR worldlights          2/8192          176/720896   ( 0.0%) 
HDR worldlights          0/8192            0/720896   ( 0.0%) 
leafwaterdata            0/32768           0/393216   ( 0.0%) 
waterstrips             12/32768         120/327680   ( 0.0%) 
waterverts               0/65536           0/786432   ( 0.0%) 
waterindices           150/65536         300/131072   ( 0.2%) 
cubemapsamples           0/1024            0/16384    ( 0.0%) 
overlays                 0/512             0/180224   ( 0.0%) 
LDR lightdata         [variable]      200180/0        ( 0.0%) 
HDR lightdata         [variable]           0/0        ( 0.0%) 
visdata               [variable]           0/16777216 ( 0.0%) 
entdata               [variable]        2362/393216   ( 0.6%) 
LDR ambient table      205/65536         820/262144   ( 0.3%) 
HDR ambient table      205/65536         820/262144   ( 0.3%) 
LDR leaf ambient      1537/65536       43036/1835008  ( 2.3%) 
HDR leaf ambient       205/65536        5740/1835008  ( 0.3%) 
occluders                0/0               0/0        ( 0.0%) 
occluder polygons        0/0               0/0        ( 0.0%) 
occluder vert ind        0/0               0/0        ( 0.0%) 
detail props          [variable]           1/12       ( 8.3%) 
static props          [variable]           1/12       ( 8.3%) 
pakfile               [variable]      105667/0        ( 0.0%) 
physics               [variable]       11745/4194304  ( 0.3%) 
physics terrain       [variable]           2/1048576  ( 0.0%) 

Level flags = 0

Total triangle count: 664
Writing c:\users\owner\documents\tf2-maps\choke\tdm_choke.bsp
1 second elapsed



[Reading texlights from 'lights.rad']
[56 texlights parsed from 'lights.rad']

Loading c:\users\owner\documents\tf2-maps\choke\tdm_choke.bsp
No vis information, direct lighting only.
272 faces
193308 square feet [27836416.00 square inches]
0 Displacements
0 Square Feet [0.00 Square Inches]
2 direct lights
0...1...2...3...4...5...6...7...8...9...10Build Patch/Sample Hash Table(s).....Done<0.0015 sec>
0...1...2...3...4...5...6...7...8...9...10FinalLightFace Done
0 of 0 (0% of) surface lights went in leaf ambient cubes.
0...1...2...3...4...5...6...7...8...9...10Writing leaf ambient...done
Ready to Finish

Object names       Objects/Maxobjs  Memory / Maxmem  Fullness 
------------       ---------------  ---------------  -------- 
models                   5/1024          240/49152    ( 0.5%) 
brushes                 31/8192          372/98304    ( 0.4%) 
brushsides             186/65536        1488/524288   ( 0.3%) 
planes                 102/65536        2040/1310720  ( 0.2%) 
vertexes               286/65536        3432/786432   ( 0.4%) 
nodes                  199/65536        6368/2097152  ( 0.3%) 
texinfos                28/12288        2016/884736   ( 0.2%) 
texdata                  8/2048          256/65536    ( 0.4%) 
dispinfos                0/0               0/0        ( 0.0%) 
disp_verts               0/0               0/0        ( 0.0%) 
disp_tris                0/0               0/0        ( 0.0%) 
disp_lmsamples           0/0               0/0        ( 0.0%) 
faces                  272/65536       15232/3670016  ( 0.4%) 
hdr faces              272/65536       15232/3670016  ( 0.4%) 
origfaces              129/65536        7224/3670016  ( 0.2%) 
leaves                 205/65536        6560/2097152  ( 0.3%) 
leaffaces              284/65536         568/131072   ( 0.4%) 
leafbrushes             76/65536         152/131072   ( 0.1%) 
areas                    3/256            24/2048     ( 1.2%) 
surfedges             1724/512000       6896/2048000  ( 0.3%) 
edges                  981/256000       3924/1024000  ( 0.4%) 
LDR worldlights          2/8192          176/720896   ( 0.0%) 
HDR worldlights          2/8192          176/720896   ( 0.0%) 
leafwaterdata            0/32768           0/393216   ( 0.0%) 
waterstrips             12/32768         120/327680   ( 0.0%) 
waterverts               0/65536           0/786432   ( 0.0%) 
waterindices           150/65536         300/131072   ( 0.2%) 
cubemapsamples           0/1024            0/16384    ( 0.0%) 
overlays                 0/512             0/180224   ( 0.0%) 
LDR lightdata         [variable]      200180/0        ( 0.0%) 
HDR lightdata         [variable]      200180/0        ( 0.0%) 
visdata               [variable]           0/16777216 ( 0.0%) 
entdata               [variable]        2362/393216   ( 0.6%) 
LDR ambient table      205/65536         820/262144   ( 0.3%) 
HDR ambient table      205/65536         820/262144   ( 0.3%) 
LDR leaf ambient      1537/65536       43036/1835008  ( 2.3%) 
HDR leaf ambient      1537/65536       43036/1835008  ( 2.3%) 
occluders                0/0               0/0        ( 0.0%) 
occluder polygons        0/0               0/0        ( 0.0%) 
occluder vert ind        0/0               0/0        ( 0.0%) 
detail props          [variable]           1/12       ( 8.3%) 
static props          [variable]           1/12       ( 8.3%) 
pakfile               [variable]      105667/0        ( 0.0%) 
physics               [variable]       11745/4194304  ( 0.3%) 
physics terrain       [variable]           2/1048576  ( 0.0%) 

Level flags = 0

Total triangle count: 664
Writing c:\users\owner\documents\tf2-maps\choke\tdm_choke.bsp
1 second elapsed



materialPath: C:\Program Files (x86)\Steam\steamapps\common\Team Fortress 2\tf\materials
Loading C:\Users\Owner\Documents\TF2-Maps\Choke\koth_choke.vmf
fixing up env_cubemap materials on brush sides...
0...1...2...3...4...5...6...7...8...9...10**** leaked ****
Entity filter_activator_tfteam (29.01 47.77 641.01) leaked!
Processing areas...done (0)
Building Faces...done (0)
FixTjuncs...
PruneNodes...
WriteBSP...
done (0)
Creating default LDR cubemaps for env_cubemap using skybox materials:
   skybox/sky_hydro_01*.vmt
 ! Run buildcubemaps in the engine to get the correct cube maps.
Creating default HDR cubemaps for env_cubemap using skybox materials:
   skybox/sky_hydro_01*.vmt
 ! Run buildcubemaps in the engine to get the correct cube maps.
Finding displacement neighbors...
Finding lightmap sample positions...
Displacement Alpha : 0...1...2...3...4...5...6...7...8...9...10
Building Physics collision data...
done (0) (12859 bytes)
Placing detail props : 0...1...2...3...4...5...6...7...8...9...10
Compacting texture/material tables...
Reduced 38 texinfos to 31
Reduced 8 texdatas to 8 (197 bytes to 197)
Writing C:\Users\Owner\Documents\TF2-Maps\Choke\koth_choke.bsp
MSG_FILEWRITE - Filesystem was asked to write to 'C:\Users\Owner\Documents\TF2-Maps\Choke\koth_choke.bsp', but we don't own that location. Allowing.
Wrote ZIP buffer, estimated size 105885, actual size 105671
0 seconds elapsed



4 threads
reading c:\users\owner\documents\tf2-maps\choke\koth_choke.bsp
reading c:\users\owner\documents\tf2-maps\choke\koth_choke.prt
LoadPortals: couldn't read c:\users\owner\documents\tf2-maps\choke\koth_choke.prt



[Reading texlights from 'lights.rad']
[56 texlights parsed from 'lights.rad']

Loading c:\users\owner\documents\tf2-maps\choke\koth_choke.bsp
No vis information, direct lighting only.
284 faces
228295 square feet [32874496.00 square inches]
0 Displacements
0 Square Feet [0.00 Square Inches]
2 direct lights
0...1...2...3...4...5...6...7...8...9...10Build Patch/Sample Hash Table(s).....Done<0.0014 sec>
0...1...2...3...4...5...6...7...8...9...10FinalLightFace Done
0 of 0 (0% of) surface lights went in leaf ambient cubes.
0...1...2...3...4...5...6...7...8...9...10Writing leaf ambient...done
Ready to Finish

Object names       Objects/Maxobjs  Memory / Maxmem  Fullness 
------------       ---------------  ---------------  -------- 
models                   7/1024          336/49152    ( 0.7%) 
brushes                 33/8192          396/98304    ( 0.4%) 
brushsides             198/65536        1584/524288   ( 0.3%) 
planes                 104/65536        2080/1310720  ( 0.2%) 
vertexes               302/65536        3624/786432   ( 0.5%) 
nodes                  211/65536        6752/2097152  ( 0.3%) 
texinfos                31/12288        2232/884736   ( 0.3%) 
texdata                  8/2048          256/65536    ( 0.4%) 
dispinfos                0/0               0/0        ( 0.0%) 
disp_verts               0/0               0/0        ( 0.0%) 
disp_tris                0/0               0/0        ( 0.0%) 
disp_lmsamples           0/0               0/0        ( 0.0%) 
faces                  284/65536       15904/3670016  ( 0.4%) 
hdr faces                0/65536           0/3670016  ( 0.0%) 
origfaces              141/65536        7896/3670016  ( 0.2%) 
leaves                 219/65536        7008/2097152  ( 0.3%) 
leaffaces              296/65536         592/131072   ( 0.5%) 
leafbrushes             78/65536         156/131072   ( 0.1%) 
areas                    3/256            24/2048     ( 1.2%) 
surfedges             1820/512000       7280/2048000  ( 0.4%) 
edges                 1029/256000       4116/1024000  ( 0.4%) 
LDR worldlights          2/8192          176/720896   ( 0.0%) 
HDR worldlights          0/8192            0/720896   ( 0.0%) 
leafwaterdata            0/32768           0/393216   ( 0.0%) 
waterstrips             12/32768         120/327680   ( 0.0%) 
waterverts               0/65536           0/786432   ( 0.0%) 
waterindices           150/65536         300/131072   ( 0.2%) 
cubemapsamples           0/1024            0/16384    ( 0.0%) 
overlays                 0/512             0/180224   ( 0.0%) 
LDR lightdata         [variable]      200180/0        ( 0.0%) 
HDR lightdata         [variable]           0/0        ( 0.0%) 
visdata               [variable]           0/16777216 ( 0.0%) 
entdata               [variable]        6266/393216   ( 1.6%) 
LDR ambient table      219/65536         876/262144   ( 0.3%) 
HDR ambient table      219/65536         876/262144   ( 0.3%) 
LDR leaf ambient      1609/65536       45052/1835008  ( 2.5%) 
HDR leaf ambient       219/65536        6132/1835008  ( 0.3%) 
occluders                0/0               0/0        ( 0.0%) 
occluder polygons        0/0               0/0        ( 0.0%) 
occluder vert ind        0/0               0/0        ( 0.0%) 
detail props          [variable]           1/12       ( 8.3%) 
static props          [variable]           1/12       ( 8.3%) 
pakfile               [variable]      105671/0        ( 0.0%) 
physics               [variable]       12859/4194304  ( 0.3%) 
physics terrain       [variable]           2/1048576  ( 0.0%) 

Level flags = 0

Total triangle count: 688
Writing c:\users\owner\documents\tf2-maps\choke\koth_choke.bsp
1 second elapsed



[Reading texlights from 'lights.rad']
[56 texlights parsed from 'lights.rad']

Loading c:\users\owner\documents\tf2-maps\choke\koth_choke.bsp
No vis information, direct lighting only.
284 faces
228295 square feet [32874496.00 square inches]
0 Displacements
0 Square Feet [0.00 Square Inches]
2 direct lights
0...1...2...3...4...5...6...7...8...9...10Build Patch/Sample Hash Table(s).....Done<0.0014 sec>
0...1...2...3...4...5...6...7...8...9...10FinalLightFace Done
0 of 0 (0% of) surface lights went in leaf ambient cubes.
0...1...2...3...4...5...6...7...8...9...10Writing leaf ambient...done
Ready to Finish

Object names       Objects/Maxobjs  Memory / Maxmem  Fullness 
------------       ---------------  ---------------  -------- 
models                   7/1024          336/49152    ( 0.7%) 
brushes                 33/8192          396/98304    ( 0.4%) 
brushsides             198/65536        1584/524288   ( 0.3%) 
planes                 104/65536        2080/1310720  ( 0.2%) 
vertexes               302/65536        3624/786432   ( 0.5%) 
nodes                  211/65536        6752/2097152  ( 0.3%) 
texinfos                31/12288        2232/884736   ( 0.3%) 
texdata                  8/2048          256/65536    ( 0.4%) 
dispinfos                0/0               0/0        ( 0.0%) 
disp_verts               0/0               0/0        ( 0.0%) 
disp_tris                0/0               0/0        ( 0.0%) 
disp_lmsamples           0/0               0/0        ( 0.0%) 
faces                  284/65536       15904/3670016  ( 0.4%) 
hdr faces              284/65536       15904/3670016  ( 0.4%) 
origfaces              141/65536        7896/3670016  ( 0.2%) 
leaves                 219/65536        7008/2097152  ( 0.3%) 
leaffaces              296/65536         592/131072   ( 0.5%) 
leafbrushes             78/65536         156/131072   ( 0.1%) 
areas                    3/256            24/2048     ( 1.2%) 
surfedges             1820/512000       7280/2048000  ( 0.4%) 
edges                 1029/256000       4116/1024000  ( 0.4%) 
LDR worldlights          2/8192          176/720896   ( 0.0%) 
HDR worldlights          2/8192          176/720896   ( 0.0%) 
leafwaterdata            0/32768           0/393216   ( 0.0%) 
waterstrips             12/32768         120/327680   ( 0.0%) 
waterverts               0/65536           0/786432   ( 0.0%) 
waterindices           150/65536         300/131072   ( 0.2%) 
cubemapsamples           0/1024            0/16384    ( 0.0%) 
overlays                 0/512             0/180224   ( 0.0%) 
LDR lightdata         [variable]      200180/0        ( 0.0%) 
HDR lightdata         [variable]      200180/0        ( 0.0%) 
visdata               [variable]           0/16777216 ( 0.0%) 
entdata               [variable]        6266/393216   ( 1.6%) 
LDR ambient table      219/65536         876/262144   ( 0.3%) 
HDR ambient table      219/65536         876/262144   ( 0.3%) 
LDR leaf ambient      1609/65536       45052/1835008  ( 2.5%) 
HDR leaf ambient      1609/65536       45052/1835008  ( 2.5%) 
occluders                0/0               0/0        ( 0.0%) 
occluder polygons        0/0               0/0        ( 0.0%) 
occluder vert ind        0/0               0/0        ( 0.0%) 
detail props          [variable]           1/12       ( 8.3%) 
static props          [variable]           1/12       ( 8.3%) 
pakfile               [variable]      105671/0        ( 0.0%) 
physics               [variable]       12859/4194304  ( 0.3%) 
physics terrain       [variable]           2/1048576  ( 0.0%) 

Level flags = 0

Total triangle count: 688
Writing c:\users\owner\documents\tf2-maps\choke\koth_choke.bsp
1 second elapsed



materialPath: C:\Program Files (x86)\Steam\steamapps\common\Team Fortress 2\tf\materials
Loading C:\Users\Owner\Documents\TF2-Maps\Choke\koth_choke.vmf
ConVarRef mat_reduceparticles doesn't point to an existing ConVar
fixing up env_cubemap materials on brush sides...
0...1...2...3...4...5...6...7...8...9...10**** leaked ****
Entity filter_activator_tfteam (29.01 47.77 641.01) leaked!
Processing areas...done (0)
Building Faces...done (0)
FixTjuncs...
PruneNodes...
WriteBSP...
done (0)
Creating default LDR cubemaps for env_cubemap using skybox materials:
   skybox/sky_hydro_01*.vmt
 ! Run buildcubemaps in the engine to get the correct cube maps.
Creating default HDR cubemaps for env_cubemap using skybox materials:
   skybox/sky_hydro_01*.vmt
 ! Run buildcubemaps in the engine to get the correct cube maps.
Finding displacement neighbors...
Finding lightmap sample positions...
Displacement Alpha : 0...1...2...3...4...5...6...7...8...9...10
Building Physics collision data...
done (0) (15079 bytes)
Placing detail props : 0...1...2...3...4...5...6...7...8...9...10
Compacting texture/material tables...
Reduced 48 texinfos to 33
Reduced 10 texdatas to 10 (233 bytes to 233)
Writing C:\Users\Owner\Documents\TF2-Maps\Choke\koth_choke.bsp
MSG_FILEWRITE - Filesystem was asked to write to 'C:\Users\Owner\Documents\TF2-Maps\Choke\koth_choke.bsp', but we don't own that location. Allowing.
Wrote ZIP buffer, estimated size 105885, actual size 105671
0 seconds elapsed



4 threads
reading c:\users\owner\documents\tf2-maps\choke\koth_choke.bsp
reading c:\users\owner\documents\tf2-maps\choke\koth_choke.prt
LoadPortals: couldn't read c:\users\owner\documents\tf2-maps\choke\koth_choke.prt



[Reading texlights from 'lights.rad']
[56 texlights parsed from 'lights.rad']

Loading c:\users\owner\documents\tf2-maps\choke\koth_choke.bsp
No vis information, direct lighting only.
298 faces
230192 square feet [33147776.00 square inches]
0 Displacements
0 Square Feet [0.00 Square Inches]
2 direct lights
0...1...2...3...4...5...6...7...8...9...10Build Patch/Sample Hash Table(s).....Done<0.0014 sec>
0...1...2...3...4...5...6...7...8...9...10FinalLightFace Done
0 of 0 (0% of) surface lights went in leaf ambient cubes.
0...1...2...3...4...5...6...7...8...9...10Writing leaf ambient...done
Ready to Finish

Object names       Objects/Maxobjs  Memory / Maxmem  Fullness 
------------       ---------------  ---------------  -------- 
models                  11/1024          528/49152    ( 1.1%) 
brushes                 37/8192          444/98304    ( 0.5%) 
brushsides             222/65536        1776/524288   ( 0.3%) 
planes                 120/65536        2400/1310720  ( 0.2%) 
vertexes               334/65536        4008/786432   ( 0.5%) 
nodes                  235/65536        7520/2097152  ( 0.4%) 
texinfos                33/12288        2376/884736   ( 0.3%) 
texdata                 10/2048          320/65536    ( 0.5%) 
dispinfos                0/0               0/0        ( 0.0%) 
disp_verts               0/0               0/0        ( 0.0%) 
disp_tris                0/0               0/0        ( 0.0%) 
disp_lmsamples           0/0               0/0        ( 0.0%) 
faces                  298/65536       16688/3670016  ( 0.5%) 
hdr faces                0/65536           0/3670016  ( 0.0%) 
origfaces              155/65536        8680/3670016  ( 0.2%) 
leaves                 247/65536        7904/2097152  ( 0.4%) 
leaffaces              310/65536         620/131072   ( 0.5%) 
leafbrushes             82/65536         164/131072   ( 0.1%) 
areas                    3/256            24/2048     ( 1.2%) 
surfedges             1932/512000       7728/2048000  ( 0.4%) 
edges                 1093/256000       4372/1024000  ( 0.4%) 
LDR worldlights          2/8192          176/720896   ( 0.0%) 
HDR worldlights          0/8192            0/720896   ( 0.0%) 
leafwaterdata            0/32768           0/393216   ( 0.0%) 
waterstrips             12/32768         120/327680   ( 0.0%) 
waterverts               0/65536           0/786432   ( 0.0%) 
waterindices           150/65536         300/131072   ( 0.2%) 
cubemapsamples           0/1024            0/16384    ( 0.0%) 
overlays                 0/512             0/180224   ( 0.0%) 
LDR lightdata         [variable]      200180/0        ( 0.0%) 
HDR lightdata         [variable]           0/0        ( 0.0%) 
visdata               [variable]           0/16777216 ( 0.0%) 
entdata               [variable]        8627/393216   ( 2.2%) 
LDR ambient table      247/65536         988/262144   ( 0.4%) 
HDR ambient table      247/65536         988/262144   ( 0.4%) 
LDR leaf ambient      1759/65536       49252/1835008  ( 2.7%) 
HDR leaf ambient       247/65536        6916/1835008  ( 0.4%) 
occluders                0/0               0/0        ( 0.0%) 
occluder polygons        0/0               0/0        ( 0.0%) 
occluder vert ind        0/0               0/0        ( 0.0%) 
detail props          [variable]           1/12       ( 8.3%) 
static props          [variable]           1/12       ( 8.3%) 
pakfile               [variable]      105671/0        ( 0.0%) 
physics               [variable]       15079/4194304  ( 0.4%) 
physics terrain       [variable]           2/1048576  ( 0.0%) 

Level flags = 0

Total triangle count: 716
Writing c:\users\owner\documents\tf2-maps\choke\koth_choke.bsp
1 second elapsed



[Reading texlights from 'lights.rad']
[56 texlights parsed from 'lights.rad']

Loading c:\users\owner\documents\tf2-maps\choke\koth_choke.bsp
No vis information, direct lighting only.
298 faces
230192 square feet [33147776.00 square inches]
0 Displacements
0 Square Feet [0.00 Square Inches]
2 direct lights
0...1...2...3...4...5...6...7...8...9...10Build Patch/Sample Hash Table(s).....Done<0.0014 sec>
0...1...2...3...4...5...6...7...8...9...10FinalLightFace Done
0 of 0 (0% of) surface lights went in leaf ambient cubes.
0...1...2...3...4...5...6...7...8...9...10Writing leaf ambient...done
Ready to Finish

Object names       Objects/Maxobjs  Memory / Maxmem  Fullness 
------------       ---------------  ---------------  -------- 
models                  11/1024          528/49152    ( 1.1%) 
brushes                 37/8192          444/98304    ( 0.5%) 
brushsides             222/65536        1776/524288   ( 0.3%) 
planes                 120/65536        2400/1310720  ( 0.2%) 
vertexes               334/65536        4008/786432   ( 0.5%) 
nodes                  235/65536        7520/2097152  ( 0.4%) 
texinfos                33/12288        2376/884736   ( 0.3%) 
texdata                 10/2048          320/65536    ( 0.5%) 
dispinfos                0/0               0/0        ( 0.0%) 
disp_verts               0/0               0/0        ( 0.0%) 
disp_tris                0/0               0/0        ( 0.0%) 
disp_lmsamples           0/0               0/0        ( 0.0%) 
faces                  298/65536       16688/3670016  ( 0.5%) 
hdr faces              298/65536       16688/3670016  ( 0.5%) 
origfaces              155/65536        8680/3670016  ( 0.2%) 
leaves                 247/65536        7904/2097152  ( 0.4%) 
leaffaces              310/65536         620/131072   ( 0.5%) 
leafbrushes             82/65536         164/131072   ( 0.1%) 
areas                    3/256            24/2048     ( 1.2%) 
surfedges             1932/512000       7728/2048000  ( 0.4%) 
edges                 1093/256000       4372/1024000  ( 0.4%) 
LDR worldlights          2/8192          176/720896   ( 0.0%) 
HDR worldlights          2/8192          176/720896   ( 0.0%) 
leafwaterdata            0/32768           0/393216   ( 0.0%) 
waterstrips             12/32768         120/327680   ( 0.0%) 
waterverts               0/65536           0/786432   ( 0.0%) 
waterindices           150/65536         300/131072   ( 0.2%) 
cubemapsamples           0/1024            0/16384    ( 0.0%) 
overlays                 0/512             0/180224   ( 0.0%) 
LDR lightdata         [variable]      200180/0        ( 0.0%) 
HDR lightdata         [variable]      200180/0        ( 0.0%) 
visdata               [variable]           0/16777216 ( 0.0%) 
entdata               [variable]        8627/393216   ( 2.2%) 
LDR ambient table      247/65536         988/262144   ( 0.4%) 
HDR ambient table      247/65536         988/262144   ( 0.4%) 
LDR leaf ambient      1759/65536       49252/1835008  ( 2.7%) 
HDR leaf ambient      1759/65536       49252/1835008  ( 2.7%) 
occluders                0/0               0/0        ( 0.0%) 
occluder polygons        0/0               0/0        ( 0.0%) 
occluder vert ind        0/0               0/0        ( 0.0%) 
detail props          [variable]           1/12       ( 8.3%) 
static props          [variable]           1/12       ( 8.3%) 
pakfile               [variable]      105671/0        ( 0.0%) 
physics               [variable]       15079/4194304  ( 0.4%) 
physics terrain       [variable]           2/1048576  ( 0.0%) 

Level flags = 0

Total triangle count: 716
Writing c:\users\owner\documents\tf2-maps\choke\koth_choke.bsp
1 second elapsed



materialPath: C:\Program Files (x86)\Steam\steamapps\common\Team Fortress 2\tf\materials
Loading C:\Users\Owner\Documents\TF2-Maps\Choke\koth_choke.vmf
ConVarRef mat_reduceparticles doesn't point to an existing ConVar
fixing up env_cubemap materials on brush sides...
0...1...2...3...4...5...6...7...8...9...10**** leaked ****
Entity filter_activator_tfteam (29.01 47.77 641.01) leaked!
Processing areas...done (0)
Building Faces...done (0)
FixTjuncs...
PruneNodes...
WriteBSP...
done (0)
Creating default LDR cubemaps for env_cubemap using skybox materials:
   skybox/sky_hydro_01*.vmt
 ! Run buildcubemaps in the engine to get the correct cube maps.
Creating default HDR cubemaps for env_cubemap using skybox materials:
   skybox/sky_hydro_01*.vmt
 ! Run buildcubemaps in the engine to get the correct cube maps.
Finding displacement neighbors...
Finding lightmap sample positions...
Displacement Alpha : 0...1...2...3...4...5...6...7...8...9...10
Building Physics collision data...
done (0) (15079 bytes)
Placing detail props : 0...1...2...3...4...5...6...7...8...9...10
Compacting texture/material tables...
Reduced 48 texinfos to 33
Reduced 10 texdatas to 10 (233 bytes to 233)
Writing C:\Users\Owner\Documents\TF2-Maps\Choke\koth_choke.bsp
MSG_FILEWRITE - Filesystem was asked to write to 'C:\Users\Owner\Documents\TF2-Maps\Choke\koth_choke.bsp', but we don't own that location. Allowing.
Wrote ZIP buffer, estimated size 105885, actual size 105671
0 seconds elapsed



4 threads
reading c:\users\owner\documents\tf2-maps\choke\koth_choke.bsp
reading c:\users\owner\documents\tf2-maps\choke\koth_choke.prt
LoadPortals: couldn't read c:\users\owner\documents\tf2-maps\choke\koth_choke.prt



[Reading texlights from 'lights.rad']
[56 texlights parsed from 'lights.rad']

Loading c:\users\owner\documents\tf2-maps\choke\koth_choke.bsp
No vis information, direct lighting only.
298 faces
230192 square feet [33147776.00 square inches]
0 Displacements
0 Square Feet [0.00 Square Inches]
2 direct lights
0...1...2...3...4...5...6...7...8...9...10Build Patch/Sample Hash Table(s).....Done<0.0014 sec>
0...1...2...3...4...5...6...7...8...9...10FinalLightFace Done
0 of 0 (0% of) surface lights went in leaf ambient cubes.
0...1...2...3...4...5...6...7...8...9...10Writing leaf ambient...done
Ready to Finish

Object names       Objects/Maxobjs  Memory / Maxmem  Fullness 
------------       ---------------  ---------------  -------- 
models                  11/1024          528/49152    ( 1.1%) 
brushes                 37/8192          444/98304    ( 0.5%) 
brushsides             222/65536        1776/524288   ( 0.3%) 
planes                 120/65536        2400/1310720  ( 0.2%) 
vertexes               334/65536        4008/786432   ( 0.5%) 
nodes                  235/65536        7520/2097152  ( 0.4%) 
texinfos                33/12288        2376/884736   ( 0.3%) 
texdata                 10/2048          320/65536    ( 0.5%) 
dispinfos                0/0               0/0        ( 0.0%) 
disp_verts               0/0               0/0        ( 0.0%) 
disp_tris                0/0               0/0        ( 0.0%) 
disp_lmsamples           0/0               0/0        ( 0.0%) 
faces                  298/65536       16688/3670016  ( 0.5%) 
hdr faces                0/65536           0/3670016  ( 0.0%) 
origfaces              155/65536        8680/3670016  ( 0.2%) 
leaves                 247/65536        7904/2097152  ( 0.4%) 
leaffaces              310/65536         620/131072   ( 0.5%) 
leafbrushes             82/65536         164/131072   ( 0.1%) 
areas                    3/256            24/2048     ( 1.2%) 
surfedges             1932/512000       7728/2048000  ( 0.4%) 
edges                 1093/256000       4372/1024000  ( 0.4%) 
LDR worldlights          2/8192          176/720896   ( 0.0%) 
HDR worldlights          0/8192            0/720896   ( 0.0%) 
leafwaterdata            0/32768           0/393216   ( 0.0%) 
waterstrips             12/32768         120/327680   ( 0.0%) 
waterverts               0/65536           0/786432   ( 0.0%) 
waterindices           150/65536         300/131072   ( 0.2%) 
cubemapsamples           0/1024            0/16384    ( 0.0%) 
overlays                 0/512             0/180224   ( 0.0%) 
LDR lightdata         [variable]      200180/0        ( 0.0%) 
HDR lightdata         [variable]           0/0        ( 0.0%) 
visdata               [variable]           0/16777216 ( 0.0%) 
entdata               [variable]        8627/393216   ( 2.2%) 
LDR ambient table      247/65536         988/262144   ( 0.4%) 
HDR ambient table      247/65536         988/262144   ( 0.4%) 
LDR leaf ambient      1759/65536       49252/1835008  ( 2.7%) 
HDR leaf ambient       247/65536        6916/1835008  ( 0.4%) 
occluders                0/0               0/0        ( 0.0%) 
occluder polygons        0/0               0/0        ( 0.0%) 
occluder vert ind        0/0               0/0        ( 0.0%) 
detail props          [variable]           1/12       ( 8.3%) 
static props          [variable]           1/12       ( 8.3%) 
pakfile               [variable]      105671/0        ( 0.0%) 
physics               [variable]       15079/4194304  ( 0.4%) 
physics terrain       [variable]           2/1048576  ( 0.0%) 

Level flags = 0

Total triangle count: 716
Writing c:\users\owner\documents\tf2-maps\choke\koth_choke.bsp
1 second elapsed



[Reading texlights from 'lights.rad']
[56 texlights parsed from 'lights.rad']

Loading c:\users\owner\documents\tf2-maps\choke\koth_choke.bsp
No vis information, direct lighting only.
298 faces
230192 square feet [33147776.00 square inches]
0 Displacements
0 Square Feet [0.00 Square Inches]
2 direct lights
0...1...2...3...4...5...6...7...8...9...10Build Patch/Sample Hash Table(s).....Done<0.0014 sec>
0...1...2...3...4...5...6...7...8...9...10FinalLightFace Done
0 of 0 (0% of) surface lights went in leaf ambient cubes.
0...1...2...3...4...5...6...7...8...9...10Writing leaf ambient...done
Ready to Finish

Object names       Objects/Maxobjs  Memory / Maxmem  Fullness 
------------       ---------------  ---------------  -------- 
models                  11/1024          528/49152    ( 1.1%) 
brushes                 37/8192          444/98304    ( 0.5%) 
brushsides             222/65536        1776/524288   ( 0.3%) 
planes                 120/65536        2400/1310720  ( 0.2%) 
vertexes               334/65536        4008/786432   ( 0.5%) 
nodes                  235/65536        7520/2097152  ( 0.4%) 
texinfos                33/12288        2376/884736   ( 0.3%) 
texdata                 10/2048          320/65536    ( 0.5%) 
dispinfos                0/0               0/0        ( 0.0%) 
disp_verts               0/0               0/0        ( 0.0%) 
disp_tris                0/0               0/0        ( 0.0%) 
disp_lmsamples           0/0               0/0        ( 0.0%) 
faces                  298/65536       16688/3670016  ( 0.5%) 
hdr faces              298/65536       16688/3670016  ( 0.5%) 
origfaces              155/65536        8680/3670016  ( 0.2%) 
leaves                 247/65536        7904/2097152  ( 0.4%) 
leaffaces              310/65536         620/131072   ( 0.5%) 
leafbrushes             82/65536         164/131072   ( 0.1%) 
areas                    3/256            24/2048     ( 1.2%) 
surfedges             1932/512000       7728/2048000  ( 0.4%) 
edges                 1093/256000       4372/1024000  ( 0.4%) 
LDR worldlights          2/8192          176/720896   ( 0.0%) 
HDR worldlights          2/8192          176/720896   ( 0.0%) 
leafwaterdata            0/32768           0/393216   ( 0.0%) 
waterstrips             12/32768         120/327680   ( 0.0%) 
waterverts               0/65536           0/786432   ( 0.0%) 
waterindices           150/65536         300/131072   ( 0.2%) 
cubemapsamples           0/1024            0/16384    ( 0.0%) 
overlays                 0/512             0/180224   ( 0.0%) 
LDR lightdata         [variable]      200180/0        ( 0.0%) 
HDR lightdata         [variable]      200180/0        ( 0.0%) 
visdata               [variable]           0/16777216 ( 0.0%) 
entdata               [variable]        8627/393216   ( 2.2%) 
LDR ambient table      247/65536         988/262144   ( 0.4%) 
HDR ambient table      247/65536         988/262144   ( 0.4%) 
LDR leaf ambient      1759/65536       49252/1835008  ( 2.7%) 
HDR leaf ambient      1759/65536       49252/1835008  ( 2.7%) 
occluders                0/0               0/0        ( 0.0%) 
occluder polygons        0/0               0/0        ( 0.0%) 
occluder vert ind        0/0               0/0        ( 0.0%) 
detail props          [variable]           1/12       ( 8.3%) 
static props          [variable]           1/12       ( 8.3%) 
pakfile               [variable]      105671/0        ( 0.0%) 
physics               [variable]       15079/4194304  ( 0.4%) 
physics terrain       [variable]           2/1048576  ( 0.0%) 

Level flags = 0

Total triangle count: 716
Writing c:\users\owner\documents\tf2-maps\choke\koth_choke.bsp
1 second elapsed



materialPath: C:\Program Files (x86)\Steam\steamapps\common\Team Fortress 2\tf\materials
Loading C:\Users\Owner\Documents\TF2-Maps\Choke\koth_choke.vmf
ConVarRef mat_reduceparticles doesn't point to an existing ConVar
Patching WVT material: maps/koth_choke/dev/dev_blendmeasure_wvt_patch
fixing up env_cubemap materials on brush sides...
0...1...2...3...4...5...6...7...8...9...10**** leaked ****
Entity light_environment (-1.00 -222.08 577.01) leaked!

FindPortalSide: Couldn't find a good match for which brush to assign to a portal near (0.0 128.0 48.0)
Leaf 0 contents: CONTENTS_SOLID 
Leaf 1 contents: 
viscontents (node 0 contents ^ node 1 contents): CONTENTS_SOLID 
This means that none of the brushes in leaf 0 or 1 that touches the portal has CONTENTS_SOLID 
Check for a huge brush enclosing the coordinates above that has contents CONTENTS_SOLID 
Candidate brush IDs: 


FindPortalSide: Couldn't find a good match for which brush to assign to a portal near (0.0 640.0 48.0)
Leaf 0 contents: CONTENTS_SOLID 
Leaf 1 contents: 
viscontents (node 0 contents ^ node 1 contents): CONTENTS_SOLID 
This means that none of the brushes in leaf 0 or 1 that touches the portal has CONTENTS_SOLID 
Check for a huge brush enclosing the coordinates above that has contents CONTENTS_SOLID 
Candidate brush IDs: 


FindPortalSide: Couldn't find a good match for which brush to assign to a portal near (0.0 512.0 8.0)
Leaf 0 contents: CONTENTS_SOLID 
Leaf 1 contents: 
viscontents (node 0 contents ^ node 1 contents): CONTENTS_SOLID 
This means that none of the brushes in leaf 0 or 1 that touches the portal has CONTENTS_SOLID 
Check for a huge brush enclosing the coordinates above that has contents CONTENTS_SOLID 
Candidate brush IDs: 


FindPortalSide: Couldn't find a good match for which brush to assign to a portal near (0.0 512.0 144.0)
Leaf 0 contents: CONTENTS_SOLID 
Leaf 1 contents: 
viscontents (node 0 contents ^ node 1 contents): CONTENTS_SOLID 
This means that none of the brushes in leaf 0 or 1 that touches the portal has CONTENTS_SOLID 
Check for a huge brush enclosing the coordinates above that has contents CONTENTS_SOLID 
Candidate brush IDs: 


FindPortalSide: Couldn't find a good match for which brush to assign to a portal near (0.0 128.0 240.0)
Leaf 0 contents: CONTENTS_SOLID 
Leaf 1 contents: 
viscontents (node 0 contents ^ node 1 contents): CONTENTS_SOLID 
This means that none of the brushes in leaf 0 or 1 that touches the portal has CONTENTS_SOLID 
Check for a huge brush enclosing the coordinates above that has contents CONTENTS_SOLID 
Candidate brush IDs: 


FindPortalSide: Couldn't find a good match for which brush to assign to a portal near (0.0 640.0 240.0)
Leaf 0 contents: CONTENTS_SOLID 
Leaf 1 contents: 
viscontents (node 0 contents ^ node 1 contents): CONTENTS_SOLID 
This means that none of the brushes in leaf 0 or 1 that touches the portal has CONTENTS_SOLID 
Check for a huge brush enclosing the coordinates above that has contents CONTENTS_SOLID 
Candidate brush IDs: 


FindPortalSide: Couldn't find a good match for which brush to assign to a portal near (0.0 512.0 424.0)
Leaf 0 contents: CONTENTS_SOLID 
Leaf 1 contents: 
viscontents (node 0 contents ^ node 1 contents): CONTENTS_SOLID 
This means that none of the brushes in leaf 0 or 1 that touches the portal has CONTENTS_SOLID 
Check for a huge brush enclosing the coordinates above that has contents CONTENTS_SOLID 
Candidate brush IDs: 


FindPortalSide: Couldn't find a good match for which brush to assign to a portal near (544.0 1024.0 288.0)
Leaf 0 contents: 
Leaf 1 contents: CONTENTS_SOLID 
viscontents (node 0 contents ^ node 1 contents): CONTENTS_SOLID 
This means that none of the brushes in leaf 0 or 1 that touches the portal has CONTENTS_SOLID 
Check for a huge brush enclosing the coordinates above that has contents CONTENTS_SOLID 
Candidate brush IDs: 

*** Suppressing further FindPortalSide errors.... ***
Processing areas...done (0)
Building Faces...done (0)
FixTjuncs...
PruneNodes...
WriteBSP...
done (0)
Creating default LDR cubemaps for env_cubemap using skybox materials:
   skybox/sky_hydro_01*.vmt
 ! Run buildcubemaps in the engine to get the correct cube maps.
Creating default HDR cubemaps for env_cubemap using skybox materials:
   skybox/sky_hydro_01*.vmt
 ! Run buildcubemaps in the engine to get the correct cube maps.
Finding displacement neighbors...
Finding lightmap sample positions...
Displacement Alpha : 0...1...2...3...4...5...6...7...8...9...10
Building Physics collision data...
done (0) (24177 bytes)
Placing detail props : 0...1...2...3...4...5...6...7...8...9...10
Compacting texture/material tables...
Reduced 41 texinfos to 25
Reduced 9 texdatas to 8 (231 bytes to 210)
Writing C:\Users\Owner\Documents\TF2-Maps\Choke\koth_choke.bsp
MSG_FILEWRITE - Filesystem was asked to write to 'C:\Users\Owner\Documents\TF2-Maps\Choke\koth_choke.bsp', but we don't own that location. Allowing.
Wrote ZIP buffer, estimated size 106356, actual size 106008
1 second elapsed



4 threads
reading c:\users\owner\documents\tf2-maps\choke\koth_choke.bsp
reading c:\users\owner\documents\tf2-maps\choke\koth_choke.prt
LoadPortals: couldn't read c:\users\owner\documents\tf2-maps\choke\koth_choke.prt



[Reading texlights from 'lights.rad']
[56 texlights parsed from 'lights.rad']

Loading c:\users\owner\documents\tf2-maps\choke\koth_choke.bsp
No vis information, direct lighting only.
453 faces
156251 square feet [22500224.00 square inches]
0 Displacements
0 Square Feet [0.00 Square Inches]
2 direct lights
0...1...2...3...4...5...6...7...8...9...10Build Patch/Sample Hash Table(s).....Done<0.0022 sec>
0...1...2...3...4...5...6...7...8...9...10FinalLightFace Done
0 of 0 (0% of) surface lights went in leaf ambient cubes.
0...1...2...3...4...5...6...7...8...9...10Writing leaf ambient...done
Ready to Finish

Object names       Objects/Maxobjs  Memory / Maxmem  Fullness 
------------       ---------------  ---------------  -------- 
models                  11/1024          528/49152    ( 1.1%) 
brushes                 62/8192          744/98304    ( 0.8%) 
brushsides             372/65536        2976/524288   ( 0.6%) 
planes                 168/65536        3360/1310720  ( 0.3%) 
vertexes               536/65536        6432/786432   ( 0.8%) 
nodes                  323/65536       10336/2097152  ( 0.5%) 
texinfos                25/12288        1800/884736   ( 0.2%) 
texdata                  8/2048          256/65536    ( 0.4%) 
dispinfos                0/0               0/0        ( 0.0%) 
disp_verts               0/0               0/0        ( 0.0%) 
disp_tris                0/0               0/0        ( 0.0%) 
disp_lmsamples           0/0               0/0        ( 0.0%) 
faces                  453/65536       25368/3670016  ( 0.7%) 
hdr faces                0/65536           0/3670016  ( 0.0%) 
origfaces              297/65536       16632/3670016  ( 0.5%) 
leaves                 335/65536       10720/2097152  ( 0.5%) 
leaffaces              486/65536         972/131072   ( 0.7%) 
leafbrushes             92/65536         184/131072   ( 0.1%) 
areas                    2/256            16/2048     ( 0.8%) 
surfedges             3298/512000      13192/2048000  ( 0.6%) 
edges                 1773/256000       7092/1024000  ( 0.7%) 
LDR worldlights          2/8192          176/720896   ( 0.0%) 
HDR worldlights          0/8192            0/720896   ( 0.0%) 
leafwaterdata            0/32768           0/393216   ( 0.0%) 
waterstrips             40/32768         400/327680   ( 0.1%) 
waterverts               0/65536           0/786432   ( 0.0%) 
waterindices           537/65536        1074/131072   ( 0.8%) 
cubemapsamples           0/1024            0/16384    ( 0.0%) 
overlays                 0/512             0/180224   ( 0.0%) 
LDR lightdata         [variable]      236440/0        ( 0.0%) 
HDR lightdata         [variable]           0/0        ( 0.0%) 
visdata               [variable]           0/16777216 ( 0.0%) 
entdata               [variable]        8688/393216   ( 2.2%) 
LDR ambient table      335/65536        1340/262144   ( 0.5%) 
HDR ambient table      335/65536        1340/262144   ( 0.5%) 
LDR leaf ambient      2326/65536       65128/1835008  ( 3.5%) 
HDR leaf ambient       335/65536        9380/1835008  ( 0.5%) 
occluders                0/0               0/0        ( 0.0%) 
occluder polygons        0/0               0/0        ( 0.0%) 
occluder vert ind        0/0               0/0        ( 0.0%) 
detail props          [variable]           1/12       ( 8.3%) 
static props          [variable]           1/12       ( 8.3%) 
pakfile               [variable]      106008/0        ( 0.0%) 
physics               [variable]       24177/4194304  ( 0.6%) 
physics terrain       [variable]           2/1048576  ( 0.0%) 

Level flags = 0

Total triangle count: 1204
Writing c:\users\owner\documents\tf2-maps\choke\koth_choke.bsp
2 seconds elapsed
