PRT1
189
535
4 0 8 (128 2048 0 ) (512 2048 0 ) (512 1632 0 ) (128 1632 0 ) 
4 0 3 (128 1632 0 ) (512 1632 0 ) (512 1632 768 ) (128 1632 768 ) 
4 0 2 (128 1632 576 ) (128 1632 768 ) (128 1696 768 ) (128 1696 576 ) 
4 0 1 (128 2048 0 ) (128 1696 0 ) (128 1696 768 ) (128 2048 768 ) 
4 1 23 (0 2048 768 ) (0 2048 0 ) (0 1696 0 ) (0 1696 768 ) 
4 1 8 (0 1696 0 ) (0 2048 0 ) (128 2048 0 ) (128 1696 0 ) 
4 1 2 (128 1696 576 ) (128 1696 768 ) (0 1696 768 ) (0 1696 576 ) 
4 2 24 (0 1632 576 ) (0 1632 768 ) (0 1696 768 ) (0 1696 576 ) 
4 2 5 (0 1632 768 ) (0 1632 576 ) (64 1632 576 ) (64 1632 768 ) 
4 2 4 (64 1632 576 ) (128 1632 576 ) (128 1632 768 ) (64 1632 768 ) 
4 3 9 (128 1184 0 ) (512 1184 0 ) (512 1184 768 ) (128 1184 768 ) 
4 3 8 (512 1184 0 ) (128 1184 0 ) (128 1632 0 ) (512 1632 0 ) 
4 3 4 (128 1184 768 ) (128 1632 768 ) (128 1632 576 ) (128 1184 576 ) 
4 4 9 (128 1184 576 ) (128 1184 768 ) (64 1184 768 ) (64 1184 576 ) 
4 4 5 (64 1632 768 ) (64 1632 576 ) (64 1184 576 ) (64 1184 768 ) 
4 5 25 (0 1184 576 ) (0 1184 768 ) (0 1632 768 ) (0 1632 576 ) 
4 5 14 (0 1184 768 ) (0 1184 576 ) (32 1184 576 ) (32 1184 768 ) 
4 5 10 (32 1184 576 ) (64 1184 576 ) (64 1184 768 ) (32 1184 768 ) 
4 5 6 (0 1632 576 ) (64 1632 576 ) (64 1184 576 ) (0 1184 576 ) 
4 6 26 (0 1184 512 ) (0 1184 576 ) (0 1632 576 ) (0 1632 512 ) 
4 6 7 (0 1632 512 ) (64 1632 512 ) (64 1184 512 ) (0 1184 512 ) 
4 7 27 (0 1184 64 ) (0 1184 512 ) (0 1632 512 ) (0 1632 64 ) 
4 7 16 (0 1184 320 ) (0 1184 64 ) (32 1184 64 ) (32 1184 320 ) 
4 8 30 (0 1184 -128 ) (0 1184 0 ) (0 2048 0 ) (0 2048 -128 ) 
4 8 17 (0 1184 0 ) (0 1184 -128 ) (32 1184 -128 ) (32 1184 0 ) 
4 8 11 (32 1184 -128 ) (64 1184 -128 ) (64 1184 0 ) (32 1184 0 ) 
4 8 9 (64 1184 -128 ) (512 1184 -128 ) (512 1184 0 ) (64 1184 0 ) 
4 9 18 (512 1024 768 ) (64 1024 768 ) (64 1024 -128 ) (512 1024 -128 ) 
4 9 12 (64 1024 224 ) (64 1024 768 ) (64 1120 768 ) (64 1120 224 ) 
4 9 13 (64 1120 -128 ) (64 1024 -128 ) (64 1024 64 ) (64 1120 64 ) 
4 9 10 (64 1120 576 ) (64 1120 768 ) (64 1184 768 ) (64 1184 576 ) 
4 9 11 (64 1184 -128 ) (64 1120 -128 ) (64 1120 32 ) (64 1184 32 ) 
4 10 14 (32 1184 768 ) (32 1184 576 ) (32 1120 576 ) (32 1120 768 ) 
4 10 12 (64 1120 576 ) (64 1120 768 ) (32 1120 768 ) (32 1120 576 ) 
4 11 17 (32 1184 32 ) (32 1184 -128 ) (32 1120 -128 ) (32 1120 32 ) 
4 11 13 (32 1120 -128 ) (64 1120 -128 ) (64 1120 32 ) (32 1120 32 ) 
4 12 19 (64 1024 768 ) (32 1024 768 ) (32 1024 224 ) (64 1024 224 ) 
4 12 16 (32 1024 224 ) (32 1024 320 ) (32 1120 320 ) (32 1120 224 ) 
4 12 15 (32 1024 320 ) (32 1024 768 ) (32 1120 768 ) (32 1120 320 ) 
4 13 20 (32 1024 64 ) (32 1024 -128 ) (64 1024 -128 ) (64 1024 64 ) 
4 13 17 (32 1120 -128 ) (32 1024 -128 ) (32 1024 32 ) (32 1120 32 ) 
4 14 31 (0 1120 768 ) (0 1184 768 ) (0 1184 576 ) (0 1120 576 ) 
4 14 15 (32 1120 576 ) (32 1120 768 ) (0 1120 768 ) (0 1120 576 ) 
4 15 32 (0 1024 320 ) (0 1024 768 ) (0 1120 768 ) (0 1120 320 ) 
4 15 21 (0 1024 768 ) (0 1024 320 ) (32 1024 320 ) (32 1024 768 ) 
4 15 16 (32 1120 320 ) (32 1024 320 ) (0 1024 320 ) (0 1120 320 ) 
4 16 33 (0 1024 64 ) (0 1024 320 ) (0 1184 320 ) (0 1184 64 ) 
4 16 21 (0 1024 320 ) (0 1024 64 ) (32 1024 64 ) (32 1024 320 ) 
4 17 34 (0 1024 -128 ) (0 1024 32 ) (0 1184 32 ) (0 1184 -128 ) 
4 17 22 (0 1024 32 ) (0 1024 -128 ) (32 1024 -128 ) (32 1024 32 ) 
4 18 101 (64 0 64 ) (64 0 -128 ) (512 0 -128 ) (512 0 64 ) 
4 18 96 (512 0 768 ) (64 0 768 ) (64 0 64 ) (512 0 64 ) 
4 18 19 (64 0 224 ) (64 0 768 ) (64 1024 768 ) (64 1024 224 ) 
4 18 20 (64 1024 -128 ) (64 0 -128 ) (64 0 64 ) (64 1024 64 ) 
4 19 97 (64 0 768 ) (32 0 768 ) (32 0 224 ) (64 0 224 ) 
4 19 21 (32 0 224 ) (32 0 768 ) (32 1024 768 ) (32 1024 224 ) 
4 20 101 (32 0 64 ) (32 0 -128 ) (64 0 -128 ) (64 0 64 ) 
4 20 22 (32 1024 -128 ) (32 0 -128 ) (32 0 32 ) (32 1024 32 ) 
4 21 98 (32 0 768 ) (0 0 768 ) (0 0 64 ) (32 0 64 ) 
4 21 55 (0 0 64 ) (0 0 768 ) (0 96 768 ) (0 96 64 ) 
4 21 54 (0 96 768 ) (0 192 768 ) (0 192 64 ) (0 96 64 ) 
4 21 50 (0 192 768 ) (0 1024 768 ) (0 1024 64 ) (0 192 64 ) 
4 22 102 (0 0 32 ) (0 0 -128 ) (32 0 -128 ) (32 0 32 ) 
4 22 87 (0 0 -128 ) (0 0 32 ) (0 1024 32 ) (0 1024 -128 ) 
4 23 88 (-1024 2048 768 ) (-1024 2048 0 ) (-1024 1696 0 ) (-1024 1696 768 ) 
4 23 30 (-1024 1696 0 ) (-1024 2048 0 ) (0 2048 0 ) (0 1696 0 ) 
4 23 24 (0 1696 576 ) (0 1696 768 ) (-1024 1696 768 ) (-1024 1696 576 ) 
4 24 88 (-1024 1632 576 ) (-1024 1632 768 ) (-1024 1696 768 ) (-1024 1696 576 ) 
4 24 29 (-1024 1632 768 ) (-1024 1632 576 ) (-960 1632 576 ) (-960 1632 768 ) 
4 24 25 (-928 1632 576 ) (0 1632 576 ) (0 1632 768 ) (-928 1632 768 ) 
4 24 28 (-960 1632 576 ) (-928 1632 576 ) (-928 1632 768 ) (-960 1632 768 ) 
4 25 44 (-576 1184 768 ) (-928 1184 768 ) (-928 1184 576 ) (-576 1184 576 ) 
4 25 40 (-320 1184 768 ) (-576 1184 768 ) (-576 1184 576 ) (-320 1184 576 ) 
4 25 35 (-224 1184 768 ) (-320 1184 768 ) (-320 1184 576 ) (-224 1184 576 ) 
4 25 31 (0 1184 576 ) (0 1184 768 ) (-224 1184 768 ) (-224 1184 576 ) 
4 25 28 (-928 1184 576 ) (-928 1184 768 ) (-928 1632 768 ) (-928 1632 576 ) 
4 25 26 (0 1184 576 ) (-928 1184 576 ) (-928 1632 576 ) (0 1632 576 ) 
4 26 27 (0 1184 512 ) (-928 1184 512 ) (-928 1632 512 ) (0 1632 512 ) 
4 26 28 (-928 1184 512 ) (-928 1184 576 ) (-928 1632 576 ) (-928 1632 512 ) 
4 27 41 (-576 1184 320 ) (-576 1184 64 ) (-320 1184 64 ) (-320 1184 320 ) 
4 27 33 (0 1184 64 ) (0 1184 320 ) (-224 1184 320 ) (-224 1184 64 ) 
4 27 28 (-928 1632 64 ) (-928 1184 64 ) (-928 1184 512 ) (-928 1632 512 ) 
4 28 44 (-928 1184 768 ) (-960 1184 768 ) (-960 1184 576 ) (-928 1184 576 ) 
4 28 29 (-960 1632 768 ) (-960 1632 576 ) (-960 1184 576 ) (-960 1184 768 ) 
4 29 88 (-1024 1184 576 ) (-1024 1184 768 ) (-1024 1632 768 ) (-1024 1632 576 ) 
4 29 46 (-1024 1184 768 ) (-1024 1184 576 ) (-960 1184 576 ) (-960 1184 768 ) 
4 30 88 (-1024 1184 -128 ) (-1024 1184 0 ) (-1024 2048 0 ) (-1024 2048 -128 ) 
4 30 45 (-960 1184 -128 ) (-576 1184 -128 ) (-576 1184 0 ) (-960 1184 0 ) 
4 30 46 (-1024 1184 0 ) (-1024 1184 -128 ) (-960 1184 -128 ) (-960 1184 0 ) 
4 30 43 (-576 1184 -128 ) (-320 1184 -128 ) (-320 1184 0 ) (-576 1184 0 ) 
4 30 36 (-320 1184 -128 ) (-224 1184 -128 ) (-224 1184 0 ) (-320 1184 0 ) 
4 30 34 (-224 1184 -128 ) (0 1184 -128 ) (0 1184 0 ) (-224 1184 0 ) 
4 31 35 (-224 1184 768 ) (-224 1184 576 ) (-224 1120 576 ) (-224 1120 768 ) 
4 31 32 (0 1120 576 ) (0 1120 768 ) (-224 1120 768 ) (-224 1120 576 ) 
4 32 51 (-96 1024 768 ) (-224 1024 768 ) (-224 1024 320 ) (-96 1024 320 ) 
4 32 50 (0 1024 320 ) (0 1024 768 ) (-96 1024 768 ) (-96 1024 320 ) 
4 32 37 (-224 1120 320 ) (-224 1024 320 ) (-224 1024 768 ) (-224 1120 768 ) 
4 32 33 (0 1024 320 ) (-224 1024 320 ) (-224 1120 320 ) (0 1120 320 ) 
4 33 51 (-96 1024 320 ) (-224 1024 320 ) (-224 1024 64 ) (-96 1024 64 ) 
4 33 50 (0 1024 64 ) (0 1024 320 ) (-96 1024 320 ) (-96 1024 64 ) 
4 33 37 (-224 1024 224 ) (-224 1024 320 ) (-224 1120 320 ) (-224 1120 224 ) 
4 34 87 (0 1024 -128 ) (0 1024 32 ) (-224 1024 32 ) (-224 1024 -128 ) 
4 34 39 (-224 1120 -128 ) (-224 1024 -128 ) (-224 1024 32 ) (-224 1120 32 ) 
4 34 36 (-224 1184 32 ) (-224 1184 -128 ) (-224 1120 -128 ) (-224 1120 32 ) 
4 35 40 (-320 1184 768 ) (-320 1184 576 ) (-320 1120 576 ) (-320 1120 768 ) 
4 35 37 (-320 1120 768 ) (-320 1120 576 ) (-224 1120 576 ) (-224 1120 768 ) 
4 36 43 (-320 1184 32 ) (-320 1184 -128 ) (-320 1120 -128 ) (-320 1120 32 ) 
4 36 39 (-320 1120 32 ) (-320 1120 -128 ) (-224 1120 -128 ) (-224 1120 32 ) 
4 37 58 (-256 1024 768 ) (-320 1024 768 ) (-320 1024 224 ) (-256 1024 224 ) 
4 37 56 (-224 1024 224 ) (-224 1024 768 ) (-256 1024 768 ) (-256 1024 224 ) 
4 37 42 (-320 1024 224 ) (-320 1024 576 ) (-320 1120 576 ) (-320 1120 224 ) 
4 37 40 (-320 1024 576 ) (-320 1024 768 ) (-320 1120 768 ) (-320 1120 576 ) 
4 37 38 (-288 1120 224 ) (-256 1120 224 ) (-256 1024 224 ) (-288 1024 224 ) 
4 38 59 (-256 1024 224 ) (-288 1024 224 ) (-288 1024 64 ) (-256 1024 64 ) 
4 38 39 (-288 1120 64 ) (-256 1120 64 ) (-256 1024 64 ) (-288 1024 64 ) 
4 39 87 (-224 1024 -128 ) (-224 1024 32 ) (-320 1024 32 ) (-320 1024 -128 ) 
4 39 80 (-224 1024 32 ) (-224 1024 64 ) (-320 1024 64 ) (-320 1024 32 ) 
4 39 43 (-320 1024 -128 ) (-320 1024 32 ) (-320 1120 32 ) (-320 1120 -128 ) 
4 40 58 (-320 1024 576 ) (-320 1024 768 ) (-576 1024 768 ) (-576 1024 576 ) 
4 40 47 (-576 1120 576 ) (-576 1024 576 ) (-576 1024 768 ) (-576 1120 768 ) 
4 40 44 (-576 1184 768 ) (-576 1184 576 ) (-576 1120 576 ) (-576 1120 768 ) 
4 40 42 (-576 1024 576 ) (-576 1120 576 ) (-320 1120 576 ) (-320 1024 576 ) 
4 41 42 (-576 1120 64 ) (-320 1120 64 ) (-320 1120 320 ) (-576 1120 320 ) 
4 42 63 (-416 1024 224 ) (-448 1024 224 ) (-448 1024 64 ) (-416 1024 64 ) 
4 42 64 (-448 1024 224 ) (-576 1024 224 ) (-576 1024 64 ) (-448 1024 64 ) 
4 42 60 (-320 1024 64 ) (-320 1024 224 ) (-416 1024 224 ) (-416 1024 64 ) 
4 42 58 (-320 1024 224 ) (-320 1024 576 ) (-576 1024 576 ) (-576 1024 224 ) 
4 42 47 (-576 1024 224 ) (-576 1024 576 ) (-576 1120 576 ) (-576 1120 224 ) 
4 43 87 (-320 1024 -128 ) (-320 1024 32 ) (-576 1024 32 ) (-576 1024 -128 ) 
4 43 48 (-576 1120 -128 ) (-576 1024 -128 ) (-576 1024 32 ) (-576 1120 32 ) 
4 43 45 (-576 1184 0 ) (-576 1184 -128 ) (-576 1120 -128 ) (-576 1120 0 ) 
4 44 47 (-576 1120 576 ) (-576 1120 768 ) (-608 1120 768 ) (-608 1120 576 ) 
4 44 49 (-608 1120 768 ) (-960 1120 768 ) (-960 1120 576 ) (-608 1120 576 ) 
4 44 46 (-960 1120 576 ) (-960 1120 768 ) (-960 1184 768 ) (-960 1184 576 ) 
4 45 48 (-608 1120 -128 ) (-576 1120 -128 ) (-576 1120 0 ) (-608 1120 0 ) 
4 45 49 (-960 1120 -128 ) (-608 1120 -128 ) (-608 1120 0 ) (-960 1120 0 ) 
4 45 46 (-960 1184 -128 ) (-960 1120 -128 ) (-960 1120 0 ) (-960 1184 0 ) 
4 46 88 (-1024 1184 768 ) (-1024 1184 -128 ) (-1024 1120 -128 ) (-1024 1120 768 ) 
4 46 49 (-1024 1120 768 ) (-1024 1120 -128 ) (-960 1120 -128 ) (-960 1120 768 ) 
4 47 58 (-576 1024 224 ) (-576 1024 768 ) (-608 1024 768 ) (-608 1024 224 ) 
4 47 49 (-608 1024 768 ) (-608 1120 768 ) (-608 1120 224 ) (-608 1024 224 ) 
4 48 87 (-576 1024 -128 ) (-576 1024 32 ) (-608 1024 32 ) (-608 1024 -128 ) 
4 48 82 (-576 1024 32 ) (-576 1024 64 ) (-608 1024 64 ) (-608 1024 32 ) 
4 48 49 (-608 1120 64 ) (-608 1120 -128 ) (-608 1024 -128 ) (-608 1024 64 ) 
4 49 88 (-1024 1024 -128 ) (-1024 1024 768 ) (-1024 1120 768 ) (-1024 1120 -128 ) 
4 49 87 (-1024 1024 32 ) (-1024 1024 -128 ) (-608 1024 -128 ) (-608 1024 32 ) 
4 49 85 (-1024 1024 64 ) (-1024 1024 32 ) (-992 1024 32 ) (-992 1024 64 ) 
4 49 84 (-992 1024 32 ) (-768 1024 32 ) (-768 1024 64 ) (-992 1024 64 ) 
4 49 82 (-768 1024 32 ) (-608 1024 32 ) (-608 1024 64 ) (-768 1024 64 ) 
4 49 66 (-800 1024 64 ) (-768 1024 64 ) (-768 1024 224 ) (-800 1024 224 ) 
4 49 67 (-1024 1024 224 ) (-1024 1024 64 ) (-800 1024 64 ) (-800 1024 224 ) 
4 49 65 (-768 1024 64 ) (-608 1024 64 ) (-608 1024 224 ) (-768 1024 224 ) 
4 49 58 (-608 1024 768 ) (-1024 1024 768 ) (-1024 1024 224 ) (-608 1024 224 ) 
5 50 54 (0 192 768 ) (-96 192 768 ) (-96 192 128 ) (-10.666672 192 64 ) (0 192 64 ) 
4 50 52 (-96 512 160 ) (-96 512 768 ) (-96 544 768 ) (-96 544 160 ) 
4 50 51 (-96 1024 64 ) (-96 544 64 ) (-96 544 768 ) (-96 1024 768 ) 
4 50 53 (-96 512 64 ) (-96 192 64 ) (-96 192 768 ) (-96 512 768 ) 
4 51 56 (-224 1024 768 ) (-224 1024 224 ) (-224 544 224 ) (-224 544 768 ) 
4 51 52 (-96 544 160 ) (-96 544 768 ) (-224 544 768 ) (-224 544 160 ) 
4 52 56 (-224 512 224 ) (-224 512 768 ) (-224 544 768 ) (-224 544 224 ) 
4 52 53 (-96 512 160 ) (-96 512 768 ) (-224 512 768 ) (-224 512 160 ) 
4 53 56 (-224 192 224 ) (-224 192 768 ) (-224 512 768 ) (-224 512 224 ) 
4 53 54 (-96 192 768 ) (-224 192 768 ) (-224 192 224 ) (-96 192 128 ) 
4 54 56 (-224 96 224 ) (-224 96 768 ) (-224 192 768 ) (-224 192 224 ) 
5 54 55 (-224 96 768 ) (-224 96 224 ) (-10.666672 96 64 ) (0 96 64 ) (0 96 768 ) 
4 55 123 (0 0 64 ) (0 0 128 ) (-224 0 128 ) (-160 0 64 ) 
4 55 122 (0 0 128 ) (0 0 768 ) (-224 0 768 ) (-224 0 128 ) 
4 55 57 (-224 0 128 ) (-224 0 768 ) (-224 96 768 ) (-224 96 128 ) 
4 56 58 (-256 96 224 ) (-256 96 768 ) (-256 1024 768 ) (-256 1024 224 ) 
4 56 57 (-256 96 768 ) (-256 96 224 ) (-224 96 224 ) (-224 96 768 ) 
4 57 122 (-256 0 768 ) (-256 0 128 ) (-224 0 128 ) (-224 0 768 ) 
4 57 74 (-256 0 128 ) (-256 0 224 ) (-256 64 224 ) (-256 64 128 ) 
4 57 69 (-256 96 192 ) (-256 96 128 ) (-256 64 128 ) (-256 64 192 ) 
4 57 58 (-256 0 224 ) (-256 0 768 ) (-256 96 768 ) (-256 96 224 ) 
4 58 131 (-1024 0 768 ) (-1024 0 224 ) (-256 0 224 ) (-256 0 768 ) 
4 58 91 (-1024 0 224 ) (-1024 0 768 ) (-1024 128 768 ) (-1024 128 224 ) 
4 58 90 (-1024 128 768 ) (-1024 160 768 ) (-1024 160 224 ) (-1024 128 224 ) 
4 58 89 (-1024 160 768 ) (-1024 1024 768 ) (-1024 1024 224 ) (-1024 160 224 ) 
4 58 78 (-672 64 224 ) (-640 64 224 ) (-640 0 224 ) (-672 0 224 ) 
4 58 77 (-640 64 224 ) (-576 64 224 ) (-576 0 224 ) (-640 0 224 ) 
4 58 79 (-1024 0 224 ) (-1024 64 224 ) (-672 64 224 ) (-672 0 224 ) 
4 58 75 (-448 64 224 ) (-384 64 224 ) (-384 0 224 ) (-448 0 224 ) 
4 58 74 (-384 64 224 ) (-256 64 224 ) (-256 0 224 ) (-384 0 224 ) 
4 58 73 (-1024 128 224 ) (-1024 256 224 ) (-992 256 224 ) (-992 128 224 ) 
4 58 72 (-992 256 224 ) (-800 256 224 ) (-800 96 224 ) (-992 96 224 ) 
4 58 68 (-768 256 224 ) (-256 256 224 ) (-256 160 224 ) (-768 160 224 ) 
4 58 66 (-800 1024 224 ) (-768 1024 224 ) (-768 288 224 ) (-800 288 224 ) 
4 58 67 (-1024 256 224 ) (-1024 1024 224 ) (-800 1024 224 ) (-800 256 224 ) 
4 58 65 (-768 1024 224 ) (-608 1024 224 ) (-608 288 224 ) (-768 288 224 ) 
4 58 63 (-448 1024 224 ) (-416 1024 224 ) (-416 896 224 ) (-448 896 224 ) 
4 58 64 (-576 1024 224 ) (-448 1024 224 ) (-448 256 224 ) (-576 256 224 ) 
4 58 62 (-288 288 224 ) (-416 288 224 ) (-416 864 224 ) (-288 864 224 ) 
4 58 61 (-256 896 224 ) (-256 288 224 ) (-288 288 224 ) (-288 896 224 ) 
4 58 59 (-288 1024 224 ) (-256 1024 224 ) (-256 896 224 ) (-288 896 224 ) 
4 58 60 (-416 1024 224 ) (-320 1024 224 ) (-320 896 224 ) (-416 896 224 ) 
4 59 80 (-288 1024 64 ) (-256 1024 64 ) (-256 896 64 ) (-288 896 64 ) 
4 59 61 (-288 896 64 ) (-256 896 64 ) (-256 896 224 ) (-288 896 224 ) 
4 60 63 (-416 1024 64 ) (-416 896 64 ) (-416 896 224 ) (-416 1024 224 ) 
4 61 80 (-256 896 64 ) (-256 288 64 ) (-288 288 64 ) (-288 896 64 ) 
4 61 62 (-288 864 64 ) (-288 288 64 ) (-288 288 224 ) (-288 864 224 ) 
4 62 81 (-320 288 64 ) (-416 288 64 ) (-416 864 64 ) (-320 864 64 ) 
4 62 80 (-288 288 64 ) (-320 288 64 ) (-320 864 64 ) (-288 864 64 ) 
4 63 64 (-448 1024 64 ) (-448 896 64 ) (-448 896 224 ) (-448 1024 224 ) 
4 64 71 (-576 256 64 ) (-448 256 64 ) (-448 256 192 ) (-576 256 192 ) 
4 64 68 (-448 256 192 ) (-448 256 224 ) (-576 256 224 ) (-576 256 192 ) 
4 65 82 (-768 1024 64 ) (-608 1024 64 ) (-608 288 64 ) (-768 288 64 ) 
4 65 66 (-768 1024 64 ) (-768 288 64 ) (-768 288 224 ) (-768 1024 224 ) 
4 66 84 (-800 1024 64 ) (-768 1024 64 ) (-768 288 64 ) (-800 288 64 ) 
4 66 67 (-800 1024 64 ) (-800 288 64 ) (-800 288 224 ) (-800 1024 224 ) 
4 67 89 (-1024 256 224 ) (-1024 1024 224 ) (-1024 1024 64 ) (-1024 256 64 ) 
4 67 85 (-1024 256 64 ) (-1024 1024 64 ) (-992 1024 64 ) (-992 256 64 ) 
4 67 84 (-992 1024 64 ) (-800 1024 64 ) (-800 256 64 ) (-992 256 64 ) 
4 67 73 (-1024 256 64 ) (-992 256 64 ) (-992 256 224 ) (-1024 256 224 ) 
4 67 72 (-992 256 64 ) (-800 256 64 ) (-800 256 224 ) (-992 256 224 ) 
4 68 69 (-384 256 192 ) (-256 256 192 ) (-256 160 192 ) (-384 160 192 ) 
4 68 71 (-768 160 192 ) (-768 256 192 ) (-384 256 192 ) (-384 160 192 ) 
4 69 74 (-256 64 128 ) (-256 64 192 ) (-384 64 192 ) (-384 64 128 ) 
4 69 70 (-384 96 128 ) (-384 256 128 ) (-256 256 128 ) (-256 96 128 ) 
4 69 71 (-384 64 128 ) (-384 64 192 ) (-384 256 192 ) (-384 256 128 ) 
4 70 71 (-384 96 128 ) (-384 256 128 ) (-384 256 64 ) (-384 192 64 ) 
4 71 78 (-640 64 160 ) (-640 64 192 ) (-672 64 192 ) (-672 64 160 ) 
4 71 77 (-640 64 64 ) (-576 64 64 ) (-576 64 192 ) (-640 64 192 ) 
4 71 79 (-768 64 64 ) (-672 64 64 ) (-672 64 192 ) (-768 64 192 ) 
4 71 76 (-576 64 64 ) (-448 64 64 ) (-448 64 192 ) (-576 64 192 ) 
4 71 75 (-448 64 64 ) (-384 64 64 ) (-384 64 192 ) (-448 64 192 ) 
4 72 84 (-992 256 64 ) (-800 256 64 ) (-800 96 64 ) (-992 96 64 ) 
4 72 73 (-992 256 224 ) (-992 256 64 ) (-992 128 64 ) (-992 128 224 ) 
4 73 89 (-1024 160 224 ) (-1024 256 224 ) (-1024 256 64 ) (-1024 160 64 ) 
4 73 85 (-1024 128 64 ) (-1024 256 64 ) (-992 256 64 ) (-992 128 64 ) 
4 74 135 (-256 0 128 ) (-256 0 192 ) (-384 0 192 ) (-384 0 128 ) 
4 74 132 (-256 0 192 ) (-256 0 224 ) (-384 0 224 ) (-384 0 192 ) 
4 74 75 (-384 64 224 ) (-384 64 128 ) (-384 0 128 ) (-384 0 224 ) 
4 75 137 (-448 0 64 ) (-384 0 64 ) (-384 0 192 ) (-448 0 192 ) 
4 75 132 (-384 0 192 ) (-384 0 224 ) (-448 0 224 ) (-448 0 192 ) 
4 75 76 (-448 64 192 ) (-448 64 64 ) (-448 0 64 ) (-448 0 192 ) 
4 76 137 (-576 0 64 ) (-448 0 64 ) (-448 0 192 ) (-576 0 192 ) 
4 76 77 (-576 64 192 ) (-576 64 64 ) (-576 0 64 ) (-576 0 192 ) 
4 77 137 (-640 0 64 ) (-576 0 64 ) (-576 0 192 ) (-640 0 192 ) 
4 77 133 (-576 0 192 ) (-576 0 224 ) (-640 0 224 ) (-640 0 192 ) 
4 77 78 (-640 64 224 ) (-640 64 160 ) (-640 0 160 ) (-640 0 224 ) 
4 78 138 (-640 0 160 ) (-640 0 192 ) (-672 0 192 ) (-672 0 160 ) 
4 78 133 (-640 0 192 ) (-640 0 224 ) (-672 0 224 ) (-672 0 192 ) 
4 78 79 (-672 64 224 ) (-672 64 160 ) (-672 0 160 ) (-672 0 224 ) 
4 79 149 (-1024 0 224 ) (-1024 0 64 ) (-768 0 64 ) (-768 0 224 ) 
4 79 140 (-768 0 64 ) (-672 0 64 ) (-672 0 192 ) (-768 0 192 ) 
4 79 133 (-672 0 192 ) (-672 0 224 ) (-768 0 224 ) (-768 0 192 ) 
4 79 91 (-1024 0 64 ) (-1024 0 224 ) (-1024 64 224 ) (-1024 64 64 ) 
4 80 87 (-224 256 32 ) (-320 256 32 ) (-320 1024 32 ) (-224 1024 32 ) 
4 80 83 (-256 256 32 ) (-224 256 32 ) (-224 256 64 ) (-256 256 64 ) 
4 80 81 (-320 896 32 ) (-320 256 32 ) (-320 256 64 ) (-320 896 64 ) 
4 81 87 (-320 256 32 ) (-448 256 32 ) (-448 896 32 ) (-320 896 32 ) 
4 82 87 (-576 256 32 ) (-768 256 32 ) (-768 1024 32 ) (-576 1024 32 ) 
4 82 84 (-768 1024 32 ) (-768 256 32 ) (-768 256 64 ) (-768 1024 64 ) 
4 83 130 (-224 0 64 ) (-256 0 64 ) (-256 0 32 ) (-224 0 32 ) 
4 83 87 (-224 0 32 ) (-256 0 32 ) (-256 256 32 ) (-224 256 32 ) 
4 84 87 (-992 1024 32 ) (-768 1024 32 ) (-768 64 32 ) (-992 64 32 ) 
4 84 85 (-992 1024 32 ) (-992 128 32 ) (-992 128 64 ) (-992 1024 64 ) 
4 84 86 (-992 96 32 ) (-992 64 32 ) (-992 64 64 ) (-992 96 64 ) 
4 85 89 (-1024 160 64 ) (-1024 1024 64 ) (-1024 1024 32 ) (-1024 160 32 ) 
4 85 87 (-1024 128 32 ) (-1024 1024 32 ) (-992 1024 32 ) (-992 128 32 ) 
4 86 87 (-1024 64 32 ) (-1024 96 32 ) (-992 96 32 ) (-992 64 32 ) 
4 87 155 (0 0 -128 ) (0 0 32 ) (-1024 0 32 ) (-1024 0 -128 ) 
4 87 95 (-1024 0 -128 ) (-1024 0 32 ) (-1024 1024 32 ) (-1024 1024 -128 ) 
4 88 95 (-1024 1024 -128 ) (-1024 1024 32 ) (-1536 1024 32 ) (-1536 1024 -128 ) 
4 88 92 (-1312 1024 768 ) (-1344 1024 768 ) (-1344 1024 32 ) (-1312 1024 32 ) 
4 88 94 (-1344 1024 768 ) (-1536 1024 768 ) (-1536 1024 32 ) (-1344 1024 32 ) 
4 88 89 (-1024 1024 32 ) (-1024 1024 768 ) (-1312 1024 768 ) (-1312 1024 32 ) 
4 89 95 (-1312 1024 32 ) (-1024 1024 32 ) (-1024 160 32 ) (-1312 160 32 ) 
4 89 92 (-1312 1024 768 ) (-1312 1024 32 ) (-1312 160 32 ) (-1312 160 768 ) 
4 89 90 (-1024 160 768 ) (-1312 160 768 ) (-1312 160 224 ) (-1024 160 224 ) 
4 90 92 (-1312 128 224 ) (-1312 128 768 ) (-1312 160 768 ) (-1312 160 224 ) 
4 90 91 (-1312 128 768 ) (-1312 128 224 ) (-1024 128 224 ) (-1024 128 768 ) 
4 91 181 (-1024 0 64 ) (-1024 0 768 ) (-1312 0 768 ) (-1312 0 64 ) 
4 91 93 (-1312 0 224 ) (-1312 0 768 ) (-1312 128 768 ) (-1312 128 224 ) 
4 92 95 (-1344 1024 32 ) (-1312 1024 32 ) (-1312 128 32 ) (-1344 128 32 ) 
4 92 93 (-1344 128 768 ) (-1344 128 224 ) (-1312 128 224 ) (-1312 128 768 ) 
4 92 94 (-1344 1024 32 ) (-1344 128 32 ) (-1344 128 768 ) (-1344 1024 768 ) 
4 93 184 (-1312 0 224 ) (-1312 0 768 ) (-1344 0 768 ) (-1344 0 224 ) 
4 93 94 (-1344 0 224 ) (-1344 0 768 ) (-1344 128 768 ) (-1344 128 224 ) 
4 94 186 (-1536 0 32 ) (-1344 0 32 ) (-1344 0 768 ) (-1536 0 768 ) 
4 94 95 (-1536 1024 32 ) (-1344 1024 32 ) (-1344 0 32 ) (-1536 0 32 ) 
4 95 187 (-1024 0 -128 ) (-1024 0 32 ) (-1536 0 32 ) (-1536 0 -128 ) 
4 96 104 (64 -1024 64 ) (128 -1024 64 ) (128 -1024 768 ) (64 -1024 768 ) 
4 96 103 (128 -1024 64 ) (512 -1024 64 ) (512 -1024 768 ) (128 -1024 768 ) 
4 96 101 (512 -1024 64 ) (64 -1024 64 ) (64 0 64 ) (512 0 64 ) 
4 96 97 (64 -1024 224 ) (64 -1024 768 ) (64 0 768 ) (64 0 224 ) 
4 97 108 (64 -1024 224 ) (64 -1024 768 ) (32 -1024 768 ) (32 -1024 224 ) 
4 97 99 (32 -544 768 ) (32 -512 768 ) (32 -512 224 ) (32 -544 224 ) 
4 97 98 (32 -512 768 ) (32 0 768 ) (32 0 224 ) (32 -512 224 ) 
4 97 100 (32 -1024 224 ) (32 -1024 768 ) (32 -544 768 ) (32 -544 224 ) 
4 98 124 (0 -64 64 ) (0 -160 64 ) (0 -160 768 ) (0 -64 768 ) 
4 98 125 (0 -160 64 ) (0 -512 64 ) (0 -512 768 ) (0 -160 768 ) 
4 98 123 (0 0 128 ) (0 0 64 ) (0 -64 64 ) (0 -64 128 ) 
4 98 122 (0 0 768 ) (0 0 128 ) (0 -64 128 ) (0 -64 768 ) 
4 98 99 (32 -512 160 ) (32 -512 768 ) (0 -512 768 ) (0 -512 160 ) 
4 99 126 (0 -544 160 ) (0 -544 768 ) (0 -512 768 ) (0 -512 160 ) 
4 99 100 (32 -544 160 ) (32 -544 768 ) (0 -544 768 ) (0 -544 160 ) 
4 100 127 (0 -544 64 ) (0 -1024 64 ) (0 -1024 768 ) (0 -544 768 ) 
4 100 113 (0 -1024 512 ) (0 -1024 64 ) (32 -1024 64 ) (32 -1024 512 ) 
4 100 112 (0 -1024 768 ) (0 -1024 512 ) (32 -1024 512 ) (32 -1024 768 ) 
4 101 109 (32 -1024 -128 ) (64 -1024 -128 ) (64 -1024 64 ) (32 -1024 64 ) 
4 101 104 (64 -1024 -128 ) (128 -1024 -128 ) (128 -1024 64 ) (64 -1024 64 ) 
4 101 103 (128 -1024 -128 ) (512 -1024 -128 ) (512 -1024 64 ) (128 -1024 64 ) 
4 101 102 (32 0 -128 ) (32 -1024 -128 ) (32 -1024 32 ) (32 0 32 ) 
4 102 155 (0 0 32 ) (0 0 -128 ) (0 -1024 -128 ) (0 -1024 32 ) 
4 102 115 (0 -1024 32 ) (0 -1024 -128 ) (32 -1024 -128 ) (32 -1024 32 ) 
4 103 105 (128 -1632 512 ) (128 -1632 768 ) (128 -1120 768 ) (128 -1120 512 ) 
4 103 106 (128 -1120 -128 ) (128 -1632 -128 ) (128 -1632 0 ) (128 -1120 0 ) 
4 103 104 (128 -1024 -128 ) (128 -1120 -128 ) (128 -1120 768 ) (128 -1024 768 ) 
4 103 107 (128 -1632 -128 ) (128 -2048 -128 ) (128 -2048 768 ) (128 -1632 768 ) 
4 104 109 (64 -1024 64 ) (64 -1024 -128 ) (64 -1120 -128 ) (64 -1120 64 ) 
4 104 108 (64 -1120 768 ) (64 -1024 768 ) (64 -1024 224 ) (64 -1120 224 ) 
4 104 105 (128 -1120 512 ) (128 -1120 768 ) (64 -1120 768 ) (64 -1120 512 ) 
4 104 106 (64 -1120 -128 ) (128 -1120 -128 ) (128 -1120 0 ) (64 -1120 0 ) 
4 105 116 (64 -1632 768 ) (64 -1184 768 ) (64 -1184 512 ) (64 -1632 512 ) 
4 105 110 (64 -1184 768 ) (64 -1120 768 ) (64 -1120 512 ) (64 -1184 512 ) 
4 105 107 (128 -1632 512 ) (128 -1632 768 ) (64 -1632 768 ) (64 -1632 512 ) 
4 106 121 (64 -1184 -128 ) (64 -1632 -128 ) (64 -1632 0 ) (64 -1184 0 ) 
4 106 111 (64 -1120 0 ) (64 -1120 -128 ) (64 -1184 -128 ) (64 -1184 0 ) 
4 106 107 (64 -1632 -128 ) (128 -1632 -128 ) (128 -1632 0 ) (64 -1632 0 ) 
4 107 121 (64 -2048 -128 ) (64 -2048 0 ) (64 -1632 0 ) (64 -1632 -128 ) 
4 107 119 (64 -1696 768 ) (64 -1632 768 ) (64 -1632 512 ) (64 -1696 512 ) 
4 107 120 (64 -2048 0 ) (64 -2048 768 ) (64 -1696 768 ) (64 -1696 0 ) 
4 108 113 (32 -1120 224 ) (32 -1120 512 ) (32 -1024 512 ) (32 -1024 224 ) 
4 108 112 (32 -1120 512 ) (32 -1120 768 ) (32 -1024 768 ) (32 -1024 512 ) 
4 108 110 (64 -1120 512 ) (64 -1120 768 ) (32 -1120 768 ) (32 -1120 512 ) 
4 109 115 (32 -1120 -128 ) (32 -1120 32 ) (32 -1024 32 ) (32 -1024 -128 ) 
4 109 111 (64 -1120 -128 ) (64 -1120 0 ) (32 -1120 0 ) (32 -1120 -128 ) 
4 110 116 (64 -1184 512 ) (64 -1184 768 ) (32 -1184 768 ) (32 -1184 512 ) 
4 110 112 (32 -1184 512 ) (32 -1184 768 ) (32 -1120 768 ) (32 -1120 512 ) 
4 111 121 (64 -1184 -128 ) (64 -1184 0 ) (32 -1184 0 ) (32 -1184 -128 ) 
4 111 115 (32 -1184 -128 ) (32 -1184 0 ) (32 -1120 0 ) (32 -1120 -128 ) 
4 112 156 (0 -1184 512 ) (0 -1184 768 ) (0 -1024 768 ) (0 -1024 512 ) 
4 112 116 (32 -1184 512 ) (32 -1184 768 ) (0 -1184 768 ) (0 -1184 512 ) 
4 112 113 (32 -1024 512 ) (32 -1120 512 ) (0 -1120 512 ) (0 -1024 512 ) 
4 113 158 (0 -1024 320 ) (0 -1024 64 ) (0 -1120 64 ) (0 -1120 320 ) 
4 113 157 (0 -1120 512 ) (0 -1024 512 ) (0 -1024 320 ) (0 -1120 320 ) 
4 113 114 (0 -1120 64 ) (32 -1120 64 ) (32 -1120 320 ) (0 -1120 320 ) 
4 114 158 (0 -1184 64 ) (0 -1184 320 ) (0 -1120 320 ) (0 -1120 64 ) 
4 114 118 (32 -1184 64 ) (32 -1184 320 ) (0 -1184 320 ) (0 -1184 64 ) 
4 115 159 (0 -1184 -128 ) (0 -1184 32 ) (0 -1024 32 ) (0 -1024 -128 ) 
4 115 121 (32 -1184 -128 ) (32 -1184 0 ) (0 -1184 0 ) (0 -1184 -128 ) 
4 116 173 (0 -1184 768 ) (0 -1184 512 ) (0 -1632 512 ) (0 -1632 768 ) 
4 116 119 (64 -1632 512 ) (64 -1632 768 ) (0 -1632 768 ) (0 -1632 512 ) 
4 116 117 (64 -1632 512 ) (0 -1632 512 ) (0 -1184 512 ) (64 -1184 512 ) 
4 117 174 (0 -1184 512 ) (0 -1184 448 ) (0 -1632 448 ) (0 -1632 512 ) 
4 117 118 (64 -1632 448 ) (0 -1632 448 ) (0 -1184 448 ) (64 -1184 448 ) 
4 118 175 (0 -1184 448 ) (0 -1184 64 ) (0 -1632 64 ) (0 -1632 448 ) 
4 119 176 (0 -1696 768 ) (0 -1632 768 ) (0 -1632 512 ) (0 -1696 512 ) 
4 119 120 (64 -1696 512 ) (64 -1696 768 ) (0 -1696 768 ) (0 -1696 512 ) 
4 120 177 (0 -2048 0 ) (0 -2048 512 ) (0 -1696 512 ) (0 -1696 0 ) 
4 120 176 (0 -2048 512 ) (0 -2048 768 ) (0 -1696 768 ) (0 -1696 512 ) 
4 120 121 (0 -2048 0 ) (0 -1696 0 ) (64 -1696 0 ) (64 -2048 0 ) 
4 121 180 (0 -2048 -128 ) (0 -2048 0 ) (0 -1184 0 ) (0 -1184 -128 ) 
4 122 135 (-256 0 192 ) (-256 0 128 ) (-256 -64 128 ) (-256 -64 192 ) 
4 122 132 (-256 0 224 ) (-256 0 192 ) (-256 -64 192 ) (-256 -64 224 ) 
4 122 131 (-256 0 768 ) (-256 0 224 ) (-256 -64 224 ) (-256 -64 768 ) 
4 122 129 (-256 -64 768 ) (-256 -64 224 ) (-224 -64 224 ) (-224 -64 768 ) 
5 122 124 (-96 -64 128 ) (0 -64 128 ) (0 -64 768 ) (-224 -64 768 ) (-224 -64 224 ) 
4 122 123 (0 -64 128 ) (-224 -64 128 ) (-224 0 128 ) (0 0 128 ) 
4 123 124 (-10.666672 -64 64 ) (0 -64 64 ) (0 -64 128 ) (-96 -64 128 ) 
4 124 129 (-224 -64 768 ) (-224 -64 224 ) (-224 -160 224 ) (-224 -160 768 ) 
5 124 125 (0 -160 768 ) (-224 -160 768 ) (-224 -160 224 ) (-10.666672 -160 64 ) (0 -160 64 ) 
4 125 129 (-224 -512 224 ) (-224 -512 768 ) (-224 -160 768 ) (-224 -160 224 ) 
4 125 126 (0 -512 768 ) (-64 -512 768 ) (-64 -512 160 ) (0 -512 160 ) 
4 125 128 (-64 -512 768 ) (-224 -512 768 ) (-224 -512 64 ) (-64 -512 64 ) 
4 126 127 (-64 -544 768 ) (-64 -544 160 ) (0 -544 160 ) (0 -544 768 ) 
4 126 128 (-64 -512 768 ) (-64 -512 160 ) (-64 -544 160 ) (-64 -544 768 ) 
4 127 158 (0 -1024 64 ) (0 -1024 320 ) (-64 -1024 320 ) (-64 -1024 64 ) 
4 127 157 (0 -1024 320 ) (0 -1024 512 ) (-64 -1024 512 ) (-64 -1024 320 ) 
4 127 156 (0 -1024 512 ) (0 -1024 768 ) (-64 -1024 768 ) (-64 -1024 512 ) 
4 127 128 (-64 -544 64 ) (-64 -1024 64 ) (-64 -1024 768 ) (-64 -544 768 ) 
4 128 158 (-224 -1024 320 ) (-224 -1024 64 ) (-64 -1024 64 ) (-64 -1024 320 ) 
4 128 157 (-224 -1024 512 ) (-224 -1024 320 ) (-64 -1024 320 ) (-64 -1024 512 ) 
4 128 156 (-64 -1024 768 ) (-224 -1024 768 ) (-224 -1024 512 ) (-64 -1024 512 ) 
4 128 129 (-224 -1024 224 ) (-224 -1024 768 ) (-224 -512 768 ) (-224 -512 224 ) 
4 129 160 (-256 -1024 512 ) (-256 -1024 224 ) (-224 -1024 224 ) (-224 -1024 512 ) 
4 129 156 (-256 -1024 768 ) (-256 -1024 512 ) (-224 -1024 512 ) (-224 -1024 768 ) 
4 129 131 (-256 -1024 224 ) (-256 -1024 768 ) (-256 -64 768 ) (-256 -64 224 ) 
4 130 161 (-224 -1024 64 ) (-256 -1024 64 ) (-256 -1024 32 ) (-224 -1024 32 ) 
4 130 155 (-256 0 32 ) (-224 0 32 ) (-224 -1024 32 ) (-256 -1024 32 ) 
4 130 144 (-256 -896 32 ) (-256 -1024 32 ) (-256 -1024 64 ) (-256 -896 64 ) 
4 130 142 (-256 -288 32 ) (-256 -896 32 ) (-256 -896 64 ) (-256 -288 64 ) 
4 130 141 (-256 -256 32 ) (-256 -288 32 ) (-256 -288 64 ) (-256 -256 64 ) 
4 131 182 (-1024 -160 224 ) (-1024 -192 224 ) (-1024 -192 768 ) (-1024 -160 768 ) 
4 131 183 (-1024 -192 224 ) (-1024 -1024 224 ) (-1024 -1024 768 ) (-1024 -192 768 ) 
4 131 181 (-1024 0 768 ) (-1024 0 224 ) (-1024 -160 224 ) (-1024 -160 768 ) 
4 131 168 (-608 -1024 224 ) (-576 -1024 224 ) (-576 -1024 512 ) (-608 -1024 512 ) 
4 131 170 (-1024 -1024 512 ) (-1024 -1024 224 ) (-608 -1024 224 ) (-608 -1024 512 ) 
4 131 165 (-576 -1024 224 ) (-320 -1024 224 ) (-320 -1024 512 ) (-576 -1024 512 ) 
4 131 160 (-320 -1024 224 ) (-256 -1024 224 ) (-256 -1024 512 ) (-320 -1024 512 ) 
4 131 156 (-1024 -1024 768 ) (-1024 -1024 512 ) (-256 -1024 512 ) (-256 -1024 768 ) 
4 131 154 (-1024 -1024 224 ) (-1024 -160 224 ) (-992 -160 224 ) (-992 -1024 224 ) 
4 131 153 (-992 -96 224 ) (-800 -96 224 ) (-800 -1024 224 ) (-992 -1024 224 ) 
4 131 151 (-768 -288 224 ) (-768 -1024 224 ) (-800 -1024 224 ) (-800 -288 224 ) 
4 131 149 (-1024 -64 224 ) (-1024 0 224 ) (-768 0 224 ) (-768 -64 224 ) 
4 131 148 (-608 -1024 224 ) (-768 -1024 224 ) (-768 -288 224 ) (-608 -288 224 ) 
4 131 146 (-448 -1024 224 ) (-576 -1024 224 ) (-576 -256 224 ) (-448 -256 224 ) 
4 131 145 (-320 -1024 224 ) (-448 -1024 224 ) (-448 -896 224 ) (-320 -896 224 ) 
4 131 144 (-256 -896 224 ) (-256 -1024 224 ) (-288 -1024 224 ) (-288 -896 224 ) 
4 131 143 (-416 -864 224 ) (-416 -288 224 ) (-288 -288 224 ) (-288 -864 224 ) 
4 131 142 (-256 -288 224 ) (-256 -896 224 ) (-288 -896 224 ) (-288 -288 224 ) 
4 131 134 (-256 -160 224 ) (-256 -256 224 ) (-768 -256 224 ) (-768 -160 224 ) 
4 131 132 (-448 0 224 ) (-256 0 224 ) (-256 -64 224 ) (-448 -64 224 ) 
4 131 133 (-768 0 224 ) (-576 0 224 ) (-576 -64 224 ) (-768 -64 224 ) 
4 132 137 (-448 0 192 ) (-384 0 192 ) (-384 -64 192 ) (-448 -64 192 ) 
4 132 135 (-384 0 192 ) (-256 0 192 ) (-256 -64 192 ) (-384 -64 192 ) 
4 133 149 (-768 -64 224 ) (-768 0 224 ) (-768 0 192 ) (-768 -64 192 ) 
4 133 138 (-672 0 192 ) (-640 0 192 ) (-640 -64 192 ) (-672 -64 192 ) 
4 133 137 (-640 0 192 ) (-576 0 192 ) (-576 -64 192 ) (-640 -64 192 ) 
4 133 140 (-768 -64 192 ) (-768 0 192 ) (-672 0 192 ) (-672 -64 192 ) 
4 134 146 (-576 -256 192 ) (-448 -256 192 ) (-448 -256 224 ) (-576 -256 224 ) 
4 134 139 (-640 -256 192 ) (-672 -256 192 ) (-672 -160 192 ) (-640 -160 192 ) 
4 134 137 (-384 -256 192 ) (-640 -256 192 ) (-640 -160 192 ) (-384 -160 192 ) 
4 134 140 (-672 -256 192 ) (-768 -256 192 ) (-768 -160 192 ) (-672 -160 192 ) 
4 134 135 (-256 -256 192 ) (-384 -256 192 ) (-384 -160 192 ) (-256 -160 192 ) 
4 135 137 (-384 -256 128 ) (-384 -256 192 ) (-384 0 192 ) (-384 0 128 ) 
4 135 136 (-256 -256 128 ) (-384 -256 128 ) (-384 -63.994171 128 ) (-256 -63.994167 128 ) 
4 136 137 (-384 -159.994171 64 ) (-384 -256 64 ) (-384 -256 128 ) (-384 -63.994171 128 ) 
4 137 146 (-576 -256 64 ) (-448 -256 64 ) (-448 -256 192 ) (-576 -256 192 ) 
4 137 138 (-640 -64 160 ) (-640 -64 192 ) (-640 0 192 ) (-640 0 160 ) 
4 137 139 (-640 -64 64 ) (-640 -256 64 ) (-640 -256 192 ) (-640 -64 192 ) 
4 138 139 (-672 -64 192 ) (-672 -64 160 ) (-640 -64 160 ) (-640 -64 192 ) 
4 138 140 (-672 -64 160 ) (-672 -64 192 ) (-672 0 192 ) (-672 0 160 ) 
4 139 140 (-672 -64 64 ) (-672 -256 64 ) (-672 -256 192 ) (-672 -64 192 ) 
4 140 149 (-768 -64 192 ) (-768 0 192 ) (-768 0 64 ) (-768 -64 64 ) 
4 141 155 (-256 -256 32 ) (-256 -288 32 ) (-416 -288 32 ) (-416 -256 32 ) 
4 141 143 (-416 -288 64 ) (-416 -288 32 ) (-288 -288 32 ) (-288 -288 64 ) 
4 141 142 (-288 -288 32 ) (-256 -288 32 ) (-256 -288 64 ) (-288 -288 64 ) 
4 142 155 (-256 -288 32 ) (-256 -896 32 ) (-288 -896 32 ) (-288 -288 32 ) 
4 142 144 (-288 -896 32 ) (-256 -896 32 ) (-256 -896 224 ) (-288 -896 224 ) 
4 142 143 (-288 -288 224 ) (-288 -288 32 ) (-288 -864 32 ) (-288 -864 224 ) 
4 143 155 (-416 -864 32 ) (-416 -288 32 ) (-288 -288 32 ) (-288 -864 32 ) 
4 144 162 (-288 -1024 32 ) (-256 -1024 32 ) (-256 -1024 224 ) (-288 -1024 224 ) 
4 144 155 (-256 -896 32 ) (-256 -1024 32 ) (-288 -1024 32 ) (-288 -896 32 ) 
4 145 165 (-320 -1024 64 ) (-320 -1024 224 ) (-448 -1024 224 ) (-448 -1024 64 ) 
4 145 146 (-448 -1024 64 ) (-448 -1024 224 ) (-448 -896 224 ) (-448 -896 64 ) 
4 146 165 (-448 -1024 64 ) (-448 -1024 224 ) (-576 -1024 224 ) (-576 -1024 64 ) 
4 147 155 (-768 -288 32 ) (-768 -256 32 ) (-608 -256 32 ) (-608 -288 32 ) 
4 147 150 (-768 -256 32 ) (-768 -288 32 ) (-768 -288 64 ) (-768 -256 64 ) 
4 147 148 (-768 -288 64 ) (-768 -288 32 ) (-608 -288 32 ) (-608 -288 64 ) 
4 148 170 (-768 -1024 32 ) (-608 -1024 32 ) (-608 -1024 224 ) (-768 -1024 224 ) 
4 148 155 (-608 -1024 32 ) (-768 -1024 32 ) (-768 -288 32 ) (-608 -288 32 ) 
4 148 151 (-768 -288 32 ) (-768 -1024 32 ) (-768 -1024 224 ) (-768 -288 224 ) 
4 149 181 (-1024 0 224 ) (-1024 0 64 ) (-1024 -64 64 ) (-1024 -64 224 ) 
4 150 155 (-800 -64 32 ) (-768 -64 32 ) (-768 -288 32 ) (-800 -288 32 ) 
4 150 153 (-800 -96 32 ) (-800 -288 32 ) (-800 -288 64 ) (-800 -96 64 ) 
4 150 152 (-800 -64 64 ) (-800 -64 32 ) (-800 -96 32 ) (-800 -96 64 ) 
4 150 151 (-800 -288 64 ) (-800 -288 32 ) (-768 -288 32 ) (-768 -288 64 ) 
4 151 170 (-800 -1024 32 ) (-768 -1024 32 ) (-768 -1024 224 ) (-800 -1024 224 ) 
4 151 155 (-768 -288 32 ) (-768 -1024 32 ) (-800 -1024 32 ) (-800 -288 32 ) 
4 151 153 (-800 -288 32 ) (-800 -1024 32 ) (-800 -1024 224 ) (-800 -288 224 ) 
4 152 155 (-1024 -96 32 ) (-1024 -64 32 ) (-800 -64 32 ) (-800 -96 32 ) 
4 152 153 (-992 -96 32 ) (-800 -96 32 ) (-800 -96 64 ) (-992 -96 64 ) 
4 153 170 (-992 -1024 32 ) (-800 -1024 32 ) (-800 -1024 224 ) (-992 -1024 224 ) 
4 153 155 (-992 -96 32 ) (-800 -96 32 ) (-800 -1024 32 ) (-992 -1024 32 ) 
4 153 154 (-992 -160 32 ) (-992 -1024 32 ) (-992 -1024 224 ) (-992 -160 224 ) 
4 154 183 (-1024 -192 32 ) (-1024 -1024 32 ) (-1024 -1024 224 ) (-1024 -192 224 ) 
4 154 170 (-1024 -1024 224 ) (-1024 -1024 32 ) (-992 -1024 32 ) (-992 -1024 224 ) 
4 154 155 (-1024 -1024 32 ) (-1024 -160 32 ) (-992 -160 32 ) (-992 -1024 32 ) 
4 155 187 (-1024 0 32 ) (-1024 0 -128 ) (-1024 -1024 -128 ) (-1024 -1024 32 ) 
4 155 169 (-576 -1024 32 ) (-608 -1024 32 ) (-608 -1024 -128 ) (-576 -1024 -128 ) 
4 155 170 (-608 -1024 32 ) (-1024 -1024 32 ) (-1024 -1024 -128 ) (-608 -1024 -128 ) 
4 155 167 (-320 -1024 32 ) (-576 -1024 32 ) (-576 -1024 -128 ) (-320 -1024 -128 ) 
4 155 163 (-224 -1024 32 ) (-320 -1024 32 ) (-320 -1024 -128 ) (-224 -1024 -128 ) 
4 155 159 (0 -1024 -128 ) (0 -1024 32 ) (-224 -1024 32 ) (-224 -1024 -128 ) 
4 156 188 (-1024 -1184 512 ) (-1024 -1184 768 ) (-1024 -1024 768 ) (-1024 -1024 512 ) 
4 156 178 (-1024 -1184 768 ) (-1024 -1184 512 ) (-960 -1184 512 ) (-960 -1184 768 ) 
4 156 173 (-960 -1184 512 ) (0 -1184 512 ) (0 -1184 768 ) (-960 -1184 768 ) 
4 156 172 (-960 -1184 512 ) (-1024 -1184 512 ) (-1024 -1120 512 ) (-960 -1120 512 ) 
4 156 168 (-608 -1024 512 ) (-576 -1024 512 ) (-576 -1120 512 ) (-608 -1120 512 ) 
4 156 170 (-1024 -1120 512 ) (-1024 -1024 512 ) (-608 -1024 512 ) (-608 -1120 512 ) 
4 156 165 (-576 -1120 512 ) (-576 -1024 512 ) (-320 -1024 512 ) (-320 -1120 512 ) 
4 156 160 (-320 -1120 512 ) (-320 -1024 512 ) (-224 -1024 512 ) (-224 -1120 512 ) 
4 156 157 (-224 -1120 512 ) (-224 -1024 512 ) (0 -1024 512 ) (0 -1120 512 ) 
4 157 160 (-224 -1120 512 ) (-224 -1024 512 ) (-224 -1024 320 ) (-224 -1120 320 ) 
4 157 158 (-224 -1120 320 ) (-224 -1024 320 ) (0 -1024 320 ) (0 -1120 320 ) 
4 158 175 (0 -1184 64 ) (0 -1184 320 ) (-224 -1184 320 ) (-224 -1184 64 ) 
4 158 160 (-224 -1120 320 ) (-224 -1024 320 ) (-224 -1024 224 ) (-224 -1120 224 ) 
4 159 180 (0 -1184 -128 ) (0 -1184 0 ) (-224 -1184 0 ) (-224 -1184 -128 ) 
4 159 164 (-224 -1184 -128 ) (-224 -1184 0 ) (-224 -1120 0 ) (-224 -1120 -128 ) 
4 159 163 (-224 -1120 32 ) (-224 -1024 32 ) (-224 -1024 -128 ) (-224 -1120 -128 ) 
4 160 165 (-320 -1120 512 ) (-320 -1024 512 ) (-320 -1024 224 ) (-320 -1120 224 ) 
4 160 162 (-256 -1120 224 ) (-288 -1120 224 ) (-288 -1024 224 ) (-256 -1024 224 ) 
4 161 163 (-224 -1120 32 ) (-256 -1120 32 ) (-256 -1024 32 ) (-224 -1024 32 ) 
4 161 162 (-256 -1024 32 ) (-256 -1120 32 ) (-256 -1120 64 ) (-256 -1024 64 ) 
4 162 163 (-256 -1120 32 ) (-288 -1120 32 ) (-288 -1024 32 ) (-256 -1024 32 ) 
4 163 167 (-320 -1024 32 ) (-320 -1024 -128 ) (-320 -1120 -128 ) (-320 -1120 32 ) 
4 163 164 (-320 -1120 0 ) (-320 -1120 -128 ) (-224 -1120 -128 ) (-224 -1120 0 ) 
4 164 180 (-224 -1184 -128 ) (-224 -1184 0 ) (-320 -1184 0 ) (-320 -1184 -128 ) 
4 164 167 (-320 -1184 -128 ) (-320 -1184 0 ) (-320 -1120 0 ) (-320 -1120 -128 ) 
4 165 168 (-576 -1120 512 ) (-576 -1024 512 ) (-576 -1024 224 ) (-576 -1120 224 ) 
4 165 166 (-576 -1120 320 ) (-576 -1120 64 ) (-320 -1120 64 ) (-320 -1120 320 ) 
4 166 175 (-320 -1184 64 ) (-320 -1184 320 ) (-576 -1184 320 ) (-576 -1184 64 ) 
4 167 180 (-320 -1184 -128 ) (-320 -1184 0 ) (-576 -1184 0 ) (-576 -1184 -128 ) 
4 167 171 (-576 -1184 -128 ) (-576 -1184 0 ) (-576 -1120 0 ) (-576 -1120 -128 ) 
4 167 169 (-576 -1120 32 ) (-576 -1024 32 ) (-576 -1024 -128 ) (-576 -1120 -128 ) 
4 168 170 (-608 -1120 224 ) (-608 -1120 512 ) (-608 -1024 512 ) (-608 -1024 224 ) 
4 169 171 (-576 -1120 -128 ) (-576 -1120 0 ) (-608 -1120 0 ) (-608 -1120 -128 ) 
4 169 170 (-608 -1024 -128 ) (-608 -1120 -128 ) (-608 -1120 32 ) (-608 -1024 32 ) 
4 170 188 (-1024 -1120 -128 ) (-1024 -1120 512 ) (-1024 -1024 512 ) (-1024 -1024 -128 ) 
4 170 171 (-960 -1120 0 ) (-960 -1120 -128 ) (-608 -1120 -128 ) (-608 -1120 0 ) 
4 170 172 (-960 -1120 512 ) (-1024 -1120 512 ) (-1024 -1120 -128 ) (-960 -1120 -128 ) 
4 171 180 (-960 -1184 -128 ) (-576 -1184 -128 ) (-576 -1184 0 ) (-960 -1184 0 ) 
4 171 172 (-960 -1120 0 ) (-960 -1120 -128 ) (-960 -1184 -128 ) (-960 -1184 0 ) 
4 172 188 (-1024 -1184 -128 ) (-1024 -1184 512 ) (-1024 -1120 512 ) (-1024 -1120 -128 ) 
4 172 180 (-1024 -1184 0 ) (-1024 -1184 -128 ) (-960 -1184 -128 ) (-960 -1184 0 ) 
4 173 178 (-960 -1184 768 ) (-960 -1184 512 ) (-960 -1632 512 ) (-960 -1632 768 ) 
4 173 176 (-960 -1632 768 ) (-960 -1632 512 ) (0 -1632 512 ) (0 -1632 768 ) 
4 173 174 (0 -1632 512 ) (-960 -1632 512 ) (-960 -1184 512 ) (0 -1184 512 ) 
4 174 175 (0 -1632 448 ) (-960 -1632 448 ) (-960 -1184 448 ) (0 -1184 448 ) 
4 176 179 (-960 -2048 512 ) (-960 -2048 768 ) (-960 -1632 768 ) (-960 -1632 512 ) 
4 176 177 (-960 -2048 512 ) (-960 -1696 512 ) (0 -1696 512 ) (0 -2048 512 ) 
4 177 180 (0 -2048 0 ) (-960 -2048 0 ) (-960 -1696 0 ) (0 -1696 0 ) 
4 177 179 (-960 -1696 0 ) (-960 -2048 0 ) (-960 -2048 512 ) (-960 -1696 512 ) 
4 178 188 (-1024 -1632 768 ) (-1024 -1184 768 ) (-1024 -1184 512 ) (-1024 -1632 512 ) 
4 178 179 (-960 -1632 512 ) (-960 -1632 768 ) (-1024 -1632 768 ) (-1024 -1632 512 ) 
4 179 188 (-1024 -2048 0 ) (-1024 -2048 768 ) (-1024 -1632 768 ) (-1024 -1632 0 ) 
4 179 180 (-960 -2048 0 ) (-1024 -2048 0 ) (-1024 -1632 0 ) (-960 -1632 0 ) 
4 180 188 (-1024 -2048 -128 ) (-1024 -2048 0 ) (-1024 -1184 0 ) (-1024 -1184 -128 ) 
4 181 184 (-1312 0 768 ) (-1312 0 224 ) (-1312 -160 224 ) (-1312 -160 768 ) 
4 181 182 (-1312 -160 768 ) (-1312 -160 224 ) (-1024 -160 224 ) (-1024 -160 768 ) 
4 182 185 (-1312 -192 224 ) (-1312 -192 768 ) (-1312 -160 768 ) (-1312 -160 224 ) 
4 182 183 (-1024 -192 768 ) (-1312 -192 768 ) (-1312 -192 224 ) (-1024 -192 224 ) 
4 183 188 (-1024 -1024 32 ) (-1024 -1024 768 ) (-1312 -1024 768 ) (-1312 -1024 32 ) 
4 183 187 (-1024 -1024 32 ) (-1312 -1024 32 ) (-1312 -192 32 ) (-1024 -192 32 ) 
4 183 185 (-1312 -192 32 ) (-1312 -1024 32 ) (-1312 -1024 768 ) (-1312 -192 768 ) 
4 184 185 (-1344 -160 768 ) (-1344 -160 224 ) (-1312 -160 224 ) (-1312 -160 768 ) 
4 184 186 (-1344 -160 224 ) (-1344 -160 768 ) (-1344 0 768 ) (-1344 0 224 ) 
4 185 188 (-1344 -1024 32 ) (-1312 -1024 32 ) (-1312 -1024 768 ) (-1344 -1024 768 ) 
4 185 187 (-1312 -1024 32 ) (-1344 -1024 32 ) (-1344 -160 32 ) (-1312 -160 32 ) 
4 185 186 (-1344 -160 32 ) (-1344 -1024 32 ) (-1344 -1024 768 ) (-1344 -160 768 ) 
4 186 188 (-1536 -1024 32 ) (-1344 -1024 32 ) (-1344 -1024 768 ) (-1536 -1024 768 ) 
4 186 187 (-1344 -1024 32 ) (-1536 -1024 32 ) (-1536 0 32 ) (-1344 0 32 ) 
4 187 188 (-1024 -1024 -128 ) (-1024 -1024 32 ) (-1536 -1024 32 ) (-1536 -1024 -128 ) 
