PRT1
64
198
4 0 8 (0 1024 -288 ) (0 1024 -304 ) (416 1024 -304 ) (416 1024 -288 ) 
4 0 6 (0 1024 -240 ) (0 1024 -288 ) (416 1024 -288 ) (416 1024 -240 ) 
4 0 4 (592 1024 -304 ) (592 1024 -224 ) (416 1024 -224 ) (416 1024 -304 ) 
4 0 3 (592 1024 -224 ) (592 1024 288 ) (0 1024 288 ) (0 1024 -224 ) 
4 0 1 (0 1024 -304 ) (0 1024 288 ) (0 1168 288 ) (0 1168 -304 ) 
4 1 39 (-1024 1024 -272 ) (-1024 1024 -304 ) (-96 1024 -304 ) (-96 1024 -272 ) 
4 1 33 (-1024 1024 16 ) (-1024 1024 -272 ) (-864 1024 -272 ) (-864 1024 16 ) 
4 1 32 (-562.461548 1024 -272 ) (-224 1024 -272 ) (-224 1024 16 ) (-562.461548 1024 16 ) 
4 1 30 (-864 1024 -272 ) (-562.461548 1024 -272 ) (-562.461548 1024 16 ) (-864 1024 16 ) 
4 1 29 (-224 1024 -272 ) (-96 1024 -272 ) (-96 1024 16 ) (-224 1024 16 ) 
4 1 28 (-96 1024 288 ) (-1024 1024 288 ) (-1024 1024 16 ) (-96 1024 16 ) 
4 1 17 (0 1024 -304 ) (0 1024 -240 ) (-96 1024 -240 ) (-96 1024 -304 ) 
4 1 13 (-84 1024 288 ) (-92 1024 288 ) (-92 1024 -224 ) (-84 1024 -224 ) 
4 1 12 (0 1024 -224 ) (0 1024 288 ) (-84 1024 288 ) (-84 1024 -224 ) 
4 1 16 (-92 1024 288 ) (-96 1024 288 ) (-96 1024 -224 ) (-92 1024 -224 ) 
4 1 2 (-1024 1024 -304 ) (-1024 1024 288 ) (-1024 1168 288 ) (-1024 1168 -304 ) 
4 2 51 (-1024 1024 -304 ) (-1024 1024 -288 ) (-1888 1024 -288 ) (-1888 1024 -304 ) 
4 2 45 (-1888 1024 -32 ) (-1888 1024 -288 ) (-1632 1024 -288 ) (-1632 1024 -32 ) 
4 2 44 (-1120 1024 288 ) (-1888 1024 288 ) (-1888 1024 -32 ) (-1120 1024 -32 ) 
4 2 40 (-1024 1024 -288 ) (-1024 1024 288 ) (-1120 1024 288 ) (-1120 1024 -288 ) 
4 3 19 (0 768 -224 ) (0 0 -224 ) (0 0 288 ) (0 768 288 ) 
4 3 12 (0 1024 288 ) (0 1024 -224 ) (0 768 -224 ) (0 768 288 ) 
4 3 10 (416 0 288 ) (0 0 288 ) (0 0 -224 ) (416 0 -224 ) 
4 3 9 (592 0 -224 ) (592 0 288 ) (416 0 288 ) (416 0 -224 ) 
4 3 5 (0 0 -224 ) (0 768 -224 ) (416 768 -224 ) (416 0 -224 ) 
4 3 4 (416 1024 -224 ) (592 1024 -224 ) (592 0 -224 ) (416 0 -224 ) 
4 4 9 (592 0 -304 ) (592 0 -224 ) (416 0 -224 ) (416 0 -304 ) 
4 4 8 (416 480.042755 -288 ) (416 1024 -288 ) (416 1024 -304 ) (416 384.042725 -304 ) 
4 4 7 (416 0 -288 ) (416 0 -240 ) (416 672 -240 ) (416 384 -288 ) 
4 4 6 (416 768.042786 -240 ) (416 1024 -240 ) (416 1024 -288 ) (416 480.042786 -288 ) 
4 4 5 (416 0 -240 ) (416 0 -224 ) (416 768 -224 ) (416 672 -240 ) 
4 5 19 (0 672 -240 ) (0 0 -240 ) (0 0 -224 ) (0 768 -224 ) 
4 5 10 (416 0 -240 ) (416 0 -224 ) (0 0 -224 ) (0 0 -240 ) 
4 5 7 (0 0 -240 ) (0 672 -240 ) (416 672 -240 ) (416 0 -240 ) 
3 6 18 (0 768 -288 ) (0 480.042786 -288 ) (0 768 -240.007126 ) 
5 6 17 (0 1024 -240 ) (0 1024 -288 ) (0 768 -288 ) (0 768 -240.007126 ) (0 768.042786 -240 ) 
4 6 8 (0 1024 -288 ) (416 1024 -288 ) (416 480.042786 -288 ) (0 480.042755 -288 ) 
4 7 19 (0 384 -288 ) (0 0 -288 ) (0 0 -240 ) (0 672 -240 ) 
4 7 10 (416 0 -288 ) (416 0 -240 ) (0 0 -240 ) (0 0 -288 ) 
4 8 20 (0 768 -304 ) (0 384.042816 -304 ) (0 480.042755 -288 ) (0 768 -288 ) 
4 8 17 (0 1024 -288 ) (0 1024 -304 ) (0 768 -304 ) (0 768 -288 ) 
4 9 10 (416 -384 -288 ) (416 -384 288 ) (416 0 288 ) (416 0 -288 ) 
4 9 11 (416 -384 -304 ) (416 -544 -304 ) (416 -544 288 ) (416 -384 288 ) 
4 10 59 (0 -384 288 ) (0 -16 288 ) (0 -16 -288 ) (0 -384 -288 ) 
4 10 52 (0 -16 288 ) (0 0 288 ) (0 0 -288 ) (0 -16 -288 ) 
4 10 11 (416 -384 -288 ) (416 -384 288 ) (0 -384 288 ) (0 -384 -288 ) 
4 11 62 (0 -544 288 ) (0 -384 288 ) (0 -384 -304 ) (0 -544 -304 ) 
4 12 21 (-80 768 224 ) (-80 768 288 ) (-84 768 288 ) (-84 768 224 ) 
4 12 19 (-80 768 -224 ) (0 768 -224 ) (0 768 288 ) (-80 768 288 ) 
4 12 14 (-84 832 -96 ) (-84 832 288 ) (-84 960 288 ) (-84 960 -96 ) 
4 12 13 (-84 1024 -224 ) (-84 960 -224 ) (-84 960 288 ) (-84 1024 288 ) 
4 12 15 (-84 832 -224 ) (-84 768 -224 ) (-84 768 288 ) (-84 832 288 ) 
4 13 14 (-92 960 288 ) (-92 960 -96 ) (-84 960 -96 ) (-84 960 288 ) 
4 13 16 (-92 1024 -224 ) (-92 960 -224 ) (-92 960 288 ) (-92 1024 288 ) 
4 14 16 (-92 832 -96 ) (-92 832 288 ) (-92 960 288 ) (-92 960 -96 ) 
4 14 15 (-92 832 288 ) (-92 832 -96 ) (-84 832 -96 ) (-84 832 288 ) 
4 15 21 (-84 768 224 ) (-84 768 288 ) (-92 768 288 ) (-92 768 224 ) 
4 15 16 (-92 832 -224 ) (-92 768 -224 ) (-92 768 288 ) (-92 832 288 ) 
4 16 29 (-96 768 -224 ) (-96 768 16 ) (-96 1024 16 ) (-96 1024 -224 ) 
4 16 28 (-96 768 16 ) (-96 768 288 ) (-96 1024 288 ) (-96 1024 16 ) 
4 16 21 (-96 768 288 ) (-96 768 224 ) (-92 768 224 ) (-92 768 288 ) 
4 17 39 (-96 768 -304 ) (-96 768 -272 ) (-96 1024 -272 ) (-96 1024 -304 ) 
4 17 29 (-96 768 -272 ) (-96 768 -240 ) (-96 1024 -240 ) (-96 1024 -272 ) 
4 17 27 (-96 768 -288 ) (-96 768 -304 ) (-80 768 -304 ) (-80 768 -288 ) 
4 17 22 (-96 768 -240 ) (-96 768 -288 ) (-80 768 -288 ) (-80 768 -240 ) 
4 17 20 (-80 768 -304 ) (0 768 -304 ) (0 768 -288 ) (-80 768 -288 ) 
4 17 18 (0 768 -288 ) (0 768 -240 ) (-80 768 -240 ) (-80 768 -288 ) 
3 18 22 (-80 768 -240.007141 ) (-80 768 -288 ) (-80 480.042786 -288 ) 
4 18 20 (-80 480.042786 -288 ) (-80 768 -288 ) (0 768 -288 ) (0 480.042786 -288 ) 
4 19 52 (0 0 -288 ) (0 0 288 ) (-80 0 288 ) (-80 0 -288 ) 
4 19 26 (-80 0 224 ) (-80 0 288 ) (-80 128 288 ) (-80 128 224 ) 
4 19 24 (-80 256 -288 ) (-80 128 -288 ) (-80 128 -160 ) (-80 256 -160 ) 
4 19 23 (-80 128 224 ) (-80 128 288 ) (-80 256 288 ) (-80 256 224 ) 
4 19 21 (-80 768 288 ) (-80 768 224 ) (-80 256 224 ) (-80 256 288 ) 
4 20 27 (-80 768 -288 ) (-80 768 -304 ) (-80 384.042847 -304 ) (-80 480.042786 -288 ) 
4 21 28 (-96 768 288 ) (-96 768 224 ) (-96 256 224 ) (-96 256 288 ) 
4 21 23 (-96 256 288 ) (-96 256 224 ) (-80 256 224 ) (-80 256 288 ) 
4 22 39 (-96 768 -272 ) (-96 768 -288 ) (-96 480.042725 -288 ) (-96 576.042725 -272 ) 
3 22 29 (-96 768 -240.007126 ) (-96 768 -272 ) (-96 576.042725 -272 ) 
4 22 27 (-96 480.042755 -288 ) (-96 768 -288 ) (-80 768 -288 ) (-80 480.042725 -288 ) 
4 23 28 (-96 256 288 ) (-96 256 224 ) (-96 128 224 ) (-96 128 288 ) 
4 23 26 (-96 128 288 ) (-96 128 224 ) (-80 128 224 ) (-80 128 288 ) 
4 25 39 (-96 256 -272 ) (-96 256 -288 ) (-96 128 -288 ) (-96 128 -272 ) 
4 25 29 (-96 256 -160 ) (-96 256 -272 ) (-96 128 -272 ) (-96 128 -160 ) 
4 26 53 (-80 0 224 ) (-80 0 288 ) (-96 0 288 ) (-96 0 224 ) 
4 26 28 (-96 0 224 ) (-96 0 288 ) (-96 128 288 ) (-96 128 224 ) 
4 27 39 (-96 384.042847 -304 ) (-96 480.042786 -288 ) (-96 768 -288 ) (-96 768 -304 ) 
4 28 58 (-864 0 288 ) (-1024 0 288 ) (-1024 0 16 ) (-864 0 16 ) 
4 28 57 (-480 0 288 ) (-864 0 288 ) (-864 0 224 ) (-480 0 224 ) 
4 28 54 (-352 0 288 ) (-480 0 288 ) (-480 0 224 ) (-352 0 224 ) 
4 28 53 (-96 0 224 ) (-96 0 288 ) (-352 0 288 ) (-352 0 224 ) 
4 28 46 (-1024 512 16 ) (-1024 0 16 ) (-1024 0 288 ) (-1024 512 288 ) 
4 28 42 (-1024 960 16 ) (-1024 832 16 ) (-1024 832 288 ) (-1024 960 288 ) 
4 28 40 (-1024 1024 288 ) (-1024 1024 16 ) (-1024 960 16 ) (-1024 960 288 ) 
4 28 43 (-1024 832 16 ) (-1024 512 16 ) (-1024 512 288 ) (-1024 832 288 ) 
4 28 38 (-864 531.555542 16 ) (-864 428.444427 16 ) (-928 400 16 ) (-880 528 16 ) 
4 28 37 (-864 832 16 ) (-864 531.555542 16 ) (-1024 496 16 ) (-1024 832 16 ) 
4 28 36 (-864 428.444427 16 ) (-864 0 16 ) (-1024 0 16 ) (-1024 357.333313 16 ) 
4 28 35 (-864 960 16 ) (-864 832 16 ) (-1024 832 16 ) (-1024 960 16 ) 
4 28 33 (-1024 1024 16 ) (-864 1024 16 ) (-864 960 16 ) (-1024 960 16 ) 
4 28 32 (-562.461548 1024 16 ) (-224 1024 16 ) (-448 800 16 ) (-592 976 16 ) 
4 28 31 (-560 688 16 ) (-864 384 16 ) (-864 534 16 ) (-720 768 16 ) 
3 28 30 (-864 1024 16 ) (-562.461548 1024 16 ) (-864 534 16 ) 
5 28 29 (-224 1024 16 ) (-96 1024 16 ) (-96 0 16 ) (-864 0 16 ) (-864 384 16 ) 
4 29 55 (-480 0 -160 ) (-480 0 -272 ) (-352 0 -272 ) (-352 0 -160 ) 
5 29 39 (-224 1024 -272 ) (-96 1024 -272 ) (-96 0 -272 ) (-864 0 -272 ) (-864 384 -272 ) 
4 29 36 (-864 384 -272 ) (-864 0 -272 ) (-864 0 16 ) (-864 384 16 ) 
4 29 32 (-224 1024 -272 ) (-448 800 -272 ) (-448 799.998901 16 ) (-223.998047 1024 16 ) 
4 29 31 (-560 688 -272 ) (-864 383.998047 -272 ) (-864 383.998047 16 ) (-559.998657 688 16 ) 
3 30 39 (-864 1024 -272 ) (-562.461548 1024 -272 ) (-864 534 -272 ) 
4 30 37 (-864 832 -272 ) (-864 534 -272 ) (-864 534 16 ) (-864 832 16 ) 
4 30 35 (-864 832 -112 ) (-864 832 16 ) (-864 960 16 ) (-864 960 -112 ) 
4 30 34 (-864 960 -272 ) (-864 832 -272 ) (-864 832 -128 ) (-864 960 -128 ) 
4 30 33 (-864 1024 -272 ) (-864 960 -272 ) (-864 960 16 ) (-864 1024 16 ) 
4 30 32 (-592.001526 976.001831 -272 ) (-562.464233 1024 -272 ) (-562.464111 1024 16 ) (-592.001465 976.001770 16 ) 
4 30 31 (-864 534.004395 16 ) (-864 534.004395 -272 ) (-720.002075 768 -272 ) (-720.002014 768.001038 16 ) 
4 31 39 (-560 688 -272 ) (-864 384 -272 ) (-864 534 -272 ) (-720 768 -272 ) 
4 31 38 (-864 531.555542 -272 ) (-864 428.444427 -272 ) (-864 428.444427 16 ) (-864 531.555542 16 ) 
4 31 37 (-864 534 -272 ) (-864 531.555542 -272 ) (-864 531.555542 16 ) (-864 534 16 ) 
4 31 36 (-864 428.444427 -272 ) (-864 384 -272 ) (-864 384 16 ) (-864 428.444427 16 ) 
4 32 39 (-562.461548 1024 -272 ) (-224 1024 -272 ) (-448 800 -272 ) (-592 976 -272 ) 
4 33 40 (-1024 1024 16 ) (-1024 1024 -272 ) (-1024 960 -272 ) (-1024 960 16 ) 
4 33 39 (-1024 960 -272 ) (-1024 1024 -272 ) (-864 1024 -272 ) (-864 960 -272 ) 
4 33 35 (-864 960 -112 ) (-864 960 16 ) (-1024 960 16 ) (-1024 960 -62 ) 
4 33 34 (-1024 960 -272 ) (-864 960 -272 ) (-864 960 -128 ) (-1024 960 -78 ) 
4 34 41 (-1024 960 -272 ) (-1024 832 -272 ) (-1024 832 -78 ) (-1024 960 -78 ) 
4 34 39 (-1024 832 -272 ) (-1024 960 -272 ) (-864 960 -272 ) (-864 832 -272 ) 
4 34 37 (-1024 832 -272 ) (-864 832 -272 ) (-864 832 -128 ) (-1024 832 -78 ) 
4 35 42 (-1024 832 -62 ) (-1024 832 16 ) (-1024 960 16 ) (-1024 960 -62 ) 
4 35 37 (-864 832 -112 ) (-864 832 16 ) (-1024 832 16 ) (-1024 832 -62 ) 
4 36 58 (-864 0 16 ) (-1024 0 16 ) (-1024 0 -272 ) (-864 0 -272 ) 
4 36 47 (-1024 357.333313 -272 ) (-1024 0 -272 ) (-1024 0 16 ) (-1024 357.333313 16 ) 
4 36 39 (-1024 0 -272 ) (-1024 357.333313 -272 ) (-864 428.444427 -272 ) (-864 0 -272 ) 
4 36 38 (-864 428.444763 16 ) (-864 428.444763 -272 ) (-928 400 -272 ) (-928 400 16 ) 
4 37 48 (-1024 512 -272 ) (-1024 496 -272 ) (-1024 496 16 ) (-1024 512 16 ) 
4 37 43 (-1024 832 -272 ) (-1024 512 -272 ) (-1024 512 16 ) (-1024 832 16 ) 
4 37 39 (-1024 496 -272 ) (-1024 832 -272 ) (-864 832 -272 ) (-864 531.555542 -272 ) 
4 37 38 (-880 528 -272 ) (-864 531.555298 -272 ) (-864 531.555298 16 ) (-880 528 16 ) 
4 38 39 (-880 528 -272 ) (-864 531.555542 -272 ) (-864 428.444427 -272 ) (-928 400 -272 ) 
4 39 58 (-864 0 -272 ) (-1024 0 -272 ) (-1024 0 -304 ) (-864 0 -304 ) 
4 39 55 (-352 0 -272 ) (-480 0 -272 ) (-480 0 -288 ) (-352 0 -288 ) 
4 39 51 (-1024 1024 -288 ) (-1024 1024 -304 ) (-1024 0 -304 ) (-1024 0 -288 ) 
4 39 50 (-1024 512 -288 ) (-1024 0 -288 ) (-1024 0 -272 ) (-1024 512 -272 ) 
4 39 41 (-1024 960 -288 ) (-1024 832 -288 ) (-1024 832 -272 ) (-1024 960 -272 ) 
4 39 40 (-1024 1024 -272 ) (-1024 1024 -288 ) (-1024 960 -288 ) (-1024 960 -272 ) 
4 39 43 (-1024 832 -288 ) (-1024 512 -288 ) (-1024 512 -272 ) (-1024 832 -272 ) 
4 40 51 (-1120 1024 -288 ) (-1024 1024 -288 ) (-1024 960 -288 ) (-1120 960 -288 ) 
4 40 44 (-1120 960 -32 ) (-1120 960 288 ) (-1120 1024 288 ) (-1120 1024 -32 ) 
4 40 42 (-1024 960 288 ) (-1120 960 288 ) (-1120 960 -32 ) (-1024 960 -62 ) 
4 40 41 (-1120 960 -48 ) (-1120 960 -288 ) (-1024 960 -288 ) (-1024 960 -78 ) 
4 41 51 (-1024 960 -288 ) (-1024 832 -288 ) (-1120 832 -288 ) (-1120 960 -288 ) 
4 41 43 (-1120 832 -48 ) (-1120 832 -288 ) (-1024 832 -288 ) (-1024 832 -78 ) 
4 42 44 (-1120 832 -32 ) (-1120 832 288 ) (-1120 960 288 ) (-1120 960 -32 ) 
4 42 43 (-1024 832 288 ) (-1120 832 288 ) (-1120 832 -32 ) (-1024 832 -62 ) 
4 43 51 (-1024 832 -288 ) (-1024 512 -288 ) (-1120 512 -288 ) (-1120 832 -288 ) 
4 43 48 (-1024 512 -272 ) (-1024 512 16 ) (-1120 512 16 ) (-1120 512 -272 ) 
4 43 46 (-1024 512 16 ) (-1024 512 288 ) (-1120 512 288 ) (-1120 512 16 ) 
4 43 50 (-1120 512 -288 ) (-1024 512 -288 ) (-1024 512 -272 ) (-1120 512 -272 ) 
4 43 44 (-1120 512 -32 ) (-1120 512 288 ) (-1120 832 288 ) (-1120 832 -32 ) 
4 44 48 (-1888 512 16 ) (-1888 512 -32 ) (-1120 512 -32 ) (-1120 512 16 ) 
4 44 46 (-1888 512 288 ) (-1888 512 16 ) (-1120 512 16 ) (-1120 512 288 ) 
4 44 45 (-1632 512 -32 ) (-1888 512 -32 ) (-1888 1024 -32 ) (-1632 1024 -32 ) 
4 45 51 (-1888 512 -288 ) (-1888 1024 -288 ) (-1632 1024 -288 ) (-1632 512 -288 ) 
4 45 48 (-1888 512 -32 ) (-1888 512 -272 ) (-1632 512 -272 ) (-1632 512 -32 ) 
4 45 50 (-1888 512 -272 ) (-1888 512 -288 ) (-1632 512 -288 ) (-1632 512 -272 ) 
4 46 63 (-1024 0 16 ) (-1024 0 288 ) (-1888 0 288 ) (-1888 0 16 ) 
5 46 49 (-1888 0 16 ) (-1888 304 16 ) (-1168 464 16 ) (-1072 336 16 ) (-1828 0 16 ) 
4 46 48 (-1888 304 16 ) (-1888 512 16 ) (-1024 512 16 ) (-1024 496 16 ) 
3 46 47 (-1024 357.333313 16 ) (-1024 0 16 ) (-1828 0 16 ) 
4 47 63 (-1024 0 -272 ) (-1024 0 16 ) (-1828 0 16 ) (-1828 0 -272 ) 
4 47 49 (-1072 336.001312 -272 ) (-1828.004028 0 -272 ) (-1828.001587 0 16 ) (-1072 336.001038 16 ) 
3 47 50 (-1024 0 -272 ) (-1828 0 -272 ) (-1024 357.333313 -272 ) 
4 48 49 (-1888 304 -272 ) (-1168 464 -272 ) (-1168 464 16 ) (-1888 304 16 ) 
4 48 50 (-1888 304 -272 ) (-1888 512 -272 ) (-1024 512 -272 ) (-1024 496 -272 ) 
4 49 63 (-1828 0 16 ) (-1888 0 16 ) (-1888 0 -272 ) (-1828 0 -272 ) 
5 49 50 (-1828 0 -272 ) (-1888 0 -272 ) (-1888 304 -272 ) (-1168 464 -272 ) (-1072 336 -272 ) 
4 50 63 (-1024 0 -288 ) (-1024 0 -272 ) (-1888 0 -272 ) (-1888 0 -288 ) 
4 50 51 (-1888 0 -288 ) (-1888 512 -288 ) (-1024 512 -288 ) (-1024 0 -288 ) 
4 51 63 (-1024 0 -304 ) (-1024 0 -288 ) (-1888 0 -288 ) (-1888 0 -304 ) 
4 52 59 (0 -16 -288 ) (0 -16 288 ) (-80 -16 288 ) (-80 -16 -288 ) 
4 52 53 (-80 -16 224 ) (-80 -16 288 ) (-80 0 288 ) (-80 0 224 ) 
4 53 60 (-352 -16 288 ) (-352 -16 224 ) (-96 -16 224 ) (-96 -16 288 ) 
4 53 59 (-96 -16 224 ) (-80 -16 224 ) (-80 -16 288 ) (-96 -16 288 ) 
4 53 54 (-352 -16 224 ) (-352 -16 288 ) (-352 0 288 ) (-352 0 224 ) 
4 54 60 (-352 -16 224 ) (-352 -16 288 ) (-480 -16 288 ) (-480 -16 224 ) 
4 54 57 (-480 0 288 ) (-480 0 224 ) (-480 -16 224 ) (-480 -16 288 ) 
4 56 60 (-352 -16 -288 ) (-352 -16 -160 ) (-480 -16 -160 ) (-480 -16 -288 ) 
4 57 60 (-480 -16 224 ) (-480 -16 288 ) (-864 -16 288 ) (-864 -16 224 ) 
4 57 58 (-864 -16 224 ) (-864 -16 288 ) (-864 0 288 ) (-864 0 224 ) 
4 58 63 (-1024 0 288 ) (-1024 0 -304 ) (-1024 -16 -304 ) (-1024 -16 288 ) 
4 58 61 (-1024 -16 288 ) (-1024 -16 -304 ) (-864 -16 -304 ) (-864 -16 288 ) 
4 59 62 (0 -384 -288 ) (0 -384 288 ) (-96 -384 288 ) (-96 -384 -288 ) 
4 59 60 (-96 -384 -288 ) (-96 -384 288 ) (-96 -16 288 ) (-96 -16 -288 ) 
4 60 62 (-96 -384 -288 ) (-96 -384 288 ) (-864 -384 288 ) (-864 -384 -288 ) 
4 60 61 (-864 -384 -288 ) (-864 -384 288 ) (-864 -16 288 ) (-864 -16 -288 ) 
4 61 63 (-1024 -384 288 ) (-1024 -16 288 ) (-1024 -16 -304 ) (-1024 -384 -304 ) 
4 61 62 (-1024 -384 -304 ) (-864 -384 -304 ) (-864 -384 288 ) (-1024 -384 288 ) 
4 62 63 (-1024 -544 288 ) (-1024 -384 288 ) (-1024 -384 -304 ) (-1024 -544 -304 ) 
