


materialPath: D:\Program Files (x86)\Steam\steamapps\common\Team Fortress 2\tf\materials
Loading d:\documents\mapping\tf2\tf2-maps\mefiant\a1\pl_mefiant_a1.vmf
fixing up env_cubemap materials on brush sides...
0...1...2...3...4...5...6...7...8...9...100...1...2...3...4...5...6...7...8...9...10Processing areas...done (0)
Building Faces...done (0)
Chop Details...done (0)
Find Visible Detail Sides...
Merged 64 detail faces...done (0)
Merging details...done (0)
FixTjuncs...
PruneNodes...
WriteBSP...
done (0)
writing d:\documents\mapping\tf2\tf2-maps\mefiant\a1\pl_mefiant_a1.prt...Building visibility clusters...
done (0)
*** Error: Skybox vtf files for skybox/sky_tf2_04 weren't compiled with the same size texture and/or same flags!
Can't load skybox file skybox/sky_tf2_04 to build the default cubemap!
*** Error: Skybox vtf files for skybox/sky_tf2_04 weren't compiled with the same size texture and/or same flags!
Can't load skybox file skybox/sky_tf2_04 to build the default cubemap!
Finding displacement neighbors...
Finding lightmap sample positions...
Displacement Alpha : 0...1...2...3...4...5...6...7...8...9...10
Building Physics collision data...
done (0) (46862 bytes)
Placing detail props : 0...1...2...3...4...5...6...7...8...9...10
Compacting texture/material tables...
Reduced 88 texinfos to 63
Reduced 18 texdatas to 16 (277 bytes to 242)
Writing d:\documents\mapping\tf2\tf2-maps\mefiant\a1\pl_mefiant_a1.bsp
MSG_FILEWRITE - Filesystem was asked to write to 'd:\documents\mapping\tf2\tf2-maps\mefiant\a1\pl_mefiant_a1.bsp', but we don't own that location. Allowing.
ZIP Output overshot buffer estimate: Estimated 0, actual 54
0 seconds elapsed



4 threads
reading d:\documents\mapping\tf2\tf2-maps\mefiant\a1\pl_mefiant_a1.bsp
reading d:\documents\mapping\tf2\tf2-maps\mefiant\a1\pl_mefiant_a1.prt
  64 portalclusters
 198 numportals
0...1...2...3...4...5...6...7...8...9...100...1...2...3...4...5...6...7...8...9...10Optimized: 2 visible clusters (0.06%)
Total clusters visible: 3420
Average clusters visible: 53
Building PAS...
Average clusters audible: 63
visdatasize:1539  compressed from 1024
writing d:\documents\mapping\tf2\tf2-maps\mefiant\a1\pl_mefiant_a1.bsp
MSG_FILEWRITE - Filesystem was asked to write to 'd:\documents\mapping\tf2\tf2-maps\mefiant\a1\pl_mefiant_a1.bsp', but we don't own that location. Allowing.
ZIP Output overshot buffer estimate: Estimated 0, actual 54
0 seconds elapsed



[Reading texlights from 'lights.rad']
[56 texlights parsed from 'lights.rad']

Loading d:\documents\mapping\tf2\tf2-maps\mefiant\a1\pl_mefiant_a1.bsp
680 faces
122669 square feet [17664444.00 square inches]
18 Displacements
8333 Square Feet [1200028.13 Square Inches]
680 patches before subdivision
7146 patches after subdivision
0 direct lights
0...1...2...3...4...5...6...7...8...9...100...1...2...3...4...5...6...7...8...9...10transfers 369715, max 355
transfer lists:   2.8 megs
0...1...2...3...4...5...6...7...8...9...10	Bounce #1 added RGB(0, 0, 0)
Build Patch/Sample Hash Table(s).....Done<0.0012 sec>
0...1...2...3...4...5...6...7...8...9...10FinalLightFace Done
0 of 0 (0% of) surface lights went in leaf ambient cubes.
0...1...2...3...4...5...6...7...8...9...10Writing leaf ambient...done
Ready to Finish

Object names       Objects/Maxobjs  Memory / Maxmem  Fullness 
------------       ---------------  ---------------  -------- 
models                   1/1024           48/49152    ( 0.1%) 
brushes                126/8192         1512/98304    ( 1.5%) 
brushsides             769/65536        6152/524288   ( 1.2%) 
planes                 446/65536        8920/1310720  ( 0.7%) 
vertexes               961/65536       11532/786432   ( 1.5%) 
nodes                  151/65536        4832/2097152  ( 0.2%) 
texinfos                63/12288        4536/884736   ( 0.5%) 
texdata                 16/2048          512/65536    ( 0.8%) 
dispinfos               18/0            3168/0        ( 0.0%) 
disp_verts            1458/0           29160/0        ( 0.0%) 
disp_tris             2304/0            4608/0        ( 0.0%) 
disp_lmsamples       23328/0           23328/0        ( 0.0%) 
faces                  680/65536       38080/3670016  ( 1.0%) 
hdr faces                0/65536           0/3670016  ( 0.0%) 
origfaces              573/65536       32088/3670016  ( 0.9%) 
leaves                 153/65536        4896/2097152  ( 0.2%) 
leaffaces              706/65536        1412/131072   ( 1.1%) 
leafbrushes            194/65536         388/131072   ( 0.3%) 
areas                    2/256            16/2048     ( 0.8%) 
surfedges             5158/512000      20632/2048000  ( 1.0%) 
edges                 2697/256000      10788/1024000  ( 1.1%) 
LDR worldlights          0/8192            0/720896   ( 0.0%) 
HDR worldlights          0/8192            0/720896   ( 0.0%) 
leafwaterdata            0/32768           0/393216   ( 0.0%) 
waterstrips             12/32768         120/327680   ( 0.0%) 
waterverts               0/65536           0/786432   ( 0.0%) 
waterindices           195/65536         390/131072   ( 0.3%) 
cubemapsamples           0/1024            0/16384    ( 0.0%) 
overlays                 1/512           352/180224   ( 0.2%) 
LDR lightdata         [variable]      140792/0        ( 0.0%) 
HDR lightdata         [variable]           0/0        ( 0.0%) 
visdata               [variable]        1539/16777216 ( 0.0%) 
entdata               [variable]         250/393216   ( 0.1%) 
LDR ambient table      153/65536         612/262144   ( 0.2%) 
HDR ambient table      153/65536         612/262144   ( 0.2%) 
LDR leaf ambient        64/65536        1792/1835008  ( 0.1%) 
HDR leaf ambient       153/65536        4284/1835008  ( 0.2%) 
occluders                0/0               0/0        ( 0.0%) 
occluder polygons        0/0               0/0        ( 0.0%) 
occluder vert ind        0/0               0/0        ( 0.0%) 
detail props          [variable]           1/12       ( 8.3%) 
static props          [variable]           1/216      ( 0.5%) 
pakfile               [variable]          54/0        ( 0.0%) 
physics               [variable]       46862/4194304  ( 1.1%) 
physics terrain       [variable]        4596/1048576  ( 0.4%) 

Level flags = 0

Total triangle count: 1506
Writing d:\documents\mapping\tf2\tf2-maps\mefiant\a1\pl_mefiant_a1.bsp
ZIP Output overshot buffer estimate: Estimated 0, actual 54
1 second elapsed
