


materialPath: D:\Program Files (x86)\Steam\steamapps\common\Team Fortress 2\tf\materials
Loading d:\documents\mapping\tf2\tf2-maps\p\a1\cp_p_a1.vmf
Patching WVT material: maps/cp_p_a1/dev/dev_blendmeasure_wvt_patch
Patching WVT material: maps/cp_p_a1/dev/dev_blendmeasure2_wvt_patch
fixing up env_cubemap materials on brush sides...
0...1...2...3...4...5...6...7...8...9...100...1...2...3...4...5...6...7...8...9...10Processing areas...done (0)
Building Faces...done (0)
Chop Details...done (0)
Find Visible Detail Sides...done (0)
Merging details...done (0)
FixTjuncs...
PruneNodes...
WriteBSP...
done (0)
writing d:\documents\mapping\tf2\tf2-maps\p\a1\cp_p_a1.prt...Building visibility clusters...
done (0)
Creating default LDR cubemaps for env_cubemap using skybox materials:
   skybox/sky_day01_01*.vmt
 ! Run buildcubemaps in the engine to get the correct cube maps.
Creating default HDR cubemaps for env_cubemap using skybox materials:
   skybox/sky_day01_01*.vmt
 ! Run buildcubemaps in the engine to get the correct cube maps.
Finding displacement neighbors...
Finding lightmap sample positions...
Displacement Alpha : 0...1...2...3...4...5...6...7...8...9...10
Building Physics collision data...
WARNING: Map using power 4 displacements, terrain physics cannot be compressed, map will need additional memory and CPU.
done (0) (575971 bytes)
Placing detail props : 0...1...2...3...4...5...6...7...8...9...Error loading studio model ""!
10
Compacting texture/material tables...
Reduced 328 texinfos to 231
Reduced 18 texdatas to 16 (445 bytes to 402)
Writing d:\documents\mapping\tf2\tf2-maps\p\a1\cp_p_a1.bsp
MSG_FILEWRITE - Filesystem was asked to write to 'd:\documents\mapping\tf2\tf2-maps\p\a1\cp_p_a1.bsp', but we don't own that location. Allowing.
Wrote ZIP buffer, estimated size 106799, actual size 106317
0 seconds elapsed



4 threads
reading d:\documents\mapping\tf2\tf2-maps\p\a1\cp_p_a1.bsp
reading d:\documents\mapping\tf2\tf2-maps\p\a1\cp_p_a1.prt
 514 portalclusters
1397 numportals
0...1...2...3...4...5...6...7...8...9...10Optimized: 1038 visible clusters (1.98%)
Total clusters visible: 52394
Average clusters visible: 101
Building PAS...
Average clusters audible: 114
visdatasize:23859  compressed from 74016
writing d:\documents\mapping\tf2\tf2-maps\p\a1\cp_p_a1.bsp
MSG_FILEWRITE - Filesystem was asked to write to 'd:\documents\mapping\tf2\tf2-maps\p\a1\cp_p_a1.bsp', but we don't own that location. Allowing.
0 seconds elapsed



[Reading texlights from 'lights.rad']
[56 texlights parsed from 'lights.rad']

Loading d:\documents\mapping\tf2\tf2-maps\p\a1\cp_p_a1.bsp
1919 faces
824567 square feet [118737712.00 square inches]
14 Displacements
14547 Square Feet [2094909.00 Square Inches]
1919 patches before subdivision
61123 patches after subdivision
11 direct lights
0...1...2...3...4...5...6...7...8...9...100...1...2...3...4...5...6...7...8...9...10transfers 5260733, max 476
transfer lists:  40.1 megs
0...1...2...3...4...5...6...7...8...9...10	Bounce #1 added RGB(477318, 362200, 245336)
0...1...2...3...4...5...6...7...8...9...10	Bounce #2 added RGB(113448, 82328, 55914)
Build Patch/Sample Hash Table(s).....Done<0.0121 sec>
0...1...2...3...4...5...6...7...8...9...10FinalLightFace Done
0 of 0 (0% of) surface lights went in leaf ambient cubes.
0...1...2...3...4...5...6...7...8...9...10Writing leaf ambient...done
Ready to Finish

Object names       Objects/Maxobjs  Memory / Maxmem  Fullness 
------------       ---------------  ---------------  -------- 
models                  38/1024         1824/49152    ( 3.7%) 
brushes                282/8192         3384/98304    ( 3.4%) 
brushsides            1829/65536       14632/524288   ( 2.8%) 
planes                1202/65536       24040/1310720  ( 1.8%) 
vertexes              2937/65536       35244/786432   ( 4.5%) 
nodes                 1130/65536       36160/2097152  ( 1.7%) 
texinfos               231/12288       16632/884736   ( 1.9%) 
texdata                 16/2048          512/65536    ( 0.8%) 
dispinfos               14/0            2464/0        ( 0.0%) 
disp_verts            2382/0           47640/0        ( 0.0%) 
disp_tris             4096/0            8192/0        ( 0.0%) 
disp_lmsamples       41586/0           41586/0        ( 0.0%) 
faces                 1919/65536      107464/3670016  ( 2.9%) 
hdr faces                0/65536           0/3670016  ( 0.0%) 
origfaces             1007/65536       56392/3670016  ( 1.5%) 
leaves                1169/65536       37408/2097152  ( 1.8%) 
leaffaces             2739/65536        5478/131072   ( 4.2%) 
leafbrushes            613/65536        1226/131072   ( 0.9%) 
areas                    9/256            72/2048     ( 3.5%) 
surfedges            12989/512000      51956/2048000  ( 2.5%) 
edges                 7221/256000      28884/1024000  ( 2.8%) 
LDR worldlights         10/8192          880/720896   ( 0.1%) 
HDR worldlights          0/8192            0/720896   ( 0.0%) 
leafwaterdata            0/32768           0/393216   ( 0.0%) 
waterstrips            192/32768        1920/327680   ( 0.6%) 
waterverts               0/65536           0/786432   ( 0.0%) 
waterindices          3048/65536        6096/131072   ( 4.7%) 
cubemapsamples           0/1024            0/16384    ( 0.0%) 
overlays                 0/512             0/180224   ( 0.0%) 
LDR lightdata         [variable]     1118080/0        ( 0.0%) 
HDR lightdata         [variable]           0/0        ( 0.0%) 
visdata               [variable]       23859/16777216 ( 0.1%) 
entdata               [variable]       35379/393216   ( 9.0%) 
LDR ambient table     1169/65536        4676/262144   ( 1.8%) 
HDR ambient table     1169/65536        4676/262144   ( 1.8%) 
LDR leaf ambient      5710/65536      159880/1835008  ( 8.7%) 
HDR leaf ambient      1169/65536       32732/1835008  ( 1.8%) 
occluders                0/0               0/0        ( 0.0%) 
occluder polygons        0/0               0/0        ( 0.0%) 
occluder vert ind        0/0               0/0        ( 0.0%) 
detail props          [variable]           1/12       ( 8.3%) 
static props          [variable]           1/3226     ( 0.0%) 
pakfile               [variable]      106317/0        ( 0.0%) 
physics               [variable]      575971/4194304  (13.7%) 
physics terrain       [variable]           0/1048576  ( 0.0%) 

Level flags = 0

Total triangle count: 5128
Writing d:\documents\mapping\tf2\tf2-maps\p\a1\cp_p_a1.bsp
9 seconds elapsed



materialPath: D:\Program Files (x86)\Steam\steamapps\common\Team Fortress 2\tf\materials
Loading d:\documents\mapping\tf2\tf2-maps\p\a1\cp_p_a1.vmf
Patching WVT material: maps/cp_p_a1/dev/dev_blendmeasure_wvt_patch
Patching WVT material: maps/cp_p_a1/dev/dev_blendmeasure2_wvt_patch
fixing up env_cubemap materials on brush sides...
0...1...2...3...4...5...6...7...8...9...100...1...2...3...4...5...6...7...8...9...10Processing areas...done (0)
Building Faces...done (0)
Chop Details...done (0)
Find Visible Detail Sides...done (0)
Merging details...done (0)
FixTjuncs...
PruneNodes...
WriteBSP...
done (0)
writing d:\documents\mapping\tf2\tf2-maps\p\a1\cp_p_a1.prt...Building visibility clusters...
done (0)
Creating default LDR cubemaps for env_cubemap using skybox materials:
   skybox/sky_day01_01*.vmt
 ! Run buildcubemaps in the engine to get the correct cube maps.
Creating default HDR cubemaps for env_cubemap using skybox materials:
   skybox/sky_day01_01*.vmt
 ! Run buildcubemaps in the engine to get the correct cube maps.
Finding displacement neighbors...
Finding lightmap sample positions...
Displacement Alpha : 0...1...2...3...4...5...6...7...8...9...10
Building Physics collision data...
WARNING: Map using power 4 displacements, terrain physics cannot be compressed, map will need additional memory and CPU.
done (0) (575971 bytes)
Placing detail props : 0...1...2...3...4...5...6...7...8...9...Error loading studio model ""!
10
Compacting texture/material tables...
Reduced 328 texinfos to 231
Reduced 18 texdatas to 16 (445 bytes to 402)
Writing d:\documents\mapping\tf2\tf2-maps\p\a1\cp_p_a1.bsp
MSG_FILEWRITE - Filesystem was asked to write to 'd:\documents\mapping\tf2\tf2-maps\p\a1\cp_p_a1.bsp', but we don't own that location. Allowing.
Wrote ZIP buffer, estimated size 106799, actual size 106317
0 seconds elapsed



4 threads
reading d:\documents\mapping\tf2\tf2-maps\p\a1\cp_p_a1.bsp
reading d:\documents\mapping\tf2\tf2-maps\p\a1\cp_p_a1.prt
 514 portalclusters
1397 numportals
0...1...2...3...4...5...6...7...8...9...10Optimized: 1038 visible clusters (1.98%)
Total clusters visible: 52394
Average clusters visible: 101
Building PAS...
Average clusters audible: 114
visdatasize:23859  compressed from 74016
writing d:\documents\mapping\tf2\tf2-maps\p\a1\cp_p_a1.bsp
MSG_FILEWRITE - Filesystem was asked to write to 'd:\documents\mapping\tf2\tf2-maps\p\a1\cp_p_a1.bsp', but we don't own that location. Allowing.
0 seconds elapsed



[Reading texlights from 'lights.rad']
[56 texlights parsed from 'lights.rad']

Loading d:\documents\mapping\tf2\tf2-maps\p\a1\cp_p_a1.bsp
1919 faces
824567 square feet [118737712.00 square inches]
14 Displacements
14547 Square Feet [2094909.00 Square Inches]
1919 patches before subdivision
61123 patches after subdivision
11 direct lights
0...1...2...3...4...5...6...7...8...9...100...1...2...3...4...5...6...7...8...9...10transfers 5260733, max 476
transfer lists:  40.1 megs
0...1...2...3...4...5...6...7...8...9...10	Bounce #1 added RGB(477318, 362200, 245336)
0...1...2...3...4...5...6...7...8...9...10	Bounce #2 added RGB(113448, 82328, 55914)
Build Patch/Sample Hash Table(s).....Done<0.0122 sec>
0...1...2...3...4...5...6...7...8...9...10FinalLightFace Done
0 of 0 (0% of) surface lights went in leaf ambient cubes.
0...1...2...3...4...5...6...7...8...9...10Writing leaf ambient...done
Ready to Finish

Object names       Objects/Maxobjs  Memory / Maxmem  Fullness 
------------       ---------------  ---------------  -------- 
models                  38/1024         1824/49152    ( 3.7%) 
brushes                282/8192         3384/98304    ( 3.4%) 
brushsides            1829/65536       14632/524288   ( 2.8%) 
planes                1202/65536       24040/1310720  ( 1.8%) 
vertexes              2937/65536       35244/786432   ( 4.5%) 
nodes                 1130/65536       36160/2097152  ( 1.7%) 
texinfos               231/12288       16632/884736   ( 1.9%) 
texdata                 16/2048          512/65536    ( 0.8%) 
dispinfos               14/0            2464/0        ( 0.0%) 
disp_verts            2382/0           47640/0        ( 0.0%) 
disp_tris             4096/0            8192/0        ( 0.0%) 
disp_lmsamples       41586/0           41586/0        ( 0.0%) 
faces                 1919/65536      107464/3670016  ( 2.9%) 
hdr faces                0/65536           0/3670016  ( 0.0%) 
origfaces             1007/65536       56392/3670016  ( 1.5%) 
leaves                1169/65536       37408/2097152  ( 1.8%) 
leaffaces             2739/65536        5478/131072   ( 4.2%) 
leafbrushes            613/65536        1226/131072   ( 0.9%) 
areas                    9/256            72/2048     ( 3.5%) 
surfedges            12989/512000      51956/2048000  ( 2.5%) 
edges                 7221/256000      28884/1024000  ( 2.8%) 
LDR worldlights         10/8192          880/720896   ( 0.1%) 
HDR worldlights          0/8192            0/720896   ( 0.0%) 
leafwaterdata            0/32768           0/393216   ( 0.0%) 
waterstrips            192/32768        1920/327680   ( 0.6%) 
waterverts               0/65536           0/786432   ( 0.0%) 
waterindices          3048/65536        6096/131072   ( 4.7%) 
cubemapsamples           0/1024            0/16384    ( 0.0%) 
overlays                 0/512             0/180224   ( 0.0%) 
LDR lightdata         [variable]     1118080/0        ( 0.0%) 
HDR lightdata         [variable]           0/0        ( 0.0%) 
visdata               [variable]       23859/16777216 ( 0.1%) 
entdata               [variable]       35770/393216   ( 9.1%) 
LDR ambient table     1169/65536        4676/262144   ( 1.8%) 
HDR ambient table     1169/65536        4676/262144   ( 1.8%) 
LDR leaf ambient      5710/65536      159880/1835008  ( 8.7%) 
HDR leaf ambient      1169/65536       32732/1835008  ( 1.8%) 
occluders                0/0               0/0        ( 0.0%) 
occluder polygons        0/0               0/0        ( 0.0%) 
occluder vert ind        0/0               0/0        ( 0.0%) 
detail props          [variable]           1/12       ( 8.3%) 
static props          [variable]           1/3226     ( 0.0%) 
pakfile               [variable]      106317/0        ( 0.0%) 
physics               [variable]      575971/4194304  (13.7%) 
physics terrain       [variable]           0/1048576  ( 0.0%) 

Level flags = 0

Total triangle count: 5128
Writing d:\documents\mapping\tf2\tf2-maps\p\a1\cp_p_a1.bsp
10 seconds elapsed



materialPath: D:\Program Files (x86)\Steam\steamapps\common\Team Fortress 2\tf\materials
Loading d:\documents\mapping\tf2\tf2-maps\p\a1\cp_p_a1.vmf
Patching WVT material: maps/cp_p_a1/dev/dev_blendmeasure_wvt_patch
Patching WVT material: maps/cp_p_a1/dev/dev_blendmeasure2_wvt_patch
fixing up env_cubemap materials on brush sides...
0...1...2...3...4...5...6...7...8...9...100...1...2...3...4...5...6...7...8...9...10Processing areas...done (0)
Building Faces...done (0)
Chop Details...done (0)
Find Visible Detail Sides...done (0)
Merging details...done (0)
FixTjuncs...
PruneNodes...
WriteBSP...
done (0)
writing d:\documents\mapping\tf2\tf2-maps\p\a1\cp_p_a1.prt...Building visibility clusters...
done (0)
Creating default LDR cubemaps for env_cubemap using skybox materials:
   skybox/sky_day01_01*.vmt
 ! Run buildcubemaps in the engine to get the correct cube maps.
Creating default HDR cubemaps for env_cubemap using skybox materials:
   skybox/sky_day01_01*.vmt
 ! Run buildcubemaps in the engine to get the correct cube maps.
Finding displacement neighbors...
Finding lightmap sample positions...
Displacement Alpha : 0...1...2...3...4...5...6...7...8...9...10
Building Physics collision data...
WARNING: Map using power 4 displacements, terrain physics cannot be compressed, map will need additional memory and CPU.
done (0) (575971 bytes)
Placing detail props : 0...1...2...3...4...5...6...7...8...9...Error loading studio model ""!
10
Compacting texture/material tables...
Reduced 328 texinfos to 231
Reduced 18 texdatas to 16 (445 bytes to 402)
Writing d:\documents\mapping\tf2\tf2-maps\p\a1\cp_p_a1.bsp
MSG_FILEWRITE - Filesystem was asked to write to 'd:\documents\mapping\tf2\tf2-maps\p\a1\cp_p_a1.bsp', but we don't own that location. Allowing.
Wrote ZIP buffer, estimated size 106799, actual size 106317
0 seconds elapsed



4 threads
reading d:\documents\mapping\tf2\tf2-maps\p\a1\cp_p_a1.bsp
reading d:\documents\mapping\tf2\tf2-maps\p\a1\cp_p_a1.prt
 514 portalclusters
1397 numportals
0...1...2...3...4...5...6...7...8...9...100...1...2...3...4...5...6...7...8...9...10Optimized: 32 visible clusters (0.07%)
Total clusters visible: 48650
Average clusters visible: 94
Building PAS...
Average clusters audible: 114
visdatasize:23811  compressed from 74016
writing d:\documents\mapping\tf2\tf2-maps\p\a1\cp_p_a1.bsp
MSG_FILEWRITE - Filesystem was asked to write to 'd:\documents\mapping\tf2\tf2-maps\p\a1\cp_p_a1.bsp', but we don't own that location. Allowing.
1 second elapsed



[Reading texlights from 'lights.rad']
[56 texlights parsed from 'lights.rad']

Loading d:\documents\mapping\tf2\tf2-maps\p\a1\cp_p_a1.bsp
1919 faces
824567 square feet [118737712.00 square inches]
14 Displacements
14547 Square Feet [2094909.00 Square Inches]
1919 patches before subdivision
61123 patches after subdivision
11 direct lights
0...1...2...3...4...5...6...7...8...9...100...1...2...3...4...5...6...7...8...9...10transfers 5260732, max 476
transfer lists:  40.1 megs
0...1...2...3...4...5...6...7...8...9...10	Bounce #1 added RGB(474985, 360404, 243997)
0...1...2...3...4...5...6...7...8...9...10	Bounce #2 added RGB(112891, 81983, 55664)
0...1...2...3...4...5...6...7...8...9...10	Bounce #3 added RGB(31228, 21854, 15045)
0...1...2...3...4...5...6...7...8...9...10	Bounce #4 added RGB(9263, 6179, 4339)
0...1...2...3...4...5...6...7...8...9...10	Bounce #5 added RGB(2905, 1825, 1307)
0...1...2...3...4...5...6...7...8...9...10	Bounce #6 added RGB(964, 560, 409)
0...1...2...3...4...5...6...7...8...9...10	Bounce #7 added RGB(335, 175, 130)
0...1...2...3...4...5...6...7...8...9...10	Bounce #8 added RGB(122, 56, 42)
0...1...2...3...4...5...6...7...8...9...10	Bounce #9 added RGB(47, 18, 14)
0...1...2...3...4...5...6...7...8...9...10	Bounce #10 added RGB(19, 6, 5)
0...1...2...3...4...5...6...7...8...9...10	Bounce #11 added RGB(8, 2, 2)
0...1...2...3...4...5...6...7...8...9...10	Bounce #12 added RGB(3, 1, 1)
0...1...2...3...4...5...6...7...8...9...10	Bounce #13 added RGB(1, 0, 0)
0...1...2...3...4...5...6...7...8...9...10	Bounce #14 added RGB(1, 0, 0)
Build Patch/Sample Hash Table(s).....Done<0.0134 sec>
0...1...2...3...4...5...6...7...8...9...10FinalLightFace Done
0 of 0 (0% of) surface lights went in leaf ambient cubes.
0...1...2...3...4...5...6...7...8...9...10Writing leaf ambient...done
Ready to Finish

Object names       Objects/Maxobjs  Memory / Maxmem  Fullness 
------------       ---------------  ---------------  -------- 
models                  38/1024         1824/49152    ( 3.7%) 
brushes                282/8192         3384/98304    ( 3.4%) 
brushsides            1829/65536       14632/524288   ( 2.8%) 
planes                1202/65536       24040/1310720  ( 1.8%) 
vertexes              2937/65536       35244/786432   ( 4.5%) 
nodes                 1130/65536       36160/2097152  ( 1.7%) 
texinfos               231/12288       16632/884736   ( 1.9%) 
texdata                 16/2048          512/65536    ( 0.8%) 
dispinfos               14/0            2464/0        ( 0.0%) 
disp_verts            2382/0           47640/0        ( 0.0%) 
disp_tris             4096/0            8192/0        ( 0.0%) 
disp_lmsamples       41586/0           41586/0        ( 0.0%) 
faces                 1919/65536      107464/3670016  ( 2.9%) 
hdr faces                0/65536           0/3670016  ( 0.0%) 
origfaces             1007/65536       56392/3670016  ( 1.5%) 
leaves                1169/65536       37408/2097152  ( 1.8%) 
leaffaces             2739/65536        5478/131072   ( 4.2%) 
leafbrushes            613/65536        1226/131072   ( 0.9%) 
areas                    9/256            72/2048     ( 3.5%) 
surfedges            12989/512000      51956/2048000  ( 2.5%) 
edges                 7221/256000      28884/1024000  ( 2.8%) 
LDR worldlights         10/8192          880/720896   ( 0.1%) 
HDR worldlights          0/8192            0/720896   ( 0.0%) 
leafwaterdata            0/32768           0/393216   ( 0.0%) 
waterstrips            192/32768        1920/327680   ( 0.6%) 
waterverts               0/65536           0/786432   ( 0.0%) 
waterindices          3048/65536        6096/131072   ( 4.7%) 
cubemapsamples           0/1024            0/16384    ( 0.0%) 
overlays                 0/512             0/180224   ( 0.0%) 
LDR lightdata         [variable]     1118080/0        ( 0.0%) 
HDR lightdata         [variable]           0/0        ( 0.0%) 
visdata               [variable]       23811/16777216 ( 0.1%) 
entdata               [variable]       35770/393216   ( 9.1%) 
LDR ambient table     1169/65536        4676/262144   ( 1.8%) 
HDR ambient table     1169/65536        4676/262144   ( 1.8%) 
LDR leaf ambient      5710/65536      159880/1835008  ( 8.7%) 
HDR leaf ambient      1169/65536       32732/1835008  ( 1.8%) 
occluders                0/0               0/0        ( 0.0%) 
occluder polygons        0/0               0/0        ( 0.0%) 
occluder vert ind        0/0               0/0        ( 0.0%) 
detail props          [variable]           1/12       ( 8.3%) 
static props          [variable]           1/3226     ( 0.0%) 
pakfile               [variable]      106317/0        ( 0.0%) 
physics               [variable]      575971/4194304  (13.7%) 
physics terrain       [variable]           0/1048576  ( 0.0%) 

Level flags = 0

Total triangle count: 5128
Writing d:\documents\mapping\tf2\tf2-maps\p\a1\cp_p_a1.bsp
1 minute, 24 seconds elapsed



[Reading texlights from 'lights.rad']
[56 texlights parsed from 'lights.rad']

Loading d:\documents\mapping\tf2\tf2-maps\p\a1\cp_p_a1.bsp
1919 faces
824567 square feet [118737712.00 square inches]
14 Displacements
14547 Square Feet [2094909.00 Square Inches]
1919 patches before subdivision
61123 patches after subdivision
11 direct lights
0...1...2...3...4...5...6...7...8...9...100...1...2...3...4...5...6...7...8...9...10transfers 5260732, max 476
transfer lists:  40.1 megs
0...1...2...3...4...5...6...7...8...9...10	Bounce #1 added RGB(474984, 360404, 243997)
0...1...2...3...4...5...6...7...8...9...10	Bounce #2 added RGB(112891, 81983, 55664)
0...1...2...3...4...5...6...7...8...9...10	Bounce #3 added RGB(31228, 21854, 15045)
0...1...2...3...4...5...6...7...8...9...10	Bounce #4 added RGB(9263, 6179, 4339)
0...1...2...3...4...5...6...7...8...9...10	Bounce #5 added RGB(2905, 1825, 1307)
0...1...2...3...4...5...6...7...8...9...10	Bounce #6 added RGB(964, 560, 409)
0...1...2...3...4...5...6...7...8...9...10	Bounce #7 added RGB(335, 175, 130)
0...1...2...3...4...5...6...7...8...9...10	Bounce #8 added RGB(122, 56, 42)
0...1...2...3...4...5...6...7...8...9...10	Bounce #9 added RGB(47, 18, 14)
0...1...2...3...4...5...6...7...8...9...10	Bounce #10 added RGB(19, 6, 5)
0...1...2...3...4...5...6...7...8...9...10	Bounce #11 added RGB(8, 2, 2)
0...1...2...3...4...5...6...7...8...9...10	Bounce #12 added RGB(3, 1, 1)
0...1...2...3...4...5...6...7...8...9...10	Bounce #13 added RGB(1, 0, 0)
0...1...2...3...4...5...6...7...8...9...10	Bounce #14 added RGB(1, 0, 0)
Build Patch/Sample Hash Table(s).....Done<0.0135 sec>
0...1...2...3...4...5...6...7...8...9...10FinalLightFace Done
0 of 0 (0% of) surface lights went in leaf ambient cubes.
0...1...2...3...4...5...6...7...8...9...10Writing leaf ambient...done
Ready to Finish

Object names       Objects/Maxobjs  Memory / Maxmem  Fullness 
------------       ---------------  ---------------  -------- 
models                  38/1024         1824/49152    ( 3.7%) 
brushes                282/8192         3384/98304    ( 3.4%) 
brushsides            1829/65536       14632/524288   ( 2.8%) 
planes                1202/65536       24040/1310720  ( 1.8%) 
vertexes              2937/65536       35244/786432   ( 4.5%) 
nodes                 1130/65536       36160/2097152  ( 1.7%) 
texinfos               231/12288       16632/884736   ( 1.9%) 
texdata                 16/2048          512/65536    ( 0.8%) 
dispinfos               14/0            2464/0        ( 0.0%) 
disp_verts            2382/0           47640/0        ( 0.0%) 
disp_tris             4096/0            8192/0        ( 0.0%) 
disp_lmsamples       41586/0           41586/0        ( 0.0%) 
faces                 1919/65536      107464/3670016  ( 2.9%) 
hdr faces             1919/65536      107464/3670016  ( 2.9%) 
origfaces             1007/65536       56392/3670016  ( 1.5%) 
leaves                1169/65536       37408/2097152  ( 1.8%) 
leaffaces             2739/65536        5478/131072   ( 4.2%) 
leafbrushes            613/65536        1226/131072   ( 0.9%) 
areas                    9/256            72/2048     ( 3.5%) 
surfedges            12989/512000      51956/2048000  ( 2.5%) 
edges                 7221/256000      28884/1024000  ( 2.8%) 
LDR worldlights         10/8192          880/720896   ( 0.1%) 
HDR worldlights         10/8192          880/720896   ( 0.1%) 
leafwaterdata            0/32768           0/393216   ( 0.0%) 
waterstrips            192/32768        1920/327680   ( 0.6%) 
waterverts               0/65536           0/786432   ( 0.0%) 
waterindices          3048/65536        6096/131072   ( 4.7%) 
cubemapsamples           0/1024            0/16384    ( 0.0%) 
overlays                 0/512             0/180224   ( 0.0%) 
LDR lightdata         [variable]     1118080/0        ( 0.0%) 
HDR lightdata         [variable]     1118080/0        ( 0.0%) 
visdata               [variable]       23811/16777216 ( 0.1%) 
entdata               [variable]       35770/393216   ( 9.1%) 
LDR ambient table     1169/65536        4676/262144   ( 1.8%) 
HDR ambient table     1169/65536        4676/262144   ( 1.8%) 
LDR leaf ambient      5710/65536      159880/1835008  ( 8.7%) 
HDR leaf ambient      5710/65536      159880/1835008  ( 8.7%) 
occluders                0/0               0/0        ( 0.0%) 
occluder polygons        0/0               0/0        ( 0.0%) 
occluder vert ind        0/0               0/0        ( 0.0%) 
detail props          [variable]           1/12       ( 8.3%) 
static props          [variable]           1/3226     ( 0.0%) 
pakfile               [variable]      106317/0        ( 0.0%) 
physics               [variable]      575971/4194304  (13.7%) 
physics terrain       [variable]           0/1048576  ( 0.0%) 

Level flags = 0

Total triangle count: 5128
Writing d:\documents\mapping\tf2\tf2-maps\p\a1\cp_p_a1.bsp
1 minute, 26 seconds elapsed
