


materialPath: D:\Program Files (x86)\Steam\steamapps\common\Team Fortress 2\tf\materials
Loading d:\documents\mapping\tf2\tf2-maps\slipgate\a5\cp_slipgate_a5.vmf
Patching WVT material: maps/cp_slipgate_a5/dev/dev_blendmeasure_wvt_patch
Patching WVT material: maps/cp_slipgate_a5/dev/dev_blendmeasure2_wvt_patch
fixing up env_cubemap materials on brush sides...
0...1...2...3...4...5...6...7...8...9...10**** leaked ****
Entity light (1168.00 752.00 -624.00) leaked!

FindPortalSide: Couldn't find a good match for which brush to assign to a portal near (3584.0 4096.0 -32.0)
Leaf 0 contents: 
Leaf 1 contents: CONTENTS_SOLID 
viscontents (node 0 contents ^ node 1 contents): CONTENTS_SOLID 
This means that none of the brushes in leaf 0 or 1 that touches the portal has CONTENTS_SOLID 
Check for a huge brush enclosing the coordinates above that has contents CONTENTS_SOLID 
Candidate brush IDs: 


FindPortalSide: Couldn't find a good match for which brush to assign to a portal near (4096.0 3584.0 -32.0)
Leaf 0 contents: 
Leaf 1 contents: CONTENTS_SOLID 
viscontents (node 0 contents ^ node 1 contents): CONTENTS_SOLID 
This means that none of the brushes in leaf 0 or 1 that touches the portal has CONTENTS_SOLID 
Check for a huge brush enclosing the coordinates above that has contents CONTENTS_SOLID 
Candidate brush IDs: 


FindPortalSide: Couldn't find a good match for which brush to assign to a portal near (4096.0 2560.0 -32.0)
Leaf 0 contents: 
Leaf 1 contents: CONTENTS_SOLID 
viscontents (node 0 contents ^ node 1 contents): CONTENTS_SOLID 
This means that none of the brushes in leaf 0 or 1 that touches the portal has CONTENTS_SOLID 
Check for a huge brush enclosing the coordinates above that has contents CONTENTS_SOLID 
Candidate brush IDs: 


FindPortalSide: Couldn't find a good match for which brush to assign to a portal near (3072.0 1352.0 -931.7)
Leaf 0 contents: CONTENTS_SOLID 
Leaf 1 contents: 
viscontents (node 0 contents ^ node 1 contents): CONTENTS_SOLID 
This means that none of the brushes in leaf 0 or 1 that touches the portal has CONTENTS_SOLID 
Check for a huge brush enclosing the coordinates above that has contents CONTENTS_SOLID 
Candidate brush IDs: 


FindPortalSide: Couldn't find a good match for which brush to assign to a portal near (3072.0 1864.0 -928.0)
Leaf 0 contents: CONTENTS_SOLID 
Leaf 1 contents: 
viscontents (node 0 contents ^ node 1 contents): CONTENTS_SOLID 
This means that none of the brushes in leaf 0 or 1 that touches the portal has CONTENTS_SOLID 
Check for a huge brush enclosing the coordinates above that has contents CONTENTS_SOLID 
Candidate brush IDs: 


FindPortalSide: Couldn't find a good match for which brush to assign to a portal near (3072.0 1864.0 -278.5)
Leaf 0 contents: CONTENTS_SOLID 
Leaf 1 contents: 
viscontents (node 0 contents ^ node 1 contents): CONTENTS_SOLID 
This means that none of the brushes in leaf 0 or 1 that touches the portal has CONTENTS_SOLID 
Check for a huge brush enclosing the coordinates above that has contents CONTENTS_SOLID 
Candidate brush IDs: 


FindPortalSide: Couldn't find a good match for which brush to assign to a portal near (3072.0 1352.0 632.0)
Leaf 0 contents: CONTENTS_SOLID 
Leaf 1 contents: 
viscontents (node 0 contents ^ node 1 contents): CONTENTS_SOLID 
This means that none of the brushes in leaf 0 or 1 that touches the portal has CONTENTS_SOLID 
Check for a huge brush enclosing the coordinates above that has contents CONTENTS_SOLID 
Candidate brush IDs: 


FindPortalSide: Couldn't find a good match for which brush to assign to a portal near (3072.0 1864.0 617.5)
Leaf 0 contents: CONTENTS_SOLID 
Leaf 1 contents: 
viscontents (node 0 contents ^ node 1 contents): CONTENTS_SOLID 
This means that none of the brushes in leaf 0 or 1 that touches the portal has CONTENTS_SOLID 
Check for a huge brush enclosing the coordinates above that has contents CONTENTS_SOLID 
Candidate brush IDs: 

*** Suppressing further FindPortalSide errors.... ***
Processing areas...done (0)
Building Faces...done (0)
Chop Details...done (0)
Find Visible Detail Sides...done (0)
Merging details...done (0)
FixTjuncs...
PruneNodes...
WriteBSP...
done (0)
*** Error: Skybox vtf files for skybox/sky_trainyard_01 weren't compiled with the same size texture and/or same flags!
Can't load skybox file skybox/sky_trainyard_01 to build the default cubemap!
*** Error: Skybox vtf files for skybox/sky_trainyard_01 weren't compiled with the same size texture and/or same flags!
Can't load skybox file skybox/sky_trainyard_01 to build the default cubemap!
Finding displacement neighbors...
Finding lightmap sample positions...
Displacement Alpha : 0...1...2...3...4...5...6...7...8...9...10
ConVarRef mat_reduceparticles doesn't point to an existing ConVar
Building Physics collision data...
WARNING: Map using power 4 displacements, terrain physics cannot be compressed, map will need additional memory and CPU.
done (0) (603348 bytes)
Placing detail props : 0...1...2...3...4...5...6...7...8...9...10
Water found with no water_lod_control entity, creating a default one.
Compacting texture/material tables...
Reduced 441 texinfos to 329
Reduced 23 texdatas to 20 (602 bytes to 512)
Writing d:\documents\mapping\tf2\tf2-maps\slipgate\a5\cp_slipgate_a5.bsp
MSG_FILEWRITE - Filesystem was asked to write to 'd:\documents\mapping\tf2\tf2-maps\slipgate\a5\cp_slipgate_a5.bsp', but we don't own that location. Allowing.
Wrote ZIP buffer, estimated size 1388, actual size 1040
2 seconds elapsed



4 threads
reading d:\documents\mapping\tf2\tf2-maps\slipgate\a5\cp_slipgate_a5.bsp
reading d:\documents\mapping\tf2\tf2-maps\slipgate\a5\cp_slipgate_a5.prt
LoadPortals: couldn't read d:\documents\mapping\tf2\tf2-maps\slipgate\a5\cp_slipgate_a5.prt



[Reading texlights from 'lights.rad']
[56 texlights parsed from 'lights.rad']

Loading d:\documents\mapping\tf2\tf2-maps\slipgate\a5\cp_slipgate_a5.bsp
No vis information, direct lighting only.
3414 faces
1404682 square feet [202274304.00 square inches]
14 Displacements
14547 Square Feet [2094909.00 Square Inches]
20 direct lights
0...1...2...3...4...5...6...7...8...9...10Build Patch/Sample Hash Table(s).....Done<0.0191 sec>
0...1...2...3...4...5...6...7...8...9...10FinalLightFace Done
0 of 0 (0% of) surface lights went in leaf ambient cubes.
0...1...2...3...4...5...6...7...8...9...10Writing leaf ambient...done
Ready to Finish

Object names       Objects/Maxobjs  Memory / Maxmem  Fullness 
------------       ---------------  ---------------  -------- 
models                  61/1024         2928/49152    ( 6.0%) 
brushes                345/8192         4140/98304    ( 4.2%) 
brushsides            2207/65536       17656/524288   ( 3.4%) 
planes                1270/65536       25400/1310720  ( 1.9%) 
vertexes              4627/65536       55524/786432   ( 7.1%) 
nodes                 2044/65536       65408/2097152  ( 3.1%) 
texinfos               329/12288       23688/884736   ( 2.7%) 
texdata                 20/2048          640/65536    ( 1.0%) 
dispinfos               14/0            2464/0        ( 0.0%) 
disp_verts            2382/0           47640/0        ( 0.0%) 
disp_tris             4096/0            8192/0        ( 0.0%) 
disp_lmsamples       41586/0           41586/0        ( 0.0%) 
faces                 3414/65536      191184/3670016  ( 5.2%) 
hdr faces                0/65536           0/3670016  ( 0.0%) 
origfaces             1474/65536       82544/3670016  ( 2.2%) 
leaves                2106/65536       67392/2097152  ( 3.2%) 
leaffaces             4431/65536        8862/131072   ( 6.8%) 
leafbrushes            832/65536        1664/131072   ( 1.3%) 
areas                    9/256            72/2048     ( 3.5%) 
surfedges            21592/512000      86368/2048000  ( 4.2%) 
edges                11702/256000      46808/1024000  ( 4.6%) 
LDR worldlights         20/8192         1760/720896   ( 0.2%) 
HDR worldlights          0/8192            0/720896   ( 0.0%) 
leafwaterdata            1/32768          12/393216   ( 0.0%) 
waterstrips            261/32768        2610/327680   ( 0.8%) 
waterverts               0/65536           0/786432   ( 0.0%) 
waterindices          4095/65536        8190/131072   ( 6.2%) 
cubemapsamples           0/1024            0/16384    ( 0.0%) 
overlays                 7/512          2464/180224   ( 1.4%) 
LDR lightdata         [variable]     2223676/0        ( 0.0%) 
HDR lightdata         [variable]           0/0        ( 0.0%) 
visdata               [variable]           0/16777216 ( 0.0%) 
entdata               [variable]       46068/393216   (11.7%) 
LDR ambient table     2106/65536        8424/262144   ( 3.2%) 
HDR ambient table     2106/65536        8424/262144   ( 3.2%) 
LDR leaf ambient     11838/65536      331464/1835008  (18.1%) 
HDR leaf ambient      2106/65536       58968/1835008  ( 3.2%) 
occluders                0/0               0/0        ( 0.0%) 
occluder polygons        0/0               0/0        ( 0.0%) 
occluder vert ind        0/0               0/0        ( 0.0%) 
detail props          [variable]           1/12       ( 8.3%) 
static props          [variable]           1/5266     ( 0.0%) 
pakfile               [variable]        1040/0        ( 0.0%) 
physics               [variable]      603348/4194304  (14.4%) 
physics terrain       [variable]           0/1048576  ( 0.0%) 

Level flags = 0

Total triangle count: 8876
Writing d:\documents\mapping\tf2\tf2-maps\slipgate\a5\cp_slipgate_a5.bsp
14 seconds elapsed



materialPath: D:\Program Files (x86)\Steam\steamapps\common\Team Fortress 2\tf\materials
Loading D:\Documents\Mapping\tf2\TF2-Maps\Slipgate\A5\cp_slipgate_a5.vmf
Patching WVT material: maps/cp_slipgate_a5/dev/dev_blendmeasure_wvt_patch
Patching WVT material: maps/cp_slipgate_a5/dev/dev_blendmeasure2_wvt_patch
fixing up env_cubemap materials on brush sides...
0...1...2...3...4...5...6...7...8...9...10**** leaked ****
Entity light (1168.00 752.00 -624.00) leaked!

FindPortalSide: Couldn't find a good match for which brush to assign to a portal near (3584.0 4096.0 -32.0)
Leaf 0 contents: 
Leaf 1 contents: CONTENTS_SOLID 
viscontents (node 0 contents ^ node 1 contents): CONTENTS_SOLID 
This means that none of the brushes in leaf 0 or 1 that touches the portal has CONTENTS_SOLID 
Check for a huge brush enclosing the coordinates above that has contents CONTENTS_SOLID 
Candidate brush IDs: 


FindPortalSide: Couldn't find a good match for which brush to assign to a portal near (4096.0 3584.0 -32.0)
Leaf 0 contents: 
Leaf 1 contents: CONTENTS_SOLID 
viscontents (node 0 contents ^ node 1 contents): CONTENTS_SOLID 
This means that none of the brushes in leaf 0 or 1 that touches the portal has CONTENTS_SOLID 
Check for a huge brush enclosing the coordinates above that has contents CONTENTS_SOLID 
Candidate brush IDs: 


FindPortalSide: Couldn't find a good match for which brush to assign to a portal near (4096.0 2560.0 -32.0)
Leaf 0 contents: 
Leaf 1 contents: CONTENTS_SOLID 
viscontents (node 0 contents ^ node 1 contents): CONTENTS_SOLID 
This means that none of the brushes in leaf 0 or 1 that touches the portal has CONTENTS_SOLID 
Check for a huge brush enclosing the coordinates above that has contents CONTENTS_SOLID 
Candidate brush IDs: 


FindPortalSide: Couldn't find a good match for which brush to assign to a portal near (3072.0 1352.0 -931.7)
Leaf 0 contents: CONTENTS_SOLID 
Leaf 1 contents: 
viscontents (node 0 contents ^ node 1 contents): CONTENTS_SOLID 
This means that none of the brushes in leaf 0 or 1 that touches the portal has CONTENTS_SOLID 
Check for a huge brush enclosing the coordinates above that has contents CONTENTS_SOLID 
Candidate brush IDs: 


FindPortalSide: Couldn't find a good match for which brush to assign to a portal near (3072.0 1864.0 -928.0)
Leaf 0 contents: CONTENTS_SOLID 
Leaf 1 contents: 
viscontents (node 0 contents ^ node 1 contents): CONTENTS_SOLID 
This means that none of the brushes in leaf 0 or 1 that touches the portal has CONTENTS_SOLID 
Check for a huge brush enclosing the coordinates above that has contents CONTENTS_SOLID 
Candidate brush IDs: 


FindPortalSide: Couldn't find a good match for which brush to assign to a portal near (3072.0 1864.0 -278.5)
Leaf 0 contents: CONTENTS_SOLID 
Leaf 1 contents: 
viscontents (node 0 contents ^ node 1 contents): CONTENTS_SOLID 
This means that none of the brushes in leaf 0 or 1 that touches the portal has CONTENTS_SOLID 
Check for a huge brush enclosing the coordinates above that has contents CONTENTS_SOLID 
Candidate brush IDs: 


FindPortalSide: Couldn't find a good match for which brush to assign to a portal near (3072.0 1352.0 632.0)
Leaf 0 contents: CONTENTS_SOLID 
Leaf 1 contents: 
viscontents (node 0 contents ^ node 1 contents): CONTENTS_SOLID 
This means that none of the brushes in leaf 0 or 1 that touches the portal has CONTENTS_SOLID 
Check for a huge brush enclosing the coordinates above that has contents CONTENTS_SOLID 
Candidate brush IDs: 


FindPortalSide: Couldn't find a good match for which brush to assign to a portal near (3072.0 1864.0 617.5)
Leaf 0 contents: CONTENTS_SOLID 
Leaf 1 contents: 
viscontents (node 0 contents ^ node 1 contents): CONTENTS_SOLID 
This means that none of the brushes in leaf 0 or 1 that touches the portal has CONTENTS_SOLID 
Check for a huge brush enclosing the coordinates above that has contents CONTENTS_SOLID 
Candidate brush IDs: 

*** Suppressing further FindPortalSide errors.... ***
Processing areas...done (0)
Building Faces...done (0)
Chop Details...done (0)
Find Visible Detail Sides...done (0)
Merging details...done (0)
FixTjuncs...
PruneNodes...
WriteBSP...
done (0)
*** Error: Skybox vtf files for skybox/sky_trainyard_01 weren't compiled with the same size texture and/or same flags!
Can't load skybox file skybox/sky_trainyard_01 to build the default cubemap!
*** Error: Skybox vtf files for skybox/sky_trainyard_01 weren't compiled with the same size texture and/or same flags!
Can't load skybox file skybox/sky_trainyard_01 to build the default cubemap!
Finding displacement neighbors...
Finding lightmap sample positions...
Displacement Alpha : 0...1...2...3...4...5...6...7...8...9...10
ConVarRef mat_reduceparticles doesn't point to an existing ConVar
Building Physics collision data...
WARNING: Map using power 4 displacements, terrain physics cannot be compressed, map will need additional memory and CPU.
done (0) (602711 bytes)
Placing detail props : 0...1...2...3...4...5...6...7...8...9...10
Compacting texture/material tables...
Reduced 435 texinfos to 325
Reduced 20 texdatas to 18 (507 bytes to 464)
Writing D:\Documents\Mapping\tf2\TF2-Maps\Slipgate\A5\cp_slipgate_a5.bsp
MSG_FILEWRITE - Filesystem was asked to write to 'D:\Documents\Mapping\tf2\TF2-Maps\Slipgate\A5\cp_slipgate_a5.bsp', but we don't own that location. Allowing.
Wrote ZIP buffer, estimated size 954, actual size 740
1 second elapsed



4 threads
reading d:\documents\mapping\tf2\tf2-maps\slipgate\a5\cp_slipgate_a5.bsp
reading d:\documents\mapping\tf2\tf2-maps\slipgate\a5\cp_slipgate_a5.prt
LoadPortals: couldn't read d:\documents\mapping\tf2\tf2-maps\slipgate\a5\cp_slipgate_a5.prt



[Reading texlights from 'lights.rad']
[56 texlights parsed from 'lights.rad']

Loading d:\documents\mapping\tf2\tf2-maps\slipgate\a5\cp_slipgate_a5.bsp
No vis information, direct lighting only.
3247 faces
1390280 square feet [200200400.00 square inches]
14 Displacements
14547 Square Feet [2094909.00 Square Inches]
20 direct lights
0...1...2...3...4...5...6...7...8...9...10Build Patch/Sample Hash Table(s).....Done<0.0195 sec>
0...1...2...3...4...5...6...7...8...9...10FinalLightFace Done
0 of 0 (0% of) surface lights went in leaf ambient cubes.
0...1...2...3...4...5...6...7...8...9...10Writing leaf ambient...done
Computing static prop lighting : 00...1...2...3...4...5...6...7...8...9...10
Ready to Finish

Object names       Objects/Maxobjs  Memory / Maxmem  Fullness 
------------       ---------------  ---------------  -------- 
models                  61/1024         2928/49152    ( 6.0%) 
brushes                344/8192         4128/98304    ( 4.2%) 
brushsides            2201/65536       17608/524288   ( 3.4%) 
planes                1268/65536       25360/1310720  ( 1.9%) 
vertexes              4510/65536       54120/786432   ( 6.9%) 
nodes                 1913/65536       61216/2097152  ( 2.9%) 
texinfos               325/12288       23400/884736   ( 2.6%) 
texdata                 18/2048          576/65536    ( 0.9%) 
dispinfos               14/0            2464/0        ( 0.0%) 
disp_verts            2382/0           47640/0        ( 0.0%) 
disp_tris             4096/0            8192/0        ( 0.0%) 
disp_lmsamples       41586/0           41586/0        ( 0.0%) 
faces                 3247/65536      181832/3670016  ( 5.0%) 
hdr faces                0/65536           0/3670016  ( 0.0%) 
origfaces             1465/65536       82040/3670016  ( 2.2%) 
leaves                1975/65536       63200/2097152  ( 3.0%) 
leaffaces             4266/65536        8532/131072   ( 6.5%) 
leafbrushes            725/65536        1450/131072   ( 1.1%) 
areas                    9/256            72/2048     ( 3.5%) 
surfedges            20724/512000      82896/2048000  ( 4.0%) 
edges                11259/256000      45036/1024000  ( 4.4%) 
LDR worldlights         20/8192         1760/720896   ( 0.2%) 
HDR worldlights          0/8192            0/720896   ( 0.0%) 
leafwaterdata            0/32768           0/393216   ( 0.0%) 
waterstrips            249/32768        2490/327680   ( 0.8%) 
waterverts               0/65536           0/786432   ( 0.0%) 
waterindices          3804/65536        7608/131072   ( 5.8%) 
cubemapsamples           0/1024            0/16384    ( 0.0%) 
overlays                 7/512          2464/180224   ( 1.4%) 
LDR lightdata         [variable]     2220456/0        ( 0.0%) 
HDR lightdata         [variable]           0/0        ( 0.0%) 
visdata               [variable]           0/16777216 ( 0.0%) 
entdata               [variable]       45968/393216   (11.7%) 
LDR ambient table     1975/65536        7900/262144   ( 3.0%) 
HDR ambient table     1975/65536        7900/262144   ( 3.0%) 
LDR leaf ambient     11003/65536      308084/1835008  (16.8%) 
HDR leaf ambient      1975/65536       55300/1835008  ( 3.0%) 
occluders                0/0               0/0        ( 0.0%) 
occluder polygons        0/0               0/0        ( 0.0%) 
occluder vert ind        0/0               0/0        ( 0.0%) 
detail props          [variable]           1/12       ( 8.3%) 
static props          [variable]           1/5244     ( 0.0%) 
pakfile               [variable]      382210/0        ( 0.0%) 
physics               [variable]      602711/4194304  (14.4%) 
physics terrain       [variable]           0/1048576  ( 0.0%) 

Level flags = 1

Total triangle count: 8378
Writing d:\documents\mapping\tf2\tf2-maps\slipgate\a5\cp_slipgate_a5.bsp
2 minutes, 17 seconds elapsed
