


materialPath: D:\Program Files (x86)\Steam\steamapps\common\Team Fortress 2\tf\materials
Loading D:\Documents\Mapping\tf2\TF2-Maps\Minecraft Jungle\a3\cp_minecraft_jungle_a3.vmf
ConVarRef mat_reduceparticles doesn't point to an existing ConVar
Patching WVT material: maps/cp_minecraft_jungle_a3/jungle/blendgroundtograss_jungle_wvt_patch
fixing up env_cubemap materials on brush sides...
0...1...2...3...4...5...6...7...8...9...100...1...2...3...4...5...6...7...8...9...10Processing areas...done (0)
Building Faces...done (0)
Chop Details...done (0)
Find Visible Detail Sides...
Merged 68 detail faces...done (0)
Merging details...done (0)
FixTjuncs...
PruneNodes...
WriteBSP...
done (0)
writing D:\Documents\Mapping\tf2\TF2-Maps\Minecraft Jungle\a3\cp_minecraft_jungle_a3.prt...Building visibility clusters...
done (0)
*** Error: Skybox vtf files for skybox/sky_twilight_02 weren't compiled with the same size texture and/or same flags!
Can't load skybox file skybox/sky_twilight_02 to build the default cubemap!
*** Error: Skybox vtf files for skybox/sky_twilight_02 weren't compiled with the same size texture and/or same flags!
Can't load skybox file skybox/sky_twilight_02 to build the default cubemap!
Finding displacement neighbors...
Found a displacement edge abutting multiple other edges.
Finding lightmap sample positions...
Displacement Alpha : 0...1...2...3...4...5...6...7...8...9...10
Building Physics collision data...
done (0) (270539 bytes)
Placing detail props : 0...1...2...3...4...5...6...7...8...9...10
Compacting texture/material tables...
Reduced 492 texinfos to 225
Reduced 46 texdatas to 44 (1010 bytes to 966)
Writing D:\Documents\Mapping\tf2\TF2-Maps\Minecraft Jungle\a3\cp_minecraft_jungle_a3.bsp
MSG_FILEWRITE - Filesystem was asked to write to 'D:\Documents\Mapping\tf2\TF2-Maps\Minecraft Jungle\a3\cp_minecraft_jungle_a3.bsp', but we don't own that location. Allowing.
Wrote ZIP buffer, estimated size 1124, actual size 910
3 seconds elapsed



4 threads
reading d:\documents\mapping\tf2\tf2-maps\minecraft jungle\a3\cp_minecraft_jungle_a3.bsp
reading d:\documents\mapping\tf2\tf2-maps\minecraft jungle\a3\cp_minecraft_jungle_a3.prt
 700 portalclusters
1969 numportals
0...1...2...3...4...5...6...7...8...9...100...1...2...3...4...5...6...7...8...9...10Optimized: 2513 visible clusters (1.50%)
Total clusters visible: 167489
Average clusters visible: 239
Building PAS...
Average clusters audible: 608
visdatasize:109692  compressed from 123200
writing d:\documents\mapping\tf2\tf2-maps\minecraft jungle\a3\cp_minecraft_jungle_a3.bsp
MSG_FILEWRITE - Filesystem was asked to write to 'd:\documents\mapping\tf2\tf2-maps\minecraft jungle\a3\cp_minecraft_jungle_a3.bsp', but we don't own that location. Allowing.
23 seconds elapsed



[Reading texlights from 'lights.rad']
[56 texlights parsed from 'lights.rad']

Loading d:\documents\mapping\tf2\tf2-maps\minecraft jungle\a3\cp_minecraft_jungle_a3.bsp
2918 faces
917187 square feet [132075048.00 square inches]
184 Displacements
82526 Square Feet [11883807.00 Square Inches]
2918 patches before subdivision
86268 patches after subdivision
49 direct lights
0...1...2...3...4...5...6...7...8...9...100...1...2...3...4...5...6...7...8...9...10transfers 7211158, max 481
transfer lists:  55.0 megs
0...1...2...3...4...5...6...7...8...9...10	Bounce #1 added RGB(386207, 273790, 276444)
0...1...2...3...4...5...6...7...8...9...10	Bounce #2 added RGB(72836, 50527, 51801)
0...1...2...3...4...5...6...7...8...9...10	Bounce #3 added RGB(15100, 10107, 10637)
0...1...2...3...4...5...6...7...8...9...10	Bounce #4 added RGB(3330, 2108, 2308)
0...1...2...3...4...5...6...7...8...9...10	Bounce #5 added RGB(771, 455, 522)
0...1...2...3...4...5...6...7...8...9...10	Bounce #6 added RGB(185, 101, 121)
0...1...2...3...4...5...6...7...8...9...10	Bounce #7 added RGB(46, 23, 29)
0...1...2...3...4...5...6...7...8...9...10	Bounce #8 added RGB(11, 5, 7)
0...1...2...3...4...5...6...7...8...9...10	Bounce #9 added RGB(3, 1, 2)
0...1...2...3...4...5...6...7...8...9...10	Bounce #10 added RGB(1, 0, 0)
Build Patch/Sample Hash Table(s).....Done<0.0186 sec>
0...1...2...3...4...5...6...7...8...9...10FinalLightFace Done
Computing detail prop lighting : 0...1...2...3...4...5...6...7...8...9...10
0 of 0 (0% of) surface lights went in leaf ambient cubes.
0...1...2...3...4...5...6...7...8...9...10Writing leaf ambient...done
Ready to Finish

Object names       Objects/Maxobjs  Memory / Maxmem  Fullness 
------------       ---------------  ---------------  -------- 
models                  46/1024         2208/49152    ( 4.5%) 
brushes                689/8192         8268/98304    ( 8.4%) 
brushsides            4633/65536       37064/524288   ( 7.1%) 
planes                1828/65536       36560/1310720  ( 2.8%) 
vertexes              4716/65536       56592/786432   ( 7.2%) 
nodes                 1802/65536       57664/2097152  ( 2.7%) 
texinfos               225/12288       16200/884736   ( 1.8%) 
texdata                 44/2048         1408/65536    ( 2.1%) 
dispinfos              184/0           32384/0        ( 0.0%) 
disp_verts           14904/0          298080/0        ( 0.0%) 
disp_tris            23552/0           47104/0        ( 0.0%) 
disp_lmsamples      234552/0          234552/0        ( 0.0%) 
faces                 2918/65536      163408/3670016  ( 4.5%) 
hdr faces                0/65536           0/3670016  ( 0.0%) 
origfaces             1755/65536       98280/3670016  ( 2.7%) 
leaves                1849/65536       59168/2097152  ( 2.8%) 
leaffaces             3142/65536        6284/131072   ( 4.8%) 
leafbrushes           1775/65536        3550/131072   ( 2.7%) 
areas                    2/256            16/2048     ( 0.8%) 
surfedges            20757/512000      83028/2048000  ( 4.1%) 
edges                12519/256000      50076/1024000  ( 4.9%) 
LDR worldlights         49/8192         4312/720896   ( 0.6%) 
HDR worldlights          0/8192            0/720896   ( 0.0%) 
leafwaterdata            0/32768           0/393216   ( 0.0%) 
waterstrips            331/32768        3310/327680   ( 1.0%) 
waterverts               0/65536           0/786432   ( 0.0%) 
waterindices          5013/65536       10026/131072   ( 7.6%) 
cubemapsamples           1/1024           16/16384    ( 0.1%) 
overlays                48/512         16896/180224   ( 9.4%) 
LDR lightdata         [variable]     2399304/0        ( 0.0%) 
HDR lightdata         [variable]           0/0        ( 0.0%) 
visdata               [variable]      109692/16777216 ( 0.7%) 
entdata               [variable]       53443/393216   (13.6%) 
LDR ambient table     1849/65536        7396/262144   ( 2.8%) 
HDR ambient table     1849/65536        7396/262144   ( 2.8%) 
LDR leaf ambient     10926/65536      305928/1835008  (16.7%) 
HDR leaf ambient      1849/65536       51772/1835008  ( 2.8%) 
occluders                0/0               0/0        ( 0.0%) 
occluder polygons        0/0               0/0        ( 0.0%) 
occluder vert ind        0/0               0/0        ( 0.0%) 
detail props          [variable]           1/729608   ( 0.0%) 
dtl prp lght          [variable]           1/4        (25.0%) 
HDR dtl prp lght      [variable]           1/4        (25.0%) 
static props          [variable]           1/10100    ( 0.0%) 
pakfile               [variable]         910/0        ( 0.0%) 
physics               [variable]      270539/4194304  ( 6.5%) 
physics terrain       [variable]       31300/1048576  ( 3.0%) 

Level flags = 0

Total triangle count: 7919
Writing d:\documents\mapping\tf2\tf2-maps\minecraft jungle\a3\cp_minecraft_jungle_a3.bsp
28 seconds elapsed
