


materialPath: D:\Program Files (x86)\Steam\steamapps\common\Team Fortress 2\tf\materials
Loading d:\documents\mapping\tf2\tf2-maps\crossover2\a1\ctf_crossover2_a1.vmf
material "+0~generic86r" not found.
Material not found!: +0~GENERIC86R
ConVarRef mat_reduceparticles doesn't point to an existing ConVar
material "+0~generic86" not found.
Material not found!: +0~GENERIC86
material "+0~generic85" not found.
Material not found!: +0~GENERIC85
material "+0~drkmtls2c" not found.
Material not found!: +0~DRKMTLS2C
material "lab1_cab2" not found.
Material not found!: LAB1_CAB2
material "c1a1c_w2b" not found.
Material not found!: C1A1C_W2B
material "black" not found.
Material not found!: BLACK
material "metal_bord01" not found.
Material not found!: METAL_BORD01
material "silo2_brd1a" not found.
Material not found!: SILO2_BRD1A
material "sign46" not found.
Material not found!: SIGN46
material "sign10" not found.
Material not found!: SIGN10
material "gateblueflr" not found.
Material not found!: GATEBLUEFLR
material "c1a4b_w2" not found.
Material not found!: C1A4B_W2
material "-0crete2_flr04" not found.
Material not found!: -0CRETE2_FLR04
fixing up env_cubemap materials on brush sides...
0...1...2...3...4...5...6...7...8...9...10WARNING: BSP node with unbounded volume (material: <NO BRUSH>, near (-512.000000, -3072.000000, 95.820335))
WARNING: BSP node with unbounded volume (material: <NO BRUSH>, near (-351.743011, -3072.359375, 96.000000))
**** leaked ****
Entity func_illusionary (258.00 2782.00 -80.00) leaked!
Processing areas...done (0)
Building Faces...done (0)
FixTjuncs...
HashVec: point outside valid range


4 threads
reading d:\documents\mapping\tf2\tf2-maps\crossover2\a1\ctf_crossover2_a1.bsp
Error opening d:\documents\mapping\tf2\tf2-maps\crossover2\a1\ctf_crossover2_a1.bsp


[Reading texlights from 'lights.rad']
[56 texlights parsed from 'lights.rad']

Loading d:\documents\mapping\tf2\tf2-maps\crossover2\a1\ctf_crossover2_a1.bsp
Error opening d:\documents\mapping\tf2\tf2-maps\crossover2\a1\ctf_crossover2_a1.bsp


materialPath: D:\Program Files (x86)\Steam\steamapps\common\Team Fortress 2\tf\materials
Loading d:\documents\mapping\tf2\tf2-maps\crossover2\a1\ctf_crossover2_a1.vmf
material "+0~generic86r" not found.
Material not found!: +0~GENERIC86R
ConVarRef mat_reduceparticles doesn't point to an existing ConVar
material "+0~generic86" not found.
Material not found!: +0~GENERIC86
material "+0~generic85" not found.
Material not found!: +0~GENERIC85
material "+0~drkmtls2c" not found.
Material not found!: +0~DRKMTLS2C
material "lab1_cab2" not found.
Material not found!: LAB1_CAB2
material "c1a1c_w2b" not found.
Material not found!: C1A1C_W2B
material "black" not found.
Material not found!: BLACK
material "metal_bord01" not found.
Material not found!: METAL_BORD01
material "silo2_brd1a" not found.
Material not found!: SILO2_BRD1A
material "sign46" not found.
Material not found!: SIGN46
material "sign10" not found.
Material not found!: SIGN10
material "gateblueflr" not found.
Material not found!: GATEBLUEFLR
material "c1a4b_w2" not found.
Material not found!: C1A4B_W2
material "-0crete2_flr04" not found.
Material not found!: -0CRETE2_FLR04
fixing up env_cubemap materials on brush sides...
0...1...2...3...4...5...6...7...8...9...10WARNING: BSP node with unbounded volume (material: <NO BRUSH>, near (-512.000000, -3072.000000, 95.820335))
WARNING: BSP node with unbounded volume (material: <NO BRUSH>, near (-351.743011, -3072.359375, 96.000000))
**** leaked ****
Entity func_brush (258.00 2782.00 -80.00) leaked!
Processing areas...done (0)
Building Faces...done (0)
FixTjuncs...
HashVec: point outside valid range


4 threads
reading d:\documents\mapping\tf2\tf2-maps\crossover2\a1\ctf_crossover2_a1.bsp
Error opening d:\documents\mapping\tf2\tf2-maps\crossover2\a1\ctf_crossover2_a1.bsp


[Reading texlights from 'lights.rad']
[56 texlights parsed from 'lights.rad']

Loading d:\documents\mapping\tf2\tf2-maps\crossover2\a1\ctf_crossover2_a1.bsp
Error opening d:\documents\mapping\tf2\tf2-maps\crossover2\a1\ctf_crossover2_a1.bsp


materialPath: D:\Program Files (x86)\Steam\steamapps\common\Team Fortress 2\tf\materials
Loading d:\documents\mapping\tf2\tf2-maps\crossover2\a1\ctf_crossover2_a1.vmf
material "+0~generic86r" not found.
Material not found!: +0~GENERIC86R
ConVarRef mat_reduceparticles doesn't point to an existing ConVar
material "+0~generic86" not found.
Material not found!: +0~GENERIC86
material "+0~generic85" not found.
Material not found!: +0~GENERIC85
material "+0~drkmtls2c" not found.
Material not found!: +0~DRKMTLS2C
material "lab1_cab2" not found.
Material not found!: LAB1_CAB2
material "c1a1c_w2b" not found.
Material not found!: C1A1C_W2B
material "black" not found.
Material not found!: BLACK
material "metal_bord01" not found.
Material not found!: METAL_BORD01
material "silo2_brd1a" not found.
Material not found!: SILO2_BRD1A
material "sign46" not found.
Material not found!: SIGN46
material "sign10" not found.
Material not found!: SIGN10
material "gateblueflr" not found.
Material not found!: GATEBLUEFLR
material "c1a4b_w2" not found.
Material not found!: C1A4B_W2
material "-0crete2_flr04" not found.
Material not found!: -0CRETE2_FLR04
fixing up env_cubemap materials on brush sides...
0...1...2...3...4...5...6...7...8...9...10WARNING: BSP node with unbounded volume (material: <NO BRUSH>, near (-512.000000, -3072.000000, 95.820335))
WARNING: BSP node with unbounded volume (material: <NO BRUSH>, near (-351.743011, -3072.359375, 96.000000))
**** leaked ****
Entity func_brush (258.00 2782.00 -80.00) leaked!
Processing areas...done (0)
Building Faces...done (0)
FixTjuncs...
HashVec: point outside valid range


4 threads
reading d:\documents\mapping\tf2\tf2-maps\crossover2\a1\ctf_crossover2_a1.bsp
Error opening d:\documents\mapping\tf2\tf2-maps\crossover2\a1\ctf_crossover2_a1.bsp


[Reading texlights from 'lights.rad']
[56 texlights parsed from 'lights.rad']

Loading d:\documents\mapping\tf2\tf2-maps\crossover2\a1\ctf_crossover2_a1.bsp
Error opening d:\documents\mapping\tf2\tf2-maps\crossover2\a1\ctf_crossover2_a1.bsp


materialPath: D:\Program Files (x86)\Steam\steamapps\common\Team Fortress 2\tf\materials
Loading d:\documents\mapping\tf2\tf2-maps\crossover2\a1\ctf_crossover2_a1.vmf
material "+0~generic86r" not found.
Material not found!: +0~GENERIC86R
ConVarRef mat_reduceparticles doesn't point to an existing ConVar
material "+0~generic86" not found.
Material not found!: +0~GENERIC86
material "+0~generic85" not found.
Material not found!: +0~GENERIC85
material "+0~drkmtls2c" not found.
Material not found!: +0~DRKMTLS2C
material "lab1_cab2" not found.
Material not found!: LAB1_CAB2
material "c1a1c_w2b" not found.
Material not found!: C1A1C_W2B
material "black" not found.
Material not found!: BLACK
material "metal_bord01" not found.
Material not found!: METAL_BORD01
material "silo2_brd1a" not found.
Material not found!: SILO2_BRD1A
material "sign46" not found.
Material not found!: SIGN46
material "sign10" not found.
Material not found!: SIGN10
material "gateblueflr" not found.
Material not found!: GATEBLUEFLR
material "c1a4b_w2" not found.
Material not found!: C1A4B_W2
material "-0crete2_flr04" not found.
Material not found!: -0CRETE2_FLR04
fixing up env_cubemap materials on brush sides...
0...1...2...3...4...5...6...7...8...9...10WARNING: BSP node with unbounded volume (material: <NO BRUSH>, near (-512.000000, -3072.000000, 95.820335))
WARNING: BSP node with unbounded volume (material: <NO BRUSH>, near (-351.743011, -3072.359375, 96.000000))
**** leaked ****
Entity filter_activator_tfteam (64.00 2336.00 32.00) leaked!
Processing areas...done (0)
Building Faces...done (0)
FixTjuncs...
HashVec: point outside valid range


4 threads
reading d:\documents\mapping\tf2\tf2-maps\crossover2\a1\ctf_crossover2_a1.bsp
Error opening d:\documents\mapping\tf2\tf2-maps\crossover2\a1\ctf_crossover2_a1.bsp


[Reading texlights from 'lights.rad']
[56 texlights parsed from 'lights.rad']

Loading d:\documents\mapping\tf2\tf2-maps\crossover2\a1\ctf_crossover2_a1.bsp
Error opening d:\documents\mapping\tf2\tf2-maps\crossover2\a1\ctf_crossover2_a1.bsp


materialPath: D:\Program Files (x86)\Steam\steamapps\common\Team Fortress 2\tf\materials
Loading d:\documents\mapping\tf2\tf2-maps\crossover2\a1\ctf_crossover2_a1.vmf
material "+0~generic86r" not found.
Material not found!: +0~GENERIC86R
ConVarRef mat_reduceparticles doesn't point to an existing ConVar
material "+0~generic86" not found.
Material not found!: +0~GENERIC86
material "+0~generic85" not found.
Material not found!: +0~GENERIC85
material "+0~drkmtls2c" not found.
Material not found!: +0~DRKMTLS2C
material "lab1_cab2" not found.
Material not found!: LAB1_CAB2
material "c1a1c_w2b" not found.
Material not found!: C1A1C_W2B
material "black" not found.
Material not found!: BLACK
material "metal_bord01" not found.
Material not found!: METAL_BORD01
material "silo2_brd1a" not found.
Material not found!: SILO2_BRD1A
material "sign46" not found.
Material not found!: SIGN46
material "sign10" not found.
Material not found!: SIGN10
material "gateblueflr" not found.
Material not found!: GATEBLUEFLR
material "c1a4b_w2" not found.
Material not found!: C1A4B_W2
material "-0crete2_flr04" not found.
Material not found!: -0CRETE2_FLR04
fixing up env_cubemap materials on brush sides...
0...1...2...3...4...5...6...7...8...9...10WARNING: BSP node with unbounded volume (material: <NO BRUSH>, near (-512.000000, -3072.000000, 95.820335))
WARNING: BSP node with unbounded volume (material: <NO BRUSH>, near (-351.743011, -3072.359375, 96.000000))
**** leaked ****
Entity filter_activator_tfteam (64.00 2336.00 48.00) leaked!
Processing areas...done (0)
Building Faces...done (0)
FixTjuncs...
HashVec: point outside valid range


4 threads
reading d:\documents\mapping\tf2\tf2-maps\crossover2\a1\ctf_crossover2_a1.bsp
Error opening d:\documents\mapping\tf2\tf2-maps\crossover2\a1\ctf_crossover2_a1.bsp


[Reading texlights from 'lights.rad']
[56 texlights parsed from 'lights.rad']

Loading d:\documents\mapping\tf2\tf2-maps\crossover2\a1\ctf_crossover2_a1.bsp
Error opening d:\documents\mapping\tf2\tf2-maps\crossover2\a1\ctf_crossover2_a1.bsp


materialPath: D:\Program Files (x86)\Steam\steamapps\common\Team Fortress 2\tf\materials
Loading d:\documents\mapping\tf2\tf2-maps\crossover2\a1\ctf_crossover2_a1.vmf
material "+0~generic86r" not found.
Material not found!: +0~GENERIC86R
ConVarRef mat_reduceparticles doesn't point to an existing ConVar
material "+0~generic86" not found.
Material not found!: +0~GENERIC86
material "+0~generic85" not found.
Material not found!: +0~GENERIC85
material "+0~drkmtls2c" not found.
Material not found!: +0~DRKMTLS2C
material "lab1_cab2" not found.
Material not found!: LAB1_CAB2
material "c1a1c_w2b" not found.
Material not found!: C1A1C_W2B
material "black" not found.
Material not found!: BLACK
material "metal_bord01" not found.
Material not found!: METAL_BORD01
material "silo2_brd1a" not found.
Material not found!: SILO2_BRD1A
material "sign46" not found.
Material not found!: SIGN46
material "sign10" not found.
Material not found!: SIGN10
material "gateblueflr" not found.
Material not found!: GATEBLUEFLR
material "c1a4b_w2" not found.
Material not found!: C1A4B_W2
material "-0crete2_flr04" not found.
Material not found!: -0CRETE2_FLR04
fixing up env_cubemap materials on brush sides...
0...1...2...3...4...5...6...7...8...9...10WARNING: BSP node with unbounded volume (material: <NO BRUSH>, near (-512.000000, -3072.000000, 95.820335))
WARNING: BSP node with unbounded volume (material: <NO BRUSH>, near (-351.743011, -3072.359375, 96.000000))
**** leaked ****
Entity filter_activator_tfteam (64.00 2336.00 48.00) leaked!
Processing areas...done (0)
Building Faces...done (0)
FixTjuncs...
HashVec: point outside valid range


4 threads
reading d:\documents\mapping\tf2\tf2-maps\crossover2\a1\ctf_crossover2_a1.bsp
Error opening d:\documents\mapping\tf2\tf2-maps\crossover2\a1\ctf_crossover2_a1.bsp


[Reading texlights from 'lights.rad']
[56 texlights parsed from 'lights.rad']

Loading d:\documents\mapping\tf2\tf2-maps\crossover2\a1\ctf_crossover2_a1.bsp
Error opening d:\documents\mapping\tf2\tf2-maps\crossover2\a1\ctf_crossover2_a1.bsp


materialPath: D:\Program Files (x86)\Steam\steamapps\common\Team Fortress 2\tf\materials
Loading d:\documents\mapping\tf2\tf2-maps\crossover2\a1\ctf_crossover2_a1.vmf
material "+0~generic86r" not found.
Material not found!: +0~GENERIC86R
ConVarRef mat_reduceparticles doesn't point to an existing ConVar
material "+0~generic86" not found.
Material not found!: +0~GENERIC86
material "+0~generic85" not found.
Material not found!: +0~GENERIC85
material "+0~drkmtls2c" not found.
Material not found!: +0~DRKMTLS2C
material "lab1_cab2" not found.
Material not found!: LAB1_CAB2
material "c1a1c_w2b" not found.
Material not found!: C1A1C_W2B
material "black" not found.
Material not found!: BLACK
material "metal_bord01" not found.
Material not found!: METAL_BORD01
material "silo2_brd1a" not found.
Material not found!: SILO2_BRD1A
material "sign46" not found.
Material not found!: SIGN46
material "sign10" not found.
Material not found!: SIGN10
material "gateblueflr" not found.
Material not found!: GATEBLUEFLR
material "c1a4b_w2" not found.
Material not found!: C1A4B_W2
material "-0crete2_flr04" not found.
Material not found!: -0CRETE2_FLR04
Patching WVT material: maps/ctf_crossover2_a1/dev/dev_blendmeasure_wvt_patch
fixing up env_cubemap materials on brush sides...
0...1...2...3...4...5...6...7...8...9...10WARNING: BSP node with unbounded volume (material: <NO BRUSH>, near (-512.000000, -3072.000000, 95.820335))
WARNING: BSP node with unbounded volume (material: <NO BRUSH>, near (-351.743011, -3072.359375, 96.000000))
**** leaked ****
Entity func_brush (130.00 2720.00 -80.00) leaked!
Processing areas...done (0)
Building Faces...done (0)
FixTjuncs...
HashVec: point outside valid range


4 threads
reading d:\documents\mapping\tf2\tf2-maps\crossover2\a1\ctf_crossover2_a1.bsp
Error opening d:\documents\mapping\tf2\tf2-maps\crossover2\a1\ctf_crossover2_a1.bsp


[Reading texlights from 'lights.rad']
[56 texlights parsed from 'lights.rad']

Loading d:\documents\mapping\tf2\tf2-maps\crossover2\a1\ctf_crossover2_a1.bsp
Error opening d:\documents\mapping\tf2\tf2-maps\crossover2\a1\ctf_crossover2_a1.bsp


materialPath: D:\Program Files (x86)\Steam\steamapps\common\Team Fortress 2\tf\materials
Loading d:\documents\mapping\tf2\tf2-maps\crossover2\a1\ctf_crossover2_a1.vmf
material "+0~generic86r" not found.
Material not found!: +0~GENERIC86R
ConVarRef mat_reduceparticles doesn't point to an existing ConVar
material "+0~generic86" not found.
Material not found!: +0~GENERIC86
material "+0~generic85" not found.
Material not found!: +0~GENERIC85
material "+0~drkmtls2c" not found.
Material not found!: +0~DRKMTLS2C
material "lab1_cab2" not found.
Material not found!: LAB1_CAB2
material "c1a1c_w2b" not found.
Material not found!: C1A1C_W2B
material "black" not found.
Material not found!: BLACK
material "metal_bord01" not found.
Material not found!: METAL_BORD01
material "silo2_brd1a" not found.
Material not found!: SILO2_BRD1A
material "sign46" not found.
Material not found!: SIGN46
material "sign10" not found.
Material not found!: SIGN10
material "gateblueflr" not found.
Material not found!: GATEBLUEFLR
material "c1a4b_w2" not found.
Material not found!: C1A4B_W2
material "-0crete2_flr04" not found.
Material not found!: -0CRETE2_FLR04
Patching WVT material: maps/ctf_crossover2_a1/dev/dev_blendmeasure_wvt_patch
fixing up env_cubemap materials on brush sides...
0...1...2...3...4...5...6...7...8...9...10WARNING: BSP node with unbounded volume (material: <NO BRUSH>, near (-512.000000, -3072.000000, 95.820335))
WARNING: BSP node with unbounded volume (material: <NO BRUSH>, near (-351.743011, -3072.359375, 96.000000))
**** leaked ****
Entity trigger_multiple (736.00 1408.00 56.00) leaked!
Processing areas...done (0)
Building Faces...done (0)
FixTjuncs...
HashVec: point outside valid range


4 threads
reading d:\documents\mapping\tf2\tf2-maps\crossover2\a1\ctf_crossover2_a1.bsp
Error opening d:\documents\mapping\tf2\tf2-maps\crossover2\a1\ctf_crossover2_a1.bsp


[Reading texlights from 'lights.rad']
[56 texlights parsed from 'lights.rad']

Loading d:\documents\mapping\tf2\tf2-maps\crossover2\a1\ctf_crossover2_a1.bsp
Error opening d:\documents\mapping\tf2\tf2-maps\crossover2\a1\ctf_crossover2_a1.bsp


materialPath: D:\Program Files (x86)\Steam\steamapps\common\Team Fortress 2\tf\materials
Loading d:\documents\mapping\tf2\tf2-maps\crossover2\a1\ctf_crossover2_a1.vmf
Patching WVT material: maps/ctf_crossover2_a1/dev/dev_blendmeasure_wvt_patch
fixing up env_cubemap materials on brush sides...
0...1...2...3...4...5...6...7...8...9...10WARNING: BSP node with unbounded volume (material: <NO BRUSH>, near (-512.000000, -3072.000000, 95.820335))
WARNING: BSP node with unbounded volume (material: <NO BRUSH>, near (-351.743011, -3072.359375, 96.000000))
**** leaked ****
Entity trigger_multiple (736.00 1408.00 56.00) leaked!
Processing areas...done (0)
Building Faces...done (0)
Chop Details...done (0)
Find Visible Detail Sides...
Merged 12 detail faces...done (0)
Merging details...done (0)
FixTjuncs...
HashVec: point outside valid range


4 threads
reading d:\documents\mapping\tf2\tf2-maps\crossover2\a1\ctf_crossover2_a1.bsp
Error opening d:\documents\mapping\tf2\tf2-maps\crossover2\a1\ctf_crossover2_a1.bsp


[Reading texlights from 'lights.rad']
[56 texlights parsed from 'lights.rad']

Loading d:\documents\mapping\tf2\tf2-maps\crossover2\a1\ctf_crossover2_a1.bsp
Error opening d:\documents\mapping\tf2\tf2-maps\crossover2\a1\ctf_crossover2_a1.bsp


materialPath: D:\Program Files (x86)\Steam\steamapps\common\Team Fortress 2\tf\materials
Loading d:\documents\mapping\tf2\tf2-maps\crossover2\a1\ctf_crossover2_a1.vmf
Patching WVT material: maps/ctf_crossover2_a1/dev/dev_blendmeasure_wvt_patch
fixing up env_cubemap materials on brush sides...
0...1...2...3...4...5...6...7...8...9...10WARNING: BSP node with unbounded volume (material: <NO BRUSH>, near (-544.000000, -3072.000000, 95.820335))
WARNING: BSP node with unbounded volume (material: <NO BRUSH>, near (-351.743011, -3072.359375, 96.000000))
**** leaked ****
Entity light_environment (-32.00 -1456.00 464.00) leaked!
Processing areas...done (0)
Building Faces...done (0)
Chop Details...done (0)
Find Visible Detail Sides...
Merged 12 detail faces...done (0)
Merging details...done (0)
FixTjuncs...
HashVec: point outside valid range


4 threads
reading d:\documents\mapping\tf2\tf2-maps\crossover2\a1\ctf_crossover2_a1.bsp
Error opening d:\documents\mapping\tf2\tf2-maps\crossover2\a1\ctf_crossover2_a1.bsp


[Reading texlights from 'lights.rad']
[56 texlights parsed from 'lights.rad']

Loading d:\documents\mapping\tf2\tf2-maps\crossover2\a1\ctf_crossover2_a1.bsp
Error opening d:\documents\mapping\tf2\tf2-maps\crossover2\a1\ctf_crossover2_a1.bsp


materialPath: D:\Program Files (x86)\Steam\steamapps\common\Team Fortress 2\tf\materials
Loading d:\documents\mapping\tf2\tf2-maps\crossover2\a1\ctf_crossover2_a1.vmf
Patching WVT material: maps/ctf_crossover2_a1/dev/dev_blendmeasure_wvt_patch
fixing up env_cubemap materials on brush sides...
0...1...2...3...4...5...6...7...8...9...10WARNING: BSP node with unbounded volume (material: <NO BRUSH>, near (-544.000000, -3072.000000, 95.820335))
WARNING: BSP node with unbounded volume (material: <NO BRUSH>, near (-351.743011, -3072.359375, 96.000000))
0...1...2...3...4...5...6...7...8...9...10
FindPortalSide: Couldn't find a good match for which brush to assign to a portal near (256.0 3072.0 -208.1)
Leaf 0 contents: CONTENTS_SOLID 
Leaf 1 contents: 
viscontents (node 0 contents ^ node 1 contents): CONTENTS_SOLID 
This means that none of the brushes in leaf 0 or 1 that touches the portal has CONTENTS_SOLID 
Check for a huge brush enclosing the coordinates above that has contents CONTENTS_SOLID 
Candidate brush IDs: Brush 2637: 


FindPortalSide: Couldn't find a good match for which brush to assign to a portal near (-870.3 -2048.0 608.0)
Leaf 0 contents: CONTENTS_SOLID 
Leaf 1 contents: 
viscontents (node 0 contents ^ node 1 contents): CONTENTS_SOLID 
This means that none of the brushes in leaf 0 or 1 that touches the portal has CONTENTS_SOLID 
Check for a huge brush enclosing the coordinates above that has contents CONTENTS_SOLID 
Candidate brush IDs: Brush 669: 


FindPortalSide: Couldn't find a good match for which brush to assign to a portal near (-848.0 -2848.0 -65.1)
Leaf 0 contents: CONTENTS_SOLID 
Leaf 1 contents: 
viscontents (node 0 contents ^ node 1 contents): CONTENTS_SOLID 
This means that none of the brushes in leaf 0 or 1 that touches the portal has CONTENTS_SOLID 
Check for a huge brush enclosing the coordinates above that has contents CONTENTS_SOLID 
Candidate brush IDs: Brush 71: 


FindPortalSide: Couldn't find a good match for which brush to assign to a portal near (-944.0 -2848.0 -65.1)
Leaf 0 contents: CONTENTS_SOLID 
Leaf 1 contents: 
viscontents (node 0 contents ^ node 1 contents): CONTENTS_SOLID 
This means that none of the brushes in leaf 0 or 1 that touches the portal has CONTENTS_SOLID 
Check for a huge brush enclosing the coordinates above that has contents CONTENTS_SOLID 
Candidate brush IDs: Brush 70: 


FindPortalSide: Couldn't find a good match for which brush to assign to a portal near (-896.0 -2688.5 -125.8)
Leaf 0 contents: 
Leaf 1 contents: CONTENTS_SOLID 
viscontents (node 0 contents ^ node 1 contents): CONTENTS_SOLID 
This means that none of the brushes in leaf 0 or 1 that touches the portal has CONTENTS_SOLID 
Check for a huge brush enclosing the coordinates above that has contents CONTENTS_SOLID 
Candidate brush IDs: Brush 1442: 


FindPortalSide: Couldn't find a good match for which brush to assign to a portal near (-896.0 -2656.0 -159.7)
Leaf 0 contents: 
Leaf 1 contents: CONTENTS_SOLID 
viscontents (node 0 contents ^ node 1 contents): CONTENTS_SOLID 
This means that none of the brushes in leaf 0 or 1 that touches the portal has CONTENTS_SOLID 
Check for a huge brush enclosing the coordinates above that has contents CONTENTS_SOLID 
Candidate brush IDs: Brush 1442: 


FindPortalSide: Couldn't find a good match for which brush to assign to a portal near (-256.0 -3072.0 -208.1)
Leaf 0 contents: 
Leaf 1 contents: CONTENTS_SOLID 
viscontents (node 0 contents ^ node 1 contents): CONTENTS_SOLID 
This means that none of the brushes in leaf 0 or 1 that touches the portal has CONTENTS_SOLID 
Check for a huge brush enclosing the coordinates above that has contents CONTENTS_SOLID 
Candidate brush IDs: Brush 1468: 

Processing areas...done (0)
Building Faces...done (0)
Chop Details...done (0)
Find Visible Detail Sides...
Merged 12 detail faces...done (0)
Merging details...done (0)
FixTjuncs...
PruneNodes...
WriteBSP...
done (1)
writing d:\documents\mapping\tf2\tf2-maps\crossover2\a1\ctf_crossover2_a1.prt...Building visibility clusters...
done (0)
material "skybox/morningrt" not found.
Can't load skybox file skybox/morning to build the default cubemap!
Can't load skybox file skybox/morning to build the default cubemap!
Finding displacement neighbors...
Finding lightmap sample positions...
Displacement Alpha : 0...1...2...3...4...5...6...7...8...9...10
Building Physics collision data...
done (0) (1025795 bytes)
Placing detail props : 0...1...2...3...4...5...6...7...8...9...10
Compacting texture/material tables...
Reduced 1439 texinfos to 843
Reduced 98 texdatas to 93 (1457 bytes to 1382)
Writing d:\documents\mapping\tf2\tf2-maps\crossover2\a1\ctf_crossover2_a1.bsp
MSG_FILEWRITE - Filesystem was asked to write to 'd:\documents\mapping\tf2\tf2-maps\crossover2\a1\ctf_crossover2_a1.bsp', but we don't own that location. Allowing.
Wrote ZIP buffer, estimated size 485, actual size 405
2 seconds elapsed
CMaterialDict::Shutdown m_MissingList count: 1



4 threads
reading d:\documents\mapping\tf2\tf2-maps\crossover2\a1\ctf_crossover2_a1.bsp
reading d:\documents\mapping\tf2\tf2-maps\crossover2\a1\ctf_crossover2_a1.prt
2505 portalclusters
7980 numportals
0...1...2...3...4...5...6...7...8...9...100...1...2...3...4...5...6...7...8...9...10Optimized: 2849 visible clusters (0.73%)
Total clusters visible: 388200
Average clusters visible: 154
Building PAS...
Average clusters audible: 615
visdatasize:501554  compressed from 1603200
writing d:\documents\mapping\tf2\tf2-maps\crossover2\a1\ctf_crossover2_a1.bsp
MSG_FILEWRITE - Filesystem was asked to write to 'd:\documents\mapping\tf2\tf2-maps\crossover2\a1\ctf_crossover2_a1.bsp', but we don't own that location. Allowing.
1 minute, 6 seconds elapsed



[Reading texlights from 'lights.rad']
[56 texlights parsed from 'lights.rad']

Loading d:\documents\mapping\tf2\tf2-maps\crossover2\a1\ctf_crossover2_a1.bsp
7955 faces
42 degenerate faces
482074 square feet [69418688.00 square inches]
0 Displacements
0 Square Feet [0.00 Square Inches]
7913 patches before subdivision
zero area child patch
75567 patches after subdivision
7 direct lights
0...1...2...3...4...5...6...7...8...9...100...1...2...3...4...5...6...7...8...9...10transfers 9098085, max 494
transfer lists:  69.4 megs
0...1...2...3...4...5...6...7...8...9...10	Bounce #1 added RGB(28850, 12758, 5582)
0...1...2...3...4...5...6...7...8...9...10	Bounce #2 added RGB(3992, 1267, 402)
0...1...2...3...4...5...6...7...8...9...10	Bounce #3 added RGB(634, 161, 40)
0...1...2...3...4...5...6...7...8...9...10	Bounce #4 added RGB(109, 23, 4)
0...1...2...3...4...5...6...7...8...9...10	Bounce #5 added RGB(20, 3, 1)
0...1...2...3...4...5...6...7...8...9...10	Bounce #6 added RGB(4, 1, 0)
0...1...2...3...4...5...6...7...8...9...10	Bounce #7 added RGB(1, 0, 0)
Build Patch/Sample Hash Table(s).....Done<0.0159 sec>
0...1...2...3...4...5...6...7...8...9...10FinalLightFace Done
0 of 0 (0% of) surface lights went in leaf ambient cubes.
0...1...2...3...4...5...6...7...8...9...10Writing leaf ambient...done
Ready to Finish

Object names       Objects/Maxobjs  Memory / Maxmem  Fullness 
------------       ---------------  ---------------  -------- 
models                  60/1024         2880/49152    ( 5.9%) 
brushes               2882/8192        34584/98304    (35.2%) 
brushsides           21136/65536      169088/524288   (32.3%) 
planes                8178/65536      163560/1310720  (12.5%) 
vertexes             13900/65536      166800/786432   (21.2%) 
nodes                 5623/65536      179936/2097152  ( 8.6%) 
texinfos               843/12288       60696/884736   ( 6.9%) 
texdata                 93/2048         2976/65536    ( 4.5%) 
dispinfos                0/0               0/0        ( 0.0%) 
disp_verts               0/0               0/0        ( 0.0%) 
disp_tris                0/0               0/0        ( 0.0%) 
disp_lmsamples           0/0               0/0        ( 0.0%) 
faces                 7955/65536      445480/3670016  (12.1%) 
hdr faces                0/65536           0/3670016  ( 0.0%) 
origfaces             5486/65536      307216/3670016  ( 8.4%) 
leaves                5684/65536      181888/2097152  ( 8.7%) 
leaffaces             9673/65536       19346/131072   (14.8%) 
leafbrushes           7716/65536       15432/131072   (11.8%) 
areas                    3/256            24/2048     ( 1.2%) 
surfedges            60120/512000     240480/2048000  (11.7%) 
edges                35426/256000     141704/1024000  (13.8%) 
LDR worldlights          6/8192          528/720896   ( 0.1%) 
HDR worldlights          0/8192            0/720896   ( 0.0%) 
leafwaterdata            0/32768           0/393216   ( 0.0%) 
waterstrips            678/32768        6780/327680   ( 2.1%) 
waterverts               0/65536           0/786432   ( 0.0%) 
waterindices         10413/65536       20826/131072   (15.9%) 
cubemapsamples           0/1024            0/16384    ( 0.0%) 
overlays                 0/512             0/180224   ( 0.0%) 
LDR lightdata         [variable]     1555552/0        ( 0.0%) 
HDR lightdata         [variable]           0/0        ( 0.0%) 
visdata               [variable]      501554/16777216 ( 3.0%) 
entdata               [variable]       31032/393216   ( 7.9%) 
LDR ambient table     5684/65536       22736/262144   ( 8.7%) 
HDR ambient table     5684/65536       22736/262144   ( 8.7%) 
LDR leaf ambient     10084/65536      282352/1835008  (15.4%) 
HDR leaf ambient      5684/65536      159152/1835008  ( 8.7%) 
occluders                0/0               0/0        ( 0.0%) 
occluder polygons        0/0               0/0        ( 0.0%) 
occluder vert ind        0/0               0/0        ( 0.0%) 
detail props          [variable]           1/12       ( 8.3%) 
static props          [variable]           1/12       ( 8.3%) 
pakfile               [variable]         405/0        ( 0.0%) 
physics               [variable]     1025795/4194304  (24.5%) 
physics terrain       [variable]           2/1048576  ( 0.0%) 

Level flags = 0

Total triangle count: 22087
Writing d:\documents\mapping\tf2\tf2-maps\crossover2\a1\ctf_crossover2_a1.bsp
19 seconds elapsed



materialPath: D:\Program Files (x86)\Steam\steamapps\common\Team Fortress 2\tf\materials
Loading d:\documents\mapping\tf2\tf2-maps\crossover2\a1\ctf_crossover2_a1.vmf
Patching WVT material: maps/ctf_crossover2_a1/dev/dev_blendmeasure_wvt_patch
fixing up env_cubemap materials on brush sides...
0...1...2...3...4...5...6...7...8...9...10WARNING: BSP node with unbounded volume (material: <NO BRUSH>, near (-544.000000, -3072.000000, 95.820335))
WARNING: BSP node with unbounded volume (material: <NO BRUSH>, near (-351.743011, -3072.359375, 96.000000))
0...1...2...3...4...5...6...7...8...9...10
FindPortalSide: Couldn't find a good match for which brush to assign to a portal near (256.0 3072.0 -208.1)
Leaf 0 contents: CONTENTS_SOLID 
Leaf 1 contents: 
viscontents (node 0 contents ^ node 1 contents): CONTENTS_SOLID 
This means that none of the brushes in leaf 0 or 1 that touches the portal has CONTENTS_SOLID 
Check for a huge brush enclosing the coordinates above that has contents CONTENTS_SOLID 
Candidate brush IDs: Brush 2637: 


FindPortalSide: Couldn't find a good match for which brush to assign to a portal near (-870.3 -2048.0 608.0)
Leaf 0 contents: CONTENTS_SOLID 
Leaf 1 contents: 
viscontents (node 0 contents ^ node 1 contents): CONTENTS_SOLID 
This means that none of the brushes in leaf 0 or 1 that touches the portal has CONTENTS_SOLID 
Check for a huge brush enclosing the coordinates above that has contents CONTENTS_SOLID 
Candidate brush IDs: Brush 669: 


FindPortalSide: Couldn't find a good match for which brush to assign to a portal near (-848.0 -2848.0 -65.1)
Leaf 0 contents: CONTENTS_SOLID 
Leaf 1 contents: 
viscontents (node 0 contents ^ node 1 contents): CONTENTS_SOLID 
This means that none of the brushes in leaf 0 or 1 that touches the portal has CONTENTS_SOLID 
Check for a huge brush enclosing the coordinates above that has contents CONTENTS_SOLID 
Candidate brush IDs: Brush 71: 


FindPortalSide: Couldn't find a good match for which brush to assign to a portal near (-944.0 -2848.0 -65.1)
Leaf 0 contents: CONTENTS_SOLID 
Leaf 1 contents: 
viscontents (node 0 contents ^ node 1 contents): CONTENTS_SOLID 
This means that none of the brushes in leaf 0 or 1 that touches the portal has CONTENTS_SOLID 
Check for a huge brush enclosing the coordinates above that has contents CONTENTS_SOLID 
Candidate brush IDs: Brush 70: 


FindPortalSide: Couldn't find a good match for which brush to assign to a portal near (-896.0 -2688.5 -125.8)
Leaf 0 contents: 
Leaf 1 contents: CONTENTS_SOLID 
viscontents (node 0 contents ^ node 1 contents): CONTENTS_SOLID 
This means that none of the brushes in leaf 0 or 1 that touches the portal has CONTENTS_SOLID 
Check for a huge brush enclosing the coordinates above that has contents CONTENTS_SOLID 
Candidate brush IDs: Brush 1442: 


FindPortalSide: Couldn't find a good match for which brush to assign to a portal near (-896.0 -2656.0 -159.7)
Leaf 0 contents: 
Leaf 1 contents: CONTENTS_SOLID 
viscontents (node 0 contents ^ node 1 contents): CONTENTS_SOLID 
This means that none of the brushes in leaf 0 or 1 that touches the portal has CONTENTS_SOLID 
Check for a huge brush enclosing the coordinates above that has contents CONTENTS_SOLID 
Candidate brush IDs: Brush 1442: 


FindPortalSide: Couldn't find a good match for which brush to assign to a portal near (-256.0 -3072.0 -208.1)
Leaf 0 contents: 
Leaf 1 contents: CONTENTS_SOLID 
viscontents (node 0 contents ^ node 1 contents): CONTENTS_SOLID 
This means that none of the brushes in leaf 0 or 1 that touches the portal has CONTENTS_SOLID 
Check for a huge brush enclosing the coordinates above that has contents CONTENTS_SOLID 
Candidate brush IDs: Brush 1468: 

Processing areas...done (0)
Building Faces...done (0)
Chop Details...done (0)
Find Visible Detail Sides...
Merged 12 detail faces...done (0)
Merging details...done (0)
FixTjuncs...
PruneNodes...
WriteBSP...
done (1)
writing d:\documents\mapping\tf2\tf2-maps\crossover2\a1\ctf_crossover2_a1.prt...Building visibility clusters...
done (0)
material "skybox/morningrt" not found.
Can't load skybox file skybox/morning to build the default cubemap!
Can't load skybox file skybox/morning to build the default cubemap!
Finding displacement neighbors...
Finding lightmap sample positions...
Displacement Alpha : 0...1...2...3...4...5...6...7...8...9...10
Building Physics collision data...
done (0) (964759 bytes)
Placing detail props : 0...1...2...3...4...5...6...7...8...9...10
Water found with no water_lod_control entity, creating a default one.
Compacting texture/material tables...
Reduced 1444 texinfos to 897
Reduced 102 texdatas to 99 (1574 bytes to 1493)
Writing d:\documents\mapping\tf2\tf2-maps\crossover2\a1\ctf_crossover2_a1.bsp
MSG_FILEWRITE - Filesystem was asked to write to 'd:\documents\mapping\tf2\tf2-maps\crossover2\a1\ctf_crossover2_a1.bsp', but we don't own that location. Allowing.
Wrote ZIP buffer, estimated size 928, actual size 714
2 seconds elapsed
CMaterialDict::Shutdown m_MissingList count: 1



4 threads
reading d:\documents\mapping\tf2\tf2-maps\crossover2\a1\ctf_crossover2_a1.bsp
reading d:\documents\mapping\tf2\tf2-maps\crossover2\a1\ctf_crossover2_a1.prt
2727 portalclusters
8775 numportals
0...1...2...3...4...5...6...7...8...9...10Optimized: 628106 visible clusters (24.52%)
Total clusters visible: 2561719
Average clusters visible: 939
Building PAS...
Average clusters audible: 2338
visdatasize:1400286  compressed from 1876176
writing d:\documents\mapping\tf2\tf2-maps\crossover2\a1\ctf_crossover2_a1.bsp
MSG_FILEWRITE - Filesystem was asked to write to 'd:\documents\mapping\tf2\tf2-maps\crossover2\a1\ctf_crossover2_a1.bsp', but we don't own that location. Allowing.
1 second elapsed



[Reading texlights from 'lights.rad']
[56 texlights parsed from 'lights.rad']

Loading d:\documents\mapping\tf2\tf2-maps\crossover2\a1\ctf_crossover2_a1.bsp
8696 faces
42 degenerate faces
519936 square feet [74870880.00 square inches]
0 Displacements
0 Square Feet [0.00 Square Inches]
8654 patches before subdivision
zero area child patch
80088 patches after subdivision
7 direct lights
0...1...2...3...4...5...6...7...8...9...100...1...2...3...4...5...6...7...8...9...10transfers 10027477, max 632
transfer lists:  76.5 megs
0...1...2...3...4...5...6...7...8...9...10	Bounce #1 added RGB(29180, 12904, 5637)
0...1...2...3...4...5...6...7...8...9...10	Bounce #2 added RGB(4050, 1287, 407)
Build Patch/Sample Hash Table(s).....Done<0.0167 sec>
0...1...2...3...4...5...6...7...8...9...10FinalLightFace Done
0 of 0 (0% of) surface lights went in leaf ambient cubes.
0...1...2...3...4...5...6...7...8...9...10Writing leaf ambient...done
Ready to Finish

Object names       Objects/Maxobjs  Memory / Maxmem  Fullness 
------------       ---------------  ---------------  -------- 
models                  60/1024         2880/49152    ( 5.9%) 
brushes               2692/8192        32304/98304    (32.9%) 
brushsides           19670/65536      157360/524288   (30.0%) 
planes                7946/65536      158920/1310720  (12.1%) 
vertexes             14941/65536      179292/786432   (22.8%) 
nodes                 6013/65536      192416/2097152  ( 9.2%) 
texinfos               897/12288       64584/884736   ( 7.3%) 
texdata                 99/2048         3168/65536    ( 4.8%) 
dispinfos                0/0               0/0        ( 0.0%) 
disp_verts               0/0               0/0        ( 0.0%) 
disp_tris                0/0               0/0        ( 0.0%) 
disp_lmsamples           0/0               0/0        ( 0.0%) 
faces                 8696/65536      486976/3670016  (13.3%) 
hdr faces                0/65536           0/3670016  ( 0.0%) 
origfaces             5873/65536      328888/3670016  ( 9.0%) 
leaves                6074/65536      194368/2097152  ( 9.3%) 
leaffaces            10521/65536       21042/131072   (16.1%) 
leafbrushes           7362/65536       14724/131072   (11.2%) 
areas                    3/256            24/2048     ( 1.2%) 
surfedges            65215/512000     260860/2048000  (12.7%) 
edges                38348/256000     153392/1024000  (15.0%) 
LDR worldlights          6/8192          528/720896   ( 0.1%) 
HDR worldlights          0/8192            0/720896   ( 0.0%) 
leafwaterdata            1/32768          12/393216   ( 0.0%) 
waterstrips            748/32768        7480/327680   ( 2.3%) 
waterverts               0/65536           0/786432   ( 0.0%) 
waterindices         11514/65536       23028/131072   (17.6%) 
cubemapsamples           0/1024            0/16384    ( 0.0%) 
overlays                 0/512             0/180224   ( 0.0%) 
LDR lightdata         [variable]     1669480/0        ( 0.0%) 
HDR lightdata         [variable]           0/0        ( 0.0%) 
visdata               [variable]     1400286/16777216 ( 8.3%) 
entdata               [variable]       31808/393216   ( 8.1%) 
LDR ambient table     6074/65536       24296/262144   ( 9.3%) 
HDR ambient table     6074/65536       24296/262144   ( 9.3%) 
LDR leaf ambient     10169/65536      284732/1835008  (15.5%) 
HDR leaf ambient      6074/65536      170072/1835008  ( 9.3%) 
occluders                0/0               0/0        ( 0.0%) 
occluder polygons        0/0               0/0        ( 0.0%) 
occluder vert ind        0/0               0/0        ( 0.0%) 
detail props          [variable]           1/12       ( 8.3%) 
static props          [variable]           1/12       ( 8.3%) 
pakfile               [variable]         714/0        ( 0.0%) 
physics               [variable]      964759/4194304  (23.0%) 
physics terrain       [variable]           2/1048576  ( 0.0%) 

Level flags = 0

Total triangle count: 24124
Writing d:\documents\mapping\tf2\tf2-maps\crossover2\a1\ctf_crossover2_a1.bsp
24 seconds elapsed



materialPath: D:\Program Files (x86)\Steam\steamapps\common\Team Fortress 2\tf\materials
Loading d:\documents\mapping\tf2\tf2-maps\crossover2\a1\ctf_crossover2_a1.vmf
Patching WVT material: maps/ctf_crossover2_a1/dev/dev_blendmeasure_wvt_patch
fixing up env_cubemap materials on brush sides...
0...1...2...3...4...5...6...7...8...9...10WARNING: BSP node with unbounded volume (material: <NO BRUSH>, near (-544.000000, -3072.000000, 95.820335))
WARNING: BSP node with unbounded volume (material: <NO BRUSH>, near (-351.743011, -3072.359375, 96.000000))
0...1...2...3...4...5...6...7...8...9...10
FindPortalSide: Couldn't find a good match for which brush to assign to a portal near (256.0 3072.0 -208.1)
Leaf 0 contents: CONTENTS_SOLID 
Leaf 1 contents: 
viscontents (node 0 contents ^ node 1 contents): CONTENTS_SOLID 
This means that none of the brushes in leaf 0 or 1 that touches the portal has CONTENTS_SOLID 
Check for a huge brush enclosing the coordinates above that has contents CONTENTS_SOLID 
Candidate brush IDs: Brush 2637: 


FindPortalSide: Couldn't find a good match for which brush to assign to a portal near (-870.3 -2048.0 608.0)
Leaf 0 contents: CONTENTS_SOLID 
Leaf 1 contents: 
viscontents (node 0 contents ^ node 1 contents): CONTENTS_SOLID 
This means that none of the brushes in leaf 0 or 1 that touches the portal has CONTENTS_SOLID 
Check for a huge brush enclosing the coordinates above that has contents CONTENTS_SOLID 
Candidate brush IDs: Brush 669: 


FindPortalSide: Couldn't find a good match for which brush to assign to a portal near (-848.0 -2848.0 -65.1)
Leaf 0 contents: CONTENTS_SOLID 
Leaf 1 contents: 
viscontents (node 0 contents ^ node 1 contents): CONTENTS_SOLID 
This means that none of the brushes in leaf 0 or 1 that touches the portal has CONTENTS_SOLID 
Check for a huge brush enclosing the coordinates above that has contents CONTENTS_SOLID 
Candidate brush IDs: Brush 71: 


FindPortalSide: Couldn't find a good match for which brush to assign to a portal near (-944.0 -2848.0 -65.1)
Leaf 0 contents: CONTENTS_SOLID 
Leaf 1 contents: 
viscontents (node 0 contents ^ node 1 contents): CONTENTS_SOLID 
This means that none of the brushes in leaf 0 or 1 that touches the portal has CONTENTS_SOLID 
Check for a huge brush enclosing the coordinates above that has contents CONTENTS_SOLID 
Candidate brush IDs: Brush 70: 


FindPortalSide: Couldn't find a good match for which brush to assign to a portal near (-896.0 -2688.5 -125.8)
Leaf 0 contents: 
Leaf 1 contents: CONTENTS_SOLID 
viscontents (node 0 contents ^ node 1 contents): CONTENTS_SOLID 
This means that none of the brushes in leaf 0 or 1 that touches the portal has CONTENTS_SOLID 
Check for a huge brush enclosing the coordinates above that has contents CONTENTS_SOLID 
Candidate brush IDs: Brush 1442: 


FindPortalSide: Couldn't find a good match for which brush to assign to a portal near (-896.0 -2656.0 -159.7)
Leaf 0 contents: 
Leaf 1 contents: CONTENTS_SOLID 
viscontents (node 0 contents ^ node 1 contents): CONTENTS_SOLID 
This means that none of the brushes in leaf 0 or 1 that touches the portal has CONTENTS_SOLID 
Check for a huge brush enclosing the coordinates above that has contents CONTENTS_SOLID 
Candidate brush IDs: Brush 1442: 


FindPortalSide: Couldn't find a good match for which brush to assign to a portal near (-256.0 -3072.0 -208.1)
Leaf 0 contents: 
Leaf 1 contents: CONTENTS_SOLID 
viscontents (node 0 contents ^ node 1 contents): CONTENTS_SOLID 
This means that none of the brushes in leaf 0 or 1 that touches the portal has CONTENTS_SOLID 
Check for a huge brush enclosing the coordinates above that has contents CONTENTS_SOLID 
Candidate brush IDs: Brush 1468: 

Processing areas...done (0)
Building Faces...done (0)
Chop Details...done (0)
Find Visible Detail Sides...
Merged 12 detail faces...done (0)
Merging details...done (0)
FixTjuncs...
PruneNodes...
WriteBSP...
done (1)
writing d:\documents\mapping\tf2\tf2-maps\crossover2\a1\ctf_crossover2_a1.prt...Building visibility clusters...
done (0)
*** Error: Skybox vtf files for skybox/sky_tf2_04 weren't compiled with the same size texture and/or same flags!
Can't load skybox file skybox/sky_tf2_04 to build the default cubemap!
*** Error: Skybox vtf files for skybox/sky_tf2_04 weren't compiled with the same size texture and/or same flags!
Can't load skybox file skybox/sky_tf2_04 to build the default cubemap!
Finding displacement neighbors...
Finding lightmap sample positions...
Displacement Alpha : 0...1...2...3...4...5...6...7...8...9...10
Building Physics collision data...
done (0) (963679 bytes)
Placing detail props : 0...1...2...3...4...5...6...7...8...9...10
Water found with no water_lod_control entity, creating a default one.
Compacting texture/material tables...
Reduced 1437 texinfos to 893
Reduced 102 texdatas to 99 (1574 bytes to 1493)
Writing d:\documents\mapping\tf2\tf2-maps\crossover2\a1\ctf_crossover2_a1.bsp
MSG_FILEWRITE - Filesystem was asked to write to 'd:\documents\mapping\tf2\tf2-maps\crossover2\a1\ctf_crossover2_a1.bsp', but we don't own that location. Allowing.
Wrote ZIP buffer, estimated size 928, actual size 714
2 seconds elapsed



4 threads
reading d:\documents\mapping\tf2\tf2-maps\crossover2\a1\ctf_crossover2_a1.bsp
reading d:\documents\mapping\tf2\tf2-maps\crossover2\a1\ctf_crossover2_a1.prt
2700 portalclusters
8631 numportals
0...1...2...3...4...5...6...7...8...9...10Optimized: 621984 visible clusters (24.66%)
Total clusters visible: 2522108
Average clusters visible: 934
Building PAS...
Average clusters audible: 2316
visdatasize:1376417  compressed from 1857600
writing d:\documents\mapping\tf2\tf2-maps\crossover2\a1\ctf_crossover2_a1.bsp
MSG_FILEWRITE - Filesystem was asked to write to 'd:\documents\mapping\tf2\tf2-maps\crossover2\a1\ctf_crossover2_a1.bsp', but we don't own that location. Allowing.
1 second elapsed



[Reading texlights from 'lights.rad']
[56 texlights parsed from 'lights.rad']

Loading d:\documents\mapping\tf2\tf2-maps\crossover2\a1\ctf_crossover2_a1.bsp
8639 faces
42 degenerate faces
520223 square feet [74912120.00 square inches]
0 Displacements
0 Square Feet [0.00 Square Inches]
8597 patches before subdivision
zero area child patch
80117 patches after subdivision
6 direct lights
0...1...2...3...4...5...6...7...8...9...100...1...2...3...4...5...6...7...8...9...10transfers 9992714, max 629
transfer lists:  76.2 megs
0...1...2...3...4...5...6...7...8...9...10	Bounce #1 added RGB(29172, 12899, 5634)
0...1...2...3...4...5...6...7...8...9...10	Bounce #2 added RGB(4048, 1286, 406)
Build Patch/Sample Hash Table(s).....Done<0.0171 sec>
0...1...2...3...4...5...6...7...8...9...10FinalLightFace Done
0 of 0 (0% of) surface lights went in leaf ambient cubes.
0...1...2...3...4...5...6...7...8...9...10Writing leaf ambient...done
Ready to Finish

Object names       Objects/Maxobjs  Memory / Maxmem  Fullness 
------------       ---------------  ---------------  -------- 
models                  60/1024         2880/49152    ( 5.9%) 
brushes               2689/8192        32268/98304    (32.8%) 
brushsides           19652/65536      157216/524288   (30.0%) 
planes                7944/65536      158880/1310720  (12.1%) 
vertexes             14872/65536      178464/786432   (22.7%) 
nodes                 5959/65536      190688/2097152  ( 9.1%) 
texinfos               893/12288       64296/884736   ( 7.3%) 
texdata                 99/2048         3168/65536    ( 4.8%) 
dispinfos                0/0               0/0        ( 0.0%) 
disp_verts               0/0               0/0        ( 0.0%) 
disp_tris                0/0               0/0        ( 0.0%) 
disp_lmsamples           0/0               0/0        ( 0.0%) 
faces                 8639/65536      483784/3670016  (13.2%) 
hdr faces                0/65536           0/3670016  ( 0.0%) 
origfaces             5853/65536      327768/3670016  ( 8.9%) 
leaves                6020/65536      192640/2097152  ( 9.2%) 
leaffaces            10467/65536       20934/131072   (16.0%) 
leafbrushes           7365/65536       14730/131072   (11.2%) 
areas                    3/256            24/2048     ( 1.2%) 
surfedges            64942/512000     259768/2048000  (12.7%) 
edges                38139/256000     152556/1024000  (14.9%) 
LDR worldlights          6/8192          528/720896   ( 0.1%) 
HDR worldlights          0/8192            0/720896   ( 0.0%) 
leafwaterdata            1/32768          12/393216   ( 0.0%) 
waterstrips            752/32768        7520/327680   ( 2.3%) 
waterverts               0/65536           0/786432   ( 0.0%) 
waterindices         11643/65536       23286/131072   (17.8%) 
cubemapsamples           0/1024            0/16384    ( 0.0%) 
overlays                 0/512             0/180224   ( 0.0%) 
LDR lightdata         [variable]     1669900/0        ( 0.0%) 
HDR lightdata         [variable]           0/0        ( 0.0%) 
visdata               [variable]     1376417/16777216 ( 8.2%) 
entdata               [variable]       30837/393216   ( 7.8%) 
LDR ambient table     6020/65536       24080/262144   ( 9.2%) 
HDR ambient table     6020/65536       24080/262144   ( 9.2%) 
LDR leaf ambient     10142/65536      283976/1835008  (15.5%) 
HDR leaf ambient      6020/65536      168560/1835008  ( 9.2%) 
occluders                0/0               0/0        ( 0.0%) 
occluder polygons        0/0               0/0        ( 0.0%) 
occluder vert ind        0/0               0/0        ( 0.0%) 
detail props          [variable]           1/12       ( 8.3%) 
static props          [variable]           1/12       ( 8.3%) 
pakfile               [variable]         714/0        ( 0.0%) 
physics               [variable]      963679/4194304  (23.0%) 
physics terrain       [variable]           2/1048576  ( 0.0%) 

Level flags = 0

Total triangle count: 24048
Writing d:\documents\mapping\tf2\tf2-maps\crossover2\a1\ctf_crossover2_a1.bsp
23 seconds elapsed



materialPath: D:\Program Files (x86)\Steam\steamapps\common\Team Fortress 2\tf\materials
Loading d:\documents\mapping\tf2\tf2-maps\crossover2\a1\ctf_crossover2_a1.vmf
Patching WVT material: maps/ctf_crossover2_a1/dev/dev_blendmeasure_wvt_patch
fixing up env_cubemap materials on brush sides...
0...1...2...3...4...5...6...7...8...9...10WARNING: BSP node with unbounded volume (material: <NO BRUSH>, near (-544.000000, -3072.000000, 95.820335))
WARNING: BSP node with unbounded volume (material: <NO BRUSH>, near (-351.743011, -3072.359375, 96.000000))
0...1...2...3...4...5...6...7...8...9...10
FindPortalSide: Couldn't find a good match for which brush to assign to a portal near (256.0 3072.0 -208.1)
Leaf 0 contents: CONTENTS_SOLID 
Leaf 1 contents: 
viscontents (node 0 contents ^ node 1 contents): CONTENTS_SOLID 
This means that none of the brushes in leaf 0 or 1 that touches the portal has CONTENTS_SOLID 
Check for a huge brush enclosing the coordinates above that has contents CONTENTS_SOLID 
Candidate brush IDs: Brush 2637: 


FindPortalSide: Couldn't find a good match for which brush to assign to a portal near (-870.3 -2048.0 608.0)
Leaf 0 contents: CONTENTS_SOLID 
Leaf 1 contents: 
viscontents (node 0 contents ^ node 1 contents): CONTENTS_SOLID 
This means that none of the brushes in leaf 0 or 1 that touches the portal has CONTENTS_SOLID 
Check for a huge brush enclosing the coordinates above that has contents CONTENTS_SOLID 
Candidate brush IDs: Brush 669: 


FindPortalSide: Couldn't find a good match for which brush to assign to a portal near (-848.0 -2848.0 -65.1)
Leaf 0 contents: CONTENTS_SOLID 
Leaf 1 contents: 
viscontents (node 0 contents ^ node 1 contents): CONTENTS_SOLID 
This means that none of the brushes in leaf 0 or 1 that touches the portal has CONTENTS_SOLID 
Check for a huge brush enclosing the coordinates above that has contents CONTENTS_SOLID 
Candidate brush IDs: Brush 71: 


FindPortalSide: Couldn't find a good match for which brush to assign to a portal near (-944.0 -2848.0 -65.1)
Leaf 0 contents: CONTENTS_SOLID 
Leaf 1 contents: 
viscontents (node 0 contents ^ node 1 contents): CONTENTS_SOLID 
This means that none of the brushes in leaf 0 or 1 that touches the portal has CONTENTS_SOLID 
Check for a huge brush enclosing the coordinates above that has contents CONTENTS_SOLID 
Candidate brush IDs: Brush 70: 


FindPortalSide: Couldn't find a good match for which brush to assign to a portal near (-896.0 -2688.5 -125.8)
Leaf 0 contents: 
Leaf 1 contents: CONTENTS_SOLID 
viscontents (node 0 contents ^ node 1 contents): CONTENTS_SOLID 
This means that none of the brushes in leaf 0 or 1 that touches the portal has CONTENTS_SOLID 
Check for a huge brush enclosing the coordinates above that has contents CONTENTS_SOLID 
Candidate brush IDs: Brush 1442: 


FindPortalSide: Couldn't find a good match for which brush to assign to a portal near (-896.0 -2656.0 -159.7)
Leaf 0 contents: 
Leaf 1 contents: CONTENTS_SOLID 
viscontents (node 0 contents ^ node 1 contents): CONTENTS_SOLID 
This means that none of the brushes in leaf 0 or 1 that touches the portal has CONTENTS_SOLID 
Check for a huge brush enclosing the coordinates above that has contents CONTENTS_SOLID 
Candidate brush IDs: Brush 1442: 


FindPortalSide: Couldn't find a good match for which brush to assign to a portal near (-256.0 -3072.0 -208.1)
Leaf 0 contents: 
Leaf 1 contents: CONTENTS_SOLID 
viscontents (node 0 contents ^ node 1 contents): CONTENTS_SOLID 
This means that none of the brushes in leaf 0 or 1 that touches the portal has CONTENTS_SOLID 
Check for a huge brush enclosing the coordinates above that has contents CONTENTS_SOLID 
Candidate brush IDs: Brush 1468: 

Processing areas...done (0)
Building Faces...done (0)
Chop Details...done (0)
Find Visible Detail Sides...
Merged 12 detail faces...done (0)
Merging details...done (0)
FixTjuncs...
PruneNodes...
WriteBSP...
done (1)
writing d:\documents\mapping\tf2\tf2-maps\crossover2\a1\ctf_crossover2_a1.prt...Building visibility clusters...
done (0)
*** Error: Skybox vtf files for skybox/sky_harvest_01 weren't compiled with the same size texture and/or same flags!
Can't load skybox file skybox/sky_harvest_01 to build the default cubemap!
*** Error: Skybox vtf files for skybox/sky_harvest_01 weren't compiled with the same size texture and/or same flags!
Can't load skybox file skybox/sky_harvest_01 to build the default cubemap!
Finding displacement neighbors...
Finding lightmap sample positions...
Displacement Alpha : 0...1...2...3...4...5...6...7...8...9...10
Building Physics collision data...
done (0) (965100 bytes)
Placing detail props : 0...1...2...3...4...5...6...7...8...9...10
Water found with no water_lod_control entity, creating a default one.
Compacting texture/material tables...
Reduced 1438 texinfos to 893
Reduced 103 texdatas to 99 (1625 bytes to 1493)
Writing d:\documents\mapping\tf2\tf2-maps\crossover2\a1\ctf_crossover2_a1.bsp
MSG_FILEWRITE - Filesystem was asked to write to 'd:\documents\mapping\tf2\tf2-maps\crossover2\a1\ctf_crossover2_a1.bsp', but we don't own that location. Allowing.
Wrote ZIP buffer, estimated size 1371, actual size 1023
2 seconds elapsed



4 threads
reading d:\documents\mapping\tf2\tf2-maps\crossover2\a1\ctf_crossover2_a1.bsp
reading d:\documents\mapping\tf2\tf2-maps\crossover2\a1\ctf_crossover2_a1.prt
2708 portalclusters
8662 numportals
0...1...2...3...4...5...6...7...8...9...10Optimized: 618271 visible clusters (24.50%)
Total clusters visible: 2523901
Average clusters visible: 932
Building PAS...
Average clusters audible: 2313
visdatasize:1383038  compressed from 1863104
writing d:\documents\mapping\tf2\tf2-maps\crossover2\a1\ctf_crossover2_a1.bsp
MSG_FILEWRITE - Filesystem was asked to write to 'd:\documents\mapping\tf2\tf2-maps\crossover2\a1\ctf_crossover2_a1.bsp', but we don't own that location. Allowing.
1 second elapsed



[Reading texlights from 'lights.rad']
[56 texlights parsed from 'lights.rad']

Loading d:\documents\mapping\tf2\tf2-maps\crossover2\a1\ctf_crossover2_a1.bsp
8621 faces
43 degenerate faces
520311 square feet [74924864.00 square inches]
0 Displacements
0 Square Feet [0.00 Square Inches]
8578 patches before subdivision
zero area child patch
79970 patches after subdivision
6 direct lights
0...1...2...3...4...5...6...7...8...9...100...1...2...3...4...5...6...7...8...9...10transfers 9978133, max 629
transfer lists:  76.1 megs
0...1...2...3...4...5...6...7...8...9...10	Bounce #1 added RGB(29174, 12900, 5635)
0...1...2...3...4...5...6...7...8...9...10	Bounce #2 added RGB(4048, 1286, 407)
Build Patch/Sample Hash Table(s).....Done<0.0180 sec>
0...1...2...3...4...5...6...7...8...9...10FinalLightFace Done
0 of 0 (0% of) surface lights went in leaf ambient cubes.
0...1...2...3...4...5...6...7...8...9...10Writing leaf ambient...done
Ready to Finish

Object names       Objects/Maxobjs  Memory / Maxmem  Fullness 
------------       ---------------  ---------------  -------- 
models                  60/1024         2880/49152    ( 5.9%) 
brushes               2691/8192        32292/98304    (32.8%) 
brushsides           19664/65536      157312/524288   (30.0%) 
planes                7952/65536      159040/1310720  (12.1%) 
vertexes             14850/65536      178200/786432   (22.7%) 
nodes                 5961/65536      190752/2097152  ( 9.1%) 
texinfos               893/12288       64296/884736   ( 7.3%) 
texdata                 99/2048         3168/65536    ( 4.8%) 
dispinfos                0/0               0/0        ( 0.0%) 
disp_verts               0/0               0/0        ( 0.0%) 
disp_tris                0/0               0/0        ( 0.0%) 
disp_lmsamples           0/0               0/0        ( 0.0%) 
faces                 8621/65536      482776/3670016  (13.2%) 
hdr faces                0/65536           0/3670016  ( 0.0%) 
origfaces             5852/65536      327712/3670016  ( 8.9%) 
leaves                6022/65536      192704/2097152  ( 9.2%) 
leaffaces            10484/65536       20968/131072   (16.0%) 
leafbrushes           7461/65536       14922/131072   (11.4%) 
areas                    3/256            24/2048     ( 1.2%) 
surfedges            64864/512000     259456/2048000  (12.7%) 
edges                38087/256000     152348/1024000  (14.9%) 
LDR worldlights          6/8192          528/720896   ( 0.1%) 
HDR worldlights          0/8192            0/720896   ( 0.0%) 
leafwaterdata            2/32768          24/393216   ( 0.0%) 
waterstrips            762/32768        7620/327680   ( 2.3%) 
waterverts               0/65536           0/786432   ( 0.0%) 
waterindices         11760/65536       23520/131072   (17.9%) 
cubemapsamples           0/1024            0/16384    ( 0.0%) 
overlays                 0/512             0/180224   ( 0.0%) 
LDR lightdata         [variable]     1667236/0        ( 0.0%) 
HDR lightdata         [variable]           0/0        ( 0.0%) 
visdata               [variable]     1383038/16777216 ( 8.2%) 
entdata               [variable]       30841/393216   ( 7.8%) 
LDR ambient table     6022/65536       24088/262144   ( 9.2%) 
HDR ambient table     6022/65536       24088/262144   ( 9.2%) 
LDR leaf ambient     10131/65536      283668/1835008  (15.5%) 
HDR leaf ambient      6022/65536      168616/1835008  ( 9.2%) 
occluders                0/0               0/0        ( 0.0%) 
occluder polygons        0/0               0/0        ( 0.0%) 
occluder vert ind        0/0               0/0        ( 0.0%) 
detail props          [variable]           1/12       ( 8.3%) 
static props          [variable]           1/12       ( 8.3%) 
pakfile               [variable]        1023/0        ( 0.0%) 
physics               [variable]      965100/4194304  (23.0%) 
physics terrain       [variable]           2/1048576  ( 0.0%) 

Level flags = 0

Total triangle count: 24017
Writing d:\documents\mapping\tf2\tf2-maps\crossover2\a1\ctf_crossover2_a1.bsp
23 seconds elapsed



materialPath: D:\Program Files (x86)\Steam\steamapps\common\Team Fortress 2\tf\materials
Loading d:\documents\mapping\tf2\tf2-maps\crossover2\a1\ctf_crossover2_a1.vmf
Patching WVT material: maps/ctf_crossover2_a1/dev/dev_blendmeasure_wvt_patch
fixing up env_cubemap materials on brush sides...
0...1...2...3...4...5...6...7...8...9...10WARNING: BSP node with unbounded volume (material: <NO BRUSH>, near (-544.000000, -3072.000000, 95.820335))
WARNING: BSP node with unbounded volume (material: <NO BRUSH>, near (-351.743011, -3072.359375, 96.000000))
0...1...2...3...4...5...6...7...8...9...10
FindPortalSide: Couldn't find a good match for which brush to assign to a portal near (256.0 3072.0 -208.1)
Leaf 0 contents: CONTENTS_SOLID 
Leaf 1 contents: 
viscontents (node 0 contents ^ node 1 contents): CONTENTS_SOLID 
This means that none of the brushes in leaf 0 or 1 that touches the portal has CONTENTS_SOLID 
Check for a huge brush enclosing the coordinates above that has contents CONTENTS_SOLID 
Candidate brush IDs: Brush 2637: 


FindPortalSide: Couldn't find a good match for which brush to assign to a portal near (-870.3 -2048.0 608.0)
Leaf 0 contents: CONTENTS_SOLID 
Leaf 1 contents: 
viscontents (node 0 contents ^ node 1 contents): CONTENTS_SOLID 
This means that none of the brushes in leaf 0 or 1 that touches the portal has CONTENTS_SOLID 
Check for a huge brush enclosing the coordinates above that has contents CONTENTS_SOLID 
Candidate brush IDs: Brush 669: 


FindPortalSide: Couldn't find a good match for which brush to assign to a portal near (-848.0 -2848.0 -65.1)
Leaf 0 contents: CONTENTS_SOLID 
Leaf 1 contents: 
viscontents (node 0 contents ^ node 1 contents): CONTENTS_SOLID 
This means that none of the brushes in leaf 0 or 1 that touches the portal has CONTENTS_SOLID 
Check for a huge brush enclosing the coordinates above that has contents CONTENTS_SOLID 
Candidate brush IDs: Brush 71: 


FindPortalSide: Couldn't find a good match for which brush to assign to a portal near (-944.0 -2848.0 -65.1)
Leaf 0 contents: CONTENTS_SOLID 
Leaf 1 contents: 
viscontents (node 0 contents ^ node 1 contents): CONTENTS_SOLID 
This means that none of the brushes in leaf 0 or 1 that touches the portal has CONTENTS_SOLID 
Check for a huge brush enclosing the coordinates above that has contents CONTENTS_SOLID 
Candidate brush IDs: Brush 70: 


FindPortalSide: Couldn't find a good match for which brush to assign to a portal near (-896.0 -2688.5 -125.8)
Leaf 0 contents: 
Leaf 1 contents: CONTENTS_SOLID 
viscontents (node 0 contents ^ node 1 contents): CONTENTS_SOLID 
This means that none of the brushes in leaf 0 or 1 that touches the portal has CONTENTS_SOLID 
Check for a huge brush enclosing the coordinates above that has contents CONTENTS_SOLID 
Candidate brush IDs: Brush 1442: 


FindPortalSide: Couldn't find a good match for which brush to assign to a portal near (-896.0 -2656.0 -159.7)
Leaf 0 contents: 
Leaf 1 contents: CONTENTS_SOLID 
viscontents (node 0 contents ^ node 1 contents): CONTENTS_SOLID 
This means that none of the brushes in leaf 0 or 1 that touches the portal has CONTENTS_SOLID 
Check for a huge brush enclosing the coordinates above that has contents CONTENTS_SOLID 
Candidate brush IDs: Brush 1442: 


FindPortalSide: Couldn't find a good match for which brush to assign to a portal near (-256.0 -3072.0 -208.1)
Leaf 0 contents: 
Leaf 1 contents: CONTENTS_SOLID 
viscontents (node 0 contents ^ node 1 contents): CONTENTS_SOLID 
This means that none of the brushes in leaf 0 or 1 that touches the portal has CONTENTS_SOLID 
Check for a huge brush enclosing the coordinates above that has contents CONTENTS_SOLID 
Candidate brush IDs: Brush 1468: 

Processing areas...done (0)
Building Faces...done (0)
Chop Details...done (0)
Find Visible Detail Sides...
Merged 12 detail faces...done (0)
Merging details...done (0)
FixTjuncs...
PruneNodes...
WriteBSP...
done (1)
writing d:\documents\mapping\tf2\tf2-maps\crossover2\a1\ctf_crossover2_a1.prt...Building visibility clusters...
done (0)
*** Error: Skybox vtf files for skybox/sky_harvest_01 weren't compiled with the same size texture and/or same flags!
Can't load skybox file skybox/sky_harvest_01 to build the default cubemap!
*** Error: Skybox vtf files for skybox/sky_harvest_01 weren't compiled with the same size texture and/or same flags!
Can't load skybox file skybox/sky_harvest_01 to build the default cubemap!
Finding displacement neighbors...
Finding lightmap sample positions...
Displacement Alpha : 0...1...2...3...4...5...6...7...8...9...10
Building Physics collision data...
done (0) (965100 bytes)
Placing detail props : 0...1...2...3...4...5...6...7...8...9...10
Water found with no water_lod_control entity, creating a default one.
Compacting texture/material tables...
Reduced 1438 texinfos to 893
Reduced 103 texdatas to 99 (1625 bytes to 1493)
Writing d:\documents\mapping\tf2\tf2-maps\crossover2\a1\ctf_crossover2_a1.bsp
MSG_FILEWRITE - Filesystem was asked to write to 'd:\documents\mapping\tf2\tf2-maps\crossover2\a1\ctf_crossover2_a1.bsp', but we don't own that location. Allowing.
Wrote ZIP buffer, estimated size 1371, actual size 1023
2 seconds elapsed



4 threads
reading d:\documents\mapping\tf2\tf2-maps\crossover2\a1\ctf_crossover2_a1.bsp
reading d:\documents\mapping\tf2\tf2-maps\crossover2\a1\ctf_crossover2_a1.prt
2708 portalclusters
8662 numportals
0...1...2...3...4...5...6...7...8...9...10Optimized: 618270 visible clusters (24.50%)
Total clusters visible: 2523900
Average clusters visible: 932
Building PAS...
Average clusters audible: 2313
visdatasize:1383038  compressed from 1863104
writing d:\documents\mapping\tf2\tf2-maps\crossover2\a1\ctf_crossover2_a1.bsp
MSG_FILEWRITE - Filesystem was asked to write to 'd:\documents\mapping\tf2\tf2-maps\crossover2\a1\ctf_crossover2_a1.bsp', but we don't own that location. Allowing.
1 second elapsed



[Reading texlights from 'lights.rad']
[56 texlights parsed from 'lights.rad']

Loading d:\documents\mapping\tf2\tf2-maps\crossover2\a1\ctf_crossover2_a1.bsp
8624 faces
43 degenerate faces
520311 square feet [74924912.00 square inches]
0 Displacements
0 Square Feet [0.00 Square Inches]
8581 patches before subdivision
zero area child patch
79979 patches after subdivision
6 direct lights
0...1...2...3...4...5...6...7...8...9...100...1...2...3...4...5...6...7...8...9...10transfers 9977934, max 629
transfer lists:  76.1 megs
0...1...2...3...4...5...6...7...8...9...10	Bounce #1 added RGB(29174, 12900, 5635)
0...1...2...3...4...5...6...7...8...9...10	Bounce #2 added RGB(4049, 1286, 407)
Build Patch/Sample Hash Table(s).....Done<0.0177 sec>
0...1...2...3...4...5...6...7...8...9...10FinalLightFace Done
0 of 0 (0% of) surface lights went in leaf ambient cubes.
0...1...2...3...4...5...6...7...8...9...10Writing leaf ambient...done
Ready to Finish

Object names       Objects/Maxobjs  Memory / Maxmem  Fullness 
------------       ---------------  ---------------  -------- 
models                  60/1024         2880/49152    ( 5.9%) 
brushes               2691/8192        32292/98304    (32.8%) 
brushsides           19664/65536      157312/524288   (30.0%) 
planes                7952/65536      159040/1310720  (12.1%) 
vertexes             14858/65536      178296/786432   (22.7%) 
nodes                 5960/65536      190720/2097152  ( 9.1%) 
texinfos               893/12288       64296/884736   ( 7.3%) 
texdata                 99/2048         3168/65536    ( 4.8%) 
dispinfos                0/0               0/0        ( 0.0%) 
disp_verts               0/0               0/0        ( 0.0%) 
disp_tris                0/0               0/0        ( 0.0%) 
disp_lmsamples           0/0               0/0        ( 0.0%) 
faces                 8624/65536      482944/3670016  (13.2%) 
hdr faces                0/65536           0/3670016  ( 0.0%) 
origfaces             5852/65536      327712/3670016  ( 8.9%) 
leaves                6021/65536      192672/2097152  ( 9.2%) 
leaffaces            10485/65536       20970/131072   (16.0%) 
leafbrushes           7466/65536       14932/131072   (11.4%) 
areas                    3/256            24/2048     ( 1.2%) 
surfedges            64883/512000     259532/2048000  (12.7%) 
edges                38097/256000     152388/1024000  (14.9%) 
LDR worldlights          6/8192          528/720896   ( 0.1%) 
HDR worldlights          0/8192            0/720896   ( 0.0%) 
leafwaterdata            2/32768          24/393216   ( 0.0%) 
waterstrips            764/32768        7640/327680   ( 2.3%) 
waterverts               0/65536           0/786432   ( 0.0%) 
waterindices         11793/65536       23586/131072   (18.0%) 
cubemapsamples           0/1024            0/16384    ( 0.0%) 
overlays                 0/512             0/180224   ( 0.0%) 
LDR lightdata         [variable]     1667496/0        ( 0.0%) 
HDR lightdata         [variable]           0/0        ( 0.0%) 
visdata               [variable]     1383038/16777216 ( 8.2%) 
entdata               [variable]       30932/393216   ( 7.9%) 
LDR ambient table     6021/65536       24084/262144   ( 9.2%) 
HDR ambient table     6021/65536       24084/262144   ( 9.2%) 
LDR leaf ambient     10139/65536      283892/1835008  (15.5%) 
HDR leaf ambient      6021/65536      168588/1835008  ( 9.2%) 
occluders                0/0               0/0        ( 0.0%) 
occluder polygons        0/0               0/0        ( 0.0%) 
occluder vert ind        0/0               0/0        ( 0.0%) 
detail props          [variable]           1/12       ( 8.3%) 
static props          [variable]           1/12       ( 8.3%) 
pakfile               [variable]        1023/0        ( 0.0%) 
physics               [variable]      965100/4194304  (23.0%) 
physics terrain       [variable]           2/1048576  ( 0.0%) 

Level flags = 0

Total triangle count: 24029
Writing d:\documents\mapping\tf2\tf2-maps\crossover2\a1\ctf_crossover2_a1.bsp
23 seconds elapsed



materialPath: D:\Program Files (x86)\Steam\steamapps\common\Team Fortress 2\tf\materials
Loading d:\documents\mapping\tf2\tf2-maps\crossover2\a1\ctf_crossover2_a1.vmf
Patching WVT material: maps/ctf_crossover2_a1/dev/dev_blendmeasure_wvt_patch
fixing up env_cubemap materials on brush sides...
0...1...2...3...4...5...6...7...8...9...10WARNING: BSP node with unbounded volume (material: <NO BRUSH>, near (-544.000000, -3072.000000, 95.820335))
WARNING: BSP node with unbounded volume (material: <NO BRUSH>, near (-351.743011, -3072.359375, 96.000000))
0...1...2...3...4...5...6...7...8...9...10
FindPortalSide: Couldn't find a good match for which brush to assign to a portal near (256.0 3072.0 -208.1)
Leaf 0 contents: CONTENTS_SOLID 
Leaf 1 contents: 
viscontents (node 0 contents ^ node 1 contents): CONTENTS_SOLID 
This means that none of the brushes in leaf 0 or 1 that touches the portal has CONTENTS_SOLID 
Check for a huge brush enclosing the coordinates above that has contents CONTENTS_SOLID 
Candidate brush IDs: Brush 2637: 


FindPortalSide: Couldn't find a good match for which brush to assign to a portal near (-870.3 -2048.0 608.0)
Leaf 0 contents: CONTENTS_SOLID 
Leaf 1 contents: 
viscontents (node 0 contents ^ node 1 contents): CONTENTS_SOLID 
This means that none of the brushes in leaf 0 or 1 that touches the portal has CONTENTS_SOLID 
Check for a huge brush enclosing the coordinates above that has contents CONTENTS_SOLID 
Candidate brush IDs: Brush 669: 


FindPortalSide: Couldn't find a good match for which brush to assign to a portal near (-848.0 -2848.0 -65.1)
Leaf 0 contents: CONTENTS_SOLID 
Leaf 1 contents: 
viscontents (node 0 contents ^ node 1 contents): CONTENTS_SOLID 
This means that none of the brushes in leaf 0 or 1 that touches the portal has CONTENTS_SOLID 
Check for a huge brush enclosing the coordinates above that has contents CONTENTS_SOLID 
Candidate brush IDs: Brush 71: 


FindPortalSide: Couldn't find a good match for which brush to assign to a portal near (-944.0 -2848.0 -65.1)
Leaf 0 contents: CONTENTS_SOLID 
Leaf 1 contents: 
viscontents (node 0 contents ^ node 1 contents): CONTENTS_SOLID 
This means that none of the brushes in leaf 0 or 1 that touches the portal has CONTENTS_SOLID 
Check for a huge brush enclosing the coordinates above that has contents CONTENTS_SOLID 
Candidate brush IDs: Brush 70: 


FindPortalSide: Couldn't find a good match for which brush to assign to a portal near (-896.0 -2688.5 -125.8)
Leaf 0 contents: 
Leaf 1 contents: CONTENTS_SOLID 
viscontents (node 0 contents ^ node 1 contents): CONTENTS_SOLID 
This means that none of the brushes in leaf 0 or 1 that touches the portal has CONTENTS_SOLID 
Check for a huge brush enclosing the coordinates above that has contents CONTENTS_SOLID 
Candidate brush IDs: Brush 1442: 


FindPortalSide: Couldn't find a good match for which brush to assign to a portal near (-896.0 -2656.0 -159.7)
Leaf 0 contents: 
Leaf 1 contents: CONTENTS_SOLID 
viscontents (node 0 contents ^ node 1 contents): CONTENTS_SOLID 
This means that none of the brushes in leaf 0 or 1 that touches the portal has CONTENTS_SOLID 
Check for a huge brush enclosing the coordinates above that has contents CONTENTS_SOLID 
Candidate brush IDs: Brush 1442: 


FindPortalSide: Couldn't find a good match for which brush to assign to a portal near (-256.0 -3072.0 -208.1)
Leaf 0 contents: 
Leaf 1 contents: CONTENTS_SOLID 
viscontents (node 0 contents ^ node 1 contents): CONTENTS_SOLID 
This means that none of the brushes in leaf 0 or 1 that touches the portal has CONTENTS_SOLID 
Check for a huge brush enclosing the coordinates above that has contents CONTENTS_SOLID 
Candidate brush IDs: Brush 1468: 

Processing areas...done (0)
Building Faces...done (0)
Chop Details...done (0)
Find Visible Detail Sides...
Merged 12 detail faces...done (0)
Merging details...done (0)
FixTjuncs...
PruneNodes...
WriteBSP...
done (1)
writing d:\documents\mapping\tf2\tf2-maps\crossover2\a1\ctf_crossover2_a1.prt...Building visibility clusters...
done (0)
*** Error: Skybox vtf files for skybox/sky_harvest_01 weren't compiled with the same size texture and/or same flags!
Can't load skybox file skybox/sky_harvest_01 to build the default cubemap!
*** Error: Skybox vtf files for skybox/sky_harvest_01 weren't compiled with the same size texture and/or same flags!
Can't load skybox file skybox/sky_harvest_01 to build the default cubemap!
Finding displacement neighbors...
Finding lightmap sample positions...
Displacement Alpha : 0...1...2...3...4...5...6...7...8...9...10
Building Physics collision data...
done (0) (965052 bytes)
Placing detail props : 0...1...2...3...4...5...6...7...8...9...10
Water found with no water_lod_control entity, creating a default one.
Compacting texture/material tables...
Reduced 1440 texinfos to 895
Reduced 103 texdatas to 99 (1625 bytes to 1493)
Writing d:\documents\mapping\tf2\tf2-maps\crossover2\a1\ctf_crossover2_a1.bsp
MSG_FILEWRITE - Filesystem was asked to write to 'd:\documents\mapping\tf2\tf2-maps\crossover2\a1\ctf_crossover2_a1.bsp', but we don't own that location. Allowing.
Wrote ZIP buffer, estimated size 1371, actual size 1023
2 seconds elapsed



4 threads
reading d:\documents\mapping\tf2\tf2-maps\crossover2\a1\ctf_crossover2_a1.bsp
reading d:\documents\mapping\tf2\tf2-maps\crossover2\a1\ctf_crossover2_a1.prt
2706 portalclusters
8656 numportals
0...1...2...3...4...5...6...7...8...9...10Optimized: 617228 visible clusters (24.48%)
Total clusters visible: 2521748
Average clusters visible: 931
Building PAS...
Average clusters audible: 2311
visdatasize:1381878  compressed from 1861728
writing d:\documents\mapping\tf2\tf2-maps\crossover2\a1\ctf_crossover2_a1.bsp
MSG_FILEWRITE - Filesystem was asked to write to 'd:\documents\mapping\tf2\tf2-maps\crossover2\a1\ctf_crossover2_a1.bsp', but we don't own that location. Allowing.
1 second elapsed



[Reading texlights from 'lights.rad']
[56 texlights parsed from 'lights.rad']

Loading d:\documents\mapping\tf2\tf2-maps\crossover2\a1\ctf_crossover2_a1.bsp
8624 faces
43 degenerate faces
520311 square feet [74924912.00 square inches]
0 Displacements
0 Square Feet [0.00 Square Inches]
8581 patches before subdivision
zero area child patch
79979 patches after subdivision
23 direct lights
0...1...2...3...4...5...6...7...8...9...100...1...2...3...4...5...6...7...8...9...10transfers 9977724, max 629
transfer lists:  76.1 megs
0...1...2...3...4...5...6...7...8...9...10	Bounce #1 added RGB(63126, 53827, 20709)
0...1...2...3...4...5...6...7...8...9...10	Bounce #2 added RGB(10531, 8363, 2359)
Build Patch/Sample Hash Table(s).....Done<0.0168 sec>
0...1...2...3...4...5...6...7...8...9...10FinalLightFace Done
0 of 0 (0% of) surface lights went in leaf ambient cubes.
0...1...2...3...4...5...6...7...8...9...10Writing leaf ambient...done
Ready to Finish

Object names       Objects/Maxobjs  Memory / Maxmem  Fullness 
------------       ---------------  ---------------  -------- 
models                  60/1024         2880/49152    ( 5.9%) 
brushes               2691/8192        32292/98304    (32.8%) 
brushsides           19664/65536      157312/524288   (30.0%) 
planes                7952/65536      159040/1310720  (12.1%) 
vertexes             14859/65536      178308/786432   (22.7%) 
nodes                 5958/65536      190656/2097152  ( 9.1%) 
texinfos               895/12288       64440/884736   ( 7.3%) 
texdata                 99/2048         3168/65536    ( 4.8%) 
dispinfos                0/0               0/0        ( 0.0%) 
disp_verts               0/0               0/0        ( 0.0%) 
disp_tris                0/0               0/0        ( 0.0%) 
disp_lmsamples           0/0               0/0        ( 0.0%) 
faces                 8624/65536      482944/3670016  (13.2%) 
hdr faces                0/65536           0/3670016  ( 0.0%) 
origfaces             5853/65536      327768/3670016  ( 8.9%) 
leaves                6019/65536      192608/2097152  ( 9.2%) 
leaffaces            10485/65536       20970/131072   (16.0%) 
leafbrushes           7466/65536       14932/131072   (11.4%) 
areas                    3/256            24/2048     ( 1.2%) 
surfedges            64887/512000     259548/2048000  (12.7%) 
edges                38099/256000     152396/1024000  (14.9%) 
LDR worldlights         23/8192         2024/720896   ( 0.3%) 
HDR worldlights          0/8192            0/720896   ( 0.0%) 
leafwaterdata            2/32768          24/393216   ( 0.0%) 
waterstrips            764/32768        7640/327680   ( 2.3%) 
waterverts               0/65536           0/786432   ( 0.0%) 
waterindices         11793/65536       23586/131072   (18.0%) 
cubemapsamples           0/1024            0/16384    ( 0.0%) 
overlays                 0/512             0/180224   ( 0.0%) 
LDR lightdata         [variable]     1667516/0        ( 0.0%) 
HDR lightdata         [variable]           0/0        ( 0.0%) 
visdata               [variable]     1381878/16777216 ( 8.2%) 
entdata               [variable]       35914/393216   ( 9.1%) 
LDR ambient table     6019/65536       24076/262144   ( 9.2%) 
HDR ambient table     6019/65536       24076/262144   ( 9.2%) 
LDR leaf ambient     12469/65536      349132/1835008  (19.0%) 
HDR leaf ambient      6019/65536      168532/1835008  ( 9.2%) 
occluders                0/0               0/0        ( 0.0%) 
occluder polygons        0/0               0/0        ( 0.0%) 
occluder vert ind        0/0               0/0        ( 0.0%) 
detail props          [variable]           1/12       ( 8.3%) 
static props          [variable]           1/12       ( 8.3%) 
pakfile               [variable]        1023/0        ( 0.0%) 
physics               [variable]      965052/4194304  (23.0%) 
physics terrain       [variable]           2/1048576  ( 0.0%) 

Level flags = 0

Total triangle count: 24029
Writing d:\documents\mapping\tf2\tf2-maps\crossover2\a1\ctf_crossover2_a1.bsp
23 seconds elapsed
