


materialPath: C:\Program Files (x86)\Steam\steamapps\common\Team Fortress 2\tf\materials
Loading c:\users\liam\documents\tf2-maps\brimstone\brimstone.vmf
fixing up env_cubemap materials on brush sides...
0...1...2...3...4...5...6...7...8...9...100...1...2...3...4...5...6...7...8...9...10Processing areas...done (0)
Building Faces...done (0)
FixTjuncs...
PruneNodes...
WriteBSP...
done (0)
writing c:\users\liam\documents\tf2-maps\brimstone\brimstone.prt...Building visibility clusters...
done (0)
Creating default LDR cubemaps for env_cubemap using skybox materials:
   skybox/sky_day01_01*.vmt
 ! Run buildcubemaps in the engine to get the correct cube maps.
Creating default HDR cubemaps for env_cubemap using skybox materials:
   skybox/sky_day01_01*.vmt
 ! Run buildcubemaps in the engine to get the correct cube maps.
Finding displacement neighbors...
Finding lightmap sample positions...
Displacement Alpha : 0...1...2...3...4...5...6...7...8...9...10
Building Physics collision data...
done (0) (8239 bytes)
Placing detail props : 0...1...2...3...4...5...6...7...8...9...10
Compacting texture/material tables...
Reduced 16 texinfos to 10
Reduced 3 texdatas to 3 (51 bytes to 51)
Writing c:\users\liam\documents\tf2-maps\brimstone\brimstone.bsp
MSG_FILEWRITE - Filesystem was asked to write to 'c:\users\liam\documents\tf2-maps\brimstone\brimstone.bsp', but we don't own that location. Allowing.
Wrote ZIP buffer, estimated size 105881, actual size 105667
1 second elapsed



4 threads
reading c:\users\liam\documents\tf2-maps\brimstone\brimstone.bsp
reading c:\users\liam\documents\tf2-maps\brimstone\brimstone.prt
  20 portalclusters
  28 numportals
0...1...2...3...4...5...6...7...8...9...10Optimized: 10 visible clusters (4.07%)
Total clusters visible: 246
Average clusters visible: 12
Building PAS...
Average clusters audible: 19
visdatasize:286  compressed from 320
writing c:\users\liam\documents\tf2-maps\brimstone\brimstone.bsp
MSG_FILEWRITE - Filesystem was asked to write to 'c:\users\liam\documents\tf2-maps\brimstone\brimstone.bsp', but we don't own that location. Allowing.
0 seconds elapsed



[Reading texlights from 'lights.rad']
[56 texlights parsed from 'lights.rad']

Loading c:\users\liam\documents\tf2-maps\brimstone\brimstone.bsp
78 faces
51126 square feet [7362228.00 square inches]
0 Displacements
0 Square Feet [0.00 Square Inches]
78 patches before subdivision
5054 patches after subdivision
0 direct lights
0...1...2...3...4...5...6...7...8...9...100...1...2...3...4...5...6...7...8...9...10transfers 359527, max 230
transfer lists:   2.7 megs
0...1...2...3...4...5...6...7...8...9...10	Bounce #1 added RGB(0, 0, 0)
Build Patch/Sample Hash Table(s).....Done<0.0026 sec>
0...1...2...3...4...5...6...7...8...9...10FinalLightFace Done
0 of 0 (0% of) surface lights went in leaf ambient cubes.
0...1...2...3...4...5...6...7...8...9...10Writing leaf ambient...done
Ready to Finish

Object names       Objects/Maxobjs  Memory / Maxmem  Fullness 
------------       ---------------  ---------------  -------- 
models                   1/1024           48/49152    ( 0.1%) 
brushes                 24/8192          288/98304    ( 0.3%) 
brushsides             176/65536        1408/524288   ( 0.3%) 
planes                 122/65536        2440/1310720  ( 0.2%) 
vertexes               115/65536        1380/786432   ( 0.2%) 
nodes                   74/65536        2368/2097152  ( 0.1%) 
texinfos                10/12288         720/884736   ( 0.1%) 
texdata                  3/2048           96/65536    ( 0.1%) 
dispinfos                0/0               0/0        ( 0.0%) 
disp_verts               0/0               0/0        ( 0.0%) 
disp_tris                0/0               0/0        ( 0.0%) 
disp_lmsamples           0/0               0/0        ( 0.0%) 
faces                   78/65536        4368/3670016  ( 0.1%) 
hdr faces                0/65536           0/3670016  ( 0.0%) 
origfaces               28/65536        1568/3670016  ( 0.0%) 
leaves                  76/65536        2432/2097152  ( 0.1%) 
leaffaces               82/65536         164/131072   ( 0.1%) 
leafbrushes             59/65536         118/131072   ( 0.1%) 
areas                    2/256            16/2048     ( 0.8%) 
surfedges              460/512000       1840/2048000  ( 0.1%) 
edges                  266/256000       1064/1024000  ( 0.1%) 
LDR worldlights          0/8192            0/720896   ( 0.0%) 
HDR worldlights          0/8192            0/720896   ( 0.0%) 
leafwaterdata            0/32768           0/393216   ( 0.0%) 
waterstrips              2/32768          20/327680   ( 0.0%) 
waterverts               0/65536           0/786432   ( 0.0%) 
waterindices            18/65536          36/131072   ( 0.0%) 
cubemapsamples           0/1024            0/16384    ( 0.0%) 
overlays                 0/512             0/180224   ( 0.0%) 
LDR lightdata         [variable]       99264/0        ( 0.0%) 
HDR lightdata         [variable]           0/0        ( 0.0%) 
visdata               [variable]         286/16777216 ( 0.0%) 
entdata               [variable]         358/393216   ( 0.1%) 
LDR ambient table       76/65536         304/262144   ( 0.1%) 
HDR ambient table       76/65536         304/262144   ( 0.1%) 
LDR leaf ambient        20/65536         560/1835008  ( 0.0%) 
HDR leaf ambient        76/65536        2128/1835008  ( 0.1%) 
occluders                0/0               0/0        ( 0.0%) 
occluder polygons        0/0               0/0        ( 0.0%) 
occluder vert ind        0/0               0/0        ( 0.0%) 
detail props          [variable]           1/12       ( 8.3%) 
static props          [variable]           1/12       ( 8.3%) 
pakfile               [variable]      105667/0        ( 0.0%) 
physics               [variable]        8239/4194304  ( 0.2%) 
physics terrain       [variable]           2/1048576  ( 0.0%) 

Level flags = 0

Total triangle count: 192
Writing c:\users\liam\documents\tf2-maps\brimstone\brimstone.bsp
0 seconds elapsed
