PRT1
20
28
4 0 3 (1216 1024 384 ) (1024 1024 384 ) (1024 1024 0 ) (1216 1024 0 ) 
4 0 1 (1024 1024 0 ) (1024 1024 384 ) (1024 1216 384 ) (1024 1216 0 ) 
4 1 13 (128 1024 384 ) (0 1024 384 ) (0 1024 0 ) (128 1024 0 ) 
4 1 11 (896 1024 384 ) (512 1024 384 ) (512 1024 0 ) (896 1024 0 ) 
4 1 8 (1024 1024 0 ) (1024 1024 384 ) (896 1024 384 ) (896 1024 0 ) 
4 1 2 (0 1024 0 ) (0 1024 384 ) (0 1408 384 ) (0 1408 0 ) 
4 2 14 (0 1024 0 ) (0 1024 384 ) (-384 1024 384 ) (-384 1024 0 ) 
4 3 8 (1024 1024 384 ) (1024 1024 0 ) (1024 896 0 ) (1024 896 384 ) 
4 3 4 (1280 512 0 ) (1536 128 0 ) (1536 128 384 ) (1280 512 384 ) 
4 4 6 (1087.997192 128 0 ) (1301.318970 128 0 ) (1301.321533 128 384 ) (1087.997925 128 384 ) 
4 4 5 (1301.318970 128 0 ) (1472 128 0 ) (1472 128 384 ) (1301.321533 128 384 ) 
4 5 9 (1024 44.802231 0 ) (1024 0 0 ) (1024 0 384 ) (1024 44.801456 384 ) 
4 5 7 (1408 0 384 ) (1024 0 384 ) (1024 0 0 ) (1408 0 0 ) 
4 5 6 (1301.323486 128 384 ) (1301.320801 128 0 ) (1050.350098 52.706902 0 ) (1050.350464 52.706127 384 ) 
4 7 18 (1024 -384 384 ) (1024 0 384 ) (1024 0 0 ) (1024 -384 0 ) 
4 8 11 (896 1024 0 ) (896 928 0 ) (896 928 384 ) (896 1024 384 ) 
4 9 18 (1024 0 0 ) (1024 0 384 ) (896 0 384 ) (896 0 0 ) 
4 10 18 (512 0 384 ) (128 0 384 ) (128 0 0 ) (512 0 0 ) 
4 10 12 (128 96 0 ) (128 0 0 ) (128 0 384 ) (128 96 384 ) 
4 12 18 (128 0 384 ) (0 0 384 ) (0 0 0 ) (128 0 0 ) 
4 12 16 (0 128 0 ) (0 0 0 ) (0 0 384 ) (0 128 384 ) 
4 13 14 (0 1024 384 ) (0 1024 0 ) (0 979.199280 0 ) (0 979.199280 384 ) 
4 14 17 (-448 896 0 ) (-277.326019 896 0 ) (-277.326019 896 384 ) (-448 896 384 ) 
4 14 15 (-277.328125 896 384 ) (-277.328125 896 0 ) (-26.350754 971.294556 0 ) (-26.353521 971.293518 384 ) 
4 15 17 (-277.326019 896 0 ) (-63.998337 896 0 ) (-64 896 384 ) (-277.326019 896 384 ) 
4 16 19 (0 0 0 ) (0 0 384 ) (-192 0 384 ) (-192 0 0 ) 
4 16 17 (-256.002075 511.995850 0 ) (-512 895.993164 0 ) (-512 895.993164 384 ) (-256.003235 511.998047 384 ) 
4 18 19 (0 0 384 ) (0 0 0 ) (0 -192 0 ) (0 -192 384 ) 
