


materialPath: D:\Program Files (x86)\Steam\steamapps\common\Team Fortress 2\tf\materials
Loading D:\Documents\Mapping\tf2\TF2-Maps\Labor\A7A\koth_labor_a7a.vmf
ConVarRef mat_reduceparticles doesn't point to an existing ConVar
Patching WVT material: maps/koth_labor_a7a/dev/dev_blendmeasure2_wvt_patch
Patching WVT material: maps/koth_labor_a7a/winter/blendgraveltograss002_wvt_patch
fixing up env_cubemap materials on brush sides...
0...1...2...3...4...5...6...7...8...9...100...1...2...3...4...5...6...7...8...9...10Processing areas...done (0)
Building Faces...done (0)
Chop Details...done (0)
Find Visible Detail Sides...done (0)
Merging details...done (0)
FixTjuncs...
PruneNodes...
WriteBSP...
done (0)
writing D:\Documents\Mapping\tf2\TF2-Maps\Labor\A7A\koth_labor_a7a.prt...Building visibility clusters...
done (0)
*** Error: Skybox vtf files for skybox/sky_alpinestorm_01 weren't compiled with the same size texture and/or same flags!
Can't load skybox file skybox/sky_alpinestorm_01 to build the default cubemap!
*** Error: Skybox vtf files for skybox/sky_alpinestorm_01 weren't compiled with the same size texture and/or same flags!
Can't load skybox file skybox/sky_alpinestorm_01 to build the default cubemap!
Finding displacement neighbors...
Finding lightmap sample positions...
Displacement Alpha : 0...1...2...3...4...5...6...7...8...9...10
Building Physics collision data...
done (1) (128733 bytes)
Placing detail props : 0...1...2...3...4...5...6...7...8...9...10
Compacting texture/material tables...
Reduced 380 texinfos to 213
Reduced 29 texdatas to 22 (959 bytes to 667)
Writing D:\Documents\Mapping\tf2\TF2-Maps\Labor\A7A\koth_labor_a7a.bsp
MSG_FILEWRITE - Filesystem was asked to write to 'D:\Documents\Mapping\tf2\TF2-Maps\Labor\A7A\koth_labor_a7a.bsp', but we don't own that location. Allowing.
Wrote ZIP buffer, estimated size 4425, actual size 3273
1 second elapsed



4 threads
reading d:\documents\mapping\tf2\tf2-maps\labor\a7a\koth_labor_a7a.bsp
reading d:\documents\mapping\tf2\tf2-maps\labor\a7a\koth_labor_a7a.prt
 464 portalclusters
1454 numportals
0...1...2...3...4...5...6...7...8...9...100...1...2...3...4...5...6...7...8...9...10Optimized: 1393 visible clusters (1.20%)
Total clusters visible: 116509
Average clusters visible: 251
Building PAS...
Average clusters audible: 453
visdatasize:55437  compressed from 59392
writing d:\documents\mapping\tf2\tf2-maps\labor\a7a\koth_labor_a7a.bsp
MSG_FILEWRITE - Filesystem was asked to write to 'd:\documents\mapping\tf2\tf2-maps\labor\a7a\koth_labor_a7a.bsp', but we don't own that location. Allowing.
54 seconds elapsed



[Reading texlights from 'lights.rad']
[56 texlights parsed from 'lights.rad']

Loading d:\documents\mapping\tf2\tf2-maps\labor\a7a\koth_labor_a7a.bsp
1870 faces
735265 square feet [105878256.00 square inches]
126 Displacements
52726 Square Feet [7592622.50 Square Inches]
1870 patches before subdivision
54234 patches after subdivision
20 direct lights
0...1...2...3...4...5...6...7...8...9...100...1...2...3...4...5...6...7...8...9...10transfers 3500148, max 414
transfer lists:  26.7 megs
0...1...2...3...4...5...6...7...8...9...10	Bounce #1 added RGB(160175, 179117, 188325)
0...1...2...3...4...5...6...7...8...9...10	Bounce #2 added RGB(30056, 31093, 32762)
0...1...2...3...4...5...6...7...8...9...10	Bounce #3 added RGB(6353, 6147, 6416)
0...1...2...3...4...5...6...7...8...9...10	Bounce #4 added RGB(1482, 1383, 1430)
0...1...2...3...4...5...6...7...8...9...10	Bounce #5 added RGB(365, 334, 341)
0...1...2...3...4...5...6...7...8...9...10	Bounce #6 added RGB(93, 85, 85)
0...1...2...3...4...5...6...7...8...9...10	Bounce #7 added RGB(25, 22, 22)
0...1...2...3...4...5...6...7...8...9...10	Bounce #8 added RGB(7, 6, 6)
0...1...2...3...4...5...6...7...8...9...10	Bounce #9 added RGB(2, 2, 2)
0...1...2...3...4...5...6...7...8...9...10	Bounce #10 added RGB(0, 0, 0)
Build Patch/Sample Hash Table(s).....Done<0.0155 sec>
0...1...2...3...4...5...6...7...8...9...10FinalLightFace Done
0 of 0 (0% of) surface lights went in leaf ambient cubes.
0...1...2...3...4...5...6...7...8...9...10Writing leaf ambient...done
Computing static prop lighting : 00...1...2...3...4...5...6...7...8...9...10
Ready to Finish

Object names       Objects/Maxobjs  Memory / Maxmem  Fullness 
------------       ---------------  ---------------  -------- 
models                  52/1024         2496/49152    ( 5.1%) 
brushes                312/8192         3744/98304    ( 3.8%) 
brushsides            2107/65536       16856/524288   ( 3.2%) 
planes                1110/65536       22200/1310720  ( 1.7%) 
vertexes              2856/65536       34272/786432   ( 4.4%) 
nodes                 1238/65536       39616/2097152  ( 1.9%) 
texinfos               213/12288       15336/884736   ( 1.7%) 
texdata                 22/2048          704/65536    ( 1.1%) 
dispinfos              126/0           22176/0        ( 0.0%) 
disp_verts            9422/0          188440/0        ( 0.0%) 
disp_tris            14784/0           29568/0        ( 0.0%) 
disp_lmsamples      150752/0          150752/0        ( 0.0%) 
faces                 1870/65536      104720/3670016  ( 2.9%) 
hdr faces                0/65536           0/3670016  ( 0.0%) 
origfaces             1132/65536       63392/3670016  ( 1.7%) 
leaves                1291/65536       41312/2097152  ( 2.0%) 
leaffaces             2021/65536        4042/131072   ( 3.1%) 
leafbrushes            744/65536        1488/131072   ( 1.1%) 
areas                    2/256            16/2048     ( 0.8%) 
surfedges            13074/512000      52296/2048000  ( 2.6%) 
edges                 7362/256000      29448/1024000  ( 2.9%) 
LDR worldlights         20/8192         1760/720896   ( 0.2%) 
HDR worldlights          0/8192            0/720896   ( 0.0%) 
leafwaterdata            0/32768           0/393216   ( 0.0%) 
waterstrips            144/32768        1440/327680   ( 0.4%) 
waterverts               0/65536           0/786432   ( 0.0%) 
waterindices          2061/65536        4122/131072   ( 3.1%) 
cubemapsamples          42/1024          672/16384    ( 4.1%) 
overlays                12/512          4224/180224   ( 2.3%) 
LDR lightdata         [variable]     1452040/0        ( 0.0%) 
HDR lightdata         [variable]           0/0        ( 0.0%) 
visdata               [variable]       55437/16777216 ( 0.3%) 
entdata               [variable]       31775/393216   ( 8.1%) 
LDR ambient table     1291/65536        5164/262144   ( 2.0%) 
HDR ambient table     1291/65536        5164/262144   ( 2.0%) 
LDR leaf ambient      9610/65536      269080/1835008  (14.7%) 
HDR leaf ambient      1291/65536       36148/1835008  ( 2.0%) 
occluders                0/0               0/0        ( 0.0%) 
occluder polygons        0/0               0/0        ( 0.0%) 
occluder vert ind        0/0               0/0        ( 0.0%) 
detail props          [variable]           1/12       ( 8.3%) 
static props          [variable]           1/11852    ( 0.0%) 
pakfile               [variable]     1234989/0        ( 0.0%) 
physics               [variable]      128733/4194304  ( 3.1%) 
physics terrain       [variable]       21478/1048576  ( 2.0%) 

Level flags = 1

Total triangle count: 4842
Writing d:\documents\mapping\tf2\tf2-maps\labor\a7a\koth_labor_a7a.bsp
2 minutes, 10 seconds elapsed



[Reading texlights from 'lights.rad']
[56 texlights parsed from 'lights.rad']

Loading d:\documents\mapping\tf2\tf2-maps\labor\a7a\koth_labor_a7a.bsp
1870 faces
735265 square feet [105878256.00 square inches]
126 Displacements
52726 Square Feet [7592622.50 Square Inches]
1870 patches before subdivision
54234 patches after subdivision
20 direct lights
0...1...2...3...4...5...6...7...8...9...100...1...2...3...4...5...6...7...8...9...10transfers 3500148, max 414
transfer lists:  26.7 megs
0...1...2...3...4...5...6...7...8...9...10	Bounce #1 added RGB(160175, 179117, 188325)
0...1...2...3...4...5...6...7...8...9...10	Bounce #2 added RGB(30056, 31093, 32762)
0...1...2...3...4...5...6...7...8...9...10	Bounce #3 added RGB(6353, 6147, 6416)
0...1...2...3...4...5...6...7...8...9...10	Bounce #4 added RGB(1482, 1383, 1430)
0...1...2...3...4...5...6...7...8...9...10	Bounce #5 added RGB(365, 334, 341)
0...1...2...3...4...5...6...7...8...9...10	Bounce #6 added RGB(93, 85, 85)
0...1...2...3...4...5...6...7...8...9...10	Bounce #7 added RGB(25, 22, 22)
0...1...2...3...4...5...6...7...8...9...10	Bounce #8 added RGB(7, 6, 6)
0...1...2...3...4...5...6...7...8...9...10	Bounce #9 added RGB(2, 2, 2)
0...1...2...3...4...5...6...7...8...9...10	Bounce #10 added RGB(0, 0, 0)
Build Patch/Sample Hash Table(s).....Done<0.0233 sec>
0...1...2...3...4...5...6...7...8...9...10FinalLightFace Done
0 of 0 (0% of) surface lights went in leaf ambient cubes.
0...1...2...3...4...5...6...7...8...9...10Writing leaf ambient...done
Computing static prop lighting : 00...1...2...3...4...5...6...7...8...9...10
Ready to Finish

Object names       Objects/Maxobjs  Memory / Maxmem  Fullness 
------------       ---------------  ---------------  -------- 
models                  52/1024         2496/49152    ( 5.1%) 
brushes                312/8192         3744/98304    ( 3.8%) 
brushsides            2107/65536       16856/524288   ( 3.2%) 
planes                1110/65536       22200/1310720  ( 1.7%) 
vertexes              2856/65536       34272/786432   ( 4.4%) 
nodes                 1238/65536       39616/2097152  ( 1.9%) 
texinfos               213/12288       15336/884736   ( 1.7%) 
texdata                 22/2048          704/65536    ( 1.1%) 
dispinfos              126/0           22176/0        ( 0.0%) 
disp_verts            9422/0          188440/0        ( 0.0%) 
disp_tris            14784/0           29568/0        ( 0.0%) 
disp_lmsamples      150752/0          150752/0        ( 0.0%) 
faces                 1870/65536      104720/3670016  ( 2.9%) 
hdr faces             1870/65536      104720/3670016  ( 2.9%) 
origfaces             1132/65536       63392/3670016  ( 1.7%) 
leaves                1291/65536       41312/2097152  ( 2.0%) 
leaffaces             2021/65536        4042/131072   ( 3.1%) 
leafbrushes            744/65536        1488/131072   ( 1.1%) 
areas                    2/256            16/2048     ( 0.8%) 
surfedges            13074/512000      52296/2048000  ( 2.6%) 
edges                 7362/256000      29448/1024000  ( 2.9%) 
LDR worldlights         20/8192         1760/720896   ( 0.2%) 
HDR worldlights         20/8192         1760/720896   ( 0.2%) 
leafwaterdata            0/32768           0/393216   ( 0.0%) 
waterstrips            144/32768        1440/327680   ( 0.4%) 
waterverts               0/65536           0/786432   ( 0.0%) 
waterindices          2061/65536        4122/131072   ( 3.1%) 
cubemapsamples          42/1024          672/16384    ( 4.1%) 
overlays                12/512          4224/180224   ( 2.3%) 
LDR lightdata         [variable]     1452040/0        ( 0.0%) 
HDR lightdata         [variable]     1452040/0        ( 0.0%) 
visdata               [variable]       55437/16777216 ( 0.3%) 
entdata               [variable]       31775/393216   ( 8.1%) 
LDR ambient table     1291/65536        5164/262144   ( 2.0%) 
HDR ambient table     1291/65536        5164/262144   ( 2.0%) 
LDR leaf ambient      9610/65536      269080/1835008  (14.7%) 
HDR leaf ambient      9610/65536      269080/1835008  (14.7%) 
occluders                0/0               0/0        ( 0.0%) 
occluder polygons        0/0               0/0        ( 0.0%) 
occluder vert ind        0/0               0/0        ( 0.0%) 
detail props          [variable]           1/12       ( 8.3%) 
static props          [variable]           1/11852    ( 0.0%) 
pakfile               [variable]     2467649/0        ( 0.0%) 
physics               [variable]      128733/4194304  ( 3.1%) 
physics terrain       [variable]       21478/1048576  ( 2.0%) 

Level flags = 3

Total triangle count: 4842
Writing d:\documents\mapping\tf2\tf2-maps\labor\a7a\koth_labor_a7a.bsp
1 minute, 55 seconds elapsed
