


materialPath: D:\Program Files (x86)\Steam\steamapps\common\Team Fortress 2\tf\materials
Loading D:\Documents\Mapping\tf2\TF2-Maps\Labor\A8A\koth_labor_a8a.vmf
ConVarRef mat_reduceparticles doesn't point to an existing ConVar
Patching WVT material: maps/koth_labor_a8a/dev/dev_blendmeasure2_wvt_patch
Patching WVT material: maps/koth_labor_a8a/dev/dev_blendmeasure_wvt_patch
Patching WVT material: maps/koth_labor_a8a/winter/blendgraveltograss004_wvt_patch
fixing up env_cubemap materials on brush sides...
0...1...2...3...4...5...6...7...8...9...100...1...2...3...4...5...6...7...8...9...10Processing areas...done (0)
Building Faces...done (0)
Chop Details...done (0)
Find Visible Detail Sides...
Merged 2 detail faces...done (0)
Merging details...done (0)
FixTjuncs...
PruneNodes...
WriteBSP...
done (0)
writing D:\Documents\Mapping\tf2\TF2-Maps\Labor\A8A\koth_labor_a8a.prt...Building visibility clusters...
done (0)
*** Error: Skybox vtf files for skybox/sky_alpinestorm_01 weren't compiled with the same size texture and/or same flags!
Can't load skybox file skybox/sky_alpinestorm_01 to build the default cubemap!
*** Error: Skybox vtf files for skybox/sky_alpinestorm_01 weren't compiled with the same size texture and/or same flags!
Can't load skybox file skybox/sky_alpinestorm_01 to build the default cubemap!
Finding displacement neighbors...
Finding lightmap sample positions...
Displacement Alpha : 0...1...2...3...4...5...6...7...8...9...10
Building Physics collision data...
done (1) (169555 bytes)
Placing detail props : 0...1...2...3...4...5...6...7...8...9...10
Compacting texture/material tables...
Reduced 510 texinfos to 274
Reduced 43 texdatas to 32 (1508 bytes to 1008)
Writing D:\Documents\Mapping\tf2\TF2-Maps\Labor\A8A\koth_labor_a8a.bsp
MSG_FILEWRITE - Filesystem was asked to write to 'D:\Documents\Mapping\tf2\TF2-Maps\Labor\A8A\koth_labor_a8a.bsp', but we don't own that location. Allowing.
Wrote ZIP buffer, estimated size 7049, actual size 5227
1 second elapsed



4 threads
reading d:\documents\mapping\tf2\tf2-maps\labor\a8a\koth_labor_a8a.bsp
reading d:\documents\mapping\tf2\tf2-maps\labor\a8a\koth_labor_a8a.prt
 606 portalclusters
1998 numportals
0...1...2...3...4...5...6...7...8...9...100...1...2...3...4...5...6...7...8...9...10Optimized: 1889 visible clusters (1.05%)
Total clusters visible: 179057
Average clusters visible: 295
Building PAS...
Average clusters audible: 593
visdatasize:92594  compressed from 96960
writing d:\documents\mapping\tf2\tf2-maps\labor\a8a\koth_labor_a8a.bsp
MSG_FILEWRITE - Filesystem was asked to write to 'd:\documents\mapping\tf2\tf2-maps\labor\a8a\koth_labor_a8a.bsp', but we don't own that location. Allowing.
46 seconds elapsed



[Reading texlights from 'lights.rad']
[56 texlights parsed from 'lights.rad']

Loading d:\documents\mapping\tf2\tf2-maps\labor\a8a\koth_labor_a8a.bsp
2210 faces
841824 square feet [121222736.00 square inches]
96 Displacements
39083 Square Feet [5628083.00 Square Inches]
2210 patches before subdivision
62566 patches after subdivision
34 direct lights
0...1...2...3...4...5...6...7...8...9...100...1...2...3...4...5...6...7...8...9...10transfers 4528904, max 428
transfer lists:  34.6 megs
0...1...2...3...4...5...6...7...8...9...10	Bounce #1 added RGB(215323, 234224, 239278)
0...1...2...3...4...5...6...7...8...9...10	Bounce #2 added RGB(45534, 46600, 47580)
0...1...2...3...4...5...6...7...8...9...10	Bounce #3 added RGB(10720, 10527, 10635)
0...1...2...3...4...5...6...7...8...9...10	Bounce #4 added RGB(2705, 2606, 2615)
0...1...2...3...4...5...6...7...8...9...10	Bounce #5 added RGB(708, 676, 673)
0...1...2...3...4...5...6...7...8...9...10	Bounce #6 added RGB(190, 180, 178)
0...1...2...3...4...5...6...7...8...9...10	Bounce #7 added RGB(52, 49, 48)
0...1...2...3...4...5...6...7...8...9...10	Bounce #8 added RGB(14, 13, 13)
0...1...2...3...4...5...6...7...8...9...10	Bounce #9 added RGB(4, 4, 4)
0...1...2...3...4...5...6...7...8...9...10	Bounce #10 added RGB(1, 1, 1)
0...1...2...3...4...5...6...7...8...9...10	Bounce #11 added RGB(0, 0, 0)
Build Patch/Sample Hash Table(s).....Done<0.0342 sec>
0...1...2...3...4...5...6...7...8...9...10FinalLightFace Done
0 of 0 (0% of) surface lights went in leaf ambient cubes.
0...1...2...3...4...5...6...7...8...9...10Writing leaf ambient...done
Computing static prop lighting : 00...1...2...3...4...5...6...7...8...9...10
Ready to Finish

Object names       Objects/Maxobjs  Memory / Maxmem  Fullness 
------------       ---------------  ---------------  -------- 
models                  54/1024         2592/49152    ( 5.3%) 
brushes                402/8192         4824/98304    ( 4.9%) 
brushsides            2874/65536       22992/524288   ( 4.4%) 
planes                1660/65536       33200/1310720  ( 2.5%) 
vertexes              3391/65536       40692/786432   ( 5.2%) 
nodes                 1465/65536       46880/2097152  ( 2.2%) 
texinfos               274/12288       19728/884736   ( 2.2%) 
texdata                 32/2048         1024/65536    ( 1.6%) 
dispinfos               96/0           16896/0        ( 0.0%) 
disp_verts            6992/0          139840/0        ( 0.0%) 
disp_tris            10944/0           21888/0        ( 0.0%) 
disp_lmsamples      111872/0          111872/0        ( 0.0%) 
faces                 2210/65536      123760/3670016  ( 3.4%) 
hdr faces                0/65536           0/3670016  ( 0.0%) 
origfaces             1312/65536       73472/3670016  ( 2.0%) 
leaves                1520/65536       48640/2097152  ( 2.3%) 
leaffaces             2565/65536        5130/131072   ( 3.9%) 
leafbrushes            979/65536        1958/131072   ( 1.5%) 
areas                    2/256            16/2048     ( 0.8%) 
surfedges            15470/512000      61880/2048000  ( 3.0%) 
edges                 8768/256000      35072/1024000  ( 3.4%) 
LDR worldlights         34/8192         2992/720896   ( 0.4%) 
HDR worldlights          0/8192            0/720896   ( 0.0%) 
leafwaterdata            2/32768          24/393216   ( 0.0%) 
waterstrips            165/32768        1650/327680   ( 0.5%) 
waterverts               0/65536           0/786432   ( 0.0%) 
waterindices          2463/65536        4926/131072   ( 3.8%) 
cubemapsamples          44/1024          704/16384    ( 4.3%) 
overlays                14/512          4928/180224   ( 2.7%) 
LDR lightdata         [variable]     1948796/0        ( 0.0%) 
HDR lightdata         [variable]           0/0        ( 0.0%) 
visdata               [variable]       92594/16777216 ( 0.6%) 
entdata               [variable]       41068/393216   (10.4%) 
LDR ambient table     1520/65536        6080/262144   ( 2.3%) 
HDR ambient table     1520/65536        6080/262144   ( 2.3%) 
LDR leaf ambient     11334/65536      317352/1835008  (17.3%) 
HDR leaf ambient      1520/65536       42560/1835008  ( 2.3%) 
occluders                0/0               0/0        ( 0.0%) 
occluder polygons        0/0               0/0        ( 0.0%) 
occluder vert ind        0/0               0/0        ( 0.0%) 
detail props          [variable]           1/12       ( 8.3%) 
static props          [variable]           1/17168    ( 0.0%) 
pakfile               [variable]     1490479/0        ( 0.0%) 
physics               [variable]      169555/4194304  ( 4.0%) 
physics terrain       [variable]       22548/1048576  ( 2.2%) 

Level flags = 1

Total triangle count: 5812
Writing d:\documents\mapping\tf2\tf2-maps\labor\a8a\koth_labor_a8a.bsp
3 minutes, 0 seconds elapsed



[Reading texlights from 'lights.rad']
[56 texlights parsed from 'lights.rad']

Loading d:\documents\mapping\tf2\tf2-maps\labor\a8a\koth_labor_a8a.bsp
2210 faces
841824 square feet [121222736.00 square inches]
96 Displacements
39083 Square Feet [5628083.00 Square Inches]
2210 patches before subdivision
62566 patches after subdivision
34 direct lights
0...1...2...3...4...5...6...7...8...9...100...1...2...3...4...5...6...7...8...9...10transfers 4528904, max 428
transfer lists:  34.6 megs
0...1...2...3...4...5...6...7...8...9...10	Bounce #1 added RGB(215323, 234224, 239278)
0...1...2...3...4...5...6...7...8...9...10	Bounce #2 added RGB(45534, 46600, 47580)
0...1...2...3...4...5...6...7...8...9...10	Bounce #3 added RGB(10720, 10527, 10635)
0...1...2...3...4...5...6...7...8...9...10	Bounce #4 added RGB(2705, 2606, 2615)
0...1...2...3...4...5...6...7...8...9...10	Bounce #5 added RGB(708, 676, 673)
0...1...2...3...4...5...6...7...8...9...10	Bounce #6 added RGB(190, 180, 178)
0...1...2...3...4...5...6...7...8...9...10	Bounce #7 added RGB(52, 49, 48)
0...1...2...3...4...5...6...7...8...9...10	Bounce #8 added RGB(14, 13, 13)
0...1...2...3...4...5...6...7...8...9...10	Bounce #9 added RGB(4, 4, 4)
0...1...2...3...4...5...6...7...8...9...10	Bounce #10 added RGB(1, 1, 1)
0...1...2...3...4...5...6...7...8...9...10	Bounce #11 added RGB(0, 0, 0)
Build Patch/Sample Hash Table(s).....Done<0.0280 sec>
0...1...2...3...4...5...6...7...8...9...10FinalLightFace Done
0 of 0 (0% of) surface lights went in leaf ambient cubes.
0...1...2...3...4...5...6...7...8...9...10Writing leaf ambient...done
Computing static prop lighting : 00...1...2...3...4...5...6...7...8...9...10
Ready to Finish

Object names       Objects/Maxobjs  Memory / Maxmem  Fullness 
------------       ---------------  ---------------  -------- 
models                  54/1024         2592/49152    ( 5.3%) 
brushes                402/8192         4824/98304    ( 4.9%) 
brushsides            2874/65536       22992/524288   ( 4.4%) 
planes                1660/65536       33200/1310720  ( 2.5%) 
vertexes              3391/65536       40692/786432   ( 5.2%) 
nodes                 1465/65536       46880/2097152  ( 2.2%) 
texinfos               274/12288       19728/884736   ( 2.2%) 
texdata                 32/2048         1024/65536    ( 1.6%) 
dispinfos               96/0           16896/0        ( 0.0%) 
disp_verts            6992/0          139840/0        ( 0.0%) 
disp_tris            10944/0           21888/0        ( 0.0%) 
disp_lmsamples      111872/0          111872/0        ( 0.0%) 
faces                 2210/65536      123760/3670016  ( 3.4%) 
hdr faces             2210/65536      123760/3670016  ( 3.4%) 
origfaces             1312/65536       73472/3670016  ( 2.0%) 
leaves                1520/65536       48640/2097152  ( 2.3%) 
leaffaces             2565/65536        5130/131072   ( 3.9%) 
leafbrushes            979/65536        1958/131072   ( 1.5%) 
areas                    2/256            16/2048     ( 0.8%) 
surfedges            15470/512000      61880/2048000  ( 3.0%) 
edges                 8768/256000      35072/1024000  ( 3.4%) 
LDR worldlights         34/8192         2992/720896   ( 0.4%) 
HDR worldlights         34/8192         2992/720896   ( 0.4%) 
leafwaterdata            2/32768          24/393216   ( 0.0%) 
waterstrips            165/32768        1650/327680   ( 0.5%) 
waterverts               0/65536           0/786432   ( 0.0%) 
waterindices          2463/65536        4926/131072   ( 3.8%) 
cubemapsamples          44/1024          704/16384    ( 4.3%) 
overlays                14/512          4928/180224   ( 2.7%) 
LDR lightdata         [variable]     1948796/0        ( 0.0%) 
HDR lightdata         [variable]     1948796/0        ( 0.0%) 
visdata               [variable]       92594/16777216 ( 0.6%) 
entdata               [variable]       41068/393216   (10.4%) 
LDR ambient table     1520/65536        6080/262144   ( 2.3%) 
HDR ambient table     1520/65536        6080/262144   ( 2.3%) 
LDR leaf ambient     11334/65536      317352/1835008  (17.3%) 
HDR leaf ambient     11334/65536      317352/1835008  (17.3%) 
occluders                0/0               0/0        ( 0.0%) 
occluder polygons        0/0               0/0        ( 0.0%) 
occluder vert ind        0/0               0/0        ( 0.0%) 
detail props          [variable]           1/12       ( 8.3%) 
static props          [variable]           1/17168    ( 0.0%) 
pakfile               [variable]     2977067/0        ( 0.0%) 
physics               [variable]      169555/4194304  ( 4.0%) 
physics terrain       [variable]       22548/1048576  ( 2.2%) 

Level flags = 3

Total triangle count: 5812
Writing d:\documents\mapping\tf2\tf2-maps\labor\a8a\koth_labor_a8a.bsp
3 minutes, 26 seconds elapsed
