


materialPath: D:\Program Files (x86)\Steam\steamapps\common\Team Fortress 2\tf\materials
Loading d:\documents\mapping\tf2\tf2-maps\snowtown\a1\arena_snowtown_a1.vmf
Patching WVT material: maps/arena_snowtown_a1/nature/blendsnowtocobble001_wvt_patch
fixing up env_cubemap materials on brush sides...
0...1...2...3...4...5...6...7...8...9...10**** leaked ****
Entity prop_static (-1069.17 -651.98 -16.00) leaked!

FindPortalSide: Couldn't find a good match for which brush to assign to a portal near (-3584.0 1024.0 867.9)
Leaf 0 contents: CONTENTS_SOLID 
Leaf 1 contents: 
viscontents (node 0 contents ^ node 1 contents): CONTENTS_SOLID 
This means that none of the brushes in leaf 0 or 1 that touches the portal has CONTENTS_SOLID 
Check for a huge brush enclosing the coordinates above that has contents CONTENTS_SOLID 
Candidate brush IDs: 


FindPortalSide: Couldn't find a good match for which brush to assign to a portal near (-3072.0 1536.0 867.9)
Leaf 0 contents: 
Leaf 1 contents: CONTENTS_SOLID 
viscontents (node 0 contents ^ node 1 contents): CONTENTS_SOLID 
This means that none of the brushes in leaf 0 or 1 that touches the portal has CONTENTS_SOLID 
Check for a huge brush enclosing the coordinates above that has contents CONTENTS_SOLID 
Candidate brush IDs: 


FindPortalSide: Couldn't find a good match for which brush to assign to a portal near (-3584.0 2048.0 867.9)
Leaf 0 contents: 
Leaf 1 contents: CONTENTS_SOLID 
viscontents (node 0 contents ^ node 1 contents): CONTENTS_SOLID 
This means that none of the brushes in leaf 0 or 1 that touches the portal has CONTENTS_SOLID 
Check for a huge brush enclosing the coordinates above that has contents CONTENTS_SOLID 
Candidate brush IDs: 


FindPortalSide: Couldn't find a good match for which brush to assign to a portal near (-4096.0 1536.0 867.9)
Leaf 0 contents: CONTENTS_SOLID 
Leaf 1 contents: 
viscontents (node 0 contents ^ node 1 contents): CONTENTS_SOLID 
This means that none of the brushes in leaf 0 or 1 that touches the portal has CONTENTS_SOLID 
Check for a huge brush enclosing the coordinates above that has contents CONTENTS_SOLID 
Candidate brush IDs: 

Processing areas...done (0)
Building Faces...done (0)
Chop Details...done (0)
Find Visible Detail Sides...
Merged 18 detail faces...done (0)
Merging details...done (0)
FixTjuncs...
PruneNodes...
WriteBSP...
done (0)
*** Error: Skybox vtf files for skybox/sky_well_01 weren't compiled with the same size texture and/or same flags!
Can't load skybox file skybox/sky_well_01 to build the default cubemap!
*** Error: Skybox vtf files for skybox/sky_well_01 weren't compiled with the same size texture and/or same flags!
Can't load skybox file skybox/sky_well_01 to build the default cubemap!
Finding displacement neighbors...
Warning: invalid neighbor connection on displacement near (-768.00 384.00 64.00)
Warning: invalid neighbor connection on displacement near (-512.00 384.00 64.00)
Warning: invalid neighbor connection on displacement near (768.00 -383.51 64.00)
Warning: invalid neighbor connection on displacement near (512.00 -383.51 64.00)
Warning: invalid neighbor connection on displacement near (-640.00 512.00 64.00)
Warning: invalid neighbor connection on displacement near (640.00 -511.51 64.00)
Finding lightmap sample positions...
Displacement Alpha : 0...1...2...3...4...5...6...7...8...9...10
Building Physics collision data...
WARNING: Map using power 4 displacements, terrain physics cannot be compressed, map will need additional memory and CPU.
done (0) (1380248 bytes)
Static prop models/props_medieval/medieval_doorandframe.mdl outside the map (-1808.00, -256.00, 64.00)
Static prop models/props_medieval/medieval_small_window_frame.mdl outside the map (-1968.00, -248.00, 176.00)
Static prop models/props_medieval/medieval_doorandframe.mdl outside the map (-1776.00, 128.00, 64.00)
Static prop models/props_medieval/medieval_doorandframe.mdl outside the map (1808.00, 256.49, 64.00)
Static prop models/props_medieval/medieval_small_window_frame.mdl outside the map (1968.00, 248.49, 176.00)
Static prop models/props_medieval/medieval_doorandframe.mdl outside the map (1776.00, -127.51, 64.00)
Placing detail props : 0...1...2...3...4...5...6...7...8...9...10
Compacting texture/material tables...
Reduced 189 texinfos to 103
Reduced 11 texdatas to 11 (304 bytes to 304)
Writing d:\documents\mapping\tf2\tf2-maps\snowtown\a1\arena_snowtown_a1.bsp
MSG_FILEWRITE - Filesystem was asked to write to 'd:\documents\mapping\tf2\tf2-maps\snowtown\a1\arena_snowtown_a1.bsp', but we don't own that location. Allowing.
Wrote ZIP buffer, estimated size 649, actual size 569
1 second elapsed



4 threads
reading d:\documents\mapping\tf2\tf2-maps\snowtown\a1\arena_snowtown_a1.bsp
reading d:\documents\mapping\tf2\tf2-maps\snowtown\a1\arena_snowtown_a1.prt
LoadPortals: couldn't read d:\documents\mapping\tf2\tf2-maps\snowtown\a1\arena_snowtown_a1.prt



[Reading texlights from 'lights.rad']
[56 texlights parsed from 'lights.rad']

Loading d:\documents\mapping\tf2\tf2-maps\snowtown\a1\arena_snowtown_a1.bsp
No vis information, direct lighting only.
3020 faces
523890 square feet [75440232.00 square inches]
48 Displacements
28027 Square Feet [4035958.00 Square Inches]
42 direct lights
0...1...2...3...4...5...6...7...8...9...10Build Patch/Sample Hash Table(s).....Done<0.0060 sec>
0...1...2...3...4...5...6...7...8...9...10FinalLightFace Done
0 of 0 (0% of) surface lights went in leaf ambient cubes.
0...1...2...3...4...5...6...7...8...9...10Writing leaf ambient...done
Ready to Finish

Object names       Objects/Maxobjs  Memory / Maxmem  Fullness 
------------       ---------------  ---------------  -------- 
models                   1/1024           48/49152    ( 0.1%) 
brushes                527/8192         6324/98304    ( 6.4%) 
brushsides            4840/65536       38720/524288   ( 7.4%) 
planes                3842/65536       76840/1310720  ( 5.9%) 
vertexes              3391/65536       40692/786432   ( 5.2%) 
nodes                 1115/65536       35680/2097152  ( 1.7%) 
texinfos               103/12288        7416/884736   ( 0.8%) 
texdata                 11/2048          352/65536    ( 0.5%) 
dispinfos               48/0            8448/0        ( 0.0%) 
disp_verts            6272/0          125440/0        ( 0.0%) 
disp_tris            10560/0           21120/0        ( 0.0%) 
disp_lmsamples       81380/0           81380/0        ( 0.0%) 
faces                 3020/65536      169120/3670016  ( 4.6%) 
hdr faces                0/65536           0/3670016  ( 0.0%) 
origfaces             2258/65536      126448/3670016  ( 3.4%) 
leaves                1117/65536       35744/2097152  ( 1.7%) 
leaffaces             3463/65536        6926/131072   ( 5.3%) 
leafbrushes           1009/65536        2018/131072   ( 1.5%) 
areas                    2/256            16/2048     ( 0.8%) 
surfedges            22898/512000      91592/2048000  ( 4.5%) 
edges                12658/256000      50632/1024000  ( 4.9%) 
LDR worldlights         42/8192         3696/720896   ( 0.5%) 
HDR worldlights          0/8192            0/720896   ( 0.0%) 
leafwaterdata            0/32768           0/393216   ( 0.0%) 
waterstrips            208/32768        2080/327680   ( 0.6%) 
waterverts               0/65536           0/786432   ( 0.0%) 
waterindices          3591/65536        7182/131072   ( 5.5%) 
cubemapsamples           0/1024            0/16384    ( 0.0%) 
overlays                 0/512             0/180224   ( 0.0%) 
LDR lightdata         [variable]     1567396/0        ( 0.0%) 
HDR lightdata         [variable]           0/0        ( 0.0%) 
visdata               [variable]           0/16777216 ( 0.0%) 
entdata               [variable]       18531/393216   ( 4.7%) 
LDR ambient table     1117/65536        4468/262144   ( 1.7%) 
HDR ambient table     1117/65536        4468/262144   ( 1.7%) 
LDR leaf ambient      7911/65536      221508/1835008  (12.1%) 
HDR leaf ambient      1117/65536       31276/1835008  ( 1.7%) 
occluders                0/0               0/0        ( 0.0%) 
occluder polygons        0/0               0/0        ( 0.0%) 
occluder vert ind        0/0               0/0        ( 0.0%) 
detail props          [variable]           1/12       ( 8.3%) 
static props          [variable]           1/15374    ( 0.0%) 
pakfile               [variable]         569/0        ( 0.0%) 
physics               [variable]     1380248/4194304  (32.9%) 
physics terrain       [variable]           0/1048576  ( 0.0%) 

Level flags = 0

Total triangle count: 7976
Writing d:\documents\mapping\tf2\tf2-maps\snowtown\a1\arena_snowtown_a1.bsp
13 seconds elapsed
