PRT1
256
690
4 0 2 (2048 1024 -144 ) (2048 1024 896 ) (2048 2035.130127 896 ) (2048 2035.130127 -144 ) 
4 0 1 (2050.870117 1024 -144 ) (2050.870117 1024 896 ) (2048 1024 896 ) (2048 1024 -144 ) 
4 1 78 (2050.870117 0 -144 ) (2050.870117 0 896 ) (2048 0 896 ) (2048 0 -144 ) 
4 1 4 (2048 0 -144 ) (2048 0 896 ) (2048 1024 896 ) (2048 1024 -144 ) 
4 2 4 (2048 1024 -144 ) (2048 1024 896 ) (1024 1024 896 ) (1024 1024 -144 ) 
4 2 3 (1024 1024 -144 ) (1024 1024 896 ) (1024 2035.130127 896 ) (1024 2035.130127 -144 ) 
4 3 38 (0 1024 -144 ) (0 1024 896 ) (0 2035.130127 896 ) (0 2035.130127 -144 ) 
4 3 37 (1024 1024 -144 ) (1024 1024 48 ) (0 1024 48 ) (0 1024 -144 ) 
4 3 36 (256 1024 128 ) (0 1024 128 ) (0 1024 48 ) (256 1024 48 ) 
4 3 35 (1024 1024 48 ) (1024 1024 128 ) (256 1024 128 ) (256 1024 48 ) 
4 3 27 (64 1024 384 ) (0 1024 384 ) (0 1024 128 ) (64 1024 128 ) 
4 3 26 (224 1024 384 ) (64 1024 384 ) (64 1024 128 ) (224 1024 128 ) 
4 3 22 (256 1024 384 ) (224 1024 384 ) (224 1024 128 ) (256 1024 128 ) 
4 3 21 (1024 1024 128 ) (1024 1024 384 ) (256 1024 384 ) (256 1024 128 ) 
4 3 16 (64 1024 640 ) (0 1024 640 ) (0 1024 384 ) (64 1024 384 ) 
4 3 15 (224 1024 640 ) (64 1024 640 ) (64 1024 384 ) (224 1024 384 ) 
4 3 11 (256 1024 640 ) (224 1024 640 ) (224 1024 384 ) (256 1024 384 ) 
4 3 10 (1024 1024 384 ) (1024 1024 640 ) (256 1024 640 ) (256 1024 384 ) 
4 3 8 (304 1024 896 ) (0 1024 896 ) (0 1024 640 ) (304 1024 640 ) 
4 3 7 (1024 1024 640 ) (1024 1024 896 ) (304 1024 896 ) (304 1024 640 ) 
4 4 91 (1024 0 128 ) (1024 0 -144 ) (1280 0 -144 ) (1280 0 128 ) 
4 4 88 (1264 0 384 ) (1024 0 384 ) (1024 0 128 ) (1264 0 128 ) 
4 4 86 (1280 0 384 ) (1264 0 384 ) (1264 0 128 ) (1280 0 128 ) 
4 4 85 (2048 0 -144 ) (2048 0 384 ) (1280 0 384 ) (1280 0 -144 ) 
4 4 83 (1328 0 896 ) (1024 0 896 ) (1024 0 419.764679 ) (1328 0 384 ) 
4 4 82 (2048 0 384 ) (2048 0 896 ) (1328 0 896 ) (1328 0 384 ) 
4 4 81 (1024 0 419.764679 ) (1024 0 384 ) (1280 0 384 ) (1280 0 389.647034 ) 
3 4 80 (1280 0 384 ) (1328 0 384 ) (1280 0 389.647034 ) 
4 4 37 (1024 1024 48 ) (1024 1024 -144 ) (1024 0 -144 ) (1024 0 48 ) 
4 4 35 (1024 1024 128 ) (1024 1024 48 ) (1024 0 48 ) (1024 0 128 ) 
4 4 24 (1024 224 128 ) (1024 0 128 ) (1024 0 288 ) (1024 224 288 ) 
4 4 23 (1024 0 288 ) (1024 0 384 ) (1024 224 384 ) (1024 224 288 ) 
4 4 21 (1024 1024 384 ) (1024 1024 128 ) (1024 224 128 ) (1024 224 384 ) 
4 4 13 (1024 64 384 ) (1024 0 384 ) (1024 0 640 ) (1024 64 640 ) 
4 4 12 (1024 224 384 ) (1024 64 384 ) (1024 64 640 ) (1024 224 640 ) 
4 4 10 (1024 1024 640 ) (1024 1024 384 ) (1024 224 384 ) (1024 224 640 ) 
5 4 7 (1024 1024 896 ) (1024 1024 640 ) (1024 304 640 ) (1024 0 704 ) (1024 0 896 ) 
3 4 5 (1024 304 640 ) (1024 0 640 ) (1024 0 704 ) 
4 5 93 (1024 0 640 ) (1024 0 704 ) (256 0 704 ) (256 0 640 ) 
4 5 13 (1024 0 640 ) (256 0 640 ) (256 64 640 ) (1024 64 640 ) 
4 5 12 (256 64 640 ) (256 224 640 ) (1024 224 640 ) (1024 64 640 ) 
4 5 10 (256 224 640 ) (256 304 640 ) (1024 304 640 ) (1024 224 640 ) 
4 5 7 (1024 304 640 ) (304 304 640 ) (304 0 704 ) (1024 0 704 ) 
3 5 6 (256 256 650.104431 ) (256 303.996094 640 ) (256 256 640 ) 
3 6 40 (0 256 650.105286 ) (0 304 640 ) (0 256 640 ) 
4 6 16 (0 256 640 ) (0 304 640 ) (64 304 640 ) (64 256 640 ) 
4 6 15 (64 304 640 ) (224 304 640 ) (224 256 640 ) (64 256 640 ) 
4 6 11 (224 304 640 ) (256 304 640 ) (256 256 640 ) (224 256 640 ) 
4 7 95 (1024 0 704 ) (1024 0 896 ) (304 0 896 ) (304 0 704 ) 
4 7 10 (304 1024 640 ) (1024 1024 640 ) (1024 304 640 ) (304 304 640 ) 
4 7 9 (304 0 720 ) (304 0 896 ) (304 304 896 ) (304 304 656 ) 
5 7 8 (304 1024 640 ) (304 304.003906 640 ) (304 304 640 ) (304 304 896 ) (304 1024 896 ) 
4 8 42 (0 304 896 ) (0 1024 896 ) (0 1024 640 ) (0 304 640 ) 
4 8 16 (0 304 640 ) (0 1024 640 ) (64 1024 640 ) (64 304 640 ) 
4 8 15 (64 1024 640 ) (224 1024 640 ) (224 304 640 ) (64 304 640 ) 
4 8 11 (224 1024 640 ) (256 1024 640 ) (256 304 640 ) (224 304 640 ) 
4 8 10 (256 1024 640 ) (304 1024 640 ) (304 304 640 ) (256 304 640 ) 
4 8 9 (304 304 656 ) (304 304 896 ) (0 304 896 ) (0 304 656 ) 
4 9 96 (304 0 896 ) (0 0 896 ) (0 0 720 ) (304 0 720 ) 
4 9 43 (0 0 720 ) (0 0 896 ) (0 304 896 ) (0 304 656 ) 
4 10 21 (1024 1024 384 ) (1024 224 384 ) (256 224 384 ) (256 1024 384 ) 
4 10 12 (256 224 384 ) (1024 224 384 ) (1024 224 640 ) (256 224 640 ) 
4 10 11 (256 1024 384 ) (256 256 384 ) (256 256 640 ) (256 1024 640 ) 
4 11 22 (224 256 384 ) (224 1024 384 ) (256 1024 384 ) (256 256 384 ) 
4 11 15 (224 1024 384 ) (224 256 384 ) (224 256 640 ) (224 1024 640 ) 
4 12 23 (1024 224 384 ) (1024 64 384 ) (240 64 384 ) (240 224 384 ) 
4 12 13 (240 64 384 ) (1024 64 384 ) (1024 64 640 ) (240 64 640 ) 
4 13 98 (1024 0 384 ) (1024 0 640 ) (240 0 640 ) (240 0 384 ) 
4 13 23 (1024 64 384 ) (1024 0 384 ) (240 0 384 ) (240 64 384 ) 
4 13 14 (240 64 512 ) (240 64 384 ) (240 0 384 ) (240 0 512 ) 
4 14 99 (224 0 512 ) (224 0 384 ) (240 0 384 ) (240 0 512 ) 
4 14 18 (224 64 384 ) (224 0 384 ) (224 0 512 ) (224 64 512 ) 
4 15 26 (64 1024 384 ) (224 1024 384 ) (224 240 384 ) (64 240 384 ) 
4 15 16 (64 1024 384 ) (64 240 384 ) (64 240 640 ) (64 1024 640 ) 
4 16 45 (0 240 640 ) (0 1024 640 ) (0 1024 384 ) (0 240 384 ) 
4 16 27 (0 768 384 ) (0 1024 384 ) (64 1024 384 ) (64 768 384 ) 
4 16 17 (0 240 384 ) (64 240 384 ) (64 240 512 ) (0 240 512 ) 
4 17 46 (0 240 512 ) (0 240 384 ) (0 224 384 ) (0 224 512 ) 
4 17 19 (0 224 384 ) (8 224 384 ) (8 224 512 ) (0 224 512 ) 
4 17 18 (8 224 384 ) (64 224 384 ) (64 224 512 ) (8 224 512 ) 
4 18 103 (88 0 640 ) (64 0 640 ) (64 0 384 ) (88 0 384 ) 
4 18 101 (224 0 640 ) (88 0 640 ) (88 0 384 ) (224 0 384 ) 
4 18 32 (128 0 384 ) (64 0 384 ) (48 64 384 ) (128 64 384 ) 
4 18 20 (51.199471 51.200134 384 ) (56 32 384 ) (56 32 640 ) (51.199467 51.200134 640 ) 
4 18 19 (8 224 640 ) (8 224 384 ) (51.199471 51.200134 384 ) (51.199467 51.200134 640 ) 
4 19 51 (0 64 640 ) (0 88 640 ) (0 88 384 ) (0 64 384 ) 
4 19 50 (0 88 640 ) (0 224 640 ) (0 224 384 ) (0 88 384 ) 
3 19 33 (0 64 384 ) (48 64 384 ) (51.200001 51.199997 384 ) 
4 19 20 (32 56 384 ) (51.201160 51.199711 384 ) (51.201153 51.199711 640 ) (32 56 640 ) 
3 20 34 (32 56 384 ) (51.200001 51.199997 384 ) (56 32 384 ) 
4 21 35 (256 1024 128 ) (1024 1024 128 ) (1024 224 128 ) (256 224 128 ) 
4 21 24 (256 224 128 ) (1024 224 128 ) (1024 224 288 ) (256 224 288 ) 
4 21 23 (1024 224 288 ) (1024 224 384 ) (256 224 384 ) (256 224 288 ) 
4 21 22 (256 1024 128 ) (256 256 128 ) (256 256 384 ) (256 1024 384 ) 
4 22 36 (224 256 128 ) (224 1024 128 ) (256 1024 128 ) (256 256 128 ) 
4 22 26 (224 1024 128 ) (224 256 128 ) (224 256 384 ) (224 1024 384 ) 
4 23 98 (1024 0 288 ) (1024 0 384 ) (240 0 384 ) (240 0 288 ) 
4 23 24 (240 224 288 ) (1024 224 288 ) (1024 0 288 ) (240 0 288 ) 
4 24 98 (1024 0 128 ) (1024 0 288 ) (240 0 288 ) (240 0 128 ) 
4 24 35 (1024 0 128 ) (256 0 128 ) (256 224 128 ) (1024 224 128 ) 
4 24 25 (240 0 288 ) (240 64 288 ) (240 64 128 ) (240 0 128 ) 
4 25 100 (240 0 288 ) (224 0 288 ) (224 0 128 ) (240 0 128 ) 
4 25 31 (224 64 128 ) (224 0 128 ) (224 0 288 ) (224 64 288 ) 
4 26 36 (64 1024 128 ) (224 1024 128 ) (224 256 128 ) (64 256 128 ) 
4 26 28 (64 768 128 ) (64 240 128 ) (64 240 368 ) (64 768 368 ) 
4 26 27 (64 1024 128 ) (64 768 128 ) (64 768 384 ) (64 1024 384 ) 
4 27 57 (0 768 384 ) (0 1024 384 ) (0 1024 128 ) (0 768 128 ) 
4 27 36 (0 768 128 ) (0 1024 128 ) (64 1024 128 ) (64 768 128 ) 
4 27 28 (0 768 128 ) (64 768 128 ) (64 768 368 ) (0 768 368 ) 
4 28 58 (0 768 368 ) (0 768 128 ) (0 240 128 ) (0 240 368 ) 
4 28 36 (0 256 128 ) (0 768 128 ) (64 768 128 ) (64 256 128 ) 
4 28 29 (0 240 128 ) (64 240 128 ) (64 240 288 ) (0 240 288 ) 
4 29 60 (0 240 288 ) (0 240 128 ) (0 224 128 ) (0 224 288 ) 
4 29 30 (0 224 128 ) (64 224 128 ) (64 224 288 ) (0 224 288 ) 
4 30 61 (0 224 368 ) (0 224 128 ) (0 64 128 ) (0 64 368 ) 
4 30 33 (0 64 128 ) (48 64 128 ) (48 64 368 ) (0 64 368 ) 
4 30 32 (48 64 128 ) (128 64 128 ) (128 64 368 ) (48 64 368 ) 
4 30 31 (128 64 128 ) (224 64 128 ) (224 64 368 ) (128 64 368 ) 
4 31 104 (128 0 368 ) (128 0 128 ) (224 0 128 ) (224 0 368 ) 
4 31 32 (128 64 368 ) (128 64 128 ) (128 0 128 ) (128 0 368 ) 
4 32 107 (88 0 384 ) (64 0 384 ) (64 0 128 ) (88 0 128 ) 
4 32 105 (128 0 384 ) (88 0 384 ) (88 0 128 ) (128 0 128 ) 
4 32 34 (51.200523 51.199871 128 ) (56 32 128 ) (56 32 384 ) (51.200523 51.199871 384 ) 
4 32 33 (48 64 384 ) (48 64 128 ) (51.200523 51.199871 128 ) (51.200523 51.199871 384 ) 
4 33 34 (32 56 128 ) (51.201168 51.199707 128 ) (51.201160 51.199711 384 ) (32 56 384 ) 
4 35 126 (1024 0 48 ) (1024 0 128 ) (256 0 128 ) (256 0 48 ) 
4 35 37 (1024 1024 48 ) (1024 0 48 ) (256 0 48 ) (256 1024 48 ) 
4 35 36 (256 1024 48 ) (256 256 48 ) (256 256 128 ) (256 1024 128 ) 
4 36 72 (0 256 128 ) (0 1024 128 ) (0 1024 48 ) (0 256 48 ) 
4 36 37 (0 256 48 ) (0 1024 48 ) (256 1024 48 ) (256 256 48 ) 
4 37 129 (1024 0 -144 ) (1024 0 48 ) (0 0 48 ) (0 0 -144 ) 
4 37 74 (0 0 -144 ) (0 0 48 ) (0 1024 48 ) (0 1024 -144 ) 
4 38 74 (0 1024 -144 ) (0 1024 48 ) (-1024 1024 48 ) (-1024 1024 -144 ) 
4 38 72 (0 1024 48 ) (0 1024 128 ) (-256 1024 128 ) (-256 1024 48 ) 
4 38 73 (-256 1024 128 ) (-1024 1024 128 ) (-1024 1024 48 ) (-256 1024 48 ) 
4 38 67 (-224 1024 384 ) (-256 1024 384 ) (-256 1024 128 ) (-224 1024 128 ) 
4 38 68 (-256 1024 384 ) (-1024 1024 384 ) (-1024 1024 128 ) (-256 1024 128 ) 
4 38 57 (0 1024 128 ) (0 1024 384 ) (-64 1024 384 ) (-64 1024 128 ) 
4 38 59 (-64 1024 384 ) (-224 1024 384 ) (-224 1024 128 ) (-64 1024 128 ) 
4 38 52 (-224 1024 640 ) (-256 1024 640 ) (-256 1024 384 ) (-224 1024 384 ) 
4 38 53 (-256 1024 640 ) (-1024 1024 640 ) (-1024 1024 384 ) (-256 1024 384 ) 
4 38 47 (-64 1024 640 ) (-224 1024 640 ) (-224 1024 384 ) (-64 1024 384 ) 
4 38 45 (0 1024 384 ) (0 1024 640 ) (-64 1024 640 ) (-64 1024 384 ) 
4 38 42 (0 1024 640 ) (0 1024 896 ) (-304 1024 896 ) (-304 1024 640 ) 
4 38 44 (-304 1024 896 ) (-1024 1024 896 ) (-1024 1024 640 ) (-304 1024 640 ) 
4 38 39 (-1024 1024 -144 ) (-1024 1024 896 ) (-1024 2035.130127 896 ) (-1024 2035.130127 -144 ) 
4 39 76 (-2048 1024 -144 ) (-2048 1024 896 ) (-2048 2035.130127 896 ) (-2048 2035.130127 -144 ) 
4 39 75 (-1024 1024 -144 ) (-1024 1024 896 ) (-2048 1024 896 ) (-2048 1024 -144 ) 
4 40 52 (-256 256 640 ) (-256 304 640 ) (-224 304 640 ) (-224 256 640 ) 
4 40 47 (-224 304 640 ) (-64 304 640 ) (-64 256 640 ) (-224 256 640 ) 
4 40 45 (-64 304 640 ) (0 304 640 ) (0 256 640 ) (-64 256 640 ) 
3 40 41 (-256 256 650.104431 ) (-256 303.996094 640 ) (-256 256 640 ) 
4 41 186 (-256 0 704 ) (-1024 0 704 ) (-1024 0 640 ) (-256 0 640 ) 
3 41 75 (-1024 304 640 ) (-1024 0 640 ) (-1024 0 704 ) 
4 41 56 (-256 0 640 ) (-1024 0 640 ) (-1024 64 640 ) (-256 64 640 ) 
4 41 54 (-1024 64 640 ) (-1024 224 640 ) (-256 224 640 ) (-256 64 640 ) 
4 41 53 (-1024 224 640 ) (-1024 304 640 ) (-256 304 640 ) (-256 224 640 ) 
4 41 44 (-304 304 640 ) (-1024 304 640 ) (-1024 0 704 ) (-304 0 704 ) 
4 42 52 (-256 1024 640 ) (-224 1024 640 ) (-224 304 640 ) (-256 304 640 ) 
4 42 53 (-304 1024 640 ) (-256 1024 640 ) (-256 304 640 ) (-304 304 640 ) 
4 42 47 (-224 1024 640 ) (-64 1024 640 ) (-64 304 640 ) (-224 304 640 ) 
4 42 45 (-64 1024 640 ) (0 1024 640 ) (0 304 640 ) (-64 304 640 ) 
4 42 43 (-304 304 896 ) (-304 304 656 ) (0 304 656 ) (0 304 896 ) 
5 42 44 (-304 1024 640 ) (-304 304.003906 640 ) (-304 304 640 ) (-304 304 896 ) (-304 1024 896 ) 
4 43 187 (0 0 720 ) (0 0 896 ) (-304 0 896 ) (-304 0 720 ) 
4 43 44 (-304 0 720 ) (-304 0 896 ) (-304 304 896 ) (-304 304 656 ) 
4 44 189 (-304 0 896 ) (-1024 0 896 ) (-1024 0 704 ) (-304 0 704 ) 
5 44 75 (-1024 1024 896 ) (-1024 1024 640 ) (-1024 304 640 ) (-1024 0 704 ) (-1024 0 896 ) 
4 44 53 (-1024 304 640 ) (-1024 1024 640 ) (-304 1024 640 ) (-304 304 640 ) 
4 45 57 (-64 1024 384 ) (0 1024 384 ) (0 768 384 ) (-64 768 384 ) 
4 45 47 (-64 1024 384 ) (-64 240 384 ) (-64 240 640 ) (-64 1024 640 ) 
4 45 46 (-64 240 512 ) (-64 240 384 ) (0 240 384 ) (0 240 512 ) 
4 46 50 (-8 224 384 ) (0 224 384 ) (0 224 512 ) (-8 224 512 ) 
4 46 49 (-64 224 384 ) (-8 224 384 ) (-8 224 512 ) (-64 224 512 ) 
4 47 59 (-224 1024 384 ) (-64 1024 384 ) (-64 240 384 ) (-224 240 384 ) 
4 47 52 (-224 1024 384 ) (-224 256 384 ) (-224 256 640 ) (-224 1024 640 ) 
4 48 193 (-64 0 640 ) (-88 0 640 ) (-88 0 384 ) (-64 0 384 ) 
4 48 192 (-88 0 640 ) (-224 0 640 ) (-224 0 384 ) (-88 0 384 ) 
4 48 62 (-64 0 384 ) (-128 0 384 ) (-128 64 384 ) (-80 64 384 ) 
4 48 55 (-224 64 384 ) (-224 0 384 ) (-224 0 512 ) (-224 64 512 ) 
4 48 49 (-64 0 384 ) (-120 224 384 ) (-120 224 640 ) (-64 0 640 ) 
3 49 63 (-64 0 384 ) (-80 64 384 ) (-48 64 384 ) 
4 49 50 (-56 32 384 ) (-8 224 384 ) (-8 224 640 ) (-56 32 640 ) 
3 50 64 (-24 64 384 ) (-56 32 384 ) (-48 64 384 ) 
4 50 51 (-32 56 384 ) (0 88 384 ) (0 88 640 ) (-32 56 640 ) 
3 51 65 (0 64 384 ) (-32 56 384 ) (-24 64 384 ) 
4 52 67 (-256 1024 384 ) (-224 1024 384 ) (-224 256 384 ) (-256 256 384 ) 
4 52 53 (-256 1024 384 ) (-256 256 384 ) (-256 256 640 ) (-256 1024 640 ) 
4 53 75 (-1024 1024 640 ) (-1024 1024 384 ) (-1024 224 384 ) (-1024 224 640 ) 
4 53 68 (-1024 1024 384 ) (-256 1024 384 ) (-256 224 384 ) (-1024 224 384 ) 
4 53 54 (-1024 224 384 ) (-256 224 384 ) (-256 224 640 ) (-1024 224 640 ) 
4 54 75 (-1024 224 384 ) (-1024 64 384 ) (-1024 64 640 ) (-1024 224 640 ) 
4 54 69 (-240 64 384 ) (-1024 64 384 ) (-1024 224 384 ) (-240 224 384 ) 
4 54 56 (-1024 64 384 ) (-240 64 384 ) (-240 64 640 ) (-1024 64 640 ) 
4 55 194 (-240 0 512 ) (-240 0 384 ) (-224 0 384 ) (-224 0 512 ) 
4 55 56 (-240 64 512 ) (-240 64 384 ) (-240 0 384 ) (-240 0 512 ) 
4 56 195 (-240 0 640 ) (-1024 0 640 ) (-1024 0 384 ) (-240 0 384 ) 
4 56 75 (-1024 64 384 ) (-1024 0 384 ) (-1024 0 640 ) (-1024 64 640 ) 
4 56 69 (-240 0 384 ) (-1024 0 384 ) (-1024 64 384 ) (-240 64 384 ) 
4 57 72 (-64 1024 128 ) (0 1024 128 ) (0 768 128 ) (-64 768 128 ) 
4 57 58 (-64 768 368 ) (-64 768 128 ) (0 768 128 ) (0 768 368 ) 
4 57 59 (-64 1024 128 ) (-64 768 128 ) (-64 768 384 ) (-64 1024 384 ) 
4 58 72 (0 768 128 ) (0 256 128 ) (-64 256 128 ) (-64 768 128 ) 
4 58 60 (-64 240 128 ) (0 240 128 ) (0 240 288 ) (-64 240 288 ) 
4 58 59 (-64 768 128 ) (-64 240 128 ) (-64 240 368 ) (-64 768 368 ) 
4 59 72 (-224 256 128 ) (-224 1024 128 ) (-64 1024 128 ) (-64 256 128 ) 
4 59 67 (-224 1024 128 ) (-224 256 128 ) (-224 256 384 ) (-224 1024 384 ) 
4 60 61 (-64 224 128 ) (0 224 128 ) (0 224 288 ) (-64 224 288 ) 
4 61 66 (-224 64 368 ) (-224 64 128 ) (-128 64 128 ) (-128 64 368 ) 
4 61 65 (-24 64 128 ) (0 64 128 ) (0 64 368 ) (-24 64 368 ) 
4 61 64 (-48 64 128 ) (-24 64 128 ) (-24 64 368 ) (-48 64 368 ) 
4 61 63 (-80 64 128 ) (-48 64 128 ) (-48 64 368 ) (-80 64 368 ) 
4 61 62 (-128 64 128 ) (-80 64 128 ) (-80 64 368 ) (-128 64 368 ) 
4 62 207 (-64 0 384 ) (-88 0 384 ) (-88 0 128 ) (-64 0 128 ) 
4 62 206 (-88 0 384 ) (-128 0 384 ) (-128 0 128 ) (-88 0 128 ) 
4 62 66 (-128 64 368 ) (-128 64 128 ) (-128 0 128 ) (-128 0 368 ) 
4 62 63 (-64 0 128 ) (-80 64 128 ) (-80 64 384 ) (-64 0 384 ) 
4 63 64 (-56 32 128 ) (-48 64 128 ) (-48 64 384 ) (-56 32 384 ) 
4 64 65 (-32 56 128 ) (-24 64 128 ) (-24 64 384 ) (-32 56 384 ) 
4 66 208 (-224 0 368 ) (-224 0 128 ) (-128 0 128 ) (-128 0 368 ) 
4 66 70 (-224 64 128 ) (-224 0 128 ) (-224 0 288 ) (-224 64 288 ) 
4 67 72 (-256 1024 128 ) (-224 1024 128 ) (-224 256 128 ) (-256 256 128 ) 
4 67 68 (-256 1024 128 ) (-256 256 128 ) (-256 256 384 ) (-256 1024 384 ) 
4 68 75 (-1024 1024 384 ) (-1024 1024 128 ) (-1024 224 128 ) (-1024 224 384 ) 
4 68 73 (-1024 224 128 ) (-1024 1024 128 ) (-256 1024 128 ) (-256 224 128 ) 
4 68 71 (-1024 224 128 ) (-256 224 128 ) (-256 224 288 ) (-1024 224 288 ) 
4 68 69 (-256 224 288 ) (-256 224 384 ) (-1024 224 384 ) (-1024 224 288 ) 
4 69 210 (-240 0 384 ) (-1024 0 384 ) (-1024 0 288 ) (-240 0 288 ) 
4 69 75 (-1024 0 288 ) (-1024 0 384 ) (-1024 224 384 ) (-1024 224 288 ) 
4 69 71 (-1024 224 288 ) (-240 224 288 ) (-240 0 288 ) (-1024 0 288 ) 
4 70 211 (-240 0 128 ) (-224 0 128 ) (-224 0 288 ) (-240 0 288 ) 
4 70 71 (-240 0 288 ) (-240 64 288 ) (-240 64 128 ) (-240 0 128 ) 
4 71 212 (-1024 0 288 ) (-1024 0 128 ) (-240 0 128 ) (-240 0 288 ) 
4 71 75 (-1024 224 128 ) (-1024 0 128 ) (-1024 0 288 ) (-1024 224 288 ) 
4 71 73 (-256 0 128 ) (-1024 0 128 ) (-1024 224 128 ) (-256 224 128 ) 
4 72 74 (-256 1024 48 ) (0 1024 48 ) (0 256 48 ) (-256 256 48 ) 
4 72 73 (-256 1024 48 ) (-256 256 48 ) (-256 256 128 ) (-256 1024 128 ) 
4 73 226 (-256 0 128 ) (-1024 0 128 ) (-1024 0 48 ) (-256 0 48 ) 
4 73 75 (-1024 1024 128 ) (-1024 1024 48 ) (-1024 0 48 ) (-1024 0 128 ) 
4 73 74 (-1024 1024 48 ) (-256 1024 48 ) (-256 0 48 ) (-1024 0 48 ) 
4 74 223 (0 0 -144 ) (0 0 48 ) (-256 0 48 ) (-256 0 -144 ) 
4 74 226 (-256 0 48 ) (-1024 0 48 ) (-1024 0 -144 ) (-256 0 -144 ) 
4 74 75 (-1024 1024 48 ) (-1024 1024 -144 ) (-1024 0 -144 ) (-1024 0 48 ) 
4 75 227 (-1024 0 -144 ) (-1024 0 896 ) (-2048 0 896 ) (-2048 0 -144 ) 
4 75 77 (-2048 0 -144 ) (-2048 0 896 ) (-2048 1024 896 ) (-2048 1024 -144 ) 
4 76 77 (-2048 1024 -144 ) (-2048 1024 896 ) (-2162.870117 1024 896 ) (-2162.870117 1024 -144 ) 
4 77 251 (-2048 0 -144 ) (-2048 0 896 ) (-2162.870117 0 896 ) (-2162.870117 0 -144 ) 
4 78 85 (2048 0 384 ) (2048 0 -144 ) (2048 -1024 -144 ) (2048 -1024 384 ) 
4 78 82 (2048 0 896 ) (2048 0 384 ) (2048 -1024 384 ) (2048 -1024 896 ) 
4 78 79 (2050.870117 -1024 -144 ) (2050.870117 -1024 896 ) (2048 -1024 896 ) (2048 -1024 -144 ) 
4 79 182 (2050.870117 -2048 -144 ) (2050.870117 -2048 896 ) (2048 -2048 896 ) (2048 -2048 -144 ) 
4 79 141 (2048 -2048 -144 ) (2048 -2048 112 ) (2048 -1024 112 ) (2048 -1024 -144 ) 
4 79 139 (2048 -2048 112 ) (2048 -2048 128 ) (2048 -1024 128 ) (2048 -1024 112 ) 
4 79 137 (2048 -2048 128 ) (2048 -2048 384 ) (2048 -1264 384 ) (2048 -1264 128 ) 
4 79 135 (2048 -1264 384 ) (2048 -1024 384 ) (2048 -1024 128 ) (2048 -1264 128 ) 
4 79 132 (2048 -2048 384 ) (2048 -2048 896 ) (2048 -1024 896 ) (2048 -1024 384 ) 
3 80 130 (1280 -1024 384 ) (1328 -1024 384 ) (1280 -1024 389.647034 ) 
4 80 85 (1328 -1024 384 ) (1280 -1024 384 ) (1280 0 384 ) (1328 0 384 ) 
4 80 83 (1328 -720 384 ) (1328 0 384 ) (1280 0 389.647064 ) (1280 -720 389.647064 ) 
4 80 81 (1280 0 384 ) (1280 -768 384 ) (1280 -768 389.644531 ) (1280 0 389.644531 ) 
4 81 109 (1024 -224 384 ) (1024 -768 384 ) (1024 -768 419.764679 ) (1024 -224 419.764679 ) 
4 81 98 (1024 0 419.764679 ) (1024 0 384 ) (1024 -224 384 ) (1024 -224 419.764679 ) 
4 81 88 (1024 -768 384 ) (1024 0 384 ) (1264 0 384 ) (1264 -768 384 ) 
4 81 86 (1264 0 384 ) (1280 0 384 ) (1280 -768 384 ) (1264 -768 384 ) 
4 81 83 (1280 -720 389.647064 ) (1280 0 389.647064 ) (1024 0 419.764679 ) (1024 -720 419.764679 ) 
4 82 132 (2048 -1024 384 ) (2048 -1024 896 ) (1328 -1024 896 ) (1328 -1024 384 ) 
4 82 85 (2048 -1024 384 ) (1328 -1024 384 ) (1328 0 384 ) (2048 0 384 ) 
4 82 84 (1328 -1024 400 ) (1328 -1024 896 ) (1328 -720 896 ) (1328 -720 400 ) 
4 82 83 (1328 0 384 ) (1328 -720 384 ) (1328 -720 896 ) (1328 0 896 ) 
4 83 110 (1024 -224 419.764679 ) (1024 -720 419.764679 ) (1024 -720 640 ) (1024 -224 640 ) 
4 83 98 (1024 0 640 ) (1024 0 419.764679 ) (1024 -224 419.764679 ) (1024 -224 640 ) 
5 83 95 (1024 0 896 ) (1024 0 704 ) (1024 -304 640 ) (1024 -720 640 ) (1024 -720 896 ) 
3 83 93 (1024 0 704 ) (1024 0 640 ) (1024 -304 640 ) 
4 83 84 (1328 -720 400 ) (1328 -720 896 ) (1024 -720 896 ) (1024 -720 435.764740 ) 
4 84 133 (1328 -1024 896 ) (1024 -1024 896 ) (1024 -1024 435.764740 ) (1328 -1024 400 ) 
4 84 111 (1024 -1024 435.764709 ) (1024 -1024 640 ) (1024 -720 640 ) (1024 -720 435.764740 ) 
4 84 95 (1024 -1024 640 ) (1024 -1024 896 ) (1024 -720 896 ) (1024 -720 640 ) 
4 85 141 (2048 -1024 -144 ) (2048 -1024 112 ) (1280 -1024 112 ) (1280 -1024 -144 ) 
4 85 139 (2048 -1024 112 ) (2048 -1024 128 ) (1280 -1024 128 ) (1280 -1024 112 ) 
4 85 135 (2048 -1024 128 ) (2048 -1024 384 ) (1280 -1024 384 ) (1280 -1024 128 ) 
4 85 92 (1280 -768 -144 ) (1280 -1024 -144 ) (1280 -1024 112 ) (1280 -768 112 ) 
4 85 91 (1280 0 128 ) (1280 0 -144 ) (1280 -768 -144 ) (1280 -768 128 ) 
4 85 87 (1280 -872 336 ) (1280 -872 248 ) (1280 -920 248 ) (1280 -920 336 ) 
4 85 86 (1280 -768 384 ) (1280 0 384 ) (1280 0 128 ) (1280 -768 128 ) 
4 86 91 (1264 0 128 ) (1280 0 128 ) (1280 -768 128 ) (1264 -768 128 ) 
4 86 88 (1264 0 128 ) (1264 -768 128 ) (1264 -768 384 ) (1264 0 384 ) 
4 87 90 (1264 -920 248 ) (1264 -920 336 ) (1264 -872 336 ) (1264 -872 248 ) 
4 88 112 (1024 -224 128 ) (1024 -768 128 ) (1024 -768 384 ) (1024 -224 384 ) 
4 88 98 (1024 0 384 ) (1024 0 128 ) (1024 -224 128 ) (1024 -224 384 ) 
4 88 91 (1024 0 128 ) (1264 0 128 ) (1264 -768 128 ) (1024 -768 128 ) 
4 88 89 (1088 -768 128 ) (1216 -768 128 ) (1216 -768 288 ) (1088 -768 288 ) 
4 89 90 (1088 -784 128 ) (1216 -784 128 ) (1216 -784 288 ) (1088 -784 288 ) 
4 90 136 (1264 -1024 384 ) (1024 -1024 384 ) (1024 -1024 128 ) (1264 -1024 128 ) 
4 90 113 (1024 -784 128 ) (1024 -1024 128 ) (1024 -1024 384 ) (1024 -784 384 ) 
4 91 129 (1024 0 48 ) (1024 0 -144 ) (1024 -768 -144 ) (1024 -768 48 ) 
4 91 127 (1024 -256 48 ) (1024 -768 48 ) (1024 -768 128 ) (1024 -256 128 ) 
4 91 126 (1024 0 128 ) (1024 0 48 ) (1024 -256 48 ) (1024 -256 128 ) 
4 91 92 (1024 -768 -144 ) (1280 -768 -144 ) (1280 -768 112 ) (1024 -768 112 ) 
4 92 141 (1280 -1024 -144 ) (1280 -1024 112 ) (1024 -1024 112 ) (1024 -1024 -144 ) 
4 92 129 (1024 -768 -144 ) (1024 -1024 -144 ) (1024 -1024 48 ) (1024 -768 48 ) 
4 92 128 (1024 -1024 48 ) (1024 -1024 112 ) (1024 -768 112 ) (1024 -768 48 ) 
4 93 115 (768 -304 640 ) (256 -304 640 ) (256 -224 640 ) (768 -224 640 ) 
4 93 114 (784 -304 640 ) (768 -304 640 ) (768 -224 640 ) (784 -224 640 ) 
4 93 110 (1024 -224 640 ) (1024 -304 640 ) (784 -304 640 ) (784 -224 640 ) 
4 93 98 (256 0 640 ) (1024 0 640 ) (1024 -224 640 ) (256 -224 640 ) 
4 93 95 (304 -304 640 ) (1024 -304 640 ) (1024 0 704 ) (304 0 704 ) 
3 93 94 (256 -256 640 ) (256 -303.996094 640 ) (256 -256 650.104431 ) 
3 94 185 (0 -256 640 ) (0 -304 640 ) (0 -256 650.105286 ) 
4 94 120 (64 -304 640 ) (0 -304 640 ) (0 -256 640 ) (64 -256 640 ) 
4 94 118 (256 -256 640 ) (256 -304 640 ) (224 -304 640 ) (224 -256 640 ) 
4 94 119 (224 -304 640 ) (64 -304 640 ) (64 -256 640 ) (224 -256 640 ) 
4 95 146 (768 -1024 896 ) (304 -1024 896 ) (304 -1024 640 ) (768 -1024 640 ) 
4 95 144 (784 -1024 896 ) (768 -1024 896 ) (768 -1024 640 ) (784 -1024 640 ) 
4 95 143 (1024 -1024 640 ) (1024 -1024 896 ) (784 -1024 896 ) (784 -1024 640 ) 
4 95 115 (304 -768 640 ) (304 -304 640 ) (768 -304 640 ) (768 -768 640 ) 
4 95 114 (768 -768 640 ) (768 -304 640 ) (784 -304 640 ) (784 -768 640 ) 
4 95 111 (1024 -720 640 ) (1024 -1024 640 ) (784 -1024 640 ) (784 -720 640 ) 
4 95 110 (1024 -304 640 ) (1024 -720 640 ) (784 -720 640 ) (784 -304 640 ) 
4 95 96 (304 -304 656 ) (304 -304 896 ) (304 0 896 ) (304 0 720 ) 
4 95 97 (304 -304 640 ) (304 -1024 640 ) (304 -1024 896 ) (304 -304 896 ) 
4 96 187 (0 0 896 ) (0 0 720 ) (0 -304 656 ) (0 -304 896 ) 
4 96 97 (304 -304 656 ) (304 -304 896 ) (0 -304 896 ) (0 -304 656 ) 
4 97 188 (0 -304 640 ) (0 -1024 640 ) (0 -1024 896 ) (0 -304 896 ) 
4 97 150 (256 -1024 896 ) (0 -1024 896 ) (0 -1024 640 ) (256 -1024 640 ) 
4 97 148 (272 -1024 896 ) (256 -1024 896 ) (256 -1024 640 ) (272 -1024 640 ) 
4 97 146 (304 -1024 896 ) (272 -1024 896 ) (272 -1024 640 ) (304 -1024 640 ) 
4 97 120 (0 -768 640 ) (0 -304 640 ) (64 -304 640 ) (64 -768 640 ) 
4 97 118 (224 -304 640 ) (256 -304 640 ) (256 -768 640 ) (224 -768 640 ) 
4 97 119 (64 -304 640 ) (224 -304 640 ) (224 -768 640 ) (64 -768 640 ) 
4 97 115 (256 -768 640 ) (256 -304 640 ) (304 -304 640 ) (304 -768 640 ) 
4 98 126 (256 0 128 ) (1024 0 128 ) (1024 -224 128 ) (256 -224 128 ) 
4 98 115 (256 -224 128 ) (768 -224 128 ) (768 -224 640 ) (256 -224 640 ) 
4 98 114 (768 -224 128 ) (784 -224 128 ) (784 -224 640 ) (768 -224 640 ) 
4 98 112 (784 -224 128 ) (1024 -224 128 ) (1024 -224 384 ) (784 -224 384 ) 
4 98 110 (1024 -224 419.764679 ) (1024 -224 640 ) (784 -224 640 ) (784 -224 448 ) 
4 98 109 (1024 -224 384 ) (1024 -224 419.764679 ) (784 -224 448 ) (784 -224 384 ) 
4 98 100 (240 0 128 ) (240 -64 128 ) (240 -64 288 ) (240 0 288 ) 
4 98 99 (240 0 512 ) (240 0 384 ) (240 -64 384 ) (240 -64 512 ) 
4 99 101 (224 0 512 ) (224 0 384 ) (224 -64 384 ) (224 -64 512 ) 
4 100 104 (224 0 128 ) (224 -64 128 ) (224 -64 288 ) (224 0 288 ) 
4 101 190 (0 -88 384 ) (0 -224 384 ) (0 -224 640 ) (0 -88 640 ) 
4 101 116 (0 -224 512 ) (0 -224 384 ) (64 -224 384 ) (64 -224 512 ) 
4 101 105 (88 0 384 ) (128 0 384 ) (128 -64 384 ) (24 -64 384 ) 
4 101 103 (88 0 384 ) (56 -32 384 ) (56 -32 640 ) (88 0 640 ) 
4 101 102 (32 -56 384 ) (0 -88 384 ) (0 -88 640 ) (32 -56 640 ) 
4 102 190 (0 -64 384 ) (0 -88 384 ) (0 -88 640 ) (0 -64 640 ) 
3 102 106 (32 -56 384 ) (24 -64 384 ) (0 -64 384 ) 
3 103 107 (64 0 384 ) (88 0 384 ) (56 -32 384 ) 
4 104 108 (128 -64 128 ) (224 -64 128 ) (224 -64 368 ) (128 -64 368 ) 
4 104 105 (128 0 128 ) (128 -64 128 ) (128 -64 368 ) (128 0 368 ) 
4 105 108 (24 -64 128 ) (128 -64 128 ) (128 -64 368 ) (24 -64 368 ) 
4 105 107 (87.998047 0 128 ) (56 -31.997396 128 ) (56 -31.997379 384 ) (87.998032 0 384 ) 
4 105 106 (31.997391 -56 128 ) (23.998043 -64 128 ) (23.998035 -64 384 ) (31.997379 -56 384 ) 
4 106 108 (0 -64 128 ) (24 -64 128 ) (24 -64 368 ) (0 -64 368 ) 
4 108 209 (0 -64 128 ) (0 -224 128 ) (0 -224 368 ) (0 -64 368 ) 
4 108 117 (0 -224 128 ) (64 -224 128 ) (64 -224 288 ) (0 -224 288 ) 
4 109 114 (784 -224 448 ) (784 -224 384 ) (784 -768 384 ) (784 -768 448 ) 
4 109 112 (784 -768 384 ) (784 -224 384 ) (1024 -224 384 ) (1024 -768 384 ) 
4 109 110 (784 -224 448 ) (784 -720 448 ) (1024 -720 419.764496 ) (1024 -224 419.764496 ) 
4 110 114 (784 -224 640 ) (784 -224 448 ) (784 -720 448 ) (784 -720 640 ) 
4 110 111 (784 -720 640 ) (784 -720 464 ) (1024 -720 435.764709 ) (1024 -720 640 ) 
4 111 143 (1024 -1024 435.764709 ) (1024 -1024 640 ) (784 -1024 640 ) (784 -1024 464 ) 
4 111 114 (784 -768 640 ) (784 -720 640 ) (784 -720 464 ) (784 -768 464 ) 
4 112 127 (784 -768 128 ) (784 -256 128 ) (1024 -256 128 ) (1024 -768 128 ) 
4 112 126 (784 -256 128 ) (784 -224 128 ) (1024 -224 128 ) (1024 -256 128 ) 
4 112 114 (784 -224 384 ) (784 -224 128 ) (784 -768 128 ) (784 -768 384 ) 
4 113 142 (1024 -1024 128 ) (1024 -1024 384 ) (784 -1024 384 ) (784 -1024 128 ) 
4 114 127 (768 -768 128 ) (768 -256 128 ) (784 -256 128 ) (784 -768 128 ) 
4 114 126 (768 -256 128 ) (768 -224 128 ) (784 -224 128 ) (784 -256 128 ) 
4 114 115 (768 -224 640 ) (768 -224 128 ) (768 -768 128 ) (768 -768 640 ) 
4 115 127 (256 -768 128 ) (256 -256 128 ) (768 -256 128 ) (768 -768 128 ) 
4 115 126 (256 -256 128 ) (256 -224 128 ) (768 -224 128 ) (768 -256 128 ) 
4 115 118 (256 -256 128 ) (256 -768 128 ) (256 -768 640 ) (256 -256 640 ) 
4 116 197 (0 -240 384 ) (0 -240 512 ) (0 -224 512 ) (0 -224 384 ) 
4 116 120 (0 -240 512 ) (0 -240 384 ) (64 -240 384 ) (64 -240 512 ) 
4 117 213 (0 -224 128 ) (0 -240 128 ) (0 -240 288 ) (0 -224 288 ) 
4 117 121 (0 -240 128 ) (64 -240 128 ) (64 -240 288 ) (0 -240 288 ) 
4 118 127 (256 -256 128 ) (256 -768 128 ) (224 -768 128 ) (224 -256 128 ) 
4 118 119 (224 -256 128 ) (224 -768 128 ) (224 -768 640 ) (224 -256 640 ) 
4 119 127 (224 -256 128 ) (224 -768 128 ) (64 -768 128 ) (64 -256 128 ) 
4 119 120 (64 -240 640 ) (64 -240 384 ) (64 -768 384 ) (64 -768 640 ) 
4 119 121 (64 -240 368 ) (64 -240 128 ) (64 -768 128 ) (64 -768 368 ) 
4 120 198 (0 -768 384 ) (0 -768 640 ) (0 -240 640 ) (0 -240 384 ) 
4 120 122 (64 -768 384 ) (64 -768 544 ) (0 -768 544 ) (0 -768 384 ) 
4 121 214 (0 -240 128 ) (0 -768 128 ) (0 -768 368 ) (0 -240 368 ) 
4 121 127 (0 -768 128 ) (0 -256 128 ) (64 -256 128 ) (64 -768 128 ) 
4 121 123 (0 -768 128 ) (64 -768 128 ) (64 -768 288 ) (0 -768 288 ) 
4 122 199 (0 -784 384 ) (0 -784 544 ) (0 -768 544 ) (0 -768 384 ) 
4 122 124 (0 -784 544 ) (0 -784 384 ) (64 -784 384 ) (64 -784 544 ) 
4 123 219 (0 -768 128 ) (0 -784 128 ) (0 -784 288 ) (0 -768 288 ) 
4 123 125 (0 -784 128 ) (64 -784 128 ) (64 -784 288 ) (0 -784 288 ) 
4 124 203 (0 -1024 384 ) (0 -1024 624 ) (0 -784 624 ) (0 -784 384 ) 
4 124 151 (0 -1024 624 ) (0 -1024 384 ) (256 -1024 384 ) (256 -1024 624 ) 
4 125 221 (0 -784 128 ) (0 -1024 128 ) (0 -1024 368 ) (0 -784 368 ) 
4 125 152 (0 -1024 368 ) (0 -1024 128 ) (256 -1024 128 ) (256 -1024 368 ) 
4 126 129 (256 0 48 ) (1024 0 48 ) (1024 -256 48 ) (256 -256 48 ) 
4 126 127 (256 -256 48 ) (1024 -256 48 ) (1024 -256 128 ) (256 -256 128 ) 
4 127 224 (0 -256 48 ) (0 -768 48 ) (0 -768 128 ) (0 -256 128 ) 
4 127 129 (1024 -256 48 ) (1024 -768 48 ) (0 -768 48 ) (0 -256 48 ) 
4 127 128 (0 -768 48 ) (1024 -768 48 ) (1024 -768 112 ) (0 -768 112 ) 
4 128 225 (0 -768 48 ) (0 -1024 48 ) (0 -1024 112 ) (0 -768 112 ) 
4 128 181 (1024 -1024 48 ) (1024 -1024 112 ) (0 -1024 112 ) (0 -1024 48 ) 
4 128 129 (1024 -768 48 ) (1024 -1024 48 ) (0 -1024 48 ) (0 -768 48 ) 
4 129 225 (0 -768 -144 ) (0 -1024 -144 ) (0 -1024 48 ) (0 -768 48 ) 
4 129 224 (0 -256 -144 ) (0 -768 -144 ) (0 -768 48 ) (0 -256 48 ) 
4 129 223 (0 0 48 ) (0 0 -144 ) (0 -256 -144 ) (0 -256 48 ) 
4 129 181 (1024 -1024 -144 ) (1024 -1024 48 ) (0 -1024 48 ) (0 -1024 -144 ) 
3 130 183 (1280 -2048 384 ) (1328 -2048 384 ) (1280 -2048 389.647034 ) 
4 130 137 (1328 -1264 384 ) (1328 -2048 384 ) (1280 -2048 384 ) (1280 -1264 384 ) 
4 130 135 (1280 -1024 384 ) (1328 -1024 384 ) (1328 -1264 384 ) (1280 -1264 384 ) 
4 130 134 (1280 -2048 389.647034 ) (1328 -2048 384 ) (1328 -1328 384 ) (1280 -1328 389.647064 ) 
4 130 131 (1280 -1280 384 ) (1280 -2048 384 ) (1280 -2048 389.644531 ) (1280 -1280 389.644531 ) 
4 131 183 (1024 -2048 419.764679 ) (1024 -2048 384 ) (1280 -2048 384 ) (1280 -2048 389.647034 ) 
4 131 176 (1024 -1280 384 ) (1024 -1328 384 ) (1024 -1328 419.764679 ) (1024 -1280 419.764679 ) 
4 131 178 (1024 -1328 384 ) (1024 -2048 384 ) (1024 -2048 419.764679 ) (1024 -1328 419.764679 ) 
4 131 138 (1280 -1280 384 ) (1280 -2048 384 ) (1024 -2048 384 ) (1024 -1280 384 ) 
4 131 134 (1024 -2048 419.764679 ) (1280 -2048 389.647034 ) (1280 -1328 389.647064 ) (1024 -1328 419.764679 ) 
4 132 183 (2048 -2048 384 ) (2048 -2048 896 ) (1328 -2048 896 ) (1328 -2048 384 ) 
4 132 137 (2048 -1264 384 ) (2048 -2048 384 ) (1328 -2048 384 ) (1328 -1264 384 ) 
4 132 135 (1328 -1024 384 ) (2048 -1024 384 ) (2048 -1264 384 ) (1328 -1264 384 ) 
4 132 133 (1328 -1328 400 ) (1328 -1328 896 ) (1328 -1024 896 ) (1328 -1024 400 ) 
4 132 134 (1328 -1328 384 ) (1328 -2048 384 ) (1328 -2048 896 ) (1328 -1328 896 ) 
4 133 177 (1024 -1280 435.764709 ) (1024 -1328 435.764709 ) (1024 -1328 896 ) (1024 -1280 896 ) 
4 133 169 (1024 -1264 435.764709 ) (1024 -1280 435.764709 ) (1024 -1280 896 ) (1024 -1264 896 ) 
4 133 143 (1024 -1024 896 ) (1024 -1024 435.764740 ) (1024 -1264 435.764709 ) (1024 -1264 896 ) 
4 133 134 (1328 -1328 400 ) (1328 -1328 896 ) (1024 -1328 896 ) (1024 -1328 435.764740 ) 
4 134 183 (1328 -2048 896 ) (1024 -2048 896 ) (1024 -2048 419.764679 ) (1328 -2048 384 ) 
4 134 178 (1024 -1328 419.764679 ) (1024 -2048 419.764679 ) (1024 -2048 896 ) (1024 -1328 896 ) 
4 135 139 (1280 -1024 128 ) (2048 -1024 128 ) (2048 -1264 128 ) (1280 -1264 128 ) 
4 135 137 (1280 -1264 128 ) (2048 -1264 128 ) (2048 -1264 384 ) (1280 -1264 384 ) 
4 136 142 (1024 -1024 384 ) (1024 -1024 128 ) (1024 -1264 128 ) (1024 -1264 384 ) 
4 137 183 (2048 -2048 128 ) (2048 -2048 384 ) (1280 -2048 384 ) (1280 -2048 128 ) 
4 137 139 (2048 -2048 128 ) (1280 -2048 128 ) (1280 -1264 128 ) (2048 -1264 128 ) 
4 137 138 (1280 -1280 128 ) (1280 -2048 128 ) (1280 -2048 384 ) (1280 -1280 384 ) 
4 138 183 (1280 -2048 384 ) (1024 -2048 384 ) (1024 -2048 128 ) (1280 -2048 128 ) 
4 138 176 (1024 -1280 128 ) (1024 -1328 128 ) (1024 -1328 384 ) (1024 -1280 384 ) 
4 138 178 (1024 -1328 128 ) (1024 -2048 128 ) (1024 -2048 384 ) (1024 -1328 384 ) 
4 138 140 (1280 -2048 128 ) (1024 -2048 128 ) (1024 -1280 128 ) (1280 -1280 128 ) 
4 139 183 (2048 -2048 112 ) (2048 -2048 128 ) (1280 -2048 128 ) (1280 -2048 112 ) 
4 139 141 (1280 -1024 112 ) (2048 -1024 112 ) (2048 -2048 112 ) (1280 -2048 112 ) 
4 139 140 (1280 -1280 112 ) (1280 -2048 112 ) (1280 -2048 128 ) (1280 -1280 128 ) 
4 140 183 (1280 -2048 128 ) (1024 -2048 128 ) (1024 -2048 112 ) (1280 -2048 112 ) 
4 140 180 (1024 -1280 112 ) (1024 -2048 112 ) (1024 -2048 128 ) (1024 -1280 128 ) 
4 140 141 (1280 -1280 112 ) (1280 -2048 112 ) (1024 -2048 112 ) (1024 -1280 112 ) 
4 141 183 (2048 -2048 -144 ) (2048 -2048 112 ) (1024 -2048 112 ) (1024 -2048 -144 ) 
4 141 181 (1024 -1024 112 ) (1024 -1024 -144 ) (1024 -2048 -144 ) (1024 -2048 112 ) 
4 142 170 (920 -1264 248 ) (920 -1264 336 ) (872 -1264 336 ) (872 -1264 248 ) 
4 142 145 (784 -1088 128 ) (784 -1216 128 ) (784 -1216 288 ) (784 -1088 288 ) 
4 143 169 (1024 -1264 435.764740 ) (1024 -1264 896 ) (784 -1264 896 ) (784 -1264 464 ) 
4 143 144 (784 -1024 896 ) (784 -1024 640 ) (784 -1264 640 ) (784 -1264 896 ) 
4 144 171 (784 -1264 640 ) (784 -1264 896 ) (768 -1264 896 ) (768 -1264 640 ) 
4 144 146 (768 -1264 640 ) (768 -1264 896 ) (768 -1024 896 ) (768 -1024 640 ) 
4 145 147 (768 -1088 128 ) (768 -1216 128 ) (768 -1216 288 ) (768 -1088 288 ) 
4 146 175 (488 -1264 896 ) (272 -1264 896 ) (272 -1264 640.108032 ) (488 -1264 640.108032 ) 
4 146 173 (536 -1264 896 ) (488 -1264 896 ) (488 -1264 640.108032 ) (536 -1264 640.108032 ) 
4 146 172 (768 -1264 640.108032 ) (768 -1264 896 ) (536 -1264 896 ) (536 -1264 640.108032 ) 
4 146 148 (272 -1024 896 ) (272 -1024 640.108032 ) (272 -1264 640.108032 ) (272 -1264 896 ) 
4 147 174 (536 -1264 248 ) (536 -1264 336 ) (488 -1264 336 ) (488 -1264 248 ) 
4 147 149 (272 -1072 128 ) (272 -1200 128 ) (272 -1200 288 ) (272 -1072 288 ) 
4 148 175 (272 -1264 640 ) (272 -1264 896 ) (256 -1264 896 ) (256 -1264 640 ) 
4 148 150 (256 -1264 640 ) (256 -1264 896 ) (256 -1024 896 ) (256 -1024 640 ) 
4 149 153 (256 -1104 128 ) (256 -1200 128 ) (256 -1200 288 ) (256 -1104 288 ) 
4 149 152 (256 -1072 128 ) (256 -1104 128 ) (256 -1104 288 ) (256 -1072 288 ) 
4 150 228 (0 -1024 896 ) (0 -1024 640 ) (0 -1264 640 ) (0 -1264 896 ) 
4 150 175 (0 -1264 896 ) (0 -1264 640 ) (256 -1264 640 ) (256 -1264 896 ) 
4 151 229 (0 -1024 624 ) (0 -1024 384 ) (0 -1104 384 ) (0 -1104 624 ) 
4 151 157 (16 -1104 624 ) (0 -1104 624 ) (0 -1104 384 ) (16 -1104 384 ) 
4 151 154 (128 -1104 624 ) (16 -1104 624 ) (16 -1104 384 ) (128 -1104 384 ) 
4 151 153 (256 -1104 384 ) (256 -1104 624 ) (128 -1104 624 ) (128 -1104 384 ) 
4 152 230 (0 -1024 368 ) (0 -1024 128 ) (0 -1104 128 ) (0 -1104 368 ) 
4 152 157 (0 -1104 128 ) (16 -1104 128 ) (16 -1104 368 ) (0 -1104 368 ) 
4 152 155 (16 -1104 128 ) (128 -1104 128 ) (128 -1104 368 ) (16 -1104 368 ) 
4 152 153 (128 -1104 128 ) (256 -1104 128 ) (256 -1104 368 ) (128 -1104 368 ) 
4 153 154 (128 -1104 624 ) (128 -1104 384 ) (128 -1136 384 ) (128 -1136 624 ) 
4 153 155 (128 -1104 368 ) (128 -1104 128 ) (128 -1136 128 ) (128 -1136 368 ) 
4 153 156 (128 -1136 128 ) (128 -1264 128 ) (128 -1264 624 ) (128 -1136 624 ) 
4 154 158 (16 -1120 384 ) (16 -1133 384 ) (16 -1133 624 ) (16 -1120 624 ) 
4 154 157 (16 -1104 624 ) (16 -1104 384 ) (16 -1120 384 ) (16 -1120 624 ) 
4 154 156 (16 -1136 624 ) (16 -1136 384 ) (128 -1136 384 ) (128 -1136 624 ) 
4 155 158 (16 -1120 128 ) (16 -1133 128 ) (16 -1133 368 ) (16 -1120 368 ) 
4 155 157 (16 -1104 368 ) (16 -1104 128 ) (16 -1120 128 ) (16 -1120 368 ) 
4 155 156 (16 -1136 368 ) (16 -1136 128 ) (128 -1136 128 ) (128 -1136 368 ) 
4 156 160 (16 -1139 128 ) (16 -1152 128 ) (16 -1152 624 ) (16 -1139 624 ) 
4 156 168 (16 -1152 128 ) (16 -1264 128 ) (16 -1264 624 ) (16 -1152 624 ) 
4 157 231 (0 -1104 128 ) (0 -1120 128 ) (0 -1120 624 ) (0 -1104 624 ) 
4 157 165 (3 -1120 128 ) (8.333364 -1120 128 ) (8.333364 -1120 624 ) (3 -1120 624 ) 
4 157 159 (8.333364 -1120 128 ) (11.666696 -1120 128 ) (11.666696 -1120 624 ) (8.333364 -1120 624 ) 
4 157 158 (11.666696 -1120 128 ) (16 -1120 128 ) (16 -1120 624 ) (11.666696 -1120 624 ) 
4 158 159 (11.666016 -1120 624 ) (11.666016 -1120 128 ) (14.998473 -1129.997681 128 ) (14.998473 -1129.997681 624 ) 
4 159 166 (9.859803 -1122.286499 128 ) (13.007151 -1127.007080 128 ) (13.007128 -1127.007080 624 ) (9.859793 -1122.286499 624 ) 
4 159 165 (8.335280 -1120 624 ) (8.335285 -1120 128 ) (9.859803 -1122.286499 128 ) (9.859793 -1122.286499 624 ) 
4 160 161 (14.997693 -1142.003418 128 ) (11.665691 -1152 128 ) (11.665694 -1152 624 ) (14.997694 -1142.003418 624 ) 
4 160 168 (11.666663 -1152 128 ) (16 -1152 128 ) (16 -1152 624 ) (11.666663 -1152 624 ) 
4 161 162 (13 -1145 128 ) (8.333330 -1152 128 ) (8.333321 -1152 624 ) (13 -1145 624 ) 
4 161 168 (8.333342 -1152 128 ) (11.666663 -1152 128 ) (11.666663 -1152 624 ) (8.333342 -1152 624 ) 
4 162 163 (9 -1149 128 ) (6 -1152 128 ) (6 -1152 624 ) (9 -1149 624 ) 
4 162 168 (6 -1152 128 ) (8.333342 -1152 128 ) (8.333342 -1152 624 ) (6 -1152 624 ) 
4 163 164 (5.994714 -1151.001831 128 ) (4.497068 -1152 128 ) (4.497061 -1152 624 ) (5.994708 -1151.001831 624 ) 
4 163 168 (4.499970 -1152 128 ) (6 -1152 128 ) (6 -1152 624 ) (4.499970 -1152 624 ) 
4 164 168 (3 -1152 128 ) (4.499970 -1152 128 ) (4.499970 -1152 624 ) (3 -1152 624 ) 
4 165 167 (5.998223 -1120.998779 128 ) (7.499126 -1121.499146 128 ) (7.499116 -1121.499146 624 ) (5.998211 -1120.998779 624 ) 
4 165 166 (7.499126 -1121.499146 128 ) (9.858303 -1122.285522 128 ) (9.858295 -1122.285522 624 ) (7.499116 -1121.499146 624 ) 
4 166 167 (7.496094 -1121.496094 624 ) (7.496094 -1121.496094 128 ) (9 -1123 128 ) (9 -1123 624 ) 
4 168 242 (0 -1152 128 ) (0 -1264 128 ) (0 -1264 624 ) (0 -1152 624 ) 
4 169 177 (1024 -1280 435.764709 ) (1024 -1280 896 ) (784 -1280 896 ) (784 -1280 464 ) 
4 169 171 (784 -1264 896 ) (784 -1264 640 ) (784 -1280 640 ) (784 -1280 896 ) 
4 170 176 (920 -1280 248 ) (920 -1280 336 ) (872 -1280 336 ) (872 -1280 248 ) 
4 171 179 (784 -1280 640 ) (784 -1280 896 ) (768 -1280 896 ) (768 -1280 640 ) 
4 171 172 (768 -1264 896 ) (768 -1264 640 ) (768 -1280 640 ) (768 -1280 896 ) 
4 172 179 (768 -1280 640 ) (768 -1280 896 ) (536 -1280 896 ) (536 -1280 640 ) 
4 172 173 (536 -1264 896 ) (536 -1264 640 ) (536 -1280 640 ) (536 -1280 896 ) 
4 173 179 (536 -1280 640 ) (536 -1280 896 ) (488 -1280 896 ) (488 -1280 640 ) 
4 173 175 (488 -1264 896 ) (488 -1264 640 ) (488 -1280 640 ) (488 -1280 896 ) 
4 174 179 (536 -1280 248 ) (536 -1280 336 ) (488 -1280 336 ) (488 -1280 248 ) 
4 175 228 (0 -1264 896 ) (0 -1264 640 ) (0 -1280 640 ) (0 -1280 896 ) 
4 175 179 (488 -1280 640 ) (488 -1280 896 ) (0 -1280 896 ) (0 -1280 640 ) 
4 176 180 (1024 -1280 128 ) (1024 -1328 128 ) (784 -1328 128 ) (784 -1280 128 ) 
4 176 178 (784 -1328 448 ) (784 -1328 128 ) (1024 -1328 128 ) (1024 -1328 419.764709 ) 
4 176 179 (784 -1280 448 ) (784 -1280 128 ) (784 -1328 128 ) (784 -1328 448 ) 
4 177 179 (784 -1328 896 ) (784 -1280 896 ) (784 -1280 464 ) (784 -1328 464 ) 
4 177 178 (784 -1328 896 ) (784 -1328 464 ) (1024 -1328 435.764740 ) (1024 -1328 896 ) 
4 178 184 (1024 -2048 128 ) (1024 -2048 896 ) (784 -2048 896 ) (784 -2048 128 ) 
4 178 180 (1024 -1328 128 ) (1024 -2048 128 ) (784 -2048 128 ) (784 -1328 128 ) 
4 178 179 (784 -2048 896 ) (784 -1328 896 ) (784 -1328 128 ) (784 -2048 128 ) 
4 179 247 (0 -2048 128 ) (0 -2048 640 ) (0 -1280 640 ) (0 -1280 128 ) 
4 179 228 (0 -2048 640 ) (0 -2048 896 ) (0 -1280 896 ) (0 -1280 640 ) 
4 179 184 (784 -2048 896 ) (0 -2048 896 ) (0 -2048 128 ) (784 -2048 128 ) 
4 179 180 (784 -2048 128 ) (0 -2048 128 ) (0 -1280 128 ) (784 -1280 128 ) 
4 180 247 (0 -2048 112 ) (0 -2048 128 ) (0 -1280 128 ) (0 -1280 112 ) 
4 180 184 (1024 -2048 112 ) (1024 -2048 128 ) (0 -2048 128 ) (0 -2048 112 ) 
4 180 181 (1024 -2048 112 ) (0 -2048 112 ) (0 -1280 112 ) (1024 -1280 112 ) 
4 181 249 (0 -2048 -144 ) (0 -2048 112 ) (0 -1264 112 ) (0 -1264 -144 ) 
4 181 245 (0 -1264 112 ) (0 -1024 112 ) (0 -1024 -144 ) (0 -1264 -144 ) 
4 181 184 (1024 -2048 -144 ) (1024 -2048 112 ) (0 -2048 112 ) (0 -2048 -144 ) 
4 182 183 (2048 -2048 896 ) (2048 -2048 -144 ) (2048 -2339.129883 -144 ) (2048 -2339.129883 896 ) 
4 183 184 (1024 -2048 896 ) (1024 -2048 -144 ) (1024 -2339.129883 -144 ) (1024 -2339.129883 896 ) 
4 184 253 (0 -2339.129883 -144 ) (0 -2339.129883 896 ) (0 -2048 896 ) (0 -2048 -144 ) 
4 185 201 (-224 -304 640 ) (-256 -304 640 ) (-256 -256 640 ) (-224 -256 640 ) 
4 185 200 (-64 -304 640 ) (-224 -304 640 ) (-224 -256 640 ) (-64 -256 640 ) 
4 185 198 (0 -256 640 ) (0 -304 640 ) (-64 -304 640 ) (-64 -256 640 ) 
3 185 186 (-256 -256 640 ) (-256 -303.996094 640 ) (-256 -256 650.104431 ) 
3 186 227 (-1024 0 704 ) (-1024 0 640 ) (-1024 -304 640 ) 
4 186 202 (-1024 -304 640 ) (-1024 -224 640 ) (-256 -224 640 ) (-256 -304 640 ) 
4 186 196 (-1024 -224 640 ) (-1024 -64 640 ) (-256 -64 640 ) (-256 -224 640 ) 
4 186 195 (-1024 -64 640 ) (-1024 0 640 ) (-256 0 640 ) (-256 -64 640 ) 
4 186 189 (-1024 -304 640 ) (-304 -304 640 ) (-304 0 704 ) (-1024 0 704 ) 
4 187 188 (-304 -304 896 ) (-304 -304 656 ) (0 -304 656 ) (0 -304 896 ) 
4 187 189 (-304 -304 656 ) (-304 -304 896 ) (-304 0 896 ) (-304 0 720 ) 
4 188 228 (0 -1024 640 ) (0 -1024 896 ) (-304 -1024 896 ) (-304 -1024 640 ) 
4 188 204 (-256 -1024 640 ) (-304 -1024 640 ) (-304 -784 640 ) (-256 -784 640 ) 
4 188 201 (-256 -304 640 ) (-224 -304 640 ) (-224 -768 640 ) (-256 -768 640 ) 
4 188 200 (-224 -304 640 ) (-64 -304 640 ) (-64 -768 640 ) (-224 -768 640 ) 
4 188 202 (-304 -784 640 ) (-304 -304 640 ) (-256 -304 640 ) (-256 -784 640 ) 
4 188 198 (-64 -304 640 ) (0 -304 640 ) (0 -768 640 ) (-64 -768 640 ) 
4 188 189 (-304 -304 640 ) (-304 -1024 640 ) (-304 -1024 896 ) (-304 -304 896 ) 
4 189 228 (-304 -1024 896 ) (-1024 -1024 896 ) (-1024 -1024 640 ) (-304 -1024 640 ) 
5 189 227 (-1024 0 896 ) (-1024 0 704 ) (-1024 -304 640 ) (-1024 -1024 640 ) (-1024 -1024 896 ) 
4 189 204 (-304 -1024 640 ) (-1024 -1024 640 ) (-1024 -784 640 ) (-304 -784 640 ) 
4 189 202 (-1024 -784 640 ) (-1024 -304 640 ) (-304 -304 640 ) (-304 -784 640 ) 
4 190 197 (-64 -224 384 ) (0 -224 384 ) (0 -224 512 ) (-64 -224 512 ) 
4 190 191 (0 -64 384 ) (-224 -120 384 ) (-224 -120 640 ) (0 -64 640 ) 
3 191 205 (0 -64 384 ) (-128 -64 384 ) (-128 -32 384 ) 
4 191 194 (-224 -8 384 ) (-224 -64 384 ) (-224 -64 512 ) (-224 -8 512 ) 
4 191 192 (-32 -56 384 ) (-224 -8 384 ) (-224 -8 640 ) (-32 -56 640 ) 
4 192 206 (-128 0 384 ) (-88 0 384 ) (-32 -56 384 ) (-128 -32 384 ) 
4 192 194 (-224 0 384 ) (-224 -8 384 ) (-224 -8 512 ) (-224 0 512 ) 
4 192 193 (-56 -32 384 ) (-88 0 384 ) (-88 0 640 ) (-56 -32 640 ) 
3 193 207 (-88 0 384 ) (-64 0 384 ) (-56 -32 384 ) 
4 194 195 (-240 0 384 ) (-240 -64 384 ) (-240 -64 512 ) (-240 0 512 ) 
4 195 227 (-1024 0 640 ) (-1024 0 384 ) (-1024 -64 384 ) (-1024 -64 640 ) 
4 195 210 (-1024 -64 384 ) (-1024 0 384 ) (-240 0 384 ) (-240 -64 384 ) 
4 195 196 (-1024 -64 384 ) (-240 -64 384 ) (-240 -64 640 ) (-1024 -64 640 ) 
4 196 227 (-1024 -64 384 ) (-1024 -224 384 ) (-1024 -224 640 ) (-1024 -64 640 ) 
4 196 210 (-1024 -224 384 ) (-1024 -64 384 ) (-240 -64 384 ) (-240 -224 384 ) 
4 196 202 (-1024 -224 384 ) (-256 -224 384 ) (-256 -224 640 ) (-1024 -224 640 ) 
4 197 198 (-64 -240 512 ) (-64 -240 384 ) (0 -240 384 ) (0 -240 512 ) 
4 198 200 (-64 -240 384 ) (-64 -768 384 ) (-64 -768 640 ) (-64 -240 640 ) 
4 198 199 (-64 -768 544 ) (-64 -768 384 ) (0 -768 384 ) (0 -768 544 ) 
4 199 203 (-64 -784 384 ) (0 -784 384 ) (0 -784 544 ) (-64 -784 544 ) 
4 200 215 (-64 -240 384 ) (-64 -768 384 ) (-224 -768 384 ) (-224 -240 384 ) 
4 200 201 (-224 -256 384 ) (-224 -768 384 ) (-224 -768 640 ) (-224 -256 640 ) 
4 201 216 (-224 -256 384 ) (-224 -768 384 ) (-256 -768 384 ) (-256 -256 384 ) 
4 201 202 (-256 -256 384 ) (-256 -768 384 ) (-256 -768 640 ) (-256 -256 640 ) 
4 202 227 (-1024 -224 384 ) (-1024 -784 384 ) (-1024 -784 640 ) (-1024 -224 640 ) 
4 202 218 (-1024 -784 384 ) (-1024 -768 384 ) (-256 -768 384 ) (-256 -784 384 ) 
4 202 217 (-1024 -768 384 ) (-1024 -224 384 ) (-256 -224 384 ) (-256 -768 384 ) 
4 202 204 (-1024 -784 384 ) (-256 -784 384 ) (-256 -784 640 ) (-1024 -784 640 ) 
4 203 229 (0 -1024 384 ) (0 -1024 624 ) (-240 -1024 624 ) (-240 -1024 384 ) 
4 204 244 (-256 -1024 640 ) (-1024 -1024 640 ) (-1024 -1024 384 ) (-256 -1024 384 ) 
4 204 227 (-1024 -784 384 ) (-1024 -1024 384 ) (-1024 -1024 640 ) (-1024 -784 640 ) 
4 204 222 (-1024 -1024 384 ) (-1024 -784 384 ) (-256 -784 384 ) (-256 -1024 384 ) 
4 205 209 (-128 -64 128 ) (0 -64 128 ) (0 -64 368 ) (-128 -64 368 ) 
4 205 208 (-128 -32 128 ) (-128 -64 128 ) (-128 -64 368 ) (-128 -32 368 ) 
4 205 206 (-32 -56 128 ) (-128 -32 128 ) (-128 -32 384 ) (-32 -56 384 ) 
4 206 208 (-128 0 128 ) (-128 -32 128 ) (-128 -32 368 ) (-128 0 368 ) 
4 206 207 (-56 -32 128 ) (-88 0 128 ) (-88 0 384 ) (-56 -32 384 ) 
4 208 211 (-224 0 128 ) (-224 -64 128 ) (-224 -64 288 ) (-224 0 288 ) 
4 208 209 (-224 -64 368 ) (-224 -64 128 ) (-128 -64 128 ) (-128 -64 368 ) 
4 209 213 (-64 -224 128 ) (0 -224 128 ) (0 -224 288 ) (-64 -224 288 ) 
4 210 227 (-1024 0 384 ) (-1024 0 288 ) (-1024 -224 288 ) (-1024 -224 384 ) 
4 210 217 (-256 -224 384 ) (-1024 -224 384 ) (-1024 -224 288 ) (-256 -224 288 ) 
4 210 212 (-240 -224 288 ) (-1024 -224 288 ) (-1024 0 288 ) (-240 0 288 ) 
4 211 212 (-240 0 128 ) (-240 -64 128 ) (-240 -64 288 ) (-240 0 288 ) 
4 212 227 (-1024 0 288 ) (-1024 0 128 ) (-1024 -224 128 ) (-1024 -224 288 ) 
4 212 226 (-1024 -224 128 ) (-1024 0 128 ) (-256 0 128 ) (-256 -224 128 ) 
4 212 217 (-1024 -224 128 ) (-256 -224 128 ) (-256 -224 288 ) (-1024 -224 288 ) 
4 213 214 (-64 -240 128 ) (0 -240 128 ) (0 -240 288 ) (-64 -240 288 ) 
4 214 224 (0 -256 128 ) (0 -768 128 ) (-64 -768 128 ) (-64 -256 128 ) 
4 214 219 (-64 -768 128 ) (0 -768 128 ) (0 -768 288 ) (-64 -768 288 ) 
4 214 215 (-64 -240 368 ) (-64 -240 128 ) (-64 -768 128 ) (-64 -768 368 ) 
4 215 224 (-64 -768 128 ) (-224 -768 128 ) (-224 -256 128 ) (-64 -256 128 ) 
4 215 216 (-224 -256 128 ) (-224 -768 128 ) (-224 -768 384 ) (-224 -256 384 ) 
4 216 224 (-224 -256 128 ) (-224 -768 128 ) (-256 -768 128 ) (-256 -256 128 ) 
4 216 217 (-256 -256 128 ) (-256 -768 128 ) (-256 -768 384 ) (-256 -256 384 ) 
4 217 227 (-1024 -224 128 ) (-1024 -768 128 ) (-1024 -768 384 ) (-1024 -224 384 ) 
4 217 226 (-1024 -768 128 ) (-1024 -224 128 ) (-256 -224 128 ) (-256 -768 128 ) 
4 217 220 (-1024 -768 128 ) (-256 -768 128 ) (-256 -768 288 ) (-1024 -768 288 ) 
4 217 218 (-256 -768 288 ) (-256 -768 384 ) (-1024 -768 384 ) (-1024 -768 288 ) 
4 218 227 (-1024 -784 288 ) (-1024 -784 384 ) (-1024 -768 384 ) (-1024 -768 288 ) 
4 218 222 (-256 -784 384 ) (-1024 -784 384 ) (-1024 -784 288 ) (-256 -784 288 ) 
4 218 220 (-256 -784 288 ) (-1024 -784 288 ) (-1024 -768 288 ) (-256 -768 288 ) 
4 219 221 (-64 -784 128 ) (0 -784 128 ) (0 -784 288 ) (-64 -784 288 ) 
4 220 227 (-1024 -768 128 ) (-1024 -784 128 ) (-1024 -784 288 ) (-1024 -768 288 ) 
4 220 226 (-1024 -784 128 ) (-1024 -768 128 ) (-256 -768 128 ) (-256 -784 128 ) 
4 220 222 (-1024 -784 128 ) (-256 -784 128 ) (-256 -784 288 ) (-1024 -784 288 ) 
4 221 230 (0 -1024 128 ) (0 -1024 368 ) (-240 -1024 368 ) (-240 -1024 128 ) 
4 222 244 (-256 -1024 384 ) (-1024 -1024 384 ) (-1024 -1024 128 ) (-256 -1024 128 ) 
4 222 227 (-1024 -784 128 ) (-1024 -1024 128 ) (-1024 -1024 384 ) (-1024 -784 384 ) 
4 222 226 (-256 -1024 128 ) (-1024 -1024 128 ) (-1024 -784 128 ) (-256 -784 128 ) 
4 223 224 (-256 -256 48 ) (-256 -256 -144 ) (0 -256 -144 ) (0 -256 48 ) 
4 223 226 (-256 0 -144 ) (-256 -256 -144 ) (-256 -256 48 ) (-256 0 48 ) 
4 224 225 (-256 -768 112 ) (-256 -768 -144 ) (0 -768 -144 ) (0 -768 112 ) 
4 224 226 (-256 -256 -144 ) (-256 -768 -144 ) (-256 -768 128 ) (-256 -256 128 ) 
4 225 245 (0 -1024 -144 ) (0 -1024 112 ) (-256 -1024 112 ) (-256 -1024 -144 ) 
4 225 226 (-256 -768 -144 ) (-256 -1024 -144 ) (-256 -1024 112 ) (-256 -768 112 ) 
4 226 246 (-256 -1024 128 ) (-1024 -1024 128 ) (-1024 -1024 -144 ) (-256 -1024 -144 ) 
4 226 227 (-1024 0 128 ) (-1024 0 -144 ) (-1024 -1024 -144 ) (-1024 -1024 128 ) 
4 227 251 (-2048 0 896 ) (-2048 0 -144 ) (-2048 -1024 -144 ) (-2048 -1024 896 ) 
4 227 250 (-1024 -1024 -144 ) (-1024 -1024 896 ) (-2048 -1024 896 ) (-2048 -1024 -144 ) 
4 228 253 (0 -2048 640 ) (0 -2048 896 ) (-1024 -2048 896 ) (-1024 -2048 640 ) 
4 228 250 (-1024 -1024 896 ) (-1024 -1024 640 ) (-1024 -2048 640 ) (-1024 -2048 896 ) 
4 228 247 (0 -2048 640 ) (-256 -2048 640 ) (-256 -1280 640 ) (0 -1280 640 ) 
4 228 248 (-256 -2048 640 ) (-1024 -2048 640 ) (-1024 -1264 640 ) (-256 -1264 640 ) 
4 228 244 (-1024 -1264 640 ) (-1024 -1024 640 ) (-256 -1024 640 ) (-256 -1264 640 ) 
4 229 231 (0 -1104 624 ) (-240 -1104 624 ) (-240 -1104 384 ) (0 -1104 384 ) 
4 230 231 (-240 -1104 368 ) (-240 -1104 128 ) (0 -1104 128 ) (0 -1104 368 ) 
4 231 241 (-3 -1120 624 ) (-4.499982 -1120 624 ) (-4.499982 -1120 128 ) (-3 -1120 128 ) 
4 231 240 (-4.499982 -1120 624 ) (-6 -1120 624 ) (-6 -1120 128 ) (-4.499982 -1120 128 ) 
4 231 239 (-6 -1120 624 ) (-8.333364 -1120 624 ) (-8.333364 -1120 128 ) (-6 -1120 128 ) 
4 231 238 (-8.333364 -1120 624 ) (-11.666696 -1120 624 ) (-11.666696 -1120 128 ) (-8.333364 -1120 128 ) 
4 231 237 (-11.666696 -1120 624 ) (-16 -1120 624 ) (-16 -1120 128 ) (-11.666696 -1120 128 ) 
4 231 243 (-16 -1120 624 ) (-240 -1120 624 ) (-240 -1120 128 ) (-16 -1120 128 ) 
4 232 233 (-6.005782 -1150.996094 128 ) (-16 -1147.664673 128 ) (-16 -1147.664673 624 ) (-6.005771 -1150.996094 624 ) 
4 232 242 (-16 -1152 624 ) (-16 -1152 128 ) (-3 -1152 128 ) (-3 -1152 624 ) 
4 232 243 (-16 -1147.666626 128 ) (-16 -1152 128 ) (-16 -1152 624 ) (-16 -1147.666626 624 ) 
4 233 234 (-9.004009 -1148.995972 128 ) (-16 -1144.332031 128 ) (-16 -1144.332031 624 ) (-9.004009 -1148.995972 624 ) 
4 233 243 (-16 -1144.333252 128 ) (-16 -1147.666626 128 ) (-16 -1147.666626 624 ) (-16 -1144.333252 624 ) 
4 234 235 (-13 -1145 128 ) (-16 -1142 128 ) (-16 -1142 624 ) (-13 -1145 624 ) 
4 234 243 (-16 -1142 128 ) (-16 -1144.333252 128 ) (-16 -1144.333252 624 ) (-16 -1142 624 ) 
4 235 236 (-15 -1141.998657 128 ) (-16 -1140.499023 128 ) (-16 -1140.499023 624 ) (-15 -1141.998657 624 ) 
4 235 243 (-16 -1140.500000 128 ) (-16 -1142 128 ) (-16 -1142 624 ) (-16 -1140.500000 624 ) 
4 236 243 (-16 -1139 128 ) (-16 -1140.500000 128 ) (-16 -1140.500000 624 ) (-16 -1139 624 ) 
4 237 238 (-15.002581 -1130.003784 128 ) (-11.667969 -1120 128 ) (-11.667969 -1120 624 ) (-15.002581 -1130.003784 624 ) 
4 237 243 (-16 -1120 624 ) (-16 -1120 128 ) (-16 -1133 128 ) (-16 -1133 624 ) 
4 238 239 (-13.007189 -1127.007202 128 ) (-8.335288 -1120 128 ) (-8.335293 -1120 624 ) (-13.007211 -1127.007202 624 ) 
4 239 240 (-9 -1123 128 ) (-6 -1120 128 ) (-6 -1120 624 ) (-9 -1123 624 ) 
4 240 241 (-5.997308 -1121 128 ) (-4.499025 -1120 128 ) (-4.499033 -1120 624 ) (-5.997313 -1121 624 ) 
4 242 243 (-16 -1152 128 ) (-16 -1264 128 ) (-16 -1264 624 ) (-16 -1152 624 ) 
4 244 250 (-1024 -1024 640 ) (-1024 -1024 128 ) (-1024 -1264 128 ) (-1024 -1264 640 ) 
4 244 248 (-256 -1264 640 ) (-1024 -1264 640 ) (-1024 -1264 128 ) (-256 -1264 128 ) 
4 244 246 (-256 -1264 128 ) (-1024 -1264 128 ) (-1024 -1024 128 ) (-256 -1024 128 ) 
4 245 249 (-256 -1264 -144 ) (0 -1264 -144 ) (0 -1264 112 ) (-256 -1264 112 ) 
4 245 246 (-256 -1024 -144 ) (-256 -1264 -144 ) (-256 -1264 112 ) (-256 -1024 112 ) 
4 246 250 (-1024 -1024 128 ) (-1024 -1024 -144 ) (-1024 -1264 -144 ) (-1024 -1264 128 ) 
4 246 249 (-1024 -1264 112 ) (-1024 -1264 -144 ) (-256 -1264 -144 ) (-256 -1264 112 ) 
4 246 248 (-1024 -1264 128 ) (-1024 -1264 112 ) (-256 -1264 112 ) (-256 -1264 128 ) 
4 247 253 (0 -2048 112 ) (0 -2048 640 ) (-256 -2048 640 ) (-256 -2048 112 ) 
4 247 249 (0 -2048 112 ) (-256 -2048 112 ) (-256 -1280 112 ) (0 -1280 112 ) 
4 247 248 (-256 -1280 112 ) (-256 -2048 112 ) (-256 -2048 640 ) (-256 -1280 640 ) 
4 248 253 (-256 -2048 640 ) (-1024 -2048 640 ) (-1024 -2048 112 ) (-256 -2048 112 ) 
4 248 250 (-1024 -2048 112 ) (-1024 -2048 640 ) (-1024 -1264 640 ) (-1024 -1264 112 ) 
4 248 249 (-256 -2048 112 ) (-1024 -2048 112 ) (-1024 -1264 112 ) (-256 -1264 112 ) 
4 249 253 (0 -2048 -144 ) (0 -2048 112 ) (-1024 -2048 112 ) (-1024 -2048 -144 ) 
4 249 250 (-1024 -2048 -144 ) (-1024 -2048 112 ) (-1024 -1264 112 ) (-1024 -1264 -144 ) 
4 250 254 (-1024 -2048 -144 ) (-1024 -2048 896 ) (-2048 -2048 896 ) (-2048 -2048 -144 ) 
4 250 252 (-2048 -2048 -144 ) (-2048 -2048 896 ) (-2048 -1024 896 ) (-2048 -1024 -144 ) 
4 251 252 (-2048 -1024 -144 ) (-2048 -1024 896 ) (-2162.870117 -1024 896 ) (-2162.870117 -1024 -144 ) 
4 252 255 (-2048 -2048 -144 ) (-2048 -2048 896 ) (-2162.870117 -2048 896 ) (-2162.870117 -2048 -144 ) 
4 253 254 (-1024 -2048 896 ) (-1024 -2048 -144 ) (-1024 -2339.129883 -144 ) (-1024 -2339.129883 896 ) 
4 254 255 (-2048 -2048 896 ) (-2048 -2048 -144 ) (-2048 -2339.129883 -144 ) (-2048 -2339.129883 896 ) 
