


materialPath: C:\Program Files (x86)\Steam\steamapps\common\Team Fortress 2\tf\materials
Loading c:\users\liam\documents\tf2-maps\snowtown\a1\cp_snowtown_a1.vmf
Patching WVT material: maps/cp_snowtown_a1/nature/blendgroundtosnow001_wvt_patch
fixing up env_cubemap materials on brush sides...
0...1...2...3...4...5...6...7...8...9...100...1...2...3...4...5...6...7...8...9...10Processing areas...done (0)
Building Faces...done (0)
Chop Details...done (0)
Find Visible Detail Sides...
Merged 24 detail faces...done (0)
Merging details...done (0)
FixTjuncs...
PruneNodes...
WriteBSP...
done (1)
writing c:\users\liam\documents\tf2-maps\snowtown\a1\cp_snowtown_a1.prt...Building visibility clusters...
done (0)
*** Error: Skybox vtf files for skybox/sky_tf2_04 weren't compiled with the same size texture and/or same flags!
Can't load skybox file skybox/sky_tf2_04 to build the default cubemap!
*** Error: Skybox vtf files for skybox/sky_tf2_04 weren't compiled with the same size texture and/or same flags!
Can't load skybox file skybox/sky_tf2_04 to build the default cubemap!
Finding displacement neighbors...
Finding lightmap sample positions...
Displacement Alpha : 0...1...2...3...4...5...6...7...8...9...10
Building Physics collision data...
done (0) (32424 bytes)
Placing detail props : 0...1...2...3...4...5...6...7...8...9...10
Compacting texture/material tables...
Reduced 65 texinfos to 45
Reduced 8 texdatas to 7 (247 bytes to 189)
Writing c:\users\liam\documents\tf2-maps\snowtown\a1\cp_snowtown_a1.bsp
MSG_FILEWRITE - Filesystem was asked to write to 'c:\users\liam\documents\tf2-maps\snowtown\a1\cp_snowtown_a1.bsp', but we don't own that location. Allowing.
Wrote ZIP buffer, estimated size 577, actual size 497
4 seconds elapsed



4 threads
reading c:\users\liam\documents\tf2-maps\snowtown\a1\cp_snowtown_a1.bsp
reading c:\users\liam\documents\tf2-maps\snowtown\a1\cp_snowtown_a1.prt
 110 portalclusters
 260 numportals
0...1...2...3...4...5...6...7...8...9...10Optimized: 587 visible clusters (5.42%)
Total clusters visible: 10837
Average clusters visible: 98
Building PAS...
Average clusters audible: 110
visdatasize:3961  compressed from 3520
writing c:\users\liam\documents\tf2-maps\snowtown\a1\cp_snowtown_a1.bsp
MSG_FILEWRITE - Filesystem was asked to write to 'c:\users\liam\documents\tf2-maps\snowtown\a1\cp_snowtown_a1.bsp', but we don't own that location. Allowing.
0 seconds elapsed



[Reading texlights from 'lights.rad']
[56 texlights parsed from 'lights.rad']

Loading c:\users\liam\documents\tf2-maps\snowtown\a1\cp_snowtown_a1.bsp
510 faces
88047 square feet [12678776.00 square inches]
32 Displacements
14584 Square Feet [2100173.50 Square Inches]
510 patches before subdivision
5960 patches after subdivision
0 direct lights
0...1...2...3...4...5...6...7...8...9...100...1...2...3...4...5...6...7...8...9...10transfers 335764, max 256
transfer lists:   2.6 megs
0...1...2...3...4...5...6...7...8...9...10	Bounce #1 added RGB(0, 0, 0)
Build Patch/Sample Hash Table(s).....Done<0.0023 sec>
0...1...2...3...4...5...6...7...8...9...10FinalLightFace Done
0 of 0 (0% of) surface lights went in leaf ambient cubes.
0...1...2...3...4...5...6...7...8...9...10Writing leaf ambient...done
Ready to Finish

Object names       Objects/Maxobjs  Memory / Maxmem  Fullness 
------------       ---------------  ---------------  -------- 
models                   1/1024           48/49152    ( 0.1%) 
brushes                 92/8192         1104/98304    ( 1.1%) 
brushsides             728/65536        5824/524288   ( 1.1%) 
planes                 326/65536        6520/1310720  ( 0.5%) 
vertexes               560/65536        6720/786432   ( 0.9%) 
nodes                  229/65536        7328/2097152  ( 0.3%) 
texinfos                45/12288        3240/884736   ( 0.4%) 
texdata                  7/2048          224/65536    ( 0.3%) 
dispinfos               32/0            5632/0        ( 0.0%) 
disp_verts            2592/0           51840/0        ( 0.0%) 
disp_tris             4096/0            8192/0        ( 0.0%) 
disp_lmsamples       41472/0           41472/0        ( 0.0%) 
faces                  510/65536       28560/3670016  ( 0.8%) 
hdr faces                0/65536           0/3670016  ( 0.0%) 
origfaces              349/65536       19544/3670016  ( 0.5%) 
leaves                 231/65536        7392/2097152  ( 0.4%) 
leaffaces              554/65536        1108/131072   ( 0.8%) 
leafbrushes            160/65536         320/131072   ( 0.2%) 
areas                    2/256            16/2048     ( 0.8%) 
surfedges             3656/512000      14624/2048000  ( 0.7%) 
edges                 2117/256000       8468/1024000  ( 0.8%) 
LDR worldlights          0/8192            0/720896   ( 0.0%) 
HDR worldlights          0/8192            0/720896   ( 0.0%) 
leafwaterdata            0/32768           0/393216   ( 0.0%) 
waterstrips             41/32768         410/327680   ( 0.1%) 
waterverts               0/65536           0/786432   ( 0.0%) 
waterindices           654/65536        1308/131072   ( 1.0%) 
cubemapsamples           0/1024            0/16384    ( 0.0%) 
overlays                 0/512             0/180224   ( 0.0%) 
LDR lightdata         [variable]      252848/0        ( 0.0%) 
HDR lightdata         [variable]           0/0        ( 0.0%) 
visdata               [variable]        3961/16777216 ( 0.0%) 
entdata               [variable]         542/393216   ( 0.1%) 
LDR ambient table      231/65536         924/262144   ( 0.4%) 
HDR ambient table      231/65536         924/262144   ( 0.4%) 
LDR leaf ambient       110/65536        3080/1835008  ( 0.2%) 
HDR leaf ambient       231/65536        6468/1835008  ( 0.4%) 
occluders                0/0               0/0        ( 0.0%) 
occluder polygons        0/0               0/0        ( 0.0%) 
occluder vert ind        0/0               0/0        ( 0.0%) 
detail props          [variable]           1/12       ( 8.3%) 
static props          [variable]           1/444      ( 0.2%) 
pakfile               [variable]         497/0        ( 0.0%) 
physics               [variable]       32424/4194304  ( 0.8%) 
physics terrain       [variable]        3812/1048576  ( 0.4%) 

Level flags = 0

Total triangle count: 1286
Writing c:\users\liam\documents\tf2-maps\snowtown\a1\cp_snowtown_a1.bsp
5 seconds elapsed



materialPath: C:\Program Files (x86)\Steam\steamapps\common\Team Fortress 2\tf\materials
Loading c:\users\liam\documents\tf2-maps\snowtown\a1\cp_snowtown_a1.vmf
Patching WVT material: maps/cp_snowtown_a1/nature/blendgroundtosnow001_wvt_patch
fixing up env_cubemap materials on brush sides...
0...1...2...3...4...5...6...7...8...9...100...1...2...3...4...5...6...7...8...9...10Processing areas...done (0)
Building Faces...done (0)
Chop Details...done (0)
Find Visible Detail Sides...
Merged 24 detail faces...done (0)
Merging details...done (0)
FixTjuncs...
PruneNodes...
WriteBSP...
done (0)
writing c:\users\liam\documents\tf2-maps\snowtown\a1\cp_snowtown_a1.prt...Building visibility clusters...
done (0)
*** Error: Skybox vtf files for skybox/sky_well_01 weren't compiled with the same size texture and/or same flags!
Can't load skybox file skybox/sky_well_01 to build the default cubemap!
*** Error: Skybox vtf files for skybox/sky_well_01 weren't compiled with the same size texture and/or same flags!
Can't load skybox file skybox/sky_well_01 to build the default cubemap!
Finding displacement neighbors...
Finding lightmap sample positions...
Displacement Alpha : 0...1...2...3...4...5...6...7...8...9...10
Building Physics collision data...
done (0) (32424 bytes)
Placing detail props : 0...1...2...3...4...5...6...7...8...9...10
Compacting texture/material tables...
Reduced 65 texinfos to 45
Reduced 8 texdatas to 7 (247 bytes to 189)
Writing c:\users\liam\documents\tf2-maps\snowtown\a1\cp_snowtown_a1.bsp
MSG_FILEWRITE - Filesystem was asked to write to 'c:\users\liam\documents\tf2-maps\snowtown\a1\cp_snowtown_a1.bsp', but we don't own that location. Allowing.
Wrote ZIP buffer, estimated size 577, actual size 497
0 seconds elapsed



4 threads
reading c:\users\liam\documents\tf2-maps\snowtown\a1\cp_snowtown_a1.bsp
reading c:\users\liam\documents\tf2-maps\snowtown\a1\cp_snowtown_a1.prt
 110 portalclusters
 260 numportals
0...1...2...3...4...5...6...7...8...9...10Optimized: 587 visible clusters (5.42%)
Total clusters visible: 10837
Average clusters visible: 98
Building PAS...
Average clusters audible: 110
visdatasize:3961  compressed from 3520
writing c:\users\liam\documents\tf2-maps\snowtown\a1\cp_snowtown_a1.bsp
MSG_FILEWRITE - Filesystem was asked to write to 'c:\users\liam\documents\tf2-maps\snowtown\a1\cp_snowtown_a1.bsp', but we don't own that location. Allowing.
0 seconds elapsed



[Reading texlights from 'lights.rad']
[56 texlights parsed from 'lights.rad']

Loading c:\users\liam\documents\tf2-maps\snowtown\a1\cp_snowtown_a1.bsp
510 faces
88047 square feet [12678776.00 square inches]
32 Displacements
14584 Square Feet [2100173.50 Square Inches]
510 patches before subdivision
5960 patches after subdivision
2 direct lights
0...1...2...3...4...5...6...7...8...9...100...1...2...3...4...5...6...7...8...9...10transfers 335764, max 256
transfer lists:   2.6 megs
0...1...2...3...4...5...6...7...8...9...10	Bounce #1 added RGB(19270, 9935, 5138)
0...1...2...3...4...5...6...7...8...9...10	Bounce #2 added RGB(1926, 480, 113)
Build Patch/Sample Hash Table(s).....Done<0.0018 sec>
0...1...2...3...4...5...6...7...8...9...10FinalLightFace Done
0 of 0 (0% of) surface lights went in leaf ambient cubes.
0...1...2...3...4...5...6...7...8...9...10Writing leaf ambient...done
Ready to Finish

Object names       Objects/Maxobjs  Memory / Maxmem  Fullness 
------------       ---------------  ---------------  -------- 
models                   1/1024           48/49152    ( 0.1%) 
brushes                 92/8192         1104/98304    ( 1.1%) 
brushsides             728/65536        5824/524288   ( 1.1%) 
planes                 326/65536        6520/1310720  ( 0.5%) 
vertexes               560/65536        6720/786432   ( 0.9%) 
nodes                  229/65536        7328/2097152  ( 0.3%) 
texinfos                45/12288        3240/884736   ( 0.4%) 
texdata                  7/2048          224/65536    ( 0.3%) 
dispinfos               32/0            5632/0        ( 0.0%) 
disp_verts            2592/0           51840/0        ( 0.0%) 
disp_tris             4096/0            8192/0        ( 0.0%) 
disp_lmsamples       41472/0           41472/0        ( 0.0%) 
faces                  510/65536       28560/3670016  ( 0.8%) 
hdr faces                0/65536           0/3670016  ( 0.0%) 
origfaces              349/65536       19544/3670016  ( 0.5%) 
leaves                 231/65536        7392/2097152  ( 0.4%) 
leaffaces              554/65536        1108/131072   ( 0.8%) 
leafbrushes            160/65536         320/131072   ( 0.2%) 
areas                    2/256            16/2048     ( 0.8%) 
surfedges             3656/512000      14624/2048000  ( 0.7%) 
edges                 2117/256000       8468/1024000  ( 0.8%) 
LDR worldlights          2/8192          176/720896   ( 0.0%) 
HDR worldlights          0/8192            0/720896   ( 0.0%) 
leafwaterdata            0/32768           0/393216   ( 0.0%) 
waterstrips             41/32768         410/327680   ( 0.1%) 
waterverts               0/65536           0/786432   ( 0.0%) 
waterindices           654/65536        1308/131072   ( 1.0%) 
cubemapsamples           0/1024            0/16384    ( 0.0%) 
overlays                 0/512             0/180224   ( 0.0%) 
LDR lightdata         [variable]      252848/0        ( 0.0%) 
HDR lightdata         [variable]           0/0        ( 0.0%) 
visdata               [variable]        3961/16777216 ( 0.0%) 
entdata               [variable]         824/393216   ( 0.2%) 
LDR ambient table      231/65536         924/262144   ( 0.4%) 
HDR ambient table      231/65536         924/262144   ( 0.4%) 
LDR leaf ambient      1203/65536       33684/1835008  ( 1.8%) 
HDR leaf ambient       231/65536        6468/1835008  ( 0.4%) 
occluders                0/0               0/0        ( 0.0%) 
occluder polygons        0/0               0/0        ( 0.0%) 
occluder vert ind        0/0               0/0        ( 0.0%) 
detail props          [variable]           1/12       ( 8.3%) 
static props          [variable]           1/444      ( 0.2%) 
pakfile               [variable]         497/0        ( 0.0%) 
physics               [variable]       32424/4194304  ( 0.8%) 
physics terrain       [variable]        3812/1048576  ( 0.4%) 

Level flags = 0

Total triangle count: 1286
Writing c:\users\liam\documents\tf2-maps\snowtown\a1\cp_snowtown_a1.bsp
2 seconds elapsed



materialPath: C:\Program Files (x86)\Steam\steamapps\common\Team Fortress 2\tf\materials
Loading c:\users\liam\documents\tf2-maps\snowtown\a1\cp_snowtown_a1.vmf
Patching WVT material: maps/cp_snowtown_a1/nature/blendgroundtosnow001_wvt_patch
fixing up env_cubemap materials on brush sides...
0...1...2...3...4...5...6...7...8...9...100...1...2...3...4...5...6...7...8...9...10Processing areas...done (0)
Building Faces...done (0)
Chop Details...done (0)
Find Visible Detail Sides...
Merged 24 detail faces...done (0)
Merging details...done (0)
FixTjuncs...
PruneNodes...
WriteBSP...
done (0)
writing c:\users\liam\documents\tf2-maps\snowtown\a1\cp_snowtown_a1.prt...Building visibility clusters...
done (0)
*** Error: Skybox vtf files for skybox/sky_well_01 weren't compiled with the same size texture and/or same flags!
Can't load skybox file skybox/sky_well_01 to build the default cubemap!
*** Error: Skybox vtf files for skybox/sky_well_01 weren't compiled with the same size texture and/or same flags!
Can't load skybox file skybox/sky_well_01 to build the default cubemap!
Finding displacement neighbors...
Finding lightmap sample positions...
Displacement Alpha : 0...1...2...3...4...5...6...7...8...9...10
Building Physics collision data...
done (0) (32424 bytes)
Placing detail props : 0...1...2...3...4...5...6...7...8...9...10
Compacting texture/material tables...
Reduced 65 texinfos to 45
Reduced 8 texdatas to 7 (247 bytes to 189)
Writing c:\users\liam\documents\tf2-maps\snowtown\a1\cp_snowtown_a1.bsp
MSG_FILEWRITE - Filesystem was asked to write to 'c:\users\liam\documents\tf2-maps\snowtown\a1\cp_snowtown_a1.bsp', but we don't own that location. Allowing.
Wrote ZIP buffer, estimated size 577, actual size 497
0 seconds elapsed



4 threads
reading c:\users\liam\documents\tf2-maps\snowtown\a1\cp_snowtown_a1.bsp
reading c:\users\liam\documents\tf2-maps\snowtown\a1\cp_snowtown_a1.prt
 102 portalclusters
 234 numportals
0...1...2...3...4...5...6...7...8...9...10Optimized: 325 visible clusters (3.39%)
Total clusters visible: 9583
Average clusters visible: 93
Building PAS...
Average clusters audible: 102
visdatasize:3470  compressed from 3264
writing c:\users\liam\documents\tf2-maps\snowtown\a1\cp_snowtown_a1.bsp
MSG_FILEWRITE - Filesystem was asked to write to 'c:\users\liam\documents\tf2-maps\snowtown\a1\cp_snowtown_a1.bsp', but we don't own that location. Allowing.
0 seconds elapsed



[Reading texlights from 'lights.rad']
[56 texlights parsed from 'lights.rad']

Loading c:\users\liam\documents\tf2-maps\snowtown\a1\cp_snowtown_a1.bsp
502 faces
85316 square feet [12285560.00 square inches]
32 Displacements
14584 Square Feet [2100173.50 Square Inches]
502 patches before subdivision
5696 patches after subdivision
2 direct lights
0...1...2...3...4...5...6...7...8...9...100...1...2...3...4...5...6...7...8...9...10transfers 335162, max 256
transfer lists:   2.6 megs
0...1...2...3...4...5...6...7...8...9...10	Bounce #1 added RGB(19206, 9900, 5121)
0...1...2...3...4...5...6...7...8...9...10	Bounce #2 added RGB(1922, 479, 113)
Build Patch/Sample Hash Table(s).....Done<0.0018 sec>
0...1...2...3...4...5...6...7...8...9...10FinalLightFace Done
0 of 0 (0% of) surface lights went in leaf ambient cubes.
0...1...2...3...4...5...6...7...8...9...10Writing leaf ambient...done
Ready to Finish

Object names       Objects/Maxobjs  Memory / Maxmem  Fullness 
------------       ---------------  ---------------  -------- 
models                   1/1024           48/49152    ( 0.1%) 
brushes                 92/8192         1104/98304    ( 1.1%) 
brushsides             728/65536        5824/524288   ( 1.1%) 
planes                 326/65536        6520/1310720  ( 0.5%) 
vertexes               558/65536        6696/786432   ( 0.9%) 
nodes                  229/65536        7328/2097152  ( 0.3%) 
texinfos                45/12288        3240/884736   ( 0.4%) 
texdata                  7/2048          224/65536    ( 0.3%) 
dispinfos               32/0            5632/0        ( 0.0%) 
disp_verts            2592/0           51840/0        ( 0.0%) 
disp_tris             4096/0            8192/0        ( 0.0%) 
disp_lmsamples       41472/0           41472/0        ( 0.0%) 
faces                  502/65536       28112/3670016  ( 0.8%) 
hdr faces                0/65536           0/3670016  ( 0.0%) 
origfaces              349/65536       19544/3670016  ( 0.5%) 
leaves                 231/65536        7392/2097152  ( 0.4%) 
leaffaces              534/65536        1068/131072   ( 0.8%) 
leafbrushes            168/65536         336/131072   ( 0.3%) 
areas                    2/256            16/2048     ( 0.8%) 
surfedges             3628/512000      14512/2048000  ( 0.7%) 
edges                 2105/256000       8420/1024000  ( 0.8%) 
LDR worldlights          2/8192          176/720896   ( 0.0%) 
HDR worldlights          0/8192            0/720896   ( 0.0%) 
leafwaterdata            0/32768           0/393216   ( 0.0%) 
waterstrips             41/32768         410/327680   ( 0.1%) 
waterverts               0/65536           0/786432   ( 0.0%) 
waterindices           654/65536        1308/131072   ( 1.0%) 
cubemapsamples           0/1024            0/16384    ( 0.0%) 
overlays                 0/512             0/180224   ( 0.0%) 
LDR lightdata         [variable]      250272/0        ( 0.0%) 
HDR lightdata         [variable]           0/0        ( 0.0%) 
visdata               [variable]        3470/16777216 ( 0.0%) 
entdata               [variable]         823/393216   ( 0.2%) 
LDR ambient table      231/65536         924/262144   ( 0.4%) 
HDR ambient table      231/65536         924/262144   ( 0.4%) 
LDR leaf ambient      1136/65536       31808/1835008  ( 1.7%) 
HDR leaf ambient       231/65536        6468/1835008  ( 0.4%) 
occluders                0/0               0/0        ( 0.0%) 
occluder polygons        0/0               0/0        ( 0.0%) 
occluder vert ind        0/0               0/0        ( 0.0%) 
detail props          [variable]           1/12       ( 8.3%) 
static props          [variable]           1/444      ( 0.2%) 
pakfile               [variable]         497/0        ( 0.0%) 
physics               [variable]       32424/4194304  ( 0.8%) 
physics terrain       [variable]        3812/1048576  ( 0.4%) 

Level flags = 0

Total triangle count: 1274
Writing c:\users\liam\documents\tf2-maps\snowtown\a1\cp_snowtown_a1.bsp
2 seconds elapsed



materialPath: C:\Program Files (x86)\Steam\steamapps\common\Team Fortress 2\tf\materials
Loading c:\users\liam\documents\tf2-maps\snowtown\a1\cp_snowtown_a1.vmf
Patching WVT material: maps/cp_snowtown_a1/nature/blendgroundtosnow001_wvt_patch
fixing up env_cubemap materials on brush sides...
0...1...2...3...4...5...6...7...8...9...10**** leaked ****
Entity prop_static (-232.00 0.00 128.00) leaked!

FindPortalSide: Couldn't find a good match for which brush to assign to a portal near (1152.0 0.0 80.0)
Leaf 0 contents: CONTENTS_SOLID 
Leaf 1 contents: 
viscontents (node 0 contents ^ node 1 contents): CONTENTS_SOLID 
This means that none of the brushes in leaf 0 or 1 that touches the portal has CONTENTS_SOLID 
Check for a huge brush enclosing the coordinates above that has contents CONTENTS_SOLID 
Candidate brush IDs: 


FindPortalSide: Couldn't find a good match for which brush to assign to a portal near (1664.0 0.0 80.0)
Leaf 0 contents: CONTENTS_SOLID 
Leaf 1 contents: 
viscontents (node 0 contents ^ node 1 contents): CONTENTS_SOLID 
This means that none of the brushes in leaf 0 or 1 that touches the portal has CONTENTS_SOLID 
Check for a huge brush enclosing the coordinates above that has contents CONTENTS_SOLID 
Candidate brush IDs: 


FindPortalSide: Couldn't find a good match for which brush to assign to a portal near (1032.0 0.0 256.0)
Leaf 0 contents: CONTENTS_SOLID 
Leaf 1 contents: 
viscontents (node 0 contents ^ node 1 contents): CONTENTS_SOLID 
This means that none of the brushes in leaf 0 or 1 that touches the portal has CONTENTS_SOLID 
Check for a huge brush enclosing the coordinates above that has contents CONTENTS_SOLID 
Candidate brush IDs: 


FindPortalSide: Couldn't find a good match for which brush to assign to a portal near (1152.0 0.0 256.0)
Leaf 0 contents: CONTENTS_SOLID 
Leaf 1 contents: 
viscontents (node 0 contents ^ node 1 contents): CONTENTS_SOLID 
This means that none of the brushes in leaf 0 or 1 that touches the portal has CONTENTS_SOLID 
Check for a huge brush enclosing the coordinates above that has contents CONTENTS_SOLID 
Candidate brush IDs: 


FindPortalSide: Couldn't find a good match for which brush to assign to a portal near (1272.0 0.0 256.0)
Leaf 0 contents: CONTENTS_SOLID 
Leaf 1 contents: 
viscontents (node 0 contents ^ node 1 contents): CONTENTS_SOLID 
This means that none of the brushes in leaf 0 or 1 that touches the portal has CONTENTS_SOLID 
Check for a huge brush enclosing the coordinates above that has contents CONTENTS_SOLID 
Candidate brush IDs: 


FindPortalSide: Couldn't find a good match for which brush to assign to a portal near (1664.0 0.0 256.0)
Leaf 0 contents: CONTENTS_SOLID 
Leaf 1 contents: 
viscontents (node 0 contents ^ node 1 contents): CONTENTS_SOLID 
This means that none of the brushes in leaf 0 or 1 that touches the portal has CONTENTS_SOLID 
Check for a huge brush enclosing the coordinates above that has contents CONTENTS_SOLID 
Candidate brush IDs: 


FindPortalSide: Couldn't find a good match for which brush to assign to a portal near (1536.0 0.0 560.0)
Leaf 0 contents: CONTENTS_SOLID 
Leaf 1 contents: 
viscontents (node 0 contents ^ node 1 contents): CONTENTS_SOLID 
This means that none of the brushes in leaf 0 or 1 that touches the portal has CONTENTS_SOLID 
Check for a huge brush enclosing the coordinates above that has contents CONTENTS_SOLID 
Candidate brush IDs: 


FindPortalSide: Couldn't find a good match for which brush to assign to a portal near (1024.0 512.0 80.0)
Leaf 0 contents: CONTENTS_SOLID 
Leaf 1 contents: 
viscontents (node 0 contents ^ node 1 contents): CONTENTS_SOLID 
This means that none of the brushes in leaf 0 or 1 that touches the portal has CONTENTS_SOLID 
Check for a huge brush enclosing the coordinates above that has contents CONTENTS_SOLID 
Candidate brush IDs: 

*** Suppressing further FindPortalSide errors.... ***
Processing areas...done (0)
Building Faces...done (0)
Chop Details...done (0)
Find Visible Detail Sides...
Merged 48 detail faces...done (0)
Merging details...done (0)
FixTjuncs...
PruneNodes...
WriteBSP...
done (0)
*** Error: Skybox vtf files for skybox/sky_well_01 weren't compiled with the same size texture and/or same flags!
Can't load skybox file skybox/sky_well_01 to build the default cubemap!
*** Error: Skybox vtf files for skybox/sky_well_01 weren't compiled with the same size texture and/or same flags!
Can't load skybox file skybox/sky_well_01 to build the default cubemap!
Finding displacement neighbors...
Finding lightmap sample positions...
Displacement Alpha : 0...1...2...3...4...5...6...7...8...9...10
Building Physics collision data...
done (0) (50510 bytes)
Placing detail props : 0...1...2...3...4...5...6...7...8...9...10
Compacting texture/material tables...
Reduced 95 texinfos to 67
Reduced 8 texdatas to 7 (251 bytes to 193)
Writing c:\users\liam\documents\tf2-maps\snowtown\a1\cp_snowtown_a1.bsp
MSG_FILEWRITE - Filesystem was asked to write to 'c:\users\liam\documents\tf2-maps\snowtown\a1\cp_snowtown_a1.bsp', but we don't own that location. Allowing.
Wrote ZIP buffer, estimated size 577, actual size 497
1 second elapsed



4 threads
reading c:\users\liam\documents\tf2-maps\snowtown\a1\cp_snowtown_a1.bsp
reading c:\users\liam\documents\tf2-maps\snowtown\a1\cp_snowtown_a1.prt
LoadPortals: couldn't read c:\users\liam\documents\tf2-maps\snowtown\a1\cp_snowtown_a1.prt



[Reading texlights from 'lights.rad']
[56 texlights parsed from 'lights.rad']

Loading c:\users\liam\documents\tf2-maps\snowtown\a1\cp_snowtown_a1.bsp
No vis information, direct lighting only.
722 faces
45116 square feet [6496745.50 square inches]
32 Displacements
14669 Square Feet [2112369.25 Square Inches]
2 direct lights
0...1...2...3...4...5...6...7...8...9...10Build Patch/Sample Hash Table(s).....Done<0.0038 sec>
0...1...2...3...4...5...6...7...8...9...10FinalLightFace Done
0 of 0 (0% of) surface lights went in leaf ambient cubes.
0...1...2...3...4...5...6...7...8...9...10Writing leaf ambient...done
Ready to Finish

Object names       Objects/Maxobjs  Memory / Maxmem  Fullness 
------------       ---------------  ---------------  -------- 
models                   1/1024           48/49152    ( 0.1%) 
brushes                147/8192         1764/98304    ( 1.8%) 
brushsides            1235/65536        9880/524288   ( 1.9%) 
planes                 800/65536       16000/1310720  ( 1.2%) 
vertexes               729/65536        8748/786432   ( 1.1%) 
nodes                  281/65536        8992/2097152  ( 0.4%) 
texinfos                67/12288        4824/884736   ( 0.5%) 
texdata                  7/2048          224/65536    ( 0.3%) 
dispinfos               32/0            5632/0        ( 0.0%) 
disp_verts            2592/0           51840/0        ( 0.0%) 
disp_tris             4096/0            8192/0        ( 0.0%) 
disp_lmsamples       41472/0           41472/0        ( 0.0%) 
faces                  722/65536       40432/3670016  ( 1.1%) 
hdr faces                0/65536           0/3670016  ( 0.0%) 
origfaces              543/65536       30408/3670016  ( 0.8%) 
leaves                 283/65536        9056/2097152  ( 0.4%) 
leaffaces              795/65536        1590/131072   ( 1.2%) 
leafbrushes            220/65536         440/131072   ( 0.3%) 
areas                    2/256            16/2048     ( 0.8%) 
surfedges             5341/512000      21364/2048000  ( 1.0%) 
edges                 3041/256000      12164/1024000  ( 1.2%) 
LDR worldlights          2/8192          176/720896   ( 0.0%) 
HDR worldlights          0/8192            0/720896   ( 0.0%) 
leafwaterdata            0/32768           0/393216   ( 0.0%) 
waterstrips             51/32768         510/327680   ( 0.2%) 
waterverts               0/65536           0/786432   ( 0.0%) 
waterindices           879/65536        1758/131072   ( 1.3%) 
cubemapsamples           0/1024            0/16384    ( 0.0%) 
overlays                 0/512             0/180224   ( 0.0%) 
LDR lightdata         [variable]      324536/0        ( 0.0%) 
HDR lightdata         [variable]           0/0        ( 0.0%) 
visdata               [variable]           0/16777216 ( 0.0%) 
entdata               [variable]         825/393216   ( 0.2%) 
LDR ambient table      283/65536        1132/262144   ( 0.4%) 
HDR ambient table      283/65536        1132/262144   ( 0.4%) 
LDR leaf ambient      2042/65536       57176/1835008  ( 3.1%) 
HDR leaf ambient       283/65536        7924/1835008  ( 0.4%) 
occluders                0/0               0/0        ( 0.0%) 
occluder polygons        0/0               0/0        ( 0.0%) 
occluder vert ind        0/0               0/0        ( 0.0%) 
detail props          [variable]           1/12       ( 8.3%) 
static props          [variable]           1/444      ( 0.2%) 
pakfile               [variable]         497/0        ( 0.0%) 
physics               [variable]       50510/4194304  ( 1.2%) 
physics terrain       [variable]        8600/1048576  ( 0.8%) 

Level flags = 0

Total triangle count: 1807
Writing c:\users\liam\documents\tf2-maps\snowtown\a1\cp_snowtown_a1.bsp
3 seconds elapsed



materialPath: C:\Program Files (x86)\Steam\steamapps\common\Team Fortress 2\tf\materials
Loading c:\users\liam\documents\tf2-maps\snowtown\a1\cp_snowtown_a1.vmf
Patching WVT material: maps/cp_snowtown_a1/nature/blendgroundtosnow001_wvt_patch
fixing up env_cubemap materials on brush sides...
0...1...2...3...4...5...6...7...8...9...100...1...2...3...4...5...6...7...8...9...10Processing areas...done (0)
Building Faces...done (0)
Chop Details...done (0)
Find Visible Detail Sides...
Merged 48 detail faces...done (0)
Merging details...done (0)
FixTjuncs...
PruneNodes...
WriteBSP...
done (0)
writing c:\users\liam\documents\tf2-maps\snowtown\a1\cp_snowtown_a1.prt...Building visibility clusters...
done (0)
*** Error: Skybox vtf files for skybox/sky_well_01 weren't compiled with the same size texture and/or same flags!
Can't load skybox file skybox/sky_well_01 to build the default cubemap!
*** Error: Skybox vtf files for skybox/sky_well_01 weren't compiled with the same size texture and/or same flags!
Can't load skybox file skybox/sky_well_01 to build the default cubemap!
Finding displacement neighbors...
Finding lightmap sample positions...
Displacement Alpha : 0...1...2...3...4...5...6...7...8...9...10
Building Physics collision data...
done (0) (52627 bytes)
Placing detail props : 0...1...2...3...4...5...6...7...8...9...10
Compacting texture/material tables...
Reduced 101 texinfos to 68
Reduced 9 texdatas to 8 (269 bytes to 211)
Writing c:\users\liam\documents\tf2-maps\snowtown\a1\cp_snowtown_a1.bsp
MSG_FILEWRITE - Filesystem was asked to write to 'c:\users\liam\documents\tf2-maps\snowtown\a1\cp_snowtown_a1.bsp', but we don't own that location. Allowing.
Wrote ZIP buffer, estimated size 577, actual size 497
0 seconds elapsed



4 threads
reading c:\users\liam\documents\tf2-maps\snowtown\a1\cp_snowtown_a1.bsp
reading c:\users\liam\documents\tf2-maps\snowtown\a1\cp_snowtown_a1.prt
 191 portalclusters
 549 numportals
0...1...2...3...4...5...6...7...8...9...10Optimized: 479 visible clusters (1.37%)
Total clusters visible: 34974
Average clusters visible: 183
Building PAS...
Average clusters audible: 191
visdatasize:10702  compressed from 9168
writing c:\users\liam\documents\tf2-maps\snowtown\a1\cp_snowtown_a1.bsp
MSG_FILEWRITE - Filesystem was asked to write to 'c:\users\liam\documents\tf2-maps\snowtown\a1\cp_snowtown_a1.bsp', but we don't own that location. Allowing.
0 seconds elapsed



[Reading texlights from 'lights.rad']
[56 texlights parsed from 'lights.rad']

Loading c:\users\liam\documents\tf2-maps\snowtown\a1\cp_snowtown_a1.bsp
807 faces
585934 square feet [84374496.00 square inches]
32 Displacements
14669 Square Feet [2112369.25 Square Inches]
807 patches before subdivision
10767 patches after subdivision
2 direct lights
0...1...2...3...4...5...6...7...8...9...100...1...2...3...4...5...6...7...8...9...10transfers 492582, max 259
transfer lists:   3.8 megs
0...1...2...3...4...5...6...7...8...9...10	Bounce #1 added RGB(30138, 14163, 6597)
0...1...2...3...4...5...6...7...8...9...10	Bounce #2 added RGB(2937, 674, 134)
Build Patch/Sample Hash Table(s).....Done<0.0047 sec>
0...1...2...3...4...5...6...7...8...9...10FinalLightFace Done
0 of 0 (0% of) surface lights went in leaf ambient cubes.
0...1...2...3...4...5...6...7...8...9...10Writing leaf ambient...done
Ready to Finish

Object names       Objects/Maxobjs  Memory / Maxmem  Fullness 
------------       ---------------  ---------------  -------- 
models                   1/1024           48/49152    ( 0.1%) 
brushes                153/8192         1836/98304    ( 1.9%) 
brushsides            1271/65536       10168/524288   ( 1.9%) 
planes                 836/65536       16720/1310720  ( 1.3%) 
vertexes               834/65536       10008/786432   ( 1.3%) 
nodes                  388/65536       12416/2097152  ( 0.6%) 
texinfos                68/12288        4896/884736   ( 0.6%) 
texdata                  8/2048          256/65536    ( 0.4%) 
dispinfos               32/0            5632/0        ( 0.0%) 
disp_verts            2592/0           51840/0        ( 0.0%) 
disp_tris             4096/0            8192/0        ( 0.0%) 
disp_lmsamples       41472/0           41472/0        ( 0.0%) 
faces                  807/65536       45192/3670016  ( 1.2%) 
hdr faces                0/65536           0/3670016  ( 0.0%) 
origfaces              549/65536       30744/3670016  ( 0.8%) 
leaves                 390/65536       12480/2097152  ( 0.6%) 
leaffaces              891/65536        1782/131072   ( 1.4%) 
leafbrushes            313/65536         626/131072   ( 0.5%) 
areas                    2/256            16/2048     ( 0.8%) 
surfedges             5709/512000      22836/2048000  ( 1.1%) 
edges                 3237/256000      12948/1024000  ( 1.3%) 
LDR worldlights          2/8192          176/720896   ( 0.0%) 
HDR worldlights          0/8192            0/720896   ( 0.0%) 
leafwaterdata            0/32768           0/393216   ( 0.0%) 
waterstrips             52/32768         520/327680   ( 0.2%) 
waterverts               0/65536           0/786432   ( 0.0%) 
waterindices           915/65536        1830/131072   ( 1.4%) 
cubemapsamples           0/1024            0/16384    ( 0.0%) 
overlays                 0/512             0/180224   ( 0.0%) 
LDR lightdata         [variable]      324252/0        ( 0.0%) 
HDR lightdata         [variable]           0/0        ( 0.0%) 
visdata               [variable]       10702/16777216 ( 0.1%) 
entdata               [variable]         825/393216   ( 0.2%) 
LDR ambient table      390/65536        1560/262144   ( 0.6%) 
HDR ambient table      390/65536        1560/262144   ( 0.6%) 
LDR leaf ambient      2009/65536       56252/1835008  ( 3.1%) 
HDR leaf ambient       390/65536       10920/1835008  ( 0.6%) 
occluders                0/0               0/0        ( 0.0%) 
occluder polygons        0/0               0/0        ( 0.0%) 
occluder vert ind        0/0               0/0        ( 0.0%) 
detail props          [variable]           1/12       ( 8.3%) 
static props          [variable]           1/444      ( 0.2%) 
pakfile               [variable]         497/0        ( 0.0%) 
physics               [variable]       52627/4194304  ( 1.3%) 
physics terrain       [variable]        8600/1048576  ( 0.8%) 

Level flags = 0

Total triangle count: 1981
Writing c:\users\liam\documents\tf2-maps\snowtown\a1\cp_snowtown_a1.bsp
4 seconds elapsed



materialPath: C:\Program Files (x86)\Steam\steamapps\common\Team Fortress 2\tf\materials
Loading c:\users\liam\documents\tf2-maps\snowtown\a1\cp_snowtown_a1.vmf
Patching WVT material: maps/cp_snowtown_a1/nature/blendgroundtosnow001_wvt_patch
fixing up env_cubemap materials on brush sides...
0...1...2...3...4...5...6...7...8...9...100...1...2...3...4...5...6...7...8...9...10Processing areas...done (0)
Building Faces...done (0)
Chop Details...done (0)
Find Visible Detail Sides...
Merged 124 detail faces...done (0)
Merging details...done (0)
FixTjuncs...
PruneNodes...
WriteBSP...
done (0)
writing c:\users\liam\documents\tf2-maps\snowtown\a1\cp_snowtown_a1.prt...Building visibility clusters...
done (0)
*** Error: Skybox vtf files for skybox/sky_well_01 weren't compiled with the same size texture and/or same flags!
Can't load skybox file skybox/sky_well_01 to build the default cubemap!
*** Error: Skybox vtf files for skybox/sky_well_01 weren't compiled with the same size texture and/or same flags!
Can't load skybox file skybox/sky_well_01 to build the default cubemap!
Finding displacement neighbors...
Finding lightmap sample positions...
Displacement Alpha : 0...1...2...3...4...5...6...7...8...9...10
Building Physics collision data...
done (0) (103747 bytes)
Placing detail props : 0...1...2...3...4...5...6...7...8...9...10
Compacting texture/material tables...
Reduced 112 texinfos to 79
Reduced 9 texdatas to 8 (269 bytes to 211)
Writing c:\users\liam\documents\tf2-maps\snowtown\a1\cp_snowtown_a1.bsp
MSG_FILEWRITE - Filesystem was asked to write to 'c:\users\liam\documents\tf2-maps\snowtown\a1\cp_snowtown_a1.bsp', but we don't own that location. Allowing.
Wrote ZIP buffer, estimated size 577, actual size 497
0 seconds elapsed



4 threads
reading c:\users\liam\documents\tf2-maps\snowtown\a1\cp_snowtown_a1.bsp
reading c:\users\liam\documents\tf2-maps\snowtown\a1\cp_snowtown_a1.prt
 207 portalclusters
 608 numportals
0...1...2...3...4...5...6...7...8...9...10Optimized: 1194 visible clusters (3.03%)
Total clusters visible: 39437
Average clusters visible: 190
Building PAS...
Average clusters audible: 207
visdatasize:12415  compressed from 13248
writing c:\users\liam\documents\tf2-maps\snowtown\a1\cp_snowtown_a1.bsp
MSG_FILEWRITE - Filesystem was asked to write to 'c:\users\liam\documents\tf2-maps\snowtown\a1\cp_snowtown_a1.bsp', but we don't own that location. Allowing.
0 seconds elapsed



[Reading texlights from 'lights.rad']
[56 texlights parsed from 'lights.rad']

Loading c:\users\liam\documents\tf2-maps\snowtown\a1\cp_snowtown_a1.bsp
1414 faces
442146 square feet [63669076.00 square inches]
32 Displacements
14669 Square Feet [2112369.25 Square Inches]
1414 patches before subdivision
14928 patches after subdivision
2 direct lights
0...1...2...3...4...5...6...7...8...9...100...1...2...3...4...5...6...7...8...9...10transfers 722425, max 349
transfer lists:   5.5 megs
0...1...2...3...4...5...6...7...8...9...10	Bounce #1 added RGB(46852, 20840, 8945)
0...1...2...3...4...5...6...7...8...9...10	Bounce #2 added RGB(5838, 1231, 199)
Build Patch/Sample Hash Table(s).....Done<0.0040 sec>
0...1...2...3...4...5...6...7...8...9...10FinalLightFace Done
0 of 0 (0% of) surface lights went in leaf ambient cubes.
0...1...2...3...4...5...6...7...8...9...10Writing leaf ambient...done
Ready to Finish

Object names       Objects/Maxobjs  Memory / Maxmem  Fullness 
------------       ---------------  ---------------  -------- 
models                   1/1024           48/49152    ( 0.1%) 
brushes                287/8192         3444/98304    ( 3.5%) 
brushsides            2774/65536       22192/524288   ( 4.2%) 
planes                2100/65536       42000/1310720  ( 3.2%) 
vertexes              1452/65536       17424/786432   ( 2.2%) 
nodes                  401/65536       12832/2097152  ( 0.6%) 
texinfos                79/12288        5688/884736   ( 0.6%) 
texdata                  8/2048          256/65536    ( 0.4%) 
dispinfos               32/0            5632/0        ( 0.0%) 
disp_verts            2592/0           51840/0        ( 0.0%) 
disp_tris             4096/0            8192/0        ( 0.0%) 
disp_lmsamples       41472/0           41472/0        ( 0.0%) 
faces                 1414/65536       79184/3670016  ( 2.2%) 
hdr faces                0/65536           0/3670016  ( 0.0%) 
origfaces             1129/65536       63224/3670016  ( 1.7%) 
leaves                 403/65536       12896/2097152  ( 0.6%) 
leaffaces             1873/65536        3746/131072   ( 2.9%) 
leafbrushes            520/65536        1040/131072   ( 0.8%) 
areas                    2/256            16/2048     ( 0.8%) 
surfedges            10960/512000      43840/2048000  ( 2.1%) 
edges                 6126/256000      24504/1024000  ( 2.4%) 
LDR worldlights          2/8192          176/720896   ( 0.0%) 
HDR worldlights          0/8192            0/720896   ( 0.0%) 
leafwaterdata            0/32768           0/393216   ( 0.0%) 
waterstrips            136/32768        1360/327680   ( 0.4%) 
waterverts               0/65536           0/786432   ( 0.0%) 
waterindices          2607/65536        5214/131072   ( 4.0%) 
cubemapsamples           0/1024            0/16384    ( 0.0%) 
overlays                 0/512             0/180224   ( 0.0%) 
LDR lightdata         [variable]      404452/0        ( 0.0%) 
HDR lightdata         [variable]           0/0        ( 0.0%) 
visdata               [variable]       12415/16777216 ( 0.1%) 
entdata               [variable]         825/393216   ( 0.2%) 
LDR ambient table      403/65536        1612/262144   ( 0.6%) 
HDR ambient table      403/65536        1612/262144   ( 0.6%) 
LDR leaf ambient      2061/65536       57708/1835008  ( 3.1%) 
HDR leaf ambient       403/65536       11284/1835008  ( 0.6%) 
occluders                0/0               0/0        ( 0.0%) 
occluder polygons        0/0               0/0        ( 0.0%) 
occluder vert ind        0/0               0/0        ( 0.0%) 
detail props          [variable]           1/12       ( 8.3%) 
static props          [variable]           1/666      ( 0.2%) 
pakfile               [variable]         497/0        ( 0.0%) 
physics               [variable]      103747/4194304  ( 2.5%) 
physics terrain       [variable]        8600/1048576  ( 0.8%) 

Level flags = 0

Total triangle count: 3694
Writing c:\users\liam\documents\tf2-maps\snowtown\a1\cp_snowtown_a1.bsp
5 seconds elapsed



materialPath: C:\Program Files (x86)\Steam\steamapps\common\Team Fortress 2\tf\materials
Loading c:\users\liam\documents\tf2-maps\snowtown\a1\cp_snowtown_a1.vmf
Patching WVT material: maps/cp_snowtown_a1/nature/blendgroundtosnow001_wvt_patch
fixing up env_cubemap materials on brush sides...
0...1...2...3...4...5...6...7...8...9...100...1...2...3...4...5...6...7...8...9...10Processing areas...done (0)
Building Faces...done (0)
Chop Details...done (0)
Find Visible Detail Sides...
Merged 48 detail faces...done (0)
Merging details...done (0)
FixTjuncs...
PruneNodes...
WriteBSP...
done (0)
writing c:\users\liam\documents\tf2-maps\snowtown\a1\cp_snowtown_a1.prt...Building visibility clusters...
done (0)
*** Error: Skybox vtf files for skybox/sky_well_01 weren't compiled with the same size texture and/or same flags!
Can't load skybox file skybox/sky_well_01 to build the default cubemap!
*** Error: Skybox vtf files for skybox/sky_well_01 weren't compiled with the same size texture and/or same flags!
Can't load skybox file skybox/sky_well_01 to build the default cubemap!
Finding displacement neighbors...
Finding lightmap sample positions...
Displacement Alpha : 0...1...2...3...4...5...6...7...8...9...10
Building Physics collision data...
done (0) (75131 bytes)
Placing detail props : 0...1...2...3...4...5...6...7...8...9...10
Compacting texture/material tables...
Reduced 120 texinfos to 82
Reduced 12 texdatas to 10 (323 bytes to 243)
Writing c:\users\liam\documents\tf2-maps\snowtown\a1\cp_snowtown_a1.bsp
MSG_FILEWRITE - Filesystem was asked to write to 'c:\users\liam\documents\tf2-maps\snowtown\a1\cp_snowtown_a1.bsp', but we don't own that location. Allowing.
Wrote ZIP buffer, estimated size 577, actual size 497
0 seconds elapsed



4 threads
reading c:\users\liam\documents\tf2-maps\snowtown\a1\cp_snowtown_a1.bsp
reading c:\users\liam\documents\tf2-maps\snowtown\a1\cp_snowtown_a1.prt
 235 portalclusters
 627 numportals
0...1...2...3...4...5...6...7...8...9...10Optimized: 1862 visible clusters (3.85%)
Total clusters visible: 48423
Average clusters visible: 206
Building PAS...
Average clusters audible: 235
visdatasize:15937  compressed from 15040
writing c:\users\liam\documents\tf2-maps\snowtown\a1\cp_snowtown_a1.bsp
MSG_FILEWRITE - Filesystem was asked to write to 'c:\users\liam\documents\tf2-maps\snowtown\a1\cp_snowtown_a1.bsp', but we don't own that location. Allowing.
0 seconds elapsed



[Reading texlights from 'lights.rad']
[56 texlights parsed from 'lights.rad']

Loading c:\users\liam\documents\tf2-maps\snowtown\a1\cp_snowtown_a1.bsp
1145 faces
461667 square feet [66480148.00 square inches]
32 Displacements
14669 Square Feet [2112369.25 Square Inches]
1145 patches before subdivision
16325 patches after subdivision
4 direct lights
0...1...2...3...4...5...6...7...8...9...100...1...2...3...4...5...6...7...8...9...10transfers 804991, max 277
transfer lists:   6.1 megs
0...1...2...3...4...5...6...7...8...9...10	Bounce #1 added RGB(46477, 20170, 8240)
0...1...2...3...4...5...6...7...8...9...10	Bounce #2 added RGB(6551, 1350, 204)
Build Patch/Sample Hash Table(s).....Done<0.0047 sec>
0...1...2...3...4...5...6...7...8...9...10FinalLightFace Done
0 of 0 (0% of) surface lights went in leaf ambient cubes.
0...1...2...3...4...5...6...7...8...9...10Writing leaf ambient...done
Ready to Finish

Object names       Objects/Maxobjs  Memory / Maxmem  Fullness 
------------       ---------------  ---------------  -------- 
models                   1/1024           48/49152    ( 0.1%) 
brushes                208/8192         2496/98304    ( 2.5%) 
brushsides            1753/65536       14024/524288   ( 2.7%) 
planes                1212/65536       24240/1310720  ( 1.8%) 
vertexes              1408/65536       16896/786432   ( 2.1%) 
nodes                  456/65536       14592/2097152  ( 0.7%) 
texinfos                82/12288        5904/884736   ( 0.7%) 
texdata                 10/2048          320/65536    ( 0.5%) 
dispinfos               32/0            5632/0        ( 0.0%) 
disp_verts            2592/0           51840/0        ( 0.0%) 
disp_tris             4096/0            8192/0        ( 0.0%) 
disp_lmsamples       41472/0           41472/0        ( 0.0%) 
faces                 1145/65536       64120/3670016  ( 1.7%) 
hdr faces                0/65536           0/3670016  ( 0.0%) 
origfaces              782/65536       43792/3670016  ( 1.2%) 
leaves                 458/65536       14656/2097152  ( 0.7%) 
leaffaces             1575/65536        3150/131072   ( 2.4%) 
leafbrushes            465/65536         930/131072   ( 0.7%) 
areas                    2/256            16/2048     ( 0.8%) 
surfedges             8498/512000      33992/2048000  ( 1.7%) 
edges                 4853/256000      19412/1024000  ( 1.9%) 
LDR worldlights          4/8192          352/720896   ( 0.0%) 
HDR worldlights          0/8192            0/720896   ( 0.0%) 
leafwaterdata            0/32768           0/393216   ( 0.0%) 
waterstrips            133/32768        1330/327680   ( 0.4%) 
waterverts               0/65536           0/786432   ( 0.0%) 
waterindices          2445/65536        4890/131072   ( 3.7%) 
cubemapsamples           0/1024            0/16384    ( 0.0%) 
overlays                 2/512           704/180224   ( 0.4%) 
LDR lightdata         [variable]      439248/0        ( 0.0%) 
HDR lightdata         [variable]           0/0        ( 0.0%) 
visdata               [variable]       15937/16777216 ( 0.1%) 
entdata               [variable]        2465/393216   ( 0.6%) 
LDR ambient table      458/65536        1832/262144   ( 0.7%) 
HDR ambient table      458/65536        1832/262144   ( 0.7%) 
LDR leaf ambient      2395/65536       67060/1835008  ( 3.7%) 
HDR leaf ambient       458/65536       12824/1835008  ( 0.7%) 
occluders                0/0               0/0        ( 0.0%) 
occluder polygons        0/0               0/0        ( 0.0%) 
occluder vert ind        0/0               0/0        ( 0.0%) 
detail props          [variable]           1/12       ( 8.3%) 
static props          [variable]           1/1522     ( 0.1%) 
pakfile               [variable]         497/0        ( 0.0%) 
physics               [variable]       75131/4194304  ( 1.8%) 
physics terrain       [variable]        8600/1048576  ( 0.8%) 

Level flags = 0

Total triangle count: 3150
Writing c:\users\liam\documents\tf2-maps\snowtown\a1\cp_snowtown_a1.bsp
5 seconds elapsed



materialPath: C:\Program Files (x86)\Steam\steamapps\common\Team Fortress 2\tf\materials
Loading c:\users\liam\documents\tf2-maps\snowtown\a1\cp_snowtown_a1.vmf
Patching WVT material: maps/cp_snowtown_a1/nature/blendgroundtosnow001_wvt_patch
fixing up env_cubemap materials on brush sides...
0...1...2...3...4...5...6...7...8...9...100...1...2...3...4...5...6...7...8...9...10Processing areas...done (0)
Building Faces...done (0)
Chop Details...done (0)
Find Visible Detail Sides...
Merged 48 detail faces...done (0)
Merging details...done (0)
FixTjuncs...
PruneNodes...
WriteBSP...
done (0)
writing c:\users\liam\documents\tf2-maps\snowtown\a1\cp_snowtown_a1.prt...Building visibility clusters...
done (0)
*** Error: Skybox vtf files for skybox/sky_well_01 weren't compiled with the same size texture and/or same flags!
Can't load skybox file skybox/sky_well_01 to build the default cubemap!
*** Error: Skybox vtf files for skybox/sky_well_01 weren't compiled with the same size texture and/or same flags!
Can't load skybox file skybox/sky_well_01 to build the default cubemap!
Finding displacement neighbors...
Finding lightmap sample positions...
Displacement Alpha : 0...1...2...3...4...5...6...7...8...9...10
Building Physics collision data...
done (0) (76625 bytes)
Placing detail props : 0...1...2...3...4...5...6...7...8...9...10
Compacting texture/material tables...
Reduced 126 texinfos to 88
Reduced 13 texdatas to 11 (342 bytes to 262)
Writing c:\users\liam\documents\tf2-maps\snowtown\a1\cp_snowtown_a1.bsp
MSG_FILEWRITE - Filesystem was asked to write to 'c:\users\liam\documents\tf2-maps\snowtown\a1\cp_snowtown_a1.bsp', but we don't own that location. Allowing.
Wrote ZIP buffer, estimated size 577, actual size 497
0 seconds elapsed



4 threads
reading c:\users\liam\documents\tf2-maps\snowtown\a1\cp_snowtown_a1.bsp
reading c:\users\liam\documents\tf2-maps\snowtown\a1\cp_snowtown_a1.prt
 244 portalclusters
 652 numportals
0...1...2...3...4...5...6...7...8...9...10Optimized: 1946 visible clusters (3.83%)
Total clusters visible: 50850
Average clusters visible: 208
Building PAS...
Average clusters audible: 244
visdatasize:16983  compressed from 15616
writing c:\users\liam\documents\tf2-maps\snowtown\a1\cp_snowtown_a1.bsp
MSG_FILEWRITE - Filesystem was asked to write to 'c:\users\liam\documents\tf2-maps\snowtown\a1\cp_snowtown_a1.bsp', but we don't own that location. Allowing.
0 seconds elapsed



[Reading texlights from 'lights.rad']
[56 texlights parsed from 'lights.rad']

Loading c:\users\liam\documents\tf2-maps\snowtown\a1\cp_snowtown_a1.bsp
1172 faces
461753 square feet [66492436.00 square inches]
32 Displacements
14669 Square Feet [2112369.25 Square Inches]
1172 patches before subdivision
16182 patches after subdivision
8 direct lights
0...1...2...3...4...5...6...7...8...9...100...1...2...3...4...5...6...7...8...9...10transfers 808660, max 277
transfer lists:   6.2 megs
0...1...2...3...4...5...6...7...8...9...10	Bounce #1 added RGB(46514, 20184, 8242)
0...1...2...3...4...5...6...7...8...9...10	Bounce #2 added RGB(6549, 1349, 204)
Build Patch/Sample Hash Table(s).....Done<0.0074 sec>
0...1...2...3...4...5...6...7...8...9...10FinalLightFace Done
0 of 0 (0% of) surface lights went in leaf ambient cubes.
0...1...2...3...4...5...6...7...8...9...10Writing leaf ambient...done
Ready to Finish

Object names       Objects/Maxobjs  Memory / Maxmem  Fullness 
------------       ---------------  ---------------  -------- 
models                   3/1024          144/49152    ( 0.3%) 
brushes                211/8192         2532/98304    ( 2.6%) 
brushsides            1771/65536       14168/524288   ( 2.7%) 
planes                1236/65536       24720/1310720  ( 1.9%) 
vertexes              1445/65536       17340/786432   ( 2.2%) 
nodes                  482/65536       15424/2097152  ( 0.7%) 
texinfos                88/12288        6336/884736   ( 0.7%) 
texdata                 11/2048          352/65536    ( 0.5%) 
dispinfos               32/0            5632/0        ( 0.0%) 
disp_verts            2592/0           51840/0        ( 0.0%) 
disp_tris             4096/0            8192/0        ( 0.0%) 
disp_lmsamples       41472/0           41472/0        ( 0.0%) 
faces                 1172/65536       65632/3670016  ( 1.8%) 
hdr faces                0/65536           0/3670016  ( 0.0%) 
origfaces              800/65536       44800/3670016  ( 1.2%) 
leaves                 486/65536       15552/2097152  ( 0.7%) 
leaffaces             1621/65536        3242/131072   ( 2.5%) 
leafbrushes            478/65536         956/131072   ( 0.7%) 
areas                    2/256            16/2048     ( 0.8%) 
surfedges             8686/512000      34744/2048000  ( 1.7%) 
edges                 4947/256000      19788/1024000  ( 1.9%) 
LDR worldlights          8/8192          704/720896   ( 0.1%) 
HDR worldlights          0/8192            0/720896   ( 0.0%) 
leafwaterdata            0/32768           0/393216   ( 0.0%) 
waterstrips            133/32768        1330/327680   ( 0.4%) 
waterverts               0/65536           0/786432   ( 0.0%) 
waterindices          2448/65536        4896/131072   ( 3.7%) 
cubemapsamples           0/1024            0/16384    ( 0.0%) 
overlays                 2/512           704/180224   ( 0.4%) 
LDR lightdata         [variable]      440056/0        ( 0.0%) 
HDR lightdata         [variable]           0/0        ( 0.0%) 
visdata               [variable]       16983/16777216 ( 0.1%) 
entdata               [variable]        5311/393216   ( 1.4%) 
LDR ambient table      486/65536        1944/262144   ( 0.7%) 
HDR ambient table      486/65536        1944/262144   ( 0.7%) 
LDR leaf ambient      2447/65536       68516/1835008  ( 3.7%) 
HDR leaf ambient       486/65536       13608/1835008  ( 0.7%) 
occluders                0/0               0/0        ( 0.0%) 
occluder polygons        0/0               0/0        ( 0.0%) 
occluder vert ind        0/0               0/0        ( 0.0%) 
detail props          [variable]           1/12       ( 8.3%) 
static props          [variable]           1/1946     ( 0.1%) 
pakfile               [variable]         497/0        ( 0.0%) 
physics               [variable]       76625/4194304  ( 1.8%) 
physics terrain       [variable]        8600/1048576  ( 0.8%) 

Level flags = 0

Total triangle count: 3212
Writing c:\users\liam\documents\tf2-maps\snowtown\a1\cp_snowtown_a1.bsp
5 seconds elapsed



materialPath: C:\Program Files (x86)\Steam\steamapps\common\Team Fortress 2\tf\materials
Loading c:\users\liam\documents\tf2-maps\snowtown\a1\cp_snowtown_a1.vmf
Patching WVT material: maps/cp_snowtown_a1/nature/blendgroundtosnow001_wvt_patch
fixing up env_cubemap materials on brush sides...
0...1...2...3...4...5...6...7...8...9...100...1...2...3...4...5...6...7...8...9...10Processing areas...done (0)
Building Faces...done (0)
Chop Details...done (0)
Find Visible Detail Sides...
Merged 48 detail faces...done (0)
Merging details...done (0)
FixTjuncs...
PruneNodes...
WriteBSP...
done (0)
writing c:\users\liam\documents\tf2-maps\snowtown\a1\cp_snowtown_a1.prt...Building visibility clusters...
done (0)
*** Error: Skybox vtf files for skybox/sky_well_01 weren't compiled with the same size texture and/or same flags!
Can't load skybox file skybox/sky_well_01 to build the default cubemap!
*** Error: Skybox vtf files for skybox/sky_well_01 weren't compiled with the same size texture and/or same flags!
Can't load skybox file skybox/sky_well_01 to build the default cubemap!
Finding displacement neighbors...
Finding lightmap sample positions...
Displacement Alpha : 0...1...2...3...4...5...6...7...8...9...10
Building Physics collision data...
done (0) (76784 bytes)
Placing detail props : 0...1...2...3...4...5...6...7...8...9...10
Compacting texture/material tables...
Reduced 129 texinfos to 88
Reduced 13 texdatas to 11 (342 bytes to 262)
Writing c:\users\liam\documents\tf2-maps\snowtown\a1\cp_snowtown_a1.bsp
MSG_FILEWRITE - Filesystem was asked to write to 'c:\users\liam\documents\tf2-maps\snowtown\a1\cp_snowtown_a1.bsp', but we don't own that location. Allowing.
Wrote ZIP buffer, estimated size 577, actual size 497
0 seconds elapsed



4 threads
reading c:\users\liam\documents\tf2-maps\snowtown\a1\cp_snowtown_a1.bsp
reading c:\users\liam\documents\tf2-maps\snowtown\a1\cp_snowtown_a1.prt
 235 portalclusters
 627 numportals
0...1...2...3...4...5...6...7...8...9...10Optimized: 1862 visible clusters (3.85%)
Total clusters visible: 48423
Average clusters visible: 206
Building PAS...
Average clusters audible: 235
visdatasize:15937  compressed from 15040
writing c:\users\liam\documents\tf2-maps\snowtown\a1\cp_snowtown_a1.bsp
MSG_FILEWRITE - Filesystem was asked to write to 'c:\users\liam\documents\tf2-maps\snowtown\a1\cp_snowtown_a1.bsp', but we don't own that location. Allowing.
0 seconds elapsed



[Reading texlights from 'lights.rad']
[56 texlights parsed from 'lights.rad']

Loading c:\users\liam\documents\tf2-maps\snowtown\a1\cp_snowtown_a1.bsp
1163 faces
461776 square feet [66495764.00 square inches]
32 Displacements
14669 Square Feet [2112369.25 Square Inches]
1163 patches before subdivision
16343 patches after subdivision
8 direct lights
0...1...2...3...4...5...6...7...8...9...100...1...2...3...4...5...6...7...8...9...10transfers 806517, max 277
transfer lists:   6.2 megs
0...1...2...3...4...5...6...7...8...9...10	Bounce #1 added RGB(60183, 24695, 8534)
0...1...2...3...4...5...6...7...8...9...10	Bounce #2 added RGB(10273, 1939, 217)
Build Patch/Sample Hash Table(s).....Done<0.0047 sec>
0...1...2...3...4...5...6...7...8...9...10FinalLightFace Done
0 of 0 (0% of) surface lights went in leaf ambient cubes.
0...1...2...3...4...5...6...7...8...9...10Writing leaf ambient...done
Ready to Finish

Object names       Objects/Maxobjs  Memory / Maxmem  Fullness 
------------       ---------------  ---------------  -------- 
models                   4/1024          192/49152    ( 0.4%) 
brushes                211/8192         2532/98304    ( 2.6%) 
brushsides            1771/65536       14168/524288   ( 2.7%) 
planes                1256/65536       25120/1310720  ( 1.9%) 
vertexes              1432/65536       17184/786432   ( 2.2%) 
nodes                  474/65536       15168/2097152  ( 0.7%) 
texinfos                88/12288        6336/884736   ( 0.7%) 
texdata                 11/2048          352/65536    ( 0.5%) 
dispinfos               32/0            5632/0        ( 0.0%) 
disp_verts            2592/0           51840/0        ( 0.0%) 
disp_tris             4096/0            8192/0        ( 0.0%) 
disp_lmsamples       41472/0           41472/0        ( 0.0%) 
faces                 1163/65536       65128/3670016  ( 1.8%) 
hdr faces                0/65536           0/3670016  ( 0.0%) 
origfaces              800/65536       44800/3670016  ( 1.2%) 
leaves                 479/65536       15328/2097152  ( 0.7%) 
leaffaces             1593/65536        3186/131072   ( 2.4%) 
leafbrushes            468/65536         936/131072   ( 0.7%) 
areas                    2/256            16/2048     ( 0.8%) 
surfedges             8642/512000      34568/2048000  ( 1.7%) 
edges                 4925/256000      19700/1024000  ( 1.9%) 
LDR worldlights          8/8192          704/720896   ( 0.1%) 
HDR worldlights          0/8192            0/720896   ( 0.0%) 
leafwaterdata            0/32768           0/393216   ( 0.0%) 
waterstrips            133/32768        1330/327680   ( 0.4%) 
waterverts               0/65536           0/786432   ( 0.0%) 
waterindices          2445/65536        4890/131072   ( 3.7%) 
cubemapsamples           0/1024            0/16384    ( 0.0%) 
overlays                 2/512           704/180224   ( 0.4%) 
LDR lightdata         [variable]      439248/0        ( 0.0%) 
HDR lightdata         [variable]           0/0        ( 0.0%) 
visdata               [variable]       15937/16777216 ( 0.1%) 
entdata               [variable]        5444/393216   ( 1.4%) 
LDR ambient table      479/65536        1916/262144   ( 0.7%) 
HDR ambient table      479/65536        1916/262144   ( 0.7%) 
LDR leaf ambient      2417/65536       67676/1835008  ( 3.7%) 
HDR leaf ambient       479/65536       13412/1835008  ( 0.7%) 
occluders                0/0               0/0        ( 0.0%) 
occluder polygons        0/0               0/0        ( 0.0%) 
occluder vert ind        0/0               0/0        ( 0.0%) 
detail props          [variable]           1/12       ( 8.3%) 
static props          [variable]           1/1946     ( 0.1%) 
pakfile               [variable]         497/0        ( 0.0%) 
physics               [variable]       76784/4194304  ( 1.8%) 
physics terrain       [variable]        8600/1048576  ( 0.8%) 

Level flags = 0

Total triangle count: 3186
Writing c:\users\liam\documents\tf2-maps\snowtown\a1\cp_snowtown_a1.bsp
5 seconds elapsed
