PRT1
306
748
4 0 5 (1024 2048 -144 ) (1024 2048 -416 ) (1280 2048 -416 ) (1280 2048 -144 ) 
4 0 2 (1280 2048 368.125000 ) (1024 2048 368.125000 ) (1024 2048 -144 ) (1280 2048 -144 ) 
4 0 1 (1024 2048 -416 ) (1024 2048 368.125000 ) (1024 2432 368.125000 ) (1024 2432 -416 ) 
4 1 79 (0 2048 -416 ) (0 2048 48 ) (0 2176 48 ) (0 2176 -416 ) 
4 1 77 (0 2176 48 ) (0 2192 48 ) (0 2192 -416 ) (0 2176 -416 ) 
4 1 76 (0 2192 48 ) (0 2432 48 ) (0 2432 -416 ) (0 2192 -416 ) 
4 1 74 (0 2048 48 ) (0 2048 368 ) (0 2192 368 ) (0 2192 48 ) 
4 1 73 (0 2192 368 ) (0 2432 368 ) (0 2432 48 ) (0 2192 48 ) 
4 1 37 (0 2048 -160 ) (0 2048 -416 ) (128 2048 -416 ) (128 2048 -160 ) 
4 1 33 (0 2048 96 ) (0 2048 -160 ) (112 2048 -160 ) (112 2048 96 ) 
4 1 31 (112 2048 -160 ) (128 2048 -160 ) (128 2048 96 ) (112 2048 96 ) 
4 1 29 (128 2048 368 ) (0 2048 368 ) (0 2048 96 ) (128 2048 96 ) 
4 1 26 (400 2048 -144 ) (128 2048 -144 ) (128 2048 -416 ) (400 2048 -416 ) 
4 1 25 (1024 2048 -416 ) (1024 2048 -144 ) (400 2048 -144 ) (400 2048 -416 ) 
4 1 20 (128 2048 128 ) (128 2048 -144 ) (144 2048 -144 ) (144 2048 128 ) 
4 1 17 (144 2048 368 ) (128 2048 368 ) (128 2048 128 ) (144 2048 128 ) 
4 1 10 (400 2048 64 ) (144 2048 64 ) (144 2048 -144 ) (400 2048 -144 ) 
4 1 9 (1024 2048 -144 ) (1024 2048 64 ) (400 2048 64 ) (400 2048 -144 ) 
4 1 8 (400 2048 80 ) (144 2048 80 ) (144 2048 64 ) (400 2048 64 ) 
4 1 7 (1024 2048 64 ) (1024 2048 80 ) (400 2048 80 ) (400 2048 64 ) 
4 1 6 (1024 2048 80 ) (1024 2048 368 ) (144 2048 368 ) (144 2048 80 ) 
4 2 11 (1024 1904 -144 ) (1024 1664 -144 ) (1024 1664 64 ) (1024 1904 64 ) 
4 2 9 (1024 2048 64 ) (1024 2048 -144 ) (1024 1904 -144 ) (1024 1904 64 ) 
4 2 7 (1024 2048 80 ) (1024 2048 64 ) (1024 1664 64 ) (1024 1664 80 ) 
4 2 6 (1024 2048 368.125000 ) (1024 2048 80 ) (1024 1664 80 ) (1024 1664 368.125000 ) 
4 2 5 (1024 1664 -144 ) (1024 2048 -144 ) (1280 2048 -144 ) (1280 1664 -144 ) 
4 3 16 (1024 1408 -144 ) (1024 1280 -144 ) (1024 1280 48 ) (1024 1408 48 ) 
4 3 15 (1024 1648 -144 ) (1024 1408 -144 ) (1024 1408 48 ) (1024 1648 48 ) 
4 3 13 (1024 1280 48 ) (1024 1280 512 ) (1024 1648 512 ) (1024 1648 48 ) 
4 3 4 (1264 1280 48 ) (1264 1280 512 ) (1024 1280 512 ) (1024 1280 48 ) 
4 4 40 (1264 1024 512 ) (1024 1024 512 ) (1024 1024 48 ) (1264 1024 48 ) 
4 4 13 (1024 1024 48 ) (1024 1024 512 ) (1024 1280 512 ) (1024 1280 48 ) 
4 5 25 (1024 2048 -144 ) (1024 2048 -416 ) (1024 1664 -416 ) (1024 1664 -144 ) 
4 6 22 (144 1664 80 ) (144 1664 128 ) (144 1904 128 ) (144 1904 80 ) 
4 6 21 (144 1904 128 ) (144 1920 128 ) (144 1920 80 ) (144 1904 80 ) 
4 6 20 (144 1920 128 ) (144 2048 128 ) (144 2048 80 ) (144 1920 80 ) 
4 6 17 (144 1664 128 ) (144 1664 368.125000 ) (144 2048 368.125000 ) (144 2048 128 ) 
4 6 8 (144 1920 80 ) (144 2048 80 ) (400 2048 80 ) (400 1920 80 ) 
4 6 7 (1024 1664 80 ) (400 1664 80 ) (400 2048 80 ) (1024 2048 80 ) 
4 7 11 (1024 1664 64 ) (400 1664 64 ) (400 1904 64 ) (1024 1904 64 ) 
4 7 9 (400 1904 64 ) (400 2048 64 ) (1024 2048 64 ) (1024 1904 64 ) 
4 7 8 (400 2048 64 ) (400 1920 64 ) (400 1920 80 ) (400 2048 80 ) 
4 8 20 (144 1920 80 ) (144 2048 80 ) (144 2048 64 ) (144 1920 64 ) 
4 8 10 (144 1920 64 ) (144 2048 64 ) (400 2048 64 ) (400 1920 64 ) 
4 9 25 (400 2048 -144 ) (1024 2048 -144 ) (1024 1904 -144 ) (400 1904 -144 ) 
4 9 11 (1024 1904 64 ) (400 1904 64 ) (400 1904 -144 ) (1024 1904 -144 ) 
4 9 10 (400 2048 -144 ) (400 1920 -144 ) (400 1920 64 ) (400 2048 64 ) 
4 10 26 (144 1920 -144 ) (144 2048 -144 ) (400 2048 -144 ) (400 1920 -144 ) 
4 10 20 (144 2048 -144 ) (144 1920 -144 ) (144 1920 64 ) (144 2048 64 ) 
4 11 25 (400 1904 -144 ) (1024 1904 -144 ) (1024 1664 -144 ) (400 1664 -144 ) 
4 12 23 (144 1904 -144 ) (144 1664 -144 ) (144 1664 -16 ) (144 1904 -16 ) 
4 12 22 (144 1664 -16 ) (144 1664 64 ) (144 1904 64 ) (144 1904 -16 ) 
4 12 14 (208 1664 -144 ) (384 1664 -144 ) (384 1664 -16 ) (208 1664 -16 ) 
4 13 49 (1024 1024 48 ) (1024 1024 512 ) (144 1024 512 ) (144 1024 48 ) 
4 13 18 (144 1152 384 ) (144 1408 384 ) (144 1408 128 ) (144 1152 128 ) 
4 13 16 (272 1408 48 ) (1024 1408 48 ) (1024 1280 48 ) (272 1280 48 ) 
4 13 15 (144 1408 48 ) (144 1648 48 ) (1024 1648 48 ) (1024 1408 48 ) 
4 14 15 (208 1648 -144 ) (400 1648 -144 ) (400 1648 -16 ) (208 1648 -16 ) 
4 15 24 (144 1528 -144 ) (144 1416 -144 ) (144 1416 -16 ) (144 1528 -16 ) 
4 15 16 (1024 1408 48 ) (272 1408 48 ) (640 1408 -144 ) (1024 1408 -144 ) 
4 17 29 (128 2048 368.125000 ) (128 2048 128 ) (128 1920 128 ) (128 1920 368.125000 ) 
4 17 22 (128 1664 128 ) (128 1904 128 ) (144 1904 128 ) (144 1664 128 ) 
4 17 21 (128 1904 128 ) (128 1920 128 ) (144 1920 128 ) (144 1904 128 ) 
4 17 20 (128 1920 128 ) (128 2048 128 ) (144 2048 128 ) (144 1920 128 ) 
4 18 19 (136 1408 384 ) (136 1408 128 ) (136 1152 128 ) (136 1152 384 ) 
4 19 30 (128 1408 368 ) (128 1408 128 ) (128 1152 128 ) (128 1152 368 ) 
4 19 28 (128 1152 384 ) (128 1408 384 ) (128 1408 368 ) (128 1152 368 ) 
4 20 31 (128 2048 96 ) (128 2048 -144 ) (128 1920 -144 ) (128 1920 96 ) 
4 20 29 (128 1920 128 ) (128 2048 128 ) (128 2048 96 ) (128 1920 96 ) 
4 20 26 (128 1920 -144 ) (128 2048 -144 ) (144 2048 -144 ) (144 1920 -144 ) 
4 20 21 (144 1920 64 ) (144 1920 128 ) (128 1920 128 ) (128 1920 64 ) 
4 21 22 (144 1904 64 ) (144 1904 128 ) (128 1904 128 ) (128 1904 64 ) 
4 22 23 (128 1664 -16 ) (128 1904 -16 ) (144 1904 -16 ) (144 1664 -16 ) 
4 24 32 (128 1528 -144 ) (128 1416 -144 ) (128 1416 -16 ) (128 1528 -16 ) 
4 25 26 (400 2048 -416 ) (400 1920 -416 ) (400 1920 -144 ) (400 2048 -144 ) 
4 26 37 (128 2048 -160 ) (128 2048 -416 ) (128 1920 -416 ) (128 1920 -160 ) 
4 26 31 (128 1920 -144 ) (128 2048 -144 ) (128 2048 -160 ) (128 1920 -160 ) 
4 27 101 (0 1024 512 ) (0 1024 1328 ) (0 1472 1328 ) (0 1472 512 ) 
4 27 48 (0 1024 528 ) (0 1024 512 ) (64 1024 512 ) (64 1024 528 ) 
4 27 46 (64 1024 1328 ) (0 1024 1328 ) (0 1024 528 ) (64 1024 528 ) 
4 27 28 (0 1024 512 ) (0 1472 512 ) (64 1472 512 ) (64 1024 512 ) 
4 28 101 (0 1024 368 ) (0 1024 512 ) (0 1472 512 ) (0 1472 368 ) 
4 28 50 (128 1024 368 ) (128 1024 512 ) (0 1024 512 ) (0 1024 368 ) 
4 28 30 (128 1472 368 ) (128 1024 368 ) (0 1024 368 ) (0 1472 368 ) 
4 29 96 (0 1920 368 ) (0 2048 368 ) (0 2048 96 ) (0 1920 96 ) 
4 29 33 (0 1920 96 ) (0 2048 96 ) (112 2048 96 ) (112 1920 96 ) 
4 29 31 (112 2048 96 ) (128 2048 96 ) (128 1920 96 ) (112 1920 96 ) 
4 30 102 (0 1024 96 ) (0 1024 368 ) (0 1536 368 ) (0 1536 96 ) 
4 30 50 (128 1024 96 ) (128 1024 368 ) (0 1024 368 ) (0 1024 96 ) 
4 30 36 (0 1024 96 ) (0 1536 96 ) (112 1536 96 ) (112 1024 96 ) 
4 30 32 (112 1536 96 ) (128 1536 96 ) (128 1024 96 ) (112 1024 96 ) 
4 31 37 (128 2048 -160 ) (128 1920 -160 ) (112 1920 -160 ) (112 2048 -160 ) 
4 31 33 (112 2048 -160 ) (112 1920 -160 ) (112 1920 96 ) (112 2048 96 ) 
4 32 69 (128 1024 -160 ) (128 1024 -144 ) (112 1024 -144 ) (112 1024 -160 ) 
4 32 65 (128 1024 -144 ) (128 1024 32 ) (112 1024 32 ) (112 1024 -144 ) 
4 32 63 (128 1024 32 ) (128 1024 48 ) (112 1024 48 ) (112 1024 32 ) 
4 32 50 (128 1024 48 ) (128 1024 96 ) (112 1024 96 ) (112 1024 48 ) 
4 32 38 (128 1536 -160 ) (128 1024 -160 ) (112 1024 -160 ) (112 1536 -160 ) 
4 32 36 (112 1536 -160 ) (112 1024 -160 ) (112 1024 96 ) (112 1536 96 ) 
4 33 98 (0 2048 48 ) (0 2048 -160 ) (0 1920 -160 ) (0 1920 48 ) 
4 33 97 (0 2048 64 ) (0 2048 48 ) (0 1920 48 ) (0 1920 64 ) 
4 33 96 (0 1920 96 ) (0 2048 96 ) (0 2048 64 ) (0 1920 64 ) 
4 33 37 (0 1920 -160 ) (0 2048 -160 ) (112 2048 -160 ) (112 1920 -160 ) 
4 34 103 (0 1552 96 ) (0 1904 96 ) (0 1904 -160 ) (0 1552 -160 ) 
4 34 35 (0 1552 -160 ) (112 1552 -160 ) (112 1552 -32 ) (0 1552 -32 ) 
4 35 107 (0 1552 -32 ) (0 1552 -160 ) (0 1536 -160 ) (0 1536 -32 ) 
4 35 36 (0 1536 -160 ) (112 1536 -160 ) (112 1536 -32 ) (0 1536 -32 ) 
4 36 107 (0 1024 -160 ) (0 1024 -32 ) (0 1536 -32 ) (0 1536 -160 ) 
4 36 106 (0 1024 -32 ) (0 1024 96 ) (0 1536 96 ) (0 1536 -32 ) 
4 36 69 (0 1024 -144 ) (0 1024 -160 ) (112 1024 -160 ) (112 1024 -144 ) 
4 36 65 (48 1024 -144 ) (112 1024 -144 ) (112 1024 32 ) (48 1024 32 ) 
4 36 68 (0 1024 32 ) (0 1024 -144 ) (48 1024 -144 ) (48 1024 32 ) 
4 36 63 (0 1024 48 ) (0 1024 32 ) (112 1024 32 ) (112 1024 48 ) 
4 36 50 (112 1024 96 ) (0 1024 96 ) (0 1024 48 ) (112 1024 48 ) 
4 36 38 (112 1024 -160 ) (0 1024 -160 ) (0 1536 -160 ) (112 1536 -160 ) 
4 37 98 (0 1920 -160 ) (0 2048 -160 ) (0 2048 -416 ) (0 1920 -416 ) 
4 38 113 (0 1024 -416 ) (0 1024 -160 ) (0 1536 -160 ) (0 1536 -416 ) 
4 38 72 (128 1024 -416 ) (128 1024 -160 ) (0 1024 -160 ) (0 1024 -416 ) 
4 39 153 (1024 0 528 ) (1024 0 512 ) (1280 0 512 ) (1280 0 528 ) 
4 39 47 (1024 832 512 ) (1024 0 512 ) (1024 0 528 ) (1024 832 528 ) 
4 39 42 (1088 0 512 ) (1024 0 512 ) (1024 832 512 ) (1088 832 512 ) 
4 39 41 (1280 832 512 ) (1280 0 512 ) (1088 0 512 ) (1088 832 512 ) 
4 40 49 (1024 1024 512 ) (1024 1024 48 ) (1024 912 48 ) (1024 912 512 ) 
4 41 154 (1088 0 -160 ) (1280 0 -160 ) (1280 0 512 ) (1088 0 512 ) 
4 41 44 (1280 0 -160 ) (1088 0 -160 ) (1088 896 -160 ) (1280 896 -160 ) 
4 41 42 (1088 896 512 ) (1088 896 256 ) (1088 0 256 ) (1088 0 512 ) 
4 41 43 (1088 896 240 ) (1088 896 -160 ) (1088 0 -160 ) (1088 0 240 ) 
4 42 155 (1024 0 512 ) (1024 0 256 ) (1088 0 256 ) (1088 0 512 ) 
4 42 53 (1024 0 256 ) (1024 0 512 ) (1024 896 512 ) (1024 896 256 ) 
4 43 156 (1024 0 240 ) (1024 0 -160 ) (1088 0 -160 ) (1088 0 240 ) 
4 43 62 (1024 128 -160 ) (1024 0 -160 ) (1024 0 48 ) (1024 128 48 ) 
4 43 58 (1024 0 48 ) (1024 0 240 ) (1024 128 240 ) (1024 128 48 ) 
4 43 55 (1024 896 176 ) (1024 896 48 ) (1024 768 48 ) (1024 768 176 ) 
4 43 44 (1088 0 -160 ) (1024 0 -160 ) (1024 896 -160 ) (1088 896 -160 ) 
4 44 158 (1280 0 -160 ) (1024 0 -160 ) (1024 0 -224 ) (1280 0 -224 ) 
4 44 70 (1024 0 -224 ) (1024 0 -160 ) (1024 128 -160 ) (1024 128 -224 ) 
4 44 45 (1024 896 -224 ) (1280 896 -224 ) (1280 0 -224 ) (1024 0 -224 ) 
4 45 159 (1024 0 -224 ) (1024 0 -416 ) (1280 0 -416 ) (1280 0 -224 ) 
4 45 71 (1024 128 -416 ) (1024 0 -416 ) (1024 0 -224 ) (1024 128 -224 ) 
4 46 160 (64 0 1328 ) (0 0 1328 ) (0 0 528 ) (64 0 528 ) 
4 46 143 (0 0 528 ) (0 0 1328 ) (0 512 1328 ) (0 512 528 ) 
4 46 142 (0 512 1328 ) (0 1024 1328 ) (0 1024 528 ) (0 512 528 ) 
4 46 48 (64 0 528 ) (0 0 528 ) (0 1024 528 ) (64 1024 528 ) 
4 47 161 (1024 0 512 ) (1024 0 528 ) (64 0 528 ) (64 0 512 ) 
4 47 53 (1024 832 512 ) (1024 0 512 ) (64 0 512 ) (64 832 512 ) 
4 47 48 (64 832 512 ) (64 0 512 ) (64 0 528 ) (64 832 528 ) 
4 48 162 (64 0 528 ) (0 0 528 ) (0 0 512 ) (64 0 512 ) 
4 48 143 (0 0 512 ) (0 0 528 ) (0 512 528 ) (0 512 512 ) 
4 48 142 (0 512 528 ) (0 1024 528 ) (0 1024 512 ) (0 512 512 ) 
4 48 53 (64 0 512 ) (48 0 512 ) (48 896 512 ) (64 896 512 ) 
4 48 54 (48 0 512 ) (0 0 512 ) (0 896 512 ) (48 896 512 ) 
4 48 52 (0 896 512 ) (0 912 512 ) (64 912 512 ) (64 896 512 ) 
4 48 50 (0 912 512 ) (0 1024 512 ) (64 1024 512 ) (64 912 512 ) 
4 49 51 (576 912 48 ) (688 912 48 ) (688 912 176 ) (576 912 176 ) 
4 50 142 (0 912 512 ) (0 1024 512 ) (0 1024 48 ) (0 912 48 ) 
4 50 63 (0 912 48 ) (0 1024 48 ) (128 1024 48 ) (128 912 48 ) 
4 50 52 (0 912 48 ) (128 912 48 ) (128 912 512 ) (0 912 512 ) 
4 51 56 (576 896 48 ) (688 896 48 ) (688 896 176 ) (576 896 176 ) 
4 52 142 (0 896 512 ) (0 912 512 ) (0 912 48 ) (0 896 48 ) 
4 52 63 (0 896 48 ) (0 912 48 ) (128 912 48 ) (128 896 48 ) 
4 52 61 (0 896 48 ) (128 896 48 ) (128 896 240 ) (0 896 240 ) 
4 52 53 (128 896 256 ) (128 896 512 ) (48 896 512 ) (48 896 256 ) 
4 52 54 (48 896 512 ) (0 896 512 ) (0 896 240 ) (48 896 240 ) 
4 53 163 (1024 0 256 ) (1024 0 512 ) (48 0 512 ) (48 0 256 ) 
4 53 54 (48 896 512 ) (48 896 256 ) (48 0 256 ) (48 0 512 ) 
4 54 164 (48 0 512 ) (0 0 512 ) (0 0 240 ) (48 0 240 ) 
4 54 143 (0 0 240 ) (0 0 512 ) (0 512 512 ) (0 512 240 ) 
4 54 142 (0 512 512 ) (0 896 512 ) (0 896 240 ) (0 512 240 ) 
4 54 61 (0 896 240 ) (48 896 240 ) (48 0 240 ) (0 0 240 ) 
4 55 56 (1008 896 176 ) (1008 896 48 ) (1008 768 48 ) (1008 768 176 ) 
4 56 57 (384 640 240 ) (384 896 240 ) (384 896 48 ) (384 640 48 ) 
4 57 59 (144 512 176 ) (144 512 48 ) (144 320 48 ) (144 320 176 ) 
4 58 165 (1024 0 48 ) (1024 0 240 ) (144 0 240 ) (144 0 48 ) 
4 58 62 (1024 0 48 ) (144 0 48 ) (144 128 48 ) (1024 128 48 ) 
4 58 60 (144 0 240 ) (144 128 240 ) (144 128 48 ) (144 0 48 ) 
4 59 61 (128 512 176 ) (128 512 48 ) (128 320 48 ) (128 320 176 ) 
4 60 169 (144 0 240 ) (128 0 240 ) (128 0 48 ) (144 0 48 ) 
4 60 62 (144 0 48 ) (128 0 48 ) (128 128 48 ) (144 128 48 ) 
4 60 61 (128 0 240 ) (128 128 240 ) (128 128 48 ) (128 0 48 ) 
4 61 171 (128 0 240 ) (0 0 240 ) (0 0 48 ) (128 0 48 ) 
4 61 143 (0 0 48 ) (0 0 240 ) (0 512 240 ) (0 512 48 ) 
4 61 142 (0 512 240 ) (0 896 240 ) (0 896 48 ) (0 512 48 ) 
4 61 63 (0 512 48 ) (0 896 48 ) (128 896 48 ) (128 512 48 ) 
4 61 64 (128 0 48 ) (0 0 48 ) (0 272 48 ) (128 272 48 ) 
4 62 176 (1024 0 -160 ) (1024 0 48 ) (128 0 48 ) (128 0 -160 ) 
4 62 70 (1024 128 -160 ) (1024 0 -160 ) (128 0 -160 ) (128 128 -160 ) 
4 62 67 (128 0 -144 ) (128 0 32 ) (128 128 32 ) (128 128 -144 ) 
4 62 64 (128 0 32 ) (128 0 48 ) (128 128 48 ) (128 128 32 ) 
4 63 142 (0 512 48 ) (0 1024 48 ) (0 1024 32 ) (0 512 32 ) 
4 63 65 (128 1024 32 ) (128 512 32 ) (48 512 32 ) (48 1024 32 ) 
4 63 68 (48 512 32 ) (0 512 32 ) (0 1024 32 ) (48 1024 32 ) 
4 64 177 (128 0 48 ) (0 0 48 ) (0 0 32 ) (128 0 32 ) 
4 64 144 (0 0 32 ) (0 0 48 ) (0 272 48 ) (0 272 32 ) 
4 64 66 (128 272 32 ) (128 128 32 ) (48 128 32 ) (48 272 32 ) 
4 64 67 (128 128 32 ) (128 0 32 ) (48 0 32 ) (48 128 32 ) 
4 64 68 (48 0 32 ) (0 0 32 ) (0 272 32 ) (48 272 32 ) 
4 65 69 (48 1024 -144 ) (128 1024 -144 ) (128 512 -144 ) (48 512 -144 ) 
4 65 66 (48 304 32 ) (48 304 -32 ) (128 304 -32 ) (128 304 32 ) 
4 65 68 (48 1024 -144 ) (48 304 -144 ) (48 304 32 ) (48 1024 32 ) 
4 66 68 (48 128 -32 ) (48 128 32 ) (48 304 32 ) (48 304 -32 ) 
4 66 67 (48 128 32 ) (48 128 -32 ) (128 128 -32 ) (128 128 32 ) 
4 67 179 (48 0 -144 ) (128 0 -144 ) (128 0 32 ) (48 0 32 ) 
4 67 68 (48 128 -144 ) (48 0 -144 ) (48 0 32 ) (48 128 32 ) 
4 68 182 (0 0 32 ) (0 0 -144 ) (48 0 -144 ) (48 0 32 ) 
4 68 146 (0 0 -144 ) (0 0 32 ) (0 512 32 ) (0 512 -144 ) 
4 68 142 (0 512 32 ) (0 1024 32 ) (0 1024 -144 ) (0 512 -144 ) 
4 68 69 (0 512 -144 ) (0 1024 -144 ) (48 1024 -144 ) (48 512 -144 ) 
4 69 142 (0 512 -144 ) (0 1024 -144 ) (0 1024 -160 ) (0 512 -160 ) 
4 69 72 (0 512 -160 ) (0 1024 -160 ) (128 1024 -160 ) (128 512 -160 ) 
4 70 184 (1024 0 -224 ) (1024 0 -160 ) (128 0 -160 ) (128 0 -224 ) 
4 70 71 (128 0 -224 ) (128 128 -224 ) (1024 128 -224 ) (1024 0 -224 ) 
4 71 185 (1024 0 -416 ) (1024 0 -224 ) (128 0 -224 ) (128 0 -416 ) 
4 72 142 (0 512 -160 ) (0 1024 -160 ) (0 1024 -416 ) (0 512 -416 ) 
4 73 84 (-1024 2432 272 ) (-1024 2432 48 ) (-1024 2192 48 ) (-1024 2192 272 ) 
4 73 83 (-1024 2432 288 ) (-1024 2432 272 ) (-1024 2192 272 ) (-1024 2192 288 ) 
4 73 82 (-1024 2192 368 ) (-1024 2432 368 ) (-1024 2432 288 ) (-1024 2192 288 ) 
4 73 76 (-1024 2192 48 ) (-1024 2432 48 ) (0 2432 48 ) (0 2192 48 ) 
4 73 75 (-880 2192 64 ) (-880 2192 368 ) (-1024 2192 368 ) (-1024 2192 64 ) 
4 73 74 (-880 2192 48 ) (0 2192 48 ) (0 2192 368 ) (-880 2192 368 ) 
4 74 97 (0 2048 48 ) (0 2048 64 ) (-880 2048 64 ) (-880 2048 48 ) 
4 74 96 (0 2048 64 ) (0 2048 368 ) (-880 2048 368 ) (-880 2048 64 ) 
4 74 79 (0 2176 48 ) (0 2048 48 ) (-880 2048 48 ) (-880 2176 48 ) 
4 74 77 (-880 2192 48 ) (0 2192 48 ) (0 2176 48 ) (-880 2176 48 ) 
4 74 75 (-880 2192 368 ) (-880 2192 64 ) (-880 2048 64 ) (-880 2048 368 ) 
4 75 96 (-880 2048 368 ) (-1024 2048 368 ) (-1024 2048 64 ) (-880 2048 64 ) 
4 75 85 (-1024 2048 64 ) (-1024 2048 272 ) (-1024 2192 272 ) (-1024 2192 64 ) 
4 75 83 (-1024 2048 272 ) (-1024 2048 288 ) (-1024 2192 288 ) (-1024 2192 272 ) 
4 75 82 (-1024 2048 288 ) (-1024 2048 368 ) (-1024 2192 368 ) (-1024 2192 288 ) 
4 76 94 (-1024 2432 -144 ) (-1024 2432 -416 ) (-1024 2192 -416 ) (-1024 2192 -144 ) 
4 76 86 (-1024 2192 48 ) (-1024 2432 48 ) (-1024 2432 -144 ) (-1024 2192 -144 ) 
4 76 78 (-1024 2192 -416 ) (-880 2192 -416 ) (-880 2192 -144 ) (-1024 2192 -144 ) 
4 76 77 (-880 2192 -416 ) (0 2192 -416 ) (0 2192 48 ) (-880 2192 48 ) 
4 77 79 (-880 2176 -416 ) (0 2176 -416 ) (0 2176 48 ) (-880 2176 48 ) 
4 77 78 (-880 2192 -144 ) (-880 2192 -416 ) (-880 2176 -416 ) (-880 2176 -144 ) 
4 78 94 (-1024 2192 -144 ) (-1024 2192 -416 ) (-1024 2176 -416 ) (-1024 2176 -144 ) 
4 78 80 (-896 2176 -416 ) (-880 2176 -416 ) (-880 2176 -144 ) (-896 2176 -144 ) 
4 79 98 (0 2048 -416 ) (0 2048 48 ) (-880 2048 48 ) (-880 2048 -416 ) 
4 79 80 (-880 2176 -144 ) (-880 2176 -416 ) (-880 2048 -416 ) (-880 2048 -144 ) 
4 80 99 (-896 2048 -144 ) (-896 2048 -416 ) (-880 2048 -416 ) (-880 2048 -144 ) 
4 81 100 (-896 2048 48 ) (-1024 2048 48 ) (-1024 2048 -144 ) (-896 2048 -144 ) 
4 81 87 (-1024 2048 -144 ) (-1024 2048 48 ) (-1024 2176 48 ) (-1024 2176 -144 ) 
4 82 114 (-1024 2048 288 ) (-1024 2048 368 ) (-1536 2048 368 ) (-1536 2048 288 ) 
4 82 83 (-1536 2432 288 ) (-1024 2432 288 ) (-1024 2048 288 ) (-1536 2048 288 ) 
4 83 115 (-1024 2048 272 ) (-1024 2048 288 ) (-1536 2048 288 ) (-1536 2048 272 ) 
4 83 88 (-1536 2432 272 ) (-1168 2432 272 ) (-1168 2048 272 ) (-1536 2048 272 ) 
4 83 85 (-1024 2192 272 ) (-1024 2048 272 ) (-1168 2048 272 ) (-1168 2192 272 ) 
4 83 84 (-1168 2432 272 ) (-1024 2432 272 ) (-1024 2192 272 ) (-1168 2192 272 ) 
4 84 88 (-1168 2192 272 ) (-1168 2432 272 ) (-1168 2432 48 ) (-1168 2192 48 ) 
4 84 86 (-1168 2192 48 ) (-1168 2432 48 ) (-1024 2432 48 ) (-1024 2192 48 ) 
4 84 85 (-1168 2192 272 ) (-1168 2192 64 ) (-1024 2192 64 ) (-1024 2192 272 ) 
4 85 116 (-1024 2048 64 ) (-1024 2048 272 ) (-1168 2048 272 ) (-1168 2048 64 ) 
4 85 88 (-1168 2048 272 ) (-1168 2192 272 ) (-1168 2192 64 ) (-1168 2048 64 ) 
4 86 95 (-1152 2192 -144 ) (-1168 2192 -144 ) (-1168 2432 -144 ) (-1152 2432 -144 ) 
4 86 94 (-1024 2432 -144 ) (-1024 2192 -144 ) (-1152 2192 -144 ) (-1152 2432 -144 ) 
4 86 88 (-1168 2432 48 ) (-1168 2432 -144 ) (-1168 2192 -144 ) (-1168 2192 48 ) 
4 87 117 (-1024 2048 -144 ) (-1024 2048 48 ) (-1152 2048 48 ) (-1152 2048 -144 ) 
4 88 118 (-1168 2048 272 ) (-1536 2048 272 ) (-1536 2048 -144 ) (-1168 2048 -144 ) 
4 88 95 (-1168 2048 -144 ) (-1536 2048 -144 ) (-1536 2432 -144 ) (-1168 2432 -144 ) 
4 89 91 (-1664 2288 -144 ) (-1552 2288 -144 ) (-1552 2288 -48 ) (-1920 2288 -48 ) 
4 89 90 (-2032 2288 272 ) (-2032 2288 -48 ) (-1552 2288 -48 ) (-1552 2288 272 ) 
4 90 93 (-1664 2176 32 ) (-2032 2176 32 ) (-2032 2176 -48 ) (-1920 2176 -48 ) 
4 90 92 (-1552 2176 32 ) (-1552 2176 272 ) (-2032 2176 272 ) (-2032 2176 32 ) 
4 90 91 (-1552 2176 -48 ) (-1920 2176 -48 ) (-1920 2288 -48 ) (-1552 2288 -48 ) 
4 92 120 (-1840 2048 272 ) (-2032 2048 272 ) (-2032 2048 32 ) (-1840 2048 32 ) 
4 92 119 (-1552 2048 272 ) (-1840 2048 272 ) (-1840 2048 32 ) (-1552 2048 32 ) 
4 92 93 (-2032 2048 32 ) (-2032 2176 32 ) (-1664 2176 32 ) (-1664 2048 32 ) 
4 94 95 (-1152 2432 -144 ) (-1152 2432 -416 ) (-1152 2176 -416 ) (-1152 2176 -144 ) 
4 95 122 (-1152 2048 -144 ) (-1536 2048 -144 ) (-1536 2048 -416 ) (-1152 2048 -416 ) 
4 96 116 (-1024 2048 272 ) (-1024 2048 64 ) (-1024 1920 64 ) (-1024 1920 272 ) 
4 96 115 (-1024 2048 288 ) (-1024 2048 272 ) (-1024 1920 272 ) (-1024 1920 288 ) 
4 96 114 (-1024 2048 368 ) (-1024 2048 288 ) (-1024 1920 288 ) (-1024 1920 368 ) 
4 96 97 (0 1920 64 ) (-880 1920 64 ) (-880 2048 64 ) (0 2048 64 ) 
4 97 98 (0 1920 48 ) (-880 1920 48 ) (-880 2048 48 ) (0 2048 48 ) 
4 98 99 (-880 2048 -416 ) (-880 1920 -416 ) (-880 1920 -144 ) (-880 2048 -144 ) 
4 100 117 (-1024 2048 48 ) (-1024 2048 -144 ) (-1024 1920 -144 ) (-1024 1920 48 ) 
4 100 104 (-1024 1920 -16 ) (-1024 1920 -144 ) (-896 1920 -144 ) (-896 1920 -16 ) 
4 101 142 (0 1024 368 ) (0 1024 1328 ) (-1024 1024 1328 ) (-1024 1024 368 ) 
4 101 128 (-1024 1024 368 ) (-1024 1024 1328 ) (-1024 1472 1328 ) (-1024 1472 368 ) 
4 101 102 (-1024 1024 368 ) (-1024 1472 368 ) (0 1472 368 ) (0 1024 368 ) 
4 102 142 (0 1024 96 ) (0 1024 368 ) (-1024 1024 368 ) (-1024 1024 96 ) 
4 102 128 (-1024 1024 96 ) (-1024 1024 368 ) (-1024 1472 368 ) (-1024 1472 96 ) 
4 102 124 (-1024 1472 368 ) (-1024 1536 368 ) (-1024 1536 96 ) (-1024 1472 96 ) 
4 102 106 (0 1024 96 ) (-1024 1024 96 ) (-1024 1536 96 ) (0 1536 96 ) 
4 103 109 (-640 1552 -128 ) (-640 1552 -32 ) (-896 1552 -32 ) (-896 1552 -128 ) 
4 103 107 (-80 1552 -160 ) (0 1552 -160 ) (0 1552 -32 ) (-80 1552 -32 ) 
4 103 105 (-896 1904 -160 ) (-896 1552 -160 ) (-896 1552 96 ) (-896 1904 96 ) 
4 104 130 (-1024 1920 -16 ) (-1024 1920 -144 ) (-1024 1904 -144 ) (-1024 1904 -16 ) 
4 104 105 (-896 1904 -144 ) (-896 1904 -16 ) (-1024 1904 -16 ) (-1024 1904 -144 ) 
4 105 131 (-1024 1552 96 ) (-1024 1904 96 ) (-1024 1904 -160 ) (-1024 1552 -160 ) 
4 105 109 (-896 1552 -128 ) (-896 1552 -32 ) (-1024 1552 -32 ) (-1024 1552 -128 ) 
4 106 142 (0 1024 -32 ) (0 1024 96 ) (-1024 1024 96 ) (-1024 1024 -32 ) 
4 106 138 (-1024 1024 -32 ) (-1024 1024 96 ) (-1024 1536 96 ) (-1024 1536 -32 ) 
4 106 111 (-640 1024 -32 ) (-1024 1024 -32 ) (-1024 1536 -32 ) (-640 1536 -32 ) 
4 106 108 (-80 1024 -32 ) (-640 1024 -32 ) (-640 1536 -32 ) (-80 1536 -32 ) 
4 106 107 (0 1024 -32 ) (-80 1024 -32 ) (-80 1536 -32 ) (0 1536 -32 ) 
4 107 142 (0 1024 -160 ) (0 1024 -32 ) (-80 1024 -32 ) (-80 1024 -160 ) 
4 107 113 (0 1536 -160 ) (0 1024 -160 ) (-80 1024 -160 ) (-80 1536 -160 ) 
4 107 108 (-80 1024 -32 ) (-80 1536 -32 ) (-80 1536 -160 ) (-80 1024 -160 ) 
4 108 142 (-80 1024 -32 ) (-640 1024 -32 ) (-640 1024 -160 ) (-80 1024 -160 ) 
4 108 113 (-80 1536 -160 ) (-80 1024 -160 ) (-640 1024 -160 ) (-640 1536 -160 ) 
4 108 112 (-640 1536 -128 ) (-640 1536 -160 ) (-640 1024 -160 ) (-640 1024 -128 ) 
4 108 111 (-640 1024 -32 ) (-640 1536 -32 ) (-640 1536 -128 ) (-640 1024 -128 ) 
4 109 134 (-1024 1548 -32 ) (-1024 1552 -32 ) (-1024 1552 -128 ) (-1024 1548 -128 ) 
4 109 110 (-1024 1548 -128 ) (-640 1548 -128 ) (-640 1548 -32 ) (-1024 1548 -32 ) 
4 110 135 (-1024 1540 -32 ) (-1024 1548 -32 ) (-1024 1548 -128 ) (-1024 1540 -128 ) 
4 110 111 (-1024 1540 -128 ) (-640 1540 -128 ) (-640 1540 -32 ) (-1024 1540 -32 ) 
4 111 142 (-640 1024 -32 ) (-1024 1024 -32 ) (-1024 1024 -128 ) (-640 1024 -128 ) 
4 111 136 (-1024 1536 -32 ) (-1024 1540 -32 ) (-1024 1540 -128 ) (-1024 1536 -128 ) 
4 111 138 (-1024 1024 -128 ) (-1024 1024 -32 ) (-1024 1536 -32 ) (-1024 1536 -128 ) 
4 111 112 (-640 1536 -128 ) (-640 1024 -128 ) (-1024 1024 -128 ) (-1024 1536 -128 ) 
4 112 142 (-1024 1024 -128 ) (-1024 1024 -160 ) (-640 1024 -160 ) (-640 1024 -128 ) 
4 112 138 (-1024 1024 -160 ) (-1024 1024 -128 ) (-1024 1536 -128 ) (-1024 1536 -160 ) 
4 112 113 (-1024 1024 -160 ) (-1024 1536 -160 ) (-640 1536 -160 ) (-640 1024 -160 ) 
4 113 142 (0 1024 -416 ) (0 1024 -160 ) (-1024 1024 -160 ) (-1024 1024 -416 ) 
4 114 115 (-1024 1920 288 ) (-1536 1920 288 ) (-1536 2048 288 ) (-1024 2048 288 ) 
4 115 118 (-1168 1920 272 ) (-1536 1920 272 ) (-1536 2048 272 ) (-1168 2048 272 ) 
4 115 116 (-1024 1920 272 ) (-1168 1920 272 ) (-1168 2048 272 ) (-1024 2048 272 ) 
4 116 118 (-1168 1920 64 ) (-1168 1920 272 ) (-1168 2048 272 ) (-1168 2048 64 ) 
4 117 130 (-1024 1920 -144 ) (-1024 1920 -16 ) (-1088 1920 -16 ) (-1088 1920 -144 ) 
4 118 122 (-1168 1920 -144 ) (-1536 1920 -144 ) (-1536 2048 -144 ) (-1168 2048 -144 ) 
4 119 120 (-1840 2048 32 ) (-1840 1936 32 ) (-1840 1936 272 ) (-1840 2048 272 ) 
4 120 121 (-2032 1936 160 ) (-2032 1936 32 ) (-1840 1936 32 ) (-1840 1936 160 ) 
4 121 140 (-2032 1920 96 ) (-2032 1920 32 ) (-1840 1920 32 ) (-1840 1920 96 ) 
4 121 126 (-2032 1920 160 ) (-2032 1920 96 ) (-1840 1920 96 ) (-1840 1920 160 ) 
4 123 129 (-2048 1472 1328 ) (-2048 1472 368 ) (-1600 1472 368 ) (-1600 1472 1328 ) 
4 123 125 (-2048 1856 368 ) (-2048 1920 368 ) (-1600 1920 368 ) (-1600 1856 368 ) 
4 123 127 (-1600 1472 368 ) (-2048 1472 368 ) (-2048 1856 368 ) (-1600 1856 368 ) 
4 124 138 (-1024 1536 96 ) (-1024 1472 96 ) (-1536 1472 96 ) (-1536 1536 96 ) 
4 124 128 (-1536 1472 96 ) (-1024 1472 96 ) (-1024 1472 368 ) (-1536 1472 368 ) 
4 124 127 (-1536 1536 96 ) (-1536 1472 96 ) (-1536 1472 368 ) (-1536 1536 368 ) 
4 125 127 (-1536 1856 288 ) (-1536 1856 368 ) (-2048 1856 368 ) (-2048 1856 288 ) 
4 126 140 (-2048 1920 96 ) (-1840 1920 96 ) (-1840 1856 96 ) (-2048 1856 96 ) 
4 126 139 (-1840 1920 96 ) (-1536 1920 96 ) (-1536 1856 96 ) (-1840 1856 96 ) 
4 126 127 (-2048 1856 96 ) (-1536 1856 96 ) (-1536 1856 272 ) (-2048 1856 272 ) 
4 127 141 (-1536 1824 96 ) (-1536 1472 96 ) (-2048 1472 96 ) (-2048 1824 96 ) 
4 127 140 (-1840 1824 96 ) (-2048 1824 96 ) (-2048 1856 96 ) (-1840 1856 96 ) 
4 127 139 (-1536 1856 96 ) (-1536 1824 96 ) (-1840 1824 96 ) (-1840 1856 96 ) 
4 127 129 (-2048 1472 368 ) (-2048 1472 96 ) (-1536 1472 96 ) (-1536 1472 368 ) 
4 128 150 (-1024 1024 96 ) (-1024 1024 1328 ) (-1536 1024 1328 ) (-1536 1024 96 ) 
4 128 138 (-1024 1472 96 ) (-1024 1024 96 ) (-1536 1024 96 ) (-1536 1472 96 ) 
4 128 129 (-1536 1472 1328 ) (-1536 1472 96 ) (-1536 1280 96 ) (-1536 1280 1328 ) 
4 129 141 (-2048 1280 96 ) (-2048 1472 96 ) (-1536 1472 96 ) (-1536 1280 96 ) 
4 130 131 (-1088 1904 -16 ) (-1088 1904 -144 ) (-1024 1904 -144 ) (-1024 1904 -16 ) 
4 131 134 (-1024 1552 -128 ) (-1024 1552 -32 ) (-1088 1552 -32 ) (-1088 1552 -128 ) 
4 131 132 (-1088 1904 -160 ) (-1088 1552 -160 ) (-1088 1552 96 ) (-1088 1904 96 ) 
4 132 137 (-1376 1552 -160 ) (-1184 1552 -160 ) (-1184 1552 -32 ) (-1376 1552 -32 ) 
4 132 134 (-1088 1552 -128 ) (-1088 1552 -32 ) (-1152 1552 -32 ) (-1152 1552 -128 ) 
4 132 133 (-1520 1760 -160 ) (-1520 1568 -160 ) (-1520 1568 -32 ) (-1520 1760 -32 ) 
4 133 141 (-1536 1760 -160 ) (-1536 1568 -160 ) (-1536 1568 -32 ) (-1536 1760 -32 ) 
4 134 135 (-1152 1548 -128 ) (-1024 1548 -128 ) (-1024 1548 -32 ) (-1152 1548 -32 ) 
4 135 136 (-1152 1540 -128 ) (-1024 1540 -128 ) (-1024 1540 -32 ) (-1152 1540 -32 ) 
4 136 138 (-1024 1536 -128 ) (-1024 1536 -32 ) (-1152 1536 -32 ) (-1152 1536 -128 ) 
4 137 138 (-1376 1536 -160 ) (-1184 1536 -160 ) (-1184 1536 -32 ) (-1376 1536 -32 ) 
4 138 150 (-1024 1024 -160 ) (-1024 1024 96 ) (-1536 1024 96 ) (-1536 1024 -160 ) 
4 138 141 (-1536 1536 -160 ) (-1536 1280 -160 ) (-1536 1280 96 ) (-1536 1536 96 ) 
4 139 141 (-1840 1824 -160 ) (-1536 1824 -160 ) (-1536 1824 96 ) (-1840 1824 96 ) 
4 139 140 (-1840 1824 32 ) (-1840 1824 96 ) (-1840 1920 96 ) (-1840 1920 32 ) 
4 140 141 (-1840 1824 32 ) (-1840 1824 96 ) (-2048 1824 96 ) (-2048 1824 32 ) 
4 142 152 (-1024 1024 -160 ) (-1024 1024 -416 ) (-1024 512 -416 ) (-1024 512 -160 ) 
4 142 150 (-1024 1024 1328 ) (-1024 1024 -160 ) (-1024 512 -160 ) (-1024 512 1328 ) 
4 142 148 (-272 512 -416 ) (-256 512 -416 ) (-256 512 -160 ) (-272 512 -160 ) 
4 142 146 (0 512 -144 ) (0 512 32 ) (-256 512 32 ) (-256 512 -144 ) 
4 142 149 (-1024 512 32 ) (-1024 512 -416 ) (-512 512 -416 ) (-512 512 32 ) 
4 142 145 (-1024 512 48 ) (-1024 512 32 ) (-512 512 32 ) (-512 512 48 ) 
4 142 143 (-1024 512 1328 ) (-1024 512 48 ) (0 512 48 ) (0 512 1328 ) 
4 143 226 (0 0 48 ) (0 0 1328 ) (-1024 0 1328 ) (-1024 0 48 ) 
4 143 151 (-1024 0 48 ) (-1024 0 1328 ) (-1024 512 1328 ) (-1024 512 48 ) 
4 143 144 (0 0 48 ) (-512 0 48 ) (-512 272 48 ) (0 272 48 ) 
4 143 145 (-512 0 48 ) (-1024 0 48 ) (-1024 512 48 ) (-512 512 48 ) 
4 144 227 (0 0 32 ) (0 0 48 ) (-512 0 48 ) (-512 0 32 ) 
4 144 147 (-256 0 32 ) (-512 0 32 ) (-512 272 32 ) (-256 272 32 ) 
4 144 146 (0 272 32 ) (0 0 32 ) (-256 0 32 ) (-256 272 32 ) 
4 144 145 (-512 272 32 ) (-512 0 32 ) (-512 0 48 ) (-512 272 48 ) 
4 145 228 (-512 0 48 ) (-1024 0 48 ) (-1024 0 32 ) (-512 0 32 ) 
4 145 151 (-1024 0 32 ) (-1024 0 48 ) (-1024 512 48 ) (-1024 512 32 ) 
4 145 149 (-1024 512 32 ) (-512 512 32 ) (-512 0 32 ) (-1024 0 32 ) 
4 146 229 (0 0 -144 ) (0 0 32 ) (-256 0 32 ) (-256 0 -144 ) 
4 146 147 (-256 272 -144 ) (-256 0 -144 ) (-256 0 32 ) (-256 272 32 ) 
4 147 230 (-256 0 32 ) (-512 0 32 ) (-512 0 -144 ) (-256 0 -144 ) 
4 147 149 (-512 0 32 ) (-512 272 32 ) (-512 272 -144 ) (-512 0 -144 ) 
4 149 232 (-512 0 32 ) (-1024 0 32 ) (-1024 0 -416 ) (-512 0 -416 ) 
4 149 152 (-1024 512 -416 ) (-1024 0 -416 ) (-1024 0 -160 ) (-1024 512 -160 ) 
4 149 151 (-1024 0 -160 ) (-1024 0 32 ) (-1024 512 32 ) (-1024 512 -160 ) 
3 150 152 (-1024 1024 -160 ) (-1024 512 -160 ) (-1152 512 -160 ) 
4 150 151 (-1152 512 -160 ) (-1024 512 -160 ) (-1024 512 1328 ) (-1152 512 1328 ) 
4 151 234 (-1024 0 -160 ) (-1024 0 1328 ) (-1280 0 1328 ) (-1280 0 -160 ) 
4 151 152 (-1024 0 -160 ) (-1280 0 -160 ) (-1152 512 -160 ) (-1024 512 -160 ) 
4 152 236 (-1024 0 -416 ) (-1024 0 -160 ) (-1280 0 -160 ) (-1280 0 -416 ) 
4 153 161 (1024 0 528 ) (1024 0 512 ) (1024 -832 512 ) (1024 -832 528 ) 
4 153 155 (1024 0 512 ) (1088 0 512 ) (1088 -832 512 ) (1024 -832 512 ) 
4 153 154 (1088 0 512 ) (1280 0 512 ) (1280 -832 512 ) (1088 -832 512 ) 
4 154 158 (1088 0 -160 ) (1280 0 -160 ) (1280 -896 -160 ) (1088 -896 -160 ) 
4 154 155 (1088 -896 256 ) (1088 -896 512 ) (1088 0 512 ) (1088 0 256 ) 
4 154 156 (1088 0 -160 ) (1088 -896 -160 ) (1088 -896 240 ) (1088 0 240 ) 
4 155 163 (1024 0 512 ) (1024 0 256 ) (1024 -896 256 ) (1024 -896 512 ) 
4 156 176 (1024 0 48 ) (1024 0 -160 ) (1024 -128 -160 ) (1024 -128 48 ) 
4 156 166 (1024 -768 48 ) (1024 -896 48 ) (1024 -896 176 ) (1024 -768 176 ) 
4 156 165 (1024 0 240 ) (1024 0 48 ) (1024 -128 48 ) (1024 -128 240 ) 
4 156 158 (1024 -896 -160 ) (1024 0 -160 ) (1088 0 -160 ) (1088 -896 -160 ) 
4 157 187 (1024 -1024 512 ) (1024 -1024 48 ) (1264 -1024 48 ) (1264 -1024 512 ) 
4 157 174 (1024 -1024 48 ) (1024 -1024 512 ) (1024 -912 512 ) (1024 -912 48 ) 
4 158 184 (1024 0 -160 ) (1024 0 -224 ) (1024 -128 -224 ) (1024 -128 -160 ) 
4 158 159 (1280 -896 -224 ) (1024 -896 -224 ) (1024 0 -224 ) (1280 0 -224 ) 
4 159 185 (1024 0 -224 ) (1024 0 -416 ) (1024 -128 -416 ) (1024 -128 -224 ) 
4 160 233 (0 -512 528 ) (0 -1024 528 ) (0 -1024 1328 ) (0 -512 1328 ) 
4 160 226 (0 0 1328 ) (0 0 528 ) (0 -512 528 ) (0 -512 1328 ) 
4 160 212 (64 -1024 1328 ) (0 -1024 1328 ) (0 -1024 528 ) (64 -1024 528 ) 
4 160 162 (0 0 528 ) (64 0 528 ) (64 -1024 528 ) (0 -1024 528 ) 
4 161 163 (64 0 512 ) (1024 0 512 ) (1024 -832 512 ) (64 -832 512 ) 
4 161 162 (64 0 512 ) (64 -832 512 ) (64 -832 528 ) (64 0 528 ) 
4 162 233 (0 -512 512 ) (0 -1024 512 ) (0 -1024 528 ) (0 -512 528 ) 
4 162 226 (0 0 528 ) (0 0 512 ) (0 -512 512 ) (0 -512 528 ) 
4 162 212 (64 -1024 528 ) (0 -1024 528 ) (0 -1024 512 ) (64 -1024 512 ) 
4 162 175 (64 -912 512 ) (64 -1024 512 ) (0 -1024 512 ) (0 -912 512 ) 
4 162 173 (64 -896 512 ) (64 -912 512 ) (0 -912 512 ) (0 -896 512 ) 
4 162 163 (48 0 512 ) (64 0 512 ) (64 -896 512 ) (48 -896 512 ) 
4 162 164 (0 0 512 ) (48 0 512 ) (48 -896 512 ) (0 -896 512 ) 
4 163 173 (128 -896 512 ) (48 -896 512 ) (48 -896 256 ) (128 -896 256 ) 
4 163 164 (48 -896 256 ) (48 -896 512 ) (48 0 512 ) (48 0 256 ) 
4 164 233 (0 -512 240 ) (0 -896 240 ) (0 -896 512 ) (0 -512 512 ) 
4 164 226 (0 0 512 ) (0 0 240 ) (0 -512 240 ) (0 -512 512 ) 
4 164 173 (48 -896 512 ) (0 -896 512 ) (0 -896 240 ) (48 -896 240 ) 
4 164 171 (48 -896 240 ) (0 -896 240 ) (0 0 240 ) (48 0 240 ) 
4 165 176 (144 0 48 ) (1024 0 48 ) (1024 -128 48 ) (144 -128 48 ) 
4 165 169 (144 0 48 ) (144 -128 48 ) (144 -128 240 ) (144 0 240 ) 
4 166 167 (1008 -768 48 ) (1008 -896 48 ) (1008 -896 176 ) (1008 -768 176 ) 
4 167 172 (576 -896 48 ) (688 -896 48 ) (688 -896 176 ) (576 -896 176 ) 
4 167 168 (384 -640 48 ) (384 -896 48 ) (384 -896 240 ) (384 -640 240 ) 
4 168 170 (144 -320 48 ) (144 -512 48 ) (144 -512 176 ) (144 -320 176 ) 
4 169 176 (128 0 48 ) (144 0 48 ) (144 -128 48 ) (128 -128 48 ) 
4 169 171 (128 0 48 ) (128 -128 48 ) (128 -128 240 ) (128 0 240 ) 
4 170 171 (128 -320 48 ) (128 -512 48 ) (128 -512 176 ) (128 -320 176 ) 
4 171 233 (0 -512 48 ) (0 -896 48 ) (0 -896 240 ) (0 -512 240 ) 
4 171 226 (0 0 240 ) (0 0 48 ) (0 -512 48 ) (0 -512 240 ) 
4 171 177 (0 -272 48 ) (0 0 48 ) (128 0 48 ) (128 -272 48 ) 
4 171 178 (0 -896 48 ) (0 -512 48 ) (128 -512 48 ) (128 -896 48 ) 
4 171 173 (0 -896 48 ) (128 -896 48 ) (128 -896 240 ) (0 -896 240 ) 
4 172 174 (576 -912 48 ) (688 -912 48 ) (688 -912 176 ) (576 -912 176 ) 
4 173 233 (0 -896 48 ) (0 -912 48 ) (0 -912 512 ) (0 -896 512 ) 
4 173 178 (0 -912 48 ) (0 -896 48 ) (128 -896 48 ) (128 -912 48 ) 
4 173 175 (0 -912 48 ) (128 -912 48 ) (128 -912 512 ) (0 -912 512 ) 
4 174 191 (1024 -1024 48 ) (1024 -1024 512 ) (144 -1024 512 ) (144 -1024 48 ) 
4 175 233 (0 -912 48 ) (0 -1024 48 ) (0 -1024 512 ) (0 -912 512 ) 
4 175 218 (0 -1024 96 ) (0 -1024 48 ) (112 -1024 48 ) (112 -1024 96 ) 
4 175 216 (112 -1024 48 ) (128 -1024 48 ) (128 -1024 96 ) (112 -1024 96 ) 
4 175 214 (0 -1024 368 ) (0 -1024 96 ) (128 -1024 96 ) (128 -1024 368 ) 
4 175 213 (128 -1024 512 ) (0 -1024 512 ) (0 -1024 368 ) (128 -1024 368 ) 
4 175 178 (128 -1024 48 ) (0 -1024 48 ) (0 -912 48 ) (128 -912 48 ) 
4 176 184 (128 0 -160 ) (1024 0 -160 ) (1024 -128 -160 ) (128 -128 -160 ) 
4 176 179 (128 -128 -144 ) (128 -128 32 ) (128 0 32 ) (128 0 -144 ) 
4 176 177 (128 -128 32 ) (128 -128 48 ) (128 0 48 ) (128 0 32 ) 
4 177 227 (0 0 48 ) (0 0 32 ) (0 -272 32 ) (0 -272 48 ) 
4 177 180 (128 -128 32 ) (128 -272 32 ) (48 -272 32 ) (48 -128 32 ) 
4 177 179 (48 0 32 ) (128 0 32 ) (128 -128 32 ) (48 -128 32 ) 
4 177 182 (0 0 32 ) (48 0 32 ) (48 -272 32 ) (0 -272 32 ) 
4 178 233 (0 -512 32 ) (0 -1024 32 ) (0 -1024 48 ) (0 -512 48 ) 
4 178 218 (112 -1024 48 ) (0 -1024 48 ) (0 -1024 32 ) (112 -1024 32 ) 
4 178 216 (128 -1024 48 ) (112 -1024 48 ) (112 -1024 32 ) (128 -1024 32 ) 
4 178 181 (128 -512 32 ) (128 -1024 32 ) (48 -1024 32 ) (48 -512 32 ) 
4 178 182 (48 -1024 32 ) (0 -1024 32 ) (0 -512 32 ) (48 -512 32 ) 
4 179 180 (48 -128 32 ) (48 -128 -32 ) (128 -128 -32 ) (128 -128 32 ) 
4 179 182 (48 0 -144 ) (48 -128 -144 ) (48 -128 32 ) (48 0 32 ) 
4 180 182 (48 -304 -32 ) (48 -304 32 ) (48 -128 32 ) (48 -128 -32 ) 
4 180 181 (48 -304 32 ) (48 -304 -32 ) (128 -304 -32 ) (128 -304 32 ) 
4 181 218 (48 -1024 -144 ) (112 -1024 -144 ) (112 -1024 32 ) (48 -1024 32 ) 
4 181 216 (112 -1024 -144 ) (128 -1024 -144 ) (128 -1024 32 ) (112 -1024 32 ) 
4 181 183 (128 -512 -144 ) (128 -1024 -144 ) (48 -1024 -144 ) (48 -512 -144 ) 
4 181 182 (48 -304 -144 ) (48 -1024 -144 ) (48 -1024 32 ) (48 -304 32 ) 
4 182 233 (0 -512 -144 ) (0 -1024 -144 ) (0 -1024 32 ) (0 -512 32 ) 
4 182 229 (0 0 32 ) (0 0 -144 ) (0 -512 -144 ) (0 -512 32 ) 
4 182 218 (0 -1024 32 ) (0 -1024 -144 ) (48 -1024 -144 ) (48 -1024 32 ) 
4 182 183 (0 -1024 -144 ) (0 -512 -144 ) (48 -512 -144 ) (48 -1024 -144 ) 
4 183 233 (0 -512 -160 ) (0 -1024 -160 ) (0 -1024 -144 ) (0 -512 -144 ) 
4 183 218 (0 -1024 -144 ) (0 -1024 -160 ) (112 -1024 -160 ) (112 -1024 -144 ) 
4 183 216 (112 -1024 -160 ) (128 -1024 -160 ) (128 -1024 -144 ) (112 -1024 -144 ) 
4 183 186 (128 -512 -160 ) (128 -1024 -160 ) (0 -1024 -160 ) (0 -512 -160 ) 
4 184 185 (1024 -128 -224 ) (128 -128 -224 ) (128 0 -224 ) (1024 0 -224 ) 
4 186 233 (0 -512 -416 ) (0 -1024 -416 ) (0 -1024 -160 ) (0 -512 -160 ) 
4 186 222 (128 -1024 -160 ) (0 -1024 -160 ) (0 -1024 -416 ) (128 -1024 -416 ) 
4 187 191 (1024 -1024 512 ) (1024 -1024 48 ) (1024 -1280 48 ) (1024 -1280 512 ) 
4 187 188 (1264 -1280 48 ) (1264 -1280 512 ) (1024 -1280 512 ) (1024 -1280 48 ) 
4 188 192 (1024 -1280 -144 ) (1024 -1408 -144 ) (1024 -1408 48 ) (1024 -1280 48 ) 
4 188 193 (1024 -1408 -144 ) (1024 -1648 -144 ) (1024 -1648 48 ) (1024 -1408 48 ) 
4 188 191 (1024 -1648 48 ) (1024 -1648 512 ) (1024 -1280 512 ) (1024 -1280 48 ) 
4 189 224 (1280 -2048 -144 ) (1280 -2048 368.125000 ) (1024 -2048 368.125000 ) (1024 -2048 -144 ) 
4 189 200 (1024 -1904 -144 ) (1024 -2048 -144 ) (1024 -2048 64 ) (1024 -1904 64 ) 
4 189 198 (1024 -1664 -144 ) (1024 -1904 -144 ) (1024 -1904 64 ) (1024 -1664 64 ) 
4 189 196 (1024 -2048 64 ) (1024 -2048 80 ) (1024 -1664 80 ) (1024 -1664 64 ) 
4 189 195 (1024 -2048 80 ) (1024 -2048 368.125000 ) (1024 -1664 368.125000 ) (1024 -1664 80 ) 
4 189 190 (1024 -2048 -144 ) (1024 -1664 -144 ) (1280 -1664 -144 ) (1280 -2048 -144 ) 
4 190 224 (1280 -2048 -416 ) (1280 -2048 -144 ) (1024 -2048 -144 ) (1024 -2048 -416 ) 
4 190 210 (1024 -1664 -416 ) (1024 -2048 -416 ) (1024 -2048 -144 ) (1024 -1664 -144 ) 
4 191 202 (144 -1152 128 ) (144 -1408 128 ) (144 -1408 384 ) (144 -1152 384 ) 
4 191 192 (272 -1280 48 ) (1024 -1280 48 ) (1024 -1408 48 ) (272 -1408 48 ) 
4 191 193 (144 -1648 48 ) (144 -1408 48 ) (1024 -1408 48 ) (1024 -1648 48 ) 
4 192 193 (1024 -1408 48 ) (272 -1408 48 ) (640 -1408 -144 ) (1024 -1408 -144 ) 
4 193 206 (144 -1416 -144 ) (144 -1528 -144 ) (144 -1528 -16 ) (144 -1416 -16 ) 
4 193 194 (208 -1648 -144 ) (400 -1648 -144 ) (400 -1648 -16 ) (208 -1648 -16 ) 
4 194 199 (208 -1664 -144 ) (384 -1664 -144 ) (384 -1664 -16 ) (208 -1664 -16 ) 
4 195 225 (1024 -2048 80 ) (1024 -2048 368.125000 ) (144 -2048 368.125000 ) (144 -2048 80 ) 
4 195 208 (144 -1920 128 ) (144 -1904 128 ) (144 -1904 80 ) (144 -1920 80 ) 
4 195 209 (144 -2048 80 ) (144 -2048 128 ) (144 -1920 128 ) (144 -1920 80 ) 
4 195 205 (144 -1904 128 ) (144 -1664 128 ) (144 -1664 80 ) (144 -1904 80 ) 
4 195 204 (144 -2048 128 ) (144 -2048 368.125000 ) (144 -1664 368.125000 ) (144 -1664 128 ) 
4 195 197 (400 -2048 80 ) (144 -2048 80 ) (144 -1920 80 ) (400 -1920 80 ) 
4 195 196 (1024 -2048 80 ) (400 -2048 80 ) (400 -1664 80 ) (1024 -1664 80 ) 
4 196 225 (1024 -2048 64 ) (1024 -2048 80 ) (400 -2048 80 ) (400 -2048 64 ) 
4 196 200 (1024 -1904 64 ) (1024 -2048 64 ) (400 -2048 64 ) (400 -1904 64 ) 
4 196 198 (400 -1664 64 ) (1024 -1664 64 ) (1024 -1904 64 ) (400 -1904 64 ) 
4 196 197 (400 -1920 64 ) (400 -2048 64 ) (400 -2048 80 ) (400 -1920 80 ) 
4 197 225 (400 -2048 80 ) (144 -2048 80 ) (144 -2048 64 ) (400 -2048 64 ) 
4 197 209 (144 -2048 64 ) (144 -2048 80 ) (144 -1920 80 ) (144 -1920 64 ) 
4 197 201 (144 -2048 64 ) (144 -1920 64 ) (400 -1920 64 ) (400 -2048 64 ) 
4 198 210 (400 -1664 -144 ) (1024 -1664 -144 ) (1024 -1904 -144 ) (400 -1904 -144 ) 
4 198 200 (1024 -1904 64 ) (400 -1904 64 ) (400 -1904 -144 ) (1024 -1904 -144 ) 
4 199 207 (144 -1664 -144 ) (144 -1904 -144 ) (144 -1904 -16 ) (144 -1664 -16 ) 
4 199 205 (144 -1904 -16 ) (144 -1904 64 ) (144 -1664 64 ) (144 -1664 -16 ) 
4 200 225 (1024 -2048 -144 ) (1024 -2048 64 ) (400 -2048 64 ) (400 -2048 -144 ) 
4 200 210 (1024 -2048 -144 ) (400 -2048 -144 ) (400 -1904 -144 ) (1024 -1904 -144 ) 
4 200 201 (400 -1920 -144 ) (400 -2048 -144 ) (400 -2048 64 ) (400 -1920 64 ) 
4 201 225 (400 -2048 64 ) (144 -2048 64 ) (144 -2048 -144 ) (400 -2048 -144 ) 
4 201 211 (400 -2048 -144 ) (144 -2048 -144 ) (144 -1920 -144 ) (400 -1920 -144 ) 
4 201 209 (144 -1920 -144 ) (144 -2048 -144 ) (144 -2048 64 ) (144 -1920 64 ) 
4 202 203 (136 -1152 384 ) (136 -1152 128 ) (136 -1408 128 ) (136 -1408 384 ) 
4 203 214 (128 -1152 368 ) (128 -1152 128 ) (128 -1408 128 ) (128 -1408 368 ) 
4 203 213 (128 -1408 384 ) (128 -1152 384 ) (128 -1152 368 ) (128 -1408 368 ) 
4 204 225 (128 -2048 368.125000 ) (128 -2048 128 ) (144 -2048 128 ) (144 -2048 368.125000 ) 
4 204 215 (128 -2048 128 ) (128 -2048 368.125000 ) (128 -1920 368.125000 ) (128 -1920 128 ) 
4 204 208 (128 -1920 128 ) (128 -1904 128 ) (144 -1904 128 ) (144 -1920 128 ) 
4 204 209 (128 -2048 128 ) (128 -1920 128 ) (144 -1920 128 ) (144 -2048 128 ) 
4 204 205 (128 -1904 128 ) (128 -1664 128 ) (144 -1664 128 ) (144 -1904 128 ) 
4 205 208 (144 -1904 64 ) (144 -1904 128 ) (128 -1904 128 ) (128 -1904 64 ) 
4 205 207 (144 -1904 -16 ) (128 -1904 -16 ) (128 -1664 -16 ) (144 -1664 -16 ) 
4 206 216 (128 -1416 -144 ) (128 -1528 -144 ) (128 -1528 -16 ) (128 -1416 -16 ) 
4 208 209 (144 -1920 64 ) (144 -1920 128 ) (128 -1920 128 ) (128 -1920 64 ) 
4 209 225 (128 -2048 128 ) (128 -2048 -144 ) (144 -2048 -144 ) (144 -2048 128 ) 
4 209 217 (128 -2048 -144 ) (128 -2048 96 ) (128 -1920 96 ) (128 -1920 -144 ) 
4 209 215 (128 -2048 96 ) (128 -2048 128 ) (128 -1920 128 ) (128 -1920 96 ) 
4 209 211 (144 -2048 -144 ) (128 -2048 -144 ) (128 -1920 -144 ) (144 -1920 -144 ) 
4 210 225 (1024 -2048 -416 ) (1024 -2048 -144 ) (400 -2048 -144 ) (400 -2048 -416 ) 
4 210 211 (400 -1920 -416 ) (400 -2048 -416 ) (400 -2048 -144 ) (400 -1920 -144 ) 
4 211 225 (400 -2048 -144 ) (128 -2048 -144 ) (128 -2048 -416 ) (400 -2048 -416 ) 
4 211 223 (128 -2048 -416 ) (128 -2048 -160 ) (128 -1920 -160 ) (128 -1920 -416 ) 
4 211 217 (128 -2048 -160 ) (128 -2048 -144 ) (128 -1920 -144 ) (128 -1920 -160 ) 
4 212 237 (0 -1472 1328 ) (0 -1024 1328 ) (0 -1024 512 ) (0 -1472 512 ) 
4 212 213 (0 -1472 512 ) (0 -1024 512 ) (64 -1024 512 ) (64 -1472 512 ) 
4 213 237 (0 -1472 512 ) (0 -1024 512 ) (0 -1024 368 ) (0 -1472 368 ) 
4 213 214 (128 -1024 368 ) (128 -1472 368 ) (0 -1472 368 ) (0 -1024 368 ) 
4 214 238 (0 -1536 368 ) (0 -1024 368 ) (0 -1024 96 ) (0 -1536 96 ) 
4 214 218 (0 -1536 96 ) (0 -1024 96 ) (112 -1024 96 ) (112 -1536 96 ) 
4 214 216 (112 -1024 96 ) (128 -1024 96 ) (128 -1536 96 ) (112 -1536 96 ) 
4 215 250 (0 -2048 96 ) (0 -2048 368 ) (0 -1920 368 ) (0 -1920 96 ) 
4 215 225 (128 -2048 96 ) (128 -2048 368 ) (0 -2048 368 ) (0 -2048 96 ) 
4 215 221 (0 -2048 96 ) (0 -1920 96 ) (112 -1920 96 ) (112 -2048 96 ) 
4 215 217 (112 -1920 96 ) (128 -1920 96 ) (128 -2048 96 ) (112 -2048 96 ) 
4 216 222 (128 -1024 -160 ) (128 -1536 -160 ) (112 -1536 -160 ) (112 -1024 -160 ) 
4 216 218 (112 -1024 -160 ) (112 -1536 -160 ) (112 -1536 96 ) (112 -1024 96 ) 
4 217 225 (128 -2048 -160 ) (128 -2048 96 ) (112 -2048 96 ) (112 -2048 -160 ) 
4 217 223 (128 -1920 -160 ) (128 -2048 -160 ) (112 -2048 -160 ) (112 -1920 -160 ) 
4 217 221 (112 -1920 -160 ) (112 -2048 -160 ) (112 -2048 96 ) (112 -1920 96 ) 
4 218 240 (0 -1024 -32 ) (0 -1024 -160 ) (0 -1536 -160 ) (0 -1536 -32 ) 
4 218 239 (0 -1536 96 ) (0 -1024 96 ) (0 -1024 -32 ) (0 -1536 -32 ) 
4 218 222 (0 -1536 -160 ) (0 -1024 -160 ) (112 -1024 -160 ) (112 -1536 -160 ) 
4 218 219 (0 -1536 -160 ) (112 -1536 -160 ) (112 -1536 -32 ) (0 -1536 -32 ) 
4 219 240 (0 -1536 -32 ) (0 -1536 -160 ) (0 -1552 -160 ) (0 -1552 -32 ) 
4 219 220 (0 -1552 -160 ) (112 -1552 -160 ) (112 -1552 -32 ) (0 -1552 -32 ) 
4 220 246 (0 -1904 96 ) (0 -1552 96 ) (0 -1552 -160 ) (0 -1904 -160 ) 
4 221 252 (0 -2048 -160 ) (0 -2048 48 ) (0 -1920 48 ) (0 -1920 -160 ) 
4 221 251 (0 -2048 48 ) (0 -2048 64 ) (0 -1920 64 ) (0 -1920 48 ) 
4 221 250 (0 -2048 64 ) (0 -2048 96 ) (0 -1920 96 ) (0 -1920 64 ) 
4 221 225 (112 -2048 96 ) (0 -2048 96 ) (0 -2048 -160 ) (112 -2048 -160 ) 
4 221 223 (112 -2048 -160 ) (0 -2048 -160 ) (0 -1920 -160 ) (112 -1920 -160 ) 
4 222 249 (0 -1536 -160 ) (0 -1024 -160 ) (0 -1024 -416 ) (0 -1536 -416 ) 
4 223 252 (0 -2048 -416 ) (0 -2048 -160 ) (0 -1920 -160 ) (0 -1920 -416 ) 
4 223 225 (128 -2048 -416 ) (128 -2048 -160 ) (0 -2048 -160 ) (0 -2048 -416 ) 
4 224 225 (1024 -2048 368.125000 ) (1024 -2048 -416 ) (1024 -2432 -416 ) (1024 -2432 368.125000 ) 
4 225 291 (0 -2192 -416 ) (0 -2432 -416 ) (0 -2432 48 ) (0 -2192 48 ) 
4 225 289 (0 -2176 -416 ) (0 -2192 -416 ) (0 -2192 48 ) (0 -2176 48 ) 
4 225 286 (0 -2048 48 ) (0 -2048 -416 ) (0 -2176 -416 ) (0 -2176 48 ) 
4 225 285 (0 -2432 368 ) (0 -2192 368 ) (0 -2192 48 ) (0 -2432 48 ) 
4 225 283 (0 -2192 368 ) (0 -2048 368 ) (0 -2048 48 ) (0 -2192 48 ) 
4 226 234 (-1024 0 1328 ) (-1024 0 48 ) (-1024 -512 48 ) (-1024 -512 1328 ) 
4 226 233 (-1024 -512 1328 ) (-1024 -512 48 ) (0 -512 48 ) (0 -512 1328 ) 
4 226 227 (-512 -272 48 ) (-512 0 48 ) (0 0 48 ) (0 -272 48 ) 
4 226 228 (-512 -512 48 ) (-1024 -512 48 ) (-1024 0 48 ) (-512 0 48 ) 
4 227 230 (-512 -272 32 ) (-512 0 32 ) (-256 0 32 ) (-256 -272 32 ) 
4 227 229 (-256 0 32 ) (0 0 32 ) (0 -272 32 ) (-256 -272 32 ) 
4 227 228 (-512 0 32 ) (-512 -272 32 ) (-512 -272 48 ) (-512 0 48 ) 
4 228 234 (-1024 0 48 ) (-1024 0 32 ) (-1024 -512 32 ) (-1024 -512 48 ) 
4 228 233 (-1024 -512 48 ) (-1024 -512 32 ) (-512 -512 32 ) (-512 -512 48 ) 
4 228 232 (-512 -512 32 ) (-1024 -512 32 ) (-1024 0 32 ) (-512 0 32 ) 
4 229 233 (0 -512 -144 ) (0 -512 32 ) (-256 -512 32 ) (-256 -512 -144 ) 
4 229 230 (-256 0 -144 ) (-256 -272 -144 ) (-256 -272 32 ) (-256 0 32 ) 
4 230 232 (-512 -272 32 ) (-512 0 32 ) (-512 0 -144 ) (-512 -272 -144 ) 
4 231 233 (-272 -512 -416 ) (-256 -512 -416 ) (-256 -512 -160 ) (-272 -512 -160 ) 
4 232 236 (-1024 0 -160 ) (-1024 0 -416 ) (-1024 -512 -416 ) (-1024 -512 -160 ) 
4 232 234 (-1024 0 32 ) (-1024 0 -160 ) (-1024 -512 -160 ) (-1024 -512 32 ) 
4 232 233 (-1024 -512 32 ) (-1024 -512 -416 ) (-512 -512 -416 ) (-512 -512 32 ) 
4 233 249 (0 -1024 -416 ) (0 -1024 -160 ) (-1024 -1024 -160 ) (-1024 -1024 -416 ) 
4 233 245 (-1024 -1024 -128 ) (-1024 -1024 -160 ) (-640 -1024 -160 ) (-640 -1024 -128 ) 
4 233 242 (-640 -1024 -32 ) (-1024 -1024 -32 ) (-1024 -1024 -128 ) (-640 -1024 -128 ) 
4 233 241 (-80 -1024 -32 ) (-640 -1024 -32 ) (-640 -1024 -160 ) (-80 -1024 -160 ) 
4 233 240 (0 -1024 -160 ) (0 -1024 -32 ) (-80 -1024 -32 ) (-80 -1024 -160 ) 
4 233 239 (0 -1024 -32 ) (0 -1024 96 ) (-1024 -1024 96 ) (-1024 -1024 -32 ) 
4 233 238 (0 -1024 96 ) (0 -1024 368 ) (-1024 -1024 368 ) (-1024 -1024 96 ) 
4 233 237 (0 -1024 368 ) (0 -1024 1328 ) (-1024 -1024 1328 ) (-1024 -1024 368 ) 
4 233 236 (-1024 -512 -416 ) (-1024 -1024 -416 ) (-1024 -1024 -160 ) (-1024 -512 -160 ) 
4 233 235 (-1024 -1024 -160 ) (-1024 -1024 1328 ) (-1024 -512 1328 ) (-1024 -512 -160 ) 
4 234 236 (-1280 0 -160 ) (-1024 0 -160 ) (-1024 -512 -160 ) (-1152 -512 -160 ) 
4 234 235 (-1152 -512 -160 ) (-1024 -512 -160 ) (-1024 -512 1328 ) (-1152 -512 1328 ) 
4 235 262 (-1024 -1024 -160 ) (-1024 -1024 96 ) (-1536 -1024 96 ) (-1536 -1024 -160 ) 
4 235 255 (-1024 -1024 96 ) (-1024 -1024 1328 ) (-1536 -1024 1328 ) (-1536 -1024 96 ) 
3 235 236 (-1024 -1024 -160 ) (-1152 -512 -160 ) (-1024 -512 -160 ) 
4 237 255 (-1024 -1024 1328 ) (-1024 -1024 368 ) (-1024 -1472 368 ) (-1024 -1472 1328 ) 
4 237 238 (-1024 -1472 368 ) (-1024 -1024 368 ) (0 -1024 368 ) (0 -1472 368 ) 
4 238 258 (-1024 -1472 96 ) (-1024 -1536 96 ) (-1024 -1536 368 ) (-1024 -1472 368 ) 
4 238 255 (-1024 -1024 368 ) (-1024 -1024 96 ) (-1024 -1472 96 ) (-1024 -1472 368 ) 
4 238 239 (-1024 -1536 96 ) (-1024 -1024 96 ) (0 -1024 96 ) (0 -1536 96 ) 
4 239 262 (-1024 -1024 96 ) (-1024 -1024 -32 ) (-1024 -1536 -32 ) (-1024 -1536 96 ) 
4 239 242 (-1024 -1536 -32 ) (-1024 -1024 -32 ) (-640 -1024 -32 ) (-640 -1536 -32 ) 
4 239 241 (-640 -1024 -32 ) (-80 -1024 -32 ) (-80 -1536 -32 ) (-640 -1536 -32 ) 
4 239 240 (-80 -1024 -32 ) (0 -1024 -32 ) (0 -1536 -32 ) (-80 -1536 -32 ) 
4 240 249 (-80 -1024 -160 ) (0 -1024 -160 ) (0 -1536 -160 ) (-80 -1536 -160 ) 
4 240 246 (-80 -1552 -160 ) (0 -1552 -160 ) (0 -1552 -32 ) (-80 -1552 -32 ) 
4 240 241 (-80 -1024 -160 ) (-80 -1536 -160 ) (-80 -1536 -32 ) (-80 -1024 -32 ) 
4 241 249 (-640 -1024 -160 ) (-80 -1024 -160 ) (-80 -1536 -160 ) (-640 -1536 -160 ) 
4 241 245 (-640 -1024 -160 ) (-640 -1536 -160 ) (-640 -1536 -128 ) (-640 -1024 -128 ) 
4 241 242 (-640 -1536 -128 ) (-640 -1536 -32 ) (-640 -1024 -32 ) (-640 -1024 -128 ) 
4 242 263 (-1024 -1536 -128 ) (-1024 -1540 -128 ) (-1024 -1540 -32 ) (-1024 -1536 -32 ) 
4 242 262 (-1024 -1024 -32 ) (-1024 -1024 -128 ) (-1024 -1536 -128 ) (-1024 -1536 -32 ) 
4 242 245 (-1024 -1024 -128 ) (-640 -1024 -128 ) (-640 -1536 -128 ) (-1024 -1536 -128 ) 
4 242 243 (-1024 -1540 -128 ) (-640 -1540 -128 ) (-640 -1540 -32 ) (-1024 -1540 -32 ) 
4 243 264 (-1024 -1540 -128 ) (-1024 -1548 -128 ) (-1024 -1548 -32 ) (-1024 -1540 -32 ) 
4 243 244 (-1024 -1548 -128 ) (-640 -1548 -128 ) (-640 -1548 -32 ) (-1024 -1548 -32 ) 
4 244 265 (-1024 -1548 -128 ) (-1024 -1552 -128 ) (-1024 -1552 -32 ) (-1024 -1548 -32 ) 
4 244 247 (-896 -1552 -32 ) (-1024 -1552 -32 ) (-1024 -1552 -128 ) (-896 -1552 -128 ) 
4 244 246 (-640 -1552 -128 ) (-640 -1552 -32 ) (-896 -1552 -32 ) (-896 -1552 -128 ) 
4 245 262 (-1024 -1024 -128 ) (-1024 -1024 -160 ) (-1024 -1536 -160 ) (-1024 -1536 -128 ) 
4 245 249 (-1024 -1536 -160 ) (-1024 -1024 -160 ) (-640 -1024 -160 ) (-640 -1536 -160 ) 
4 246 247 (-896 -1552 96 ) (-896 -1552 -160 ) (-896 -1904 -160 ) (-896 -1904 96 ) 
4 247 267 (-1024 -1552 -160 ) (-1024 -1904 -160 ) (-1024 -1904 96 ) (-1024 -1552 96 ) 
4 247 248 (-896 -1904 -144 ) (-896 -1904 -16 ) (-1024 -1904 -16 ) (-1024 -1904 -144 ) 
4 248 268 (-1024 -1920 -144 ) (-1024 -1920 -16 ) (-1024 -1904 -16 ) (-1024 -1904 -144 ) 
4 248 254 (-1024 -1920 -16 ) (-1024 -1920 -144 ) (-896 -1920 -144 ) (-896 -1920 -16 ) 
4 250 284 (-880 -2048 368 ) (-1024 -2048 368 ) (-1024 -2048 64 ) (-880 -2048 64 ) 
4 250 283 (0 -2048 64 ) (0 -2048 368 ) (-880 -2048 368 ) (-880 -2048 64 ) 
4 250 276 (-1024 -2048 64 ) (-1024 -2048 272 ) (-1024 -1920 272 ) (-1024 -1920 64 ) 
4 250 275 (-1024 -2048 272 ) (-1024 -2048 288 ) (-1024 -1920 288 ) (-1024 -1920 272 ) 
4 250 274 (-1024 -2048 288 ) (-1024 -2048 368 ) (-1024 -1920 368 ) (-1024 -1920 288 ) 
4 250 251 (-880 -1920 64 ) (0 -1920 64 ) (0 -2048 64 ) (-880 -2048 64 ) 
4 251 283 (0 -2048 48 ) (0 -2048 64 ) (-880 -2048 64 ) (-880 -2048 48 ) 
4 251 252 (-880 -1920 48 ) (0 -1920 48 ) (0 -2048 48 ) (-880 -2048 48 ) 
4 252 286 (0 -2048 -416 ) (0 -2048 48 ) (-880 -2048 48 ) (-880 -2048 -416 ) 
4 252 253 (-880 -1920 -416 ) (-880 -2048 -416 ) (-880 -2048 -144 ) (-880 -1920 -144 ) 
4 253 287 (-896 -2048 -144 ) (-896 -2048 -416 ) (-880 -2048 -416 ) (-880 -2048 -144 ) 
4 254 288 (-896 -2048 48 ) (-1024 -2048 48 ) (-1024 -2048 -144 ) (-896 -2048 -144 ) 
4 254 277 (-1024 -2048 -144 ) (-1024 -2048 48 ) (-1024 -1920 48 ) (-1024 -1920 -144 ) 
4 255 262 (-1536 -1024 96 ) (-1024 -1024 96 ) (-1024 -1472 96 ) (-1536 -1472 96 ) 
4 255 258 (-1536 -1472 96 ) (-1024 -1472 96 ) (-1024 -1472 368 ) (-1536 -1472 368 ) 
4 255 256 (-1536 -1280 96 ) (-1536 -1472 96 ) (-1536 -1472 1328 ) (-1536 -1280 1328 ) 
4 256 271 (-2048 -1472 96 ) (-2048 -1280 96 ) (-1536 -1280 96 ) (-1536 -1472 96 ) 
4 256 259 (-2048 -1472 368 ) (-2048 -1472 96 ) (-1536 -1472 96 ) (-1536 -1472 368 ) 
4 256 257 (-2048 -1472 1328 ) (-2048 -1472 368 ) (-1600 -1472 368 ) (-1600 -1472 1328 ) 
4 257 260 (-1600 -1920 368 ) (-2048 -1920 368 ) (-2048 -1856 368 ) (-1600 -1856 368 ) 
4 257 259 (-2048 -1856 368 ) (-2048 -1472 368 ) (-1600 -1472 368 ) (-1600 -1856 368 ) 
4 258 262 (-1536 -1536 96 ) (-1536 -1472 96 ) (-1024 -1472 96 ) (-1024 -1536 96 ) 
4 258 259 (-1536 -1536 368 ) (-1536 -1472 368 ) (-1536 -1472 96 ) (-1536 -1536 96 ) 
4 259 273 (-2048 -1856 96 ) (-2048 -1824 96 ) (-1840 -1824 96 ) (-1840 -1856 96 ) 
4 259 272 (-1840 -1824 96 ) (-1536 -1824 96 ) (-1536 -1856 96 ) (-1840 -1856 96 ) 
4 259 271 (-2048 -1824 96 ) (-2048 -1472 96 ) (-1536 -1472 96 ) (-1536 -1824 96 ) 
4 259 260 (-1536 -1856 288 ) (-1536 -1856 368 ) (-2048 -1856 368 ) (-2048 -1856 288 ) 
4 259 261 (-2048 -1856 96 ) (-1536 -1856 96 ) (-1536 -1856 272 ) (-2048 -1856 272 ) 
4 261 280 (-2032 -1920 96 ) (-1840 -1920 96 ) (-1840 -1920 160 ) (-2032 -1920 160 ) 
4 261 273 (-1840 -1920 96 ) (-2048 -1920 96 ) (-2048 -1856 96 ) (-1840 -1856 96 ) 
4 261 272 (-1536 -1920 96 ) (-1840 -1920 96 ) (-1840 -1856 96 ) (-1536 -1856 96 ) 
4 262 271 (-1536 -1280 -160 ) (-1536 -1536 -160 ) (-1536 -1536 96 ) (-1536 -1280 96 ) 
4 262 266 (-1376 -1536 -160 ) (-1184 -1536 -160 ) (-1184 -1536 -32 ) (-1376 -1536 -32 ) 
4 262 263 (-1024 -1536 -128 ) (-1024 -1536 -32 ) (-1152 -1536 -32 ) (-1152 -1536 -128 ) 
4 263 264 (-1152 -1540 -128 ) (-1024 -1540 -128 ) (-1024 -1540 -32 ) (-1152 -1540 -32 ) 
4 264 265 (-1152 -1548 -128 ) (-1024 -1548 -128 ) (-1024 -1548 -32 ) (-1152 -1548 -32 ) 
4 265 269 (-1088 -1552 -32 ) (-1152 -1552 -32 ) (-1152 -1552 -128 ) (-1088 -1552 -128 ) 
4 265 267 (-1024 -1552 -128 ) (-1024 -1552 -32 ) (-1088 -1552 -32 ) (-1088 -1552 -128 ) 
4 266 269 (-1376 -1552 -160 ) (-1184 -1552 -160 ) (-1184 -1552 -32 ) (-1376 -1552 -32 ) 
4 267 269 (-1088 -1552 96 ) (-1088 -1552 -160 ) (-1088 -1904 -160 ) (-1088 -1904 96 ) 
4 267 268 (-1088 -1904 -16 ) (-1088 -1904 -144 ) (-1024 -1904 -144 ) (-1024 -1904 -16 ) 
4 268 277 (-1024 -1920 -144 ) (-1024 -1920 -16 ) (-1088 -1920 -16 ) (-1088 -1920 -144 ) 
4 269 270 (-1520 -1568 -160 ) (-1520 -1760 -160 ) (-1520 -1760 -32 ) (-1520 -1568 -32 ) 
4 270 271 (-1536 -1568 -160 ) (-1536 -1760 -160 ) (-1536 -1760 -32 ) (-1536 -1568 -32 ) 
4 271 273 (-1840 -1824 32 ) (-1840 -1824 96 ) (-2048 -1824 96 ) (-2048 -1824 32 ) 
4 271 272 (-1840 -1824 -160 ) (-1536 -1824 -160 ) (-1536 -1824 96 ) (-1840 -1824 96 ) 
4 272 273 (-1840 -1824 96 ) (-1840 -1824 32 ) (-1840 -1920 32 ) (-1840 -1920 96 ) 
4 273 280 (-1840 -1920 96 ) (-2032 -1920 96 ) (-2032 -1920 32 ) (-1840 -1920 32 ) 
4 274 292 (-1024 -2048 288 ) (-1024 -2048 368 ) (-1536 -2048 368 ) (-1536 -2048 288 ) 
4 274 275 (-1024 -2048 288 ) (-1536 -2048 288 ) (-1536 -1920 288 ) (-1024 -1920 288 ) 
4 275 293 (-1024 -2048 272 ) (-1024 -2048 288 ) (-1536 -2048 288 ) (-1536 -2048 272 ) 
4 275 278 (-1536 -1920 272 ) (-1168 -1920 272 ) (-1168 -2048 272 ) (-1536 -2048 272 ) 
4 275 276 (-1168 -1920 272 ) (-1024 -1920 272 ) (-1024 -2048 272 ) (-1168 -2048 272 ) 
4 276 294 (-1024 -2048 64 ) (-1024 -2048 272 ) (-1168 -2048 272 ) (-1168 -2048 64 ) 
4 276 278 (-1168 -2048 64 ) (-1168 -2048 272 ) (-1168 -1920 272 ) (-1168 -1920 64 ) 
4 277 296 (-1024 -2048 -144 ) (-1024 -2048 48 ) (-1152 -2048 48 ) (-1152 -2048 -144 ) 
4 278 298 (-1168 -2048 272 ) (-1536 -2048 272 ) (-1536 -2048 -144 ) (-1168 -2048 -144 ) 
4 278 282 (-1168 -2048 -144 ) (-1536 -2048 -144 ) (-1536 -1920 -144 ) (-1168 -1920 -144 ) 
4 279 299 (-1552 -2048 272 ) (-1840 -2048 272 ) (-1840 -2048 32 ) (-1552 -2048 32 ) 
4 279 281 (-1840 -1936 32 ) (-1840 -2048 32 ) (-1840 -2048 272 ) (-1840 -1936 272 ) 
4 280 281 (-2032 -1936 160 ) (-2032 -1936 32 ) (-1840 -1936 32 ) (-1840 -1936 160 ) 
4 281 299 (-1840 -2048 272 ) (-2032 -2048 272 ) (-2032 -2048 32 ) (-1840 -2048 32 ) 
4 282 305 (-1152 -2048 -144 ) (-1536 -2048 -144 ) (-1536 -2048 -416 ) (-1152 -2048 -416 ) 
4 283 289 (0 -2176 48 ) (0 -2192 48 ) (-880 -2192 48 ) (-880 -2176 48 ) 
4 283 286 (-880 -2048 48 ) (0 -2048 48 ) (0 -2176 48 ) (-880 -2176 48 ) 
4 283 285 (-880 -2192 48 ) (0 -2192 48 ) (0 -2192 368 ) (-880 -2192 368 ) 
4 283 284 (-880 -2192 64 ) (-880 -2192 368 ) (-880 -2048 368 ) (-880 -2048 64 ) 
4 284 294 (-1024 -2048 272 ) (-1024 -2048 64 ) (-1024 -2192 64 ) (-1024 -2192 272 ) 
4 284 293 (-1024 -2048 288 ) (-1024 -2048 272 ) (-1024 -2192 272 ) (-1024 -2192 288 ) 
4 284 292 (-1024 -2048 368 ) (-1024 -2048 288 ) (-1024 -2192 288 ) (-1024 -2192 368 ) 
4 284 285 (-880 -2192 64 ) (-880 -2192 368 ) (-1024 -2192 368 ) (-1024 -2192 64 ) 
4 285 295 (-1024 -2192 48 ) (-1024 -2432 48 ) (-1024 -2432 272 ) (-1024 -2192 272 ) 
4 285 293 (-1024 -2432 272 ) (-1024 -2432 288 ) (-1024 -2192 288 ) (-1024 -2192 272 ) 
4 285 292 (-1024 -2432 288 ) (-1024 -2432 368 ) (-1024 -2192 368 ) (-1024 -2192 288 ) 
4 285 291 (-1024 -2432 48 ) (-1024 -2192 48 ) (0 -2192 48 ) (0 -2432 48 ) 
4 286 289 (-880 -2176 -416 ) (0 -2176 -416 ) (0 -2176 48 ) (-880 -2176 48 ) 
4 286 287 (-880 -2048 -416 ) (-880 -2176 -416 ) (-880 -2176 -144 ) (-880 -2048 -144 ) 
4 287 290 (-896 -2176 -416 ) (-880 -2176 -416 ) (-880 -2176 -144 ) (-896 -2176 -144 ) 
4 288 296 (-1024 -2048 48 ) (-1024 -2048 -144 ) (-1024 -2176 -144 ) (-1024 -2176 48 ) 
4 289 291 (-880 -2192 -416 ) (0 -2192 -416 ) (0 -2192 48 ) (-880 -2192 48 ) 
4 289 290 (-880 -2176 -144 ) (-880 -2176 -416 ) (-880 -2192 -416 ) (-880 -2192 -144 ) 
4 290 304 (-1024 -2176 -416 ) (-1024 -2192 -416 ) (-1024 -2192 -144 ) (-1024 -2176 -144 ) 
4 290 291 (-1024 -2192 -416 ) (-880 -2192 -416 ) (-880 -2192 -144 ) (-1024 -2192 -144 ) 
4 291 304 (-1024 -2192 -416 ) (-1024 -2432 -416 ) (-1024 -2432 -144 ) (-1024 -2192 -144 ) 
4 291 297 (-1024 -2432 -144 ) (-1024 -2432 48 ) (-1024 -2192 48 ) (-1024 -2192 -144 ) 
4 292 293 (-1024 -2432 288 ) (-1536 -2432 288 ) (-1536 -2048 288 ) (-1024 -2048 288 ) 
4 293 298 (-1168 -2432 272 ) (-1536 -2432 272 ) (-1536 -2048 272 ) (-1168 -2048 272 ) 
4 293 294 (-1168 -2192 272 ) (-1168 -2048 272 ) (-1024 -2048 272 ) (-1024 -2192 272 ) 
4 293 295 (-1024 -2432 272 ) (-1168 -2432 272 ) (-1168 -2192 272 ) (-1024 -2192 272 ) 
4 294 298 (-1168 -2192 272 ) (-1168 -2048 272 ) (-1168 -2048 64 ) (-1168 -2192 64 ) 
4 294 295 (-1168 -2192 272 ) (-1168 -2192 64 ) (-1024 -2192 64 ) (-1024 -2192 272 ) 
4 295 298 (-1168 -2432 48 ) (-1168 -2432 272 ) (-1168 -2192 272 ) (-1168 -2192 48 ) 
4 295 297 (-1024 -2432 48 ) (-1168 -2432 48 ) (-1168 -2192 48 ) (-1024 -2192 48 ) 
4 297 305 (-1152 -2432 -144 ) (-1168 -2432 -144 ) (-1168 -2192 -144 ) (-1152 -2192 -144 ) 
4 297 304 (-1024 -2192 -144 ) (-1024 -2432 -144 ) (-1152 -2432 -144 ) (-1152 -2192 -144 ) 
4 297 298 (-1168 -2192 -144 ) (-1168 -2432 -144 ) (-1168 -2432 48 ) (-1168 -2192 48 ) 
4 298 305 (-1536 -2048 -144 ) (-1168 -2048 -144 ) (-1168 -2432 -144 ) (-1536 -2432 -144 ) 
4 299 301 (-1552 -2176 32 ) (-1552 -2176 272 ) (-2032 -2176 272 ) (-2032 -2176 32 ) 
4 299 300 (-1664 -2176 32 ) (-2032 -2176 32 ) (-2032 -2048 32 ) (-1664 -2048 32 ) 
4 300 301 (-1664 -2176 32 ) (-2032 -2176 32 ) (-2032 -2176 -48 ) (-1920 -2176 -48 ) 
4 301 303 (-2032 -2288 272 ) (-2032 -2288 -48 ) (-1552 -2288 -48 ) (-1552 -2288 272 ) 
4 301 302 (-1552 -2288 -48 ) (-1920 -2288 -48 ) (-1920 -2176 -48 ) (-1552 -2176 -48 ) 
4 302 303 (-1664 -2288 -144 ) (-1552 -2288 -144 ) (-1552 -2288 -48 ) (-1920 -2288 -48 ) 
4 304 305 (-1152 -2176 -416 ) (-1152 -2432 -416 ) (-1152 -2432 -144 ) (-1152 -2176 -144 ) 
