PRT1
382
1158
4 0 16 (848 0 528 ) (128 0 528 ) (128 0 -240 ) (848 0 -240 ) 
4 0 5 (640 0 -240 ) (128 0 -240 ) (128 368 -240 ) (640 368 -240 ) 
4 0 4 (848 0 -240 ) (640 0 -240 ) (640 368 -240 ) (848 368 -240 ) 
4 0 2 (128 0 80 ) (128 0 528 ) (128 128 528 ) (128 128 80 ) 
4 0 3 (128 128 -240 ) (128 0 -240 ) (128 0 -128 ) (128 128 -128 ) 
4 0 1 (128 368 528 ) (128 368 -240 ) (128 128 -240 ) (128 128 528 ) 
4 1 7 (0 128 528 ) (0 368 528 ) (0 368 -240 ) (0 128 -240 ) 
4 1 5 (0 128 -240 ) (0 368 -240 ) (128 368 -240 ) (128 128 -240 ) 
4 1 2 (128 128 80 ) (128 128 528 ) (0 128 528 ) (0 128 80 ) 
4 1 3 (0 128 -240 ) (128 128 -240 ) (128 128 -128 ) (0 128 -128 ) 
4 2 17 (128 0 528 ) (0 0 528 ) (0 0 80 ) (128 0 80 ) 
4 2 8 (0 0 80 ) (0 0 528 ) (0 128 528 ) (0 128 80 ) 
4 3 23 (0 0 -128 ) (0 0 -240 ) (112 0 -240 ) (112 0 -128 ) 
4 3 9 (0 0 -240 ) (0 0 -128 ) (0 128 -128 ) (0 128 -240 ) 
4 3 5 (128 0 -240 ) (0 0 -240 ) (0 128 -240 ) (128 128 -240 ) 
4 4 24 (848 0 -240 ) (640 0 -240 ) (640 0 -640 ) (848 0 -640 ) 
4 4 6 (640 368 -640 ) (640 0 -640 ) (640 0 -256 ) (640 368 -256 ) 
4 4 5 (640 0 -256 ) (640 0 -240 ) (640 368 -240 ) (640 368 -256 ) 
4 5 29 (112 0 -240 ) (0 0 -240 ) (0 0 -256 ) (112 0 -256 ) 
4 5 25 (640 0 -240 ) (128 0 -240 ) (128 0 -256 ) (640 0 -256 ) 
4 5 11 (0 0 -256 ) (0 0 -240 ) (0 368 -240 ) (0 368 -256 ) 
4 5 6 (640 368 -256 ) (640 0 -256 ) (0 0 -256 ) (0 368 -256 ) 
4 6 30 (0 0 -256 ) (0 0 -640 ) (112 0 -640 ) (112 0 -256 ) 
4 6 26 (128 0 -640 ) (640 0 -640 ) (640 0 -256 ) (128 0 -256 ) 
4 6 12 (0 0 -640 ) (0 0 -256 ) (0 368 -256 ) (0 368 -640 ) 
4 7 13 (-1024 128 528 ) (-1024 368 528 ) (-1024 368 -240 ) (-1024 128 -240 ) 
4 7 11 (0 368 -240 ) (0 128 -240 ) (-1024 128 -240 ) (-1024 368 -240 ) 
4 7 8 (0 128 80 ) (0 128 528 ) (-256 128 528 ) (-256 128 80 ) 
4 7 9 (-256 128 -240 ) (0 128 -240 ) (0 128 -128 ) (-256 128 -128 ) 
4 7 10 (-1024 128 -240 ) (-256 128 -240 ) (-256 128 528 ) (-1024 128 528 ) 
4 8 35 (0 0 80 ) (0 0 528 ) (-256 0 528 ) (-256 0 80 ) 
4 8 10 (-256 128 528 ) (-256 128 80 ) (-256 0 80 ) (-256 0 528 ) 
4 9 36 (0 0 -240 ) (0 0 -128 ) (-256 0 -128 ) (-256 0 -240 ) 
4 9 11 (0 128 -240 ) (0 0 -240 ) (-256 0 -240 ) (-256 128 -240 ) 
4 9 10 (-256 128 -128 ) (-256 128 -240 ) (-256 0 -240 ) (-256 0 -128 ) 
4 10 56 (-1024 0 64 ) (-1024 0 -128 ) (-896 0 -128 ) (-896 0 64 ) 
4 10 57 (-1024 0 -144 ) (-1024 0 -240 ) (-896 0 -240 ) (-896 0 -144 ) 
4 10 54 (-1024 0 79 ) (-1024 0 64 ) (-928 0 64 ) (-928 0 79 ) 
4 10 53 (-1024 0 80 ) (-1024 0 79 ) (-928 0 79 ) (-928 0 80 ) 
4 10 51 (-928 0 80 ) (-896 0 80 ) (-896 0 208 ) (-928 0 208 ) 
4 10 52 (-1024 0 208 ) (-1024 0 80 ) (-928 0 80 ) (-928 0 208 ) 
4 10 50 (-1024 0 256 ) (-1024 0 208 ) (-928 0 208 ) (-928 0 256 ) 
4 10 38 (-896 0 79 ) (-896 0 -240 ) (-256 0 -240 ) (-256 0 79 ) 
4 10 37 (-896 0 80 ) (-896 0 79 ) (-256 0 79 ) (-256 0 80 ) 
4 10 35 (-256 0 528 ) (-896 0 528 ) (-896 0 80 ) (-256 0 80 ) 
4 10 13 (-1024 0 -240 ) (-1024 0 528 ) (-1024 128 528 ) (-1024 128 -240 ) 
4 10 11 (-256 0 -240 ) (-1024 0 -240 ) (-1024 128 -240 ) (-256 128 -240 ) 
4 11 68 (0 0 -256 ) (0 0 -240 ) (-1024 0 -240 ) (-1024 0 -256 ) 
4 11 14 (-1024 0 -256 ) (-1024 0 -240 ) (-1024 368 -240 ) (-1024 368 -256 ) 
4 11 12 (0 368 -256 ) (0 0 -256 ) (-1024 0 -256 ) (-1024 368 -256 ) 
4 12 69 (0 0 -640 ) (0 0 -256 ) (-1024 0 -256 ) (-1024 0 -640 ) 
4 12 15 (-1024 0 -640 ) (-1024 0 -256 ) (-1024 368 -256 ) (-1024 368 -640 ) 
4 13 165 (-2048 0 -240 ) (-2048 0 528 ) (-2048 368 528 ) (-2048 368 -240 ) 
4 13 103 (-2048 0 -16 ) (-2048 0 -240 ) (-1664 0 -240 ) (-1664 0 -16 ) 
4 13 82 (-1664 0 -128 ) (-1664 0 -240 ) (-1536 0 -240 ) (-1536 0 -128 ) 
4 13 79 (-1536 0 -240 ) (-1216 0 -240 ) (-1216 0 -144 ) (-1536 0 -144 ) 
5 13 77 (-1216 0 256 ) (-1664 0 256 ) (-1664 0 0 ) (-1536 0 0 ) (-1216 0 80 ) 
4 13 75 (-1024 0 -128 ) (-1024 0 64 ) (-1216 0 64 ) (-1216 0 -128 ) 
4 13 76 (-1024 0 -240 ) (-1024 0 -144 ) (-1216 0 -144 ) (-1216 0 -240 ) 
4 13 73 (-1024 0 64 ) (-1024 0 79 ) (-1216 0 79 ) (-1216 0 64 ) 
4 13 72 (-1024 0 79 ) (-1024 0 80 ) (-1216 0 80 ) (-1216 0 79 ) 
4 13 71 (-1024 0 80 ) (-1024 0 256 ) (-1216 0 256 ) (-1216 0 80 ) 
4 13 14 (-2048 0 -240 ) (-2048 368 -240 ) (-1024 368 -240 ) (-1024 0 -240 ) 
4 14 166 (-2048 0 -256 ) (-2048 0 -240 ) (-2048 368 -240 ) (-2048 368 -256 ) 
4 14 125 (-1024 0 -256 ) (-1024 0 -240 ) (-2048 0 -240 ) (-2048 0 -256 ) 
4 14 15 (-2048 0 -256 ) (-2048 368 -256 ) (-1024 368 -256 ) (-1024 0 -256 ) 
4 15 167 (-2048 0 -640 ) (-2048 0 -256 ) (-2048 368 -256 ) (-2048 368 -640 ) 
4 15 126 (-1024 0 -640 ) (-1024 0 -256 ) (-2048 0 -256 ) (-2048 0 -640 ) 
4 16 31 (848 -1024 528 ) (128 -1024 528 ) (128 -1024 -240 ) (848 -1024 -240 ) 
4 16 25 (640 -1024 -240 ) (128 -1024 -240 ) (128 0 -240 ) (640 0 -240 ) 
4 16 24 (848 -1024 -240 ) (640 -1024 -240 ) (640 0 -240 ) (848 0 -240 ) 
4 16 22 (128 -384 -240 ) (128 -1024 -240 ) (128 -1024 -128 ) (128 -384 -128 ) 
4 16 21 (128 -1024 -128 ) (128 -1024 -32 ) (128 -384 -32 ) (128 -384 -128 ) 
4 16 19 (128 -1024 -32 ) (128 -1024 80 ) (128 -384 80 ) (128 -384 -32 ) 
4 16 18 (128 -1024 80 ) (128 -1024 528 ) (128 -128 528 ) (128 -128 80 ) 
4 16 17 (128 -128 528 ) (128 0 528 ) (128 0 80 ) (128 -128 80 ) 
4 17 35 (0 0 528 ) (0 0 80 ) (0 -128 80 ) (0 -128 528 ) 
4 17 20 (0 -128 528 ) (0 -128 80 ) (96 -128 80 ) (96 -128 528 ) 
4 17 18 (96 -128 80 ) (128 -128 80 ) (128 -128 528 ) (96 -128 528 ) 
4 18 31 (96 -1024 528 ) (96 -1024 80 ) (128 -1024 80 ) (128 -1024 528 ) 
4 18 20 (96 -128 528 ) (96 -128 80 ) (96 -1024 80 ) (96 -1024 528 ) 
4 18 19 (96 -1024 80 ) (96 -384 80 ) (128 -384 80 ) (128 -1024 80 ) 
4 19 31 (96 -1024 80 ) (96 -1024 -32 ) (128 -1024 -32 ) (128 -1024 80 ) 
4 19 21 (128 -384 -32 ) (128 -1024 -32 ) (96 -1024 -32 ) (96 -412.444458 -32 ) 
4 19 20 (96 -384 -32 ) (96 -1024 -32 ) (96 -1024 80 ) (96 -384 80 ) 
4 20 41 (0 -1024 -32 ) (0 -1024 80 ) (0 -128 80 ) (0 -336 -32 ) 
4 20 35 (0 -1024 80 ) (0 -1024 528 ) (0 -128 528 ) (0 -128 80 ) 
4 20 31 (0 -1024 528 ) (0 -1024 -32 ) (96 -1024 -32 ) (96 -1024 528 ) 
4 20 21 (96 -412.444458 -32 ) (96 -1024 -32 ) (0 -1024 -32 ) (0 -497.777771 -32 ) 
4 21 43 (0 -1024 -128 ) (0 -1024 -32 ) (0 -497.777771 -32 ) (0 -497.777771 -128 ) 
4 21 31 (0 -1024 -32 ) (0 -1024 -128 ) (128 -1024 -128 ) (128 -1024 -32 ) 
4 21 22 (128 -384 -128 ) (128 -1024 -128 ) (112 -1024 -128 ) (112 -398.222229 -128 ) 
4 21 23 (112 -1024 -128 ) (0 -1024 -128 ) (0 -497.777771 -128 ) (112 -398.222229 -128 ) 
4 22 31 (112 -1024 -240 ) (128 -1024 -240 ) (128 -1024 -128 ) (112 -1024 -128 ) 
4 22 27 (128 -1024 -240 ) (112 -1024 -240 ) (112 -384 -240 ) (128 -384 -240 ) 
4 22 23 (112 -384 -240 ) (112 -1024 -240 ) (112 -1024 -128 ) (112 -384 -128 ) 
4 23 49 (0 -1024 -240 ) (0 -1024 -128 ) (0 -128 -128 ) (0 -128 -240 ) 
4 23 36 (0 -128 -128 ) (0 0 -128 ) (0 0 -240 ) (0 -128 -240 ) 
4 23 31 (0 -1024 -128 ) (0 -1024 -240 ) (112 -1024 -240 ) (112 -1024 -128 ) 
4 23 29 (112 -1024 -240 ) (0 -1024 -240 ) (0 0 -240 ) (112 0 -240 ) 
4 24 32 (848 -1024 -240 ) (640 -1024 -240 ) (640 -1024 -640 ) (848 -1024 -640 ) 
4 24 26 (640 0 -640 ) (640 -1024 -640 ) (640 -1024 -256 ) (640 0 -256 ) 
4 24 25 (640 -1024 -256 ) (640 -1024 -240 ) (640 0 -240 ) (640 0 -256 ) 
4 25 33 (640 -1024 -240 ) (128 -1024 -240 ) (128 -1024 -256 ) (640 -1024 -256 ) 
4 25 27 (128 -1024 -256 ) (128 -1024 -240 ) (128 -384 -240 ) (128 -384 -256 ) 
4 25 26 (128 -1024 -256 ) (128 0 -256 ) (640 0 -256 ) (640 -1024 -256 ) 
4 26 34 (128 -1024 -256 ) (128 -1024 -640 ) (640 -1024 -640 ) (640 -1024 -256 ) 
4 26 28 (128 -384 -640 ) (128 -1024 -640 ) (128 -1024 -256 ) (128 -384 -256 ) 
4 27 33 (128 -1024 -240 ) (112 -1024 -240 ) (112 -1024 -256 ) (128 -1024 -256 ) 
4 27 29 (112 -1024 -256 ) (112 -1024 -240 ) (112 -384 -240 ) (112 -384 -256 ) 
4 27 28 (112 -1024 -256 ) (112 -384 -256 ) (128 -384 -256 ) (128 -1024 -256 ) 
4 28 34 (112 -1024 -256 ) (112 -1024 -640 ) (128 -1024 -640 ) (128 -1024 -256 ) 
4 28 30 (112 -384 -640 ) (112 -1024 -640 ) (112 -1024 -256 ) (112 -384 -256 ) 
4 29 68 (0 -1024 -256 ) (0 -1024 -240 ) (0 0 -240 ) (0 0 -256 ) 
4 29 33 (112 -1024 -240 ) (0 -1024 -240 ) (0 -1024 -256 ) (112 -1024 -256 ) 
4 29 30 (0 0 -256 ) (112 0 -256 ) (112 -1024 -256 ) (0 -1024 -256 ) 
4 30 69 (0 -1024 -640 ) (0 -1024 -256 ) (0 0 -256 ) (0 0 -640 ) 
4 30 34 (0 -1024 -256 ) (0 -1024 -640 ) (112 -1024 -640 ) (112 -1024 -256 ) 
4 31 155 (848 -2048 528 ) (0 -2048 528 ) (0 -2048 -240 ) (848 -2048 -240 ) 
4 31 127 (0 -2048 -240 ) (0 -2048 528 ) (0 -1024 528 ) (0 -1024 -240 ) 
4 31 33 (640 -2048 -240 ) (0 -2048 -240 ) (0 -1024 -240 ) (640 -1024 -240 ) 
4 31 32 (848 -2048 -240 ) (640 -2048 -240 ) (640 -1024 -240 ) (848 -1024 -240 ) 
4 32 156 (848 -2048 -240 ) (640 -2048 -240 ) (640 -2048 -640 ) (848 -2048 -640 ) 
4 32 34 (640 -1024 -640 ) (640 -2048 -640 ) (640 -2048 -256 ) (640 -1024 -256 ) 
4 32 33 (640 -2048 -256 ) (640 -2048 -240 ) (640 -1024 -240 ) (640 -1024 -256 ) 
4 33 157 (640 -2048 -240 ) (0 -2048 -240 ) (0 -2048 -256 ) (640 -2048 -256 ) 
4 33 128 (0 -2048 -256 ) (0 -2048 -240 ) (0 -1024 -240 ) (0 -1024 -256 ) 
4 33 34 (0 -2048 -256 ) (0 -1024 -256 ) (640 -1024 -256 ) (640 -2048 -256 ) 
4 34 158 (0 -2048 -256 ) (0 -2048 -640 ) (640 -2048 -640 ) (640 -2048 -256 ) 
4 34 129 (0 -2048 -640 ) (0 -2048 -256 ) (0 -1024 -256 ) (0 -1024 -640 ) 
4 35 127 (0 -1024 80 ) (0 -1024 528 ) (-896 -1024 528 ) (-896 -1024 80 ) 
4 35 65 (-896 -608 128 ) (-896 -608 80 ) (-896 -992 80 ) (-896 -992 128 ) 
4 35 51 (-896 0 208 ) (-896 0 80 ) (-896 -48 80 ) (-896 -48 208 ) 
4 35 41 (0 -1024 80 ) (-32 -1024 80 ) (-32 -128 80 ) (0 -128 80 ) 
4 35 42 (-32 -1024 80 ) (-896 -1024 80 ) (-896 -128 80 ) (-32 -128 80 ) 
4 35 40 (-896 -128 80 ) (-896 -96 80 ) (-256 -96 80 ) (-256 -128 80 ) 
4 35 37 (-896 -80 80 ) (-896 0 80 ) (-256 0 80 ) (-256 -80 80 ) 
4 36 68 (-256 0 -240 ) (0 0 -240 ) (0 -128 -240 ) (-256 -128 -240 ) 
4 36 49 (-256 -128 -128 ) (-256 -128 -240 ) (0 -128 -240 ) (0 -128 -128 ) 
4 36 39 (-256 -80 -240 ) (-256 -96 -240 ) (-256 -96 -128 ) (-256 -80 -128 ) 
4 36 40 (-256 -96 -240 ) (-256 -128 -240 ) (-256 -128 -128 ) (-256 -96 -128 ) 
4 36 38 (-256 0 -240 ) (-256 -80 -240 ) (-256 -80 -128 ) (-256 0 -128 ) 
4 37 38 (-256 -80 79 ) (-896 -80 79 ) (-896 0 79 ) (-256 0 79 ) 
4 38 68 (-896 -80 -240 ) (-896 0 -240 ) (-256 0 -240 ) (-256 -80 -240 ) 
4 38 56 (-896 -80 -128 ) (-896 -80 64 ) (-896 0 64 ) (-896 0 -128 ) 
4 38 57 (-896 0 -240 ) (-896 -80 -240 ) (-896 -80 -144 ) (-896 0 -144 ) 
4 38 39 (-256 -80 -240 ) (-256 -80 64 ) (-896 -80 64 ) (-896 -80 -240 ) 
4 39 68 (-896 -96 -240 ) (-896 -80 -240 ) (-256 -80 -240 ) (-256 -96 -240 ) 
4 39 56 (-896 -96 -128 ) (-896 -96 64 ) (-896 -80 64 ) (-896 -80 -128 ) 
4 39 57 (-896 -80 -240 ) (-896 -96 -240 ) (-896 -96 -144 ) (-896 -80 -144 ) 
4 39 40 (-256 -96 -240 ) (-256 -96 64 ) (-896 -96 64 ) (-896 -96 -240 ) 
4 40 68 (-896 -128 -240 ) (-896 -96 -240 ) (-256 -96 -240 ) (-256 -128 -240 ) 
4 40 62 (-896 -104 -240 ) (-896 -128 -240 ) (-896 -128 -144 ) (-896 -104 -144 ) 
4 40 56 (-896 -104 -128 ) (-896 -104 64 ) (-896 -96 64 ) (-896 -96 -128 ) 
4 40 57 (-896 -96 -240 ) (-896 -104 -240 ) (-896 -104 -144 ) (-896 -96 -144 ) 
4 40 46 (-896 -128 -32 ) (-896 -128 -128 ) (-256 -128 -128 ) (-256 -128 -32 ) 
4 40 49 (-896 -128 -128 ) (-896 -128 -240 ) (-256 -128 -240 ) (-256 -128 -128 ) 
4 40 42 (-256 -128 80 ) (-896 -128 80 ) (-896 -128 -32 ) (-256 -128 -32 ) 
4 41 127 (0 -1024 -32 ) (0 -1024 80 ) (-32 -1024 80 ) (-32 -1024 -32 ) 
3 41 45 (-32 -526.222168 -32 ) (-32 -496 -32 ) (-16 -512 -32 ) 
3 41 44 (-32 -528 -32 ) (-32 -526.222168 -32 ) (-16 -512 -32 ) 
5 41 43 (0 -1024 -32 ) (-32 -1024 -32 ) (-32 -528 -32 ) (-16 -512 -32 ) (0 -497.777771 -32 ) 
4 41 42 (-32 -128 80 ) (-32 -336 -32 ) (-32 -1024 -32 ) (-32 -1024 80 ) 
4 42 127 (-32 -1024 80 ) (-896 -1024 80 ) (-896 -1024 -32 ) (-32 -1024 -32 ) 
4 42 65 (-896 -992 80 ) (-896 -608 80 ) (-896 -608 -32 ) (-896 -992 -32 ) 
4 42 48 (-528 -1024 -32 ) (-752 -1024 -32 ) (-128 -400 -32 ) (-128 -624 -32 ) 
3 42 47 (-128 -1024 -32 ) (-528 -1024 -32 ) (-128 -624 -32 ) 
5 42 46 (-752 -1024 -32 ) (-896 -1024 -32 ) (-896 -128 -32 ) (-128 -128 -32 ) (-128 -400 -32 ) 
4 42 45 (-128 -611.555603 -32 ) (-128 -400 -32 ) (-32 -496 -32 ) (-32 -526.222229 -32 ) 
4 42 44 (-128 -624 -32 ) (-128 -611.555603 -32 ) (-32 -526.222229 -32 ) (-32 -528 -32 ) 
4 42 43 (-32 -1024 -32 ) (-128 -1024 -32 ) (-128 -624 -32 ) (-32 -528 -32 ) 
4 43 127 (0 -1024 -128 ) (0 -1024 -32 ) (-128 -1024 -32 ) (-128 -1024 -128 ) 
4 43 47 (-128 -624 -128 ) (-128 -1024 -128 ) (-128 -1024 -32 ) (-128 -624 -32 ) 
4 43 44 (-16.005859 -512.005859 -32 ) (-16.005859 -512.005859 -32.005066 ) (-128 -624 -128 ) (-128 -624 -32 ) 
5 43 49 (0 -497.777771 -128 ) (0 -1024 -128 ) (-128 -1024 -128 ) (-128 -624 -128 ) (-16 -512 -128 ) 
4 44 48 (-128 -624 -128 ) (-128 -624 -32 ) (-128 -611.555603 -32 ) (-128 -611.555542 -122.666656 ) 
4 44 45 (-128 -611.556030 -122.666870 ) (-128 -611.556030 -32 ) (-16.004616 -512.004578 -32 ) (-16.004616 -512.004578 -32.003979 ) 
3 45 48 (-128 -611.555542 -122.666656 ) (-128 -611.555603 -32 ) (-128 -400 -32 ) 
4 46 127 (-752 -1024 -32 ) (-896 -1024 -32 ) (-896 -1024 -128 ) (-752 -1024 -128 ) 
4 46 65 (-896 -992 -32 ) (-896 -608 -32 ) (-896 -608 -128 ) (-896 -992 -128 ) 
4 46 48 (-752 -1024 -128 ) (-240 -512 -128 ) (-128 -400 -32 ) (-752 -1024 -32 ) 
5 46 49 (-896 -1024 -128 ) (-896 -128 -128 ) (-128 -128 -128 ) (-128 -400 -128 ) (-752 -1024 -128 ) 
4 47 127 (-128 -1024 -32 ) (-528 -1024 -32 ) (-528 -1024 -128 ) (-128 -1024 -128 ) 
4 47 48 (-128 -624 -32 ) (-128 -624 -128 ) (-528 -1024 -128 ) (-528 -1024 -32 ) 
3 47 49 (-128 -624 -128 ) (-128 -1024 -128 ) (-528 -1024 -128 ) 
4 48 127 (-528 -1024 -32 ) (-752 -1024 -32 ) (-752 -1024 -128 ) (-528 -1024 -128 ) 
4 48 49 (-128 -624 -128 ) (-528 -1024 -128 ) (-752 -1024 -128 ) (-240 -512 -128 ) 
4 49 127 (0 -1024 -240 ) (0 -1024 -128 ) (-896 -1024 -128 ) (-896 -1024 -240 ) 
4 49 68 (0 -1024 -240 ) (-896 -1024 -240 ) (-896 -128 -240 ) (0 -128 -240 ) 
4 49 67 (-896 -992 -240 ) (-896 -1024 -240 ) (-896 -1024 -144 ) (-896 -992 -144 ) 
4 49 66 (-896 -608 -240 ) (-896 -992 -240 ) (-896 -992 -144 ) (-896 -608 -144 ) 
4 49 63 (-896 -576 -240 ) (-896 -608 -240 ) (-896 -608 -144 ) (-896 -576 -144 ) 
4 49 62 (-896 -128 -240 ) (-896 -576 -240 ) (-896 -576 -144 ) (-896 -128 -144 ) 
4 50 71 (-1024 -104 256 ) (-1024 0 256 ) (-1024 0 208 ) (-1024 -104 208 ) 
4 50 59 (-928 -104 256 ) (-1024 -104 256 ) (-1024 -104 208 ) (-928 -104 208 ) 
4 50 52 (-928 -104 208 ) (-1024 -104 208 ) (-1024 0 208 ) (-928 0 208 ) 
4 51 52 (-928 0 80 ) (-928 -48 80 ) (-928 -48 208 ) (-928 0 208 ) 
4 52 71 (-1024 0 208 ) (-1024 0 80 ) (-1024 -104 80 ) (-1024 -104 208 ) 
4 52 59 (-928 -104 208 ) (-1024 -104 208 ) (-1024 -104 80 ) (-928 -104 80 ) 
4 52 55 (-928 -104 80 ) (-1024 -104 80 ) (-1024 -96 80 ) (-928 -96 80 ) 
4 52 53 (-1024 -80 80 ) (-1024 0 80 ) (-928 0 80 ) (-928 -80 80 ) 
4 53 72 (-1024 0 80 ) (-1024 0 79 ) (-1024 -80 79 ) (-1024 -80 80 ) 
4 53 54 (-928 -80 79 ) (-1024 -80 79 ) (-1024 0 79 ) (-928 0 79 ) 
4 54 73 (-1024 0 79 ) (-1024 0 64 ) (-1024 -80 64 ) (-1024 -80 79 ) 
4 54 56 (-1024 -80 64 ) (-1024 0 64 ) (-928 0 64 ) (-928 -80 64 ) 
4 55 74 (-1024 -96 64 ) (-1024 -104 64 ) (-1024 -104 80 ) (-1024 -96 80 ) 
4 55 59 (-928 -104 80 ) (-1024 -104 80 ) (-1024 -104 64 ) (-928 -104 64 ) 
4 55 56 (-928 -104 64 ) (-1024 -104 64 ) (-1024 -96 64 ) (-928 -96 64 ) 
4 56 75 (-1024 0 64 ) (-1024 0 -128 ) (-1024 -104 -128 ) (-1024 -104 64 ) 
4 56 59 (-928 -104 64 ) (-1024 -104 64 ) (-1024 -104 -128 ) (-928 -104 -128 ) 
4 57 76 (-1024 0 -144 ) (-1024 0 -240 ) (-1024 -104 -240 ) (-1024 -104 -144 ) 
4 57 68 (-1024 -104 -240 ) (-1024 0 -240 ) (-896 0 -240 ) (-896 -104 -240 ) 
4 57 62 (-1024 -104 -240 ) (-896 -104 -240 ) (-896 -104 -144 ) (-1024 -104 -144 ) 
4 58 87 (-1024 -448 -88 ) (-1024 -448 -128 ) (-1024 -512 -128 ) (-1024 -512 -68 ) 
4 58 85 (-1024 -448 -48 ) (-1024 -448 -88 ) (-1024 -512 -68 ) (-1024 -512 -48 ) 
4 58 84 (-1024 -512 256 ) (-1024 -448 256 ) (-1024 -448 -48 ) (-1024 -512 -48 ) 
4 58 60 (-928 -512 -48 ) (-928 -512 256 ) (-1024 -512 256 ) (-1024 -512 -48 ) 
5 58 59 (-928 -352.001953 256 ) (-928 -352.001953 -128 ) (-960 -384 -128 ) (-1024 -448.001953 -88 ) (-1024 -448.001953 256 ) 
5 59 85 (-1024 -256 -48 ) (-1024 -256 -128 ) (-1024 -320 -128 ) (-1024 -448 -88 ) (-1024 -448 -48 ) 
4 59 84 (-1024 -448 256 ) (-1024 -256 256 ) (-1024 -256 -48 ) (-1024 -448 -48 ) 
4 59 75 (-1024 -104 64 ) (-1024 -104 -128 ) (-1024 -256 -128 ) (-1024 -256 64 ) 
4 59 74 (-1024 -104 80 ) (-1024 -104 64 ) (-1024 -256 64 ) (-1024 -256 80 ) 
4 59 71 (-1024 -256 256 ) (-1024 -104 256 ) (-1024 -104 80 ) (-1024 -256 80 ) 
4 60 91 (-1024 -576 256 ) (-1024 -512 256 ) (-1024 -512 -48 ) (-1024 -576 -48 ) 
4 61 92 (-1024 -512 -144 ) (-1024 -576 -144 ) (-1024 -576 -128 ) (-1024 -512 -128 ) 
4 61 62 (-928 -576 -144 ) (-1024 -576 -144 ) (-1024 -512 -144 ) (-928 -512 -144 ) 
4 62 92 (-1024 -512 -240 ) (-1024 -576 -240 ) (-1024 -576 -144 ) (-1024 -512 -144 ) 
4 62 89 (-1024 -256 -240 ) (-1024 -512 -240 ) (-1024 -512 -144 ) (-1024 -256 -144 ) 
4 62 76 (-1024 -104 -144 ) (-1024 -104 -240 ) (-1024 -256 -240 ) (-1024 -256 -144 ) 
4 62 68 (-1024 -576 -240 ) (-1024 -104 -240 ) (-896 -104 -240 ) (-896 -576 -240 ) 
4 62 63 (-1024 -576 -240 ) (-896 -576 -240 ) (-896 -576 -144 ) (-1024 -576 -144 ) 
4 63 93 (-1024 -576 -144 ) (-1024 -576 -240 ) (-1024 -608 -240 ) (-1024 -608 -144 ) 
4 63 68 (-1024 -608 -240 ) (-1024 -576 -240 ) (-896 -576 -240 ) (-896 -608 -240 ) 
4 63 66 (-1024 -608 -240 ) (-896 -608 -240 ) (-896 -608 -144 ) (-1024 -608 -144 ) 
4 64 94 (-1024 -992 256 ) (-1024 -608 256 ) (-1024 -608 128 ) (-1024 -992 128 ) 
4 64 65 (-928 -992 128 ) (-1024 -992 128 ) (-1024 -608 128 ) (-928 -608 128 ) 
4 65 94 (-1024 -608 128 ) (-1024 -608 -101.333344 ) (-1024 -992 -101.333328 ) (-1024 -992 128 ) 
4 66 95 (-1024 -608 -144 ) (-1024 -608 -240 ) (-1024 -992 -240 ) (-1024 -992 -144 ) 
4 66 68 (-1024 -992 -240 ) (-1024 -608 -240 ) (-896 -608 -240 ) (-896 -992 -240 ) 
4 66 67 (-1024 -992 -240 ) (-896 -992 -240 ) (-896 -992 -144 ) (-1024 -992 -144 ) 
4 67 127 (-1024 -1024 -144 ) (-1024 -1024 -240 ) (-896 -1024 -240 ) (-896 -1024 -144 ) 
4 67 120 (-1024 -1024 -240 ) (-1024 -1024 -144 ) (-1024 -992 -144 ) (-1024 -992 -240 ) 
4 67 68 (-896 -1024 -240 ) (-1024 -1024 -240 ) (-1024 -992 -240 ) (-896 -992 -240 ) 
4 68 128 (0 -1024 -256 ) (0 -1024 -240 ) (-1024 -1024 -240 ) (-1024 -1024 -256 ) 
4 68 125 (-1024 -1024 -256 ) (-1024 -1024 -240 ) (-1024 0 -240 ) (-1024 0 -256 ) 
4 68 69 (0 -1024 -256 ) (-1024 -1024 -256 ) (-1024 0 -256 ) (0 0 -256 ) 
4 69 129 (0 -1024 -640 ) (0 -1024 -256 ) (-1024 -1024 -256 ) (-1024 -1024 -640 ) 
4 69 126 (-1024 -1024 -640 ) (-1024 -1024 -256 ) (-1024 0 -256 ) (-1024 0 -640 ) 
4 70 192 (-2048 -1024 256 ) (-2048 -1024 528 ) (-2048 -872 528 ) (-2048 -872 256 ) 
4 70 130 (-2048 -1024 528 ) (-2048 -1024 256 ) (-1920 -1024 256 ) (-1920 -1024 528 ) 
4 70 124 (-1920 -1024 256 ) (-2048 -1024 256 ) (-2048 -992 256 ) (-1920 -992 256 ) 
3 70 114 (-2048 -992 256 ) (-2048 -872 256 ) (-1920 -992 256 ) 
4 71 84 (-1024 -256 80 ) (-1024 -256 256 ) (-1216 -256 256 ) (-1216 -256 80 ) 
4 71 78 (-1216 -224 256 ) (-1216 -96 256 ) (-1216 -96 80 ) (-1216 -224 80 ) 
4 71 77 (-1216 -96 256 ) (-1216 0 256 ) (-1216 0 80 ) (-1216 -96 80 ) 
4 71 74 (-1024 -256 80 ) (-1216 -256 80 ) (-1216 -96 80 ) (-1024 -96 80 ) 
4 71 72 (-1216 -80 80 ) (-1216 0 80 ) (-1024 0 80 ) (-1024 -80 80 ) 
4 72 73 (-1024 -80 79 ) (-1216 -80 79 ) (-1216 0 79 ) (-1024 0 79 ) 
4 73 75 (-1216 -80 64 ) (-1216 0 64 ) (-1024 0 64 ) (-1024 -80 64 ) 
4 74 84 (-1024 -256 64 ) (-1024 -256 80 ) (-1216 -256 80 ) (-1216 -256 64 ) 
4 74 78 (-1216 -224 80 ) (-1216 -96 80 ) (-1216 -96 64 ) (-1216 -224 64 ) 
4 74 75 (-1024 -256 64 ) (-1216 -256 64 ) (-1216 -96 64 ) (-1024 -96 64 ) 
3 75 86 (-1216 -256 -88 ) (-1216 -256 -128 ) (-1088 -256 -128 ) 
5 75 85 (-1024 -256 -128 ) (-1024 -256 -48 ) (-1216 -256 -48 ) (-1216 -256 -88 ) (-1088 -256 -128 ) 
4 75 84 (-1024 -256 -48 ) (-1024 -256 64 ) (-1216 -256 64 ) (-1216 -256 -48 ) 
4 75 80 (-1216 -224 0 ) (-1216 -96 0 ) (-1216 -96 -128 ) (-1216 -224 -128 ) 
4 75 78 (-1216 -224 64 ) (-1216 -96 64 ) (-1216 -96 0 ) (-1216 -224 0 ) 
4 76 125 (-1216 0 -240 ) (-1024 0 -240 ) (-1024 -256 -240 ) (-1216 -256 -240 ) 
4 76 89 (-1216 -256 -240 ) (-1024 -256 -240 ) (-1024 -256 -144 ) (-1216 -256 -144 ) 
4 76 83 (-1216 -224 -240 ) (-1216 -256 -240 ) (-1216 -256 -144 ) (-1216 -224 -144 ) 
4 76 81 (-1216 -96 -240 ) (-1216 -224 -240 ) (-1216 -224 -144 ) (-1216 -96 -144 ) 
4 76 79 (-1216 0 -240 ) (-1216 -96 -240 ) (-1216 -96 -144 ) (-1216 0 -144 ) 
4 77 106 (-1664 -48 176 ) (-1664 -48 32 ) (-1664 -96 32 ) (-1664 -96 176 ) 
5 77 78 (-1664 -96 256 ) (-1664 -96 0 ) (-1536 -96 0 ) (-1216 -96 80 ) (-1216 -96 256 ) 
4 78 106 (-1664 -96 176 ) (-1664 -96 32 ) (-1664 -176 32 ) (-1664 -176 176 ) 
4 78 80 (-1216 -96 0 ) (-1216 -224 0 ) (-1536 -224 0 ) (-1536 -96 0 ) 
4 79 125 (-1536 0 -240 ) (-1216 0 -240 ) (-1216 -96 -240 ) (-1536 -96 -240 ) 
4 79 82 (-1536 0 -240 ) (-1536 -96 -240 ) (-1536 -96 -144 ) (-1536 0 -144 ) 
4 79 81 (-1536 -96 -144 ) (-1536 -96 -240 ) (-1216 -96 -240 ) (-1216 -96 -144 ) 
4 81 125 (-1216 -96 -240 ) (-1216 -224 -240 ) (-1536 -224 -240 ) (-1536 -96 -240 ) 
4 81 83 (-1216 -224 -240 ) (-1216 -224 -144 ) (-1536 -224 -144 ) (-1536 -224 -240 ) 
4 81 82 (-1536 -96 -240 ) (-1536 -224 -240 ) (-1536 -224 -128 ) (-1536 -96 -128 ) 
4 82 125 (-1664 0 -240 ) (-1536 0 -240 ) (-1536 -224 -240 ) (-1664 -224 -240 ) 
4 82 113 (-1664 -176 -240 ) (-1664 -224 -240 ) (-1664 -224 -128 ) (-1664 -176 -128 ) 
4 82 110 (-1664 -48 -240 ) (-1664 -176 -240 ) (-1664 -176 -128 ) (-1664 -48 -128 ) 
4 82 104 (-1664 -16 -240 ) (-1664 -48 -240 ) (-1664 -48 -128 ) (-1664 -16 -128 ) 
4 82 103 (-1664 0 -240 ) (-1664 -16 -240 ) (-1664 -16 -128 ) (-1664 0 -128 ) 
4 82 83 (-1664 -224 -144 ) (-1664 -224 -240 ) (-1536 -224 -240 ) (-1536 -224 -144 ) 
4 83 125 (-1216 -224 -240 ) (-1216 -256 -240 ) (-1664 -256 -240 ) (-1664 -224 -240 ) 
4 83 113 (-1664 -224 -240 ) (-1664 -256 -240 ) (-1664 -256 -144 ) (-1664 -224 -144 ) 
4 83 100 (-1664 -256 -144 ) (-1664 -256 -240 ) (-1280 -256 -240 ) (-1280 -256 -144 ) 
4 83 90 (-1280 -256 -240 ) (-1216 -256 -240 ) (-1216 -256 -144 ) (-1280 -256 -144 ) 
4 84 91 (-1024 -512 -48 ) (-1024 -512 256 ) (-1216 -512 256 ) (-1216 -512 -48 ) 
4 84 88 (-1216 -256 256 ) (-1216 -256 -48 ) (-1216 -512 -48 ) (-1216 -512 256 ) 
5 84 85 (-1024 -512 -48 ) (-1088 -512 -48 ) (-1216 -384 -48 ) (-1216 -256 -48 ) (-1024 -256 -48 ) 
3 85 87 (-1088 -512 -48 ) (-1024 -448 -88 ) (-1024 -512 -68 ) 
3 85 86 (-1216 -384 -48 ) (-1216 -256 -88 ) (-1088 -256 -128 ) 
4 88 96 (-1280 -400 -48 ) (-1280 -512 -48 ) (-1280 -512 92 ) (-1280 -400 92 ) 
4 88 91 (-1280 -512 256 ) (-1280 -512 -48 ) (-1216 -512 -48 ) (-1216 -512 256 ) 
4 89 125 (-1024 -256 -240 ) (-1024 -512 -240 ) (-1216 -512 -240 ) (-1216 -256 -240 ) 
4 89 92 (-1216 -512 -240 ) (-1024 -512 -240 ) (-1024 -512 -144 ) (-1216 -512 -144 ) 
4 89 90 (-1216 -512 -240 ) (-1216 -512 -144 ) (-1216 -256 -144 ) (-1216 -256 -240 ) 
4 90 125 (-1216 -512 -240 ) (-1280 -512 -240 ) (-1280 -256 -240 ) (-1216 -256 -240 ) 
4 90 101 (-1280 -288 -240 ) (-1280 -512 -240 ) (-1280 -512 -128 ) (-1280 -288 -128 ) 
4 90 100 (-1280 -256 -128 ) (-1280 -256 -240 ) (-1280 -288 -240 ) (-1280 -288 -128 ) 
4 90 92 (-1280 -512 -128 ) (-1280 -512 -240 ) (-1216 -512 -240 ) (-1216 -512 -128 ) 
4 91 96 (-1280 -512 92 ) (-1280 -512 -48 ) (-1280 -544 -48 ) (-1280 -544 92 ) 
4 92 125 (-1024 -512 -240 ) (-1024 -576 -240 ) (-1280 -576 -240 ) (-1280 -512 -240 ) 
4 92 101 (-1280 -512 -240 ) (-1280 -576 -240 ) (-1280 -576 -128 ) (-1280 -512 -128 ) 
4 92 93 (-1280 -576 -144 ) (-1280 -576 -240 ) (-1024 -576 -240 ) (-1024 -576 -144 ) 
4 93 125 (-1024 -576 -240 ) (-1024 -608 -240 ) (-1280 -608 -240 ) (-1280 -576 -240 ) 
4 93 101 (-1280 -576 -240 ) (-1280 -608 -240 ) (-1280 -608 -144 ) (-1280 -576 -144 ) 
4 93 95 (-1280 -608 -144 ) (-1280 -608 -240 ) (-1024 -608 -240 ) (-1024 -608 -144 ) 
4 94 97 (-1280 -992 -48 ) (-1280 -992 256 ) (-1280 -608 256 ) (-1280 -608 -48 ) 
4 95 125 (-1024 -608 -240 ) (-1024 -992 -240 ) (-1280 -992 -240 ) (-1280 -608 -240 ) 
4 95 120 (-1280 -992 -240 ) (-1024 -992 -240 ) (-1024 -992 -144 ) (-1280 -992 -144 ) 
4 95 101 (-1280 -608 -240 ) (-1280 -992 -240 ) (-1280 -992 -144 ) (-1280 -608 -144 ) 
4 96 99 (-1312 -400 -48 ) (-1312 -544 -48 ) (-1312 -544 -16 ) (-1312 -400 -16 ) 
4 96 98 (-1312 -544 -16 ) (-1312 -544 92 ) (-1312 -400 92 ) (-1312 -400 -16 ) 
4 97 99 (-1312 -608 -48 ) (-1312 -992 -48 ) (-1312 -992 -16 ) (-1312 -608 -16 ) 
4 97 98 (-1312 -992 -16 ) (-1312 -992 256 ) (-1312 -608 256 ) (-1312 -608 -16 ) 
4 98 121 (-1456 -992 80 ) (-1456 -992 -16 ) (-1344 -992 -16 ) (-1344 -992 80 ) 
4 98 117 (-1664 -992 -16 ) (-1664 -992 256 ) (-1664 -352 256 ) (-1664 -352 -16 ) 
4 98 116 (-1664 -352 256 ) (-1664 -288 256 ) (-1664 -288 -16 ) (-1664 -352 -16 ) 
4 98 111 (-1664 -288 256 ) (-1664 -256 256 ) (-1664 -256 -16 ) (-1664 -288 -16 ) 
4 98 99 (-1664 -992 -16 ) (-1664 -352 -16 ) (-1312 -400 -16 ) (-1312 -992 -16 ) 
4 99 121 (-1456 -992 -48 ) (-1344 -992 -48 ) (-1344 -992 -16 ) (-1456 -992 -16 ) 
4 99 117 (-1664 -992 -48 ) (-1664 -992 -16 ) (-1664 -352 -16 ) (-1664 -352 -48 ) 
4 100 125 (-1664 -288 -240 ) (-1664 -256 -240 ) (-1280 -256 -240 ) (-1280 -288 -240 ) 
4 100 113 (-1664 -256 -240 ) (-1664 -288 -240 ) (-1664 -288 -48 ) (-1664 -256 -48 ) 
4 100 101 (-1280 -288 -240 ) (-1280 -288 -112 ) (-1664 -288 -112 ) (-1664 -288 -240 ) 
4 101 125 (-1280 -992 -240 ) (-1664 -992 -240 ) (-1664 -288 -240 ) (-1280 -288 -240 ) 
4 101 123 (-1664 -992 -240 ) (-1456 -992 -240 ) (-1456 -992 -144 ) (-1664 -992 -144 ) 
4 101 122 (-1456 -992 -240 ) (-1344 -992 -240 ) (-1344 -992 -144 ) (-1456 -992 -144 ) 
4 101 120 (-1344 -992 -240 ) (-1280 -992 -240 ) (-1280 -992 -144 ) (-1344 -992 -144 ) 
4 101 119 (-1664 -288 -240 ) (-1664 -992 -240 ) (-1664 -992 -112 ) (-1664 -288 -112 ) 
4 102 174 (-2048 -48 256 ) (-2048 -16 256 ) (-2048 -16 -16 ) (-2048 -48 -16 ) 
4 102 109 (-2048 -48 32 ) (-2048 -48 -16 ) (-1696 -48 -16 ) (-1696 -48 32 ) 
4 102 108 (-2048 -48 176 ) (-2048 -48 32 ) (-1696 -48 32 ) (-1696 -48 176 ) 
4 102 105 (-1696 -48 256 ) (-2048 -48 256 ) (-2048 -48 176 ) (-1696 -48 176 ) 
4 103 182 (-2048 0 -16 ) (-2048 0 -240 ) (-2048 -16 -240 ) (-2048 -16 -16 ) 
4 103 125 (-2048 0 -240 ) (-1664 0 -240 ) (-1664 -16 -240 ) (-2048 -16 -240 ) 
4 103 104 (-2048 -16 -240 ) (-1664 -16 -240 ) (-1664 -16 -48 ) (-2048 -16 -48 ) 
4 104 183 (-2048 -16 -240 ) (-2048 -48 -240 ) (-2048 -48 -48 ) (-2048 -16 -48 ) 
4 104 125 (-1664 -16 -240 ) (-1664 -48 -240 ) (-2048 -48 -240 ) (-2048 -16 -240 ) 
4 104 110 (-2048 -48 -240 ) (-1664 -48 -240 ) (-1664 -48 -48 ) (-2048 -48 -48 ) 
4 105 174 (-2048 -176 256 ) (-2048 -48 256 ) (-2048 -48 176 ) (-2048 -176 176 ) 
4 105 112 (-1696 -176 256 ) (-2048 -176 256 ) (-2048 -176 176 ) (-1696 -176 176 ) 
4 105 108 (-1696 -176 176 ) (-2048 -176 176 ) (-2048 -48 176 ) (-1696 -48 176 ) 
4 106 107 (-1672 -48 32 ) (-1672 -176 32 ) (-1672 -176 176 ) (-1672 -48 176 ) 
4 107 108 (-1688 -48 32 ) (-1688 -176 32 ) (-1688 -176 176 ) (-1688 -48 176 ) 
4 108 174 (-2048 -48 176 ) (-2048 -48 32 ) (-2048 -176 32 ) (-2048 -176 176 ) 
4 108 112 (-1696 -176 176 ) (-2048 -176 176 ) (-2048 -176 32 ) (-1696 -176 32 ) 
4 108 109 (-1696 -176 32 ) (-2048 -176 32 ) (-2048 -48 32 ) (-1696 -48 32 ) 
4 109 174 (-2048 -48 32 ) (-2048 -48 -16 ) (-2048 -176 -16 ) (-2048 -176 32 ) 
4 109 112 (-1696 -176 32 ) (-2048 -176 32 ) (-2048 -176 -16 ) (-1696 -176 -16 ) 
4 110 183 (-2048 -48 -48 ) (-2048 -48 -240 ) (-2048 -176 -240 ) (-2048 -176 -48 ) 
4 110 125 (-1664 -48 -240 ) (-1664 -176 -240 ) (-2048 -176 -240 ) (-2048 -48 -240 ) 
4 110 113 (-2048 -176 -240 ) (-1664 -176 -240 ) (-1664 -176 -48 ) (-2048 -176 -48 ) 
4 111 116 (-1664 -288 -16 ) (-1664 -288 256 ) (-1696 -288 256 ) (-1696 -288 -16 ) 
4 111 112 (-1696 -256 -16 ) (-1696 -288 -16 ) (-1696 -288 256 ) (-1696 -256 256 ) 
4 112 177 (-2048 -288 256 ) (-2048 -248 256 ) (-2048 -248 -16 ) (-2048 -288 -16 ) 
4 112 174 (-2048 -248 256 ) (-2048 -176 256 ) (-2048 -176 -16 ) (-2048 -248 -16 ) 
4 112 116 (-1696 -288 256 ) (-2048 -288 256 ) (-2048 -288 -16 ) (-1696 -288 -16 ) 
4 113 183 (-2048 -176 -48 ) (-2048 -176 -240 ) (-2048 -288 -240 ) (-2048 -288 -48 ) 
4 113 125 (-1664 -176 -240 ) (-1664 -288 -240 ) (-2048 -288 -240 ) (-2048 -176 -240 ) 
4 113 119 (-2048 -288 -240 ) (-1664 -288 -240 ) (-1664 -288 -112 ) (-2048 -288 -112 ) 
3 114 118 (-1885.714233 -992 255.875000 ) (-1888 -992 255.875000 ) (-1920.003662 -959.996521 255.875000 ) 
5 114 117 (-1664 -352 255.875000 ) (-1664 -992 255.875000 ) (-1885.714233 -992 255.875000 ) (-2048 -840.533203 255.875000 ) (-2048 -352 255.875000 ) 
4 114 116 (-2048 -288 255.875000 ) (-1664 -288 255.875000 ) (-1664 -352 255.875000 ) (-2048 -352 255.875000 ) 
3 114 115 (-1920 -992 255.875000 ) (-2048 -992 255.875000 ) (-2048 -872 255.875000 ) 
4 115 213 (-2048 -872 -96 ) (-2048 -872 -112 ) (-2048 -992 -112 ) (-2048 -992 -96 ) 
4 115 214 (-2048 -872 -112 ) (-2048 -872 -240 ) (-2048 -992 -240 ) (-2048 -992 -112 ) 
4 115 192 (-2048 -992 256 ) (-2048 -872 256 ) (-2048 -872 -96 ) (-2048 -992 -96 ) 
3 115 125 (-1920 -992 -240 ) (-2048 -992 -240 ) (-2048 -872 -240 ) 
4 115 124 (-2048 -992 -240 ) (-1920 -992 -240 ) (-1920 -992 256 ) (-2048 -992 256 ) 
4 115 119 (-1920.004150 -992 -112 ) (-1920.004150 -992 -240 ) (-2048 -872.003906 -240 ) (-2048 -872.003906 -112 ) 
4 116 177 (-2048 -352 256 ) (-2048 -288 256 ) (-2048 -288 -16 ) (-2048 -352 -16 ) 
4 116 117 (-1664 -352 -16 ) (-1664 -352 255.875000 ) (-2048 -352 255.875000 ) (-2048 -352 -16 ) 
4 117 194 (-2048 -840.533203 256 ) (-2048 -512 256 ) (-2048 -512 -48 ) (-2048 -840.533325 -48 ) 
4 117 185 (-2048 -480 -48 ) (-2048 -512 -48 ) (-2048 -512 -16 ) (-2048 -480 -16 ) 
4 117 184 (-2048 -352 -16 ) (-2048 -352 -48 ) (-2048 -480 -48 ) (-2048 -480 -16 ) 
4 117 180 (-2048 -480 124 ) (-2048 -480 -16 ) (-2048 -512 -16 ) (-2048 -512 124 ) 
4 117 179 (-2048 -512 256 ) (-2048 -480 256 ) (-2048 -480 124 ) (-2048 -512 124 ) 
4 117 177 (-2048 -480 256 ) (-2048 -352 256 ) (-2048 -352 -16 ) (-2048 -480 -16 ) 
4 117 118 (-1885.713501 -992 -48 ) (-1885.714355 -992 255.875000 ) (-1920 -960 255.875000 ) (-1920.013428 -959.986694 -48 ) 
4 119 214 (-2048 -512 -240 ) (-2048 -872 -240 ) (-2048 -872 -112 ) (-2048 -512 -112 ) 
4 119 186 (-2048 -288 -112 ) (-2048 -288 -240 ) (-2048 -512 -240 ) (-2048 -512 -112 ) 
5 119 125 (-1664 -288 -240 ) (-1664 -992 -240 ) (-1920 -992 -240 ) (-2048 -872 -240 ) (-2048 -288 -240 ) 
4 119 123 (-1920 -992 -240 ) (-1664 -992 -240 ) (-1664 -992 -144 ) (-1920 -992 -144 ) 
3 120 139 (-1024 -1024 -216 ) (-1024 -1024 -144 ) (-1168 -1024 -144 ) 
5 120 134 (-1344 -1024 -240 ) (-1024 -1024 -240 ) (-1024 -1024 -216 ) (-1168 -1024 -144 ) (-1344 -1024 -144 ) 
4 120 125 (-1024 -992 -240 ) (-1024 -1024 -240 ) (-1344 -1024 -240 ) (-1344 -992 -240 ) 
4 120 122 (-1344 -992 -144 ) (-1344 -992 -240 ) (-1344 -1024 -240 ) (-1344 -1024 -144 ) 
4 121 130 (-1344 -1024 -48 ) (-1344 -1024 80 ) (-1456 -1024 80 ) (-1456 -1024 -48 ) 
4 122 134 (-1456 -1024 -240 ) (-1344 -1024 -240 ) (-1344 -1024 -144 ) (-1456 -1024 -144 ) 
4 122 125 (-1344 -1024 -240 ) (-1456 -1024 -240 ) (-1456 -992 -240 ) (-1344 -992 -240 ) 
4 122 123 (-1456 -992 -144 ) (-1456 -992 -240 ) (-1456 -1024 -240 ) (-1456 -1024 -144 ) 
4 123 134 (-1920 -1024 -240 ) (-1456 -1024 -240 ) (-1456 -1024 -144 ) (-1920 -1024 -144 ) 
4 123 125 (-1456 -1024 -240 ) (-1920 -1024 -240 ) (-1920 -992 -240 ) (-1456 -992 -240 ) 
4 123 124 (-1920 -992 -144 ) (-1920 -992 -240 ) (-1920 -1024 -240 ) (-1920 -1024 -144 ) 
4 124 213 (-2048 -1024 -112 ) (-2048 -1024 -96 ) (-2048 -992 -96 ) (-2048 -992 -112 ) 
4 124 214 (-2048 -1024 -240 ) (-2048 -1024 -112 ) (-2048 -992 -112 ) (-2048 -992 -240 ) 
4 124 192 (-2048 -1024 -96 ) (-2048 -1024 256 ) (-2048 -992 256 ) (-2048 -992 -96 ) 
4 124 134 (-2048 -1024 -64 ) (-2048 -1024 -240 ) (-1920 -1024 -240 ) (-1920 -1024 -64 ) 
4 124 133 (-2048 -1024 -48 ) (-2048 -1024 -64 ) (-1920 -1024 -64 ) (-1920 -1024 -48 ) 
4 124 130 (-2048 -1024 256 ) (-2048 -1024 -48 ) (-1920 -1024 -48 ) (-1920 -1024 256 ) 
4 124 125 (-1920 -1024 -240 ) (-2048 -1024 -240 ) (-2048 -992 -240 ) (-1920 -992 -240 ) 
4 125 215 (-2048 -1024 -256 ) (-2048 -1024 -240 ) (-2048 0 -240 ) (-2048 0 -256 ) 
4 125 153 (-2048 -1024 -240 ) (-2048 -1024 -256 ) (-1024 -1024 -256 ) (-1024 -1024 -240 ) 
4 125 126 (-2048 0 -256 ) (-1024 0 -256 ) (-1024 -1024 -256 ) (-2048 -1024 -256 ) 
4 126 217 (-2048 -1024 -640 ) (-2048 -1024 -256 ) (-2048 0 -256 ) (-2048 0 -640 ) 
4 126 154 (-2048 -1024 -256 ) (-2048 -1024 -640 ) (-1024 -1024 -640 ) (-1024 -1024 -256 ) 
4 127 159 (0 -2048 -240 ) (0 -2048 528 ) (-1024 -2048 528 ) (-1024 -2048 -240 ) 
4 127 152 (-1024 -1088 -240 ) (-1024 -2048 -240 ) (-1024 -2048 528 ) (-1024 -1088 528 ) 
4 127 151 (-1024 -1088 -216 ) (-1024 -1088 -200 ) (-1024 -1072 -200 ) (-1024 -1072 -216 ) 
4 127 150 (-1024 -1088 -200 ) (-1024 -1088 -64 ) (-1024 -1072 -64 ) (-1024 -1072 -200 ) 
4 127 149 (-1024 -1072 -240 ) (-1024 -1088 -240 ) (-1024 -1088 -216 ) (-1024 -1072 -216 ) 
4 127 144 (-1024 -1088 -64 ) (-1024 -1088 -48 ) (-1024 -1072 -48 ) (-1024 -1072 -64 ) 
4 127 143 (-1024 -1088 -48 ) (-1024 -1088 528 ) (-1024 -1072 528 ) (-1024 -1072 -48 ) 
4 127 139 (-1024 -1024 -112 ) (-1024 -1024 -216 ) (-1024 -1072 -216 ) (-1024 -1072 -112 ) 
4 127 138 (-1024 -1024 -104 ) (-1024 -1024 -112 ) (-1024 -1072 -112 ) (-1024 -1072 -104 ) 
4 127 135 (-1024 -1024 -64 ) (-1024 -1024 -104 ) (-1024 -1072 -104 ) (-1024 -1072 -64 ) 
4 127 134 (-1024 -1024 -216 ) (-1024 -1024 -240 ) (-1024 -1072 -240 ) (-1024 -1072 -216 ) 
4 127 131 (-1024 -1024 -48 ) (-1024 -1024 -64 ) (-1024 -1072 -64 ) (-1024 -1072 -48 ) 
4 127 130 (-1024 -1024 528 ) (-1024 -1024 -48 ) (-1024 -1072 -48 ) (-1024 -1072 528 ) 
4 127 128 (-1024 -1024 -240 ) (0 -1024 -240 ) (0 -2048 -240 ) (-1024 -2048 -240 ) 
4 128 160 (0 -2048 -256 ) (0 -2048 -240 ) (-1024 -2048 -240 ) (-1024 -2048 -256 ) 
4 128 153 (-1024 -1024 -240 ) (-1024 -1024 -256 ) (-1024 -2048 -256 ) (-1024 -2048 -240 ) 
4 128 129 (-1024 -1024 -256 ) (0 -1024 -256 ) (0 -2048 -256 ) (-1024 -2048 -256 ) 
4 129 161 (0 -2048 -640 ) (0 -2048 -256 ) (-1024 -2048 -256 ) (-1024 -2048 -640 ) 
4 129 154 (-1024 -1024 -256 ) (-1024 -1024 -640 ) (-1024 -2048 -640 ) (-1024 -2048 -256 ) 
4 130 253 (-2048 -1056 -48 ) (-2048 -1072 -48 ) (-2048 -1072 208 ) (-2048 -1056 208 ) 
4 130 252 (-2048 -1072 208 ) (-2048 -1072 528 ) (-2048 -1056 528 ) (-2048 -1056 208 ) 
4 130 251 (-2048 -1024 255.938019 ) (-2048 -1024 -48 ) (-2048 -1056 -48 ) (-2048 -1056 255.938019 ) 
4 130 250 (-2048 -1024 528 ) (-2048 -1024 255.938019 ) (-2048 -1056 255.938019 ) (-2048 -1056 528 ) 
4 130 143 (-2048 -1072 528 ) (-2048 -1072 -48 ) (-1024 -1072 -48 ) (-1024 -1072 528 ) 
4 130 133 (-1472 -1072 -48 ) (-2048 -1072 -48 ) (-2048 -1024 -48 ) (-1472 -1024 -48 ) 
4 130 132 (-1312 -1072 -48 ) (-1328 -1072 -48 ) (-1328 -1024 -48 ) (-1312 -1024 -48 ) 
4 130 131 (-1024 -1072 -48 ) (-1312 -1072 -48 ) (-1312 -1024 -48 ) (-1024 -1024 -48 ) 
5 131 144 (-1296 -1072 -64 ) (-1024 -1072 -64 ) (-1024 -1072 -48 ) (-1312 -1072 -48 ) (-1312 -1072 -56 ) 
4 131 141 (-1264 -1072 -64 ) (-1296 -1072 -64 ) (-1296 -1024 -64 ) (-1264 -1024 -64 ) 
4 131 137 (-1248 -1072 -64 ) (-1264 -1072 -64 ) (-1264 -1024 -64 ) (-1248 -1024 -64 ) 
4 131 136 (-1232 -1072 -64 ) (-1248 -1072 -64 ) (-1248 -1024 -64 ) (-1232 -1024 -64 ) 
4 131 135 (-1024 -1072 -64 ) (-1232 -1072 -64 ) (-1232 -1024 -64 ) (-1024 -1024 -64 ) 
4 131 132 (-1312 -1072 -56 ) (-1312 -1072 -48 ) (-1312 -1024 -48 ) (-1312 -1024 -56 ) 
3 132 144 (-1312 -1072 -56 ) (-1312 -1072 -48 ) (-1328 -1072 -48 ) 
4 133 253 (-2048 -1056 -64 ) (-2048 -1072 -64 ) (-2048 -1072 -48 ) (-2048 -1056 -48 ) 
4 133 251 (-2048 -1024 -48 ) (-2048 -1024 -64 ) (-2048 -1056 -64 ) (-2048 -1056 -48 ) 
4 133 145 (-2048 -1072 -48 ) (-2048 -1072 -64 ) (-1472 -1072 -64 ) (-1472 -1072 -48 ) 
4 133 134 (-1472 -1072 -64 ) (-2048 -1072 -64 ) (-2048 -1024 -64 ) (-1472 -1024 -64 ) 
4 134 267 (-2048 -1056 -240 ) (-2048 -1072 -240 ) (-2048 -1072 -112 ) (-2048 -1056 -112 ) 
4 134 263 (-2048 -1072 -112 ) (-2048 -1072 -96 ) (-2048 -1056 -96 ) (-2048 -1056 -112 ) 
4 134 261 (-2048 -1072 -96 ) (-2048 -1072 -80 ) (-2048 -1056 -80 ) (-2048 -1056 -96 ) 
4 134 253 (-2048 -1072 -80 ) (-2048 -1072 -64 ) (-2048 -1056 -64 ) (-2048 -1056 -80 ) 
4 134 251 (-2048 -1024 -64 ) (-2048 -1024 -240 ) (-2048 -1056 -240 ) (-2048 -1056 -64 ) 
4 134 153 (-1024 -1024 -240 ) (-1024 -1072 -240 ) (-2048 -1072 -240 ) (-2048 -1024 -240 ) 
4 134 148 (-2048 -1072 -64 ) (-2048 -1072 -128 ) (-1472 -1072 -128 ) (-1472 -1072 -64 ) 
3 134 146 (-1328 -1072 -128 ) (-1200 -1072 -128 ) (-1328 -1072 -64 ) 
4 134 147 (-1456 -1072 -128 ) (-1344 -1072 -128 ) (-1344 -1072 -64 ) (-1456 -1072 -64 ) 
5 134 149 (-2048 -1072 -128 ) (-2048 -1072 -240 ) (-1024 -1072 -240 ) (-1024 -1072 -216 ) (-1200 -1072 -128 ) 
4 134 140 (-1216 -1072 -120 ) (-1200 -1072 -128 ) (-1200 -1024 -128 ) (-1216 -1024 -120 ) 
4 134 139 (-1200 -1072 -128 ) (-1024 -1072 -216 ) (-1024 -1024 -216 ) (-1200 -1024 -128 ) 
5 135 150 (-1024 -1072 -104 ) (-1024 -1072 -64 ) (-1232 -1072 -64 ) (-1232 -1072 -96 ) (-1216 -1072 -104 ) 
4 135 138 (-1024 -1072 -104 ) (-1216 -1072 -104 ) (-1216 -1024 -104 ) (-1024 -1024 -104 ) 
4 135 136 (-1232 -1072 -96 ) (-1232 -1072 -64 ) (-1232 -1024 -64 ) (-1232 -1024 -96 ) 
4 136 150 (-1232 -1072 -64 ) (-1248 -1072 -64 ) (-1248 -1072 -88 ) (-1232 -1072 -96 ) 
4 136 137 (-1248 -1072 -88 ) (-1248 -1072 -64 ) (-1248 -1024 -64 ) (-1248 -1024 -88 ) 
4 137 150 (-1248 -1072 -64 ) (-1264 -1072 -64 ) (-1264 -1072 -80 ) (-1248 -1072 -88 ) 
4 137 142 (-1264 -1072 -80 ) (-1264 -1072 -72 ) (-1264 -1024 -72 ) (-1264 -1024 -80 ) 
4 137 141 (-1264 -1072 -72 ) (-1264 -1072 -64 ) (-1264 -1024 -64 ) (-1264 -1024 -72 ) 
4 138 150 (-1024 -1072 -112 ) (-1024 -1072 -104 ) (-1216 -1072 -104 ) (-1200 -1072 -112 ) 
4 138 139 (-1024 -1072 -112 ) (-1200 -1072 -112 ) (-1200 -1024 -112 ) (-1024 -1024 -112 ) 
5 139 151 (-1024 -1072 -216 ) (-1024 -1072 -200 ) (-1184 -1072 -120 ) (-1200 -1072 -120 ) (-1200 -1072 -128 ) 
3 139 150 (-1024 -1072 -200 ) (-1024 -1072 -112 ) (-1200 -1072 -112 ) 
4 139 140 (-1200 -1024 -128 ) (-1200 -1072 -128 ) (-1200 -1072 -120 ) (-1200 -1024 -120 ) 
3 140 151 (-1216 -1072 -120 ) (-1200 -1072 -128 ) (-1200 -1072 -120 ) 
4 141 150 (-1264 -1072 -64 ) (-1296 -1072 -64 ) (-1280 -1072 -72 ) (-1264 -1072 -72 ) 
4 141 142 (-1280 -1024 -72 ) (-1264 -1024 -72 ) (-1264 -1072 -72 ) (-1280 -1072 -72 ) 
3 142 150 (-1264 -1072 -80 ) (-1264 -1072 -72 ) (-1280 -1072 -72 ) 
4 143 253 (-2048 -1072 208 ) (-2048 -1072 -48 ) (-2048 -1088 -48 ) (-2048 -1088 208 ) 
4 143 252 (-2048 -1072 528 ) (-2048 -1072 208 ) (-2048 -1088 208 ) (-2048 -1088 528 ) 
4 143 152 (-1024 -1088 -48 ) (-1024 -1088 528 ) (-2048 -1088 528 ) (-2048 -1088 -48 ) 
4 143 145 (-1472 -1088 -48 ) (-2048 -1088 -48 ) (-2048 -1072 -48 ) (-1472 -1072 -48 ) 
4 143 144 (-1024 -1088 -48 ) (-1328 -1088 -48 ) (-1328 -1072 -48 ) (-1024 -1072 -48 ) 
4 144 152 (-1024 -1088 -64 ) (-1024 -1088 -48 ) (-1328 -1088 -48 ) (-1296 -1088 -64 ) 
4 144 150 (-1024 -1088 -64 ) (-1296 -1088 -64 ) (-1296 -1072 -64 ) (-1024 -1072 -64 ) 
4 145 253 (-2048 -1072 -48 ) (-2048 -1072 -64 ) (-2048 -1088 -64 ) (-2048 -1088 -48 ) 
4 145 152 (-1472 -1088 -48 ) (-2048 -1088 -48 ) (-2048 -1088 -64 ) (-1472 -1088 -64 ) 
4 145 148 (-1472 -1088 -64 ) (-2048 -1088 -64 ) (-2048 -1072 -64 ) (-1472 -1072 -64 ) 
3 146 152 (-1200 -1088 -128 ) (-1328 -1088 -64 ) (-1328 -1088 -128 ) 
4 146 151 (-1200 -1072 -128 ) (-1216 -1072 -120 ) (-1216 -1088 -120 ) (-1200 -1088 -128 ) 
4 146 149 (-1328 -1072 -128 ) (-1199.998047 -1072 -128 ) (-1199.998047 -1088 -128 ) (-1328 -1088 -128 ) 
4 147 152 (-1344 -1088 -64 ) (-1456 -1088 -64 ) (-1456 -1088 -128 ) (-1344 -1088 -128 ) 
4 147 149 (-1456 -1072 -128 ) (-1344 -1072 -128 ) (-1344 -1088 -128 ) (-1456 -1088 -128 ) 
4 148 267 (-2048 -1072 -112 ) (-2048 -1072 -128 ) (-2048 -1088 -128 ) (-2048 -1088 -112 ) 
4 148 263 (-2048 -1072 -96 ) (-2048 -1072 -112 ) (-2048 -1088 -112 ) (-2048 -1088 -96 ) 
4 148 261 (-2048 -1072 -80 ) (-2048 -1072 -96 ) (-2048 -1088 -96 ) (-2048 -1088 -80 ) 
4 148 253 (-2048 -1072 -64 ) (-2048 -1072 -80 ) (-2048 -1088 -80 ) (-2048 -1088 -64 ) 
4 148 152 (-1472 -1088 -64 ) (-2048 -1088 -64 ) (-2048 -1088 -128 ) (-1472 -1088 -128 ) 
4 148 149 (-2048 -1072 -128 ) (-1472 -1072 -128 ) (-1472 -1088 -128 ) (-2048 -1088 -128 ) 
4 149 267 (-2048 -1072 -128 ) (-2048 -1072 -240 ) (-2048 -1088 -240 ) (-2048 -1088 -128 ) 
4 149 153 (-1024 -1072 -240 ) (-1024 -1088 -240 ) (-2048 -1088 -240 ) (-2048 -1072 -240 ) 
5 149 152 (-2048 -1088 -240 ) (-1024 -1088 -240 ) (-1024 -1088 -216 ) (-1200 -1088 -128 ) (-2048 -1088 -128 ) 
4 149 151 (-1024 -1072 -216 ) (-1200 -1072 -128 ) (-1200 -1088 -128 ) (-1024 -1088 -216 ) 
3 150 152 (-1024 -1088 -200 ) (-1024 -1088 -64 ) (-1296 -1088 -64 ) 
4 150 151 (-1024 -1088 -200 ) (-1184 -1088 -120 ) (-1184 -1072 -120 ) (-1024 -1072 -200 ) 
4 151 152 (-1024 -1088 -216 ) (-1024 -1088 -200 ) (-1184 -1088 -120 ) (-1216 -1088 -120 ) 
4 152 267 (-2048 -2048 -240 ) (-2048 -2048 -112 ) (-2048 -1088 -112 ) (-2048 -1088 -240 ) 
4 152 263 (-2048 -2048 -112 ) (-2048 -2048 -96 ) (-2048 -1088 -96 ) (-2048 -1088 -112 ) 
4 152 261 (-2048 -2048 -96 ) (-2048 -2048 -80 ) (-2048 -1088 -80 ) (-2048 -1088 -96 ) 
4 152 253 (-2048 -2048 -80 ) (-2048 -2048 208 ) (-2048 -1088 208 ) (-2048 -1088 -80 ) 
4 152 252 (-2048 -2048 208 ) (-2048 -2048 528 ) (-2048 -1088 528 ) (-2048 -1088 208 ) 
4 152 162 (-2048 -2048 528 ) (-2048 -2048 -240 ) (-1024 -2048 -240 ) (-1024 -2048 528 ) 
4 152 153 (-1024 -1088 -240 ) (-1024 -2048 -240 ) (-2048 -2048 -240 ) (-2048 -1088 -240 ) 
4 153 271 (-2048 -2048 -256 ) (-2048 -2048 -240 ) (-2048 -1024 -240 ) (-2048 -1024 -256 ) 
4 153 163 (-2048 -2048 -240 ) (-2048 -2048 -256 ) (-1024 -2048 -256 ) (-1024 -2048 -240 ) 
4 153 154 (-1024 -1024 -256 ) (-1024 -2048 -256 ) (-2048 -2048 -256 ) (-2048 -1024 -256 ) 
4 154 276 (-2048 -2048 -640 ) (-2048 -2048 -256 ) (-2048 -1024 -256 ) (-2048 -1024 -640 ) 
4 154 164 (-2048 -2048 -256 ) (-2048 -2048 -640 ) (-1024 -2048 -640 ) (-1024 -2048 -256 ) 
4 155 159 (0 -2048 528 ) (0 -2048 -240 ) (0 -3056 -240 ) (0 -3056 528 ) 
4 155 157 (0 -3056 -240 ) (0 -2048 -240 ) (640 -2048 -240 ) (640 -3056 -240 ) 
4 155 156 (640 -2048 -240 ) (848 -2048 -240 ) (848 -3056 -240 ) (640 -3056 -240 ) 
4 156 158 (640 -2048 -640 ) (640 -3056 -640 ) (640 -3056 -256 ) (640 -2048 -256 ) 
4 156 157 (640 -3056 -256 ) (640 -3056 -240 ) (640 -2048 -240 ) (640 -2048 -256 ) 
4 157 160 (0 -2048 -240 ) (0 -2048 -256 ) (0 -3056 -256 ) (0 -3056 -240 ) 
4 157 158 (640 -2048 -256 ) (640 -3056 -256 ) (0 -3056 -256 ) (0 -2048 -256 ) 
4 158 161 (0 -2048 -256 ) (0 -2048 -640 ) (0 -3056 -640 ) (0 -3056 -256 ) 
4 159 162 (-1024 -2048 528 ) (-1024 -2048 -240 ) (-1024 -3056 -240 ) (-1024 -3056 528 ) 
4 159 160 (-1024 -3056 -240 ) (-1024 -2048 -240 ) (0 -2048 -240 ) (0 -3056 -240 ) 
4 160 163 (-1024 -2048 -240 ) (-1024 -2048 -256 ) (-1024 -3056 -256 ) (-1024 -3056 -240 ) 
4 160 161 (0 -3056 -256 ) (-1024 -3056 -256 ) (-1024 -2048 -256 ) (0 -2048 -256 ) 
4 161 164 (-1024 -2048 -256 ) (-1024 -2048 -640 ) (-1024 -3056 -640 ) (-1024 -3056 -256 ) 
4 162 316 (-2048 -3056 528 ) (-2048 -2048 528 ) (-2048 -2048 -240 ) (-2048 -3056 -240 ) 
4 162 163 (-1024 -2048 -240 ) (-1024 -3056 -240 ) (-2048 -3056 -240 ) (-2048 -2048 -240 ) 
4 163 317 (-2048 -3056 -240 ) (-2048 -2048 -240 ) (-2048 -2048 -256 ) (-2048 -3056 -256 ) 
4 163 164 (-1024 -3056 -256 ) (-2048 -3056 -256 ) (-2048 -2048 -256 ) (-1024 -2048 -256 ) 
4 164 318 (-2048 -2048 -256 ) (-2048 -2048 -640 ) (-2048 -3056 -640 ) (-2048 -3056 -256 ) 
4 165 189 (-2944 0 -16 ) (-3072 0 -16 ) (-3072 0 -240 ) (-2944 0 -240 ) 
4 165 182 (-2048 0 -240 ) (-2048 0 -16 ) (-2944 0 -16 ) (-2944 0 -240 ) 
4 165 168 (-3072 0 -240 ) (-3072 0 528 ) (-3072 368 528 ) (-3072 368 -240 ) 
4 165 166 (-2048 368 -240 ) (-2048 0 -240 ) (-3072 0 -240 ) (-3072 368 -240 ) 
4 166 216 (-2656 0 -240 ) (-3072 0 -240 ) (-3072 0 -256 ) (-2656 0 -256 ) 
4 166 215 (-2048 0 -256 ) (-2048 0 -240 ) (-2656 0 -240 ) (-2656 0 -256 ) 
4 166 169 (-3072 0 -256 ) (-3072 0 -240 ) (-3072 368 -240 ) (-3072 368 -256 ) 
4 166 167 (-2048 368 -256 ) (-2048 0 -256 ) (-3072 0 -256 ) (-3072 368 -256 ) 
4 167 217 (-2048 0 -640 ) (-2048 0 -256 ) (-3072 0 -256 ) (-3072 0 -640 ) 
4 167 170 (-3072 0 -640 ) (-3072 0 -256 ) (-3072 368 -256 ) (-3072 368 -640 ) 
4 168 231 (-4096 0 -208 ) (-4096 0 -240 ) (-4000 0 -240 ) (-4000 0 -208 ) 
4 168 230 (-4000 0 -56 ) (-4000 0 -240 ) (-3968 0 -240 ) (-3968 0 -56 ) 
4 168 228 (-3968 0 -208 ) (-3968 0 -240 ) (-3200 0 -240 ) (-3200 0 -208 ) 
4 168 220 (-3072 0 -240 ) (-3072 0 -16 ) (-3200 0 -16 ) (-3200 0 -240 ) 
4 168 219 (-4000 0 528 ) (-4096 0 528 ) (-4096 0 384 ) (-4000 0 384 ) 
4 168 218 (-3968 0 528 ) (-4000 0 528 ) (-4000 0 384 ) (-3968 0 384 ) 
4 168 172 (-4096 0 -240 ) (-4096 0 528 ) (-4096 368 528 ) (-4096 368 -240 ) 
4 168 171 (-4096 0 -240 ) (-4096 368 -240 ) (-3456 368 -240 ) (-3456 0 -240 ) 
4 168 169 (-3456 368 -240 ) (-3072 368 -240 ) (-3072 0 -240 ) (-3456 0 -240 ) 
4 169 247 (-3200 0 -240 ) (-3456 0 -240 ) (-3456 0 -256 ) (-3200 0 -256 ) 
4 169 246 (-3072 0 -256 ) (-3072 0 -240 ) (-3200 0 -240 ) (-3200 0 -256 ) 
4 169 171 (-3456 0 -256 ) (-3456 0 -240 ) (-3456 368 -240 ) (-3456 368 -256 ) 
4 169 170 (-3456 0 -256 ) (-3456 368 -256 ) (-3072 368 -256 ) (-3072 0 -256 ) 
4 170 249 (-3072 0 -640 ) (-3072 0 -256 ) (-3456 0 -256 ) (-3456 0 -640 ) 
4 170 171 (-3456 368 -640 ) (-3456 0 -640 ) (-3456 0 -256 ) (-3456 368 -256 ) 
4 171 249 (-4096 0 -256 ) (-4096 0 -640 ) (-3456 0 -640 ) (-3456 0 -256 ) 
4 171 248 (-3456 0 -240 ) (-4096 0 -240 ) (-4096 0 -256 ) (-3456 0 -256 ) 
4 171 172 (-4096 0 -640 ) (-4096 0 -240 ) (-4096 368 -240 ) (-4096 368 -640 ) 
4 172 337 (-4096 0 -640 ) (-4096 0 -208 ) (-4864 0 -208 ) (-4864 0 -640 ) 
4 172 338 (-4864 0 384 ) (-5120 0 384 ) (-5120 0 -640 ) (-4864 0 -640 ) 
4 172 336 (-4096 0 384 ) (-4096 0 528 ) (-5120 0 528 ) (-5120 0 384 ) 
4 172 173 (-5120 0 -640 ) (-5120 0 528 ) (-5120 368 528 ) (-5120 368 -640 ) 
4 173 378 (-5120 0 -640 ) (-5120 0 528 ) (-5536 0 528 ) (-5536 0 -640 ) 
4 174 177 (-2560 -248 -16 ) (-2048 -248 -16 ) (-2048 -248 256 ) (-2560 -248 256 ) 
4 174 175 (-2560 -16 240 ) (-2560 -16 -16 ) (-2560 -248 -16 ) (-2560 -248 240 ) 
4 175 176 (-2592 -16 240 ) (-2592 -16 -16 ) (-2592 -248 -16 ) (-2592 -248 240 ) 
4 176 221 (-3072 -16 -16 ) (-3072 -248 -16 ) (-3072 -248 256 ) (-3072 -16 256 ) 
4 176 178 (-3072 -248 -16 ) (-2592 -248 -16 ) (-2592 -248 256 ) (-3072 -248 256 ) 
4 177 184 (-2048 -352 -16 ) (-2048 -480 -16 ) (-2432 -480 -16 ) (-2432 -352 -16 ) 
4 177 180 (-2400 -480 -16 ) (-2048 -480 -16 ) (-2048 -480 124 ) (-2400 -480 124 ) 
4 177 179 (-2048 -480 124 ) (-2048 -480 256 ) (-2400 -480 256 ) (-2400 -480 124 ) 
4 178 221 (-3072 -248 -16 ) (-3072 -480 -16 ) (-3072 -480 256 ) (-3072 -248 256 ) 
4 178 181 (-2896 -480 -16 ) (-2752 -480 -16 ) (-2752 -480 124 ) (-2896 -480 124 ) 
4 179 194 (-2400 -512 124 ) (-2048 -512 124 ) (-2048 -512 256 ) (-2400 -512 256 ) 
4 179 180 (-2048 -512 124 ) (-2400 -512 124 ) (-2400 -480 124 ) (-2048 -480 124 ) 
4 180 194 (-2400 -512 -16 ) (-2048 -512 -16 ) (-2048 -512 124 ) (-2400 -512 124 ) 
4 180 185 (-2048 -512 -16 ) (-2400 -512 -16 ) (-2400 -480 -16 ) (-2048 -480 -16 ) 
4 181 206 (-2896 -512 -16 ) (-2752 -512 -16 ) (-2752 -512 124 ) (-2896 -512 124 ) 
4 182 216 (-2944 0 -240 ) (-2656 0 -240 ) (-2656 -16 -240 ) (-2944 -16 -240 ) 
4 182 215 (-2656 0 -240 ) (-2048 0 -240 ) (-2048 -16 -240 ) (-2656 -16 -240 ) 
4 182 189 (-2944 0 -240 ) (-2944 -16 -240 ) (-2944 -16 -16 ) (-2944 0 -16 ) 
4 182 183 (-2944 -16 -48 ) (-2944 -16 -240 ) (-2048 -16 -240 ) (-2048 -16 -48 ) 
4 183 216 (-2656 -288 -240 ) (-2944 -288 -240 ) (-2944 -16 -240 ) (-2656 -16 -240 ) 
4 183 215 (-2048 -16 -240 ) (-2048 -288 -240 ) (-2656 -288 -240 ) (-2656 -16 -240 ) 
4 183 190 (-2944 -16 -240 ) (-2944 -288 -240 ) (-2944 -288 -176 ) (-2944 -16 -176 ) 
4 183 187 (-2944 -288 -96 ) (-2944 -288 -240 ) (-2432 -288 -240 ) (-2432 -288 -96 ) 
4 183 186 (-2432 -288 -240 ) (-2048 -288 -240 ) (-2048 -288 -112 ) (-2432 -288 -112 ) 
5 184 185 (-2400 -480 -22.400000 ) (-2272 -480 -48 ) (-2048 -480 -48 ) (-2048 -480 -16 ) (-2400 -480 -16 ) 
4 185 194 (-2048 -512 -48 ) (-2048 -512 -16 ) (-2400 -512 -16 ) (-2400 -512 -48 ) 
4 186 215 (-2048 -288 -240 ) (-2048 -512 -240 ) (-2432 -512 -240 ) (-2432 -288 -240 ) 
4 186 214 (-2432 -512 -240 ) (-2048 -512 -240 ) (-2048 -512 -112 ) (-2432 -512 -112 ) 
4 186 188 (-2432 -480 -240 ) (-2432 -512 -240 ) (-2432 -512 -112 ) (-2432 -480 -112 ) 
4 186 187 (-2432 -288 -112 ) (-2432 -288 -240 ) (-2432 -480 -240 ) (-2432 -480 -112 ) 
4 187 216 (-2944 -480 -240 ) (-2944 -288 -240 ) (-2656 -288 -240 ) (-2656 -480 -240 ) 
4 187 215 (-2656 -288 -240 ) (-2432 -288 -240 ) (-2432 -480 -240 ) (-2656 -480 -240 ) 
4 187 190 (-2944 -288 -240 ) (-2944 -480 -240 ) (-2944 -480 -176 ) (-2944 -288 -176 ) 
4 187 188 (-2944 -480 -112 ) (-2944 -480 -240 ) (-2432 -480 -240 ) (-2432 -480 -112 ) 
4 188 216 (-2656 -512 -240 ) (-2944 -512 -240 ) (-2944 -480 -240 ) (-2656 -480 -240 ) 
4 188 215 (-2432 -512 -240 ) (-2656 -512 -240 ) (-2656 -480 -240 ) (-2432 -480 -240 ) 
4 188 214 (-2656 -512 -240 ) (-2432 -512 -240 ) (-2432 -512 -112 ) (-2656 -512 -112 ) 
4 188 191 (-2944 -480 -240 ) (-2944 -512 -240 ) (-2944 -512 -176 ) (-2944 -480 -176 ) 
4 189 220 (-3072 0 -16 ) (-3072 0 -240 ) (-3072 -16 -240 ) (-3072 -16 -16 ) 
4 189 216 (-3072 -16 -240 ) (-3072 0 -240 ) (-2944 0 -240 ) (-2944 -16 -240 ) 
4 189 190 (-3072 -16 -240 ) (-2944 -16 -240 ) (-2944 -16 -176 ) (-3072 -16 -176 ) 
4 190 222 (-3072 -16 -240 ) (-3072 -480 -240 ) (-3072 -480 -176 ) (-3072 -16 -176 ) 
4 190 216 (-3072 -480 -240 ) (-3072 -16 -240 ) (-2944 -16 -240 ) (-2944 -480 -240 ) 
4 190 191 (-3072 -480 -240 ) (-2944 -480 -240 ) (-2944 -480 -176 ) (-3072 -480 -176 ) 
4 191 232 (-3072 -480 -240 ) (-3072 -512 -240 ) (-3072 -512 -176 ) (-3072 -480 -176 ) 
4 191 216 (-3072 -512 -240 ) (-3072 -480 -240 ) (-2944 -480 -240 ) (-2944 -512 -240 ) 
4 192 251 (-2048 -1024 -96 ) (-2048 -1024 255.938019 ) (-2656 -1024 255.938019 ) (-2656 -1024 -96 ) 
4 192 250 (-2048 -1024 255.938019 ) (-2048 -1024 528 ) (-2656 -1024 528 ) (-2656 -1024 255.938019 ) 
5 192 213 (-2048 -1024 -96 ) (-2656 -1024 -96 ) (-2656 -512 -96 ) (-2432 -512 -96 ) (-2048 -872 -96 ) 
4 192 198 (-2656 -1024 255.875000 ) (-2656 -1024 528 ) (-2656 -704 528 ) (-2656 -704 255.875000 ) 
4 192 196 (-2656 -704 255.938019 ) (-2656 -704 528 ) (-2656 -560 528 ) (-2656 -560 255.938019 ) 
4 192 197 (-2656 -560 -96 ) (-2656 -704 -96 ) (-2656 -704 43.937500 ) (-2656 -560 43.937500 ) 
4 192 195 (-2656 -512 528 ) (-2656 -512 255.875000 ) (-2656 -560 255.875000 ) (-2656 -560 528 ) 
3 193 194 (-2400 -512 255.875000 ) (-2048 -512 255.875000 ) (-2048 -840.533325 255.875000 ) 
4 195 212 (-2688 -512 528 ) (-2688 -512 255.875000 ) (-2688 -560 255.875000 ) (-2688 -560 528 ) 
4 195 196 (-2688 -560 528 ) (-2688 -560 255.875000 ) (-2656 -560 255.875000 ) (-2656 -560 528 ) 
4 196 212 (-2688 -704 255.938019 ) (-2688 -704 528 ) (-2688 -560 528 ) (-2688 -560 255.938019 ) 
4 196 198 (-2688 -704 528 ) (-2688 -704 255.938019 ) (-2656 -704 255.938019 ) (-2656 -704 528 ) 
4 197 199 (-2688 -560 -96 ) (-2688 -704 -96 ) (-2688 -704 43.937500 ) (-2688 -560 43.937500 ) 
4 198 250 (-2688 -1024 528 ) (-2688 -1024 255.875000 ) (-2656 -1024 255.875000 ) (-2656 -1024 528 ) 
4 198 212 (-2688 -1024 255.875000 ) (-2688 -1024 528 ) (-2688 -704 528 ) (-2688 -704 255.875000 ) 
4 199 234 (-3072 -992 252 ) (-3072 -855 252 ) (-3072 -855 -96 ) (-3072 -992 -96 ) 
4 199 211 (-2720 -992 -96 ) (-2688 -992 -96 ) (-2688 -992 240.001953 ) (-2720 -992 241.001953 ) 
4 199 208 (-2953 -736 248.277390 ) (-2938.951172 -721.951233 247.838364 ) (-2938.951172 -721.951233 -96 ) (-2953 -736 -96 ) 
4 199 207 (-2938.951172 -721.951233 247.838364 ) (-2797.913086 -580.913086 243.430939 ) (-2797.913086 -580.913086 -96 ) (-2938.951172 -721.951233 -96 ) 
4 199 206 (-2797.913086 -580.913086 243.430939 ) (-2729 -512 241.277405 ) (-2729 -512 -96 ) (-2797.913086 -580.913086 -96 ) 
4 199 200 (-3072 -855 251.996109 ) (-2976 -759 248.996124 ) (-2976 -759 -96 ) (-3072 -855 -96 ) 
4 200 234 (-3072 -855 252 ) (-3072 -786 252 ) (-3072 -786 -96 ) (-3072 -855 -96 ) 
4 200 201 (-3008.001953 -768 -96 ) (-3072 -786 -96 ) (-3072 -786 252 ) (-3008.001953 -768 250 ) 
4 201 234 (-3072 -786 252 ) (-3072 -784 252 ) (-3072 -784 -96 ) (-3072 -786 -96 ) 
4 201 233 (-3072 -784 252 ) (-3072 -750 252 ) (-3072 -750 -96 ) (-3072 -784 -96 ) 
4 201 202 (-3039.997803 -759.002075 -96 ) (-3072 -750.001465 -96 ) (-3072 -750.001526 252 ) (-3039.997803 -759.002075 251 ) 
4 202 233 (-3072 -750 252 ) (-3072 -727 252 ) (-3072 -727 -96 ) (-3072 -750 -96 ) 
4 202 203 (-3063 -736 -96 ) (-3072 -727 -96 ) (-3072 -727 252 ) (-3063 -736 251.718826 ) 
4 203 233 (-3072 -727 252 ) (-3072 -704 252 ) (-3072 -704 -96 ) (-3072 -727 -96 ) 
4 204 233 (-3072 -704 252 ) (-3072 -512 252 ) (-3072 -512 -96 ) (-3072 -704 -96 ) 
4 204 205 (-3063 -672 -96 ) (-3018 -512 -96 ) (-3018 -512 250.312531 ) (-3063 -672 251.718781 ) 
4 205 206 (-3040 -649 -96 ) (-2903 -512 -96 ) (-2903 -512 246.718750 ) (-3040 -649 251 ) 
4 206 209 (-3008.002197 -640 -96 ) (-2965.372070 -628.009644 -96 ) (-2965.372070 -628.009644 248.665176 ) (-3008.002197 -640 249.998947 ) 
4 206 207 (-2965.372070 -628.009644 -96 ) (-2797.910156 -580.911194 -96 ) (-2797.910156 -580.911194 243.425781 ) (-2965.372070 -628.009644 248.665176 ) 
4 207 210 (-2958.048584 -654.048889 -96 ) (-2953 -672 -96 ) (-2953 -672 248.276520 ) (-2958.048584 -654.048889 248.436264 ) 
4 207 209 (-2965.372070 -628.009766 248.667969 ) (-2965.372070 -628.009766 -96 ) (-2958.048584 -654.048889 -96 ) (-2958.048584 -654.048889 248.436264 ) 
4 207 208 (-2944 -704 -96 ) (-2938.950928 -721.951050 -96 ) (-2938.950928 -721.951050 247.832031 ) (-2944 -704 247.991776 ) 
4 209 210 (-2975.998047 -649.001648 -96 ) (-2958.047607 -654.050171 -96 ) (-2958.047607 -654.050171 248.433594 ) (-2975.998047 -649.001648 248.996475 ) 
4 212 250 (-3072 -1024 528 ) (-3072 -1024 292 ) (-2688 -1024 256 ) (-2688 -1024 528 ) 
4 212 236 (-3072 -1024 292 ) (-3072 -1024 528 ) (-3072 -512 528 ) (-3072 -512 292 ) 
4 213 251 (-2048 -1024 -112 ) (-2048 -1024 -96 ) (-2656 -1024 -96 ) (-2656 -1024 -112 ) 
5 213 214 (-2048 -1024 -112 ) (-2656 -1024 -112 ) (-2656 -512 -112 ) (-2432 -512 -112 ) (-2048 -872 -112 ) 
4 214 251 (-2048 -1024 -240 ) (-2048 -1024 -112 ) (-2656 -1024 -112 ) (-2656 -1024 -240 ) 
4 214 215 (-2048 -1024 -240 ) (-2656 -1024 -240 ) (-2656 -512 -240 ) (-2048 -512 -240 ) 
4 215 272 (-2528 -1024 -240 ) (-2560 -1024 -240 ) (-2560 -1024 -256 ) (-2528 -1024 -256 ) 
4 215 271 (-2048 -1024 -256 ) (-2048 -1024 -240 ) (-2528 -1024 -240 ) (-2528 -1024 -256 ) 
4 215 274 (-2560 -1024 -240 ) (-2656 -1024 -240 ) (-2656 -1024 -256 ) (-2560 -1024 -256 ) 
4 215 217 (-2656 0 -256 ) (-2048 0 -256 ) (-2048 -1024 -256 ) (-2656 -1024 -256 ) 
4 215 216 (-2656 0 -256 ) (-2656 -512 -256 ) (-2656 -512 -240 ) (-2656 0 -240 ) 
4 216 246 (-3072 -512 -240 ) (-3072 0 -240 ) (-3072 0 -256 ) (-3072 -512 -256 ) 
4 216 217 (-3072 -512 -256 ) (-3072 0 -256 ) (-2656 0 -256 ) (-2656 -512 -256 ) 
4 217 276 (-2048 -1024 -640 ) (-2048 -1024 -256 ) (-3072 -1024 -256 ) (-3072 -1024 -640 ) 
4 217 249 (-3072 -1024 -640 ) (-3072 -1024 -256 ) (-3072 0 -256 ) (-3072 0 -640 ) 
4 218 243 (-3968 -480 528 ) (-4000 -480 528 ) (-4000 -480 384 ) (-3968 -480 384 ) 
4 218 219 (-4000 -480 384 ) (-4000 -480 528 ) (-4000 0 528 ) (-4000 0 384 ) 
4 219 336 (-4096 0 528 ) (-4096 0 384 ) (-4096 -480 384 ) (-4096 -480 528 ) 
4 219 243 (-4000 -480 528 ) (-4096 -480 528 ) (-4096 -480 384 ) (-4000 -480 384 ) 
4 220 246 (-3072 0 -240 ) (-3072 -16 -240 ) (-3200 -16 -240 ) (-3200 0 -240 ) 
4 220 228 (-3200 0 -240 ) (-3200 -16 -240 ) (-3200 -16 -208 ) (-3200 0 -208 ) 
4 220 222 (-3200 -16 -176 ) (-3200 -16 -240 ) (-3072 -16 -240 ) (-3072 -16 -176 ) 
4 221 224 (-3200 -448 256 ) (-3200 -96 256 ) (-3200 -96 -16 ) (-3200 -448 -16 ) 
4 222 246 (-3072 -16 -240 ) (-3072 -480 -240 ) (-3200 -480 -240 ) (-3200 -16 -240 ) 
4 222 232 (-3200 -480 -240 ) (-3072 -480 -240 ) (-3072 -480 -176 ) (-3200 -480 -176 ) 
4 222 229 (-3200 -96 -240 ) (-3200 -480 -240 ) (-3200 -480 -176 ) (-3200 -96 -176 ) 
4 222 228 (-3200 -16 -240 ) (-3200 -96 -240 ) (-3200 -96 -208 ) (-3200 -16 -208 ) 
4 223 227 (-3920 -448 -16 ) (-3712.004883 -448 -16 ) (-3712.004883 -448 240 ) (-3920 -448 240 ) 
4 223 225 (-3712.007813 -448 256 ) (-3712.007813 -448 -16 ) (-3520.003662 -255.996002 -16 ) (-3520.003662 -255.996002 256 ) 
4 223 224 (-3456.003662 -191.995941 -16 ) (-3360.007813 -96 -16 ) (-3360.007813 -96 256 ) (-3456.003662 -191.995956 256 ) 
4 224 226 (-3392 -256 -16 ) (-3200 -448 -16 ) (-3200 -448 256 ) (-3392 -256 256 ) 
4 225 227 (-3712.004883 -448 -16 ) (-3688 -448 -16 ) (-3688 -448 240 ) (-3712.004883 -448 240 ) 
4 225 226 (-3328 -448 256 ) (-3328 -448 -16 ) (-3456 -320 -16 ) (-3456 -320 256 ) 
4 227 239 (-3920 -480 240 ) (-3920 -480 -16 ) (-3688 -480 -16 ) (-3688 -480 240 ) 
4 228 248 (-3968 -96 -240 ) (-3968 0 -240 ) (-3456 0 -240 ) (-3456 -96 -240 ) 
4 228 247 (-3456 0 -240 ) (-3200 0 -240 ) (-3200 -96 -240 ) (-3456 -96 -240 ) 
4 228 230 (-3968 0 -240 ) (-3968 -96 -240 ) (-3968 -96 -208 ) (-3968 0 -208 ) 
4 228 229 (-3200 -96 -240 ) (-3200 -96 -208 ) (-3968 -96 -208 ) (-3968 -96 -240 ) 
4 229 248 (-3456 -480 -240 ) (-3968 -480 -240 ) (-3968 -96 -240 ) (-3456 -96 -240 ) 
4 229 247 (-3200 -480 -240 ) (-3456 -480 -240 ) (-3456 -96 -240 ) (-3200 -96 -240 ) 
4 229 242 (-3968 -480 -240 ) (-3200 -480 -240 ) (-3200 -480 -192 ) (-3968 -480 -192 ) 
4 229 230 (-3968 -96 -240 ) (-3968 -480 -240 ) (-3968 -480 -176 ) (-3968 -96 -176 ) 
4 230 248 (-3968 -480 -240 ) (-4000 -480 -240 ) (-4000 0 -240 ) (-3968 0 -240 ) 
4 230 245 (-4000 -480 -240 ) (-3968 -480 -240 ) (-3968 -480 -208 ) (-4000 -480 -208 ) 
4 230 231 (-4000 0 -240 ) (-4000 -480 -240 ) (-4000 -480 -208 ) (-4000 0 -208 ) 
4 231 337 (-4096 0 -208 ) (-4096 0 -240 ) (-4096 -480 -240 ) (-4096 -480 -208 ) 
4 231 248 (-4000 -480 -240 ) (-4096 -480 -240 ) (-4096 0 -240 ) (-4000 0 -240 ) 
4 231 245 (-4096 -480 -240 ) (-4000 -480 -240 ) (-4000 -480 -208 ) (-4096 -480 -208 ) 
4 232 246 (-3072 -480 -240 ) (-3072 -512 -240 ) (-3200 -512 -240 ) (-3200 -480 -240 ) 
4 232 242 (-3200 -480 -192 ) (-3200 -480 -240 ) (-3200 -512 -240 ) (-3200 -512 -192 ) 
4 233 234 (-3184 -784 -96 ) (-3072 -784 -96 ) (-3072 -784 252 ) (-3184 -784 255.499298 ) 
4 234 235 (-3184 -784 95 ) (-3184 -784 -96 ) (-3184 -992 -96 ) (-3184 -992 95 ) 
4 235 237 (-3200 -784 95 ) (-3200 -784 -96 ) (-3200 -992 -96 ) (-3200 -992 95 ) 
4 236 277 (-3072 -1024 292 ) (-3072 -1024 528 ) (-3200 -1024 528 ) (-3200 -1024 304 ) 
4 236 237 (-3200 -1024 304 ) (-3200 -1024 528 ) (-3200 -512 528 ) (-3200 -512 304 ) 
4 237 285 (-3200 -1024 -96 ) (-3200 -1024 528 ) (-3232 -1024 528 ) (-3232 -1024 -107.292969 ) 
4 237 240 (-3232 -768 528 ) (-3232 -608 528 ) (-3232 -608 -107.292969 ) (-3232 -768 -107.292976 ) 
4 237 241 (-3232 -1024 -107.292984 ) (-3232 -1024 528 ) (-3232 -768 528 ) (-3232 -768 -107.292976 ) 
4 237 238 (-3232 -608 528 ) (-3232 -480 528 ) (-3232 -480 -107.292969 ) (-3232 -608 -107.292969 ) 
4 238 240 (-3680 -608 -112 ) (-3232 -608 -112 ) (-3232 -608 528 ) (-3680 -608 528 ) 
4 238 239 (-3680 -608 -16 ) (-3680 -608 528 ) (-3680 -480 528 ) (-3680 -480 -16 ) 
4 239 243 (-3968 -480 528 ) (-3968 -480 -16 ) (-3968 -608 -16 ) (-3968 -608 528 ) 
4 239 240 (-3680 -608 -16 ) (-3680 -608 528 ) (-3968 -608 528 ) (-3968 -608 -16 ) 
4 240 244 (-3968 -768 -48 ) (-3968 -768 528 ) (-3968 -608 528 ) (-3968 -608 -48 ) 
5 240 241 (-3712 -768 -112 ) (-3232 -768 -112 ) (-3232 -768 528 ) (-3968 -768 528 ) (-3968 -768 -48 ) 
4 241 288 (-3840 -1024 528 ) (-3968 -1024 528 ) (-3968 -1024 -112 ) (-3840 -1024 -112 ) 
4 241 286 (-3232 -1024 528 ) (-3840 -1024 528 ) (-3840 -1024 -112 ) (-3232 -1024 -112 ) 
4 241 244 (-3968 -1024 -48 ) (-3968 -1024 528 ) (-3968 -768 528 ) (-3968 -768 -48 ) 
4 242 289 (-3840 -1024 -192 ) (-3968 -1024 -192 ) (-3968 -1024 -208 ) (-3840 -1024 -208 ) 
4 242 287 (-3200 -1024 -208 ) (-3200 -1024 -192 ) (-3840 -1024 -192 ) (-3840 -1024 -208 ) 
4 242 297 (-3968 -1024 -240 ) (-3200 -1024 -240 ) (-3200 -1024 -208 ) (-3968 -1024 -208 ) 
4 242 248 (-3456 -1024 -240 ) (-3968 -1024 -240 ) (-3968 -480 -240 ) (-3456 -480 -240 ) 
4 242 247 (-3200 -1024 -240 ) (-3456 -1024 -240 ) (-3456 -480 -240 ) (-3200 -480 -240 ) 
4 242 245 (-3968 -480 -208 ) (-3968 -480 -240 ) (-3968 -1024 -240 ) (-3968 -1024 -208 ) 
4 243 339 (-4096 -608 528 ) (-4096 -480 528 ) (-4096 -480 -44.444458 ) (-4096 -608 -44.444447 ) 
4 243 244 (-3968 -608 -16 ) (-3968 -608 528 ) (-4096 -608 528 ) (-4096 -608 -44.444458 ) 
4 244 340 (-4096 -1024 -48 ) (-4096 -1024 528 ) (-4096 -608 528 ) (-4096 -608 -48 ) 
4 244 290 (-4096 -1024 528 ) (-4096 -1024 -48 ) (-3968 -1024 -48 ) (-3968 -1024 528 ) 
4 245 341 (-4096 -480 -240 ) (-4096 -1024 -240 ) (-4096 -1024 -208 ) (-4096 -480 -208 ) 
4 245 297 (-4096 -1024 -208 ) (-4096 -1024 -240 ) (-3968 -1024 -240 ) (-3968 -1024 -208 ) 
4 245 248 (-3968 -1024 -240 ) (-4096 -1024 -240 ) (-4096 -480 -240 ) (-3968 -480 -240 ) 
4 246 249 (-3200 -512 -256 ) (-3200 0 -256 ) (-3072 0 -256 ) (-3072 -512 -256 ) 
4 246 247 (-3200 0 -256 ) (-3200 -512 -256 ) (-3200 -512 -240 ) (-3200 0 -240 ) 
4 247 313 (-3456 -1024 -256 ) (-3200 -1024 -256 ) (-3200 -1024 -240 ) (-3456 -1024 -240 ) 
4 247 249 (-3200 -1024 -256 ) (-3456 -1024 -256 ) (-3456 0 -256 ) (-3200 0 -256 ) 
4 247 248 (-3456 0 -256 ) (-3456 -1024 -256 ) (-3456 -1024 -240 ) (-3456 0 -240 ) 
4 248 341 (-4096 -480 -256 ) (-4096 -1024 -256 ) (-4096 -1024 -240 ) (-4096 -480 -240 ) 
4 248 337 (-4096 0 -240 ) (-4096 0 -256 ) (-4096 -480 -256 ) (-4096 -480 -240 ) 
4 248 314 (-4096 -1024 -240 ) (-4096 -1024 -256 ) (-3456 -1024 -256 ) (-3456 -1024 -240 ) 
4 248 249 (-3456 -1024 -256 ) (-4096 -1024 -256 ) (-4096 0 -256 ) (-3456 0 -256 ) 
4 249 341 (-4096 -480 -640 ) (-4096 -1024 -640 ) (-4096 -1024 -256 ) (-4096 -480 -256 ) 
4 249 337 (-4096 0 -256 ) (-4096 0 -640 ) (-4096 -480 -640 ) (-4096 -480 -256 ) 
4 249 315 (-4096 -1024 -256 ) (-4096 -1024 -640 ) (-3072 -1024 -640 ) (-3072 -1024 -256 ) 
4 250 277 (-3072 -1024 528 ) (-3072 -1024 292 ) (-3072 -1056 292 ) (-3072 -1056 528 ) 
5 250 252 (-3072 -1056 528 ) (-3072 -1056 292 ) (-2687.338867 -1056 255.938019 ) (-2048 -1056 255.938019 ) (-2048 -1056 528 ) 
4 250 251 (-2048 -1056 255.938019 ) (-2656 -1056 255.938019 ) (-2656 -1024 255.938019 ) (-2048 -1024 255.938019 ) 
4 251 272 (-2560 -1024 -240 ) (-2528 -1024 -240 ) (-2528 -1056 -240 ) (-2560 -1056 -240 ) 
4 251 271 (-2528 -1024 -240 ) (-2048 -1024 -240 ) (-2048 -1056 -240 ) (-2528 -1056 -240 ) 
4 251 274 (-2656 -1024 -240 ) (-2560 -1024 -240 ) (-2560 -1056 -240 ) (-2656 -1056 -240 ) 
4 251 268 (-2560 -1056 -240 ) (-2528 -1056 -240 ) (-2528 -1056 -112 ) (-2560 -1056 -112 ) 
4 251 267 (-2528 -1056 -240 ) (-2048 -1056 -240 ) (-2048 -1056 -112 ) (-2528 -1056 -112 ) 
4 251 270 (-2656 -1056 -240 ) (-2560 -1056 -240 ) (-2560 -1056 -112 ) (-2656 -1056 -112 ) 
4 251 264 (-2512 -1056 -96 ) (-2576 -1056 -96 ) (-2576 -1056 -112 ) (-2512 -1056 -112 ) 
4 251 263 (-2048 -1056 -112 ) (-2048 -1056 -96 ) (-2512 -1056 -96 ) (-2512 -1056 -112 ) 
4 251 266 (-2576 -1056 -96 ) (-2656 -1056 -96 ) (-2656 -1056 -112 ) (-2576 -1056 -112 ) 
4 251 261 (-2048 -1056 -96 ) (-2048 -1056 -80 ) (-2432 -1056 -80 ) (-2432 -1056 -96 ) 
4 251 255 (-2592 -1056 80 ) (-2592 -1056 -80 ) (-2464 -1056 -80 ) (-2464 -1056 80 ) 
4 251 253 (-2048 -1056 -80 ) (-2048 -1056 208 ) (-2432 -1056 208 ) (-2432 -1056 -80 ) 
4 251 252 (-2048 -1056 208 ) (-2048 -1056 255.938019 ) (-2656 -1056 255.938019 ) (-2656 -1056 208 ) 
4 252 316 (-2048 -2048 208 ) (-2048 -2048 528 ) (-3072 -2048 528 ) (-3072 -2048 208 ) 
4 252 303 (-3072 -2048 208 ) (-3072 -2048 528 ) (-3072 -1792 528 ) (-3072 -1792 208 ) 
4 252 279 (-3072 -1056 255.938019 ) (-3072 -1056 208 ) (-3072 -1792 208 ) (-3072 -1792 255.938019 ) 
4 252 278 (-3072 -1792 528 ) (-3072 -1056 528 ) (-3072 -1056 255.938019 ) (-3072 -1792 255.938019 ) 
4 252 260 (-3056 -2048 208 ) (-3072 -2048 208 ) (-3072 -1536 208 ) (-3056 -1536 208 ) 
4 252 258 (-2464 -2048 208 ) (-3056 -2048 208 ) (-3056 -1536 208 ) (-2464 -1536 208 ) 
4 252 256 (-3056 -1504 208 ) (-3056 -1088 208 ) (-2464 -1088 208 ) (-2464 -1504 208 ) 
4 252 254 (-2432 -2048 208 ) (-2464 -2048 208 ) (-2464 -1536 208 ) (-2432 -1536 208 ) 
4 252 253 (-2048 -2048 208 ) (-2432 -2048 208 ) (-2432 -1056 208 ) (-2048 -1056 208 ) 
4 253 316 (-2048 -2048 -80 ) (-2048 -2048 208 ) (-2432 -2048 208 ) (-2432 -2048 -80 ) 
4 253 261 (-2432 -1056 -80 ) (-2048 -1056 -80 ) (-2048 -2048 -80 ) (-2432 -2048 -80 ) 
4 253 254 (-2432 -1536 -80 ) (-2432 -2048 -80 ) (-2432 -2048 208 ) (-2432 -1536 208 ) 
4 254 316 (-2432 -2048 208 ) (-2464 -2048 208 ) (-2464 -2048 -80 ) (-2432 -2048 -80 ) 
4 254 262 (-2432 -1536 -80 ) (-2432 -2048 -80 ) (-2464 -2048 -80 ) (-2464 -1536 -80 ) 
4 254 258 (-2464 -1536 -80 ) (-2464 -2048 -80 ) (-2464 -2048 208 ) (-2464 -1536 208 ) 
4 255 257 (-2592 -1088 -80 ) (-2464 -1088 -80 ) (-2464 -1088 80 ) (-2592 -1088 80 ) 
4 257 259 (-3056 -1184 -80 ) (-3056 -1376 -80 ) (-3056 -1376 48 ) (-3056 -1184 48 ) 
4 258 316 (-2464 -2048 208 ) (-3056 -2048 208 ) (-3056 -2048 -80 ) (-2464 -2048 -80 ) 
4 258 262 (-2464 -1536 -80 ) (-2464 -2048 -80 ) (-3056 -2048 -80 ) (-3056 -1536 -80 ) 
4 258 260 (-3056 -1536 -80 ) (-3056 -2048 -80 ) (-3056 -2048 208 ) (-3056 -1536 208 ) 
4 259 280 (-3072 -1184 48 ) (-3072 -1184 -80 ) (-3072 -1376 -80 ) (-3072 -1376 48 ) 
4 260 316 (-3056 -2048 208 ) (-3072 -2048 208 ) (-3072 -2048 -80 ) (-3056 -2048 -80 ) 
4 260 305 (-3072 -2048 -80 ) (-3072 -2048 176 ) (-3072 -1792 176 ) (-3072 -1792 -80 ) 
4 260 303 (-3072 -2048 176 ) (-3072 -2048 208 ) (-3072 -1792 208 ) (-3072 -1792 176 ) 
4 260 281 (-3072 -1792 208 ) (-3072 -1536 208 ) (-3072 -1536 -80 ) (-3072 -1792 -80 ) 
4 260 262 (-3056 -1536 -80 ) (-3056 -2048 -80 ) (-3072 -2048 -80 ) (-3072 -1536 -80 ) 
4 261 316 (-2048 -2048 -96 ) (-2048 -2048 -80 ) (-2432 -2048 -80 ) (-2432 -2048 -96 ) 
4 261 263 (-2432 -1056 -96 ) (-2048 -1056 -96 ) (-2048 -2048 -96 ) (-2432 -2048 -96 ) 
4 261 262 (-2432 -1536 -96 ) (-2432 -2048 -96 ) (-2432 -2048 -80 ) (-2432 -1536 -80 ) 
4 262 316 (-2432 -2048 -80 ) (-3072 -2048 -80 ) (-3072 -2048 -96 ) (-2432 -2048 -96 ) 
4 262 305 (-3072 -2048 -96 ) (-3072 -2048 -80 ) (-3072 -1792 -80 ) (-3072 -1792 -96 ) 
4 262 283 (-3072 -1792 -80 ) (-3072 -1536 -80 ) (-3072 -1536 -96 ) (-3072 -1792 -96 ) 
4 262 265 (-2512 -2048 -96 ) (-2576 -2048 -96 ) (-2576 -1536 -96 ) (-2512 -1536 -96 ) 
4 262 263 (-2432 -1536 -96 ) (-2432 -2048 -96 ) (-2512 -2048 -96 ) (-2512 -1536 -96 ) 
4 262 266 (-2576 -2048 -96 ) (-3072 -2048 -96 ) (-3072 -1536 -96 ) (-2576 -1536 -96 ) 
4 263 316 (-2048 -2048 -112 ) (-2048 -2048 -96 ) (-2512 -2048 -96 ) (-2512 -2048 -112 ) 
4 263 267 (-2048 -2048 -112 ) (-2512 -2048 -112 ) (-2512 -1056 -112 ) (-2048 -1056 -112 ) 
4 263 264 (-2512 -1056 -112 ) (-2512 -1472 -112 ) (-2512 -1472 -96 ) (-2512 -1056 -96 ) 
4 263 265 (-2512 -1536 -112 ) (-2512 -2048 -112 ) (-2512 -2048 -96 ) (-2512 -1536 -96 ) 
4 264 268 (-2560 -1056 -112 ) (-2528 -1056 -112 ) (-2528 -1472 -112 ) (-2560 -1472 -112 ) 
4 264 267 (-2528 -1056 -112 ) (-2512 -1056 -112 ) (-2512 -1472 -112 ) (-2528 -1472 -112 ) 
4 264 270 (-2576 -1472 -112 ) (-2576 -1056 -112 ) (-2560 -1056 -112 ) (-2560 -1472 -112 ) 
4 264 266 (-2576 -1056 -112 ) (-2576 -1472 -112 ) (-2576 -1472 -96 ) (-2576 -1056 -96 ) 
4 265 316 (-2512 -2048 -96 ) (-2576 -2048 -96 ) (-2576 -2048 -112 ) (-2512 -2048 -112 ) 
4 265 269 (-2528 -2048 -112 ) (-2560 -2048 -112 ) (-2560 -1536 -112 ) (-2528 -1536 -112 ) 
4 265 267 (-2512 -2048 -112 ) (-2528 -2048 -112 ) (-2528 -1536 -112 ) (-2512 -1536 -112 ) 
4 265 270 (-2560 -2048 -112 ) (-2576 -2048 -112 ) (-2576 -1536 -112 ) (-2560 -1536 -112 ) 
4 265 266 (-2576 -1536 -112 ) (-2576 -2048 -112 ) (-2576 -2048 -96 ) (-2576 -1536 -96 ) 
4 266 316 (-2576 -2048 -96 ) (-3072 -2048 -96 ) (-3072 -2048 -112 ) (-2576 -2048 -112 ) 
4 266 305 (-3072 -2048 -112 ) (-3072 -2048 -96 ) (-3072 -1792 -96 ) (-3072 -1792 -112 ) 
4 266 282 (-3072 -1536 -96 ) (-3072 -1056 -96 ) (-3072 -1056 -112 ) (-3072 -1536 -112 ) 
4 266 283 (-3072 -1792 -96 ) (-3072 -1536 -96 ) (-3072 -1536 -112 ) (-3072 -1792 -112 ) 
4 266 270 (-2576 -2048 -112 ) (-3072 -2048 -112 ) (-3072 -1056 -112 ) (-2576 -1056 -112 ) 
4 267 316 (-2048 -2048 -240 ) (-2048 -2048 -112 ) (-2528 -2048 -112 ) (-2528 -2048 -240 ) 
4 267 271 (-2048 -1056 -240 ) (-2048 -2048 -240 ) (-2528 -2048 -240 ) (-2528 -1056 -240 ) 
4 267 268 (-2528 -1488 -112 ) (-2528 -1056 -112 ) (-2528 -1056 -240 ) (-2528 -1488 -240 ) 
4 267 269 (-2528 -2048 -112 ) (-2528 -1520 -112 ) (-2528 -1520 -240 ) (-2528 -2048 -240 ) 
4 268 272 (-2560 -1488 -240 ) (-2560 -1056 -240 ) (-2528 -1056 -240 ) (-2528 -1488 -240 ) 
4 268 270 (-2560 -1488 -112 ) (-2560 -1056 -112 ) (-2560 -1056 -240 ) (-2560 -1488 -240 ) 
4 269 316 (-2528 -2048 -112 ) (-2560 -2048 -112 ) (-2560 -2048 -240 ) (-2528 -2048 -240 ) 
4 269 273 (-2528 -2048 -240 ) (-2560 -2048 -240 ) (-2560 -1520 -240 ) (-2528 -1520 -240 ) 
4 269 270 (-2560 -2048 -112 ) (-2560 -1520 -112 ) (-2560 -1520 -240 ) (-2560 -2048 -240 ) 
4 270 316 (-2560 -2048 -112 ) (-3072 -2048 -112 ) (-3072 -2048 -240 ) (-2560 -2048 -240 ) 
4 270 305 (-3072 -1792 -240 ) (-3072 -2048 -240 ) (-3072 -2048 -112 ) (-3072 -1792 -112 ) 
4 270 282 (-3072 -1056 -240 ) (-3072 -1536 -240 ) (-3072 -1536 -112 ) (-3072 -1056 -112 ) 
4 270 283 (-3072 -1536 -240 ) (-3072 -1792 -240 ) (-3072 -1792 -112 ) (-3072 -1536 -112 ) 
4 270 275 (-2656 -2048 -240 ) (-3072 -2048 -240 ) (-3072 -1056 -240 ) (-2656 -1056 -240 ) 
4 270 274 (-2560 -2048 -240 ) (-2656 -2048 -240 ) (-2656 -1056 -240 ) (-2560 -1056 -240 ) 
4 271 317 (-2048 -2048 -256 ) (-2048 -2048 -240 ) (-2528 -2048 -240 ) (-2528 -2048 -256 ) 
4 271 276 (-2048 -2048 -256 ) (-2528 -2048 -256 ) (-2528 -1024 -256 ) (-2048 -1024 -256 ) 
4 271 272 (-2528 -1024 -256 ) (-2528 -1488 -256 ) (-2528 -1488 -240 ) (-2528 -1024 -240 ) 
4 271 273 (-2528 -1520 -256 ) (-2528 -2048 -256 ) (-2528 -2048 -240 ) (-2528 -1520 -240 ) 
4 272 276 (-2560 -1488 -256 ) (-2560 -1024 -256 ) (-2528 -1024 -256 ) (-2528 -1488 -256 ) 
4 272 274 (-2560 -1024 -256 ) (-2560 -1488 -256 ) (-2560 -1488 -240 ) (-2560 -1024 -240 ) 
4 273 317 (-2528 -2048 -240 ) (-2560 -2048 -240 ) (-2560 -2048 -256 ) (-2528 -2048 -256 ) 
4 273 276 (-2528 -2048 -256 ) (-2560 -2048 -256 ) (-2560 -1520 -256 ) (-2528 -1520 -256 ) 
4 273 274 (-2560 -1520 -256 ) (-2560 -2048 -256 ) (-2560 -2048 -240 ) (-2560 -1520 -240 ) 
4 274 317 (-2560 -2048 -240 ) (-2656 -2048 -240 ) (-2656 -2048 -256 ) (-2560 -2048 -256 ) 
4 274 276 (-2560 -2048 -256 ) (-2656 -2048 -256 ) (-2656 -1024 -256 ) (-2560 -1024 -256 ) 
4 274 275 (-2656 -1056 -256 ) (-2656 -2048 -256 ) (-2656 -2048 -240 ) (-2656 -1056 -240 ) 
4 275 317 (-2656 -2048 -240 ) (-3072 -2048 -240 ) (-3072 -2048 -256 ) (-2656 -2048 -256 ) 
4 275 312 (-3072 -1056 -256 ) (-3072 -2048 -256 ) (-3072 -2048 -240 ) (-3072 -1056 -240 ) 
4 275 276 (-2656 -2048 -256 ) (-3072 -2048 -256 ) (-3072 -1056 -256 ) (-2656 -1056 -256 ) 
4 276 318 (-2048 -2048 -640 ) (-2048 -2048 -256 ) (-3072 -2048 -256 ) (-3072 -2048 -640 ) 
4 276 315 (-3072 -1024 -256 ) (-3072 -1024 -640 ) (-3072 -2048 -640 ) (-3072 -2048 -256 ) 
4 277 285 (-3200 -1056 528 ) (-3200 -1024 528 ) (-3200 -1024 304 ) (-3200 -1056 304 ) 
4 277 278 (-3072 -1056 292 ) (-3072 -1056 528 ) (-3200 -1056 528 ) (-3200 -1056 304 ) 
4 278 303 (-3072 -1792 255.938019 ) (-3072 -1792 528 ) (-3200 -1792 528 ) (-3200 -1792 255.938019 ) 
4 278 298 (-3200 -1792 352 ) (-3200 -1792 528 ) (-3200 -1440 528 ) (-3200 -1440 352 ) 
4 278 285 (-3200 -1440 528 ) (-3200 -1056 528 ) (-3200 -1056 255.938019 ) (-3200 -1440 255.938019 ) 
4 278 279 (-3072 -1792 255.938019 ) (-3200 -1792 255.938019 ) (-3200 -1056 255.938019 ) (-3072 -1056 255.938019 ) 
4 279 303 (-3072 -1792 208 ) (-3072 -1792 255.938019 ) (-3200 -1792 255.938019 ) (-3200 -1792 208 ) 
4 279 285 (-3200 -1440 255.938019 ) (-3200 -1056 255.938019 ) (-3200 -1056 208 ) (-3200 -1440 208 ) 
4 279 284 (-3088 -1792 208 ) (-3200 -1792 208 ) (-3200 -1056 208 ) (-3088 -1056 208 ) 
4 279 281 (-3072 -1792 208 ) (-3088 -1792 208 ) (-3088 -1536 208 ) (-3072 -1536 208 ) 
4 280 284 (-3088 -1184 48 ) (-3088 -1184 -80 ) (-3088 -1376 -80 ) (-3088 -1376 48 ) 
4 281 305 (-3072 -1792 -80 ) (-3072 -1792 176 ) (-3088 -1792 176 ) (-3088 -1792 -80 ) 
4 281 303 (-3072 -1792 176 ) (-3072 -1792 208 ) (-3088 -1792 208 ) (-3088 -1792 176 ) 
4 281 284 (-3088 -1792 -80 ) (-3088 -1792 208 ) (-3088 -1536 208 ) (-3088 -1536 -80 ) 
4 281 283 (-3072 -1792 -80 ) (-3088 -1792 -80 ) (-3088 -1536 -80 ) (-3072 -1536 -80 ) 
4 282 312 (-3072 -1056 -240 ) (-3072 -1536 -240 ) (-3088 -1536 -240 ) (-3088 -1056 -240 ) 
4 282 284 (-3088 -1056 -240 ) (-3088 -1536 -240 ) (-3088 -1536 -96 ) (-3088 -1056 -96 ) 
4 282 283 (-3088 -1536 -96 ) (-3088 -1536 -240 ) (-3072 -1536 -240 ) (-3072 -1536 -96 ) 
4 283 312 (-3072 -1536 -240 ) (-3072 -1792 -240 ) (-3088 -1792 -240 ) (-3088 -1536 -240 ) 
4 283 305 (-3088 -1792 -240 ) (-3072 -1792 -240 ) (-3072 -1792 -80 ) (-3088 -1792 -80 ) 
4 283 284 (-3088 -1536 -240 ) (-3088 -1792 -240 ) (-3088 -1792 -80 ) (-3088 -1536 -80 ) 
4 284 312 (-3088 -1056 -240 ) (-3088 -1792 -240 ) (-3200 -1792 -240 ) (-3200 -1056 -240 ) 
4 284 305 (-3200 -1792 -240 ) (-3088 -1792 -240 ) (-3088 -1792 176 ) (-3200 -1792 176 ) 
4 284 303 (-3088 -1792 176 ) (-3088 -1792 208 ) (-3200 -1792 208 ) (-3200 -1792 176 ) 
4 284 299 (-3200 -1440 -240 ) (-3200 -1792 -240 ) (-3200 -1792 -192 ) (-3200 -1440 -192 ) 
4 284 285 (-3200 -1440 -96 ) (-3200 -1440 208 ) (-3200 -1056 208 ) (-3200 -1056 -96 ) 
4 284 287 (-3200 -1440 -208 ) (-3200 -1440 -192 ) (-3200 -1056 -192 ) (-3200 -1056 -208 ) 
4 284 297 (-3200 -1056 -240 ) (-3200 -1440 -240 ) (-3200 -1440 -208 ) (-3200 -1056 -208 ) 
4 285 298 (-3200 -1440 352 ) (-3200 -1440 528 ) (-3232 -1440 528 ) (-3232 -1440 352 ) 
4 285 286 (-3232 -1024 528 ) (-3232 -1024 -107.292969 ) (-3232 -1440 -107.292969 ) (-3232 -1440 528 ) 
4 286 298 (-3840 -1440 528 ) (-3840 -1440 352 ) (-3232 -1440 352 ) (-3232 -1440 528 ) 
4 286 296 (-3840 -1408 -112 ) (-3840 -1440 -112 ) (-3840 -1440 528 ) (-3840 -1408 528 ) 
4 286 292 (-3840 -1216 -112 ) (-3840 -1408 -112 ) (-3840 -1408 528 ) (-3840 -1216 528 ) 
4 286 291 (-3840 -1184 -112 ) (-3840 -1216 -112 ) (-3840 -1216 528 ) (-3840 -1184 528 ) 
4 286 288 (-3840 -1024 528 ) (-3840 -1024 -112 ) (-3840 -1184 -112 ) (-3840 -1184 528 ) 
4 287 299 (-3200 -1440 -208 ) (-3200 -1440 -192 ) (-3840 -1440 -192 ) (-3840 -1440 -208 ) 
4 287 295 (-3840 -1216 -208 ) (-3840 -1408 -208 ) (-3840 -1408 -192 ) (-3840 -1216 -192 ) 
4 287 289 (-3840 -1024 -192 ) (-3840 -1024 -208 ) (-3840 -1184 -208 ) (-3840 -1184 -192 ) 
4 287 297 (-3200 -1440 -208 ) (-3840 -1440 -208 ) (-3840 -1024 -208 ) (-3200 -1024 -208 ) 
5 288 291 (-3840 -1184 -112 ) (-3840 -1184 528 ) (-3968 -1184 528 ) (-3968 -1184 -80.007568 ) (-3840.030273 -1184 -112 ) 
4 288 290 (-3968 -1184 -48 ) (-3968 -1184 528 ) (-3968 -1024 528 ) (-3968 -1024 -48 ) 
4 289 297 (-3968 -1024 -208 ) (-3840 -1024 -208 ) (-3840 -1184 -208 ) (-3968 -1184 -208 ) 
4 290 347 (-4096 -1024 528 ) (-4096 -1024 -48 ) (-4096 -1184 -48 ) (-4096 -1184 528 ) 
4 290 291 (-3968 -1184 -48 ) (-3968 -1184 528 ) (-4096 -1184 528 ) (-4096 -1184 -48 ) 
4 291 347 (-4096 -1184 528 ) (-4096 -1184 -48.007568 ) (-4096 -1216 -48.007568 ) (-4096 -1216 528 ) 
4 291 293 (-4096 -1216 528 ) (-4096 -1216 -48.007568 ) (-4080 -1216 -52.007568 ) (-4080 -1216 528 ) 
4 291 292 (-4080 -1216 -52.007568 ) (-3840 -1216 -112.007561 ) (-3840 -1216 528 ) (-4080 -1216 528 ) 
5 292 296 (-3840 -1408 -112 ) (-3840 -1408 528 ) (-4080 -1408 528 ) (-4080 -1408 -52.007507 ) (-3840.015137 -1408 -112.003792 ) 
4 292 294 (-4080 -1216 -172 ) (-4080 -1408 -172 ) (-4080 -1408 -68 ) (-4080 -1216 -68 ) 
4 292 293 (-4080 -1408 -52.007492 ) (-4080 -1408 528 ) (-4080 -1216 528 ) (-4080 -1216 -52.007507 ) 
4 293 347 (-4096 -1216 528 ) (-4096 -1216 -48.007568 ) (-4096 -1408 -48.007561 ) (-4096 -1408 528 ) 
4 293 296 (-4080 -1408 528 ) (-4096 -1408 528 ) (-4096 -1408 -48.007568 ) (-4080 -1408 -52.007530 ) 
4 294 351 (-4096 -1216 -64 ) (-4096 -1216 -176 ) (-4096 -1408 -176 ) (-4096 -1408 -64 ) 
4 295 354 (-4096 -1216 -192 ) (-4096 -1216 -208 ) (-4096 -1408 -208 ) (-4096 -1408 -192 ) 
4 295 297 (-4096 -1408 -208 ) (-4096 -1216 -208 ) (-3840 -1216 -208 ) (-3840 -1408 -208 ) 
4 296 347 (-4096 -1408 528 ) (-4096 -1408 -48.007568 ) (-4096 -1440 -48.007568 ) (-4096 -1440 528 ) 
4 296 300 (-4096 -1440 528 ) (-4096 -1440 -48.007568 ) (-3968 -1440 -80.007568 ) (-3968 -1440 528 ) 
4 296 298 (-3840 -1440 352 ) (-3840 -1440 528 ) (-3968 -1440 528 ) (-3968 -1440 352 ) 
4 297 377 (-4096 -1024 -208 ) (-4096 -1024 -240 ) (-4096 -1440 -240 ) (-4096 -1440 -208 ) 
4 297 314 (-4096 -1440 -240 ) (-4096 -1024 -240 ) (-3456 -1024 -240 ) (-3456 -1440 -240 ) 
4 297 313 (-3456 -1024 -240 ) (-3200 -1024 -240 ) (-3200 -1440 -240 ) (-3456 -1440 -240 ) 
4 297 302 (-4096 -1440 -240 ) (-3968 -1440 -240 ) (-3968 -1440 -208 ) (-4096 -1440 -208 ) 
4 297 299 (-3968 -1440 -240 ) (-3200 -1440 -240 ) (-3200 -1440 -208 ) (-3968 -1440 -208 ) 
4 298 300 (-3968 -1440 528 ) (-3968 -1440 352 ) (-3968 -1792 352 ) (-3968 -1792 528 ) 
4 299 314 (-3968 -1440 -240 ) (-3456 -1440 -240 ) (-3456 -1792 -240 ) (-3968 -1792 -240 ) 
4 299 313 (-3456 -1440 -240 ) (-3200 -1440 -240 ) (-3200 -1792 -240 ) (-3456 -1792 -240 ) 
4 299 310 (-3968 -1792 -240 ) (-3232 -1792 -240 ) (-3232 -1792 -192 ) (-3968 -1792 -192 ) 
4 299 306 (-3232 -1792 -240 ) (-3200 -1792 -240 ) (-3200 -1792 -192 ) (-3232 -1792 -192 ) 
4 299 302 (-3968 -1440 -192 ) (-3968 -1440 -240 ) (-3968 -1792 -240 ) (-3968 -1792 -192 ) 
4 300 359 (-4096 -1776 -96 ) (-4096 -1792 -96 ) (-4096 -1792 -48 ) (-4096 -1776 -48 ) 
4 300 357 (-4096 -1440 -48 ) (-4096 -1560 -96 ) (-4096 -1776 -96 ) (-4096 -1776 -48 ) 
4 300 347 (-4096 -1440 528 ) (-4096 -1440 -48 ) (-4096 -1792 -48 ) (-4096 -1792 528 ) 
4 300 311 (-3968 -1792 -96 ) (-3968 -1792 176 ) (-4096 -1792 176 ) (-4096 -1792 -96 ) 
4 300 304 (-3968 -1792 176 ) (-3968 -1792 528 ) (-4096 -1792 528 ) (-4096 -1792 176 ) 
4 300 301 (-4096 -1440 -96 ) (-3968 -1440 -96 ) (-3968 -1776 -96 ) (-4096 -1776 -96 ) 
4 301 357 (-4096 -1600 -112 ) (-4096 -1776 -112 ) (-4096 -1776 -96 ) (-4096 -1560 -96 ) 
4 302 377 (-4096 -1440 -208 ) (-4096 -1440 -240 ) (-4096 -1792 -240 ) (-4096 -1792 -208 ) 
4 302 366 (-4096 -1440 -192 ) (-4096 -1440 -208 ) (-4096 -1792 -208 ) (-4096 -1792 -192 ) 
4 302 314 (-4096 -1792 -240 ) (-4096 -1440 -240 ) (-3968 -1440 -240 ) (-3968 -1792 -240 ) 
4 302 311 (-4096 -1792 -240 ) (-3968 -1792 -240 ) (-3968 -1792 -192 ) (-4096 -1792 -192 ) 
4 303 319 (-3072 -2048 176 ) (-3072 -2048 528 ) (-3200 -2048 528 ) (-3200 -2048 176 ) 
4 303 305 (-3200 -1792 176 ) (-3072 -1792 176 ) (-3072 -2048 176 ) (-3200 -2048 176 ) 
4 304 347 (-4096 -2048 176 ) (-4096 -2048 528 ) (-4096 -1792 528 ) (-4096 -1792 176 ) 
4 304 320 (-3968 -2048 528 ) (-4096 -2048 528 ) (-4096 -2048 176 ) (-3968 -2048 176 ) 
4 304 311 (-4096 -2048 176 ) (-4096 -1792 176 ) (-3968 -1792 176 ) (-3968 -2048 176 ) 
4 305 329 (-3072 -2048 -240 ) (-3072 -2048 -96 ) (-3200 -2048 -96 ) (-3200 -2048 -240 ) 
4 305 322 (-3072 -2048 -96 ) (-3072 -2048 176 ) (-3200 -2048 176 ) (-3200 -2048 -96 ) 
4 305 312 (-3200 -1792 -240 ) (-3072 -1792 -240 ) (-3072 -2048 -240 ) (-3200 -2048 -240 ) 
4 305 306 (-3200 -1792 -112 ) (-3200 -1792 -240 ) (-3200 -2048 -240 ) (-3200 -2048 -112 ) 
4 306 330 (-3232 -2048 -112 ) (-3232 -2048 -240 ) (-3200 -2048 -240 ) (-3200 -2048 -112 ) 
4 306 313 (-3232 -1792 -240 ) (-3200 -1792 -240 ) (-3200 -2048 -240 ) (-3232 -2048 -240 ) 
4 306 310 (-3232 -1792 -112 ) (-3232 -1792 -240 ) (-3232 -2048 -240 ) (-3232 -2048 -112 ) 
4 307 323 (-3232 -2048 176 ) (-3456 -2048 176 ) (-3456 -2048 -32 ) (-3232 -2048 -32 ) 
4 307 308 (-3456 -2048 -32 ) (-3456 -2048 176 ) (-3456 -1792 176 ) (-3456 -1792 -32 ) 
5 308 324 (-3456 -2048 176 ) (-3936 -2048 176 ) (-3936 -2048 -96 ) (-3712 -2048 -96 ) (-3456 -2048 -32 ) 
4 308 309 (-3936 -1824 -96 ) (-3936 -2016 -96 ) (-3936 -2016 32 ) (-3936 -1824 32 ) 
4 309 311 (-3968 -1824 32 ) (-3968 -1824 -96 ) (-3968 -2016 -96 ) (-3968 -2016 32 ) 
4 310 330 (-3968 -2048 -112 ) (-3968 -2048 -240 ) (-3232 -2048 -240 ) (-3232 -2048 -112 ) 
4 310 314 (-3968 -1792 -240 ) (-3456 -1792 -240 ) (-3456 -2048 -240 ) (-3968 -2048 -240 ) 
4 310 313 (-3456 -1792 -240 ) (-3232 -1792 -240 ) (-3232 -2048 -240 ) (-3456 -2048 -240 ) 
4 310 311 (-3968 -1792 -112 ) (-3968 -1792 -240 ) (-3968 -2048 -240 ) (-3968 -2048 -112 ) 
4 311 377 (-4096 -2048 -240 ) (-4096 -2048 -208 ) (-4096 -1792 -208 ) (-4096 -1792 -240 ) 
4 311 367 (-4096 -2048 -208 ) (-4096 -2048 -112 ) (-4096 -1792 -112 ) (-4096 -1792 -208 ) 
4 311 362 (-4096 -2032 -48 ) (-4096 -1968 -48 ) (-4096 -1968 -112 ) (-4096 -2032 -112 ) 
4 311 360 (-4096 -1968 -48 ) (-4096 -1792 -48 ) (-4096 -1792 -112 ) (-4096 -1968 -112 ) 
4 311 365 (-4096 -2048 -112 ) (-4096 -2048 -48 ) (-4096 -2032 -48 ) (-4096 -2032 -112 ) 
4 311 347 (-4096 -2048 -48 ) (-4096 -2048 176 ) (-4096 -1792 176 ) (-4096 -1792 -48 ) 
4 311 331 (-4096 -2048 -96 ) (-4096 -2048 -240 ) (-3968 -2048 -240 ) (-3968 -2048 -96 ) 
4 311 325 (-3968 -2048 176 ) (-4096 -2048 176 ) (-4096 -2048 -96 ) (-3968 -2048 -96 ) 
4 311 314 (-4096 -2048 -240 ) (-4096 -1792 -240 ) (-3968 -1792 -240 ) (-3968 -2048 -240 ) 
4 312 333 (-3072 -2048 -256 ) (-3072 -2048 -240 ) (-3200 -2048 -240 ) (-3200 -2048 -256 ) 
4 312 315 (-3072 -2048 -256 ) (-3200 -2048 -256 ) (-3200 -1056 -256 ) (-3072 -1056 -256 ) 
4 312 313 (-3200 -1056 -256 ) (-3200 -2048 -256 ) (-3200 -2048 -240 ) (-3200 -1056 -240 ) 
4 313 333 (-3200 -2048 -240 ) (-3456 -2048 -240 ) (-3456 -2048 -256 ) (-3200 -2048 -256 ) 
4 313 315 (-3200 -2048 -256 ) (-3456 -2048 -256 ) (-3456 -1024 -256 ) (-3200 -1024 -256 ) 
4 313 314 (-3456 -1024 -256 ) (-3456 -2048 -256 ) (-3456 -2048 -240 ) (-3456 -1024 -240 ) 
4 314 377 (-4096 -2048 -256 ) (-4096 -2048 -240 ) (-4096 -1024 -240 ) (-4096 -1024 -256 ) 
4 314 335 (-3456 -2048 -240 ) (-4096 -2048 -240 ) (-4096 -2048 -256 ) (-3456 -2048 -256 ) 
4 314 315 (-3456 -2048 -256 ) (-4096 -2048 -256 ) (-4096 -1024 -256 ) (-3456 -1024 -256 ) 
4 315 377 (-4096 -2048 -640 ) (-4096 -2048 -256 ) (-4096 -1024 -256 ) (-4096 -1024 -640 ) 
4 315 334 (-3072 -2048 -640 ) (-3072 -2048 -256 ) (-3456 -2048 -256 ) (-3456 -2048 -640 ) 
4 315 335 (-3456 -2048 -256 ) (-4096 -2048 -256 ) (-4096 -2048 -640 ) (-3456 -2048 -640 ) 
4 316 332 (-3072 -2304 -240 ) (-3072 -3056 -240 ) (-3072 -3056 -96 ) (-3072 -2304 -96 ) 
4 316 329 (-3072 -2048 -96 ) (-3072 -2048 -240 ) (-3072 -2304 -240 ) (-3072 -2304 -96 ) 
4 316 328 (-3072 -2304 -96 ) (-3072 -3056 -96 ) (-3072 -3056 176 ) (-3072 -2304 176 ) 
4 316 326 (-3072 -2272 -96 ) (-3072 -2304 -96 ) (-3072 -2304 176 ) (-3072 -2272 176 ) 
4 316 322 (-3072 -2048 176 ) (-3072 -2048 -96 ) (-3072 -2272 -96 ) (-3072 -2272 176 ) 
4 316 321 (-3072 -3056 528 ) (-3072 -2304 528 ) (-3072 -2304 176 ) (-3072 -3056 176 ) 
4 316 319 (-3072 -2304 528 ) (-3072 -2048 528 ) (-3072 -2048 176 ) (-3072 -2304 176 ) 
4 316 317 (-3072 -3056 -240 ) (-3072 -2048 -240 ) (-2048 -2048 -240 ) (-2048 -3056 -240 ) 
4 317 333 (-3072 -3056 -240 ) (-3072 -2048 -240 ) (-3072 -2048 -256 ) (-3072 -3056 -256 ) 
4 317 318 (-2048 -3056 -256 ) (-3072 -3056 -256 ) (-3072 -2048 -256 ) (-2048 -2048 -256 ) 
4 318 334 (-3072 -2048 -256 ) (-3072 -2048 -640 ) (-3072 -3056 -640 ) (-3072 -3056 -256 ) 
4 319 326 (-3072 -2272 176 ) (-3072 -2304 176 ) (-3200 -2304 176 ) (-3200 -2272 176 ) 
4 319 322 (-3200 -2048 176 ) (-3072 -2048 176 ) (-3072 -2272 176 ) (-3200 -2272 176 ) 
4 319 321 (-3200 -2304 176 ) (-3072 -2304 176 ) (-3072 -2304 528 ) (-3200 -2304 528 ) 
4 320 380 (-4096 -2304 528 ) (-4096 -2048 528 ) (-4096 -2048 176 ) (-4096 -2304 176 ) 
4 320 327 (-3968 -2272 176 ) (-3968 -2304 176 ) (-4096 -2304 176 ) (-4096 -2272 176 ) 
4 320 325 (-4096 -2048 176 ) (-3968 -2048 176 ) (-3968 -2272 176 ) (-4096 -2272 176 ) 
4 320 321 (-4096 -2304 176 ) (-3968 -2304 176 ) (-3968 -2304 528 ) (-4096 -2304 528 ) 
4 321 380 (-4096 -3056 528 ) (-4096 -2304 528 ) (-4096 -2304 176 ) (-4096 -3056 176 ) 
4 321 328 (-3072 -2304 176 ) (-3072 -3056 176 ) (-4096 -3056 176 ) (-4096 -2304 176 ) 
4 322 329 (-3200 -2048 -96 ) (-3072 -2048 -96 ) (-3072 -2272 -96 ) (-3200 -2272 -96 ) 
4 322 326 (-3200 -2272 -96 ) (-3072 -2272 -96 ) (-3072 -2272 176 ) (-3200 -2272 176 ) 
4 323 324 (-3456 -2272 -32 ) (-3456 -2272 176 ) (-3456 -2048 176 ) (-3456 -2048 -32 ) 
4 325 380 (-4096 -2272 176 ) (-4096 -2048 176 ) (-4096 -2048 -96 ) (-4096 -2272 -96 ) 
4 325 331 (-4096 -2272 -96 ) (-4096 -2048 -96 ) (-3968 -2048 -96 ) (-3968 -2272 -96 ) 
4 325 327 (-4096 -2272 -96 ) (-3968 -2272 -96 ) (-3968 -2272 176 ) (-4096 -2272 176 ) 
4 326 329 (-3200 -2272 -96 ) (-3072 -2272 -96 ) (-3072 -2304 -96 ) (-3200 -2304 -96 ) 
4 326 328 (-3200 -2304 -96 ) (-3072 -2304 -96 ) (-3072 -2304 176 ) (-3200 -2304 176 ) 
4 327 380 (-4096 -2304 176 ) (-4096 -2272 176 ) (-4096 -2272 -96 ) (-4096 -2304 -96 ) 
4 327 331 (-4096 -2304 -96 ) (-4096 -2272 -96 ) (-3968 -2272 -96 ) (-3968 -2304 -96 ) 
4 327 328 (-4096 -2304 -96 ) (-3968 -2304 -96 ) (-3968 -2304 176 ) (-4096 -2304 176 ) 
4 328 380 (-4096 -3056 176 ) (-4096 -2304 176 ) (-4096 -2304 -96 ) (-4096 -3056 -96 ) 
4 328 332 (-4096 -3056 -96 ) (-4096 -2304 -96 ) (-3072 -2304 -96 ) (-3072 -3056 -96 ) 
4 329 333 (-3200 -2048 -240 ) (-3072 -2048 -240 ) (-3072 -2304 -240 ) (-3200 -2304 -240 ) 
4 329 332 (-3200 -2304 -240 ) (-3072 -2304 -240 ) (-3072 -2304 -96 ) (-3200 -2304 -96 ) 
4 329 330 (-3200 -2048 -240 ) (-3200 -2304 -240 ) (-3200 -2304 -112 ) (-3200 -2048 -112 ) 
4 330 333 (-3456 -2048 -240 ) (-3200 -2048 -240 ) (-3200 -2304 -240 ) (-3456 -2304 -240 ) 
4 330 335 (-3968 -2048 -240 ) (-3456 -2048 -240 ) (-3456 -2304 -240 ) (-3968 -2304 -240 ) 
4 330 332 (-3968 -2304 -240 ) (-3200 -2304 -240 ) (-3200 -2304 -112 ) (-3968 -2304 -112 ) 
4 330 331 (-3968 -2048 -240 ) (-3968 -2304 -240 ) (-3968 -2304 -112 ) (-3968 -2048 -112 ) 
4 331 380 (-4096 -2304 -96 ) (-4096 -2048 -96 ) (-4096 -2048 -240 ) (-4096 -2304 -240 ) 
4 331 335 (-4096 -2048 -240 ) (-3968 -2048 -240 ) (-3968 -2304 -240 ) (-4096 -2304 -240 ) 
4 331 332 (-4096 -2304 -240 ) (-3968 -2304 -240 ) (-3968 -2304 -96 ) (-4096 -2304 -96 ) 
4 332 380 (-4096 -3056 -96 ) (-4096 -2304 -96 ) (-4096 -2304 -240 ) (-4096 -3056 -240 ) 
4 332 333 (-3072 -2304 -240 ) (-3072 -3056 -240 ) (-3456 -3056 -240 ) (-3456 -2304 -240 ) 
4 332 335 (-3456 -3056 -240 ) (-4096 -3056 -240 ) (-4096 -2304 -240 ) (-3456 -2304 -240 ) 
4 333 335 (-3456 -3056 -256 ) (-3456 -3056 -240 ) (-3456 -2048 -240 ) (-3456 -2048 -256 ) 
4 333 334 (-3072 -3056 -256 ) (-3456 -3056 -256 ) (-3456 -2048 -256 ) (-3072 -2048 -256 ) 
4 334 335 (-3456 -2048 -640 ) (-3456 -3056 -640 ) (-3456 -3056 -256 ) (-3456 -2048 -256 ) 
4 335 380 (-4096 -3056 -240 ) (-4096 -2048 -240 ) (-4096 -2048 -640 ) (-4096 -3056 -640 ) 
4 336 378 (-5120 0 528 ) (-5120 0 384 ) (-5120 -480 384 ) (-5120 -480 528 ) 
4 336 339 (-5120 -480 528 ) (-5120 -480 384 ) (-4096 -480 384 ) (-4096 -480 528 ) 
4 336 338 (-4864 -480 384 ) (-5120 -480 384 ) (-5120 0 384 ) (-4864 0 384 ) 
4 337 346 (-4864 -480 -640 ) (-4608 -480 -640 ) (-4608 -480 -208 ) (-4864 -480 -208 ) 
4 337 341 (-4608 -480 -640 ) (-4096 -480 -640 ) (-4096 -480 -208 ) (-4608 -480 -208 ) 
4 337 338 (-4864 0 -640 ) (-4864 -480 -640 ) (-4864 -480 -208 ) (-4864 0 -208 ) 
4 338 378 (-5120 0 384 ) (-5120 0 -640 ) (-5120 -480 -640 ) (-5120 -480 384 ) 
4 338 346 (-5120 -480 -192 ) (-5120 -480 -640 ) (-4864 -480 -640 ) (-4864 -480 -192 ) 
4 338 345 (-5120 -480 -112 ) (-5120 -480 -192 ) (-4864 -480 -192 ) (-4864 -480 -112 ) 
4 338 344 (-5120 -480 -48 ) (-5120 -480 -112 ) (-4864 -480 -112 ) (-4864 -480 -48 ) 
4 338 339 (-5120 -480 384 ) (-5120 -480 -48 ) (-4864 -480 -48 ) (-4864 -480 384 ) 
4 339 378 (-5120 -608 528 ) (-5120 -480 528 ) (-5120 -480 -48 ) (-5120 -608 -48 ) 
4 339 343 (-4736 -480 -48 ) (-4720 -480 -48 ) (-4720 -608 -48 ) (-4736 -608 -48 ) 
4 339 344 (-5120 -608 -48 ) (-5120 -480 -48 ) (-4736 -480 -48 ) (-4736 -608 -48 ) 
4 339 342 (-4608 -544 -48 ) (-4608 -608 -48 ) (-4720 -608 -48 ) (-4720 -544 -48 ) 
5 339 340 (-5120 -608 -48 ) (-4112 -608 -48 ) (-4096 -608 -44.444447 ) (-4096 -608 528 ) (-5120 -608 528 ) 
4 340 378 (-5120 -1024 -48 ) (-5120 -1024 528 ) (-5120 -608 528 ) (-5120 -608 -48 ) 
4 340 347 (-4096 -1024 -48 ) (-4096 -1024 528 ) (-5120 -1024 528 ) (-5120 -1024 -48 ) 
4 340 343 (-4720 -1024 -48 ) (-4736 -1024 -48 ) (-4736 -608 -48 ) (-4720 -608 -48 ) 
4 340 344 (-4736 -1024 -48 ) (-5120 -1024 -48 ) (-5120 -608 -48 ) (-4736 -608 -48 ) 
4 340 342 (-4608 -1024 -48 ) (-4720 -1024 -48 ) (-4720 -608 -48 ) (-4608 -608 -48 ) 
4 341 377 (-4096 -1024 -640 ) (-4096 -1024 -208 ) (-4608 -1024 -208 ) (-4608 -1024 -640 ) 
4 341 346 (-4608 -480 -208 ) (-4608 -480 -640 ) (-4608 -1024 -640 ) (-4608 -1024 -208 ) 
4 342 368 (-4608 -1024 -112 ) (-4608 -1024 -48 ) (-4720 -1024 -48 ) (-4720 -1024 -112 ) 
4 342 343 (-4720 -1024 -96 ) (-4720 -1024 -48 ) (-4720 -544 -48 ) (-4720 -675.990967 -96 ) 
4 343 369 (-4720 -1024 -48 ) (-4736 -1024 -48 ) (-4736 -1024 -96 ) (-4720 -1024 -96 ) 
4 343 344 (-4736 -1024 -96 ) (-4736 -1024 -48 ) (-4736 -480 -48 ) (-4736 -480 -96 ) 
4 344 378 (-5120 -1024 -112 ) (-5120 -1024 -48 ) (-5120 -480 -48 ) (-5120 -480 -112 ) 
4 344 370 (-4736 -1024 -48 ) (-5120 -1024 -48 ) (-5120 -1024 -112 ) (-4736 -1024 -112 ) 
4 344 345 (-5120 -480 -112 ) (-4736 -480 -112 ) (-4736 -1024 -112 ) (-5120 -1024 -112 ) 
4 345 378 (-5120 -1024 -192 ) (-5120 -1024 -112 ) (-5120 -480 -112 ) (-5120 -480 -192 ) 
4 345 376 (-4736 -1024 -112 ) (-5120 -1024 -112 ) (-5120 -1024 -192 ) (-4736 -1024 -192 ) 
4 345 346 (-5120 -1024 -192 ) (-5120 -480 -192 ) (-4736 -480 -192 ) (-4736 -1024 -192 ) 
4 346 378 (-5120 -1024 -640 ) (-5120 -1024 -192 ) (-5120 -480 -192 ) (-5120 -480 -640 ) 
4 346 377 (-4608 -1024 -640 ) (-4608 -1024 -208 ) (-5120 -1024 -208 ) (-5120 -1024 -640 ) 
4 346 374 (-4608 -1024 -208 ) (-4608 -1024 -192 ) (-4736 -1024 -192 ) (-4736 -1024 -208 ) 
4 346 376 (-4736 -1024 -192 ) (-5120 -1024 -192 ) (-5120 -1024 -208 ) (-4736 -1024 -208 ) 
4 347 380 (-4096 -2048 -48 ) (-4096 -2048 528 ) (-5120 -2048 528 ) (-5120 -2048 -48 ) 
4 347 379 (-5120 -2048 -48 ) (-5120 -2048 528 ) (-5120 -1024 528 ) (-5120 -1024 -48 ) 
4 347 371 (-4736 -1776 -48 ) (-4608 -1776 -48 ) (-4608 -1792 -48 ) (-4736 -1792 -48 ) 
4 347 372 (-4608 -1792 -48 ) (-4608 -2048 -48 ) (-4736 -2048 -48 ) (-4736 -1792 -48 ) 
4 347 373 (-5120 -2048 -48 ) (-5120 -1776 -48 ) (-4736 -1776 -48 ) (-4736 -2048 -48 ) 
4 347 369 (-4736 -1024 -48 ) (-4720 -1024 -48 ) (-4720 -1776 -48 ) (-4736 -1776 -48 ) 
4 347 368 (-4720 -1024 -48 ) (-4608 -1024 -48 ) (-4608 -1776 -48 ) (-4720 -1776 -48 ) 
4 347 370 (-5120 -1776 -48 ) (-5120 -1024 -48 ) (-4736 -1024 -48 ) (-4736 -1776 -48 ) 
4 347 363 (-4551.676758 -2032 -48 ) (-4555.722168 -2032 -48 ) (-4555.722168 -1968 -48 ) (-4551.677246 -1968 -48 ) 
4 347 362 (-4096 -1968 -48 ) (-4096 -2032 -48 ) (-4551.676758 -2032 -48 ) (-4551.677246 -1968 -48 ) 
4 347 361 (-4555.722168 -2032 -48 ) (-4608 -2032 -48 ) (-4608 -1968 -48 ) (-4555.722168 -1968 -48 ) 
4 347 360 (-4096 -1792 -48 ) (-4096 -1968 -48 ) (-4608 -1968 -48 ) (-4608 -1792 -48 ) 
4 347 365 (-4096 -2032 -48 ) (-4096 -2048 -48 ) (-4608 -2048 -48 ) (-4608 -2032 -48 ) 
4 347 359 (-4096 -1776 -48 ) (-4096 -1792 -48 ) (-4608 -1792 -48 ) (-4608 -1776 -48 ) 
4 347 357 (-4096 -1440 -48 ) (-4096 -1776 -48 ) (-4176 -1776 -48 ) (-4176 -1440 -48 ) 
4 347 358 (-4176 -1776 -48 ) (-4608 -1776 -48 ) (-4608 -1440 -48 ) (-4176 -1440 -48 ) 
4 347 356 (-4352 -1440 -48 ) (-4608 -1440 -48 ) (-4608 -1408 -48 ) (-4352 -1408 -48 ) 
4 347 349 (-4352 -1408 -48 ) (-4368 -1408 -48 ) (-4368 -1216 -48 ) (-4352 -1216 -48 ) 
4 347 350 (-4368 -1408 -48 ) (-4608 -1408 -48 ) (-4608 -1216 -48 ) (-4368 -1216 -48 ) 
4 347 348 (-4352 -1216 -48 ) (-4608 -1216 -48 ) (-4608 -1184 -48 ) (-4352 -1184 -48 ) 
4 348 368 (-4608 -1216 -112 ) (-4608 -1216 -48 ) (-4608 -1184 -48 ) (-4608 -1184 -112 ) 
3 348 352 (-4608 -1216 -64 ) (-4608 -1216 -112 ) (-4416 -1216 -64 ) 
3 348 349 (-4368 -1216 -52 ) (-4352 -1216 -48 ) (-4368 -1216 -48 ) 
5 348 350 (-4608 -1216 -48 ) (-4608 -1216 -64 ) (-4416 -1216 -64 ) (-4368 -1216 -52 ) (-4368 -1216 -48 ) 
3 349 356 (-4352 -1408 -48 ) (-4368 -1408 -48 ) (-4368 -1408 -52 ) 
4 349 350 (-4368 -1216 -48 ) (-4368 -1216 -52 ) (-4368 -1408 -52 ) (-4368 -1408 -48 ) 
4 350 368 (-4608 -1408 -64 ) (-4608 -1408 -48 ) (-4608 -1216 -48 ) (-4608 -1216 -64 ) 
5 350 356 (-4608 -1408 -48 ) (-4608 -1408 -64 ) (-4416 -1408 -64 ) (-4368 -1408 -52 ) (-4368 -1408 -48 ) 
4 350 352 (-4368 -1408 -64 ) (-4608 -1408 -64 ) (-4608 -1216 -64 ) (-4368 -1216 -64 ) 
4 351 352 (-4368 -1216 -172 ) (-4368 -1408 -172 ) (-4368 -1408 -68 ) (-4368 -1216 -68 ) 
4 352 368 (-4608 -1408 -112 ) (-4608 -1408 -64 ) (-4608 -1216 -64 ) (-4608 -1216 -112 ) 
3 352 356 (-4608 -1408 -64 ) (-4608 -1408 -112 ) (-4416 -1408 -64 ) 
4 353 355 (-4352 -1408 -192 ) (-4608 -1408 -192 ) (-4608 -1216 -192 ) (-4352 -1216 -192 ) 
4 354 377 (-4160 -1216 -208 ) (-4096 -1216 -208 ) (-4096 -1408 -208 ) (-4160 -1408 -208 ) 
4 355 377 (-4608 -1408 -208 ) (-4608 -1216 -208 ) (-4288 -1216 -208 ) (-4288 -1408 -208 ) 
4 355 374 (-4608 -1216 -208 ) (-4608 -1408 -208 ) (-4608 -1408 -192 ) (-4608 -1216 -192 ) 
4 356 368 (-4608 -1440 -112 ) (-4608 -1440 -48 ) (-4608 -1408 -48 ) (-4608 -1408 -112 ) 
3 356 358 (-4608 -1440 -48 ) (-4608 -1440 -112 ) (-4352 -1440 -48 ) 
4 357 359 (-4096 -1776 -96 ) (-4096 -1776 -48 ) (-4176 -1776 -48 ) (-4176 -1776 -96 ) 
4 357 358 (-4176 -1440 -48 ) (-4176 -1600 -112 ) (-4176 -1776 -112 ) (-4176 -1776 -48 ) 
4 358 368 (-4608 -1776 -48 ) (-4608 -1440 -48 ) (-4608 -1440 -112 ) (-4608 -1776 -112 ) 
4 358 359 (-4608 -1776 -48 ) (-4608 -1776 -96 ) (-4176 -1776 -96 ) (-4176 -1776 -48 ) 
4 359 371 (-4608 -1792 -48 ) (-4608 -1776 -48 ) (-4608 -1776 -96 ) (-4608 -1792 -96 ) 
4 359 360 (-4608 -1792 -48 ) (-4608 -1792 -96 ) (-4096 -1792 -96 ) (-4096 -1792 -48 ) 
4 360 372 (-4608 -1968 -48 ) (-4608 -1792 -48 ) (-4608 -1792 -112 ) (-4608 -1968 -112 ) 
4 360 367 (-4608 -1968 -112 ) (-4608 -1792 -112 ) (-4096 -1792 -112 ) (-4096 -1968 -112 ) 
4 360 364 (-4547.294922 -1968 -112 ) (-4543.250977 -1968 -112 ) (-4545.386719 -1968 -95.777840 ) (-4549.362305 -1968 -96.300095 ) 
4 360 363 (-4550.635742 -1968 -55.910492 ) (-4551.677246 -1968 -48 ) (-4555.722168 -1968 -48 ) (-4554.611816 -1968 -56.432823 ) 
4 360 362 (-4543.250977 -1968 -112 ) (-4096 -1968 -112 ) (-4096 -1968 -48 ) (-4551.677246 -1968 -48 ) 
4 360 361 (-4608 -1968 -48 ) (-4608 -1968 -112 ) (-4547.294922 -1968 -112 ) (-4555.722168 -1968 -48 ) 
4 361 372 (-4608 -2032 -48 ) (-4608 -1968 -48 ) (-4608 -1968 -112 ) (-4608 -2032 -112 ) 
4 361 367 (-4608 -2032 -112 ) (-4608 -1968 -112 ) (-4547.294922 -1968 -112 ) (-4547.294922 -2032 -112 ) 
4 361 364 (-4549.361328 -2032 -96.300461 ) (-4547.293945 -2032 -112 ) (-4547.293945 -1968 -112 ) (-4549.361328 -1968 -96.299980 ) 
4 361 363 (-4555.721191 -2032 -48 ) (-4554.610840 -2032 -56.432705 ) (-4554.610840 -1968 -56.432705 ) (-4555.721191 -1968 -48 ) 
4 361 365 (-4608 -2032 -48 ) (-4608 -2032 -112 ) (-4547.294922 -2032 -112 ) (-4555.722168 -2032 -48 ) 
4 362 367 (-4543.250977 -1968 -112 ) (-4096 -1968 -112 ) (-4096 -2032 -112 ) (-4543.250488 -2032 -112 ) 
4 362 364 (-4545.386719 -1968 -95.777855 ) (-4543.250977 -1968 -112 ) (-4543.250488 -2032 -112 ) (-4545.386230 -2032 -95.778282 ) 
4 362 363 (-4551.677734 -1968 -48 ) (-4550.636230 -1968 -55.910599 ) (-4550.635742 -2032 -55.910488 ) (-4551.677246 -2032 -48 ) 
4 362 365 (-4543.250488 -2032 -112 ) (-4096 -2032 -112 ) (-4096 -2032 -48 ) (-4551.676758 -2032 -48 ) 
4 363 365 (-4550.635254 -2032 -55.910488 ) (-4551.676758 -2032 -48 ) (-4555.722168 -2032 -48 ) (-4554.611816 -2032 -56.432823 ) 
4 364 367 (-4547.294922 -1968 -112 ) (-4543.250977 -1968 -112 ) (-4543.250488 -2032 -112 ) (-4547.294922 -2032 -112 ) 
4 364 365 (-4547.294922 -2032 -112 ) (-4543.250488 -2032 -112 ) (-4545.386230 -2032 -95.778267 ) (-4549.362305 -2032 -96.300583 ) 
4 365 380 (-4096 -2048 -112 ) (-4096 -2048 -48 ) (-4608 -2048 -48 ) (-4608 -2048 -112 ) 
4 365 372 (-4608 -2048 -112 ) (-4608 -2048 -48 ) (-4608 -2032 -48 ) (-4608 -2032 -112 ) 
4 365 367 (-4096 -2048 -112 ) (-4608 -2048 -112 ) (-4608 -2032 -112 ) (-4096 -2032 -112 ) 
4 366 377 (-4608 -1792 -208 ) (-4608 -1440 -208 ) (-4096 -1440 -208 ) (-4096 -1792 -208 ) 
4 366 374 (-4608 -1440 -208 ) (-4608 -1792 -208 ) (-4608 -1792 -192 ) (-4608 -1440 -192 ) 
4 366 367 (-4608 -1792 -192 ) (-4608 -1792 -208 ) (-4096 -1792 -208 ) (-4096 -1792 -192 ) 
4 367 380 (-4096 -2048 -208 ) (-4096 -2048 -112 ) (-4608 -2048 -112 ) (-4608 -2048 -208 ) 
4 367 377 (-4096 -2048 -208 ) (-4608 -2048 -208 ) (-4608 -1792 -208 ) (-4096 -1792 -208 ) 
4 367 375 (-4608 -1792 -208 ) (-4608 -2048 -208 ) (-4608 -2048 -112 ) (-4608 -1792 -112 ) 
4 368 371 (-4608 -1776 -96 ) (-4608 -1776 -48 ) (-4720 -1776 -48 ) (-4720 -1776 -96 ) 
4 368 369 (-4720 -1776 -96 ) (-4720 -1776 -48 ) (-4720 -1024 -48 ) (-4720 -1024 -96 ) 
4 369 371 (-4720 -1776 -96 ) (-4720 -1776 -48 ) (-4736 -1776 -48 ) (-4736 -1776 -96 ) 
4 369 370 (-4736 -1776 -96 ) (-4736 -1776 -48 ) (-4736 -1024 -48 ) (-4736 -1024 -96 ) 
4 370 379 (-5120 -1776 -48 ) (-5120 -1024 -48 ) (-5120 -1024 -112 ) (-5120 -1776 -112 ) 
4 370 376 (-4736 -1776 -112 ) (-5120 -1776 -112 ) (-5120 -1024 -112 ) (-4736 -1024 -112 ) 
4 370 373 (-5120 -1776 -112 ) (-4736 -1776 -112 ) (-4736 -1776 -48 ) (-5120 -1776 -48 ) 
4 371 372 (-4736 -1792 -48 ) (-4736 -1792 -96 ) (-4608 -1792 -96 ) (-4608 -1792 -48 ) 
4 371 373 (-4736 -1776 -48 ) (-4736 -1776 -96 ) (-4736 -1792 -96 ) (-4736 -1792 -48 ) 
4 372 380 (-4608 -2048 -48 ) (-4736 -2048 -48 ) (-4736 -2048 -112 ) (-4608 -2048 -112 ) 
4 372 375 (-4608 -1792 -112 ) (-4608 -2048 -112 ) (-4736 -2048 -112 ) (-4736 -1792 -112 ) 
4 372 373 (-4736 -1792 -112 ) (-4736 -2048 -112 ) (-4736 -2048 -48 ) (-4736 -1792 -48 ) 
4 373 380 (-4736 -2048 -48 ) (-5120 -2048 -48 ) (-5120 -2048 -112 ) (-4736 -2048 -112 ) 
4 373 379 (-5120 -2048 -112 ) (-5120 -2048 -48 ) (-5120 -1776 -48 ) (-5120 -1776 -112 ) 
4 373 376 (-4736 -2048 -112 ) (-5120 -2048 -112 ) (-5120 -1776 -112 ) (-4736 -1776 -112 ) 
4 374 377 (-4736 -1792 -208 ) (-4736 -1024 -208 ) (-4608 -1024 -208 ) (-4608 -1792 -208 ) 
4 374 375 (-4736 -1792 -192 ) (-4736 -1792 -208 ) (-4608 -1792 -208 ) (-4608 -1792 -192 ) 
4 374 376 (-4736 -1024 -208 ) (-4736 -1792 -208 ) (-4736 -1792 -192 ) (-4736 -1024 -192 ) 
4 375 380 (-4736 -2048 -208 ) (-4608 -2048 -208 ) (-4608 -2048 -112 ) (-4736 -2048 -112 ) 
4 375 377 (-4608 -2048 -208 ) (-4736 -2048 -208 ) (-4736 -1792 -208 ) (-4608 -1792 -208 ) 
4 375 376 (-4736 -1792 -208 ) (-4736 -2048 -208 ) (-4736 -2048 -112 ) (-4736 -1792 -112 ) 
4 376 380 (-5120 -2048 -112 ) (-5120 -2048 -208 ) (-4736 -2048 -208 ) (-4736 -2048 -112 ) 
4 376 379 (-5120 -2048 -208 ) (-5120 -2048 -112 ) (-5120 -1024 -112 ) (-5120 -1024 -208 ) 
4 376 377 (-4736 -2048 -208 ) (-5120 -2048 -208 ) (-5120 -1024 -208 ) (-4736 -1024 -208 ) 
4 377 380 (-4096 -2048 -640 ) (-4096 -2048 -208 ) (-5120 -2048 -208 ) (-5120 -2048 -640 ) 
4 377 379 (-5120 -2048 -640 ) (-5120 -2048 -208 ) (-5120 -1024 -208 ) (-5120 -1024 -640 ) 
4 378 379 (-5120 -1024 -640 ) (-5120 -1024 528 ) (-5536 -1024 528 ) (-5536 -1024 -640 ) 
4 379 381 (-5120 -2048 -640 ) (-5120 -2048 528 ) (-5536 -2048 528 ) (-5536 -2048 -640 ) 
4 380 381 (-5120 -2048 528 ) (-5120 -2048 -640 ) (-5120 -3056 -640 ) (-5120 -3056 528 ) 
