


materialPath: D:\Program Files (x86)\Steam\steamapps\common\Team Fortress 2\tf\materials
Loading D:\Documents\Mapping\tf2\TF2-Maps\Labor\A11\koth_labor_a11.vmf
ConVarRef mat_reduceparticles doesn't point to an existing ConVar
Patching WVT material: maps/koth_labor_a11/dev/dev_blendmeasure2_wvt_patch
Patching WVT material: maps/koth_labor_a11/winter/blendgraveltograss004_wvt_patch
fixing up env_cubemap materials on brush sides...
0...1...2...3...4...5...6...7...8...9...100...1...2...3...4...5...6...7...8...9...10Processing areas...done (0)
Building Faces...done (0)
Chop Details...done (0)
Find Visible Detail Sides...
Merged 434 detail faces...done (0)
Merging details...done (0)
FixTjuncs...
PruneNodes...
WriteBSP...
done (0)
writing D:\Documents\Mapping\tf2\TF2-Maps\Labor\A11\koth_labor_a11.prt...Building visibility clusters...
done (0)
*** Error: Skybox vtf files for skybox/sky_alpinestorm_01 weren't compiled with the same size texture and/or same flags!
Can't load skybox file skybox/sky_alpinestorm_01 to build the default cubemap!
*** Error: Skybox vtf files for skybox/sky_alpinestorm_01 weren't compiled with the same size texture and/or same flags!
Can't load skybox file skybox/sky_alpinestorm_01 to build the default cubemap!
Finding displacement neighbors...
Finding lightmap sample positions...
Displacement Alpha : 0...1...2...3...4...5...6...7...8...9...10
Building Physics collision data...
done (1) (317645 bytes)
Error loading studio model ""!
Placing detail props : 0...1...2...3...4...5...6...7...8...9...10
Compacting texture/material tables...
Reduced 1113 texinfos to 659
Reduced 96 texdatas to 86 (3101 bytes to 2698)
Writing D:\Documents\Mapping\tf2\TF2-Maps\Labor\A11\koth_labor_a11.bsp
MSG_FILEWRITE - Filesystem was asked to write to 'D:\Documents\Mapping\tf2\TF2-Maps\Labor\A11\koth_labor_a11.bsp', but we don't own that location. Allowing.
Wrote ZIP buffer, estimated size 14209, actual size 10377
3 seconds elapsed



4 threads
reading d:\documents\mapping\tf2\tf2-maps\labor\a11\koth_labor_a11.bsp
reading d:\documents\mapping\tf2\tf2-maps\labor\a11\koth_labor_a11.prt
 752 portalclusters
2406 numportals
0...1...2...3...4...5...6...7...8...9...100...1...2...3...4...5...6...7...8...9...10Optimized: 2349 visible clusters (1.04%)
Total clusters visible: 226573
Average clusters visible: 301
Building PAS...
Average clusters audible: 714
visdatasize:134629  compressed from 144384
writing d:\documents\mapping\tf2\tf2-maps\labor\a11\koth_labor_a11.bsp
MSG_FILEWRITE - Filesystem was asked to write to 'd:\documents\mapping\tf2\tf2-maps\labor\a11\koth_labor_a11.bsp', but we don't own that location. Allowing.
1 minute, 13 seconds elapsed



[Reading texlights from 'lights.rad']
[56 texlights parsed from 'lights.rad']

Loading d:\documents\mapping\tf2\tf2-maps\labor\a11\koth_labor_a11.bsp
3707 faces
891093 square feet [128317472.00 square inches]
98 Displacements
44824 Square Feet [6454688.00 Square Inches]
3707 patches before subdivision
77045 patches after subdivision
44 direct lights
0...1...2...3...4...5...6...7...8...9...100...1...2...3...4...5...6...7...8...9...10transfers 6347167, max 657
transfer lists:  48.4 megs
0...1...2...3...4...5...6...7...8...9...10	Bounce #1 added RGB(267658, 277103, 267893)
0...1...2...3...4...5...6...7...8...9...10	Bounce #2 added RGB(56685, 54719, 52295)
0...1...2...3...4...5...6...7...8...9...10	Bounce #3 added RGB(13448, 12269, 11537)
0...1...2...3...4...5...6...7...8...9...10	Bounce #4 added RGB(3434, 3023, 2820)
0...1...2...3...4...5...6...7...8...9...10	Bounce #5 added RGB(919, 786, 726)
0...1...2...3...4...5...6...7...8...9...10	Bounce #6 added RGB(254, 211, 193)
0...1...2...3...4...5...6...7...8...9...10	Bounce #7 added RGB(72, 58, 52)
0...1...2...3...4...5...6...7...8...9...10	Bounce #8 added RGB(21, 16, 14)
0...1...2...3...4...5...6...7...8...9...10	Bounce #9 added RGB(6, 5, 4)
0...1...2...3...4...5...6...7...8...9...10	Bounce #10 added RGB(2, 1, 1)
0...1...2...3...4...5...6...7...8...9...10	Bounce #11 added RGB(1, 0, 0)
Build Patch/Sample Hash Table(s).....Done<0.0227 sec>
0...1...2...3...4...5...6...7...8...9...10FinalLightFace Done
0 of 0 (0% of) surface lights went in leaf ambient cubes.
0...1...2...3...4...5...6...7...8...9...10Writing leaf ambient...done
Ready to Finish

Object names       Objects/Maxobjs  Memory / Maxmem  Fullness 
------------       ---------------  ---------------  -------- 
models                  95/1024         4560/49152    ( 9.3%) 
brushes                812/8192         9744/98304    ( 9.9%) 
brushsides            6500/65536       52000/524288   ( 9.9%) 
planes                4154/65536       83080/1310720  ( 6.3%) 
vertexes              5552/65536       66624/786432   ( 8.5%) 
nodes                 2102/65536       67264/2097152  ( 3.2%) 
texinfos               659/12288       47448/884736   ( 5.4%) 
texdata                 86/2048         2752/65536    ( 4.2%) 
dispinfos               98/0           17248/0        ( 0.0%) 
disp_verts            7938/0          158760/0        ( 0.0%) 
disp_tris            12544/0           25088/0        ( 0.0%) 
disp_lmsamples      127008/0          127008/0        ( 0.0%) 
faces                 3707/65536      207592/3670016  ( 5.7%) 
hdr faces                0/65536           0/3670016  ( 0.0%) 
origfaces             2552/65536      142912/3670016  ( 3.9%) 
leaves                2198/65536       70336/2097152  ( 3.4%) 
leaffaces             4183/65536        8366/131072   ( 6.4%) 
leafbrushes           1616/65536        3232/131072   ( 2.5%) 
areas                    2/256            16/2048     ( 0.8%) 
surfedges            27442/512000     109768/2048000  ( 5.4%) 
edges                15581/256000      62324/1024000  ( 6.1%) 
LDR worldlights         44/8192         3872/720896   ( 0.5%) 
HDR worldlights          0/8192            0/720896   ( 0.0%) 
leafwaterdata            0/32768           0/393216   ( 0.0%) 
waterstrips            304/32768        3040/327680   ( 0.9%) 
waterverts               0/65536           0/786432   ( 0.0%) 
waterindices          4947/65536        9894/131072   ( 7.5%) 
cubemapsamples          40/1024          640/16384    ( 3.9%) 
overlays                29/512         10208/180224   ( 5.7%) 
LDR lightdata         [variable]     2797088/0        ( 0.0%) 
HDR lightdata         [variable]           0/0        ( 0.0%) 
visdata               [variable]      134629/16777216 ( 0.8%) 
entdata               [variable]       67464/393216   (17.2%) 
LDR ambient table     2198/65536        8792/262144   ( 3.4%) 
HDR ambient table     2198/65536        8792/262144   ( 3.4%) 
LDR leaf ambient     14554/65536      407512/1835008  (22.2%) 
HDR leaf ambient      2198/65536       61544/1835008  ( 3.4%) 
occluders                0/0               0/0        ( 0.0%) 
occluder polygons        0/0               0/0        ( 0.0%) 
occluder vert ind        0/0               0/0        ( 0.0%) 
detail props          [variable]           1/12       ( 8.3%) 
static props          [variable]           1/19680    ( 0.0%) 
pakfile               [variable]       10377/0        ( 0.0%) 
physics               [variable]      317645/4194304  ( 7.6%) 
physics terrain       [variable]       27666/1048576  ( 2.6%) 

Level flags = 0

Total triangle count: 9898
Writing d:\documents\mapping\tf2\tf2-maps\labor\a11\koth_labor_a11.bsp
39 seconds elapsed



materialPath: D:\Program Files (x86)\Steam\steamapps\common\Team Fortress 2\tf\materials
Loading D:\Documents\Mapping\tf2\TF2-Maps\Labor\A11\koth_labor_a11.vmf
ConVarRef mat_reduceparticles doesn't point to an existing ConVar
Patching WVT material: maps/koth_labor_a11/dev/dev_blendmeasure2_wvt_patch
Patching WVT material: maps/koth_labor_a11/winter/blendgraveltograss004_wvt_patch
fixing up env_cubemap materials on brush sides...
0...1...2...3...4...5...6...7...8...9...100...1...2...3...4...5...6...7...8...9...10Processing areas...done (0)
Building Faces...done (0)
Chop Details...done (0)
Find Visible Detail Sides...
Merged 434 detail faces...done (0)
Merging details...done (0)
FixTjuncs...
PruneNodes...
WriteBSP...
done (1)
writing D:\Documents\Mapping\tf2\TF2-Maps\Labor\A11\koth_labor_a11.prt...Building visibility clusters...
done (0)
*** Error: Skybox vtf files for skybox/sky_alpinestorm_01 weren't compiled with the same size texture and/or same flags!
Can't load skybox file skybox/sky_alpinestorm_01 to build the default cubemap!
*** Error: Skybox vtf files for skybox/sky_alpinestorm_01 weren't compiled with the same size texture and/or same flags!
Can't load skybox file skybox/sky_alpinestorm_01 to build the default cubemap!
Finding displacement neighbors...
Finding lightmap sample positions...
Displacement Alpha : 0...1...2...3...4...5...6...7...8...9...10
Building Physics collision data...
done (0) (318847 bytes)
Error loading studio model ""!
Placing detail props : 0...1...2...3...4...5...6...7...8...9...10
Compacting texture/material tables...
Reduced 1121 texinfos to 668
Reduced 96 texdatas to 86 (3101 bytes to 2698)
Writing D:\Documents\Mapping\tf2\TF2-Maps\Labor\A11\koth_labor_a11.bsp
MSG_FILEWRITE - Filesystem was asked to write to 'D:\Documents\Mapping\tf2\TF2-Maps\Labor\A11\koth_labor_a11.bsp', but we don't own that location. Allowing.
Wrote ZIP buffer, estimated size 14209, actual size 10377
2 seconds elapsed



4 threads
reading d:\documents\mapping\tf2\tf2-maps\labor\a11\koth_labor_a11.bsp
reading d:\documents\mapping\tf2\tf2-maps\labor\a11\koth_labor_a11.prt
 742 portalclusters
2403 numportals
0...1...2...3...4...5...6...7...8...9...100...1...2...3...4...5...6...7...8...9...10Optimized: 2221 visible clusters (1.01%)
Total clusters visible: 220359
Average clusters visible: 296
Building PAS...
Average clusters audible: 705
visdatasize:131492  compressed from 142464
writing d:\documents\mapping\tf2\tf2-maps\labor\a11\koth_labor_a11.bsp
MSG_FILEWRITE - Filesystem was asked to write to 'd:\documents\mapping\tf2\tf2-maps\labor\a11\koth_labor_a11.bsp', but we don't own that location. Allowing.
1 minute, 4 seconds elapsed



[Reading texlights from 'lights.rad']
[56 texlights parsed from 'lights.rad']

Loading d:\documents\mapping\tf2\tf2-maps\labor\a11\koth_labor_a11.bsp
3705 faces
894413 square feet [128795504.00 square inches]
98 Displacements
44824 Square Feet [6454688.00 Square Inches]
3705 patches before subdivision
77471 patches after subdivision
44 direct lights
0...1...2...3...4...5...6...7...8...9...100...1...2...3...4...5...6...7...8...9...10transfers 6367748, max 655
transfer lists:  48.6 megs
0...1...2...3...4...5...6...7...8...9...10	Bounce #1 added RGB(265962, 275157, 266287)
0...1...2...3...4...5...6...7...8...9...10	Bounce #2 added RGB(56057, 53935, 51532)
0...1...2...3...4...5...6...7...8...9...10	Bounce #3 added RGB(13244, 12009, 11269)
0...1...2...3...4...5...6...7...8...9...10	Bounce #4 added RGB(3376, 2947, 2739)
0...1...2...3...4...5...6...7...8...9...10	Bounce #5 added RGB(904, 765, 704)
0...1...2...3...4...5...6...7...8...9...10	Bounce #6 added RGB(250, 206, 187)
0...1...2...3...4...5...6...7...8...9...10	Bounce #7 added RGB(71, 57, 51)
0...1...2...3...4...5...6...7...8...9...10	Bounce #8 added RGB(21, 16, 14)
0...1...2...3...4...5...6...7...8...9...10	Bounce #9 added RGB(6, 4, 4)
0...1...2...3...4...5...6...7...8...9...10	Bounce #10 added RGB(2, 1, 1)
0...1...2...3...4...5...6...7...8...9...10	Bounce #11 added RGB(1, 0, 0)
Build Patch/Sample Hash Table(s).....Done<0.0175 sec>
0...1...2...3...4...5...6...7...8...9...10FinalLightFace Done
0 of 0 (0% of) surface lights went in leaf ambient cubes.
0...1...2...3...4...5...6...7...8...9...10Writing leaf ambient...done
Ready to Finish

Object names       Objects/Maxobjs  Memory / Maxmem  Fullness 
------------       ---------------  ---------------  -------- 
models                  97/1024         4656/49152    ( 9.5%) 
brushes                814/8192         9768/98304    ( 9.9%) 
brushsides            6518/65536       52144/524288   ( 9.9%) 
planes                4188/65536       83760/1310720  ( 6.4%) 
vertexes              5563/65536       66756/786432   ( 8.5%) 
nodes                 2093/65536       66976/2097152  ( 3.2%) 
texinfos               668/12288       48096/884736   ( 5.4%) 
texdata                 86/2048         2752/65536    ( 4.2%) 
dispinfos               98/0           17248/0        ( 0.0%) 
disp_verts            7938/0          158760/0        ( 0.0%) 
disp_tris            12544/0           25088/0        ( 0.0%) 
disp_lmsamples      127008/0          127008/0        ( 0.0%) 
faces                 3705/65536      207480/3670016  ( 5.7%) 
hdr faces                0/65536           0/3670016  ( 0.0%) 
origfaces             2565/65536      143640/3670016  ( 3.9%) 
leaves                2191/65536       70112/2097152  ( 3.3%) 
leaffaces             4195/65536        8390/131072   ( 6.4%) 
leafbrushes           1596/65536        3192/131072   ( 2.4%) 
areas                    2/256            16/2048     ( 0.8%) 
surfedges            27506/512000     110024/2048000  ( 5.4%) 
edges                15616/256000      62464/1024000  ( 6.1%) 
LDR worldlights         44/8192         3872/720896   ( 0.5%) 
HDR worldlights          0/8192            0/720896   ( 0.0%) 
leafwaterdata            0/32768           0/393216   ( 0.0%) 
waterstrips            311/32768        3110/327680   ( 0.9%) 
waterverts               0/65536           0/786432   ( 0.0%) 
waterindices          4995/65536        9990/131072   ( 7.6%) 
cubemapsamples          40/1024          640/16384    ( 3.9%) 
overlays                29/512         10208/180224   ( 5.7%) 
LDR lightdata         [variable]     2784092/0        ( 0.0%) 
HDR lightdata         [variable]           0/0        ( 0.0%) 
visdata               [variable]      131492/16777216 ( 0.8%) 
entdata               [variable]       69442/393216   (17.7%) 
LDR ambient table     2191/65536        8764/262144   ( 3.3%) 
HDR ambient table     2191/65536        8764/262144   ( 3.3%) 
LDR leaf ambient     14593/65536      408604/1835008  (22.3%) 
HDR leaf ambient      2191/65536       61348/1835008  ( 3.3%) 
occluders                0/0               0/0        ( 0.0%) 
occluder polygons        0/0               0/0        ( 0.0%) 
occluder vert ind        0/0               0/0        ( 0.0%) 
detail props          [variable]           1/12       ( 8.3%) 
static props          [variable]           1/19904    ( 0.0%) 
pakfile               [variable]       10377/0        ( 0.0%) 
physics               [variable]      318847/4194304  ( 7.6%) 
physics terrain       [variable]       27666/1048576  ( 2.6%) 

Level flags = 0

Total triangle count: 9912
Writing d:\documents\mapping\tf2\tf2-maps\labor\a11\koth_labor_a11.bsp
26 seconds elapsed



materialPath: D:\Program Files (x86)\Steam\steamapps\common\Team Fortress 2\tf\materials
Loading D:\Documents\Mapping\tf2\TF2-Maps\Labor\A11\koth_labor_a11.vmf
ConVarRef mat_reduceparticles doesn't point to an existing ConVar
Patching WVT material: maps/koth_labor_a11/dev/dev_blendmeasure2_wvt_patch
Patching WVT material: maps/koth_labor_a11/winter/blendgraveltograss004_wvt_patch
fixing up env_cubemap materials on brush sides...
0...1...2...3...4...5...6...7...8...9...100...1...2...3...4...5...6...7...8...9...10Processing areas...done (0)
Building Faces...done (0)
Chop Details...done (0)
Find Visible Detail Sides...
Merged 434 detail faces...done (0)
Merging details...done (0)
FixTjuncs...
PruneNodes...
WriteBSP...
done (0)
writing D:\Documents\Mapping\tf2\TF2-Maps\Labor\A11\koth_labor_a11.prt...Building visibility clusters...
done (0)
*** Error: Skybox vtf files for skybox/sky_well_01 weren't compiled with the same size texture and/or same flags!
Can't load skybox file skybox/sky_well_01 to build the default cubemap!
*** Error: Skybox vtf files for skybox/sky_well_01 weren't compiled with the same size texture and/or same flags!
Can't load skybox file skybox/sky_well_01 to build the default cubemap!
Finding displacement neighbors...
Finding lightmap sample positions...
Displacement Alpha : 0...1...2...3...4...5...6...7...8...9...10
Building Physics collision data...
done (0) (320518 bytes)
Error loading studio model ""!
Placing detail props : 0...1...2...3...4...5...6...7...8...9...10
Compacting texture/material tables...
Reduced 1099 texinfos to 658
Reduced 91 texdatas to 79 (2782 bytes to 2268)
Writing D:\Documents\Mapping\tf2\TF2-Maps\Labor\A11\koth_labor_a11.bsp
MSG_FILEWRITE - Filesystem was asked to write to 'D:\Documents\Mapping\tf2\TF2-Maps\Labor\A11\koth_labor_a11.bsp', but we don't own that location. Allowing.
Wrote ZIP buffer, estimated size 11272, actual size 8244
2 seconds elapsed



4 threads
reading d:\documents\mapping\tf2\tf2-maps\labor\a11\koth_labor_a11.bsp
reading d:\documents\mapping\tf2\tf2-maps\labor\a11\koth_labor_a11.prt
 748 portalclusters
2429 numportals
0...1...2...3...4...5...6...7...8...9...100...1...2...3...4...5...6...7...8...9...10Optimized: 2286 visible clusters (1.03%)
Total clusters visible: 222596
Average clusters visible: 297
Building PAS...
Average clusters audible: 711
visdatasize:134039  compressed from 143616
writing d:\documents\mapping\tf2\tf2-maps\labor\a11\koth_labor_a11.bsp
MSG_FILEWRITE - Filesystem was asked to write to 'd:\documents\mapping\tf2\tf2-maps\labor\a11\koth_labor_a11.bsp', but we don't own that location. Allowing.
1 minute, 16 seconds elapsed



[Reading texlights from 'lights.rad']
[56 texlights parsed from 'lights.rad']

Loading d:\documents\mapping\tf2\tf2-maps\labor\a11\koth_labor_a11.bsp
3731 faces
894329 square feet [128783472.00 square inches]
98 Displacements
44824 Square Feet [6454688.00 Square Inches]
3731 patches before subdivision
77445 patches after subdivision
44 direct lights
0...1...2...3...4...5...6...7...8...9...100...1...2...3...4...5...6...7...8...9...10transfers 6414157, max 656
transfer lists:  48.9 megs
0...1...2...3...4...5...6...7...8...9...10	Bounce #1 added RGB(334428, 264274, 232694)
0...1...2...3...4...5...6...7...8...9...10	Bounce #2 added RGB(66953, 51771, 45791)
0...1...2...3...4...5...6...7...8...9...10	Bounce #3 added RGB(15223, 11745, 10437)
0...1...2...3...4...5...6...7...8...9...10	Bounce #4 added RGB(3772, 2903, 2588)
0...1...2...3...4...5...6...7...8...9...10	Bounce #5 added RGB(988, 756, 672)
0...1...2...3...4...5...6...7...8...9...10	Bounce #6 added RGB(269, 203, 179)
0...1...2...3...4...5...6...7...8...9...10	Bounce #7 added RGB(76, 56, 49)
0...1...2...3...4...5...6...7...8...9...10	Bounce #8 added RGB(22, 15, 13)
0...1...2...3...4...5...6...7...8...9...10	Bounce #9 added RGB(6, 4, 4)
0...1...2...3...4...5...6...7...8...9...10	Bounce #10 added RGB(2, 1, 1)
0...1...2...3...4...5...6...7...8...9...10	Bounce #11 added RGB(1, 0, 0)
Build Patch/Sample Hash Table(s).....Done<0.0178 sec>
0...1...2...3...4...5...6...7...8...9...10FinalLightFace Done
0 of 0 (0% of) surface lights went in leaf ambient cubes.
0...1...2...3...4...5...6...7...8...9...10Writing leaf ambient...done
Ready to Finish

Object names       Objects/Maxobjs  Memory / Maxmem  Fullness 
------------       ---------------  ---------------  -------- 
models                  95/1024         4560/49152    ( 9.3%) 
brushes                820/8192         9840/98304    (10.0%) 
brushsides            6544/65536       52352/524288   (10.0%) 
planes                4130/65536       82600/1310720  ( 6.3%) 
vertexes              5595/65536       67140/786432   ( 8.5%) 
nodes                 2097/65536       67104/2097152  ( 3.2%) 
texinfos               658/12288       47376/884736   ( 5.4%) 
texdata                 79/2048         2528/65536    ( 3.9%) 
dispinfos               98/0           17248/0        ( 0.0%) 
disp_verts            7938/0          158760/0        ( 0.0%) 
disp_tris            12544/0           25088/0        ( 0.0%) 
disp_lmsamples      127008/0          127008/0        ( 0.0%) 
faces                 3731/65536      208936/3670016  ( 5.7%) 
hdr faces                0/65536           0/3670016  ( 0.0%) 
origfaces             2581/65536      144536/3670016  ( 3.9%) 
leaves                2193/65536       70176/2097152  ( 3.3%) 
leaffaces             4206/65536        8412/131072   ( 6.4%) 
leafbrushes           1609/65536        3218/131072   ( 2.5%) 
areas                    2/256            16/2048     ( 0.8%) 
surfedges            27714/512000     110856/2048000  ( 5.4%) 
edges                15756/256000      63024/1024000  ( 6.2%) 
LDR worldlights         44/8192         3872/720896   ( 0.5%) 
HDR worldlights          0/8192            0/720896   ( 0.0%) 
leafwaterdata            0/32768           0/393216   ( 0.0%) 
waterstrips            318/32768        3180/327680   ( 1.0%) 
waterverts               0/65536           0/786432   ( 0.0%) 
waterindices          5121/65536       10242/131072   ( 7.8%) 
cubemapsamples          40/1024          640/16384    ( 3.9%) 
overlays                29/512         10208/180224   ( 5.7%) 
LDR lightdata         [variable]     2782040/0        ( 0.0%) 
HDR lightdata         [variable]           0/0        ( 0.0%) 
visdata               [variable]      134039/16777216 ( 0.8%) 
entdata               [variable]       68439/393216   (17.4%) 
LDR ambient table     2193/65536        8772/262144   ( 3.3%) 
HDR ambient table     2193/65536        8772/262144   ( 3.3%) 
LDR leaf ambient     15033/65536      420924/1835008  (22.9%) 
HDR leaf ambient      2193/65536       61404/1835008  ( 3.3%) 
occluders                0/0               0/0        ( 0.0%) 
occluder polygons        0/0               0/0        ( 0.0%) 
occluder vert ind        0/0               0/0        ( 0.0%) 
detail props          [variable]           1/12       ( 8.3%) 
static props          [variable]           1/19904    ( 0.0%) 
pakfile               [variable]        8244/0        ( 0.0%) 
physics               [variable]      320518/4194304  ( 7.6%) 
physics terrain       [variable]       27666/1048576  ( 2.6%) 

Level flags = 0

Total triangle count: 10004
Writing d:\documents\mapping\tf2\tf2-maps\labor\a11\koth_labor_a11.bsp
28 seconds elapsed



materialPath: D:\Program Files (x86)\Steam\steamapps\common\Team Fortress 2\tf\materials
Loading D:\Documents\Mapping\tf2\TF2-Maps\Labor\A11\koth_labor_a11.vmf
ConVarRef mat_reduceparticles doesn't point to an existing ConVar
Patching WVT material: maps/koth_labor_a11/dev/dev_blendmeasure2_wvt_patch
Patching WVT material: maps/koth_labor_a11/winter/blendgraveltograss004_wvt_patch
fixing up env_cubemap materials on brush sides...
0...1...2...3...4...5...6...7...8...9...100...1...2...3...4...5...6...7...8...9...10Processing areas...done (0)
Building Faces...done (0)
Chop Details...done (1)
Find Visible Detail Sides...
Merged 434 detail faces...done (1)
Merging details...done (0)
FixTjuncs...
PruneNodes...
WriteBSP...
done (0)
writing D:\Documents\Mapping\tf2\TF2-Maps\Labor\A11\koth_labor_a11.prt...Building visibility clusters...
done (0)
*** Error: Skybox vtf files for skybox/sky_tf2_04 weren't compiled with the same size texture and/or same flags!
Can't load skybox file skybox/sky_tf2_04 to build the default cubemap!
*** Error: Skybox vtf files for skybox/sky_tf2_04 weren't compiled with the same size texture and/or same flags!
Can't load skybox file skybox/sky_tf2_04 to build the default cubemap!
Finding displacement neighbors...
Finding lightmap sample positions...
Displacement Alpha : 0...1...2...3...4...5...6...7...8...9...10
Building Physics collision data...
done (0) (320518 bytes)
Error loading studio model ""!
Placing detail props : 0...1...2...3...4...5...6...7...8...9...10
Compacting texture/material tables...
Reduced 1099 texinfos to 658
Reduced 91 texdatas to 79 (2782 bytes to 2268)
Writing D:\Documents\Mapping\tf2\TF2-Maps\Labor\A11\koth_labor_a11.bsp
MSG_FILEWRITE - Filesystem was asked to write to 'D:\Documents\Mapping\tf2\TF2-Maps\Labor\A11\koth_labor_a11.bsp', but we don't own that location. Allowing.
Wrote ZIP buffer, estimated size 11272, actual size 8244
2 seconds elapsed



4 threads
reading d:\documents\mapping\tf2\tf2-maps\labor\a11\koth_labor_a11.bsp
reading d:\documents\mapping\tf2\tf2-maps\labor\a11\koth_labor_a11.prt
 748 portalclusters
2429 numportals
0...1...2...3...4...5...6...7...8...9...100...1...2...3...4...5...6...7...8...9...10Optimized: 2286 visible clusters (1.03%)
Total clusters visible: 222596
Average clusters visible: 297
Building PAS...
Average clusters audible: 711
visdatasize:134039  compressed from 143616
writing d:\documents\mapping\tf2\tf2-maps\labor\a11\koth_labor_a11.bsp
MSG_FILEWRITE - Filesystem was asked to write to 'd:\documents\mapping\tf2\tf2-maps\labor\a11\koth_labor_a11.bsp', but we don't own that location. Allowing.
1 minute, 18 seconds elapsed



[Reading texlights from 'lights.rad']
[56 texlights parsed from 'lights.rad']

Loading d:\documents\mapping\tf2\tf2-maps\labor\a11\koth_labor_a11.bsp
3731 faces
894329 square feet [128783472.00 square inches]
98 Displacements
44824 Square Feet [6454688.00 Square Inches]
3731 patches before subdivision
77445 patches after subdivision
44 direct lights
0...1...2...3...4...5...6...7...8...9...100...1...2...3...4...5...6...7...8...9...10transfers 6414157, max 656
transfer lists:  48.9 megs
0...1...2...3...4...5...6...7...8...9...10	Bounce #1 added RGB(402703, 338306, 304861)
0...1...2...3...4...5...6...7...8...9...10	Bounce #2 added RGB(78713, 63106, 56511)
0...1...2...3...4...5...6...7...8...9...10	Bounce #3 added RGB(17359, 13601, 12142)
0...1...2...3...4...5...6...7...8...9...10	Bounce #4 added RGB(4185, 3241, 2894)
0...1...2...3...4...5...6...7...8...9...10	Bounce #5 added RGB(1072, 821, 731)
0...1...2...3...4...5...6...7...8...9...10	Bounce #6 added RGB(288, 217, 192)
0...1...2...3...4...5...6...7...8...9...10	Bounce #7 added RGB(80, 59, 51)
0...1...2...3...4...5...6...7...8...9...10	Bounce #8 added RGB(23, 16, 14)
0...1...2...3...4...5...6...7...8...9...10	Bounce #9 added RGB(7, 5, 4)
0...1...2...3...4...5...6...7...8...9...10	Bounce #10 added RGB(2, 1, 1)
0...1...2...3...4...5...6...7...8...9...10	Bounce #11 added RGB(1, 0, 0)
Build Patch/Sample Hash Table(s).....Done<0.0201 sec>
0...1...2...3...4...5...6...7...8...9...10FinalLightFace Done
0 of 0 (0% of) surface lights went in leaf ambient cubes.
0...1...2...3...4...5...6...7...8...9...10Writing leaf ambient...done
Ready to Finish

Object names       Objects/Maxobjs  Memory / Maxmem  Fullness 
------------       ---------------  ---------------  -------- 
models                  95/1024         4560/49152    ( 9.3%) 
brushes                820/8192         9840/98304    (10.0%) 
brushsides            6544/65536       52352/524288   (10.0%) 
planes                4130/65536       82600/1310720  ( 6.3%) 
vertexes              5595/65536       67140/786432   ( 8.5%) 
nodes                 2097/65536       67104/2097152  ( 3.2%) 
texinfos               658/12288       47376/884736   ( 5.4%) 
texdata                 79/2048         2528/65536    ( 3.9%) 
dispinfos               98/0           17248/0        ( 0.0%) 
disp_verts            7938/0          158760/0        ( 0.0%) 
disp_tris            12544/0           25088/0        ( 0.0%) 
disp_lmsamples      127008/0          127008/0        ( 0.0%) 
faces                 3731/65536      208936/3670016  ( 5.7%) 
hdr faces                0/65536           0/3670016  ( 0.0%) 
origfaces             2581/65536      144536/3670016  ( 3.9%) 
leaves                2193/65536       70176/2097152  ( 3.3%) 
leaffaces             4206/65536        8412/131072   ( 6.4%) 
leafbrushes           1609/65536        3218/131072   ( 2.5%) 
areas                    2/256            16/2048     ( 0.8%) 
surfedges            27714/512000     110856/2048000  ( 5.4%) 
edges                15756/256000      63024/1024000  ( 6.2%) 
LDR worldlights         44/8192         3872/720896   ( 0.5%) 
HDR worldlights          0/8192            0/720896   ( 0.0%) 
leafwaterdata            0/32768           0/393216   ( 0.0%) 
waterstrips            318/32768        3180/327680   ( 1.0%) 
waterverts               0/65536           0/786432   ( 0.0%) 
waterindices          5121/65536       10242/131072   ( 7.8%) 
cubemapsamples          40/1024          640/16384    ( 3.9%) 
overlays                29/512         10208/180224   ( 5.7%) 
LDR lightdata         [variable]     2782040/0        ( 0.0%) 
HDR lightdata         [variable]           0/0        ( 0.0%) 
visdata               [variable]      134039/16777216 ( 0.8%) 
entdata               [variable]       68437/393216   (17.4%) 
LDR ambient table     2193/65536        8772/262144   ( 3.3%) 
HDR ambient table     2193/65536        8772/262144   ( 3.3%) 
LDR leaf ambient     15095/65536      422660/1835008  (23.0%) 
HDR leaf ambient      2193/65536       61404/1835008  ( 3.3%) 
occluders                0/0               0/0        ( 0.0%) 
occluder polygons        0/0               0/0        ( 0.0%) 
occluder vert ind        0/0               0/0        ( 0.0%) 
detail props          [variable]           1/12       ( 8.3%) 
static props          [variable]           1/19904    ( 0.0%) 
pakfile               [variable]        8244/0        ( 0.0%) 
physics               [variable]      320518/4194304  ( 7.6%) 
physics terrain       [variable]       27666/1048576  ( 2.6%) 

Level flags = 0

Total triangle count: 10004
Writing d:\documents\mapping\tf2\tf2-maps\labor\a11\koth_labor_a11.bsp
49 seconds elapsed



materialPath: D:\Program Files (x86)\Steam\steamapps\common\Team Fortress 2\tf\materials
Loading D:\Documents\Mapping\tf2\TF2-Maps\Labor\A11\koth_labor_a11.vmf
ConVarRef mat_reduceparticles doesn't point to an existing ConVar
Patching WVT material: maps/koth_labor_a11/dev/dev_blendmeasure2_wvt_patch
Patching WVT material: maps/koth_labor_a11/winter/blendgraveltograss004_wvt_patch
fixing up env_cubemap materials on brush sides...
0...1...2...3...4...5...6...7...8...9...100...1...2...3...4...5...6...7...8...9...10Processing areas...done (0)
Building Faces...done (0)
Chop Details...done (0)
Find Visible Detail Sides...
Merged 434 detail faces...done (0)
Merging details...done (0)
FixTjuncs...
PruneNodes...
WriteBSP...
done (0)
writing D:\Documents\Mapping\tf2\TF2-Maps\Labor\A11\koth_labor_a11.prt...Building visibility clusters...
done (0)
*** Error: Skybox vtf files for skybox/sky_tf2_04 weren't compiled with the same size texture and/or same flags!
Can't load skybox file skybox/sky_tf2_04 to build the default cubemap!
*** Error: Skybox vtf files for skybox/sky_tf2_04 weren't compiled with the same size texture and/or same flags!
Can't load skybox file skybox/sky_tf2_04 to build the default cubemap!
Finding displacement neighbors...
Finding lightmap sample positions...
Displacement Alpha : 0...1...2...3...4...5...6...7...8...9...10
Building Physics collision data...
done (0) (320518 bytes)
Error loading studio model ""!
Placing detail props : 0...1...2...3...4...5...6...7...8...9...10
Compacting texture/material tables...
Reduced 1098 texinfos to 657
Reduced 91 texdatas to 79 (2782 bytes to 2268)
Writing D:\Documents\Mapping\tf2\TF2-Maps\Labor\A11\koth_labor_a11.bsp
MSG_FILEWRITE - Filesystem was asked to write to 'D:\Documents\Mapping\tf2\TF2-Maps\Labor\A11\koth_labor_a11.bsp', but we don't own that location. Allowing.
Wrote ZIP buffer, estimated size 11272, actual size 8244
2 seconds elapsed



4 threads
reading d:\documents\mapping\tf2\tf2-maps\labor\a11\koth_labor_a11.bsp
reading d:\documents\mapping\tf2\tf2-maps\labor\a11\koth_labor_a11.prt
 748 portalclusters
2429 numportals
0...1...2...3...4...5...6...7...8...9...100...1...2...3...4...5...6...7...8...9...10Optimized: 2286 visible clusters (1.03%)
Total clusters visible: 222596
Average clusters visible: 297
Building PAS...
Average clusters audible: 711
visdatasize:134039  compressed from 143616
writing d:\documents\mapping\tf2\tf2-maps\labor\a11\koth_labor_a11.bsp
MSG_FILEWRITE - Filesystem was asked to write to 'd:\documents\mapping\tf2\tf2-maps\labor\a11\koth_labor_a11.bsp', but we don't own that location. Allowing.
1 minute, 33 seconds elapsed



[Reading texlights from 'lights.rad']
[56 texlights parsed from 'lights.rad']

Loading d:\documents\mapping\tf2\tf2-maps\labor\a11\koth_labor_a11.bsp
3731 faces
894329 square feet [128783472.00 square inches]
98 Displacements
44824 Square Feet [6454688.00 Square Inches]
3731 patches before subdivision
77445 patches after subdivision
44 direct lights
0...1...2...3...4...5...6...7...8...9...100...1...2...3...4...5...6...7...8...9...10transfers 6414157, max 656
transfer lists:  48.9 megs
0...1...2...3...4...5...6...7...8...9...10	Bounce #1 added RGB(403910, 338303, 304428)
0...1...2...3...4...5...6...7...8...9...10	Bounce #2 added RGB(79001, 63103, 56416)
0...1...2...3...4...5...6...7...8...9...10	Bounce #3 added RGB(17409, 13601, 12128)
0...1...2...3...4...5...6...7...8...9...10	Bounce #4 added RGB(4195, 3241, 2892)
0...1...2...3...4...5...6...7...8...9...10	Bounce #5 added RGB(1074, 821, 731)
0...1...2...3...4...5...6...7...8...9...10	Bounce #6 added RGB(288, 217, 192)
0...1...2...3...4...5...6...7...8...9...10	Bounce #7 added RGB(80, 59, 51)
0...1...2...3...4...5...6...7...8...9...10	Bounce #8 added RGB(23, 16, 14)
0...1...2...3...4...5...6...7...8...9...10	Bounce #9 added RGB(7, 5, 4)
0...1...2...3...4...5...6...7...8...9...10	Bounce #10 added RGB(2, 1, 1)
0...1...2...3...4...5...6...7...8...9...10	Bounce #11 added RGB(1, 0, 0)
Build Patch/Sample Hash Table(s).....Done<0.0215 sec>
0...1...2...3...4...5...6...7...8...9...10FinalLightFace Done
0 of 0 (0% of) surface lights went in leaf ambient cubes.
0...1...2...3...4...5...6...7...8...9...10Writing leaf ambient...done
Ready to Finish

Object names       Objects/Maxobjs  Memory / Maxmem  Fullness 
------------       ---------------  ---------------  -------- 
models                  95/1024         4560/49152    ( 9.3%) 
brushes                820/8192         9840/98304    (10.0%) 
brushsides            6544/65536       52352/524288   (10.0%) 
planes                4130/65536       82600/1310720  ( 6.3%) 
vertexes              5595/65536       67140/786432   ( 8.5%) 
nodes                 2097/65536       67104/2097152  ( 3.2%) 
texinfos               657/12288       47304/884736   ( 5.3%) 
texdata                 79/2048         2528/65536    ( 3.9%) 
dispinfos               98/0           17248/0        ( 0.0%) 
disp_verts            7938/0          158760/0        ( 0.0%) 
disp_tris            12544/0           25088/0        ( 0.0%) 
disp_lmsamples      127008/0          127008/0        ( 0.0%) 
faces                 3731/65536      208936/3670016  ( 5.7%) 
hdr faces                0/65536           0/3670016  ( 0.0%) 
origfaces             2581/65536      144536/3670016  ( 3.9%) 
leaves                2193/65536       70176/2097152  ( 3.3%) 
leaffaces             4206/65536        8412/131072   ( 6.4%) 
leafbrushes           1609/65536        3218/131072   ( 2.5%) 
areas                    2/256            16/2048     ( 0.8%) 
surfedges            27714/512000     110856/2048000  ( 5.4%) 
edges                15756/256000      63024/1024000  ( 6.2%) 
LDR worldlights         44/8192         3872/720896   ( 0.5%) 
HDR worldlights          0/8192            0/720896   ( 0.0%) 
leafwaterdata            0/32768           0/393216   ( 0.0%) 
waterstrips            318/32768        3180/327680   ( 1.0%) 
waterverts               0/65536           0/786432   ( 0.0%) 
waterindices          5121/65536       10242/131072   ( 7.8%) 
cubemapsamples          40/1024          640/16384    ( 3.9%) 
overlays                29/512         10208/180224   ( 5.7%) 
LDR lightdata         [variable]     2809112/0        ( 0.0%) 
HDR lightdata         [variable]           0/0        ( 0.0%) 
visdata               [variable]      134039/16777216 ( 0.8%) 
entdata               [variable]       68437/393216   (17.4%) 
LDR ambient table     2193/65536        8772/262144   ( 3.3%) 
HDR ambient table     2193/65536        8772/262144   ( 3.3%) 
LDR leaf ambient     15084/65536      422352/1835008  (23.0%) 
HDR leaf ambient      2193/65536       61404/1835008  ( 3.3%) 
occluders                0/0               0/0        ( 0.0%) 
occluder polygons        0/0               0/0        ( 0.0%) 
occluder vert ind        0/0               0/0        ( 0.0%) 
detail props          [variable]           1/12       ( 8.3%) 
static props          [variable]           1/19904    ( 0.0%) 
pakfile               [variable]        8244/0        ( 0.0%) 
physics               [variable]      320518/4194304  ( 7.6%) 
physics terrain       [variable]       27666/1048576  ( 2.6%) 

Level flags = 0

Total triangle count: 10004
Writing d:\documents\mapping\tf2\tf2-maps\labor\a11\koth_labor_a11.bsp
36 seconds elapsed



materialPath: D:\Program Files (x86)\Steam\steamapps\common\Team Fortress 2\tf\materials
Loading D:\Documents\Mapping\tf2\TF2-Maps\Labor\A11\koth_labor_a11.vmf
ConVarRef mat_reduceparticles doesn't point to an existing ConVar
Patching WVT material: maps/koth_labor_a11/dev/dev_blendmeasure2_wvt_patch
Patching WVT material: maps/koth_labor_a11/winter/blendgraveltograss004_wvt_patch
fixing up env_cubemap materials on brush sides...
0...1...2...3...4...5...6...7...8...9...100...1...2...3...4...5...6...7...8...9...10Processing areas...done (0)
Building Faces...done (0)
Chop Details...done (0)
Find Visible Detail Sides...
Merged 434 detail faces...done (0)
Merging details...done (0)
FixTjuncs...
PruneNodes...
WriteBSP...
done (0)
writing D:\Documents\Mapping\tf2\TF2-Maps\Labor\A11\koth_labor_a11.prt...Building visibility clusters...
done (0)
*** Error: Skybox vtf files for skybox/sky_alpinestorm_01 weren't compiled with the same size texture and/or same flags!
Can't load skybox file skybox/sky_alpinestorm_01 to build the default cubemap!
*** Error: Skybox vtf files for skybox/sky_alpinestorm_01 weren't compiled with the same size texture and/or same flags!
Can't load skybox file skybox/sky_alpinestorm_01 to build the default cubemap!
Finding displacement neighbors...
Finding lightmap sample positions...
Displacement Alpha : 0...1...2...3...4...5...6...7...8...9...10
Building Physics collision data...
done (0) (325420 bytes)
Error loading studio model ""!
Placing detail props : 0...1...2...3...4...5...6...7...8...9...10
Compacting texture/material tables...
Reduced 934 texinfos to 599
Reduced 91 texdatas to 79 (2786 bytes to 2272)
Writing D:\Documents\Mapping\tf2\TF2-Maps\Labor\A11\koth_labor_a11.bsp
MSG_FILEWRITE - Filesystem was asked to write to 'D:\Documents\Mapping\tf2\TF2-Maps\Labor\A11\koth_labor_a11.bsp', but we don't own that location. Allowing.
Wrote ZIP buffer, estimated size 11272, actual size 8244
2 seconds elapsed



4 threads
reading d:\documents\mapping\tf2\tf2-maps\labor\a11\koth_labor_a11.bsp
reading d:\documents\mapping\tf2\tf2-maps\labor\a11\koth_labor_a11.prt
 754 portalclusters
2459 numportals
0...1...2...3...4...5...6...7...8...9...100...1...2...3...4...5...6...7...8...9...10Optimized: 2147 visible clusters (0.94%)
Total clusters visible: 228089
Average clusters visible: 302
Building PAS...
Average clusters audible: 719
visdatasize:136563  compressed from 144768
writing d:\documents\mapping\tf2\tf2-maps\labor\a11\koth_labor_a11.bsp
MSG_FILEWRITE - Filesystem was asked to write to 'd:\documents\mapping\tf2\tf2-maps\labor\a11\koth_labor_a11.bsp', but we don't own that location. Allowing.
1 minute, 32 seconds elapsed



[Reading texlights from 'lights.rad']
[56 texlights parsed from 'lights.rad']

Loading d:\documents\mapping\tf2\tf2-maps\labor\a11\koth_labor_a11.bsp
3761 faces
895168 square feet [128904304.00 square inches]
98 Displacements
44824 Square Feet [6454688.00 Square Inches]
3761 patches before subdivision
77365 patches after subdivision
44 direct lights
0...1...2...3...4...5...6...7...8...9...100...1...2...3...4...5...6...7...8...9...10transfers 6462348, max 658
transfer lists:  49.3 megs
0...1...2...3...4...5...6...7...8...9...10	Bounce #1 added RGB(268805, 278183, 269096)
0...1...2...3...4...5...6...7...8...9...10	Bounce #2 added RGB(56676, 54626, 52189)
0...1...2...3...4...5...6...7...8...9...10	Bounce #3 added RGB(13357, 12151, 11413)
0...1...2...3...4...5...6...7...8...9...10	Bounce #4 added RGB(3385, 2965, 2758)
0...1...2...3...4...5...6...7...8...9...10	Bounce #5 added RGB(899, 763, 703)
0...1...2...3...4...5...6...7...8...9...10	Bounce #6 added RGB(247, 203, 185)
0...1...2...3...4...5...6...7...8...9...10	Bounce #7 added RGB(69, 55, 50)
0...1...2...3...4...5...6...7...8...9...10	Bounce #8 added RGB(20, 15, 13)
0...1...2...3...4...5...6...7...8...9...10	Bounce #9 added RGB(6, 4, 4)
0...1...2...3...4...5...6...7...8...9...10	Bounce #10 added RGB(2, 1, 1)
0...1...2...3...4...5...6...7...8...9...10	Bounce #11 added RGB(1, 0, 0)
Build Patch/Sample Hash Table(s).....Done<0.0224 sec>
0...1...2...3...4...5...6...7...8...9...10FinalLightFace Done
0 of 0 (0% of) surface lights went in leaf ambient cubes.
0...1...2...3...4...5...6...7...8...9...10Writing leaf ambient...done
Ready to Finish

Object names       Objects/Maxobjs  Memory / Maxmem  Fullness 
------------       ---------------  ---------------  -------- 
models                  97/1024         4656/49152    ( 9.5%) 
brushes                832/8192         9984/98304    (10.2%) 
brushsides            6616/65536       52928/524288   (10.1%) 
planes                4144/65536       82880/1310720  ( 6.3%) 
vertexes              5633/65536       67596/786432   ( 8.6%) 
nodes                 2109/65536       67488/2097152  ( 3.2%) 
texinfos               599/12288       43128/884736   ( 4.9%) 
texdata                 79/2048         2528/65536    ( 3.9%) 
dispinfos               98/0           17248/0        ( 0.0%) 
disp_verts            7938/0          158760/0        ( 0.0%) 
disp_tris            12544/0           25088/0        ( 0.0%) 
disp_lmsamples      127008/0          127008/0        ( 0.0%) 
faces                 3761/65536      210616/3670016  ( 5.7%) 
hdr faces                0/65536           0/3670016  ( 0.0%) 
origfaces             2609/65536      146104/3670016  ( 4.0%) 
leaves                2207/65536       70624/2097152  ( 3.4%) 
leaffaces             4237/65536        8474/131072   ( 6.5%) 
leafbrushes           1617/65536        3234/131072   ( 2.5%) 
areas                    2/256            16/2048     ( 0.8%) 
surfedges            28001/512000     112004/2048000  ( 5.5%) 
edges                15974/256000      63896/1024000  ( 6.2%) 
LDR worldlights         44/8192         3872/720896   ( 0.5%) 
HDR worldlights          0/8192            0/720896   ( 0.0%) 
leafwaterdata            0/32768           0/393216   ( 0.0%) 
waterstrips            315/32768        3150/327680   ( 1.0%) 
waterverts               0/65536           0/786432   ( 0.0%) 
waterindices          5139/65536       10278/131072   ( 7.8%) 
cubemapsamples          40/1024          640/16384    ( 3.9%) 
overlays                31/512         10912/180224   ( 6.1%) 
LDR lightdata         [variable]     2796980/0        ( 0.0%) 
HDR lightdata         [variable]           0/0        ( 0.0%) 
visdata               [variable]      136563/16777216 ( 0.8%) 
entdata               [variable]       68886/393216   (17.5%) 
LDR ambient table     2207/65536        8828/262144   ( 3.4%) 
HDR ambient table     2207/65536        8828/262144   ( 3.4%) 
LDR leaf ambient     14561/65536      407708/1835008  (22.2%) 
HDR leaf ambient      2207/65536       61796/1835008  ( 3.4%) 
occluders                0/0               0/0        ( 0.0%) 
occluder polygons        0/0               0/0        ( 0.0%) 
occluder vert ind        0/0               0/0        ( 0.0%) 
detail props          [variable]           1/12       ( 8.3%) 
static props          [variable]           1/20070    ( 0.0%) 
pakfile               [variable]        8244/0        ( 0.0%) 
physics               [variable]      325420/4194304  ( 7.8%) 
physics terrain       [variable]       27666/1048576  ( 2.6%) 

Level flags = 0

Total triangle count: 10120
Writing d:\documents\mapping\tf2\tf2-maps\labor\a11\koth_labor_a11.bsp
36 seconds elapsed



materialPath: D:\Program Files (x86)\Steam\steamapps\common\Team Fortress 2\tf\materials
Loading D:\Documents\Mapping\tf2\TF2-Maps\Labor\A11\koth_labor_a11.vmf
ConVarRef mat_reduceparticles doesn't point to an existing ConVar
Patching WVT material: maps/koth_labor_a11/dev/dev_blendmeasure2_wvt_patch
Patching WVT material: maps/koth_labor_a11/winter/blendgraveltograss004_wvt_patch
fixing up env_cubemap materials on brush sides...
0...1...2...3...4...5...6...7...8...9...100...1...2...3...4...5...6...7...8...9...10Processing areas...done (0)
Building Faces...done (0)
Chop Details...done (0)
Find Visible Detail Sides...
Merged 434 detail faces...done (1)
Merging details...done (0)
FixTjuncs...
PruneNodes...
WriteBSP...
done (0)
writing D:\Documents\Mapping\tf2\TF2-Maps\Labor\A11\koth_labor_a11.prt...Building visibility clusters...
done (0)
*** Error: Skybox vtf files for skybox/sky_alpinestorm_01 weren't compiled with the same size texture and/or same flags!
Can't load skybox file skybox/sky_alpinestorm_01 to build the default cubemap!
*** Error: Skybox vtf files for skybox/sky_alpinestorm_01 weren't compiled with the same size texture and/or same flags!
Can't load skybox file skybox/sky_alpinestorm_01 to build the default cubemap!
Finding displacement neighbors...
Finding lightmap sample positions...
Displacement Alpha : 0...1...2...3...4...5...6...7...8...9...10
Building Physics collision data...
done (0) (325420 bytes)
Error loading studio model ""!
Placing detail props : 0...1...2...3...4...5...6...7...8...9...10
Compacting texture/material tables...
Reduced 935 texinfos to 600
Reduced 92 texdatas to 80 (2811 bytes to 2297)
Writing D:\Documents\Mapping\tf2\TF2-Maps\Labor\A11\koth_labor_a11.bsp
MSG_FILEWRITE - Filesystem was asked to write to 'D:\Documents\Mapping\tf2\TF2-Maps\Labor\A11\koth_labor_a11.bsp', but we don't own that location. Allowing.
Wrote ZIP buffer, estimated size 11272, actual size 8244
2 seconds elapsed



4 threads
reading d:\documents\mapping\tf2\tf2-maps\labor\a11\koth_labor_a11.bsp
reading d:\documents\mapping\tf2\tf2-maps\labor\a11\koth_labor_a11.prt
 754 portalclusters
2459 numportals
0...1...2...3...4...5...6...7...8...9...100...1...2...3...4...5...6...7...8...9...10Optimized: 2147 visible clusters (0.94%)
Total clusters visible: 228089
Average clusters visible: 302
Building PAS...
Average clusters audible: 719
visdatasize:136563  compressed from 144768
writing d:\documents\mapping\tf2\tf2-maps\labor\a11\koth_labor_a11.bsp
MSG_FILEWRITE - Filesystem was asked to write to 'd:\documents\mapping\tf2\tf2-maps\labor\a11\koth_labor_a11.bsp', but we don't own that location. Allowing.
1 minute, 15 seconds elapsed



[Reading texlights from 'lights.rad']
[56 texlights parsed from 'lights.rad']

Loading d:\documents\mapping\tf2\tf2-maps\labor\a11\koth_labor_a11.bsp
3761 faces
895168 square feet [128904304.00 square inches]
98 Displacements
44824 Square Feet [6454688.00 Square Inches]
3761 patches before subdivision
77365 patches after subdivision
44 direct lights
0...1...2...3...4...5...6...7...8...9...100...1...2...3...4...5...6...7...8...9...10transfers 6462348, max 658
transfer lists:  49.3 megs
0...1...2...3...4...5...6...7...8...9...10	Bounce #1 added RGB(268804, 278183, 269095)
0...1...2...3...4...5...6...7...8...9...10	Bounce #2 added RGB(56676, 54626, 52189)
0...1...2...3...4...5...6...7...8...9...10	Bounce #3 added RGB(13357, 12151, 11413)
0...1...2...3...4...5...6...7...8...9...10	Bounce #4 added RGB(3385, 2965, 2758)
0...1...2...3...4...5...6...7...8...9...10	Bounce #5 added RGB(899, 763, 703)
0...1...2...3...4...5...6...7...8...9...10	Bounce #6 added RGB(247, 203, 185)
0...1...2...3...4...5...6...7...8...9...10	Bounce #7 added RGB(69, 55, 50)
0...1...2...3...4...5...6...7...8...9...10	Bounce #8 added RGB(20, 15, 13)
0...1...2...3...4...5...6...7...8...9...10	Bounce #9 added RGB(6, 4, 4)
0...1...2...3...4...5...6...7...8...9...10	Bounce #10 added RGB(2, 1, 1)
0...1...2...3...4...5...6...7...8...9...10	Bounce #11 added RGB(1, 0, 0)
Build Patch/Sample Hash Table(s).....Done<0.0187 sec>
0...1...2...3...4...5...6...7...8...9...10FinalLightFace Done
0 of 0 (0% of) surface lights went in leaf ambient cubes.
0...1...2...3...4...5...6...7...8...9...10Writing leaf ambient...done
Ready to Finish

Object names       Objects/Maxobjs  Memory / Maxmem  Fullness 
------------       ---------------  ---------------  -------- 
models                  97/1024         4656/49152    ( 9.5%) 
brushes                832/8192         9984/98304    (10.2%) 
brushsides            6616/65536       52928/524288   (10.1%) 
planes                4144/65536       82880/1310720  ( 6.3%) 
vertexes              5633/65536       67596/786432   ( 8.6%) 
nodes                 2109/65536       67488/2097152  ( 3.2%) 
texinfos               600/12288       43200/884736   ( 4.9%) 
texdata                 80/2048         2560/65536    ( 3.9%) 
dispinfos               98/0           17248/0        ( 0.0%) 
disp_verts            7938/0          158760/0        ( 0.0%) 
disp_tris            12544/0           25088/0        ( 0.0%) 
disp_lmsamples      127008/0          127008/0        ( 0.0%) 
faces                 3761/65536      210616/3670016  ( 5.7%) 
hdr faces                0/65536           0/3670016  ( 0.0%) 
origfaces             2609/65536      146104/3670016  ( 4.0%) 
leaves                2207/65536       70624/2097152  ( 3.4%) 
leaffaces             4237/65536        8474/131072   ( 6.5%) 
leafbrushes           1617/65536        3234/131072   ( 2.5%) 
areas                    2/256            16/2048     ( 0.8%) 
surfedges            28001/512000     112004/2048000  ( 5.5%) 
edges                15974/256000      63896/1024000  ( 6.2%) 
LDR worldlights         44/8192         3872/720896   ( 0.5%) 
HDR worldlights          0/8192            0/720896   ( 0.0%) 
leafwaterdata            0/32768           0/393216   ( 0.0%) 
waterstrips            315/32768        3150/327680   ( 1.0%) 
waterverts               0/65536           0/786432   ( 0.0%) 
waterindices          5139/65536       10278/131072   ( 7.8%) 
cubemapsamples          40/1024          640/16384    ( 3.9%) 
overlays                32/512         11264/180224   ( 6.3%) 
LDR lightdata         [variable]     2796980/0        ( 0.0%) 
HDR lightdata         [variable]           0/0        ( 0.0%) 
visdata               [variable]      136563/16777216 ( 0.8%) 
entdata               [variable]       68886/393216   (17.5%) 
LDR ambient table     2207/65536        8828/262144   ( 3.4%) 
HDR ambient table     2207/65536        8828/262144   ( 3.4%) 
LDR leaf ambient     14561/65536      407708/1835008  (22.2%) 
HDR leaf ambient      2207/65536       61796/1835008  ( 3.4%) 
occluders                0/0               0/0        ( 0.0%) 
occluder polygons        0/0               0/0        ( 0.0%) 
occluder vert ind        0/0               0/0        ( 0.0%) 
detail props          [variable]           1/12       ( 8.3%) 
static props          [variable]           1/20070    ( 0.0%) 
pakfile               [variable]        8244/0        ( 0.0%) 
physics               [variable]      325420/4194304  ( 7.8%) 
physics terrain       [variable]       27666/1048576  ( 2.6%) 

Level flags = 0

Total triangle count: 10120
Writing d:\documents\mapping\tf2\tf2-maps\labor\a11\koth_labor_a11.bsp
28 seconds elapsed



materialPath: D:\Program Files (x86)\Steam\steamapps\common\Team Fortress 2\tf\materials
Loading D:\Documents\Mapping\tf2\TF2-Maps\Labor\A11\koth_labor_a11.vmf
ConVarRef mat_reduceparticles doesn't point to an existing ConVar
Patching WVT material: maps/koth_labor_a11/dev/dev_blendmeasure2_wvt_patch
Patching WVT material: maps/koth_labor_a11/winter/blendgraveltograss004_wvt_patch
fixing up env_cubemap materials on brush sides...
0...1...2...3...4...5...6...7...8...9...100...1...2...3...4...5...6...7...8...9...10Processing areas...done (0)
Building Faces...done (0)
Chop Details...done (0)
Find Visible Detail Sides...
Merged 444 detail faces...done (0)
Merging details...done (0)
FixTjuncs...
PruneNodes...
WriteBSP...
done (0)
writing D:\Documents\Mapping\tf2\TF2-Maps\Labor\A11\koth_labor_a11.prt...Building visibility clusters...
done (0)
*** Error: Skybox vtf files for skybox/sky_alpinestorm_01 weren't compiled with the same size texture and/or same flags!
Can't load skybox file skybox/sky_alpinestorm_01 to build the default cubemap!
*** Error: Skybox vtf files for skybox/sky_alpinestorm_01 weren't compiled with the same size texture and/or same flags!
Can't load skybox file skybox/sky_alpinestorm_01 to build the default cubemap!
Finding displacement neighbors...
Finding lightmap sample positions...
Displacement Alpha : 0...1...2...3...4...5...6...7...8...9...10
Building Physics collision data...
done (0) (315823 bytes)
Error loading studio model ""!
Placing detail props : 0...1...2...3...4...5...6...7...8...9...10
Compacting texture/material tables...
Reduced 933 texinfos to 602
Reduced 91 texdatas to 80 (2752 bytes to 2292)
Writing D:\Documents\Mapping\tf2\TF2-Maps\Labor\A11\koth_labor_a11.bsp
MSG_FILEWRITE - Filesystem was asked to write to 'D:\Documents\Mapping\tf2\TF2-Maps\Labor\A11\koth_labor_a11.bsp', but we don't own that location. Allowing.
Wrote ZIP buffer, estimated size 10793, actual size 7899
6 seconds elapsed



4 threads
reading d:\documents\mapping\tf2\tf2-maps\labor\a11\koth_labor_a11.bsp
reading d:\documents\mapping\tf2\tf2-maps\labor\a11\koth_labor_a11.prt
 670 portalclusters
2072 numportals
0...1...2...3...4...5...6...7...8...9...100...1...2...3...4...5...6...7...8...9...10Optimized: 2276 visible clusters (1.25%)
Total clusters visible: 181781
Average clusters visible: 271
Building PAS...
Average clusters audible: 642
visdatasize:109814  compressed from 117920
writing d:\documents\mapping\tf2\tf2-maps\labor\a11\koth_labor_a11.bsp
MSG_FILEWRITE - Filesystem was asked to write to 'd:\documents\mapping\tf2\tf2-maps\labor\a11\koth_labor_a11.bsp', but we don't own that location. Allowing.
22 seconds elapsed



[Reading texlights from 'lights.rad']
[56 texlights parsed from 'lights.rad']

Loading d:\documents\mapping\tf2\tf2-maps\labor\a11\koth_labor_a11.bsp
3688 faces
898169 square feet [129336464.00 square inches]
98 Displacements
44822 Square Feet [6454467.00 Square Inches]
3688 patches before subdivision
77558 patches after subdivision
44 direct lights
0...1...2...3...4...5...6...7...8...9...100...1...2...3...4...5...6...7...8...9...10transfers 6049606, max 618
transfer lists:  46.2 megs
0...1...2...3...4...5...6...7...8...9...10	Bounce #1 added RGB(257735, 270875, 265984)
0...1...2...3...4...5...6...7...8...9...10	Bounce #2 added RGB(54076, 52444, 50615)
0...1...2...3...4...5...6...7...8...9...10	Bounce #3 added RGB(12783, 11572, 10895)
0...1...2...3...4...5...6...7...8...9...10	Bounce #4 added RGB(3254, 2795, 2587)
0...1...2...3...4...5...6...7...8...9...10	Bounce #5 added RGB(873, 714, 649)
0...1...2...3...4...5...6...7...8...9...10	Bounce #6 added RGB(243, 189, 168)
0...1...2...3...4...5...6...7...8...9...10	Bounce #7 added RGB(69, 51, 45)
0...1...2...3...4...5...6...7...8...9...10	Bounce #8 added RGB(20, 14, 12)
0...1...2...3...4...5...6...7...8...9...10	Bounce #9 added RGB(6, 4, 3)
0...1...2...3...4...5...6...7...8...9...10	Bounce #10 added RGB(2, 1, 1)
0...1...2...3...4...5...6...7...8...9...10	Bounce #11 added RGB(1, 0, 0)
Build Patch/Sample Hash Table(s).....Done<0.0178 sec>
0...1...2...3...4...5...6...7...8...9...10FinalLightFace Done
0 of 0 (0% of) surface lights went in leaf ambient cubes.
0...1...2...3...4...5...6...7...8...9...10Writing leaf ambient...done
Ready to Finish

Object names       Objects/Maxobjs  Memory / Maxmem  Fullness 
------------       ---------------  ---------------  -------- 
models                 100/1024         4800/49152    ( 9.8%) 
brushes                802/8192         9624/98304    ( 9.8%) 
brushsides            6296/65536       50368/524288   ( 9.6%) 
planes                3918/65536       78360/1310720  ( 6.0%) 
vertexes              5484/65536       65808/786432   ( 8.4%) 
nodes                 1988/65536       63616/2097152  ( 3.0%) 
texinfos               602/12288       43344/884736   ( 4.9%) 
texdata                 80/2048         2560/65536    ( 3.9%) 
dispinfos               98/0           17248/0        ( 0.0%) 
disp_verts            7938/0          158760/0        ( 0.0%) 
disp_tris            12544/0           25088/0        ( 0.0%) 
disp_lmsamples      127008/0          127008/0        ( 0.0%) 
faces                 3688/65536      206528/3670016  ( 5.6%) 
hdr faces                0/65536           0/3670016  ( 0.0%) 
origfaces             2621/65536      146776/3670016  ( 4.0%) 
leaves                2089/65536       66848/2097152  ( 3.2%) 
leaffaces             4124/65536        8248/131072   ( 6.3%) 
leafbrushes           1558/65536        3116/131072   ( 2.4%) 
areas                    2/256            16/2048     ( 0.8%) 
surfedges            27780/512000     111120/2048000  ( 5.4%) 
edges                15881/256000      63524/1024000  ( 6.2%) 
LDR worldlights         44/8192         3872/720896   ( 0.5%) 
HDR worldlights          0/8192            0/720896   ( 0.0%) 
leafwaterdata            0/32768           0/393216   ( 0.0%) 
waterstrips            331/32768        3310/327680   ( 1.0%) 
waterverts               0/65536           0/786432   ( 0.0%) 
waterindices          5535/65536       11070/131072   ( 8.4%) 
cubemapsamples          38/1024          608/16384    ( 3.7%) 
overlays                34/512         11968/180224   ( 6.6%) 
LDR lightdata         [variable]     2760944/0        ( 0.0%) 
HDR lightdata         [variable]           0/0        ( 0.0%) 
visdata               [variable]      109814/16777216 ( 0.7%) 
entdata               [variable]       72230/393216   (18.4%) 
LDR ambient table     2089/65536        8356/262144   ( 3.2%) 
HDR ambient table     2089/65536        8356/262144   ( 3.2%) 
LDR leaf ambient     13366/65536      374248/1835008  (20.4%) 
HDR leaf ambient      2089/65536       58492/1835008  ( 3.2%) 
occluders                0/0               0/0        ( 0.0%) 
occluder polygons        0/0               0/0        ( 0.0%) 
occluder vert ind        0/0               0/0        ( 0.0%) 
detail props          [variable]           1/12       ( 8.3%) 
static props          [variable]           1/20362    ( 0.0%) 
pakfile               [variable]        7899/0        ( 0.0%) 
physics               [variable]      315823/4194304  ( 7.5%) 
physics terrain       [variable]       27372/1048576  ( 2.6%) 

Level flags = 0

Total triangle count: 10003
Writing d:\documents\mapping\tf2\tf2-maps\labor\a11\koth_labor_a11.bsp
27 seconds elapsed



materialPath: D:\Program Files (x86)\Steam\steamapps\common\Team Fortress 2\tf\materials
Loading D:\Documents\Mapping\tf2\TF2-Maps\Labor\A11\koth_labor_a11.vmf
ConVarRef mat_reduceparticles doesn't point to an existing ConVar
Patching WVT material: maps/koth_labor_a11/dev/dev_blendmeasure2_wvt_patch
Patching WVT material: maps/koth_labor_a11/winter/blendgraveltograss004_wvt_patch
fixing up env_cubemap materials on brush sides...
0...1...2...3...4...5...6...7...8...9...100...1...2...3...4...5...6...7...8...9...10Processing areas...done (0)
Building Faces...done (0)
Chop Details...done (0)
Find Visible Detail Sides...
Merged 402 detail faces...done (0)
Merging details...done (0)
FixTjuncs...
PruneNodes...
WriteBSP...
done (0)
writing D:\Documents\Mapping\tf2\TF2-Maps\Labor\A11\koth_labor_a11.prt...Building visibility clusters...
done (0)
*** Error: Skybox vtf files for skybox/sky_alpinestorm_01 weren't compiled with the same size texture and/or same flags!
Can't load skybox file skybox/sky_alpinestorm_01 to build the default cubemap!
*** Error: Skybox vtf files for skybox/sky_alpinestorm_01 weren't compiled with the same size texture and/or same flags!
Can't load skybox file skybox/sky_alpinestorm_01 to build the default cubemap!
Finding displacement neighbors...
Finding lightmap sample positions...
Displacement Alpha : 0...1...2...3...4...5...6...7...8...9...10
Building Physics collision data...
done (0) (319367 bytes)
Error loading studio model ""!
Placing detail props : 0...1...2...3...4...5...6...7...8...9...10
Compacting texture/material tables...
Reduced 947 texinfos to 613
Reduced 92 texdatas to 81 (2766 bytes to 2306)
Writing D:\Documents\Mapping\tf2\TF2-Maps\Labor\A11\koth_labor_a11.bsp
MSG_FILEWRITE - Filesystem was asked to write to 'D:\Documents\Mapping\tf2\TF2-Maps\Labor\A11\koth_labor_a11.bsp', but we don't own that location. Allowing.
Wrote ZIP buffer, estimated size 10787, actual size 7893
4 seconds elapsed



4 threads
reading d:\documents\mapping\tf2\tf2-maps\labor\a11\koth_labor_a11.bsp
reading d:\documents\mapping\tf2\tf2-maps\labor\a11\koth_labor_a11.prt
 675 portalclusters
2115 numportals
0...1...2...3...4...5...6...7...8...9...100...1...2...3...4...5...6...7...8...9...10Optimized: 2324 visible clusters (1.25%)
Total clusters visible: 186640
Average clusters visible: 276
Building PAS...
Average clusters audible: 647
visdatasize:112076  compressed from 118800
writing d:\documents\mapping\tf2\tf2-maps\labor\a11\koth_labor_a11.bsp
MSG_FILEWRITE - Filesystem was asked to write to 'd:\documents\mapping\tf2\tf2-maps\labor\a11\koth_labor_a11.bsp', but we don't own that location. Allowing.
26 seconds elapsed



[Reading texlights from 'lights.rad']
[56 texlights parsed from 'lights.rad']

Loading d:\documents\mapping\tf2\tf2-maps\labor\a11\koth_labor_a11.bsp
3749 faces
899974 square feet [129596304.00 square inches]
98 Displacements
44822 Square Feet [6454467.00 Square Inches]
3749 patches before subdivision
78011 patches after subdivision
44 direct lights
0...1...2...3...4...5...6...7...8...9...100...1...2...3...4...5...6...7...8...9...10transfers 6184682, max 652
transfer lists:  47.2 megs
0...1...2...3...4...5...6...7...8...9...10	Bounce #1 added RGB(261291, 275183, 270348)
0...1...2...3...4...5...6...7...8...9...10	Bounce #2 added RGB(54751, 53214, 51382)
0...1...2...3...4...5...6...7...8...9...10	Bounce #3 added RGB(12915, 11711, 11029)
0...1...2...3...4...5...6...7...8...9...10	Bounce #4 added RGB(3280, 2821, 2611)
0...1...2...3...4...5...6...7...8...9...10	Bounce #5 added RGB(878, 719, 654)
0...1...2...3...4...5...6...7...8...9...10	Bounce #6 added RGB(244, 190, 169)
0...1...2...3...4...5...6...7...8...9...10	Bounce #7 added RGB(70, 51, 45)
0...1...2...3...4...5...6...7...8...9...10	Bounce #8 added RGB(20, 14, 12)
0...1...2...3...4...5...6...7...8...9...10	Bounce #9 added RGB(6, 4, 3)
0...1...2...3...4...5...6...7...8...9...10	Bounce #10 added RGB(2, 1, 1)
0...1...2...3...4...5...6...7...8...9...10	Bounce #11 added RGB(1, 0, 0)
Build Patch/Sample Hash Table(s).....Done<0.0181 sec>
0...1...2...3...4...5...6...7...8...9...10FinalLightFace Done
0 of 0 (0% of) surface lights went in leaf ambient cubes.
0...1...2...3...4...5...6...7...8...9...10Writing leaf ambient...done
Ready to Finish

Object names       Objects/Maxobjs  Memory / Maxmem  Fullness 
------------       ---------------  ---------------  -------- 
models                 100/1024         4800/49152    ( 9.8%) 
brushes                811/8192         9732/98304    ( 9.9%) 
brushsides            6322/65536       50576/524288   ( 9.6%) 
planes                3844/65536       76880/1310720  ( 5.9%) 
vertexes              5561/65536       66732/786432   ( 8.5%) 
nodes                 1994/65536       63808/2097152  ( 3.0%) 
texinfos               613/12288       44136/884736   ( 5.0%) 
texdata                 81/2048         2592/65536    ( 4.0%) 
dispinfos               98/0           17248/0        ( 0.0%) 
disp_verts            7938/0          158760/0        ( 0.0%) 
disp_tris            12544/0           25088/0        ( 0.0%) 
disp_lmsamples      127008/0          127008/0        ( 0.0%) 
faces                 3749/65536      209944/3670016  ( 5.7%) 
hdr faces                0/65536           0/3670016  ( 0.0%) 
origfaces             2664/65536      149184/3670016  ( 4.1%) 
leaves                2095/65536       67040/2097152  ( 3.2%) 
leaffaces             4198/65536        8396/131072   ( 6.4%) 
leafbrushes           1572/65536        3144/131072   ( 2.4%) 
areas                    2/256            16/2048     ( 0.8%) 
surfedges            28204/512000     112816/2048000  ( 5.5%) 
edges                16105/256000      64420/1024000  ( 6.3%) 
LDR worldlights         44/8192         3872/720896   ( 0.5%) 
HDR worldlights          0/8192            0/720896   ( 0.0%) 
leafwaterdata            0/32768           0/393216   ( 0.0%) 
waterstrips            330/32768        3300/327680   ( 1.0%) 
waterverts               0/65536           0/786432   ( 0.0%) 
waterindices          5541/65536       11082/131072   ( 8.5%) 
cubemapsamples          38/1024          608/16384    ( 3.7%) 
overlays                34/512         11968/180224   ( 6.6%) 
LDR lightdata         [variable]     2772600/0        ( 0.0%) 
HDR lightdata         [variable]           0/0        ( 0.0%) 
visdata               [variable]      112076/16777216 ( 0.7%) 
entdata               [variable]       72666/393216   (18.5%) 
LDR ambient table     2095/65536        8380/262144   ( 3.2%) 
HDR ambient table     2095/65536        8380/262144   ( 3.2%) 
LDR leaf ambient     13494/65536      377832/1835008  (20.6%) 
HDR leaf ambient      2095/65536       58660/1835008  ( 3.2%) 
occluders                0/0               0/0        ( 0.0%) 
occluder polygons        0/0               0/0        ( 0.0%) 
occluder vert ind        0/0               0/0        ( 0.0%) 
detail props          [variable]           1/12       ( 8.3%) 
static props          [variable]           1/19810    ( 0.0%) 
pakfile               [variable]        7893/0        ( 0.0%) 
physics               [variable]      319367/4194304  ( 7.6%) 
physics terrain       [variable]       27372/1048576  ( 2.6%) 

Level flags = 0

Total triangle count: 10135
Writing d:\documents\mapping\tf2\tf2-maps\labor\a11\koth_labor_a11.bsp
27 seconds elapsed



materialPath: D:\Program Files (x86)\Steam\steamapps\common\Team Fortress 2\tf\materials
Loading D:\Documents\Mapping\tf2\TF2-Maps\Labor\A11\koth_labor_a11.vmf
ConVarRef mat_reduceparticles doesn't point to an existing ConVar
Patching WVT material: maps/koth_labor_a11/dev/dev_blendmeasure2_wvt_patch
Patching WVT material: maps/koth_labor_a11/winter/blendgraveltograss004_wvt_patch
fixing up env_cubemap materials on brush sides...
0...1...2...3...4...5...6...7...8...9...100...1...2...3...4...5...6...7...8...9...10Processing areas...done (0)
Building Faces...done (0)
Chop Details...done (0)
Find Visible Detail Sides...
Merged 368 detail faces...done (0)
Merging details...done (0)
FixTjuncs...
PruneNodes...
WriteBSP...
done (0)
writing D:\Documents\Mapping\tf2\TF2-Maps\Labor\A11\koth_labor_a11.prt...Building visibility clusters...
done (0)
*** Error: Skybox vtf files for skybox/sky_alpinestorm_01 weren't compiled with the same size texture and/or same flags!
Can't load skybox file skybox/sky_alpinestorm_01 to build the default cubemap!
*** Error: Skybox vtf files for skybox/sky_alpinestorm_01 weren't compiled with the same size texture and/or same flags!
Can't load skybox file skybox/sky_alpinestorm_01 to build the default cubemap!
Finding displacement neighbors...
Finding lightmap sample positions...
Displacement Alpha : 0...1...2...3...4...5...6...7...8...9...10
Building Physics collision data...
done (0) (317679 bytes)
Error loading studio model ""!
Placing detail props : 0...1...2...3...4...5...6...7...8...9...10
Compacting texture/material tables...
Reduced 937 texinfos to 604
Reduced 93 texdatas to 79 (2868 bytes to 2234)
Writing D:\Documents\Mapping\tf2\TF2-Maps\Labor\A11\koth_labor_a11.bsp
MSG_FILEWRITE - Filesystem was asked to write to 'D:\Documents\Mapping\tf2\TF2-Maps\Labor\A11\koth_labor_a11.bsp', but we don't own that location. Allowing.
Wrote ZIP buffer, estimated size 11775, actual size 8613
4 seconds elapsed



4 threads
reading d:\documents\mapping\tf2\tf2-maps\labor\a11\koth_labor_a11.bsp
reading d:\documents\mapping\tf2\tf2-maps\labor\a11\koth_labor_a11.prt
 627 portalclusters
1880 numportals
0...1...2...3...4...5...6...7...8...9...100...1...2...3...4...5...6...7...8...9...10Optimized: 2086 visible clusters (1.34%)
Total clusters visible: 155591
Average clusters visible: 248
Building PAS...
Average clusters audible: 598
visdatasize:96280  compressed from 100320
writing d:\documents\mapping\tf2\tf2-maps\labor\a11\koth_labor_a11.bsp
MSG_FILEWRITE - Filesystem was asked to write to 'd:\documents\mapping\tf2\tf2-maps\labor\a11\koth_labor_a11.bsp', but we don't own that location. Allowing.
18 seconds elapsed



[Reading texlights from 'lights.rad']
[56 texlights parsed from 'lights.rad']

Loading d:\documents\mapping\tf2\tf2-maps\labor\a11\koth_labor_a11.bsp
3672 faces
899406 square feet [129514464.00 square inches]
98 Displacements
44822 Square Feet [6454467.00 Square Inches]
3672 patches before subdivision
77574 patches after subdivision
44 direct lights
0...1...2...3...4...5...6...7...8...9...100...1...2...3...4...5...6...7...8...9...10transfers 5989696, max 627
transfer lists:  45.7 megs
0...1...2...3...4...5...6...7...8...9...10	Bounce #1 added RGB(258356, 271792, 266791)
0...1...2...3...4...5...6...7...8...9...10	Bounce #2 added RGB(53950, 52325, 50483)
0...1...2...3...4...5...6...7...8...9...10	Bounce #3 added RGB(12727, 11515, 10841)
0...1...2...3...4...5...6...7...8...9...10	Bounce #4 added RGB(3237, 2778, 2572)
0...1...2...3...4...5...6...7...8...9...10	Bounce #5 added RGB(868, 710, 645)
0...1...2...3...4...5...6...7...8...9...10	Bounce #6 added RGB(242, 188, 167)
0...1...2...3...4...5...6...7...8...9...10	Bounce #7 added RGB(69, 51, 44)
0...1...2...3...4...5...6...7...8...9...10	Bounce #8 added RGB(20, 14, 12)
0...1...2...3...4...5...6...7...8...9...10	Bounce #9 added RGB(6, 4, 3)
0...1...2...3...4...5...6...7...8...9...10	Bounce #10 added RGB(2, 1, 1)
0...1...2...3...4...5...6...7...8...9...10	Bounce #11 added RGB(1, 0, 0)
Build Patch/Sample Hash Table(s).....Done<0.0197 sec>
0...1...2...3...4...5...6...7...8...9...10FinalLightFace Done
0 of 0 (0% of) surface lights went in leaf ambient cubes.
0...1...2...3...4...5...6...7...8...9...10Writing leaf ambient...done
Ready to Finish

Object names       Objects/Maxobjs  Memory / Maxmem  Fullness 
------------       ---------------  ---------------  -------- 
models                 100/1024         4800/49152    ( 9.8%) 
brushes                808/8192         9696/98304    ( 9.9%) 
brushsides            6273/65536       50184/524288   ( 9.6%) 
planes                3788/65536       75760/1310720  ( 5.8%) 
vertexes              5510/65536       66120/786432   ( 8.4%) 
nodes                 1938/65536       62016/2097152  ( 3.0%) 
texinfos               604/12288       43488/884736   ( 4.9%) 
texdata                 79/2048         2528/65536    ( 3.9%) 
dispinfos               98/0           17248/0        ( 0.0%) 
disp_verts            7938/0          158760/0        ( 0.0%) 
disp_tris            12544/0           25088/0        ( 0.0%) 
disp_lmsamples      127008/0          127008/0        ( 0.0%) 
faces                 3672/65536      205632/3670016  ( 5.6%) 
hdr faces                0/65536           0/3670016  ( 0.0%) 
origfaces             2621/65536      146776/3670016  ( 4.0%) 
leaves                2039/65536       65248/2097152  ( 3.1%) 
leaffaces             4119/65536        8238/131072   ( 6.3%) 
leafbrushes           1573/65536        3146/131072   ( 2.4%) 
areas                    2/256            16/2048     ( 0.8%) 
surfedges            27636/512000     110544/2048000  ( 5.4%) 
edges                15853/256000      63412/1024000  ( 6.2%) 
LDR worldlights         44/8192         3872/720896   ( 0.5%) 
HDR worldlights          0/8192            0/720896   ( 0.0%) 
leafwaterdata            0/32768           0/393216   ( 0.0%) 
waterstrips            305/32768        3050/327680   ( 0.9%) 
waterverts               0/65536           0/786432   ( 0.0%) 
waterindices          5073/65536       10146/131072   ( 7.7%) 
cubemapsamples          37/1024          592/16384    ( 3.6%) 
overlays                33/512         11616/180224   ( 6.4%) 
LDR lightdata         [variable]     2779348/0        ( 0.0%) 
HDR lightdata         [variable]           0/0        ( 0.0%) 
visdata               [variable]       96280/16777216 ( 0.6%) 
entdata               [variable]       72663/393216   (18.5%) 
LDR ambient table     2039/65536        8156/262144   ( 3.1%) 
HDR ambient table     2039/65536        8156/262144   ( 3.1%) 
LDR leaf ambient     13483/65536      377524/1835008  (20.6%) 
HDR leaf ambient      2039/65536       57092/1835008  ( 3.1%) 
occluders                0/0               0/0        ( 0.0%) 
occluder polygons        0/0               0/0        ( 0.0%) 
occluder vert ind        0/0               0/0        ( 0.0%) 
detail props          [variable]           1/12       ( 8.3%) 
static props          [variable]           1/20646    ( 0.0%) 
pakfile               [variable]        8613/0        ( 0.0%) 
physics               [variable]      317679/4194304  ( 7.6%) 
physics terrain       [variable]       27372/1048576  ( 2.6%) 

Level flags = 0

Total triangle count: 9890
Writing d:\documents\mapping\tf2\tf2-maps\labor\a11\koth_labor_a11.bsp
33 seconds elapsed



materialPath: D:\Program Files (x86)\Steam\steamapps\common\Team Fortress 2\tf\materials
Loading D:\Documents\Mapping\tf2\TF2-Maps\Labor\A11\koth_labor_a11.vmf
ConVarRef mat_reduceparticles doesn't point to an existing ConVar
Patching WVT material: maps/koth_labor_a11/dev/dev_blendmeasure2_wvt_patch
Patching WVT material: maps/koth_labor_a11/winter/blendgraveltograss004_wvt_patch
fixing up env_cubemap materials on brush sides...
0...1...2...3...4...5...6...7...8...9...100...1...2...3...4...5...6...7...8...9...10Processing areas...done (0)
Building Faces...done (0)
Chop Details...done (0)
Find Visible Detail Sides...
Merged 372 detail faces...done (0)
Merging details...done (0)
FixTjuncs...
PruneNodes...
WriteBSP...
done (0)
writing D:\Documents\Mapping\tf2\TF2-Maps\Labor\A11\koth_labor_a11.prt...Building visibility clusters...
done (0)
*** Error: Skybox vtf files for skybox/sky_alpinestorm_01 weren't compiled with the same size texture and/or same flags!
Can't load skybox file skybox/sky_alpinestorm_01 to build the default cubemap!
*** Error: Skybox vtf files for skybox/sky_alpinestorm_01 weren't compiled with the same size texture and/or same flags!
Can't load skybox file skybox/sky_alpinestorm_01 to build the default cubemap!
Finding displacement neighbors...
Finding lightmap sample positions...
Displacement Alpha : 0...1...2...3...4...5...6...7...8...9...10
Building Physics collision data...
done (0) (318023 bytes)
Error loading studio model ""!
Placing detail props : 0...1...2...3...4...5...6...7...8...9...10
Compacting texture/material tables...
Reduced 940 texinfos to 605
Reduced 93 texdatas to 79 (2868 bytes to 2234)
Writing D:\Documents\Mapping\tf2\TF2-Maps\Labor\A11\koth_labor_a11.bsp
MSG_FILEWRITE - Filesystem was asked to write to 'D:\Documents\Mapping\tf2\TF2-Maps\Labor\A11\koth_labor_a11.bsp', but we don't own that location. Allowing.
Wrote ZIP buffer, estimated size 11775, actual size 8613
4 seconds elapsed



4 threads
reading d:\documents\mapping\tf2\tf2-maps\labor\a11\koth_labor_a11.bsp
reading d:\documents\mapping\tf2\tf2-maps\labor\a11\koth_labor_a11.prt
 621 portalclusters
1864 numportals
0...1...2...3...4...5...6...7...8...9...100...1...2...3...4...5...6...7...8...9...10Optimized: 2071 visible clusters (1.35%)
Total clusters visible: 152900
Average clusters visible: 246
Building PAS...
Average clusters audible: 593
visdatasize:94350  compressed from 99360
writing d:\documents\mapping\tf2\tf2-maps\labor\a11\koth_labor_a11.bsp
MSG_FILEWRITE - Filesystem was asked to write to 'd:\documents\mapping\tf2\tf2-maps\labor\a11\koth_labor_a11.bsp', but we don't own that location. Allowing.
14 seconds elapsed



[Reading texlights from 'lights.rad']
[56 texlights parsed from 'lights.rad']

Loading d:\documents\mapping\tf2\tf2-maps\labor\a11\koth_labor_a11.bsp
3664 faces
893567 square feet [128673680.00 square inches]
98 Displacements
44822 Square Feet [6454467.00 Square Inches]
3664 patches before subdivision
77182 patches after subdivision
44 direct lights
0...1...2...3...4...5...6...7...8...9...100...1...2...3...4...5...6...7...8...9...10transfers 5979798, max 622
transfer lists:  45.6 megs
0...1...2...3...4...5...6...7...8...9...10	Bounce #1 added RGB(256550, 269833, 265139)
0...1...2...3...4...5...6...7...8...9...10	Bounce #2 added RGB(53793, 52149, 50343)
0...1...2...3...4...5...6...7...8...9...10	Bounce #3 added RGB(12723, 11509, 10840)
0...1...2...3...4...5...6...7...8...9...10	Bounce #4 added RGB(3242, 2781, 2575)
0...1...2...3...4...5...6...7...8...9...10	Bounce #5 added RGB(871, 711, 646)
0...1...2...3...4...5...6...7...8...9...10	Bounce #6 added RGB(242, 188, 168)
0...1...2...3...4...5...6...7...8...9...10	Bounce #7 added RGB(69, 51, 44)
0...1...2...3...4...5...6...7...8...9...10	Bounce #8 added RGB(20, 14, 12)
0...1...2...3...4...5...6...7...8...9...10	Bounce #9 added RGB(6, 4, 3)
0...1...2...3...4...5...6...7...8...9...10	Bounce #10 added RGB(2, 1, 1)
0...1...2...3...4...5...6...7...8...9...10	Bounce #11 added RGB(1, 0, 0)
Build Patch/Sample Hash Table(s).....Done<0.0218 sec>
0...1...2...3...4...5...6...7...8...9...10FinalLightFace Done
0 of 0 (0% of) surface lights went in leaf ambient cubes.
0...1...2...3...4...5...6...7...8...9...10Writing leaf ambient...done
Computing static prop lighting : 00...1...2...3...4...5...6...7...8...9...10
Ready to Finish

Object names       Objects/Maxobjs  Memory / Maxmem  Fullness 
------------       ---------------  ---------------  -------- 
models                 100/1024         4800/49152    ( 9.8%) 
brushes                809/8192         9708/98304    ( 9.9%) 
brushsides            6277/65536       50216/524288   ( 9.6%) 
planes                3784/65536       75680/1310720  ( 5.8%) 
vertexes              5495/65536       65940/786432   ( 8.4%) 
nodes                 1929/65536       61728/2097152  ( 2.9%) 
texinfos               605/12288       43560/884736   ( 4.9%) 
texdata                 79/2048         2528/65536    ( 3.9%) 
dispinfos               98/0           17248/0        ( 0.0%) 
disp_verts            7938/0          158760/0        ( 0.0%) 
disp_tris            12544/0           25088/0        ( 0.0%) 
disp_lmsamples      127008/0          127008/0        ( 0.0%) 
faces                 3664/65536      205184/3670016  ( 5.6%) 
hdr faces                0/65536           0/3670016  ( 0.0%) 
origfaces             2622/65536      146832/3670016  ( 4.0%) 
leaves                2030/65536       64960/2097152  ( 3.1%) 
leaffaces             4104/65536        8208/131072   ( 6.3%) 
leafbrushes           1567/65536        3134/131072   ( 2.4%) 
areas                    2/256            16/2048     ( 0.8%) 
surfedges            27601/512000     110404/2048000  ( 5.4%) 
edges                15848/256000      63392/1024000  ( 6.2%) 
LDR worldlights         44/8192         3872/720896   ( 0.5%) 
HDR worldlights          0/8192            0/720896   ( 0.0%) 
leafwaterdata            0/32768           0/393216   ( 0.0%) 
waterstrips            304/32768        3040/327680   ( 0.9%) 
waterverts               0/65536           0/786432   ( 0.0%) 
waterindices          5031/65536       10062/131072   ( 7.7%) 
cubemapsamples          37/1024          592/16384    ( 3.6%) 
overlays                33/512         11616/180224   ( 6.4%) 
LDR lightdata         [variable]     2777724/0        ( 0.0%) 
HDR lightdata         [variable]           0/0        ( 0.0%) 
visdata               [variable]       94350/16777216 ( 0.6%) 
entdata               [variable]       72679/393216   (18.5%) 
LDR ambient table     2030/65536        8120/262144   ( 3.1%) 
HDR ambient table     2030/65536        8120/262144   ( 3.1%) 
LDR leaf ambient     13565/65536      379820/1835008  (20.7%) 
HDR leaf ambient      2030/65536       56840/1835008  ( 3.1%) 
occluders                0/0               0/0        ( 0.0%) 
occluder polygons        0/0               0/0        ( 0.0%) 
occluder vert ind        0/0               0/0        ( 0.0%) 
detail props          [variable]           1/12       ( 8.3%) 
static props          [variable]           1/20922    ( 0.0%) 
pakfile               [variable]     1652873/0        ( 0.0%) 
physics               [variable]      318023/4194304  ( 7.6%) 
physics terrain       [variable]       27372/1048576  ( 2.6%) 

Level flags = 1

Total triangle count: 9867
Writing d:\documents\mapping\tf2\tf2-maps\labor\a11\koth_labor_a11.bsp
3 minutes, 4 seconds elapsed



[Reading texlights from 'lights.rad']
[56 texlights parsed from 'lights.rad']

Loading d:\documents\mapping\tf2\tf2-maps\labor\a11\koth_labor_a11.bsp
3664 faces
893567 square feet [128673680.00 square inches]
98 Displacements
44822 Square Feet [6454467.00 Square Inches]
3664 patches before subdivision
77182 patches after subdivision
44 direct lights
0...1...2...3...4...5...6...7...8...9...100...1...2...3...4...5...6...7...8...9...10transfers 5979798, max 622
transfer lists:  45.6 megs
0...1...2...3...4...5...6...7...8...9...10	Bounce #1 added RGB(256550, 269833, 265139)
0...1...2...3...4...5...6...7...8...9...10	Bounce #2 added RGB(53793, 52149, 50343)
0...1...2...3...4...5...6...7...8...9...10	Bounce #3 added RGB(12723, 11509, 10840)
0...1...2...3...4...5...6...7...8...9...10	Bounce #4 added RGB(3242, 2781, 2575)
0...1...2...3...4...5...6...7...8...9...10	Bounce #5 added RGB(871, 711, 646)
0...1...2...3...4...5...6...7...8...9...10	Bounce #6 added RGB(242, 188, 168)
0...1...2...3...4...5...6...7...8...9...10	Bounce #7 added RGB(69, 51, 44)
0...1...2...3...4...5...6...7...8...9...10	Bounce #8 added RGB(20, 14, 12)
0...1...2...3...4...5...6...7...8...9...10	Bounce #9 added RGB(6, 4, 3)
0...1...2...3...4...5...6...7...8...9...10	Bounce #10 added RGB(2, 1, 1)
0...1...2...3...4...5...6...7...8...9...10	Bounce #11 added RGB(1, 0, 0)
Build Patch/Sample Hash Table(s).....Done<0.0266 sec>
0...1...2...3...4...5...6...7...8...9...10FinalLightFace Done
0 of 0 (0% of) surface lights went in leaf ambient cubes.
0...1...2...3...4...5...6...7...8...9...10Writing leaf ambient...done
Computing static prop lighting : 00...1...2...3...4...5...6...7...8...9...10
Ready to Finish

Object names       Objects/Maxobjs  Memory / Maxmem  Fullness 
------------       ---------------  ---------------  -------- 
models                 100/1024         4800/49152    ( 9.8%) 
brushes                809/8192         9708/98304    ( 9.9%) 
brushsides            6277/65536       50216/524288   ( 9.6%) 
planes                3784/65536       75680/1310720  ( 5.8%) 
vertexes              5495/65536       65940/786432   ( 8.4%) 
nodes                 1929/65536       61728/2097152  ( 2.9%) 
texinfos               605/12288       43560/884736   ( 4.9%) 
texdata                 79/2048         2528/65536    ( 3.9%) 
dispinfos               98/0           17248/0        ( 0.0%) 
disp_verts            7938/0          158760/0        ( 0.0%) 
disp_tris            12544/0           25088/0        ( 0.0%) 
disp_lmsamples      127008/0          127008/0        ( 0.0%) 
faces                 3664/65536      205184/3670016  ( 5.6%) 
hdr faces             3664/65536      205184/3670016  ( 5.6%) 
origfaces             2622/65536      146832/3670016  ( 4.0%) 
leaves                2030/65536       64960/2097152  ( 3.1%) 
leaffaces             4104/65536        8208/131072   ( 6.3%) 
leafbrushes           1567/65536        3134/131072   ( 2.4%) 
areas                    2/256            16/2048     ( 0.8%) 
surfedges            27601/512000     110404/2048000  ( 5.4%) 
edges                15848/256000      63392/1024000  ( 6.2%) 
LDR worldlights         44/8192         3872/720896   ( 0.5%) 
HDR worldlights         44/8192         3872/720896   ( 0.5%) 
leafwaterdata            0/32768           0/393216   ( 0.0%) 
waterstrips            304/32768        3040/327680   ( 0.9%) 
waterverts               0/65536           0/786432   ( 0.0%) 
waterindices          5031/65536       10062/131072   ( 7.7%) 
cubemapsamples          37/1024          592/16384    ( 3.6%) 
overlays                33/512         11616/180224   ( 6.4%) 
LDR lightdata         [variable]     2777724/0        ( 0.0%) 
HDR lightdata         [variable]     2777724/0        ( 0.0%) 
visdata               [variable]       94350/16777216 ( 0.6%) 
entdata               [variable]       72679/393216   (18.5%) 
LDR ambient table     2030/65536        8120/262144   ( 3.1%) 
HDR ambient table     2030/65536        8120/262144   ( 3.1%) 
LDR leaf ambient     13565/65536      379820/1835008  (20.7%) 
HDR leaf ambient     13565/65536      379820/1835008  (20.7%) 
occluders                0/0               0/0        ( 0.0%) 
occluder polygons        0/0               0/0        ( 0.0%) 
occluder vert ind        0/0               0/0        ( 0.0%) 
detail props          [variable]           1/12       ( 8.3%) 
static props          [variable]           1/20922    ( 0.0%) 
pakfile               [variable]     3298749/0        ( 0.0%) 
physics               [variable]      318023/4194304  ( 7.6%) 
physics terrain       [variable]       27372/1048576  ( 2.6%) 

Level flags = 3

Total triangle count: 9867
Writing d:\documents\mapping\tf2\tf2-maps\labor\a11\koth_labor_a11.bsp
3 minutes, 37 seconds elapsed
