PRT1
356
1119
4 0 10 (1216 2048 -288 ) (1216 2048 560 ) (1024 2048 560 ) (1024 2048 -288 ) 
4 0 9 (1024 2048 -288 ) (1024 2048 -160 ) (1024 2624 -160 ) (1024 2624 -288 ) 
4 0 7 (1024 2048 -160 ) (1024 2048 -80 ) (1024 2288 -80 ) (1024 2288 -160 ) 
4 0 5 (1024 2288 -80 ) (1024 2624 -80 ) (1024 2624 -160 ) (1024 2288 -160 ) 
4 0 2 (1024 2048 -80 ) (1024 2048 352 ) (1024 2624 352 ) (1024 2624 -80 ) 
4 0 1 (1024 2048 352 ) (1024 2048 560 ) (1024 2624 560 ) (1024 2624 352 ) 
4 1 17 (0 2048 352 ) (0 2048 560 ) (0 2288 560 ) (0 2288 352 ) 
4 1 16 (0 2288 560 ) (0 2304 560 ) (0 2304 352 ) (0 2288 352 ) 
4 1 15 (0 2304 560 ) (0 2624 560 ) (0 2624 352 ) (0 2304 352 ) 
4 1 11 (1024 2048 352 ) (1024 2048 560 ) (0 2048 560 ) (0 2048 352 ) 
4 1 3 (0 2624 352 ) (784 2624 352 ) (784 2304 352 ) (0 2304 352 ) 
4 1 4 (784 2288 352 ) (784 2048 352 ) (0 2048 352 ) (0 2288 352 ) 
4 1 2 (784 2624 352 ) (1024 2624 352 ) (1024 2048 352 ) (784 2048 352 ) 
4 2 11 (1024 2048 -80 ) (1024 2048 352 ) (784 2048 352 ) (784 2048 -80 ) 
4 2 7 (1024 2288 -80 ) (1024 2048 -80 ) (784 2048 -80 ) (784 2288 -80 ) 
4 2 5 (1024 2624 -80 ) (1024 2288 -80 ) (784 2288 -80 ) (784 2624 -80 ) 
4 2 3 (784 2304 352 ) (784 2624 352 ) (784 2624 -80 ) (784 2304 -80 ) 
4 2 4 (784 2048 352 ) (784 2288 352 ) (784 2288 -80 ) (784 2048 -80 ) 
4 3 15 (0 2304 352 ) (0 2624 352 ) (0 2624 -80 ) (0 2304 -80 ) 
4 3 6 (0 2304 -80 ) (0 2624 -80 ) (784 2624 -80 ) (784 2304 -80 ) 
4 4 17 (0 2048 -80 ) (0 2048 352 ) (0 2288 352 ) (0 2288 -80 ) 
4 4 11 (784 2048 352 ) (0 2048 352 ) (0 2048 -80 ) (784 2048 -80 ) 
4 4 8 (768 2048 -80 ) (0 2048 -80 ) (0 2288 -80 ) (768 2288 -80 ) 
4 4 7 (784 2048 -80 ) (768 2048 -80 ) (768 2288 -80 ) (784 2288 -80 ) 
4 5 9 (784 2624 -160 ) (1024 2624 -160 ) (1024 2288 -160 ) (784 2288 -160 ) 
4 5 7 (784 2288 -160 ) (1024 2288 -160 ) (1024 2288 -80 ) (784 2288 -80 ) 
4 5 6 (784 2624 -80 ) (784 2624 -160 ) (784 2304 -160 ) (784 2304 -80 ) 
4 6 19 (0 2304 -80 ) (0 2624 -80 ) (0 2624 -160 ) (0 2304 -160 ) 
4 6 9 (0 2624 -160 ) (784 2624 -160 ) (784 2304 -160 ) (0 2304 -160 ) 
4 7 12 (1024 2048 -160 ) (1024 2048 -80 ) (768 2048 -80 ) (768 2048 -160 ) 
4 7 9 (1024 2288 -160 ) (1024 2048 -160 ) (768 2048 -160 ) (768 2288 -160 ) 
4 7 8 (768 2288 -80 ) (768 2288 -160 ) (768 2048 -160 ) (768 2048 -80 ) 
4 8 21 (0 2048 -160 ) (0 2048 -80 ) (0 2288 -80 ) (0 2288 -160 ) 
4 8 13 (768 2048 -80 ) (0 2048 -80 ) (0 2048 -160 ) (768 2048 -160 ) 
4 8 9 (768 2048 -160 ) (0 2048 -160 ) (0 2288 -160 ) (768 2288 -160 ) 
4 9 22 (0 2048 -288 ) (0 2048 -160 ) (0 2288 -160 ) (0 2288 -288 ) 
4 9 20 (0 2288 -160 ) (0 2304 -160 ) (0 2304 -288 ) (0 2288 -288 ) 
4 9 19 (0 2304 -160 ) (0 2624 -160 ) (0 2624 -288 ) (0 2304 -288 ) 
4 9 14 (768 2048 -160 ) (0 2048 -160 ) (0 2048 -288 ) (768 2048 -288 ) 
4 9 12 (1024 2048 -288 ) (1024 2048 -160 ) (768 2048 -160 ) (768 2048 -288 ) 
4 10 105 (1216 1024 -288 ) (1216 1024 560 ) (1024 1024 560 ) (1024 1024 -288 ) 
4 10 12 (1024 2048 -80 ) (1024 2048 -288 ) (1024 1024 -288 ) (1024 1024 -80 ) 
4 10 11 (1024 2048 560 ) (1024 2048 -80 ) (1024 1024 -80 ) (1024 1024 560 ) 
4 11 116 (528 1024 320 ) (0 1024 320 ) (0 1024 -80 ) (528 1024 -80 ) 
4 11 115 (1024 1024 -80 ) (1024 1024 320 ) (528 1024 320 ) (528 1024 -80 ) 
4 11 114 (0 1024 344 ) (0 1024 320 ) (240 1024 320 ) (240 1024 384 ) 
4 11 112 (240 1024 512 ) (0 1024 540.799133 ) (0 1024 344 ) (240 1024 384 ) 
4 11 110 (1024 1024 320 ) (1024 1024 417.922729 ) (240 1024 512 ) (240 1024 320 ) 
4 11 106 (1024 1024 417.922729 ) (1024 1024 560 ) (192 1024 560 ) (192 1024 517.759827 ) 
4 11 109 (192 1024 560 ) (0 1024 560 ) (0 1024 540.799133 ) (192 1024 517.759827 ) 
4 11 33 (0 1024 -80 ) (0 1024 560 ) (0 1792 560 ) (0 1792 -80 ) 
4 11 31 (0 1792 560 ) (0 2048 560 ) (0 2048 -80 ) (0 1792 -80 ) 
4 11 13 (768 1024 -80 ) (0 1024 -80 ) (0 2048 -80 ) (768 2048 -80 ) 
4 11 12 (1024 2048 -80 ) (1024 1024 -80 ) (768 1024 -80 ) (768 2048 -80 ) 
4 12 140 (1024 1024 -288 ) (1024 1024 -80 ) (768 1024 -80 ) (768 1024 -288 ) 
4 12 14 (768 2048 -288 ) (768 1024 -288 ) (768 1024 -160 ) (768 2048 -160 ) 
4 12 13 (768 1024 -160 ) (768 1024 -80 ) (768 2048 -80 ) (768 2048 -160 ) 
4 13 141 (768 1024 -80 ) (0 1024 -80 ) (0 1024 -160 ) (768 1024 -160 ) 
4 13 47 (0 1024 -160 ) (0 1024 -80 ) (0 2048 -80 ) (0 2048 -160 ) 
4 13 14 (0 1024 -160 ) (0 2048 -160 ) (768 2048 -160 ) (768 1024 -160 ) 
4 14 142 (0 1024 -160 ) (0 1024 -288 ) (768 1024 -288 ) (768 1024 -160 ) 
4 14 48 (0 1024 -288 ) (0 1024 -160 ) (0 2048 -160 ) (0 2048 -288 ) 
4 15 25 (-1024 2624 -80 ) (-1024 2304 -80 ) (-1024 2304 384 ) (-1024 2624 384 ) 
4 15 24 (-1024 2304 384 ) (-1024 2304 560 ) (-1024 2624 560 ) (-1024 2624 384 ) 
4 15 19 (-1024 2304 -80 ) (-1024 2624 -80 ) (0 2624 -80 ) (0 2304 -80 ) 
4 15 16 (0 2304 352 ) (0 2304 560 ) (-1024 2304 560 ) (-1024 2304 352 ) 
4 16 26 (-1024 2288 352 ) (-1024 2288 384 ) (-1024 2304 384 ) (-1024 2304 352 ) 
4 16 24 (-1024 2288 384 ) (-1024 2288 560 ) (-1024 2304 560 ) (-1024 2304 384 ) 
4 16 18 (-256 2288 560 ) (-1024 2288 560 ) (-1024 2288 384 ) (-256 2288 384 ) 
4 16 17 (0 2288 352 ) (0 2288 560 ) (-256 2288 560 ) (-256 2288 352 ) 
4 17 31 (0 2048 -80 ) (0 2048 560 ) (-256 2048 560 ) (-256 2048 -80 ) 
4 17 21 (0 2048 -80 ) (-256 2048 -80 ) (-256 2288 -80 ) (0 2288 -80 ) 
4 17 18 (-256 2048 560 ) (-256 2288 560 ) (-256 2288 384 ) (-256 2048 384 ) 
4 18 36 (-768 2048 560 ) (-1024 2048 560 ) (-1024 2048 384 ) (-768 2048 384 ) 
4 18 32 (-256 2048 560 ) (-768 2048 560 ) (-768 2048 384 ) (-256 2048 384 ) 
4 18 24 (-1024 2048 384 ) (-1024 2048 560 ) (-1024 2288 560 ) (-1024 2288 384 ) 
4 19 27 (-1024 2624 -160 ) (-1024 2624 -288 ) (-1024 2304 -288 ) (-1024 2304 -160 ) 
4 19 25 (-1024 2304 -80 ) (-1024 2624 -80 ) (-1024 2624 -160 ) (-1024 2304 -160 ) 
4 19 20 (-1024 2304 -288 ) (0 2304 -288 ) (0 2304 -160 ) (-1024 2304 -160 ) 
4 20 27 (-1024 2288 -288 ) (-1024 2288 -160 ) (-1024 2304 -160 ) (-1024 2304 -288 ) 
4 20 23 (-1024 2288 -160 ) (-1024 2288 -288 ) (-256 2288 -288 ) (-256 2288 -160 ) 
4 20 22 (-256 2288 -288 ) (0 2288 -288 ) (0 2288 -160 ) (-256 2288 -160 ) 
4 21 47 (0 2048 -160 ) (0 2048 -80 ) (-256 2048 -80 ) (-256 2048 -160 ) 
4 21 23 (-256 2288 -94.224602 ) (-256 2288 -160 ) (-256 2048 -160 ) (-256 2048 -94.224602 ) 
4 21 22 (0 2048 -160 ) (-256 2048 -160 ) (-256 2288 -160 ) (0 2288 -160 ) 
4 22 48 (0 2048 -288 ) (0 2048 -160 ) (-256 2048 -160 ) (-256 2048 -288 ) 
4 22 23 (-256 2288 -160 ) (-256 2288 -288 ) (-256 2048 -288 ) (-256 2048 -160 ) 
4 23 49 (-256 2048 -288 ) (-256 2048 -94.224602 ) (-1024 2048 -94.224602 ) (-1024 2048 -288 ) 
4 23 28 (-1024 2048 -288 ) (-1024 2048 -94.224602 ) (-1024 2288 -94.224602 ) (-1024 2288 -288 ) 
4 24 86 (-2048 2048 384 ) (-2048 2048 560 ) (-2048 2304 560 ) (-2048 2304 384 ) 
4 24 85 (-2048 2304 560 ) (-2048 2624 560 ) (-2048 2624 384 ) (-2048 2304 384 ) 
4 24 54 (-2048 2048 560 ) (-2048 2048 384 ) (-1024 2048 384 ) (-1024 2048 560 ) 
4 24 29 (-2048 2304 384 ) (-2048 2624 384 ) (-1280 2624 384 ) (-1280 2304 384 ) 
4 24 26 (-1280 2288 384 ) (-1280 2304 384 ) (-1024 2304 384 ) (-1024 2288 384 ) 
4 24 25 (-1280 2304 384 ) (-1280 2624 384 ) (-1024 2624 384 ) (-1024 2304 384 ) 
4 25 29 (-1280 2304 384 ) (-1280 2624 384 ) (-1280 2624 -160 ) (-1280 2304 -160 ) 
4 25 27 (-1280 2304 -160 ) (-1280 2624 -160 ) (-1024 2624 -160 ) (-1024 2304 -160 ) 
4 25 26 (-1280 2304 384 ) (-1280 2304 352 ) (-1024 2304 352 ) (-1024 2304 384 ) 
4 27 30 (-1280 2304 -288 ) (-1280 2288 -288 ) (-1280 2288 -160 ) (-1280 2304 -160 ) 
4 27 29 (-1280 2624 -160 ) (-1280 2624 -288 ) (-1280 2304 -288 ) (-1280 2304 -160 ) 
4 27 28 (-1280 2288 -160 ) (-1280 2288 -288 ) (-1024 2288 -288 ) (-1024 2288 -160 ) 
4 28 55 (-1024 2048 -288 ) (-1024 2048 -94.224602 ) (-1280 2048 -94.224602 ) (-1280 2048 -288 ) 
4 28 30 (-1280 2048 -288 ) (-1280 2048 -94.224602 ) (-1280 2288 -94.224602 ) (-1280 2288 -288 ) 
4 29 88 (-2048 2624 -94.224602 ) (-2048 2624 -288 ) (-2048 2304 -288 ) (-2048 2304 -94.224602 ) 
4 29 85 (-2048 2304 384 ) (-2048 2624 384 ) (-2048 2624 -94.224602 ) (-2048 2304 -94.224602 ) 
4 29 30 (-2048 2304 -288 ) (-1280 2304 -288 ) (-1280 2304 -94.224602 ) (-2048 2304 -94.224602 ) 
4 30 88 (-2048 2048 -288 ) (-2048 2048 -94.224602 ) (-2048 2304 -94.224602 ) (-2048 2304 -288 ) 
4 30 66 (-2048 2048 -94.224602 ) (-2048 2048 -288 ) (-1280 2048 -288 ) (-1280 2048 -94.224602 ) 
4 31 47 (-256 2048 -80 ) (0 2048 -80 ) (0 1792 -80 ) (-256 1792 -80 ) 
4 31 33 (-256 1792 -80 ) (0 1792 -80 ) (0 1792 560 ) (-256 1792 560 ) 
4 31 32 (-256 1792 384 ) (-256 1792 560 ) (-256 2048 560 ) (-256 2048 384 ) 
4 32 36 (-768 2048 560 ) (-768 2048 384 ) (-768 1792 384 ) (-768 1792 560 ) 
4 32 34 (-768 1792 560 ) (-768 1792 384 ) (-256 1792 384 ) (-256 1792 560 ) 
4 33 206 (-176 1024 560 ) (-256 1024 560 ) (-256 1024 -48 ) (-176 1024 -48 ) 
4 33 205 (0 1024 -48 ) (0 1024 560 ) (-176 1024 560 ) (-176 1024 -48 ) 
4 33 214 (0 1024 -80 ) (0 1024 -48 ) (-256 1024 -48 ) (-256 1024 -80 ) 
4 33 47 (0 1792 -80 ) (0 1024 -80 ) (-256 1024 -80 ) (-256 1792 -80 ) 
4 33 34 (-256 1280 560 ) (-256 1792 560 ) (-256 1792 16 ) (-256 1280 16 ) 
4 33 35 (-256 1024 560 ) (-256 1280 560 ) (-256 1280 -80 ) (-256 1024 -80 ) 
4 34 38 (-768 1624 168 ) (-768 1624 16 ) (-768 1512 16 ) (-768 1512 168 ) 
4 34 37 (-768 1280 351.875000 ) (-768 1280 384 ) (-768 1664 384 ) (-768 1664 351.875000 ) 
4 34 36 (-768 1280 384 ) (-768 1280 560 ) (-768 1792 560 ) (-768 1792 384 ) 
4 34 35 (-256 1280 16 ) (-256 1280 560 ) (-768 1280 560 ) (-768 1280 16 ) 
4 35 206 (-256 1024 560 ) (-512 1024 560 ) (-512 1024 -48 ) (-256 1024 -48 ) 
4 35 214 (-512 1024 -48 ) (-512 1024 -80 ) (-256 1024 -80 ) (-256 1024 -48 ) 
4 35 215 (-512 1024 560 ) (-768 1024 560 ) (-768 1024 -80 ) (-512 1024 -80 ) 
4 35 50 (-256 1024 -80 ) (-768 1024 -80 ) (-768 1280 -80 ) (-256 1280 -80 ) 
4 35 41 (-768 1280 -80 ) (-768 1279 -80 ) (-768 1279 -48 ) (-768 1280 -48 ) 
4 35 42 (-768 1279 -80 ) (-768 1024 -80 ) (-768 1024 16 ) (-768 1279 16 ) 
4 35 40 (-768 1024 16 ) (-768 1024 351.875000 ) (-768 1280 351.875000 ) (-768 1280 16 ) 
4 35 37 (-768 1024 351.875000 ) (-768 1024 384 ) (-768 1280 384 ) (-768 1280 351.875000 ) 
4 35 36 (-768 1024 384 ) (-768 1024 560 ) (-768 1280 560 ) (-768 1280 384 ) 
4 36 215 (-1024 1024 560 ) (-1024 1024 384 ) (-768 1024 384 ) (-768 1024 560 ) 
4 36 74 (-1024 1216 384 ) (-1024 1024 384 ) (-1024 1024 560 ) (-1024 1216 560 ) 
4 36 54 (-1024 2048 560 ) (-1024 2048 384 ) (-1024 1216 384 ) (-1024 1216 560 ) 
4 36 44 (-784 1024 384 ) (-1024 1024 384 ) (-1024 1280 384 ) (-784 1280 384 ) 
4 36 37 (-768 1664 384 ) (-768 1024 384 ) (-784 1024 384 ) (-784 1664 384 ) 
4 37 215 (-768 1024 351.875000 ) (-768 1024 384 ) (-784 1024 384 ) (-784 1024 351.875000 ) 
4 37 44 (-784 1280 351.875000 ) (-784 1024 351.875000 ) (-784 1024 384 ) (-784 1280 384 ) 
4 37 40 (-784 1024 351.875000 ) (-784 1280 351.875000 ) (-768 1280 351.875000 ) (-768 1024 351.875000 ) 
4 38 43 (-784 1512 16 ) (-784 1512 168 ) (-784 1624 168 ) (-784 1624 16 ) 
4 39 52 (-768 1664 -80 ) (-768 1512 -80 ) (-784 1512 -80 ) (-784 1664 -80 ) 
4 39 45 (-784 1664 -48 ) (-784 1664 -80 ) (-784 1512 -80 ) (-784 1512 -48 ) 
4 39 41 (-768 1512 -80 ) (-768 1512 -48 ) (-784 1512 -48 ) (-784 1512 -80 ) 
4 40 215 (-768 1024 16 ) (-768 1024 351.875000 ) (-784 1024 351.875000 ) (-784 1024 16 ) 
4 40 44 (-784 1024 16 ) (-784 1024 351.875000 ) (-784 1280 351.875000 ) (-784 1280 16 ) 
4 40 42 (-784 1024 16 ) (-784 1279 16 ) (-768 1279 16 ) (-768 1024 16 ) 
4 41 52 (-768 1512 -80 ) (-768 1279 -80 ) (-784 1279 -80 ) (-784 1512 -80 ) 
4 41 45 (-784 1512 -80 ) (-784 1279 -80 ) (-784 1279 -48 ) (-784 1512 -48 ) 
4 41 42 (-768 1279 -80 ) (-768 1279 -48 ) (-784 1279 -48 ) (-784 1279 -80 ) 
4 42 215 (-784 1024 -80 ) (-768 1024 -80 ) (-768 1024 16 ) (-784 1024 16 ) 
4 42 52 (-768 1279 -80 ) (-768 1024 -80 ) (-784 1024 -80 ) (-784 1279 -80 ) 
4 42 46 (-784 1279 -80 ) (-784 1024 -80 ) (-784 1024 16 ) (-784 1279 16 ) 
4 43 56 (-1024 1664 336 ) (-1024 1664 16 ) (-1024 1296 16 ) (-1024 1296 336 ) 
4 44 215 (-1024 1024 384 ) (-1024 1024 16 ) (-784 1024 16 ) (-784 1024 384 ) 
4 44 77 (-1024 1024 16 ) (-1024 1024 128 ) (-1024 1056 128 ) (-1024 1056 16 ) 
4 44 76 (-1024 1056 128 ) (-1024 1216 128 ) (-1024 1216 16 ) (-1024 1056 16 ) 
4 44 75 (-1024 1024 128 ) (-1024 1024 384 ) (-1024 1216 384 ) (-1024 1216 128 ) 
4 44 57 (-1024 1216 384 ) (-1024 1280 384 ) (-1024 1280 16 ) (-1024 1216 16 ) 
4 44 46 (-1024 1024 16 ) (-1024 1279 16 ) (-784 1279 16 ) (-784 1024 16 ) 
4 45 59 (-1024 1664 -80 ) (-1024 1279 -80 ) (-1024 1279 -48 ) (-1024 1664 -48 ) 
4 45 52 (-1024 1279 -80 ) (-1024 1664 -80 ) (-784 1664 -80 ) (-784 1279 -80 ) 
4 45 46 (-1024 1279 -80 ) (-784 1279 -80 ) (-784 1279 -48 ) (-1024 1279 -48 ) 
4 46 215 (-1024 1024 16 ) (-1024 1024 -80 ) (-784 1024 -80 ) (-784 1024 16 ) 
4 46 83 (-1024 1216 -80 ) (-1024 1024 -80 ) (-1024 1024 -48 ) (-1024 1216 -48 ) 
4 46 77 (-1024 1024 -48 ) (-1024 1024 16 ) (-1024 1056 16 ) (-1024 1056 -48 ) 
4 46 76 (-1024 1056 16 ) (-1024 1216 16 ) (-1024 1216 -48 ) (-1024 1056 -48 ) 
4 46 59 (-1024 1279 -80 ) (-1024 1216 -80 ) (-1024 1216 -48 ) (-1024 1279 -48 ) 
4 46 58 (-1024 1216 -48 ) (-1024 1216 16 ) (-1024 1279 16 ) (-1024 1279 -48 ) 
4 46 52 (-784 1024 -80 ) (-1024 1024 -80 ) (-1024 1279 -80 ) (-784 1279 -80 ) 
4 47 236 (0 1024 -160 ) (0 1024 -80 ) (-256 1024 -80 ) (-256 1024 -160 ) 
4 47 51 (-256 1792 -112 ) (-256 1792 -160 ) (-256 1024 -160 ) (-256 1024 -112 ) 
4 47 50 (-256 1024 -80 ) (-256 1280 -80 ) (-256 1280 -112 ) (-256 1024 -112 ) 
4 47 49 (-256 2048 -94.224602 ) (-256 2048 -160 ) (-256 1792 -160 ) (-256 1792 -94.224602 ) 
4 47 48 (-256 1024 -160 ) (-256 2048 -160 ) (0 2048 -160 ) (0 1024 -160 ) 
4 48 237 (0 1024 -288 ) (0 1024 -160 ) (-256 1024 -160 ) (-256 1024 -288 ) 
4 48 51 (-256 1792 -288 ) (-256 1024 -288 ) (-256 1024 -160 ) (-256 1792 -160 ) 
4 48 49 (-256 2048 -160 ) (-256 2048 -288 ) (-256 1792 -288 ) (-256 1792 -160 ) 
4 49 55 (-1024 2048 -94.224602 ) (-1024 2048 -288 ) (-1024 1792 -288 ) (-1024 1792 -94.224602 ) 
4 49 53 (-768 1792 -94.224602 ) (-1024 1792 -94.224602 ) (-1024 1792 -288 ) (-768 1792 -288 ) 
4 49 51 (-256 1792 -288 ) (-256 1792 -112 ) (-768 1792 -112 ) (-768 1792 -288 ) 
4 50 239 (-256 1024 -112 ) (-256 1024 -80 ) (-768 1024 -80 ) (-768 1024 -112 ) 
4 50 53 (-768 1280 -112 ) (-768 1024 -112 ) (-768 1024 -94.224602 ) (-768 1280 -94.224602 ) 
4 50 52 (-768 1024 -94.224602 ) (-768 1024 -80 ) (-768 1280 -80 ) (-768 1280 -94.224602 ) 
4 50 51 (-768 1024 -112 ) (-768 1280 -112 ) (-256 1280 -112 ) (-256 1024 -112 ) 
4 51 239 (-256 1024 -288 ) (-256 1024 -112 ) (-768 1024 -112 ) (-768 1024 -288 ) 
4 51 53 (-768 1792 -112 ) (-768 1792 -288 ) (-768 1024 -288 ) (-768 1024 -112 ) 
4 52 239 (-768 1024 -94.224602 ) (-768 1024 -80 ) (-1024 1024 -80 ) (-1024 1024 -94.224602 ) 
4 52 83 (-1024 1024 -94.224602 ) (-1024 1024 -80 ) (-1024 1216 -80 ) (-1024 1216 -94.224602 ) 
4 52 59 (-1024 1216 -80 ) (-1024 1664 -80 ) (-1024 1664 -94.224602 ) (-1024 1216 -94.224602 ) 
4 52 53 (-768 1664 -94.224602 ) (-768 1024 -94.224602 ) (-1024 1024 -94.224602 ) (-1024 1664 -94.224602 ) 
4 53 239 (-768 1024 -288 ) (-768 1024 -94.224602 ) (-1024 1024 -94.224602 ) (-1024 1024 -288 ) 
4 53 84 (-1024 1024 -288 ) (-1024 1024 -112 ) (-1024 1216 -112 ) (-1024 1216 -288 ) 
4 53 83 (-1024 1024 -112 ) (-1024 1024 -94.224602 ) (-1024 1216 -94.224602 ) (-1024 1216 -112 ) 
4 53 59 (-1024 1216 -94.224602 ) (-1024 1664 -94.224602 ) (-1024 1664 -288 ) (-1024 1216 -288 ) 
4 53 55 (-1024 1664 -94.224602 ) (-1024 1792 -94.224602 ) (-1024 1792 -288 ) (-1024 1664 -288 ) 
4 54 89 (-2048 1216 384 ) (-2048 1216 560 ) (-2048 2048 560 ) (-2048 2048 384 ) 
4 54 79 (-2048 1216 560 ) (-2048 1216 384 ) (-1296 1216 384 ) (-1296 1216 560 ) 
4 54 74 (-1296 1216 384 ) (-1024 1216 384 ) (-1024 1216 560 ) (-1296 1216 560 ) 
4 54 60 (-1264 1216 384 ) (-1280 1216 384 ) (-1280 1280 384 ) (-1264 1280 384 ) 
4 54 57 (-1024 1216 384 ) (-1264 1216 384 ) (-1264 1280 384 ) (-1024 1280 384 ) 
4 55 67 (-1280 1664 -288 ) (-1280 1664 -94.224602 ) (-1280 1680 -94.224602 ) (-1280 1680 -288 ) 
4 55 66 (-1280 1680 -94.224602 ) (-1280 2048 -94.224602 ) (-1280 2048 -288 ) (-1280 1680 -288 ) 
4 55 62 (-1280 1664 -94.224602 ) (-1280 1664 -288 ) (-1264 1664 -288 ) (-1264 1664 -94.224602 ) 
4 55 59 (-1264 1664 -288 ) (-1024 1664 -288 ) (-1024 1664 -94.224602 ) (-1264 1664 -94.224602 ) 
4 56 61 (-1264 1432 16 ) (-1264 1320 16 ) (-1264 1320 168 ) (-1264 1432 168 ) 
4 57 76 (-1024 1216 16 ) (-1024 1216 128 ) (-1264 1216 128 ) (-1264 1216 16 ) 
4 57 75 (-1024 1216 128 ) (-1024 1216 384 ) (-1264 1216 384 ) (-1264 1216 128 ) 
4 57 63 (-1264 1280 16 ) (-1264 1216 16 ) (-1264 1216 352 ) (-1264 1280 352 ) 
4 57 60 (-1264 1216 352 ) (-1264 1216 384 ) (-1264 1280 384 ) (-1264 1280 352 ) 
4 57 58 (-1024 1216 16 ) (-1264 1216 16 ) (-1264 1279 16 ) (-1024 1279 16 ) 
4 58 76 (-1024 1216 -48 ) (-1024 1216 16 ) (-1264 1216 16 ) (-1264 1216 -48 ) 
4 58 65 (-1264 1279 -48 ) (-1264 1216 -48 ) (-1264 1216 16 ) (-1264 1279 16 ) 
4 58 59 (-1024 1216 -48 ) (-1264 1216 -48 ) (-1264 1279 -48 ) (-1024 1279 -48 ) 
4 59 84 (-1024 1216 -288 ) (-1024 1216 -112 ) (-1264 1216 -112 ) (-1264 1216 -288 ) 
4 59 83 (-1024 1216 -112 ) (-1024 1216 -48 ) (-1264 1216 -48 ) (-1264 1216 -112 ) 
4 59 64 (-1264 1320 -288 ) (-1264 1279 -288 ) (-1264 1279 -48 ) (-1264 1320 -48 ) 
4 59 65 (-1264 1279 -288 ) (-1264 1216 -288 ) (-1264 1216 -48 ) (-1264 1279 -48 ) 
4 59 62 (-1264 1664 -48 ) (-1264 1664 -288 ) (-1264 1320 -288 ) (-1264 1320 -48 ) 
4 60 75 (-1264 1216 352 ) (-1264 1216 384 ) (-1280 1216 384 ) (-1280 1216 352 ) 
4 60 63 (-1280 1216 352 ) (-1280 1280 352 ) (-1264 1280 352 ) (-1264 1216 352 ) 
4 61 68 (-1280 1432 168 ) (-1280 1432 16 ) (-1280 1320 16 ) (-1280 1320 168 ) 
4 62 69 (-1280 1664 -48 ) (-1280 1664 -288 ) (-1280 1320 -288 ) (-1280 1320 -48 ) 
4 62 64 (-1280 1320 -288 ) (-1264 1320 -288 ) (-1264 1320 -48 ) (-1280 1320 -48 ) 
4 63 76 (-1264 1216 16 ) (-1264 1216 128 ) (-1280 1216 128 ) (-1280 1216 16 ) 
4 63 75 (-1264 1216 128 ) (-1264 1216 352 ) (-1280 1216 352 ) (-1280 1216 128 ) 
4 63 65 (-1280 1216 16 ) (-1280 1279 16 ) (-1264 1279 16 ) (-1264 1216 16 ) 
4 64 72 (-1280 1280 -288 ) (-1280 1279 -288 ) (-1280 1279 -64 ) (-1280 1280 -64 ) 
4 64 69 (-1280 1320 -48 ) (-1280 1320 -288 ) (-1280 1280 -288 ) (-1280 1280 -48 ) 
4 64 65 (-1280 1279 -288 ) (-1264 1279 -288 ) (-1264 1279 -48 ) (-1280 1279 -48 ) 
4 65 84 (-1264 1216 -288 ) (-1264 1216 -112 ) (-1280 1216 -112 ) (-1280 1216 -288 ) 
4 65 83 (-1264 1216 -112 ) (-1264 1216 -48 ) (-1280 1216 -48 ) (-1280 1216 -112 ) 
4 65 76 (-1264 1216 -48 ) (-1264 1216 16 ) (-1280 1216 16 ) (-1280 1216 -48 ) 
4 65 72 (-1280 1216 -288 ) (-1280 1216 -64 ) (-1280 1279 -64 ) (-1280 1279 -288 ) 
4 66 91 (-2048 1680 -288 ) (-2048 1680 -94.224602 ) (-2048 2048 -94.224602 ) (-2048 2048 -288 ) 
4 66 67 (-1280 1680 -288 ) (-1280 1680 -94.224602 ) (-2048 1680 -94.224602 ) (-2048 1680 -288 ) 
4 67 95 (-2048 1664 -288 ) (-2048 1664 -48 ) (-2048 1680 -48 ) (-2048 1680 -288 ) 
4 67 70 (-1536 1664 -48 ) (-2048 1664 -48 ) (-2048 1664 -288 ) (-1536 1664 -288 ) 
4 67 69 (-1280 1664 -288 ) (-1280 1664 -48 ) (-1536 1664 -48 ) (-1536 1664 -288 ) 
4 68 71 (-1480 1280 168 ) (-1480 1280 16 ) (-1336 1280 16 ) (-1336 1280 168 ) 
4 69 72 (-1280 1280 -288 ) (-1280 1280 -64 ) (-1536 1280 -64 ) (-1536 1280 -288 ) 
4 69 70 (-1536 1664 -48 ) (-1536 1664 -288 ) (-1536 1280 -288 ) (-1536 1280 -48 ) 
4 70 101 (-2048 1280 -288 ) (-2048 1280 -112 ) (-2048 1664 -112 ) (-2048 1664 -288 ) 
4 70 100 (-2048 1280 -112 ) (-2048 1280 -48 ) (-2048 1664 -48 ) (-2048 1664 -112 ) 
4 70 73 (-1536 1280 -288 ) (-1536 1280 -48 ) (-2048 1280 -48 ) (-2048 1280 -288 ) 
4 71 80 (-1480 1216 16 ) (-1336 1216 16 ) (-1336 1216 168 ) (-1480 1216 168 ) 
4 72 84 (-1280 1216 -288 ) (-1280 1216 -112 ) (-1536 1216 -112 ) (-1536 1216 -288 ) 
4 72 73 (-1536 1216 -288 ) (-1536 1216 -64 ) (-1536 1280 -64 ) (-1536 1280 -288 ) 
4 73 101 (-2048 1216 -288 ) (-2048 1216 -112 ) (-2048 1280 -112 ) (-2048 1280 -288 ) 
4 73 100 (-2048 1216 -112 ) (-2048 1216 -48 ) (-2048 1280 -48 ) (-2048 1280 -112 ) 
4 73 84 (-2048 1216 -112 ) (-2048 1216 -288 ) (-1536 1216 -288 ) (-1536 1216 -112 ) 
4 74 240 (-1024 1024 384 ) (-1024 1024 560 ) (-1296 1024 560 ) (-1296 1024 384 ) 
4 74 79 (-1296 1216 560 ) (-1296 1216 384 ) (-1296 1024 384 ) (-1296 1024 560 ) 
4 74 75 (-1280 1216 384 ) (-1024 1216 384 ) (-1024 1024 384 ) (-1280 1024 384 ) 
4 75 241 (-1024 1024 128 ) (-1024 1024 384 ) (-1280 1024 384 ) (-1280 1024 128 ) 
4 75 77 (-1024 1024 128 ) (-1280 1024 128 ) (-1280 1056 128 ) (-1024 1056 128 ) 
4 75 76 (-1280 1056 128 ) (-1280 1216 128 ) (-1024 1216 128 ) (-1024 1056 128 ) 
4 76 83 (-1280 1216 -48 ) (-1024 1216 -48 ) (-1024 1056 -48 ) (-1280 1056 -48 ) 
4 76 77 (-1024 1056 128 ) (-1280 1056 128 ) (-1280 1056 -48 ) (-1024 1056 -48 ) 
4 77 243 (-1024 1024 -48 ) (-1024 1024 128 ) (-1284 1024 128 ) (-1284 1024 -48 ) 
4 77 83 (-1024 1024 -48 ) (-1280 1024 -48 ) (-1280 1056 -48 ) (-1024 1056 -48 ) 
4 78 244 (-1292 1024 128 ) (-1296 1024 128 ) (-1296 1024 -48 ) (-1292 1024 -48 ) 
4 78 82 (-1296 1056 -48 ) (-1296 1024 -48 ) (-1296 1024 16 ) (-1296 1056 16 ) 
4 78 80 (-1296 1024 16 ) (-1296 1024 128 ) (-1296 1056 128 ) (-1296 1056 16 ) 
4 79 259 (-2048 1024 560 ) (-2048 1024 384 ) (-1792 1024 384 ) (-1792 1024 560 ) 
4 79 240 (-1792 1024 384 ) (-1296 1024 384 ) (-1296 1024 560 ) (-1792 1024 560 ) 
4 79 89 (-2048 1024 384 ) (-2048 1024 560 ) (-2048 1216 560 ) (-2048 1216 384 ) 
4 80 262 (-2048 1024 112 ) (-2048 1024 16 ) (-1792 1024 16 ) (-1792 1024 112 ) 
4 80 260 (-2048 1024 368 ) (-2048 1024 112 ) (-1792 1024 112 ) (-1792 1024 368 ) 
4 80 244 (-1792 1024 16 ) (-1296 1024 16 ) (-1296 1024 128 ) (-1792 1024 128 ) 
4 80 242 (-1296 1024 128 ) (-1296 1024 368 ) (-1792 1024 368 ) (-1792 1024 128 ) 
4 80 97 (-2048 1024 16 ) (-2048 1024 368 ) (-2048 1216 368 ) (-2048 1216 16 ) 
4 80 81 (-2048 1216 16 ) (-1536 1216 16 ) (-1536 1120 16 ) (-2048 1120 16 ) 
4 80 82 (-1296 1120 16 ) (-1296 1024 16 ) (-2048 1024 16 ) (-2048 1120 16 ) 
4 81 97 (-2048 1120 16 ) (-2048 1216 16 ) (-2048 1216 -48 ) (-2048 1120 -48 ) 
4 81 82 (-2048 1120 -48 ) (-1664 1120 -48 ) (-1536 1120 16 ) (-2048 1120 16 ) 
4 82 262 (-2048 1024 16 ) (-2048 1024 -48 ) (-1792 1024 -48 ) (-1792 1024 16 ) 
4 82 244 (-1792 1024 -48 ) (-1296 1024 -48 ) (-1296 1024 16 ) (-1792 1024 16 ) 
4 82 97 (-2048 1024 -48 ) (-2048 1024 16 ) (-2048 1120 16 ) (-2048 1120 -48 ) 
4 83 247 (-1024 1024 -112 ) (-1024 1024 -48 ) (-1280 1024 -48 ) (-1280 1024 -112 ) 
4 83 84 (-1280 1216 -112 ) (-1024 1216 -112 ) (-1024 1024 -112 ) (-1280 1024 -112 ) 
4 84 265 (-1792 1024 -112 ) (-2048 1024 -112 ) (-2048 1024 -288 ) (-1792 1024 -288 ) 
4 84 248 (-1024 1024 -288 ) (-1024 1024 -112 ) (-1792 1024 -112 ) (-1792 1024 -288 ) 
4 84 101 (-2048 1024 -288 ) (-2048 1024 -112 ) (-2048 1216 -112 ) (-2048 1216 -288 ) 
4 85 88 (-2176 2304 -94.224602 ) (-2176 2624 -94.224602 ) (-2048 2624 -94.224602 ) (-2048 2304 -94.224602 ) 
4 85 86 (-2176 2304 560 ) (-2176 2304 384 ) (-2048 2304 384 ) (-2048 2304 560 ) 
4 85 87 (-2176 2624 -94.224602 ) (-2176 2304 -94.224602 ) (-2176 2304 560 ) (-2176 2624 560 ) 
4 86 89 (-2048 2048 384 ) (-2048 2048 560 ) (-2176 2048 560 ) (-2176 2048 384 ) 
4 86 87 (-2176 2048 384 ) (-2176 2048 560 ) (-2176 2304 560 ) (-2176 2304 384 ) 
4 87 104 (-2864 2048 384 ) (-2864 2048 -94.224602 ) (-2688 2048 -94.224602 ) (-2688 2048 384 ) 
4 87 90 (-2688 2048 -94.224602 ) (-2176 2048 -94.224602 ) (-2176 2048 384 ) (-2688 2048 384 ) 
4 87 89 (-2176 2048 560 ) (-2864 2048 560 ) (-2864 2048 384 ) (-2176 2048 384 ) 
4 87 88 (-2176 2048 -94.224602 ) (-2864 2048 -94.224602 ) (-2864 2624 -94.224602 ) (-2176 2624 -94.224602 ) 
4 88 104 (-2688 2048 -94.224602 ) (-2864 2048 -94.224602 ) (-2864 2048 -288 ) (-2688 2048 -288 ) 
4 88 91 (-2048 2048 -288 ) (-2048 2048 -94.224602 ) (-2688 2048 -94.224602 ) (-2688 2048 -288 ) 
4 89 324 (-2672 1024 560 ) (-2688 1024 560 ) (-2688 1024 384 ) (-2672 1024 384 ) 
4 89 325 (-2688 1024 560 ) (-2864 1024 560 ) (-2864 1024 384 ) (-2688 1024 384 ) 
4 89 312 (-2048 1024 384 ) (-2048 1024 560 ) (-2672 1024 560 ) (-2672 1024 384 ) 
4 89 104 (-2688 1024 384 ) (-2864 1024 384 ) (-2864 2048 384 ) (-2688 2048 384 ) 
4 89 90 (-2688 1680 384 ) (-2688 2048 384 ) (-2176 2048 384 ) (-2176 1680 384 ) 
4 90 104 (-2688 1680 384 ) (-2688 2048 384 ) (-2688 2048 -94.224602 ) (-2688 1680 -94.224602 ) 
4 90 92 (-2496 1680 -48 ) (-2240 1680 -48 ) (-2240 1680 160 ) (-2496 1680 160 ) 
4 90 91 (-2176 1680 -94.224602 ) (-2688 1680 -94.224602 ) (-2688 2048 -94.224602 ) (-2176 2048 -94.224602 ) 
4 91 104 (-2688 2048 -94.224602 ) (-2688 2048 -288 ) (-2688 1680 -288 ) (-2688 1680 -94.224602 ) 
4 91 96 (-2688 1680 -112 ) (-2688 1680 -288 ) (-2176 1680 -288 ) (-2176 1680 -112 ) 
4 91 95 (-2176 1680 -288 ) (-2048 1680 -288 ) (-2048 1680 -94.224602 ) (-2176 1680 -94.224602 ) 
4 92 93 (-2240 1676 -48 ) (-2240 1676 96 ) (-2496 1676 96 ) (-2496 1676 -48 ) 
4 93 94 (-2240 1668 -48 ) (-2240 1668 96 ) (-2496 1668 96 ) (-2496 1668 -48 ) 
4 94 98 (-2496 1664 -48 ) (-2240 1664 -48 ) (-2240 1664 160 ) (-2496 1664 160 ) 
4 95 101 (-2176 1664 -288 ) (-2048 1664 -288 ) (-2048 1664 -112 ) (-2176 1664 -112 ) 
4 95 100 (-2048 1664 -112 ) (-2048 1664 -48 ) (-2176 1664 -48 ) (-2176 1664 -112 ) 
4 95 96 (-2176 1680 -288 ) (-2176 1664 -288 ) (-2176 1664 -112 ) (-2176 1680 -112 ) 
4 96 104 (-2688 1680 -112 ) (-2688 1680 -288 ) (-2688 1664 -288 ) (-2688 1664 -112 ) 
4 96 103 (-2688 1664 -112 ) (-2688 1664 -288 ) (-2672 1664 -288 ) (-2672 1664 -112 ) 
4 96 101 (-2672 1664 -288 ) (-2176 1664 -288 ) (-2176 1664 -112 ) (-2672 1664 -112 ) 
4 97 313 (-2048 1024 -48 ) (-2048 1024 368 ) (-2176 1024 368 ) (-2176 1024 -48 ) 
4 97 98 (-2176 1216 -48 ) (-2176 1024 -48 ) (-2176 1024 368 ) (-2176 1216 368 ) 
4 98 316 (-2576 1024 -48 ) (-2432 1024 -48 ) (-2432 1024 368 ) (-2576 1024 368 ) 
4 98 313 (-2432 1024 -48 ) (-2176 1024 -48 ) (-2176 1024 368 ) (-2432 1024 368 ) 
4 98 99 (-2576 1024 0 ) (-2576 1024 368 ) (-2576 1664 368 ) (-2576 1664 0 ) 
4 99 317 (-2672 1024 368 ) (-2672 1024 0 ) (-2576 1024 0 ) (-2576 1024 368 ) 
4 99 102 (-2672 1584 0 ) (-2672 1392 0 ) (-2672 1392 128 ) (-2672 1584 128 ) 
4 100 101 (-2176 1664 -112 ) (-2048 1664 -112 ) (-2048 1216 -112 ) (-2176 1216 -112 ) 
4 101 344 (-2048 1024 -288 ) (-2048 1024 -112 ) (-2672 1024 -112 ) (-2672 1024 -288 ) 
4 101 103 (-2672 1664 -112 ) (-2672 1664 -288 ) (-2672 1024 -288 ) (-2672 1024 -112 ) 
4 102 104 (-2688 1584 128 ) (-2688 1584 0 ) (-2688 1392 0 ) (-2688 1392 128 ) 
4 103 344 (-2672 1024 -288 ) (-2672 1024 -112 ) (-2688 1024 -112 ) (-2688 1024 -288 ) 
4 103 104 (-2688 1664 -112 ) (-2688 1664 -288 ) (-2688 1024 -288 ) (-2688 1024 -112 ) 
4 104 344 (-2688 1024 -288 ) (-2688 1024 -112 ) (-2864 1024 -112 ) (-2864 1024 -288 ) 
4 104 343 (-2688 1024 -112 ) (-2688 1024 -48 ) (-2864 1024 -48 ) (-2864 1024 -112 ) 
4 104 325 (-2688 1024 -48 ) (-2688 1024 384 ) (-2864 1024 384 ) (-2864 1024 -48 ) 
4 105 144 (1216 0 -288 ) (1216 0 560 ) (1024 0 560 ) (1024 0 -288 ) 
4 105 140 (1024 1024 -80 ) (1024 1024 -288 ) (1024 0 -288 ) (1024 0 -80 ) 
4 105 119 (1024 0 -48 ) (1024 0 320 ) (1024 128 320 ) (1024 128 -48 ) 
4 105 120 (1024 128 -80 ) (1024 0 -80 ) (1024 0 -48 ) (1024 128 -48 ) 
4 105 115 (1024 1024 320 ) (1024 1024 -80 ) (1024 128 -80 ) (1024 128 320 ) 
4 105 111 (1024 128 320 ) (1024 0 320 ) (1024 0 417.922729 ) (1024 128 417.922729 ) 
4 105 110 (1024 1024 417.922729 ) (1024 1024 320 ) (1024 128 320 ) (1024 128 417.922729 ) 
4 105 108 (1024 176 417.922729 ) (1024 0 417.922729 ) (1024 0 433.919983 ) (1024 176 433.919983 ) 
4 105 107 (1024 0 433.919983 ) (1024 0 560 ) (1024 176 560 ) (1024 176 433.919983 ) 
4 105 106 (1024 1024 560 ) (1024 1024 417.922729 ) (1024 176 417.922729 ) (1024 176 560 ) 
4 106 112 (240 176 512 ) (192 176 517.760193 ) (192 1024 517.760193 ) (240 1024 512 ) 
4 106 110 (1024 1024 417.923065 ) (1024 176 417.923065 ) (240 176 512 ) (240 1024 512 ) 
4 106 108 (558.314087 176 473.803436 ) (1024 176 417.922760 ) (1024 176 433.919952 ) (558.314087 176 489.802246 ) 
4 106 107 (192 176 560 ) (192 176 533.759949 ) (1024 176 433.919952 ) (1024 176 560 ) 
4 106 109 (192 1024 517.764587 ) (192 176 517.764648 ) (192 176 560 ) (192 1024 560 ) 
4 107 149 (240 0 560 ) (192 0 560 ) (192 0 533.759949 ) (240 0 528 ) 
4 107 146 (688 0 560 ) (240 0 560 ) (240 0 528 ) (688 0 474.239960 ) 
4 107 145 (1024 0 433.919983 ) (1024 0 560 ) (688 0 560 ) (688 0 474.239960 ) 
4 107 108 (558.314087 176 489.801575 ) (1024 176 433.919250 ) (1024 0 433.919250 ) (623.157043 0 482.020416 ) 
4 107 109 (192 0 533.760010 ) (192 0 560 ) (192 176 560 ) (192 176 533.760010 ) 
4 108 147 (688 0 474.239960 ) (623.157043 0 482.021118 ) (623.156982 0 466.022491 ) (688 0 458.241547 ) 
4 108 145 (1024 0 417.922729 ) (1024 0 433.919983 ) (688 0 474.239960 ) (688 0 458.241547 ) 
4 108 111 (1024 128 417.923065 ) (1024 0 417.923065 ) (623.157043 0 466.022827 ) (575.998535 128 471.681702 ) 
4 108 110 (1024 176 417.923065 ) (1024 128 417.923065 ) (575.998535 128 471.681702 ) (558.314087 176 473.803772 ) 
4 109 216 (0 256 540.799133 ) (0 0 540.799133 ) (0 0 560 ) (0 256 560 ) 
4 109 205 (0 1024 560 ) (0 1024 540.799133 ) (0 256 540.799133 ) (0 256 560 ) 
4 109 150 (192 0 560 ) (0 0 560 ) (0 0 540.799133 ) (192 0 517.759827 ) 
4 109 113 (192 0 517.760193 ) (0 0 540.799500 ) (0 176 540.799500 ) (192 176 517.760193 ) 
4 109 112 (0 176 540.799500 ) (0 1024 540.799500 ) (192 1024 517.760193 ) (192 176 517.760193 ) 
4 110 117 (240 128 320 ) (240 256 320 ) (528 256 320 ) (528 128 320 ) 
4 110 116 (240 256 320 ) (240 1024 320 ) (528 1024 320 ) (528 256 320 ) 
4 110 115 (528 1024 320 ) (1024 1024 320 ) (1024 128 320 ) (528 128 320 ) 
4 110 114 (240 1024 320 ) (240 128 320 ) (240 128 384 ) (240 1024 384 ) 
4 110 113 (240 128 400 ) (240 128 511.998047 ) (240 176 511.998047 ) (240 176 400 ) 
4 110 112 (240 176 511.998047 ) (240 1024 511.998077 ) (240 1024 384 ) (240 176 384 ) 
4 110 111 (528 128 320 ) (1024 128 320 ) (1024 128 417.922546 ) (528 128 477.440918 ) 
4 111 148 (1024 0 320 ) (1024 0 417.922729 ) (575.157959 0 471.782196 ) (575.157959 0 320 ) 
4 111 119 (1024 0 320 ) (575.157959 0 320 ) (528 128 320 ) (1024 128 320 ) 
4 112 217 (0 256 344 ) (0 176 344 ) (0 176 384 ) (0 256 384 ) 
4 112 216 (0 176 384 ) (0 176 540.799133 ) (0 256 540.799133 ) (0 256 384 ) 
4 112 205 (0 1024 540.799133 ) (0 1024 344 ) (0 256 344 ) (0 256 540.799133 ) 
4 112 114 (0 1024 344 ) (240 1024 384 ) (240 176 384 ) (0 176 344 ) 
4 112 113 (240 176 400 ) (240 176 512 ) (0 176 540.799133 ) (0 176 360 ) 
4 113 218 (0 0 360 ) (0 0 384 ) (0 176 384 ) (0 176 360 ) 
4 113 216 (0 0 384 ) (0 0 540.799133 ) (0 176 540.799133 ) (0 176 384 ) 
4 113 151 (240 0 512 ) (0 0 540.799133 ) (0 0 360 ) (240 0 400 ) 
4 114 219 (0 256 320 ) (0 128 320 ) (0 128 344 ) (0 256 344 ) 
4 114 205 (0 1024 344 ) (0 1024 320 ) (0 256 320 ) (0 256 344 ) 
4 114 117 (0 128 320 ) (0 256 320 ) (240 256 320 ) (240 128 320 ) 
4 114 116 (0 256 320 ) (0 1024 320 ) (240 1024 320 ) (240 256 320 ) 
4 115 141 (528 1024 -80 ) (768 1024 -80 ) (768 256 -80 ) (528 256 -80 ) 
4 115 143 (768 256 -80 ) (768 128 -80 ) (528 128 -80 ) (528 256 -80 ) 
4 115 140 (768 1024 -80 ) (1024 1024 -80 ) (1024 128 -80 ) (768 128 -80 ) 
4 115 119 (1024 128 -48 ) (1024 128 320 ) (528 128 320 ) (528 128 -48 ) 
4 115 120 (528 128 -80 ) (1024 128 -80 ) (1024 128 -48 ) (528 128 -48 ) 
4 115 117 (528 128 16 ) (528 128 320 ) (528 256 320 ) (528 256 16 ) 
4 115 118 (528 256 -80 ) (528 128 -80 ) (528 128 -64 ) (528 256 -64 ) 
4 115 116 (528 1024 -80 ) (528 256 -80 ) (528 256 320 ) (528 1024 320 ) 
4 116 205 (0 1024 320 ) (0 1024 -48 ) (0 256 -48 ) (0 256 320 ) 
4 116 214 (0 1024 -48 ) (0 1024 -80 ) (0 256 -80 ) (0 256 -48 ) 
4 116 141 (0 1024 -80 ) (528 1024 -80 ) (528 256 -80 ) (0 256 -80 ) 
4 116 117 (528 256 16 ) (528 256 320 ) (0 256 320 ) (0 256 16 ) 
4 116 118 (0 256 -80 ) (528 256 -80 ) (528 256 -64 ) (0 256 -64 ) 
4 117 224 (0 128 16 ) (0 128 128 ) (0 256 128 ) (0 256 16 ) 
4 117 220 (0 128 128 ) (0 128 320 ) (0 256 320 ) (0 256 128 ) 
4 117 134 (264 128 16 ) (376 128 16 ) (376 128 168 ) (264 128 168 ) 
4 117 133 (264 128 320 ) (256 128 320 ) (256 128 201.777771 ) (264 128 201.777771 ) 
4 117 130 (256 128 201.777771 ) (256 128 176.501022 ) (264 128 176.501022 ) (264 128 201.777771 ) 
4 117 129 (376 128 320 ) (264 128 320 ) (264 128 201.777771 ) (376 128 201.777771 ) 
4 117 126 (264 128 201.777771 ) (264 128 176.501022 ) (376 128 176.501022 ) (376 128 201.777771 ) 
4 117 125 (384 128 320 ) (376 128 320 ) (376 128 201.777771 ) (384 128 201.777756 ) 
4 117 122 (376 128 201.777771 ) (376 128 176.501022 ) (384 128 176.501022 ) (384 128 201.777756 ) 
4 118 225 (0 256 -80 ) (0 128 -80 ) (0 128 -64 ) (0 256 -64 ) 
4 118 143 (528 256 -80 ) (528 128 -80 ) (0 128 -80 ) (0 256 -80 ) 
4 118 139 (0 128 -80 ) (256 128 -80 ) (256 128 -64 ) (0 128 -64 ) 
4 118 136 (256 128 -80 ) (512 128 -80 ) (512 128 -64 ) (256 128 -64 ) 
4 118 120 (512 128 -80 ) (528 128 -80 ) (528 128 -64 ) (512 128 -64 ) 
4 119 157 (1024 0 -48 ) (1024 0 128 ) (575.157959 0 128 ) (575.157959 0 -48 ) 
4 119 152 (1024 0 128 ) (1024 0 320 ) (575.157959 0 320 ) (575.157959 0 128 ) 
4 119 120 (1024 0 -48 ) (575.157959 0 -48 ) (528 128 -48 ) (1024 128 -48 ) 
4 120 160 (1024 0 -80 ) (1024 0 -64 ) (512 0 -64 ) (512 0 -80 ) 
4 120 158 (1024 0 -64 ) (1024 0 -48 ) (512 0 -48 ) (512 0 -64 ) 
4 120 143 (768 0 -80 ) (512 0 -80 ) (512 128 -80 ) (768 128 -80 ) 
4 120 140 (1024 128 -80 ) (1024 0 -80 ) (768 0 -80 ) (768 128 -80 ) 
4 120 136 (512 128 -64 ) (512 128 -80 ) (512 0 -80 ) (512 0 -64 ) 
4 121 159 (384 0 128 ) (384 0 16 ) (512 0 16 ) (512 0 128 ) 
4 121 153 (384 0 251.555542 ) (384 0 128 ) (512 0 128 ) (512 0 251.555542 ) 
4 121 123 (384 112 16 ) (384 111.750000 16 ) (384 111.750000 176 ) (384 112 176 ) 
4 121 124 (384 111.750000 16 ) (384 0 16 ) (384 0 251.555542 ) (384 111.750000 208.097198 ) 
4 122 126 (376 128 201.777771 ) (376 128 176.501022 ) (376 127.750000 176.501022 ) (376 127.750000 201.875000 ) 
4 122 125 (376 128 201.778015 ) (376 127.750000 201.875244 ) (384 127.750000 201.876526 ) (384 128 201.779297 ) 
4 123 134 (376 112 16 ) (376 111.750000 16 ) (376 111.750000 168 ) (376 112 168 ) 
4 123 127 (376 111.750000 168 ) (376 111.750000 176 ) (376 112 176 ) (376 112 168 ) 
4 123 124 (384 111.750000 16 ) (384 111.750000 176 ) (376 111.750000 176 ) (376 111.750000 16 ) 
4 124 159 (376 0 128 ) (376 0 16 ) (384 0 16 ) (384 0 128 ) 
4 124 153 (376 0 251.555542 ) (376 0 128 ) (384 0 128 ) (384 0 251.555542 ) 
4 124 134 (376 111.750000 16 ) (376 0 16 ) (376 0 168 ) (376 111.750000 168 ) 
4 124 128 (376 0 168 ) (376 0 251.555542 ) (376 111.750000 208.097214 ) (376 111.750000 168 ) 
4 125 129 (376 128 320 ) (376 128 201.777771 ) (376 127.750000 201.875000 ) (376 127.750000 320 ) 
4 126 130 (264 128 201.777771 ) (264 128 176.501022 ) (264 127.750000 176.501022 ) (264 127.750000 201.875000 ) 
4 126 129 (264 128 201.778656 ) (264 127.750000 201.875885 ) (376 127.750000 201.876526 ) (376 128 201.779297 ) 
4 127 134 (376 112 168 ) (376 111.750000 168 ) (264 111.750000 168 ) (264 112 168 ) 
4 127 131 (264 112 168 ) (264 111.750000 168 ) (264 111.750000 176 ) (264 112 176 ) 
4 127 128 (264 111.750000 176 ) (264 111.750000 168 ) (376 111.750000 168 ) (376 111.750000 176 ) 
4 128 153 (264 0 251.555542 ) (264 0 168 ) (376 0 168 ) (376 0 251.555542 ) 
4 128 134 (376 111.750000 168 ) (376 0 168 ) (264 0 168 ) (264 111.750000 168 ) 
4 128 132 (264 111.750000 168 ) (264 0 168 ) (264 0 251.555542 ) (264 111.750000 208.097214 ) 
4 129 133 (264 128 320 ) (264 128 201.777771 ) (264 127.750000 201.875000 ) (264 127.750000 320 ) 
4 130 133 (264 127.750000 201.876526 ) (264 128 201.779297 ) (256 128 201.778656 ) (256 127.750000 201.875885 ) 
4 131 135 (256 111.750000 168 ) (256 112 168 ) (264 112 168 ) (264 111.750000 168 ) 
4 131 132 (256 111.750000 168 ) (264 111.750000 168 ) (264 111.750000 176 ) (256 111.750000 176 ) 
4 132 153 (256 0 251.555542 ) (256 0 168 ) (264 0 168 ) (264 0 251.555542 ) 
4 132 137 (256 48 168 ) (256 0 168 ) (256 0 176 ) (256 48 176 ) 
4 132 135 (256 0 168 ) (256 111.750000 168 ) (264 111.750000 168 ) (264 0 168 ) 
4 134 159 (264 0 16 ) (376 0 16 ) (376 0 128 ) (264 0 128 ) 
4 134 153 (376 0 128 ) (376 0 168 ) (264 0 168 ) (264 0 128 ) 
4 134 135 (264 112 16 ) (264 0 16 ) (264 0 168 ) (264 112 168 ) 
4 135 159 (256 0 128 ) (256 0 16 ) (264 0 16 ) (264 0 128 ) 
4 135 153 (256 0 168 ) (256 0 128 ) (264 0 128 ) (264 0 168 ) 
4 135 137 (256 0 128 ) (256 0 168 ) (256 48 168 ) (256 48 128 ) 
4 136 160 (256 0 -64 ) (256 0 -80 ) (512 0 -80 ) (512 0 -64 ) 
4 136 143 (512 0 -80 ) (256 0 -80 ) (256 128 -80 ) (512 128 -80 ) 
4 136 139 (256 128 -64 ) (256 128 -80 ) (256 0 -80 ) (256 0 -64 ) 
4 137 154 (240 0 176 ) (240 0 128 ) (256 0 128 ) (256 0 176 ) 
4 137 138 (240 48 128 ) (240 0 128 ) (240 0 176 ) (240 48 176 ) 
4 138 222 (0 0 128 ) (0 0 256 ) (0 112 256 ) (0 112 128 ) 
4 138 221 (0 0 256 ) (0 0 320 ) (0 112 320 ) (0 112 256 ) 
4 138 155 (240 0 320 ) (0 0 320 ) (0 0 128 ) (240 0 128 ) 
4 139 226 (0 128 -80 ) (0 0 -80 ) (0 0 -64 ) (0 128 -64 ) 
4 139 160 (0 0 -64 ) (0 0 -80 ) (256 0 -80 ) (256 0 -64 ) 
4 139 143 (256 0 -80 ) (0 0 -80 ) (0 128 -80 ) (256 128 -80 ) 
4 140 160 (1024 0 -288 ) (1024 0 -80 ) (768 0 -80 ) (768 0 -288 ) 
4 140 142 (768 1024 -288 ) (768 256 -288 ) (768 256 -160 ) (768 1024 -160 ) 
4 140 141 (768 256 -160 ) (768 256 -80 ) (768 1024 -80 ) (768 1024 -160 ) 
4 140 143 (768 256 -288 ) (768 0 -288 ) (768 0 -80 ) (768 256 -80 ) 
4 141 236 (0 1024 -80 ) (0 1024 -160 ) (0 256 -160 ) (0 256 -80 ) 
4 141 143 (768 256 -160 ) (768 256 -80 ) (0 256 -80 ) (0 256 -160 ) 
4 141 142 (768 256 -160 ) (0 256 -160 ) (0 1024 -160 ) (768 1024 -160 ) 
4 142 237 (0 1024 -160 ) (0 1024 -288 ) (0 256 -288 ) (0 256 -160 ) 
4 142 143 (0 256 -288 ) (768 256 -288 ) (768 256 -160 ) (0 256 -160 ) 
4 143 238 (0 256 -288 ) (0 0 -288 ) (0 0 -80 ) (0 256 -80 ) 
4 143 160 (768 0 -80 ) (0 0 -80 ) (0 0 -288 ) (768 0 -288 ) 
4 144 203 (1216 -1024 -288 ) (1216 -1024 560 ) (1024 -1024 560 ) (1024 -1024 -288 ) 
4 144 202 (1024 -544 -288 ) (1024 -1024 -288 ) (1024 -1024 0 ) (1024 -544 0 ) 
4 144 198 (1024 -1024 0 ) (1024 -1024 320 ) (1024 -544 320 ) (1024 -544 0 ) 
4 144 188 (1024 -176 -288 ) (1024 -544 -288 ) (1024 -544 -64 ) (1024 -176 -64 ) 
4 144 187 (1024 -544 -64 ) (1024 -544 16 ) (1024 -176 16 ) (1024 -176 -64 ) 
4 144 185 (1024 -544 16 ) (1024 -544 320 ) (1024 -528 320 ) (1024 -528 16 ) 
4 144 172 (1024 -528 320 ) (1024 -176 320 ) (1024 -176 16 ) (1024 -528 16 ) 
4 144 167 (1024 -1024 320 ) (1024 -1024 358.260895 ) (1024 -176 432 ) (1024 -176 320 ) 
4 144 161 (1024 -1024 358.260895 ) (1024 -1024 560 ) (1024 -176 560 ) (1024 -176 432 ) 
4 144 160 (1024 0 -64 ) (1024 0 -288 ) (1024 -176 -288 ) (1024 -176 -64 ) 
4 144 157 (1024 0 128 ) (1024 0 -48 ) (1024 -176 -48 ) (1024 -176 128 ) 
4 144 158 (1024 0 -48 ) (1024 0 -64 ) (1024 -176 -64 ) (1024 -176 -48 ) 
4 144 152 (1024 0 320 ) (1024 0 128 ) (1024 -176 128 ) (1024 -176 320 ) 
4 144 148 (1024 0 417.922729 ) (1024 0 320 ) (1024 -176 320 ) (1024 -176 417.922729 ) 
4 144 145 (1024 0 560 ) (1024 0 417.922729 ) (1024 -176 417.922729 ) (1024 -176 560 ) 
3 145 167 (1024 -176 417.922729 ) (1024 -176 432 ) (906.685913 -176 432 ) 
5 145 161 (1024 -176 432 ) (1024 -176 560 ) (688 -176 560 ) (688 -176 458.241547 ) (906.685913 -176 432 ) 
4 145 148 (688 0 458.241760 ) (1024 0 417.922882 ) (1024 -176 417.922852 ) (688 -176 458.241730 ) 
4 145 147 (688 0 458.243835 ) (688 -176 458.243835 ) (688 -176 474.239990 ) (688 0 474.239990 ) 
4 145 146 (688 -176 474.239990 ) (688 -176 560 ) (688 0 560 ) (688 0 474.239990 ) 
4 146 162 (688 -176 560 ) (240 -176 560 ) (240 -176 528 ) (688 -176 474.239960 ) 
4 146 149 (240 -176 528 ) (240 -176 560 ) (240 0 560 ) (240 0 528 ) 
3 146 147 (623.157043 0 482.021118 ) (688 0 474.239990 ) (688 -176 474.239990 ) 
3 147 148 (623.157043 0 466.022705 ) (688 0 458.241760 ) (688 -176 458.241730 ) 
5 148 167 (1024 -176 320 ) (1024 -176 417.922729 ) (906.685974 -176 432 ) (640 -176 432 ) (640 -176 320 ) 
4 148 163 (688 -176 458.241547 ) (640 -176 464.001373 ) (640 -176 448 ) (688 -176 448 ) 
3 148 161 (906.685974 -176 432 ) (688 -176 458.241547 ) (688 -176 432 ) 
4 148 152 (1024 -176 320 ) (640 -176 320 ) (575.157959 0 320 ) (1024 0 320 ) 
4 149 162 (240 -176 528 ) (240 -176 560 ) (192 -176 560 ) (192 -176 533.759949 ) 
4 149 150 (192 -176 533.760010 ) (192 -176 560 ) (192 0 560 ) (192 0 533.760010 ) 
4 150 267 (0 -176 540.799133 ) (0 -176 560 ) (0 0 560 ) (0 0 540.799133 ) 
4 150 166 (0 -176 560 ) (0 -176 540.799133 ) (192 -176 517.759827 ) (192 -176 560 ) 
4 150 151 (0 0 540.799561 ) (192 0 517.760254 ) (192 -176 517.760254 ) (0 -176 540.799561 ) 
4 151 267 (0 -176 360 ) (0 -176 540.799133 ) (0 0 540.799133 ) (0 0 360 ) 
4 151 169 (0 -176 432 ) (0 -176 360 ) (240 -176 400 ) (240 -176 432 ) 
4 151 163 (240 -176 448 ) (240 -176 512 ) (192 -176 517.759827 ) (192 -176 448 ) 
4 151 166 (0 -176 540.799133 ) (0 -176 432 ) (192 -176 432 ) (192 -176 517.759827 ) 
4 152 172 (1024 -176 128 ) (1024 -176 320 ) (640 -176 320 ) (640 -176 128 ) 
4 152 157 (1024 -176 128 ) (640 -176 128 ) (575.157959 0 128 ) (1024 0 128 ) 
4 153 180 (512 -176 320 ) (489 -176 320 ) (489 -176 128 ) (512 -176 128 ) 
4 153 179 (489 -176 320 ) (397 -176 320 ) (397 -176 128 ) (489 -176 128 ) 
4 153 178 (397 -176 320 ) (307 -176 320 ) (307 -176 128 ) (397 -176 128 ) 
4 153 177 (307 -176 320 ) (256 -176 320 ) (256 -176 128 ) (307 -176 128 ) 
4 153 159 (512 -176 128 ) (256 -176 128 ) (256 0 128 ) (512 0 128 ) 
4 153 154 (256 0 128 ) (256 -160 128 ) (256 -160 176 ) (256 0 176 ) 
4 154 155 (240 0 128 ) (240 -160 128 ) (240 -160 176 ) (240 0 176 ) 
4 155 272 (0 -112 320 ) (0 0 320 ) (0 0 128 ) (0 -112 128 ) 
4 155 156 (104 -160 128 ) (216 -160 128 ) (216 -160 248 ) (104 -160 248 ) 
4 156 190 (104 -176 248 ) (104 -176 128 ) (216 -176 128 ) (216 -176 248 ) 
4 157 187 (1024 -176 -48 ) (1024 -176 16 ) (640 -176 16 ) (640 -176 -48 ) 
4 157 172 (1024 -176 16 ) (1024 -176 128 ) (640 -176 128 ) (640 -176 16 ) 
4 157 158 (1024 -176 -48 ) (640 -176 -48 ) (575.157959 0 -48 ) (1024 0 -48 ) 
4 158 187 (1024 -176 -64 ) (1024 -176 -48 ) (640 -176 -48 ) (640 -176 -64 ) 
4 158 160 (1024 -176 -64 ) (512 -176 -64 ) (512 0 -64 ) (1024 0 -64 ) 
4 159 180 (512 -176 128 ) (489 -176 128 ) (489 -176 16 ) (512 -176 16 ) 
4 159 179 (489 -176 128 ) (397 -176 128 ) (397 -176 16 ) (489 -176 16 ) 
4 159 178 (397 -176 128 ) (307 -176 128 ) (307 -176 16 ) (397 -176 16 ) 
4 159 177 (307 -176 128 ) (256 -176 128 ) (256 -176 16 ) (307 -176 16 ) 
4 160 277 (0 -176 -288 ) (0 -176 -64 ) (0 0 -64 ) (0 0 -288 ) 
4 160 193 (240 -176 -64 ) (0 -176 -64 ) (0 -176 -288 ) (240 -176 -288 ) 
4 160 189 (256 -176 -64 ) (240 -176 -64 ) (240 -176 -288 ) (256 -176 -288 ) 
4 160 188 (1024 -176 -288 ) (1024 -176 -64 ) (256 -176 -64 ) (256 -176 -288 ) 
4 161 204 (1024 -1024 358.260895 ) (1024 -1024 560 ) (688 -1024 560 ) (688 -1024 358.260895 ) 
4 161 167 (688 -176 432 ) (1024 -176 432 ) (1024 -1024 358.260681 ) (688 -1024 358.260681 ) 
4 161 163 (688 -176 458.241577 ) (688 -176 448 ) (688 -224 443.826080 ) (688 -224 458.241577 ) 
4 161 162 (688 -224 560 ) (688 -176 560 ) (688 -176 474.240021 ) (688 -224 474.239990 ) 
4 161 164 (688 -592 560 ) (688 -224 560 ) (688 -224 443.826080 ) (688 -592 411.825989 ) 
4 161 165 (688 -1024 560 ) (688 -592 560 ) (688 -592 395.826569 ) (688 -1024 358.261383 ) 
4 162 164 (192 -224 560 ) (192 -224 533.760010 ) (688 -224 474.239990 ) (688 -224 560 ) 
4 162 166 (192 -224 560 ) (192 -176 560 ) (192 -176 533.760010 ) (192 -224 533.760010 ) 
4 163 166 (192 -176 517.759827 ) (192 -176 448 ) (192 -224 443.826080 ) (192 -224 517.759827 ) 
4 163 164 (192 -224 517.759827 ) (192 -224 443.824219 ) (688 -224 443.824219 ) (688 -224 458.241547 ) 
4 164 166 (192 -592 560 ) (192 -224 560 ) (192 -224 443.826080 ) (192 -592 411.825989 ) 
4 164 165 (192 -592 560 ) (192 -592 411.825989 ) (688 -592 411.825989 ) (688 -592 560 ) 
4 165 204 (688 -1024 560 ) (192 -1024 560 ) (192 -1024 358.260895 ) (688 -1024 358.260895 ) 
4 165 171 (240 -1024 358.260681 ) (192 -1024 358.260681 ) (192 -592 395.825867 ) (240 -592 395.825867 ) 
4 165 168 (640 -1024 358.260681 ) (240 -1024 358.260681 ) (240 -592 395.825867 ) (640 -592 395.825867 ) 
4 165 167 (688 -592 395.825867 ) (688 -1024 358.260681 ) (640 -1024 358.260681 ) (640 -592 395.825867 ) 
4 165 166 (192 -1024 560 ) (192 -592 560 ) (192 -592 395.826569 ) (192 -1024 358.261383 ) 
4 166 267 (0 -224 560 ) (0 -176 560 ) (0 -176 432 ) (0 -224 427.826080 ) 
4 166 268 (0 -1024 358.260895 ) (0 -1024 560 ) (0 -224 560 ) (0 -224 427.826080 ) 
4 166 204 (192 -1024 560 ) (0 -1024 560 ) (0 -1024 358.260895 ) (192 -1024 358.260895 ) 
4 166 169 (0 -176 432 ) (192 -176 432 ) (192 -224 427.825836 ) (0 -224 427.825836 ) 
4 166 171 (192 -224 427.825836 ) (192 -1024 358.260681 ) (0 -1024 358.260681 ) (0 -224 427.825836 ) 
4 167 204 (1024 -1024 320 ) (1024 -1024 358.260895 ) (640 -1024 358.260895 ) (640 -1024 320 ) 
4 167 198 (1024 -1024 320 ) (640 -1024 320 ) (640 -544 320 ) (1024 -544 320 ) 
4 167 185 (640 -544 320 ) (640 -528 320 ) (1024 -528 320 ) (1024 -544 320 ) 
4 167 172 (640 -528 320 ) (640 -176 320 ) (1024 -176 320 ) (1024 -528 320 ) 
4 167 168 (640 -544 320 ) (640 -1024 320 ) (640 -1024 358.259155 ) (640 -544 399.998291 ) 
4 168 204 (640 -1024 358.260895 ) (240 -1024 358.260895 ) (240 -1024 320 ) (640 -1024 320 ) 
4 168 200 (320 -1024 320 ) (240 -1024 320 ) (240 -544 320 ) (320 -544 320 ) 
4 168 199 (448 -1024 320 ) (320 -1024 320 ) (320 -544 320 ) (448 -544 320 ) 
4 168 198 (640 -1024 320 ) (448 -1024 320 ) (448 -544 320 ) (640 -544 320 ) 
4 168 171 (240 -544 320 ) (240 -1024 320 ) (240 -1024 358.259155 ) (240 -544 399.998291 ) 
4 169 267 (0 -224 427.826080 ) (0 -176 432 ) (0 -176 360 ) (0 -224 360 ) 
4 169 171 (240 -224 400 ) (240 -224 427.824219 ) (0 -224 427.824219 ) (0 -224 360 ) 
4 170 270 (0 -176 344 ) (0 -176 320 ) (0 -224 320 ) (0 -224 344 ) 
4 170 190 (96 -176 320 ) (240 -176 320 ) (240 -224 320 ) (96 -224 320 ) 
4 170 191 (0 -224 320 ) (0 -176 320 ) (96 -176 320 ) (96 -224 320 ) 
4 170 171 (0 -224 320 ) (240 -224 320 ) (240 -224 384 ) (0 -224 344 ) 
4 171 270 (0 -1024 320 ) (0 -1024 344 ) (0 -224 344 ) (0 -224 320 ) 
4 171 268 (0 -1024 344 ) (0 -1024 358.260895 ) (0 -224 427.826080 ) (0 -224 344 ) 
4 171 204 (240 -1024 358.260895 ) (0 -1024 358.260895 ) (0 -1024 320 ) (240 -1024 320 ) 
3 171 201 (0 -784 320 ) (0 -544 320 ) (240 -544 320 ) 
4 171 200 (240 -1024 320 ) (0 -1024 320 ) (0 -784 320 ) (240 -544 320 ) 
5 171 195 (0 -544 320 ) (0 -496 320 ) (96 -400 320 ) (240 -400 320 ) (240 -544 320 ) 
3 171 194 (0 -496 320 ) (0 -400 320 ) (96 -400 320 ) 
4 171 190 (96 -224 320 ) (240 -224 320 ) (240 -400 320 ) (96 -400 320 ) 
4 171 191 (0 -400 320 ) (0 -224 320 ) (96 -224 320 ) (96 -400 320 ) 
4 172 187 (640 -176 16 ) (1024 -176 16 ) (1024 -528 16 ) (640 -528 16 ) 
4 172 185 (640 -528 16 ) (1024 -528 16 ) (1024 -528 320 ) (640 -528 320 ) 
4 173 186 (328 -528 16 ) (440 -528 16 ) (440 -528 168 ) (328 -528 168 ) 
4 173 182 (485.048798 -353.951202 16 ) (471 -368 16 ) (471 -368 320 ) (485.048798 -353.951202 320 ) 
4 173 181 (562.335938 -276.664063 320 ) (562.335938 -276.664063 16 ) (485.048798 -353.951202 16 ) (485.048798 -353.951202 320 ) 
4 173 174 (448 -391 16 ) (311 -528 16 ) (311 -528 320 ) (448 -391 320 ) 
4 174 175 (416 -400 16 ) (256 -445 16 ) (256 -445 320 ) (416 -400 320 ) 
4 175 176 (384 -391 16 ) (256 -355 16 ) (256 -355 320 ) (384 -391 320 ) 
4 176 177 (361 -368 16 ) (256 -263 16 ) (256 -263 320 ) (361 -368 320 ) 
4 177 178 (352 -336 16 ) (307 -176 16 ) (307 -176 320 ) (352 -336 320 ) 
4 178 179 (361 -304 16 ) (397 -176 16 ) (397 -176 320 ) (361 -304 320 ) 
4 179 180 (384 -281 16 ) (489 -176 16 ) (489 -176 320 ) (384 -281 320 ) 
4 180 183 (416 -272 16 ) (458.627960 -260.010559 16 ) (458.627960 -260.010559 320 ) (416 -272 320 ) 
4 180 181 (458.627960 -260.010559 16 ) (542.246460 -236.492996 16 ) (542.246460 -236.492996 320 ) (458.627960 -260.010559 320 ) 
4 181 184 (465.951721 -286.048920 16 ) (471 -304 16 ) (471 -304 320 ) (465.951721 -286.048920 320 ) 
4 181 183 (458.629883 -260.015625 320 ) (458.629883 -260.015625 16 ) (465.951721 -286.048920 16 ) (465.951721 -286.048920 320 ) 
4 181 182 (480 -336 16 ) (485.049133 -353.950897 16 ) (485.049133 -353.950897 320 ) (480 -336 320 ) 
4 183 184 (448 -281 16 ) (465.952362 -286.049530 16 ) (465.952362 -286.049530 320 ) (448 -281 320 ) 
4 185 198 (1024 -544 16 ) (1024 -544 320 ) (640 -544 320 ) (640 -544 16 ) 
4 185 187 (1024 -544 16 ) (640 -544 16 ) (640 -528 16 ) (1024 -528 16 ) 
4 186 199 (328 -544 168 ) (328 -544 16 ) (440 -544 16 ) (440 -544 168 ) 
4 187 202 (1024 -544 -64 ) (1024 -544 0 ) (640 -544 0 ) (640 -544 -64 ) 
4 187 198 (1024 -544 0 ) (1024 -544 16 ) (640 -544 16 ) (640 -544 0 ) 
4 187 188 (1024 -544 -64 ) (640 -544 -64 ) (640 -176 -64 ) (1024 -176 -64 ) 
4 188 202 (1024 -544 -288 ) (1024 -544 -64 ) (256 -544 -64 ) (256 -544 -288 ) 
4 188 189 (256 -544 -288 ) (256 -544 -64 ) (256 -176 -64 ) (256 -176 -288 ) 
4 189 202 (256 -544 -288 ) (256 -544 -16 ) (240 -544 -16 ) (240 -544 -288 ) 
4 189 197 (240 -544 -288 ) (240 -544 -16 ) (240 -400 -16 ) (240 -400 -288 ) 
4 189 193 (240 -400 -16 ) (240 -176 -16 ) (240 -176 -288 ) (240 -400 -288 ) 
4 190 195 (240 -400 64 ) (240 -400 320 ) (96 -400 320 ) (96 -400 64 ) 
5 190 191 (96 -320 64 ) (96 -400 64 ) (96 -400 320 ) (96 -176 320 ) (96 -176 128 ) 
4 191 279 (0 -400 64 ) (0 -400 128 ) (0 -176 128 ) (0 -176 64 ) 
4 191 273 (0 -400 128 ) (0 -400 320 ) (0 -176 320 ) (0 -176 128 ) 
4 191 194 (96 -400 320 ) (0 -400 320 ) (0 -400 64 ) (96 -400 64 ) 
4 191 192 (96 -400 64 ) (0 -400 64 ) (0 -176 64 ) (96 -176 64 ) 
4 192 279 (0 -400 0 ) (0 -400 64 ) (0 -176 64 ) (0 -176 0 ) 
4 192 281 (0 -400 -16 ) (0 -400 0 ) (0 -176 0 ) (0 -176 -16 ) 
4 192 197 (0 -400 0 ) (0 -400 -16 ) (96 -400 -16 ) (96 -400 0 ) 
4 192 194 (96 -400 64 ) (0 -400 64 ) (0 -400 0 ) (96 -400 0 ) 
4 192 193 (96 -400 -16 ) (0 -400 -16 ) (0 -176 -16 ) (96 -176 -16 ) 
4 193 281 (0 -400 -288 ) (0 -400 -16 ) (0 -176 -16 ) (0 -176 -288 ) 
4 193 197 (240 -400 -288 ) (240 -400 -16 ) (0 -400 -16 ) (0 -400 -288 ) 
4 194 279 (0 -400 128 ) (0 -400 0 ) (0 -496 0 ) (0 -496 128 ) 
4 194 273 (0 -496 320 ) (0 -400 320 ) (0 -400 128 ) (0 -496 128 ) 
3 194 197 (0 -400 0 ) (96 -400 0 ) (0 -496 0 ) 
3 194 196 (96 -400 64 ) (0 -496 64 ) (0 -496 21.333332 ) 
4 194 195 (96 -400 64 ) (96 -400 320 ) (0 -496 320 ) (0 -496 64 ) 
4 195 280 (0 -544 64 ) (0 -544 128 ) (0 -496 128 ) (0 -496 64 ) 
4 195 273 (0 -544 128 ) (0 -544 320 ) (0 -496 320 ) (0 -496 128 ) 
4 195 201 (240 -544 64 ) (240 -544 320 ) (0 -544 320 ) (0 -544 64 ) 
4 195 196 (0 -496 64 ) (96 -400 64 ) (240 -544 64 ) (0 -544 64 ) 
4 196 280 (0 -544 10.666668 ) (0 -544 64 ) (0 -496 64 ) (0 -496 21.333332 ) 
3 196 201 (240 -544 64 ) (0 -544 64 ) (0 -544 10.666668 ) 
4 197 281 (0 -544 -288 ) (0 -544 0 ) (0 -400 0 ) (0 -400 -288 ) 
4 197 202 (240 -544 -288 ) (240 -544 0 ) (0 -544 0 ) (0 -544 -288 ) 
4 198 204 (1024 -1024 0 ) (1024 -1024 320 ) (448 -1024 320 ) (448 -1024 0 ) 
4 198 202 (1024 -1024 0 ) (448 -1024 0 ) (448 -544 0 ) (1024 -544 0 ) 
5 198 199 (448 -544 320 ) (448 -544 16 ) (448 -608 0 ) (448 -1024 0 ) (448 -1024 320 ) 
4 199 204 (448 -1024 320 ) (320 -1024 320 ) (320 -1024 0 ) (448 -1024 0 ) 
4 199 202 (448 -1024 0 ) (320 -1024 0 ) (320 -608 0 ) (448 -608 0 ) 
5 199 200 (320 -544 320 ) (320 -544 16 ) (320 -608 0 ) (320 -1024 0 ) (320 -1024 320 ) 
4 200 280 (0 -1024 0 ) (0 -1024 128 ) (0 -784 128 ) (0 -784 0 ) 
4 200 273 (0 -1024 128 ) (0 -1024 320 ) (0 -784 320 ) (0 -784 128 ) 
4 200 204 (320 -1024 320 ) (0 -1024 320 ) (0 -1024 0 ) (320 -1024 0 ) 
5 200 202 (320 -1024 0 ) (0 -1024 0 ) (0 -784 0 ) (240 -544 0 ) (320 -544 0 ) 
5 200 201 (239.998062 -544 320 ) (239.998047 -544 64 ) (96 -688 0 ) (0 -783.998047 0 ) (0 -784 320 ) 
5 201 280 (0 -544 128 ) (0 -544 10.666656 ) (0 -592 0 ) (0 -784 0 ) (0 -784 128 ) 
4 201 273 (0 -784 320 ) (0 -544 320 ) (0 -544 128 ) (0 -784 128 ) 
3 201 202 (0 -784 0 ) (0 -592 0 ) (96 -688 0 ) 
4 202 281 (0 -1024 -288 ) (0 -1024 0 ) (0 -544 0 ) (0 -544 -288 ) 
4 202 204 (1024 -1024 -288 ) (1024 -1024 0 ) (0 -1024 0 ) (0 -1024 -288 ) 
4 203 204 (1024 -1024 560 ) (1024 -1024 -288 ) (1024 -1504 -288 ) (1024 -1504 560 ) 
4 204 353 (0 -1504 -288 ) (0 -1504 560 ) (0 -1024 560 ) (0 -1024 -288 ) 
4 205 227 (-48 256 384 ) (-176 256 384 ) (-176 256 -48 ) (-48 256 -48 ) 
4 205 224 (0 256 16 ) (0 256 128 ) (-48 256 128 ) (-48 256 16 ) 
4 205 220 (0 256 128 ) (0 256 320 ) (-48 256 320 ) (-48 256 128 ) 
4 205 219 (0 256 320 ) (0 256 344 ) (-48 256 336 ) (-48 256 320 ) 
4 205 217 (0 256 344 ) (0 256 384 ) (-48 256 384 ) (-48 256 336 ) 
4 205 216 (0 256 384 ) (0 256 560 ) (-176 256 560 ) (-176 256 384 ) 
4 205 208 (-176 784 -48 ) (-176 448 -48 ) (-176 448 112 ) (-176 784 112 ) 
4 205 207 (-176 448 128 ) (-176 448 560 ) (-176 784 560 ) (-176 784 128 ) 
4 205 206 (-176 1024 -48 ) (-176 784 -48 ) (-176 784 560 ) (-176 1024 560 ) 
4 205 213 (-176 448 -48 ) (-176 256 -48 ) (-176 256 560 ) (-176 448 560 ) 
4 205 214 (0 256 -48 ) (-176 256 -48 ) (-176 1024 -48 ) (0 1024 -48 ) 
4 206 212 (-512 784 144 ) (-512 784 -48 ) (-496 784 -48 ) (-496 784 142.476181 ) 
4 206 209 (-496 784 -48 ) (-192 784 -48 ) (-192 784 113.523804 ) (-496 784 142.476181 ) 
4 206 208 (-192 784 -48 ) (-176 784 -48 ) (-176 784 112 ) (-192 784 113.523804 ) 
4 206 207 (-512 784 560 ) (-512 784 160 ) (-176 784 128 ) (-176 784 560 ) 
4 206 214 (-512 784 -48 ) (-512 1024 -48 ) (-176 1024 -48 ) (-176 784 -48 ) 
4 206 215 (-512 784 560 ) (-512 1024 560 ) (-512 1024 -48 ) (-512 784 -48 ) 
4 207 215 (-512 448 560 ) (-512 784 560 ) (-512 784 160 ) (-512 448 160 ) 
4 207 213 (-512 448 560 ) (-512 448 160 ) (-176 448 128 ) (-176 448 560 ) 
4 208 211 (-192 448 -48 ) (-192 448 113.523804 ) (-192 464 113.523804 ) (-192 464 -48 ) 
4 208 210 (-192 464 113.523804 ) (-192 768 113.523811 ) (-192 768 112 ) (-192 464 112 ) 
4 208 209 (-192 768 113.523811 ) (-192 784 113.523811 ) (-192 784 -48 ) (-192 768 -48 ) 
4 208 213 (-192 448 -48 ) (-176 448 -48 ) (-176 448 112 ) (-192 448 113.523804 ) 
4 208 214 (-192 784 -48 ) (-176 784 -48 ) (-176 448 -48 ) (-192 448 -48 ) 
4 209 212 (-496 784 142.476196 ) (-496 784 -48 ) (-496 768 -48 ) (-496 768 142.476181 ) 
3 209 210 (-192 768 112 ) (-192 768 113.523804 ) (-343.998474 768 128 ) 
4 209 214 (-496 784 -48 ) (-192 784 -48 ) (-192 768 -48 ) (-496 768 -48 ) 
3 210 211 (-192 464 112 ) (-192 464 113.523804 ) (-343.998474 464 128 ) 
4 211 212 (-496 448 -48 ) (-496 448 142.476212 ) (-496 464 142.476196 ) (-496 464 -48 ) 
4 211 214 (-192 464 -48 ) (-192 448 -48 ) (-496 448 -48 ) (-496 464 -48 ) 
4 211 213 (-496 448 -48 ) (-192 448 -48 ) (-192 448 113.523804 ) (-496 448 142.476181 ) 
4 212 215 (-512 784 144 ) (-512 784 -48 ) (-512 448 -48 ) (-512 448 144 ) 
4 212 214 (-512 448 -48 ) (-512 784 -48 ) (-496 784 -48 ) (-496 448 -48 ) 
4 212 213 (-512 448 144 ) (-512 448 -48 ) (-496 448 -48 ) (-496 448 142.476181 ) 
4 213 227 (-512 256 384 ) (-512 256 -48 ) (-176 256 -48 ) (-176 256 384 ) 
4 213 216 (-176 256 560 ) (-512 256 560 ) (-512 256 384 ) (-176 256 384 ) 
4 213 215 (-512 256 -48 ) (-512 256 560 ) (-512 448 560 ) (-512 448 -48 ) 
4 213 214 (-176 256 -48 ) (-512 256 -48 ) (-512 448 -48 ) (-176 448 -48 ) 
4 214 236 (-256 1024 -80 ) (0 1024 -80 ) (0 256 -80 ) (-256 256 -80 ) 
4 214 239 (-512 1024 -80 ) (-256 1024 -80 ) (-256 256 -80 ) (-512 256 -80 ) 
4 214 234 (-512 256 -80 ) (-48 256 -80 ) (-48 256 -48 ) (-512 256 -48 ) 
4 214 225 (-48 256 -80 ) (0 256 -80 ) (0 256 -64 ) (-48 256 -64 ) 
4 214 215 (-512 1024 -80 ) (-512 256 -80 ) (-512 256 -48 ) (-512 1024 -48 ) 
4 215 255 (-1024 768 -80 ) (-1024 256 -80 ) (-1024 256 -48 ) (-1024 768 -48 ) 
4 215 249 (-1024 256 -48 ) (-1024 256 384 ) (-1024 768 384 ) (-1024 768 -48 ) 
4 215 247 (-1024 1024 -48 ) (-1024 1024 -80 ) (-1024 768 -80 ) (-1024 768 -48 ) 
4 215 245 (-1024 800 -48 ) (-1024 768 -48 ) (-1024 768 128 ) (-1024 800 128 ) 
4 215 243 (-1024 1024 128 ) (-1024 1024 -48 ) (-1024 800 -48 ) (-1024 800 128 ) 
4 215 241 (-1024 1024 384 ) (-1024 1024 128 ) (-1024 768 128 ) (-1024 768 384 ) 
4 215 240 (-1024 1024 560 ) (-1024 1024 384 ) (-1024 256 384 ) (-1024 256 560 ) 
4 215 239 (-1024 256 -80 ) (-1024 1024 -80 ) (-512 1024 -80 ) (-512 256 -80 ) 
4 215 235 (-1024 256 -64 ) (-1024 256 -80 ) (-768 256 -80 ) (-768 256 -64 ) 
4 215 234 (-768 256 -80 ) (-512 256 -80 ) (-512 256 -48 ) (-768 256 -48 ) 
4 215 228 (-952 256 -48 ) (-840 256 -48 ) (-840 256 104 ) (-952 256 104 ) 
4 215 227 (-768 256 -48 ) (-512 256 -48 ) (-512 256 384 ) (-768 256 384 ) 
4 215 216 (-1024 256 560 ) (-1024 256 384 ) (-512 256 384 ) (-512 256 560 ) 
4 216 291 (-768 0 560 ) (-1024 0 560 ) (-1024 0 384 ) (-768 0 384 ) 
4 216 267 (0 0 384 ) (0 0 560 ) (-96 0 560 ) (-96 0 384 ) 
4 216 269 (-96 0 560 ) (-768 0 560 ) (-768 0 384 ) (-96 0 384 ) 
4 216 240 (-1024 0 384 ) (-1024 0 560 ) (-1024 256 560 ) (-1024 256 384 ) 
4 216 230 (-48 0 384 ) (-96 0 384 ) (-96 176 384 ) (-48 176 384 ) 
4 216 229 (-96 176 384 ) (-96 240 384 ) (-48 240 384 ) (-48 176 384 ) 
4 216 232 (-96 0 384 ) (-768 0 384 ) (-768 240 384 ) (-96 240 384 ) 
4 216 227 (-768 256 384 ) (-48 256 384 ) (-48 240 384 ) (-768 240 384 ) 
4 216 218 (0 0 384 ) (-48 0 384 ) (-48 176 384 ) (0 176 384 ) 
4 216 217 (-48 176 384 ) (-48 256 384 ) (0 256 384 ) (0 176 384 ) 
4 217 229 (-48 176 384 ) (-48 240 384 ) (-48 240 336 ) (-48 176 336 ) 
4 217 227 (-48 240 384 ) (-48 256 384 ) (-48 256 336 ) (-48 240 336 ) 
4 217 219 (-48 176 336 ) (-48 256 336 ) (0 256 344 ) (0 176 344 ) 
4 217 218 (-48 176 384 ) (-48 176 352 ) (0 176 360 ) (0 176 384 ) 
4 218 267 (0 0 360 ) (0 0 384 ) (-48 0 384 ) (-48 0 352 ) 
4 218 230 (-48 0 384 ) (-48 176 384 ) (-48 176 352 ) (-48 0 352 ) 
4 219 231 (-48 176 320 ) (-48 128 320 ) (-48 128 336 ) (-48 176 336 ) 
4 219 229 (-48 240 320 ) (-48 176 320 ) (-48 176 336 ) (-48 240 336 ) 
4 219 227 (-48 256 336 ) (-48 256 320 ) (-48 240 320 ) (-48 240 336 ) 
4 219 220 (-48 128 320 ) (-48 256 320 ) (0 256 320 ) (0 128 320 ) 
4 220 231 (-48 176 128 ) (-48 128 128 ) (-48 128 320 ) (-48 176 320 ) 
4 220 229 (-48 240 128 ) (-48 176 128 ) (-48 176 320 ) (-48 240 320 ) 
4 220 227 (-48 256 320 ) (-48 256 128 ) (-48 240 128 ) (-48 240 320 ) 
4 220 224 (-48 128 128 ) (-48 256 128 ) (0 256 128 ) (0 128 128 ) 
4 221 272 (0 0 256 ) (0 0 320 ) (-32 0 320 ) (-32 0 256 ) 
4 221 222 (-32 112 256 ) (0 112 256 ) (0 0 256 ) (-32 0 256 ) 
4 222 272 (0 0 128 ) (0 0 256 ) (-32 0 256 ) (-32 0 128 ) 
4 222 223 (-32 0 256 ) (-32 64 256 ) (-32 64 128 ) (-32 0 128 ) 
4 223 231 (-48 64 128 ) (-48 0 128 ) (-48 0 256 ) (-48 64 256 ) 
4 224 231 (-48 176 16 ) (-48 128 16 ) (-48 128 128 ) (-48 176 128 ) 
4 224 229 (-48 240 16 ) (-48 176 16 ) (-48 176 128 ) (-48 240 128 ) 
4 224 227 (-48 256 128 ) (-48 256 16 ) (-48 240 16 ) (-48 240 128 ) 
4 225 238 (-48 128 -80 ) (-48 256 -80 ) (0 256 -80 ) (0 128 -80 ) 
4 225 234 (-48 256 -64 ) (-48 256 -80 ) (-48 128 -80 ) (-48 128 -64 ) 
4 225 226 (-48 128 -64 ) (-48 128 -80 ) (0 128 -80 ) (0 128 -64 ) 
4 226 277 (0 0 -80 ) (0 0 -64 ) (-48 0 -64 ) (-48 0 -80 ) 
4 226 238 (0 0 -80 ) (-48 0 -80 ) (-48 128 -80 ) (0 128 -80 ) 
4 226 234 (-48 128 -80 ) (-48 0 -80 ) (-48 0 -64 ) (-48 128 -64 ) 
4 227 234 (-768 256 -48 ) (-48 256 -48 ) (-48 240 -48 ) (-768 240 -48 ) 
4 227 229 (-96 240 -48 ) (-48 240 -48 ) (-48 240 384 ) (-96 240 384 ) 
4 227 232 (-768 240 -48 ) (-96 240 -48 ) (-96 240 384 ) (-768 240 384 ) 
4 228 233 (-952 240 -48 ) (-840 240 -48 ) (-840 240 104 ) (-952 240 104 ) 
4 229 234 (-48 240 -48 ) (-48 176 -48 ) (-96 176 -48 ) (-96 240 -48 ) 
4 229 230 (-96 176 384 ) (-96 176 344 ) (-48 176 352 ) (-48 176 384 ) 
4 229 231 (-96 176 328 ) (-96 176 -48 ) (-48 176 -48 ) (-48 176 336 ) 
4 229 232 (-96 240 384 ) (-96 240 -48 ) (-96 176 -48 ) (-96 176 384 ) 
4 230 267 (-48 0 384 ) (-96 0 384 ) (-96 0 344 ) (-48 0 352 ) 
4 230 232 (-96 0 344 ) (-96 0 384 ) (-96 176 384 ) (-96 176 344 ) 
4 231 278 (-96 0 128 ) (-96 0 -48 ) (-48 0 -48 ) (-48 0 128 ) 
4 231 276 (-96 0 320 ) (-96 0 128 ) (-48 0 128 ) (-48 0 320 ) 
4 231 271 (-96 0 328 ) (-96 0 320 ) (-48 0 320 ) (-48 0 336 ) 
4 231 234 (-48 176 -48 ) (-48 0 -48 ) (-96 0 -48 ) (-96 176 -48 ) 
4 231 232 (-96 176 -48 ) (-96 0 -48 ) (-96 0 328 ) (-96 176 328 ) 
4 232 285 (-688 0 -48 ) (-656 0 -48 ) (-656 0 32 ) (-688 0 32 ) 
4 232 287 (-768 0 32 ) (-768 0 -48 ) (-688 0 -48 ) (-688 0 32 ) 
4 232 283 (-768 0 48 ) (-768 0 32 ) (-656 0 32 ) (-656 0 48 ) 
4 232 282 (-768 0 128 ) (-768 0 48 ) (-656 0 48 ) (-656 0 128 ) 
4 232 278 (-656 0 -48 ) (-96 0 -48 ) (-96 0 128 ) (-656 0 128 ) 
4 232 276 (-768 0 320 ) (-768 0 128 ) (-96 0 128 ) (-96 0 320 ) 
3 232 271 (-144 0 320 ) (-96 0 320 ) (-96 0 328 ) 
5 232 269 (-96 0 384 ) (-768 0 384 ) (-768 0 320 ) (-144 0 320 ) (-96 0 328 ) 
4 232 234 (-96 0 -48 ) (-768 0 -48 ) (-768 240 -48 ) (-96 240 -48 ) 
4 233 297 (-1024 0 368 ) (-1024 0 48 ) (-784 0 48 ) (-784 0 368 ) 
4 233 253 (-1024 0 -48 ) (-1024 0 48 ) (-1024 240 48 ) (-1024 240 -48 ) 
4 233 251 (-1024 0 48 ) (-1024 0 368 ) (-1024 240 368 ) (-1024 240 48 ) 
4 234 285 (-688 0 -80 ) (-656 0 -80 ) (-656 0 -48 ) (-688 0 -48 ) 
4 234 287 (-768 0 -80 ) (-688 0 -80 ) (-688 0 -48 ) (-768 0 -48 ) 
4 234 278 (-656 0 -80 ) (-48 0 -80 ) (-48 0 -48 ) (-656 0 -48 ) 
4 234 238 (-48 0 -80 ) (-256 0 -80 ) (-256 256 -80 ) (-48 256 -80 ) 
4 234 239 (-256 0 -80 ) (-768 0 -80 ) (-768 256 -80 ) (-256 256 -80 ) 
4 234 235 (-768 256 -64 ) (-768 256 -80 ) (-768 0 -80 ) (-768 0 -64 ) 
4 235 298 (-1024 0 -64 ) (-1024 0 -80 ) (-784 0 -80 ) (-784 0 -64 ) 
4 235 294 (-784 0 -80 ) (-768 0 -80 ) (-768 0 -64 ) (-784 0 -64 ) 
4 235 257 (-1024 256 -80 ) (-1024 0 -80 ) (-1024 0 -64 ) (-1024 256 -64 ) 
4 235 239 (-768 0 -80 ) (-1024 0 -80 ) (-1024 256 -80 ) (-768 256 -80 ) 
4 236 238 (-256 256 -80 ) (-256 256 -160 ) (0 256 -160 ) (0 256 -80 ) 
4 236 239 (-256 256 -160 ) (-256 256 -80 ) (-256 1024 -80 ) (-256 1024 -160 ) 
4 236 237 (0 256 -160 ) (-256 256 -160 ) (-256 1024 -160 ) (0 1024 -160 ) 
4 237 238 (-256 256 -160 ) (-256 256 -288 ) (0 256 -288 ) (0 256 -160 ) 
4 237 239 (-256 1024 -288 ) (-256 256 -288 ) (-256 256 -160 ) (-256 1024 -160 ) 
4 238 277 (0 0 -288 ) (0 0 -80 ) (-48 0 -80 ) (-48 0 -288 ) 
4 238 278 (-48 0 -80 ) (-256 0 -80 ) (-256 0 -288 ) (-48 0 -288 ) 
4 238 239 (-256 256 -288 ) (-256 0 -288 ) (-256 0 -80 ) (-256 256 -80 ) 
4 239 298 (-784 0 -80 ) (-1024 0 -80 ) (-1024 0 -288 ) (-784 0 -288 ) 
4 239 294 (-768 0 -80 ) (-784 0 -80 ) (-784 0 -288 ) (-768 0 -288 ) 
4 239 285 (-656 0 -80 ) (-688 0 -80 ) (-688 0 -288 ) (-656 0 -288 ) 
4 239 287 (-688 0 -80 ) (-768 0 -80 ) (-768 0 -288 ) (-688 0 -288 ) 
4 239 278 (-256 0 -80 ) (-656 0 -80 ) (-656 0 -288 ) (-256 0 -288 ) 
4 239 257 (-1024 256 -288 ) (-1024 0 -288 ) (-1024 0 -80 ) (-1024 256 -80 ) 
4 239 255 (-1024 768 -288 ) (-1024 256 -288 ) (-1024 256 -80 ) (-1024 768 -80 ) 
4 239 248 (-1024 1024 -112 ) (-1024 1024 -288 ) (-1024 768 -288 ) (-1024 768 -112 ) 
4 239 247 (-1024 1024 -80 ) (-1024 1024 -112 ) (-1024 768 -112 ) (-1024 768 -80 ) 
4 240 301 (-1024 0 384 ) (-1024 0 560 ) (-1792 0 560 ) (-1792 0 384 ) 
4 240 259 (-1792 0 384 ) (-1792 0 560 ) (-1792 1024 560 ) (-1792 1024 384 ) 
4 240 252 (-1536 0 384 ) (-1792 0 384 ) (-1792 240 384 ) (-1536 240 384 ) 
4 240 250 (-1792 240 384 ) (-1792 256 384 ) (-1536 256 384 ) (-1536 240 384 ) 
4 240 249 (-1280 768 384 ) (-1024 768 384 ) (-1024 256 384 ) (-1280 256 384 ) 
4 240 241 (-1280 1024 384 ) (-1024 1024 384 ) (-1024 768 384 ) (-1280 768 384 ) 
4 241 249 (-1024 768 128 ) (-1024 768 384 ) (-1280 768 384 ) (-1280 768 128 ) 
4 241 245 (-1024 768 128 ) (-1280 768 128 ) (-1280 800 128 ) (-1024 800 128 ) 
4 241 243 (-1280 800 128 ) (-1280 1024 128 ) (-1024 1024 128 ) (-1024 800 128 ) 
4 242 260 (-1792 768 128 ) (-1792 768 368 ) (-1792 1024 368 ) (-1792 1024 128 ) 
4 242 246 (-1296 768 128 ) (-1792 768 128 ) (-1792 800 128 ) (-1296 800 128 ) 
4 242 244 (-1792 800 128 ) (-1792 1024 128 ) (-1296 1024 128 ) (-1296 800 128 ) 
4 243 247 (-1280 1024 -48 ) (-1024 1024 -48 ) (-1024 800 -48 ) (-1280 800 -48 ) 
4 243 245 (-1280 800 -48 ) (-1024 800 -48 ) (-1024 800 128 ) (-1280 800 128 ) 
4 244 262 (-1792 1024 112 ) (-1792 1024 -48 ) (-1792 800 -48 ) (-1792 800 112 ) 
4 244 260 (-1792 800 128 ) (-1792 1024 128 ) (-1792 1024 112 ) (-1792 800 112 ) 
4 244 246 (-1792 800 -48 ) (-1296 800 -48 ) (-1296 800 128 ) (-1792 800 128 ) 
4 245 249 (-1024 768 -48 ) (-1024 768 128 ) (-1280 768 128 ) (-1280 768 -48 ) 
4 245 247 (-1024 768 -48 ) (-1280 768 -48 ) (-1280 800 -48 ) (-1024 800 -48 ) 
4 246 262 (-1792 768 -48 ) (-1792 768 112 ) (-1792 800 112 ) (-1792 800 -48 ) 
4 246 260 (-1792 768 112 ) (-1792 768 128 ) (-1792 800 128 ) (-1792 800 112 ) 
4 247 255 (-1024 768 -112 ) (-1024 768 -48 ) (-1280 768 -48 ) (-1280 768 -112 ) 
4 247 248 (-1024 768 -112 ) (-1280 768 -112 ) (-1280 1024 -112 ) (-1024 1024 -112 ) 
4 248 265 (-1792 768 -288 ) (-1792 768 -112 ) (-1792 1024 -112 ) (-1792 1024 -288 ) 
4 248 256 (-1280 768 -112 ) (-1792 768 -112 ) (-1792 768 -288 ) (-1280 768 -288 ) 
4 248 255 (-1024 768 -288 ) (-1024 768 -112 ) (-1280 768 -112 ) (-1280 768 -288 ) 
4 249 255 (-1280 768 -48 ) (-1024 768 -48 ) (-1024 256 -48 ) (-1280 256 -48 ) 
4 250 264 (-1792 256 112 ) (-1792 256 -48 ) (-1792 240 -48 ) (-1792 240 112 ) 
4 250 261 (-1792 240 384 ) (-1792 256 384 ) (-1792 256 112 ) (-1792 240 112 ) 
4 250 258 (-1792 240 -48 ) (-1792 256 -48 ) (-1536 256 -48 ) (-1536 240 -48 ) 
4 250 254 (-1792 240 -48 ) (-1536 240 -48 ) (-1536 240 48 ) (-1792 240 48 ) 
4 250 252 (-1536 240 48 ) (-1536 240 384 ) (-1792 240 384 ) (-1792 240 48 ) 
4 251 302 (-1024 0 48 ) (-1024 0 368 ) (-1520 0 368 ) (-1520 0 48 ) 
4 251 253 (-1024 0 48 ) (-1408 0 48 ) (-1408 240 48 ) (-1024 240 48 ) 
4 252 307 (-1536 0 384 ) (-1792 0 384 ) (-1792 0 48 ) (-1536 0 48 ) 
4 252 264 (-1792 0 48 ) (-1792 0 112 ) (-1792 240 112 ) (-1792 240 48 ) 
4 252 261 (-1792 0 112 ) (-1792 0 384 ) (-1792 240 384 ) (-1792 240 112 ) 
4 252 254 (-1536 0 48 ) (-1792 0 48 ) (-1792 240 48 ) (-1536 240 48 ) 
4 254 309 (-1536 0 48 ) (-1792 0 48 ) (-1792 0 -48 ) (-1536 0 -48 ) 
4 254 264 (-1792 0 -48 ) (-1792 0 48 ) (-1792 240 48 ) (-1792 240 -48 ) 
4 254 258 (-1536 0 -48 ) (-1792 0 -48 ) (-1792 240 -48 ) (-1536 240 -48 ) 
4 255 257 (-1024 256 -288 ) (-1024 256 -64 ) (-1280 256 -64 ) (-1280 256 -288 ) 
4 255 256 (-1280 768 -288 ) (-1280 256 -288 ) (-1280 256 -112 ) (-1280 768 -112 ) 
4 256 265 (-1792 256 -288 ) (-1792 256 -112 ) (-1792 768 -112 ) (-1792 768 -288 ) 
4 256 257 (-1536 256 -288 ) (-1280 256 -288 ) (-1280 256 -112 ) (-1536 256 -112 ) 
4 256 258 (-1792 256 -112 ) (-1792 256 -288 ) (-1536 256 -288 ) (-1536 256 -112 ) 
4 257 304 (-1024 0 -288 ) (-1024 0 -64 ) (-1536 0 -64 ) (-1536 0 -288 ) 
4 257 258 (-1536 256 -64 ) (-1536 256 -288 ) (-1536 0 -288 ) (-1536 0 -64 ) 
4 258 311 (-1536 0 -48 ) (-1792 0 -48 ) (-1792 0 -288 ) (-1536 0 -288 ) 
4 258 266 (-1792 0 -288 ) (-1792 0 -48 ) (-1792 256 -48 ) (-1792 256 -288 ) 
4 259 337 (-2048 384 384 ) (-2048 256 384 ) (-2048 256 560 ) (-2048 384 560 ) 
4 259 338 (-2048 256 384 ) (-2048 0 384 ) (-2048 0 560 ) (-2048 256 560 ) 
4 259 326 (-2048 400 384 ) (-2048 384 384 ) (-2048 384 560 ) (-2048 400 560 ) 
4 259 318 (-2048 640 384 ) (-2048 400 384 ) (-2048 400 560 ) (-2048 640 560 ) 
4 259 312 (-2048 1024 560 ) (-2048 1024 384 ) (-2048 640 384 ) (-2048 640 560 ) 
4 259 301 (-1792 0 384 ) (-1792 0 560 ) (-2048 0 560 ) (-2048 0 384 ) 
4 259 261 (-1792 384 384 ) (-1792 0 384 ) (-2048 0 384 ) (-2048 384 384 ) 
4 260 319 (-2048 640 112 ) (-2048 400 112 ) (-2048 400 368 ) (-2048 640 368 ) 
4 260 314 (-2048 768 112 ) (-2048 640 112 ) (-2048 640 368 ) (-2048 768 368 ) 
4 260 313 (-2048 1024 368 ) (-2048 1024 112 ) (-2048 768 112 ) (-2048 768 368 ) 
4 260 263 (-2048 640 112 ) (-2048 768 112 ) (-1792 768 112 ) (-1792 640 112 ) 
4 260 262 (-2048 768 112 ) (-2048 1024 112 ) (-1792 1024 112 ) (-1792 768 112 ) 
4 261 337 (-2048 384 112 ) (-2048 256 112 ) (-2048 256 384 ) (-2048 384 384 ) 
4 261 338 (-2048 256 112 ) (-2048 0 112 ) (-2048 0 384 ) (-2048 256 384 ) 
4 261 307 (-1792 0 112 ) (-1792 0 384 ) (-2048 0 384 ) (-2048 0 112 ) 
4 261 264 (-2048 0 112 ) (-2048 256 112 ) (-1792 256 112 ) (-1792 0 112 ) 
4 262 313 (-2048 1024 112 ) (-2048 1024 -48 ) (-2048 768 -48 ) (-2048 768 112 ) 
5 262 263 (-1984 768 -48 ) (-1792 768 -48 ) (-1792 768 112 ) (-2048 768 112 ) (-2048 768 -16 ) 
4 263 314 (-2048 640 -16 ) (-2048 640 112 ) (-2048 768 112 ) (-2048 768 -16 ) 
4 264 338 (-2048 256 -48 ) (-2048 0 -48 ) (-2048 0 112 ) (-2048 256 112 ) 
4 264 309 (-1792 0 -48 ) (-1792 0 48 ) (-2048 0 48 ) (-2048 0 -48 ) 
4 264 307 (-1792 0 48 ) (-1792 0 112 ) (-2048 0 112 ) (-2048 0 48 ) 
4 264 266 (-1792 256 -48 ) (-1792 0 -48 ) (-2048 0 -48 ) (-2048 256 -48 ) 
4 265 344 (-2048 1024 -112 ) (-2048 1024 -288 ) (-2048 256 -288 ) (-2048 256 -112 ) 
4 265 266 (-2048 256 -288 ) (-1792 256 -288 ) (-1792 256 -112 ) (-2048 256 -112 ) 
4 266 344 (-2048 256 -288 ) (-2048 0 -288 ) (-2048 0 -112 ) (-2048 256 -112 ) 
4 266 342 (-2048 0 -112 ) (-2048 0 -48 ) (-2048 256 -48 ) (-2048 256 -112 ) 
4 266 311 (-1792 0 -288 ) (-1792 0 -48 ) (-2048 0 -48 ) (-2048 0 -288 ) 
4 267 268 (-96 -224 560 ) (-96 -224 344 ) (0 -224 360 ) (0 -224 560 ) 
4 267 269 (-96 -224 344 ) (-96 -224 560 ) (-96 0 560 ) (-96 0 344 ) 
4 268 353 (0 -1024 344 ) (0 -1024 560 ) (-96 -1024 560 ) (-96 -1024 328 ) 
4 268 270 (0 -224 344 ) (0 -1024 344 ) (-48 -1024 336 ) (-48 -224 336 ) 
4 268 271 (-48 -1024 336 ) (-96 -1024 328 ) (-96 -224 328 ) (-48 -224 336 ) 
4 268 269 (-96 -224 327.998047 ) (-96 -1024 327.998016 ) (-96 -1024 560 ) (-96 -224 560 ) 
5 269 353 (-96 -1024 560 ) (-768 -1024 560 ) (-768 -1024 320 ) (-144 -1024 320 ) (-96 -1024 328 ) 
4 269 293 (-768 -1024 320 ) (-768 -1024 384 ) (-768 -768 384 ) (-768 -768 320 ) 
4 269 291 (-768 -1024 384 ) (-768 -1024 560 ) (-768 0 560 ) (-768 0 384 ) 
4 269 276 (-144 -1024 320 ) (-768 -1024 320 ) (-768 0 320 ) (-144 0 320 ) 
4 269 271 (-144.002106 -1024 320 ) (-144.002075 0 320 ) (-96 0 328 ) (-96 -1024 328 ) 
4 270 353 (0 -1024 320 ) (0 -1024 344 ) (-48 -1024 336 ) (-48 -1024 320 ) 
4 270 275 (-32 -1024 320 ) (-48 -1024 320 ) (-48 -176 320 ) (-32 -176 320 ) 
4 270 273 (0 -1024 320 ) (-32 -1024 320 ) (-32 -176 320 ) (0 -176 320 ) 
4 270 271 (-48 -176 320 ) (-48 -1024 320 ) (-48 -1024 335.998016 ) (-48 -176 335.998047 ) 
3 271 353 (-48 -1024 336 ) (-144 -1024 320 ) (-48 -1024 320 ) 
4 271 276 (-48 -1024 320 ) (-144 -1024 320 ) (-144 0 320 ) (-48 0 320 ) 
4 272 274 (-32 -32 128 ) (-32 -96 128 ) (-32 -96 256 ) (-32 -32 256 ) 
4 273 353 (0 -1024 128 ) (0 -1024 320 ) (-32 -1024 320 ) (-32 -1024 128 ) 
4 273 280 (0 -496 128 ) (0 -1024 128 ) (-32 -1024 128 ) (-32 -528 128 ) 
4 273 279 (0 -176 128 ) (0 -496 128 ) (-32 -528 128 ) (-32 -176 128 ) 
4 273 275 (-32 -176 128 ) (-32 -1024 128 ) (-32 -1024 320 ) (-32 -176 320 ) 
4 274 276 (-48 -32 128 ) (-48 -96 128 ) (-48 -96 256 ) (-48 -32 256 ) 
4 275 353 (-32 -1024 320 ) (-48 -1024 320 ) (-48 -1024 128 ) (-32 -1024 128 ) 
4 275 280 (-32 -528 128 ) (-32 -1024 128 ) (-48 -1024 128 ) (-48 -544 128 ) 
4 275 279 (-32 -176 128 ) (-32 -528 128 ) (-48 -544 128 ) (-48 -176 128 ) 
4 275 276 (-48 -176 128 ) (-48 -1024 128 ) (-48 -1024 320 ) (-48 -176 320 ) 
4 276 353 (-48 -1024 320 ) (-768 -1024 320 ) (-768 -1024 128 ) (-48 -1024 128 ) 
4 276 293 (-768 -1024 128 ) (-768 -1024 320 ) (-768 -768 320 ) (-768 -768 128 ) 
4 276 292 (-768 -72 200 ) (-768 -72 128 ) (-768 -184 128 ) (-768 -184 200 ) 
4 276 282 (-768 -1024 128 ) (-768 0 128 ) (-656 0 128 ) (-656 -1024 128 ) 
3 276 280 (-48 -544 128 ) (-48 -1024 128 ) (-528 -1024 128 ) 
5 276 279 (-48 -176 128 ) (-48 -544 128 ) (-528 -1024 128 ) (-656 -1024 128 ) (-656 -176 128 ) 
4 276 278 (-656 0 128 ) (-48 0 128 ) (-48 -176 128 ) (-656 -176 128 ) 
4 277 281 (-48 -176 -288 ) (0 -176 -288 ) (0 -176 -64 ) (-48 -176 -64 ) 
4 277 278 (-48 0 -288 ) (-48 -176 -288 ) (-48 -176 -64 ) (-48 0 -64 ) 
4 278 288 (-656 -96 -288 ) (-656 -176 -288 ) (-656 -176 32 ) (-656 -96 32 ) 
4 278 286 (-656 -64 -288 ) (-656 -96 -288 ) (-656 -96 -32 ) (-656 -64 -32 ) 
4 278 285 (-656 0 32 ) (-656 0 -288 ) (-656 -64 -288 ) (-656 -64 32 ) 
4 278 283 (-656 0 48 ) (-656 0 32 ) (-656 -64 32 ) (-656 -64 48 ) 
4 278 282 (-656 -176 128 ) (-656 0 128 ) (-656 0 48 ) (-656 -176 48 ) 
4 278 279 (-656 -176 128 ) (-656 -176 0 ) (-48 -176 0 ) (-48 -176 128 ) 
4 278 281 (-656 -176 0 ) (-656 -176 -288 ) (-48 -176 -288 ) (-48 -176 0 ) 
4 279 353 (-528 -1024 128 ) (-656 -1024 128 ) (-656 -1024 0 ) (-528 -1024 0 ) 
3 279 289 (-656 -400 32 ) (-656 -304 32 ) (-656 -400 0 ) 
4 279 288 (-656 -256 32 ) (-656 -176 32 ) (-656 -176 0 ) (-656 -352 0 ) 
4 279 290 (-656 -1024 0 ) (-656 -1024 32 ) (-656 -400 32 ) (-656 -400 0 ) 
4 279 284 (-656 -1024 32 ) (-656 -1024 48 ) (-656 -256 48 ) (-656 -304 32 ) 
4 279 282 (-656 -1024 48 ) (-656 -1024 128 ) (-656 -176 128 ) (-656 -176 48 ) 
5 279 280 (-528.003906 -1024 0 ) (-48.001953 -543.998047 0 ) (0 -495.996094 21.334206 ) (0 -495.996094 128 ) (-528.003906 -1024 128 ) 
5 279 281 (-656 -1024 0 ) (-656 -176 0 ) (0 -176 0 ) (0 -496 0 ) (-528 -1024 0 ) 
4 280 353 (0 -1024 0 ) (0 -1024 128 ) (-528 -1024 128 ) (-528 -1024 0 ) 
4 280 281 (0 -592 0 ) (0 -1024 0 ) (-528 -1024 0 ) (-48 -544 0 ) 
4 281 353 (0 -1024 -288 ) (0 -1024 0 ) (-656 -1024 0 ) (-656 -1024 -288 ) 
5 281 288 (-656 -352 0 ) (-656 -176 0 ) (-656 -176 -288 ) (-656 -400 -288 ) (-656 -400 -16 ) 
4 281 290 (-656 -1024 -288 ) (-656 -1024 0 ) (-656 -400 0 ) (-656 -400 -288 ) 
4 282 353 (-656 -1024 48 ) (-656 -1024 128 ) (-768 -1024 128 ) (-768 -1024 48 ) 
4 282 293 (-768 -1024 48 ) (-768 -1024 128 ) (-768 -768 128 ) (-768 -768 48 ) 
4 282 292 (-768 -184 128 ) (-768 -72 128 ) (-768 -72 48 ) (-768 -184 48 ) 
4 282 284 (-768 -1024 48 ) (-768 -256 48 ) (-656 -256 48 ) (-656 -1024 48 ) 
4 282 283 (-768 -64 48 ) (-768 0 48 ) (-656 0 48 ) (-656 -64 48 ) 
4 283 285 (-688 0 32 ) (-656 0 32 ) (-656 -64 32 ) (-688 -64 32 ) 
4 283 287 (-768 -64 32 ) (-768 0 32 ) (-688 0 32 ) (-688 -64 32 ) 
4 284 353 (-656 -1024 32 ) (-656 -1024 48 ) (-768 -1024 48 ) (-768 -1024 32 ) 
4 284 296 (-768 -1024 32 ) (-768 -1024 48 ) (-768 -768 48 ) (-768 -768 32 ) 
4 284 289 (-768 -400 32 ) (-768 -304 32 ) (-656 -304 32 ) (-656 -400 32 ) 
4 284 290 (-768 -1024 32 ) (-768 -400 32 ) (-656 -400 32 ) (-656 -1024 32 ) 
4 285 286 (-688 -64 -32 ) (-688 -64 -288 ) (-656 -64 -288 ) (-656 -64 -32 ) 
4 285 287 (-688 0 -288 ) (-688 -64 -288 ) (-688 -64 32 ) (-688 0 32 ) 
4 286 288 (-688 -96 -288 ) (-656 -96 -288 ) (-656 -96 -32 ) (-688 -96 -32 ) 
4 286 287 (-688 -64 -288 ) (-688 -96 -288 ) (-688 -96 -32 ) (-688 -64 -32 ) 
4 287 294 (-768 0 -48 ) (-768 0 -288 ) (-768 -96 -288 ) (-768 -96 -48 ) 
4 287 288 (-768 -96 -288 ) (-688 -96 -288 ) (-688 -96 32 ) (-768 -96 32 ) 
4 288 295 (-768 -256 -64 ) (-768 -256 -288 ) (-768 -400 -288 ) (-768 -400 -64 ) 
4 288 294 (-768 -96 -48 ) (-768 -96 -288 ) (-768 -256 -288 ) (-768 -256 -48 ) 
4 288 290 (-768 -400 -288 ) (-656 -400 -288 ) (-656 -400 -16 ) (-768 -400 -16 ) 
4 289 290 (-656 -400 0 ) (-656 -400 32 ) (-768 -400 32 ) (-768 -400 0 ) 
4 290 353 (-656 -1024 -288 ) (-656 -1024 32 ) (-768 -1024 32 ) (-768 -1024 -288 ) 
4 290 295 (-768 -400 -64 ) (-768 -400 -288 ) (-768 -768 -288 ) (-768 -768 -64 ) 
4 290 296 (-768 -1024 -288 ) (-768 -1024 32 ) (-768 -768 32 ) (-768 -768 -288 ) 
4 291 353 (-768 -1024 384 ) (-768 -1024 560 ) (-1024 -1024 560 ) (-1024 -1024 384 ) 
4 291 301 (-1024 0 560 ) (-1024 0 384 ) (-1024 -1024 384 ) (-1024 -1024 560 ) 
4 291 299 (-1024 -1024 384 ) (-1024 -768 384 ) (-784 -768 384 ) (-784 -1024 384 ) 
4 291 293 (-768 -768 384 ) (-768 -1024 384 ) (-784 -1024 384 ) (-784 -768 384 ) 
4 292 297 (-784 -72 200 ) (-784 -72 48 ) (-784 -184 48 ) (-784 -184 200 ) 
4 293 353 (-768 -1024 48 ) (-768 -1024 384 ) (-784 -1024 384 ) (-784 -1024 48 ) 
4 293 299 (-784 -1024 48 ) (-784 -1024 384 ) (-784 -768 384 ) (-784 -768 48 ) 
4 293 296 (-784 -1024 48 ) (-784 -768 48 ) (-768 -768 48 ) (-768 -1024 48 ) 
4 294 298 (-784 -256 -288 ) (-784 -256 -64 ) (-784 0 -64 ) (-784 0 -288 ) 
4 294 295 (-768 -256 -288 ) (-768 -256 -64 ) (-784 -256 -64 ) (-784 -256 -288 ) 
4 295 300 (-784 -256 -64 ) (-784 -256 -288 ) (-784 -768 -288 ) (-784 -768 -64 ) 
4 295 296 (-784 -768 -288 ) (-768 -768 -288 ) (-768 -768 -64 ) (-784 -768 -64 ) 
4 296 353 (-768 -1024 -288 ) (-768 -1024 48 ) (-784 -1024 48 ) (-784 -1024 -288 ) 
4 296 300 (-784 -1024 -288 ) (-784 -1024 -64 ) (-784 -768 -64 ) (-784 -768 -288 ) 
4 296 299 (-784 -1024 -64 ) (-784 -1024 48 ) (-784 -768 48 ) (-784 -768 -64 ) 
4 297 302 (-1024 0 368 ) (-1024 0 48 ) (-1024 -256 48 ) (-1024 -256 368 ) 
4 298 304 (-1024 0 -64 ) (-1024 0 -288 ) (-1024 -256 -288 ) (-1024 -256 -64 ) 
4 298 300 (-784 -256 -288 ) (-784 -256 -64 ) (-1024 -256 -64 ) (-1024 -256 -288 ) 
4 299 353 (-784 -1024 -64 ) (-784 -1024 384 ) (-1024 -1024 384 ) (-1024 -1024 -64 ) 
4 299 306 (-1024 -1024 -64 ) (-1024 -1024 384 ) (-1024 -768 384 ) (-1024 -768 -64 ) 
4 299 300 (-784 -768 -64 ) (-784 -1024 -64 ) (-1024 -1024 -64 ) (-1024 -768 -64 ) 
4 300 353 (-784 -1024 -288 ) (-784 -1024 -64 ) (-1024 -1024 -64 ) (-1024 -1024 -288 ) 
4 300 305 (-1024 -768 -64 ) (-1024 -256 -64 ) (-1024 -256 -288 ) (-1024 -768 -288 ) 
4 300 306 (-1024 -1024 -288 ) (-1024 -1024 -64 ) (-1024 -768 -64 ) (-1024 -768 -288 ) 
4 301 354 (-1024 -1024 384 ) (-1024 -1024 560 ) (-2048 -1024 560 ) (-2048 -1024 384 ) 
4 301 345 (-2048 -1024 384 ) (-2048 -1024 560 ) (-2048 0 560 ) (-2048 0 384 ) 
4 301 307 (-1536 -1024 384 ) (-2048 -1024 384 ) (-2048 0 384 ) (-1536 0 384 ) 
4 301 306 (-1024 -768 384 ) (-1024 -1024 384 ) (-1536 -1024 384 ) (-1536 -768 384 ) 
4 302 303 (-1520 -64 48 ) (-1520 -192 48 ) (-1520 -192 224 ) (-1520 -64 224 ) 
4 303 307 (-1536 -64 224 ) (-1536 -64 48 ) (-1536 -192 48 ) (-1536 -192 224 ) 
4 304 311 (-1536 0 -64 ) (-1536 0 -288 ) (-1536 -256 -288 ) (-1536 -256 -64 ) 
4 304 305 (-1536 -256 -64 ) (-1536 -256 -288 ) (-1024 -256 -288 ) (-1024 -256 -64 ) 
4 305 311 (-1536 -256 -64 ) (-1536 -256 -288 ) (-1536 -768 -288 ) (-1536 -768 -64 ) 
4 305 306 (-1536 -768 -64 ) (-1536 -768 -288 ) (-1024 -768 -288 ) (-1024 -768 -64 ) 
4 306 354 (-1024 -1024 -288 ) (-1024 -1024 384 ) (-1536 -1024 384 ) (-1536 -1024 -288 ) 
4 306 311 (-1536 -768 -48 ) (-1536 -768 -288 ) (-1536 -1024 -288 ) (-1536 -1024 -48 ) 
4 306 308 (-1536 -768 48 ) (-1536 -768 -48 ) (-1536 -1024 -48 ) (-1536 -1024 48 ) 
4 306 307 (-1536 -1024 384 ) (-1536 -768 384 ) (-1536 -768 48 ) (-1536 -1024 48 ) 
4 307 354 (-1536 -1024 48 ) (-1536 -1024 384 ) (-2048 -1024 384 ) (-2048 -1024 48 ) 
4 307 346 (-2048 -1024 48 ) (-2048 -1024 384 ) (-2048 0 384 ) (-2048 0 48 ) 
4 307 310 (-1974.520020 -392.015045 48 ) (-1536 -509.514984 48 ) (-1536 -642.031006 48 ) (-2007.650024 -515.653992 48 ) 
4 307 309 (-2048 -372.326324 48 ) (-2048 0 48 ) (-1536 0 48 ) (-1536 -509.514984 48 ) 
4 307 308 (-2048 -1024 48 ) (-2048 -504.842346 48 ) (-1536 -642.031006 48 ) (-1536 -1024 48 ) 
4 308 354 (-1536 -1024 -48 ) (-1536 -1024 48 ) (-2048 -1024 48 ) (-2048 -1024 -48 ) 
4 308 347 (-2048 -1024 -48 ) (-2048 -1024 48 ) (-2048 -504.842346 48 ) (-2048 -504.842316 -48 ) 
4 308 311 (-1536 -642.031006 -48 ) (-1536 -1024 -48 ) (-2048 -1024 -48 ) (-2048 -504.842346 -48 ) 
4 308 310 (-1536 -642.033203 -48 ) (-2007.650635 -515.655945 -48 ) (-2007.650146 -515.654419 48 ) (-1536 -642.032227 48 ) 
4 309 348 (-2048 -372.326324 48 ) (-2048 0 48 ) (-2048 0 -48 ) (-2048 -372.326294 -48 ) 
4 309 311 (-1536 0 -48 ) (-1536 -509.514984 -48 ) (-2048 -372.326324 -48 ) (-2048 0 -48 ) 
4 309 310 (-1974.520264 -392.015717 -48 ) (-1536 -509.515625 -48 ) (-1536 -509.515625 48 ) (-1974.520264 -392.015625 48 ) 
4 310 311 (-1536 -509.514984 -48 ) (-1536 -642.031006 -48 ) (-2007.650024 -515.653992 -48 ) (-1974.520020 -392.015045 -48 ) 
4 311 354 (-1536 -1024 -288 ) (-1536 -1024 -48 ) (-2048 -1024 -48 ) (-2048 -1024 -288 ) 
4 311 352 (-2048 -1024 -288 ) (-2048 -1024 -48 ) (-2048 0 -48 ) (-2048 0 -288 ) 
4 312 324 (-2672 1024 560 ) (-2672 1024 384 ) (-2672 640 384 ) (-2672 640 560 ) 
4 312 318 (-2672 640 560 ) (-2672 640 384 ) (-2048 640 384 ) (-2048 640 560 ) 
4 313 316 (-2432 1024 -48 ) (-2432 768 -48 ) (-2432 768 368 ) (-2432 1024 368 ) 
3 313 315 (-2432 768 176 ) (-2432 768 112 ) (-2304 768 112 ) 
4 313 314 (-2432 768 368 ) (-2432 768 176 ) (-2048 768 -16 ) (-2048 768 368 ) 
5 314 319 (-2048 640 112 ) (-2048 640 368 ) (-2432 640 368 ) (-2432 640 176 ) (-2304 640 112 ) 
4 314 316 (-2432 640 176 ) (-2432 640 368 ) (-2432 768 368 ) (-2432 768 176 ) 
4 314 315 (-2304 640 112 ) (-2432 640 176 ) (-2432 768 176 ) (-2304 768 112 ) 
3 315 319 (-2304 640 112 ) (-2432 640 176 ) (-2432 640 112 ) 
4 315 316 (-2432 640 112 ) (-2432 640 176 ) (-2432 768 176 ) (-2432 768 112 ) 
4 316 321 (-2552 640 -48 ) (-2440 640 -48 ) (-2440 640 88 ) (-2552 640 88 ) 
4 316 319 (-2432 640 112 ) (-2432 640 368 ) (-2576 640 368 ) (-2576 640 112 ) 
4 316 317 (-2576 640 0 ) (-2576 640 368 ) (-2576 1024 368 ) (-2576 1024 0 ) 
4 317 319 (-2672 640 368 ) (-2672 640 112 ) (-2576 640 112 ) (-2576 640 368 ) 
4 318 326 (-2048 400 384 ) (-2048 400 560 ) (-2672 400 560 ) (-2672 400 384 ) 
4 318 324 (-2672 400 384 ) (-2672 400 560 ) (-2672 640 560 ) (-2672 640 384 ) 
4 319 333 (-2344 400 280 ) (-2344 400 112 ) (-2216 400 112 ) (-2216 400 280 ) 
4 319 332 (-2176 400 163.875000 ) (-2176 400 160 ) (-2080 400 160 ) (-2080 400 163.875000 ) 
4 319 328 (-2172 400 163.875000 ) (-2084 400 163.875000 ) (-2084 400 288 ) (-2172 400 288 ) 
4 319 327 (-2084 400 163.875000 ) (-2080 400 163.875000 ) (-2080 400 288 ) (-2084 400 288 ) 
4 319 331 (-2176 400 288 ) (-2176 400 163.875000 ) (-2172 400 163.875000 ) (-2172 400 288 ) 
4 320 322 (-2440 400 -48 ) (-2440 400 96 ) (-2440 624 96 ) (-2440 624 -48 ) 
4 321 322 (-2552 624 88 ) (-2552 624 -48 ) (-2440 624 -48 ) (-2440 624 88 ) 
4 322 335 (-2552 400 -48 ) (-2440 400 -48 ) (-2440 400 88 ) (-2552 400 88 ) 
4 322 323 (-2552 400 -48 ) (-2552 400 96 ) (-2552 624 96 ) (-2552 624 -48 ) 
4 324 326 (-2672 400 384 ) (-2672 400 560 ) (-2688 400 560 ) (-2688 400 384 ) 
4 324 325 (-2688 400 384 ) (-2688 400 560 ) (-2688 1024 560 ) (-2688 1024 384 ) 
4 325 343 (-2864 1024 -48 ) (-2688 1024 -48 ) (-2688 400 -48 ) (-2864 400 -48 ) 
4 325 336 (-2864 400 -48 ) (-2688 400 -48 ) (-2688 400 112 ) (-2864 400 112 ) 
4 325 334 (-2688 400 112 ) (-2688 400 384 ) (-2864 400 384 ) (-2864 400 112 ) 
4 325 326 (-2688 400 384 ) (-2688 400 560 ) (-2864 400 560 ) (-2864 400 384 ) 
4 326 340 (-2688 384 384 ) (-2560 384 384 ) (-2560 384 560 ) (-2688 384 560 ) 
4 326 339 (-2560 384 384 ) (-2432 384 384 ) (-2432 384 560 ) (-2560 384 560 ) 
4 326 341 (-2864 384 384 ) (-2688 384 384 ) (-2688 384 560 ) (-2864 384 560 ) 
4 326 337 (-2432 384 384 ) (-2048 384 384 ) (-2048 384 560 ) (-2432 384 560 ) 
4 326 334 (-2688 384 384 ) (-2864 384 384 ) (-2864 400 384 ) (-2688 400 384 ) 
4 327 337 (-2080 384 163.875000 ) (-2080 384 288 ) (-2084 384 288 ) (-2084 384 163.875000 ) 
4 327 332 (-2084 400 163.875000 ) (-2080 400 163.875000 ) (-2080 384 163.875000 ) (-2084 384 163.875000 ) 
4 327 329 (-2084 388 224 ) (-2084 388 288 ) (-2084 396 288 ) (-2084 396 224 ) 
4 327 328 (-2084 400 163.875000 ) (-2084 396 163.875000 ) (-2084 396 288 ) (-2084 400 288 ) 
4 327 330 (-2084 388 163.875000 ) (-2084 384 163.875000 ) (-2084 384 288 ) (-2084 388 288 ) 
4 328 332 (-2172 400 163.875000 ) (-2084 400 163.875000 ) (-2084 396 163.875000 ) (-2172 396 163.875000 ) 
4 328 329 (-2172 396 288 ) (-2172 396 224 ) (-2084 396 224 ) (-2084 396 288 ) 
4 328 331 (-2172 400 163.875000 ) (-2172 396 163.875000 ) (-2172 396 288 ) (-2172 400 288 ) 
4 329 331 (-2172 388 224 ) (-2172 388 288 ) (-2172 396 288 ) (-2172 396 224 ) 
4 329 330 (-2172 388 288 ) (-2172 388 224 ) (-2084 388 224 ) (-2084 388 288 ) 
4 330 337 (-2084 384 288 ) (-2172 384 288 ) (-2172 384 163.875000 ) (-2084 384 163.875000 ) 
4 330 332 (-2084 388 163.875000 ) (-2084 384 163.875000 ) (-2172 384 163.875000 ) (-2172 388 163.875000 ) 
4 330 331 (-2172 388 163.875000 ) (-2172 384 163.875000 ) (-2172 384 288 ) (-2172 388 288 ) 
4 331 337 (-2172 384 288 ) (-2176 384 288 ) (-2176 384 163.875000 ) (-2172 384 163.875000 ) 
4 331 332 (-2176 384 163.875000 ) (-2176 400 163.875000 ) (-2172 400 163.875000 ) (-2172 384 163.875000 ) 
4 332 337 (-2080 384 160 ) (-2080 384 163.875000 ) (-2176 384 163.875000 ) (-2176 384 160 ) 
4 333 337 (-2344 384 112 ) (-2216 384 112 ) (-2216 384 280 ) (-2344 384 280 ) 
4 334 341 (-2864 384 112 ) (-2688 384 112 ) (-2688 384 384 ) (-2864 384 384 ) 
4 334 336 (-2688 384 112 ) (-2864 384 112 ) (-2864 400 112 ) (-2688 400 112 ) 
4 335 339 (-2552 384 -48 ) (-2440 384 -48 ) (-2440 384 88 ) (-2552 384 88 ) 
4 336 343 (-2864 400 -48 ) (-2688 400 -48 ) (-2688 384 -48 ) (-2864 384 -48 ) 
4 336 341 (-2864 384 -48 ) (-2688 384 -48 ) (-2688 384 112 ) (-2864 384 112 ) 
4 337 339 (-2432 256 560 ) (-2432 384 560 ) (-2432 384 112 ) (-2432 256 112 ) 
4 337 338 (-2432 256 560 ) (-2432 256 112 ) (-2048 256 112 ) (-2048 256 560 ) 
4 338 348 (-2048 0 -48 ) (-2048 0 48 ) (-2432 0 48 ) (-2432 0 -48 ) 
4 338 346 (-2048 0 48 ) (-2048 0 384 ) (-2432 0 384 ) (-2432 0 48 ) 
4 338 345 (-2048 0 384 ) (-2048 0 560 ) (-2432 0 560 ) (-2432 0 384 ) 
4 338 342 (-2048 0 -48 ) (-2432 0 -48 ) (-2432 256 -48 ) (-2048 256 -48 ) 
4 338 339 (-2432 0 560 ) (-2432 256 560 ) (-2432 256 -48 ) (-2432 0 -48 ) 
4 339 348 (-2560 0 48 ) (-2560 0 -48 ) (-2432 0 -48 ) (-2432 0 48 ) 
4 339 346 (-2560 0 384 ) (-2560 0 48 ) (-2432 0 48 ) (-2432 0 384 ) 
4 339 345 (-2432 0 560 ) (-2560 0 560 ) (-2560 0 384 ) (-2432 0 384 ) 
4 339 342 (-2432 0 -48 ) (-2560 0 -48 ) (-2560 256 -48 ) (-2432 256 -48 ) 
4 339 340 (-2560 0 560 ) (-2560 384 560 ) (-2560 384 384 ) (-2560 0 384 ) 
4 340 345 (-2560 0 560 ) (-2688 0 560 ) (-2688 0 384 ) (-2560 0 384 ) 
4 340 341 (-2688 0 560 ) (-2688 384 560 ) (-2688 384 384 ) (-2688 0 384 ) 
4 341 351 (-2864 0 384 ) (-2864 0 -48 ) (-2688 0 -48 ) (-2688 0 384 ) 
4 341 345 (-2688 0 560 ) (-2864 0 560 ) (-2864 0 384 ) (-2688 0 384 ) 
4 341 343 (-2688 0 -48 ) (-2864 0 -48 ) (-2864 384 -48 ) (-2688 384 -48 ) 
4 342 352 (-2048 0 -112 ) (-2048 0 -48 ) (-2688 0 -48 ) (-2688 0 -112 ) 
4 342 344 (-2048 0 -112 ) (-2688 0 -112 ) (-2688 256 -112 ) (-2048 256 -112 ) 
4 342 343 (-2688 256 -112 ) (-2688 0 -112 ) (-2688 0 -48 ) (-2688 256 -48 ) 
4 343 352 (-2688 0 -48 ) (-2864 0 -48 ) (-2864 0 -112 ) (-2688 0 -112 ) 
4 343 344 (-2688 0 -112 ) (-2864 0 -112 ) (-2864 1024 -112 ) (-2688 1024 -112 ) 
4 344 352 (-2048 0 -288 ) (-2048 0 -112 ) (-2864 0 -112 ) (-2864 0 -288 ) 
4 345 355 (-2048 -1024 384 ) (-2048 -1024 560 ) (-2864 -1024 560 ) (-2864 -1024 384 ) 
4 345 350 (-2560 -768 384 ) (-2560 -1024 384 ) (-2688 -1024 384 ) (-2688 -768 384 ) 
4 345 351 (-2864 -1024 384 ) (-2864 0 384 ) (-2688 0 384 ) (-2688 -1024 384 ) 
4 345 346 (-2560 0 384 ) (-2048 0 384 ) (-2048 -1024 384 ) (-2560 -1024 384 ) 
4 346 355 (-2048 -1024 48 ) (-2048 -1024 384 ) (-2560 -1024 384 ) (-2560 -1024 48 ) 
4 346 350 (-2560 -1024 48 ) (-2560 -1024 384 ) (-2560 -768 384 ) (-2560 -768 48 ) 
4 346 349 (-2560 -367.653625 48 ) (-2560 -235.137650 48 ) (-2376.350098 -284.346008 48 ) (-2409.479980 -407.984955 48 ) 
4 346 348 (-2560 -235.137650 48 ) (-2560 0 48 ) (-2048 0 48 ) (-2048 -372.326294 48 ) 
4 346 347 (-2560 -1024 48 ) (-2560 -367.653625 48 ) (-2048 -504.842316 48 ) (-2048 -1024 48 ) 
4 347 355 (-2048 -1024 -48 ) (-2048 -1024 48 ) (-2560 -1024 48 ) (-2560 -1024 -48 ) 
4 347 352 (-2048 -1024 -48 ) (-2560 -1024 -48 ) (-2560 -367.653625 -48 ) (-2048 -504.842316 -48 ) 
4 347 350 (-2560 -768 -48 ) (-2560 -1024 -48 ) (-2560 -1024 48 ) (-2560 -768 48 ) 
4 347 349 (-2409.479980 -407.984711 -48 ) (-2560 -367.653320 -48 ) (-2560 -367.653320 48 ) (-2409.479980 -407.984650 48 ) 
4 348 352 (-2560 -235.137650 -48 ) (-2560 0 -48 ) (-2048 0 -48 ) (-2048 -372.326294 -48 ) 
4 348 349 (-2376.350098 -284.345398 48 ) (-2560 -235.136719 48 ) (-2560 -235.136719 -48 ) (-2376.349854 -284.345123 -48 ) 
4 349 352 (-2560 -367.653625 -48 ) (-2560 -235.137650 -48 ) (-2376.350098 -284.346008 -48 ) (-2409.479980 -407.984955 -48 ) 
4 350 355 (-2560 -1024 384 ) (-2688 -1024 384 ) (-2688 -1024 -48 ) (-2560 -1024 -48 ) 
4 350 352 (-2560 -1024 -48 ) (-2688 -1024 -48 ) (-2688 -768 -48 ) (-2560 -768 -48 ) 
4 350 351 (-2688 -768 -48 ) (-2688 -1024 -48 ) (-2688 -1024 384 ) (-2688 -768 384 ) 
4 351 355 (-2688 -1024 384 ) (-2864 -1024 384 ) (-2864 -1024 -48 ) (-2688 -1024 -48 ) 
4 351 352 (-2688 -1024 -48 ) (-2864 -1024 -48 ) (-2864 0 -48 ) (-2688 0 -48 ) 
4 352 355 (-2048 -1024 -288 ) (-2048 -1024 -48 ) (-2864 -1024 -48 ) (-2864 -1024 -288 ) 
4 353 354 (-1024 -1024 560 ) (-1024 -1024 -288 ) (-1024 -1504 -288 ) (-1024 -1504 560 ) 
4 354 355 (-2048 -1024 560 ) (-2048 -1024 -288 ) (-2048 -1504 -288 ) (-2048 -1504 560 ) 
