


materialPath: D:\Program Files (x86)\Steam\steamapps\common\Team Fortress 2\tf\materials
Loading D:\Documents\Mapping\tf2\TF2-Maps\Slushville\x1\koth_slushville_x1.vmf
material "maps/koth_ashville_b5b/glass/glasswindow002a_-14_550_890" not found.
Material not found!: MAPS/KOTH_ASHVILLE_B5B/GLASS/GLASSWINDOW002A_-14_550_890
ConVarRef mat_reduceparticles doesn't point to an existing ConVar
material "maps/koth_ashville_b5b/glass/glasswindow002a_38_-550_890" not found.
Material not found!: MAPS/KOTH_ASHVILLE_B5B/GLASS/GLASSWINDOW002A_38_-550_890
material "maps/koth_ashville_b5b/glass/glasswindow001a_409_-3608_353" not found.
Material not found!: MAPS/KOTH_ASHVILLE_B5B/GLASS/GLASSWINDOW001A_409_-3608_353
material "maps/koth_ashville_b5b/glass/glasswindow001a_1095_-2049_574" not found.
Material not found!: MAPS/KOTH_ASHVILLE_B5B/GLASS/GLASSWINDOW001A_1095_-2049_574
material "maps/koth_ashville_b5b/glass/glasswindow001a_-872_3614_302" not found.
Material not found!: MAPS/KOTH_ASHVILLE_B5B/GLASS/GLASSWINDOW001A_-872_3614_302
material "maps/koth_ashville_b5b/glass/glasswindow002a_-550_2925_574" not found.
Material not found!: MAPS/KOTH_ASHVILLE_B5B/GLASS/GLASSWINDOW002A_-550_2925_574
material "maps/koth_ashville_b5b/glass/glasswindow002a_-682_3131_292" not found.
Material not found!: MAPS/KOTH_ASHVILLE_B5B/GLASS/GLASSWINDOW002A_-682_3131_292
material "maps/koth_ashville_b5b/metal/metalchrome001_-682_3131_292" not found.
Material not found!: MAPS/KOTH_ASHVILLE_B5B/METAL/METALCHROME001_-682_3131_292
material "maps/koth_ashville_b5b/metal/metalchrome001_-98_1299_288" not found.
Material not found!: MAPS/KOTH_ASHVILLE_B5B/METAL/METALCHROME001_-98_1299_288
material "maps/koth_ashville_b5b/metal/metalchrome001_-1071_2049_574" not found.
Material not found!: MAPS/KOTH_ASHVILLE_B5B/METAL/METALCHROME001_-1071_2049_574
material "maps/koth_ashville_b5b/metal/metalchrome001_1095_-2049_574" not found.
Material not found!: MAPS/KOTH_ASHVILLE_B5B/METAL/METALCHROME001_1095_-2049_574
material "maps/koth_ashville_b5b/metal/metalchrome001_122_-1299_288" not found.
Material not found!: MAPS/KOTH_ASHVILLE_B5B/METAL/METALCHROME001_122_-1299_288
Patching WVT material: maps/koth_slushville_x1/pl_barnblitz/blendmetalroofsnow_02_wvt_patch
Patching WVT material: maps/koth_slushville_x1/nature/blendgroundtosnow001_wvt_patch
Patching WVT material: maps/koth_slushville_x1/nature/blendrockgroundwallsnow_wvt_patch
fixing up env_cubemap materials on brush sides...
0...1...2...3...4...5...6...7...8...9...100...1...2...3...4...5...6...7...8...9...10Processing areas...done (0)
Building Faces...done (0)
Occluder "" straddles multiple areas. This is invalid!
Occluder "" straddles multiple areas. This is invalid!
Occluder "" straddles multiple areas. This is invalid!
Occluder "" straddles multiple areas. This is invalid!
Occluder "" straddles multiple areas. This is invalid!
Occluder "" straddles multiple areas. This is invalid!
Occluder "" straddles multiple areas. This is invalid!
Occluder "" straddles multiple areas. This is invalid!
Occluder "" straddles multiple areas. This is invalid!
Occluder "" straddles multiple areas. This is invalid!
Occluder "" straddles multiple areas. This is invalid!
Occluder "" straddles multiple areas. This is invalid!
Occluder "" straddles multiple areas. This is invalid!
Occluder "" straddles multiple areas. This is invalid!
Occluder "" straddles multiple areas. This is invalid!
Occluder "" straddles multiple areas. This is invalid!
Occluder "" straddles multiple areas. This is invalid!
Occluder "" straddles multiple areas. This is invalid!
Occluder "" straddles multiple areas. This is invalid!
Occluder "" straddles multiple areas. This is invalid!
Occluder "" straddles multiple areas. This is invalid!
Occluder "" straddles multiple areas. This is invalid!
Occluder "" straddles multiple areas. This is invalid!
Occluder "" straddles multiple areas. This is invalid!
Occluder "" straddles multiple areas. This is invalid!
Occluder "" straddles multiple areas. This is invalid!
Occluder "" straddles multiple areas. This is invalid!
Occluder "" straddles multiple areas. This is invalid!
Occluder "" straddles multiple areas. This is invalid!
Occluder "" straddles multiple areas. This is invalid!
Occluder "" straddles multiple areas. This is invalid!
Occluder "" straddles multiple areas. This is invalid!
Occluder "" straddles multiple areas. This is invalid!
Occluder "" straddles multiple areas. This is invalid!
Occluder "" straddles multiple areas. This is invalid!
Occluder "" straddles multiple areas. This is invalid!
Occluder "" straddles multiple areas. This is invalid!
Occluder "" straddles multiple areas. This is invalid!
Occluder "" straddles multiple areas. This is invalid!
Occluder "" straddles multiple areas. This is invalid!
Occluder "" straddles multiple areas. This is invalid!
Occluder "" straddles multiple areas. This is invalid!
Occluder "" straddles multiple areas. This is invalid!
Occluder "" straddles multiple areas. This is invalid!
Occluder "" straddles multiple areas. This is invalid!
Occluder "" straddles multiple areas. This is invalid!
Occluder "" straddles multiple areas. This is invalid!
Occluder "" straddles multiple areas. This is invalid!
Occluder "" straddles multiple areas. This is invalid!
Occluder "" straddles multiple areas. This is invalid!
Occluder "" straddles multiple areas. This is invalid!
Occluder "" straddles multiple areas. This is invalid!
Occluder "" straddles multiple areas. This is invalid!
Occluder "" straddles multiple areas. This is invalid!
Occluder "" straddles multiple areas. This is invalid!
Occluder "" straddles multiple areas. This is invalid!
Occluder "" straddles multiple areas. This is invalid!
Occluder "" straddles multiple areas. This is invalid!
Occluder "" straddles multiple areas. This is invalid!
Occluder "" straddles multiple areas. This is invalid!
Occluder "" straddles multiple areas. This is invalid!
Occluder "" straddles multiple areas. This is invalid!
Occluder "" straddles multiple areas. This is invalid!
Occluder "" straddles multiple areas. This is invalid!
Occluder "" straddles multiple areas. This is invalid!
Occluder "" straddles multiple areas. This is invalid!
Occluder "" straddles multiple areas. This is invalid!
Occluder "" straddles multiple areas. This is invalid!
Occluder "" straddles multiple areas. This is invalid!
Occluder "" straddles multiple areas. This is invalid!
Occluder "" straddles multiple areas. This is invalid!
Occluder "" straddles multiple areas. This is invalid!
Occluder "" straddles multiple areas. This is invalid!
Occluder "" straddles multiple areas. This is invalid!
Occluder "" straddles multiple areas. This is invalid!
Occluder "" straddles multiple areas. This is invalid!
Occluder "" straddles multiple areas. This is invalid!
Occluder "" straddles multiple areas. This is invalid!
Occluder "" straddles multiple areas. This is invalid!
Occluder "" straddles multiple areas. This is invalid!
Occluder "" straddles multiple areas. This is invalid!
Occluder "" straddles multiple areas. This is invalid!
Occluder "" straddles multiple areas. This is invalid!
Occluder "" straddles multiple areas. This is invalid!
Occluder "" straddles multiple areas. This is invalid!
Occluder "" straddles multiple areas. This is invalid!
Occluder "" straddles multiple areas. This is invalid!
Occluder "" straddles multiple areas. This is invalid!
Occluder "" straddles multiple areas. This is invalid!
Occluder "" straddles multiple areas. This is invalid!
Occluder "" straddles multiple areas. This is invalid!
Occluder "" straddles multiple areas. This is invalid!
Occluder "" straddles multiple areas. This is invalid!
Occluder "" straddles multiple areas. This is invalid!
Occluder "" straddles multiple areas. This is invalid!
Occluder "" straddles multiple areas. This is invalid!
Occluder "" straddles multiple areas. This is invalid!
Occluder "" straddles multiple areas. This is invalid!
Occluder "" straddles multiple areas. This is invalid!
Occluder "" straddles multiple areas. This is invalid!
Occluder "" straddles multiple areas. This is invalid!
Occluder "" straddles multiple areas. This is invalid!
Occluder "" straddles multiple areas. This is invalid!
Occluder "" straddles multiple areas. This is invalid!
Occluder "" straddles multiple areas. This is invalid!
Occluder "" straddles multiple areas. This is invalid!
Occluder "" straddles multiple areas. This is invalid!
Occluder "" straddles multiple areas. This is invalid!
Occluder "" straddles multiple areas. This is invalid!
Occluder "" straddles multiple areas. This is invalid!
Occluder "" straddles multiple areas. This is invalid!
Occluder "" straddles multiple areas. This is invalid!
Occluder "" straddles multiple areas. This is invalid!
Occluder "" straddles multiple areas. This is invalid!
Occluder "" straddles multiple areas. This is invalid!
Occluder "" straddles multiple areas. This is invalid!
Occluder "" straddles multiple areas. This is invalid!
Occluder "" straddles multiple areas. This is invalid!
Occluder "" straddles multiple areas. This is invalid!
Occluder "" straddles multiple areas. This is invalid!
Occluder "" straddles multiple areas. This is invalid!
Occluder "" straddles multiple areas. This is invalid!
Occluder "" straddles multiple areas. This is invalid!
Occluder "" straddles multiple areas. This is invalid!
Occluder "" straddles multiple areas. This is invalid!
Occluder "" straddles multiple areas. This is invalid!
Occluder "" straddles multiple areas. This is invalid!
Occluder "" straddles multiple areas. This is invalid!
Occluder "" straddles multiple areas. This is invalid!
Occluder "" straddles multiple areas. This is invalid!
Occluder "" straddles multiple areas. This is invalid!
Occluder "" straddles multiple areas. This is invalid!
Occluder "" straddles multiple areas. This is invalid!
Occluder "" straddles multiple areas. This is invalid!
Occluder "" straddles multiple areas. This is invalid!
Occluder "" straddles multiple areas. This is invalid!
Occluder "" straddles multiple areas. This is invalid!
Occluder "" straddles multiple areas. This is invalid!
Occluder "" straddles multiple areas. This is invalid!
Occluder "" straddles multiple areas. This is invalid!
Occluder "" straddles multiple areas. This is invalid!
Occluder "" straddles multiple areas. This is invalid!
Occluder "" straddles multiple areas. This is invalid!
Occluder "" straddles multiple areas. This is invalid!
Occluder "" straddles multiple areas. This is invalid!
Occluder "" straddles multiple areas. This is invalid!
Occluder "" straddles multiple areas. This is invalid!
Occluder "" straddles multiple areas. This is invalid!
Occluder "" straddles multiple areas. This is invalid!
Occluder "" straddles multiple areas. This is invalid!
Occluder "" straddles multiple areas. This is invalid!
Occluder "" straddles multiple areas. This is invalid!
Occluder "" straddles multiple areas. This is invalid!
Occluder "" straddles multiple areas. This is invalid!
Occluder "" straddles multiple areas. This is invalid!
Occluder "" straddles multiple areas. This is invalid!
Occluder "" straddles multiple areas. This is invalid!
Occluder "" straddles multiple areas. This is invalid!
Occluder "" straddles multiple areas. This is invalid!
Occluder "" straddles multiple areas. This is invalid!
Occluder "" straddles multiple areas. This is invalid!
Occluder "" straddles multiple areas. This is invalid!
Occluder "" straddles multiple areas. This is invalid!
Occluder "" straddles multiple areas. This is invalid!
Occluder "" straddles multiple areas. This is invalid!
Occluder "" straddles multiple areas. This is invalid!
Occluder "" straddles multiple areas. This is invalid!
Occluder "" straddles multiple areas. This is invalid!
Occluder "" straddles multiple areas. This is invalid!
Occluder "" straddles multiple areas. This is invalid!
Occluder "" straddles multiple areas. This is invalid!
Occluder "" straddles multiple areas. This is invalid!
Occluder "" straddles multiple areas. This is invalid!
Occluder "" straddles multiple areas. This is invalid!
Occluder "" straddles multiple areas. This is invalid!
Occluder "" straddles multiple areas. This is invalid!
Occluder "" straddles multiple areas. This is invalid!
Occluder "" straddles multiple areas. This is invalid!
Occluder "" straddles multiple areas. This is invalid!
Occluder "" straddles multiple areas. This is invalid!
Occluder "" straddles multiple areas. This is invalid!
Occluder "" straddles multiple areas. This is invalid!
Occluder "" straddles multiple areas. This is invalid!
Occluder "" straddles multiple areas. This is invalid!
Occluder "" straddles multiple areas. This is invalid!
Occluder "" straddles multiple areas. This is invalid!
Occluder "" straddles multiple areas. This is invalid!
Occluder "" straddles multiple areas. This is invalid!
Occluder "" straddles multiple areas. This is invalid!
Occluder "" straddles multiple areas. This is invalid!
Occluder "" straddles multiple areas. This is invalid!
Occluder "" straddles multiple areas. This is invalid!
Occluder "" straddles multiple areas. This is invalid!
Occluder "" straddles multiple areas. This is invalid!
Occluder "" straddles multiple areas. This is invalid!
Occluder "" straddles multiple areas. This is invalid!
Occluder "" straddles multiple areas. This is invalid!
Occluder "" straddles multiple areas. This is invalid!
Occluder "" straddles multiple areas. This is invalid!
Occluder "" straddles multiple areas. This is invalid!
Occluder "" straddles multiple areas. This is invalid!
Occluder "" straddles multiple areas. This is invalid!
Occluder "" straddles multiple areas. This is invalid!
Occluder "" straddles multiple areas. This is invalid!
Occluder "" straddles multiple areas. This is invalid!
Occluder "" straddles multiple areas. This is invalid!
Occluder "" straddles multiple areas. This is invalid!
Occluder "" straddles multiple areas. This is invalid!
Occluder "" straddles multiple areas. This is invalid!
Occluder "" straddles multiple areas. This is invalid!
Occluder "" straddles multiple areas. This is invalid!
Occluder "" straddles multiple areas. This is invalid!
Occluder "" straddles multiple areas. This is invalid!
Occluder "" straddles multiple areas. This is invalid!
Occluder "" straddles multiple areas. This is invalid!
Occluder "" straddles multiple areas. This is invalid!
Occluder "" straddles multiple areas. This is invalid!
Occluder "" straddles multiple areas. This is invalid!
Occluder "" straddles multiple areas. This is invalid!
Occluder "" straddles multiple areas. This is invalid!
Occluder "" straddles multiple areas. This is invalid!
Occluder "" straddles multiple areas. This is invalid!
Occluder "" straddles multiple areas. This is invalid!
Occluder "" straddles multiple areas. This is invalid!
Occluder "" straddles multiple areas. This is invalid!
Occluder "" straddles multiple areas. This is invalid!
Occluder "" straddles multiple areas. This is invalid!
Occluder "" straddles multiple areas. This is invalid!
Occluder "" straddles multiple areas. This is invalid!
Occluder "" straddles multiple areas. This is invalid!
Occluder "" straddles multiple areas. This is invalid!
Occluder "" straddles multiple areas. This is invalid!
Occluder "" straddles multiple areas. This is invalid!
Occluder "" straddles multiple areas. This is invalid!
Occluder "" straddles multiple areas. This is invalid!
Occluder "" straddles multiple areas. This is invalid!
Occluder "" straddles multiple areas. This is invalid!
Occluder "" straddles multiple areas. This is invalid!
Occluder "" straddles multiple areas. This is invalid!
Occluder "" straddles multiple areas. This is invalid!
Occluder "" straddles multiple areas. This is invalid!
Occluder "" straddles multiple areas. This is invalid!
Occluder "" straddles multiple areas. This is invalid!
Occluder "" straddles multiple areas. This is invalid!
Occluder "" straddles multiple areas. This is invalid!
Occluder "" straddles multiple areas. This is invalid!
Occluder "" straddles multiple areas. This is invalid!
Occluder "" straddles multiple areas. This is invalid!
Occluder "" straddles multiple areas. This is invalid!
Occluder "" straddles multiple areas. This is invalid!
Occluder "" straddles multiple areas. This is invalid!
Occluder "" straddles multiple areas. This is invalid!
Occluder "" straddles multiple areas. This is invalid!
Occluder "" straddles multiple areas. This is invalid!
Occluder "" straddles multiple areas. This is invalid!
Occluder "" straddles multiple areas. This is invalid!
Occluder "" straddles multiple areas. This is invalid!
Occluder "" straddles multiple areas. This is invalid!
Occluder "" straddles multiple areas. This is invalid!
Occluder "" straddles multiple areas. This is invalid!
Occluder "" straddles multiple areas. This is invalid!
Occluder "" straddles multiple areas. This is invalid!
Occluder "" straddles multiple areas. This is invalid!
Occluder "" straddles multiple areas. This is invalid!
Occluder "" straddles multiple areas. This is invalid!
Occluder "" straddles multiple areas. This is invalid!
Occluder "" straddles multiple areas. This is invalid!
Occluder "" straddles multiple areas. This is invalid!
Occluder "" straddles multiple areas. This is invalid!
Occluder "" straddles multiple areas. This is invalid!
Occluder "" straddles multiple areas. This is invalid!
Occluder "" straddles multiple areas. This is invalid!
Occluder "" straddles multiple areas. This is invalid!
Occluder "" straddles multiple areas. This is invalid!
Occluder "" straddles multiple areas. This is invalid!
Occluder "" straddles multiple areas. This is invalid!
Occluder "" straddles multiple areas. This is invalid!
Occluder "" straddles multiple areas. This is invalid!
Occluder "" straddles multiple areas. This is invalid!
Occluder "" straddles multiple areas. This is invalid!
Occluder "" straddles multiple areas. This is invalid!
Occluder "" straddles multiple areas. This is invalid!
Occluder "" straddles multiple areas. This is invalid!
Occluder "" straddles multiple areas. This is invalid!
Occluder "" straddles multiple areas. This is invalid!
Occluder "" straddles multiple areas. This is invalid!
Occluder "" straddles multiple areas. This is invalid!
Occluder "" straddles multiple areas. This is invalid!
Occluder "" straddles multiple areas. This is invalid!
Occluder "" straddles multiple areas. This is invalid!
Occluder "" straddles multiple areas. This is invalid!
Occluder "" straddles multiple areas. This is invalid!
Occluder "" straddles multiple areas. This is invalid!
Occluder "" straddles multiple areas. This is invalid!
Occluder "" straddles multiple areas. This is invalid!
Occluder "" straddles multiple areas. This is invalid!
Occluder "" straddles multiple areas. This is invalid!
Occluder "" straddles multiple areas. This is invalid!
Occluder "" straddles multiple areas. This is invalid!
Occluder "" straddles multiple areas. This is invalid!
Occluder "" straddles multiple areas. This is invalid!
Occluder "" straddles multiple areas. This is invalid!
Occluder "" straddles multiple areas. This is invalid!
Occluder "" straddles multiple areas. This is invalid!
Occluder "" straddles multiple areas. This is invalid!
Occluder "" straddles multiple areas. This is invalid!
Occluder "" straddles multiple areas. This is invalid!
Occluder "" straddles multiple areas. This is invalid!
Occluder "" straddles multiple areas. This is invalid!
Occluder "" straddles multiple areas. This is invalid!
Occluder "" straddles multiple areas. This is invalid!
Occluder "" straddles multiple areas. This is invalid!
Occluder "" straddles multiple areas. This is invalid!
Occluder "" straddles multiple areas. This is invalid!
Occluder "" straddles multiple areas. This is invalid!
Occluder "" straddles multiple areas. This is invalid!
Occluder "" straddles multiple areas. This is invalid!
Occluder "" straddles multiple areas. This is invalid!
Occluder "" straddles multiple areas. This is invalid!
Occluder "" straddles multiple areas. This is invalid!
Occluder "" straddles multiple areas. This is invalid!
Occluder "" straddles multiple areas. This is invalid!
Chop Details...done (0)
Find Visible Detail Sides...
Merged 322 detail faces...done (0)
Merging details...done (0)
FixTjuncs...
PruneNodes...
WriteBSP...
NODRAW on terrain surface!
NODRAW on terrain surface!
done (0)
writing D:\Documents\Mapping\tf2\TF2-Maps\Slushville\x1\koth_slushville_x1.prt...Building visibility clusters...
done (1)
*** Error: Skybox vtf files for skybox/sky_twilight_01 weren't compiled with the same size texture and/or same flags!
Can't load skybox file skybox/sky_twilight_01 to build the default cubemap!
*** Error: Skybox vtf files for skybox/sky_twilight_01 weren't compiled with the same size texture and/or same flags!
Can't load skybox file skybox/sky_twilight_01 to build the default cubemap!
Finding displacement neighbors...
Finding lightmap sample positions...
Displacement Alpha : 0...1...2...3...4...5...6...7...8...9...10
Building Physics collision data...
done (1) (637370 bytes)
Placing detail props : 0...1...2...3...4...5...6...7...8...9...10
Compacting texture/material tables...
Reduced 2644 texinfos to 1620
Reduced 161 texdatas to 146 (5726 bytes to 5181)
Writing D:\Documents\Mapping\tf2\TF2-Maps\Slushville\x1\koth_slushville_x1.bsp
MSG_FILEWRITE - Filesystem was asked to write to 'D:\Documents\Mapping\tf2\TF2-Maps\Slushville\x1\koth_slushville_x1.bsp', but we don't own that location. Allowing.
Wrote ZIP buffer, estimated size 24536, actual size 18024
9 seconds elapsed
CMaterialDict::Shutdown m_MissingList count: 12



4 threads
reading d:\documents\mapping\tf2\tf2-maps\slushville\x1\koth_slushville_x1.bsp
reading d:\documents\mapping\tf2\tf2-maps\slushville\x1\koth_slushville_x1.prt
1326 portalclusters
3764 numportals
0...1...2...3...4...5...6...7...8...9...100...1...2...3...4...5...6...7...8...9...10Optimized: 4638 visible clusters (1.72%)
Total clusters visible: 269874
Average clusters visible: 203
Building PAS...
Average clusters audible: 835
visdatasize:318008  compressed from 445536
writing d:\documents\mapping\tf2\tf2-maps\slushville\x1\koth_slushville_x1.bsp
MSG_FILEWRITE - Filesystem was asked to write to 'd:\documents\mapping\tf2\tf2-maps\slushville\x1\koth_slushville_x1.bsp', but we don't own that location. Allowing.
56 seconds elapsed



[Reading texlights from 'lights.rad']
[56 texlights parsed from 'lights.rad']

Loading d:\documents\mapping\tf2\tf2-maps\slushville\x1\koth_slushville_x1.bsp
6420 faces
1 degenerate faces
1196588 square feet [172308800.00 square inches]
86 Displacements
216873 Square Feet [31229724.00 Square Inches]
6419 patches before subdivision
zero area child patch
zero area child patch
113647 patches after subdivision
113 direct lights
0...1...2...3...4...5...6...7...8...9...100...1...2...3...4...5...6...7...8...9...10transfers 9320925, max 495
transfer lists:  71.1 megs
0...1...2...3...4...5...6...7...8...9...10	Bounce #1 added RGB(277275, 170105, 129890)
0...1...2...3...4...5...6...7...8...9...10	Bounce #2 added RGB(56309, 31230, 21850)
0...1...2...3...4...5...6...7...8...9...10	Bounce #3 added RGB(13581, 7245, 4659)
0...1...2...3...4...5...6...7...8...9...10	Bounce #4 added RGB(3643, 1908, 1115)
0...1...2...3...4...5...6...7...8...9...10	Bounce #5 added RGB(1063, 550, 290)
0...1...2...3...4...5...6...7...8...9...10	Bounce #6 added RGB(328, 166, 78)
0...1...2...3...4...5...6...7...8...9...10	Bounce #7 added RGB(106, 52, 22)
0...1...2...3...4...5...6...7...8...9...10	Bounce #8 added RGB(35, 17, 6)
0...1...2...3...4...5...6...7...8...9...10	Bounce #9 added RGB(12, 5, 2)
0...1...2...3...4...5...6...7...8...9...10	Bounce #10 added RGB(4, 2, 1)
0...1...2...3...4...5...6...7...8...9...10	Bounce #11 added RGB(2, 1, 0)
0...1...2...3...4...5...6...7...8...9...10	Bounce #12 added RGB(1, 0, 0)
Build Patch/Sample Hash Table(s).....Done<0.0566 sec>
0...1...2...3...4...5...6...7...8...9...10FinalLightFace Done
0 of 0 (0% of) surface lights went in leaf ambient cubes.
0...1...2...3...4...5...6...7...8...9...10Writing leaf ambient...done
Computing static prop lighting : 00...1...2...3...4...5...6...7...8...9...10
Ready to Finish

Object names       Objects/Maxobjs  Memory / Maxmem  Fullness 
------------       ---------------  ---------------  -------- 
models                  82/1024         3936/49152    ( 8.0%) 
brushes               1827/8192        21924/98304    (22.3%) 
brushsides           11576/65536       92608/524288   (17.7%) 
planes                5184/65536      103680/1310720  ( 7.9%) 
vertexes             12548/65536      150576/786432   (19.1%) 
nodes                 3609/65536      115488/2097152  ( 5.5%) 
texinfos              1620/12288      116640/884736   (13.2%) 
texdata                146/2048         4672/65536    ( 7.1%) 
dispinfos               86/0           15136/0        ( 0.0%) 
disp_verts            3438/0           68760/0        ( 0.0%) 
disp_tris             4960/0            9920/0        ( 0.0%) 
disp_lmsamples      436148/0          436148/0        ( 0.0%) 
faces                 6420/65536      359520/3670016  ( 9.8%) 
hdr faces                0/65536           0/3670016  ( 0.0%) 
origfaces             4066/65536      227696/3670016  ( 6.2%) 
leaves                3692/65536      118144/2097152  ( 5.6%) 
leaffaces             8143/65536       16286/131072   (12.4%) 
leafbrushes           5065/65536       10130/131072   ( 7.7%) 
areas                    6/256            48/2048     ( 2.3%) 
surfedges            47652/512000     190608/2048000  ( 9.3%) 
edges                30526/256000     122104/1024000  (11.9%) 
LDR worldlights        113/8192         9944/720896   ( 1.4%) 
HDR worldlights          0/8192            0/720896   ( 0.0%) 
leafwaterdata            0/32768           0/393216   ( 0.0%) 
waterstrips            765/32768        7650/327680   ( 2.3%) 
waterverts               0/65536           0/786432   ( 0.0%) 
waterindices         13122/65536       26244/131072   (20.0%) 
cubemapsamples          24/1024          384/16384    ( 2.3%) 
overlays                90/512         31680/180224   (17.6%) 
LDR lightdata         [variable]     6901352/0        ( 0.0%) 
HDR lightdata         [variable]           0/0        ( 0.0%) 
visdata               [variable]      318008/16777216 ( 1.9%) 
entdata               [variable]      110420/393216   (28.1%) 
LDR ambient table     3692/65536       14768/262144   ( 5.6%) 
HDR ambient table     3692/65536       14768/262144   ( 5.6%) 
LDR leaf ambient     16310/65536      456680/1835008  (24.9%) 
HDR leaf ambient      3692/65536      103376/1835008  ( 5.6%) 
occluders                6/0             240/0        ( 0.0%) 
occluder polygons       44/0             528/0        ( 0.0%) 
occluder vert ind      206/0             824/0        ( 0.0%) 
detail props          [variable]           1/12       ( 8.3%) 
static props          [variable]           1/82748    ( 0.0%) 
pakfile               [variable]     6808780/0        ( 0.0%) 
physics               [variable]      637370/4194304  (15.2%) 
physics terrain       [variable]       17804/1048576  ( 1.7%) 

Level flags = 1

Total triangle count: 18532
Writing d:\documents\mapping\tf2\tf2-maps\slushville\x1\koth_slushville_x1.bsp
6 minutes, 40 seconds elapsed



[Reading texlights from 'lights.rad']
[56 texlights parsed from 'lights.rad']

Loading d:\documents\mapping\tf2\tf2-maps\slushville\x1\koth_slushville_x1.bsp
6420 faces
1 degenerate faces
1196588 square feet [172308800.00 square inches]
86 Displacements
216873 Square Feet [31229724.00 Square Inches]
6419 patches before subdivision
zero area child patch
zero area child patch
113647 patches after subdivision
113 direct lights
0...1...2...3...4...5...6...7...8...9...100...1...2...3...4...5...6...7...8...9...10transfers 9320925, max 495
transfer lists:  71.1 megs
0...1...2...3...4...5...6...7...8...9...10	Bounce #1 added RGB(274539, 167450, 126835)
0...1...2...3...4...5...6...7...8...9...10	Bounce #2 added RGB(55417, 30556, 21198)
0...1...2...3...4...5...6...7...8...9...10	Bounce #3 added RGB(13366, 7118, 4556)
0...1...2...3...4...5...6...7...8...9...10	Bounce #4 added RGB(3579, 1879, 1095)
0...1...2...3...4...5...6...7...8...9...10	Bounce #5 added RGB(1045, 544, 286)
0...1...2...3...4...5...6...7...8...9...10	Bounce #6 added RGB(322, 165, 78)
0...1...2...3...4...5...6...7...8...9...10	Bounce #7 added RGB(105, 52, 22)
0...1...2...3...4...5...6...7...8...9...10	Bounce #8 added RGB(35, 17, 6)
0...1...2...3...4...5...6...7...8...9...10	Bounce #9 added RGB(12, 5, 2)
0...1...2...3...4...5...6...7...8...9...10	Bounce #10 added RGB(4, 2, 1)
0...1...2...3...4...5...6...7...8...9...10	Bounce #11 added RGB(2, 1, 0)
0...1...2...3...4...5...6...7...8...9...10	Bounce #12 added RGB(1, 0, 0)
Build Patch/Sample Hash Table(s).....Done<0.0644 sec>
0...1...2...3...4...5...6...7...8...9...10FinalLightFace Done
0 of 0 (0% of) surface lights went in leaf ambient cubes.
0...1...2...3...4...5...6...7...8...9...10Writing leaf ambient...done
Computing static prop lighting : 00...1...2...3...4...5...6...7...8...9...10
Ready to Finish

Object names       Objects/Maxobjs  Memory / Maxmem  Fullness 
------------       ---------------  ---------------  -------- 
models                  82/1024         3936/49152    ( 8.0%) 
brushes               1827/8192        21924/98304    (22.3%) 
brushsides           11576/65536       92608/524288   (17.7%) 
planes                5184/65536      103680/1310720  ( 7.9%) 
vertexes             12548/65536      150576/786432   (19.1%) 
nodes                 3609/65536      115488/2097152  ( 5.5%) 
texinfos              1620/12288      116640/884736   (13.2%) 
texdata                146/2048         4672/65536    ( 7.1%) 
dispinfos               86/0           15136/0        ( 0.0%) 
disp_verts            3438/0           68760/0        ( 0.0%) 
disp_tris             4960/0            9920/0        ( 0.0%) 
disp_lmsamples      436148/0          436148/0        ( 0.0%) 
faces                 6420/65536      359520/3670016  ( 9.8%) 
hdr faces             6420/65536      359520/3670016  ( 9.8%) 
origfaces             4066/65536      227696/3670016  ( 6.2%) 
leaves                3692/65536      118144/2097152  ( 5.6%) 
leaffaces             8143/65536       16286/131072   (12.4%) 
leafbrushes           5065/65536       10130/131072   ( 7.7%) 
areas                    6/256            48/2048     ( 2.3%) 
surfedges            47652/512000     190608/2048000  ( 9.3%) 
edges                30526/256000     122104/1024000  (11.9%) 
LDR worldlights        113/8192         9944/720896   ( 1.4%) 
HDR worldlights        113/8192         9944/720896   ( 1.4%) 
leafwaterdata            0/32768           0/393216   ( 0.0%) 
waterstrips            765/32768        7650/327680   ( 2.3%) 
waterverts               0/65536           0/786432   ( 0.0%) 
waterindices         13122/65536       26244/131072   (20.0%) 
cubemapsamples          24/1024          384/16384    ( 2.3%) 
overlays                90/512         31680/180224   (17.6%) 
LDR lightdata         [variable]     6901352/0        ( 0.0%) 
HDR lightdata         [variable]     6901352/0        ( 0.0%) 
visdata               [variable]      318008/16777216 ( 1.9%) 
entdata               [variable]      110420/393216   (28.1%) 
LDR ambient table     3692/65536       14768/262144   ( 5.6%) 
HDR ambient table     3692/65536       14768/262144   ( 5.6%) 
LDR leaf ambient     16310/65536      456680/1835008  (24.9%) 
HDR leaf ambient     16308/65536      456624/1835008  (24.9%) 
occluders                6/0             240/0        ( 0.0%) 
occluder polygons       44/0             528/0        ( 0.0%) 
occluder vert ind      206/0             824/0        ( 0.0%) 
detail props          [variable]           1/12       ( 8.3%) 
static props          [variable]           1/82748    ( 0.0%) 
pakfile               [variable]    13606816/0        ( 0.0%) 
physics               [variable]      637370/4194304  (15.2%) 
physics terrain       [variable]       17804/1048576  ( 1.7%) 

Level flags = 3

Total triangle count: 18532
Writing d:\documents\mapping\tf2\tf2-maps\slushville\x1\koth_slushville_x1.bsp
6 minutes, 50 seconds elapsed



materialPath: D:\Program Files (x86)\Steam\steamapps\common\Team Fortress 2\tf\materials
Loading d:\documents\mapping\tf2\tf2-maps\slushville\x1\koth_slushville_x1.vmf
material "maps/koth_ashville_b5b/glass/glasswindow002a_-14_550_890" not found.
Material not found!: MAPS/KOTH_ASHVILLE_B5B/GLASS/GLASSWINDOW002A_-14_550_890
ConVarRef mat_reduceparticles doesn't point to an existing ConVar
material "maps/koth_ashville_b5b/glass/glasswindow002a_38_-550_890" not found.
Material not found!: MAPS/KOTH_ASHVILLE_B5B/GLASS/GLASSWINDOW002A_38_-550_890
material "maps/koth_ashville_b5b/glass/glasswindow001a_409_-3608_353" not found.
Material not found!: MAPS/KOTH_ASHVILLE_B5B/GLASS/GLASSWINDOW001A_409_-3608_353
material "maps/koth_ashville_b5b/glass/glasswindow001a_1095_-2049_574" not found.
Material not found!: MAPS/KOTH_ASHVILLE_B5B/GLASS/GLASSWINDOW001A_1095_-2049_574
material "maps/koth_ashville_b5b/glass/glasswindow001a_-872_3614_302" not found.
Material not found!: MAPS/KOTH_ASHVILLE_B5B/GLASS/GLASSWINDOW001A_-872_3614_302
material "maps/koth_ashville_b5b/glass/glasswindow002a_-550_2925_574" not found.
Material not found!: MAPS/KOTH_ASHVILLE_B5B/GLASS/GLASSWINDOW002A_-550_2925_574
material "maps/koth_ashville_b5b/glass/glasswindow002a_-682_3131_292" not found.
Material not found!: MAPS/KOTH_ASHVILLE_B5B/GLASS/GLASSWINDOW002A_-682_3131_292
material "maps/koth_ashville_b5b/metal/metalchrome001_-682_3131_292" not found.
Material not found!: MAPS/KOTH_ASHVILLE_B5B/METAL/METALCHROME001_-682_3131_292
material "maps/koth_ashville_b5b/metal/metalchrome001_-98_1299_288" not found.
Material not found!: MAPS/KOTH_ASHVILLE_B5B/METAL/METALCHROME001_-98_1299_288
material "maps/koth_ashville_b5b/metal/metalchrome001_-1071_2049_574" not found.
Material not found!: MAPS/KOTH_ASHVILLE_B5B/METAL/METALCHROME001_-1071_2049_574
material "maps/koth_ashville_b5b/metal/metalchrome001_1095_-2049_574" not found.
Material not found!: MAPS/KOTH_ASHVILLE_B5B/METAL/METALCHROME001_1095_-2049_574
material "maps/koth_ashville_b5b/metal/metalchrome001_122_-1299_288" not found.
Material not found!: MAPS/KOTH_ASHVILLE_B5B/METAL/METALCHROME001_122_-1299_288
Patching WVT material: maps/koth_slushville_x1/pl_barnblitz/blendmetalroofsnow_02_wvt_patch
Patching WVT material: maps/koth_slushville_x1/nature/blendgroundtosnow001_wvt_patch
Patching WVT material: maps/koth_slushville_x1/nature/blendrockgroundwallsnow_wvt_patch
fixing up env_cubemap materials on brush sides...
0...1...2...3...4...5...6...7...8...9...100...1...2...3...4...5...6...7...8...9...10Processing areas...done (0)
Building Faces...done (0)
Occluder "" straddles multiple areas. This is invalid!
Occluder "" straddles multiple areas. This is invalid!
Occluder "" straddles multiple areas. This is invalid!
Occluder "" straddles multiple areas. This is invalid!
Occluder "" straddles multiple areas. This is invalid!
Occluder "" straddles multiple areas. This is invalid!
Occluder "" straddles multiple areas. This is invalid!
Occluder "" straddles multiple areas. This is invalid!
Occluder "" straddles multiple areas. This is invalid!
Occluder "" straddles multiple areas. This is invalid!
Occluder "" straddles multiple areas. This is invalid!
Occluder "" straddles multiple areas. This is invalid!
Occluder "" straddles multiple areas. This is invalid!
Occluder "" straddles multiple areas. This is invalid!
Occluder "" straddles multiple areas. This is invalid!
Occluder "" straddles multiple areas. This is invalid!
Occluder "" straddles multiple areas. This is invalid!
Occluder "" straddles multiple areas. This is invalid!
Occluder "" straddles multiple areas. This is invalid!
Occluder "" straddles multiple areas. This is invalid!
Occluder "" straddles multiple areas. This is invalid!
Occluder "" straddles multiple areas. This is invalid!
Occluder "" straddles multiple areas. This is invalid!
Occluder "" straddles multiple areas. This is invalid!
Occluder "" straddles multiple areas. This is invalid!
Occluder "" straddles multiple areas. This is invalid!
Occluder "" straddles multiple areas. This is invalid!
Occluder "" straddles multiple areas. This is invalid!
Occluder "" straddles multiple areas. This is invalid!
Occluder "" straddles multiple areas. This is invalid!
Occluder "" straddles multiple areas. This is invalid!
Occluder "" straddles multiple areas. This is invalid!
Occluder "" straddles multiple areas. This is invalid!
Occluder "" straddles multiple areas. This is invalid!
Occluder "" straddles multiple areas. This is invalid!
Occluder "" straddles multiple areas. This is invalid!
Occluder "" straddles multiple areas. This is invalid!
Occluder "" straddles multiple areas. This is invalid!
Occluder "" straddles multiple areas. This is invalid!
Occluder "" straddles multiple areas. This is invalid!
Occluder "" straddles multiple areas. This is invalid!
Occluder "" straddles multiple areas. This is invalid!
Occluder "" straddles multiple areas. This is invalid!
Occluder "" straddles multiple areas. This is invalid!
Occluder "" straddles multiple areas. This is invalid!
Occluder "" straddles multiple areas. This is invalid!
Occluder "" straddles multiple areas. This is invalid!
Occluder "" straddles multiple areas. This is invalid!
Occluder "" straddles multiple areas. This is invalid!
Occluder "" straddles multiple areas. This is invalid!
Occluder "" straddles multiple areas. This is invalid!
Occluder "" straddles multiple areas. This is invalid!
Occluder "" straddles multiple areas. This is invalid!
Occluder "" straddles multiple areas. This is invalid!
Occluder "" straddles multiple areas. This is invalid!
Occluder "" straddles multiple areas. This is invalid!
Occluder "" straddles multiple areas. This is invalid!
Occluder "" straddles multiple areas. This is invalid!
Occluder "" straddles multiple areas. This is invalid!
Occluder "" straddles multiple areas. This is invalid!
Occluder "" straddles multiple areas. This is invalid!
Occluder "" straddles multiple areas. This is invalid!
Occluder "" straddles multiple areas. This is invalid!
Occluder "" straddles multiple areas. This is invalid!
Occluder "" straddles multiple areas. This is invalid!
Occluder "" straddles multiple areas. This is invalid!
Occluder "" straddles multiple areas. This is invalid!
Occluder "" straddles multiple areas. This is invalid!
Occluder "" straddles multiple areas. This is invalid!
Occluder "" straddles multiple areas. This is invalid!
Occluder "" straddles multiple areas. This is invalid!
Occluder "" straddles multiple areas. This is invalid!
Occluder "" straddles multiple areas. This is invalid!
Occluder "" straddles multiple areas. This is invalid!
Occluder "" straddles multiple areas. This is invalid!
Occluder "" straddles multiple areas. This is invalid!
Occluder "" straddles multiple areas. This is invalid!
Occluder "" straddles multiple areas. This is invalid!
Occluder "" straddles multiple areas. This is invalid!
Occluder "" straddles multiple areas. This is invalid!
Occluder "" straddles multiple areas. This is invalid!
Occluder "" straddles multiple areas. This is invalid!
Occluder "" straddles multiple areas. This is invalid!
Occluder "" straddles multiple areas. This is invalid!
Occluder "" straddles multiple areas. This is invalid!
Occluder "" straddles multiple areas. This is invalid!
Occluder "" straddles multiple areas. This is invalid!
Occluder "" straddles multiple areas. This is invalid!
Occluder "" straddles multiple areas. This is invalid!
Occluder "" straddles multiple areas. This is invalid!
Occluder "" straddles multiple areas. This is invalid!
Occluder "" straddles multiple areas. This is invalid!
Occluder "" straddles multiple areas. This is invalid!
Occluder "" straddles multiple areas. This is invalid!
Occluder "" straddles multiple areas. This is invalid!
Occluder "" straddles multiple areas. This is invalid!
Occluder "" straddles multiple areas. This is invalid!
Occluder "" straddles multiple areas. This is invalid!
Occluder "" straddles multiple areas. This is invalid!
Occluder "" straddles multiple areas. This is invalid!
Occluder "" straddles multiple areas. This is invalid!
Occluder "" straddles multiple areas. This is invalid!
Occluder "" straddles multiple areas. This is invalid!
Occluder "" straddles multiple areas. This is invalid!
Occluder "" straddles multiple areas. This is invalid!
Occluder "" straddles multiple areas. This is invalid!
Occluder "" straddles multiple areas. This is invalid!
Occluder "" straddles multiple areas. This is invalid!
Occluder "" straddles multiple areas. This is invalid!
Occluder "" straddles multiple areas. This is invalid!
Occluder "" straddles multiple areas. This is invalid!
Occluder "" straddles multiple areas. This is invalid!
Occluder "" straddles multiple areas. This is invalid!
Occluder "" straddles multiple areas. This is invalid!
Occluder "" straddles multiple areas. This is invalid!
Occluder "" straddles multiple areas. This is invalid!
Occluder "" straddles multiple areas. This is invalid!
Occluder "" straddles multiple areas. This is invalid!
Occluder "" straddles multiple areas. This is invalid!
Occluder "" straddles multiple areas. This is invalid!
Occluder "" straddles multiple areas. This is invalid!
Occluder "" straddles multiple areas. This is invalid!
Occluder "" straddles multiple areas. This is invalid!
Occluder "" straddles multiple areas. This is invalid!
Occluder "" straddles multiple areas. This is invalid!
Occluder "" straddles multiple areas. This is invalid!
Occluder "" straddles multiple areas. This is invalid!
Occluder "" straddles multiple areas. This is invalid!
Occluder "" straddles multiple areas. This is invalid!
Occluder "" straddles multiple areas. This is invalid!
Occluder "" straddles multiple areas. This is invalid!
Occluder "" straddles multiple areas. This is invalid!
Occluder "" straddles multiple areas. This is invalid!
Occluder "" straddles multiple areas. This is invalid!
Occluder "" straddles multiple areas. This is invalid!
Occluder "" straddles multiple areas. This is invalid!
Occluder "" straddles multiple areas. This is invalid!
Occluder "" straddles multiple areas. This is invalid!
Occluder "" straddles multiple areas. This is invalid!
Occluder "" straddles multiple areas. This is invalid!
Occluder "" straddles multiple areas. This is invalid!
Occluder "" straddles multiple areas. This is invalid!
Occluder "" straddles multiple areas. This is invalid!
Occluder "" straddles multiple areas. This is invalid!
Occluder "" straddles multiple areas. This is invalid!
Occluder "" straddles multiple areas. This is invalid!
Occluder "" straddles multiple areas. This is invalid!
Occluder "" straddles multiple areas. This is invalid!
Occluder "" straddles multiple areas. This is invalid!
Occluder "" straddles multiple areas. This is invalid!
Occluder "" straddles multiple areas. This is invalid!
Occluder "" straddles multiple areas. This is invalid!
Occluder "" straddles multiple areas. This is invalid!
Occluder "" straddles multiple areas. This is invalid!
Occluder "" straddles multiple areas. This is invalid!
Occluder "" straddles multiple areas. This is invalid!
Occluder "" straddles multiple areas. This is invalid!
Occluder "" straddles multiple areas. This is invalid!
Occluder "" straddles multiple areas. This is invalid!
Occluder "" straddles multiple areas. This is invalid!
Occluder "" straddles multiple areas. This is invalid!
Occluder "" straddles multiple areas. This is invalid!
Occluder "" straddles multiple areas. This is invalid!
Occluder "" straddles multiple areas. This is invalid!
Occluder "" straddles multiple areas. This is invalid!
Occluder "" straddles multiple areas. This is invalid!
Occluder "" straddles multiple areas. This is invalid!
Occluder "" straddles multiple areas. This is invalid!
Occluder "" straddles multiple areas. This is invalid!
Occluder "" straddles multiple areas. This is invalid!
Occluder "" straddles multiple areas. This is invalid!
Occluder "" straddles multiple areas. This is invalid!
Occluder "" straddles multiple areas. This is invalid!
Occluder "" straddles multiple areas. This is invalid!
Occluder "" straddles multiple areas. This is invalid!
Occluder "" straddles multiple areas. This is invalid!
Occluder "" straddles multiple areas. This is invalid!
Occluder "" straddles multiple areas. This is invalid!
Occluder "" straddles multiple areas. This is invalid!
Occluder "" straddles multiple areas. This is invalid!
Occluder "" straddles multiple areas. This is invalid!
Occluder "" straddles multiple areas. This is invalid!
Occluder "" straddles multiple areas. This is invalid!
Occluder "" straddles multiple areas. This is invalid!
Occluder "" straddles multiple areas. This is invalid!
Occluder "" straddles multiple areas. This is invalid!
Occluder "" straddles multiple areas. This is invalid!
Occluder "" straddles multiple areas. This is invalid!
Occluder "" straddles multiple areas. This is invalid!
Occluder "" straddles multiple areas. This is invalid!
Occluder "" straddles multiple areas. This is invalid!
Occluder "" straddles multiple areas. This is invalid!
Occluder "" straddles multiple areas. This is invalid!
Occluder "" straddles multiple areas. This is invalid!
Occluder "" straddles multiple areas. This is invalid!
Occluder "" straddles multiple areas. This is invalid!
Occluder "" straddles multiple areas. This is invalid!
Occluder "" straddles multiple areas. This is invalid!
Occluder "" straddles multiple areas. This is invalid!
Occluder "" straddles multiple areas. This is invalid!
Occluder "" straddles multiple areas. This is invalid!
Occluder "" straddles multiple areas. This is invalid!
Occluder "" straddles multiple areas. This is invalid!
Occluder "" straddles multiple areas. This is invalid!
Occluder "" straddles multiple areas. This is invalid!
Occluder "" straddles multiple areas. This is invalid!
Occluder "" straddles multiple areas. This is invalid!
Occluder "" straddles multiple areas. This is invalid!
Occluder "" straddles multiple areas. This is invalid!
Occluder "" straddles multiple areas. This is invalid!
Occluder "" straddles multiple areas. This is invalid!
Occluder "" straddles multiple areas. This is invalid!
Occluder "" straddles multiple areas. This is invalid!
Occluder "" straddles multiple areas. This is invalid!
Occluder "" straddles multiple areas. This is invalid!
Occluder "" straddles multiple areas. This is invalid!
Occluder "" straddles multiple areas. This is invalid!
Occluder "" straddles multiple areas. This is invalid!
Occluder "" straddles multiple areas. This is invalid!
Occluder "" straddles multiple areas. This is invalid!
Occluder "" straddles multiple areas. This is invalid!
Occluder "" straddles multiple areas. This is invalid!
Occluder "" straddles multiple areas. This is invalid!
Occluder "" straddles multiple areas. This is invalid!
Occluder "" straddles multiple areas. This is invalid!
Occluder "" straddles multiple areas. This is invalid!
Occluder "" straddles multiple areas. This is invalid!
Occluder "" straddles multiple areas. This is invalid!
Occluder "" straddles multiple areas. This is invalid!
Occluder "" straddles multiple areas. This is invalid!
Occluder "" straddles multiple areas. This is invalid!
Occluder "" straddles multiple areas. This is invalid!
Occluder "" straddles multiple areas. This is invalid!
Occluder "" straddles multiple areas. This is invalid!
Occluder "" straddles multiple areas. This is invalid!
Occluder "" straddles multiple areas. This is invalid!
Occluder "" straddles multiple areas. This is invalid!
Occluder "" straddles multiple areas. This is invalid!
Occluder "" straddles multiple areas. This is invalid!
Occluder "" straddles multiple areas. This is invalid!
Occluder "" straddles multiple areas. This is invalid!
Occluder "" straddles multiple areas. This is invalid!
Occluder "" straddles multiple areas. This is invalid!
Occluder "" straddles multiple areas. This is invalid!
Occluder "" straddles multiple areas. This is invalid!
Occluder "" straddles multiple areas. This is invalid!
Occluder "" straddles multiple areas. This is invalid!
Occluder "" straddles multiple areas. This is invalid!
Occluder "" straddles multiple areas. This is invalid!
Occluder "" straddles multiple areas. This is invalid!
Occluder "" straddles multiple areas. This is invalid!
Occluder "" straddles multiple areas. This is invalid!
Occluder "" straddles multiple areas. This is invalid!
Occluder "" straddles multiple areas. This is invalid!
Occluder "" straddles multiple areas. This is invalid!
Occluder "" straddles multiple areas. This is invalid!
Occluder "" straddles multiple areas. This is invalid!
Occluder "" straddles multiple areas. This is invalid!
Occluder "" straddles multiple areas. This is invalid!
Occluder "" straddles multiple areas. This is invalid!
Occluder "" straddles multiple areas. This is invalid!
Occluder "" straddles multiple areas. This is invalid!
Occluder "" straddles multiple areas. This is invalid!
Occluder "" straddles multiple areas. This is invalid!
Occluder "" straddles multiple areas. This is invalid!
Occluder "" straddles multiple areas. This is invalid!
Occluder "" straddles multiple areas. This is invalid!
Occluder "" straddles multiple areas. This is invalid!
Occluder "" straddles multiple areas. This is invalid!
Occluder "" straddles multiple areas. This is invalid!
Occluder "" straddles multiple areas. This is invalid!
Occluder "" straddles multiple areas. This is invalid!
Occluder "" straddles multiple areas. This is invalid!
Occluder "" straddles multiple areas. This is invalid!
Occluder "" straddles multiple areas. This is invalid!
Occluder "" straddles multiple areas. This is invalid!
Occluder "" straddles multiple areas. This is invalid!
Occluder "" straddles multiple areas. This is invalid!
Occluder "" straddles multiple areas. This is invalid!
Occluder "" straddles multiple areas. This is invalid!
Occluder "" straddles multiple areas. This is invalid!
Occluder "" straddles multiple areas. This is invalid!
Occluder "" straddles multiple areas. This is invalid!
Occluder "" straddles multiple areas. This is invalid!
Occluder "" straddles multiple areas. This is invalid!
Occluder "" straddles multiple areas. This is invalid!
Occluder "" straddles multiple areas. This is invalid!
Occluder "" straddles multiple areas. This is invalid!
Occluder "" straddles multiple areas. This is invalid!
Occluder "" straddles multiple areas. This is invalid!
Occluder "" straddles multiple areas. This is invalid!
Occluder "" straddles multiple areas. This is invalid!
Occluder "" straddles multiple areas. This is invalid!
Occluder "" straddles multiple areas. This is invalid!
Occluder "" straddles multiple areas. This is invalid!
Occluder "" straddles multiple areas. This is invalid!
Occluder "" straddles multiple areas. This is invalid!
Occluder "" straddles multiple areas. This is invalid!
Occluder "" straddles multiple areas. This is invalid!
Occluder "" straddles multiple areas. This is invalid!
Occluder "" straddles multiple areas. This is invalid!
Occluder "" straddles multiple areas. This is invalid!
Occluder "" straddles multiple areas. This is invalid!
Occluder "" straddles multiple areas. This is invalid!
Occluder "" straddles multiple areas. This is invalid!
Occluder "" straddles multiple areas. This is invalid!
Occluder "" straddles multiple areas. This is invalid!
Occluder "" straddles multiple areas. This is invalid!
Occluder "" straddles multiple areas. This is invalid!
Occluder "" straddles multiple areas. This is invalid!
Occluder "" straddles multiple areas. This is invalid!
Occluder "" straddles multiple areas. This is invalid!
Occluder "" straddles multiple areas. This is invalid!
Occluder "" straddles multiple areas. This is invalid!
Occluder "" straddles multiple areas. This is invalid!
Occluder "" straddles multiple areas. This is invalid!
Occluder "" straddles multiple areas. This is invalid!
Occluder "" straddles multiple areas. This is invalid!
Occluder "" straddles multiple areas. This is invalid!
Occluder "" straddles multiple areas. This is invalid!
Occluder "" straddles multiple areas. This is invalid!
Occluder "" straddles multiple areas. This is invalid!
Chop Details...done (0)
Find Visible Detail Sides...
Merged 322 detail faces...done (1)
Merging details...done (0)
FixTjuncs...
PruneNodes...
WriteBSP...
NODRAW on terrain surface!
NODRAW on terrain surface!
done (0)
writing d:\documents\mapping\tf2\tf2-maps\slushville\x1\koth_slushville_x1.prt...Building visibility clusters...
done (0)
*** Error: Skybox vtf files for skybox/sky_twilight_01 weren't compiled with the same size texture and/or same flags!
Can't load skybox file skybox/sky_twilight_01 to build the default cubemap!
*** Error: Skybox vtf files for skybox/sky_twilight_01 weren't compiled with the same size texture and/or same flags!
Can't load skybox file skybox/sky_twilight_01 to build the default cubemap!
Finding displacement neighbors...
Finding lightmap sample positions...
Displacement Alpha : 0...1...2...3...4...5...6...7...8...9...10
Building Physics collision data...
done (1) (637370 bytes)
Placing detail props : 0...1...2...3...4...5...6...7...8...9...10
Compacting texture/material tables...
Reduced 2644 texinfos to 1620
Reduced 161 texdatas to 146 (5726 bytes to 5181)
Writing d:\documents\mapping\tf2\tf2-maps\slushville\x1\koth_slushville_x1.bsp
MSG_FILEWRITE - Filesystem was asked to write to 'd:\documents\mapping\tf2\tf2-maps\slushville\x1\koth_slushville_x1.bsp', but we don't own that location. Allowing.
Wrote ZIP buffer, estimated size 24536, actual size 18024
8 seconds elapsed
CMaterialDict::Shutdown m_MissingList count: 12



4 threads
reading d:\documents\mapping\tf2\tf2-maps\slushville\x1\koth_slushville_x1.bsp
reading d:\documents\mapping\tf2\tf2-maps\slushville\x1\koth_slushville_x1.prt
1326 portalclusters
3764 numportals
0...1...2...3...4...5...6...7...8...9...100...1...2...3...4...5...6...7...8...9...10Optimized: 4639 visible clusters (1.72%)
Total clusters visible: 269875
Average clusters visible: 203
Building PAS...
Average clusters audible: 835
visdatasize:318008  compressed from 445536
writing d:\documents\mapping\tf2\tf2-maps\slushville\x1\koth_slushville_x1.bsp
MSG_FILEWRITE - Filesystem was asked to write to 'd:\documents\mapping\tf2\tf2-maps\slushville\x1\koth_slushville_x1.bsp', but we don't own that location. Allowing.
46 seconds elapsed



[Reading texlights from 'lights.rad']
[56 texlights parsed from 'lights.rad']

Loading d:\documents\mapping\tf2\tf2-maps\slushville\x1\koth_slushville_x1.bsp
6420 faces
1 degenerate faces
1196588 square feet [172308800.00 square inches]
86 Displacements
216873 Square Feet [31229724.00 Square Inches]
6419 patches before subdivision
zero area child patch
zero area child patch
113647 patches after subdivision
114 direct lights
0...1...2...3...4...5...6...7...8...9...100...1...2...3...4...5...6...7...8...9...10transfers 9192224, max 492
transfer lists:  70.1 megs
0...1...2...3...4...5...6...7...8...9...10	Bounce #1 added RGB(272764, 167226, 127662)
0...1...2...3...4...5...6...7...8...9...10	Bounce #2 added RGB(55418, 30751, 21533)
0...1...2...3...4...5...6...7...8...9...10	Bounce #3 added RGB(13361, 7137, 4593)
0...1...2...3...4...5...6...7...8...9...10	Bounce #4 added RGB(3589, 1886, 1104)
0...1...2...3...4...5...6...7...8...9...10	Bounce #5 added RGB(1048, 545, 287)
0...1...2...3...4...5...6...7...8...9...10	Bounce #6 added RGB(324, 165, 78)
0...1...2...3...4...5...6...7...8...9...10	Bounce #7 added RGB(105, 52, 22)
0...1...2...3...4...5...6...7...8...9...10	Bounce #8 added RGB(35, 17, 6)
0...1...2...3...4...5...6...7...8...9...10	Bounce #9 added RGB(12, 5, 2)
0...1...2...3...4...5...6...7...8...9...10	Bounce #10 added RGB(4, 2, 1)
0...1...2...3...4...5...6...7...8...9...10	Bounce #11 added RGB(2, 1, 0)
0...1...2...3...4...5...6...7...8...9...10	Bounce #12 added RGB(1, 0, 0)
Build Patch/Sample Hash Table(s).....Done<0.0610 sec>
0...1...2...3...4...5...6...7...8...9...10FinalLightFace Done
0 of 0 (0% of) surface lights went in leaf ambient cubes.
0...1...2...3...4...5...6...7...8...9...10Writing leaf ambient...done
Ready to Finish

Object names       Objects/Maxobjs  Memory / Maxmem  Fullness 
------------       ---------------  ---------------  -------- 
models                  82/1024         3936/49152    ( 8.0%) 
brushes               1827/8192        21924/98304    (22.3%) 
brushsides           11576/65536       92608/524288   (17.7%) 
planes                5184/65536      103680/1310720  ( 7.9%) 
vertexes             12548/65536      150576/786432   (19.1%) 
nodes                 3609/65536      115488/2097152  ( 5.5%) 
texinfos              1620/12288      116640/884736   (13.2%) 
texdata                146/2048         4672/65536    ( 7.1%) 
dispinfos               86/0           15136/0        ( 0.0%) 
disp_verts            3438/0           68760/0        ( 0.0%) 
disp_tris             4960/0            9920/0        ( 0.0%) 
disp_lmsamples      436148/0          436148/0        ( 0.0%) 
faces                 6420/65536      359520/3670016  ( 9.8%) 
hdr faces                0/65536           0/3670016  ( 0.0%) 
origfaces             4066/65536      227696/3670016  ( 6.2%) 
leaves                3692/65536      118144/2097152  ( 5.6%) 
leaffaces             8143/65536       16286/131072   (12.4%) 
leafbrushes           5065/65536       10130/131072   ( 7.7%) 
areas                    6/256            48/2048     ( 2.3%) 
surfedges            47652/512000     190608/2048000  ( 9.3%) 
edges                30526/256000     122104/1024000  (11.9%) 
LDR worldlights        114/8192        10032/720896   ( 1.4%) 
HDR worldlights          0/8192            0/720896   ( 0.0%) 
leafwaterdata            0/32768           0/393216   ( 0.0%) 
waterstrips            765/32768        7650/327680   ( 2.3%) 
waterverts               0/65536           0/786432   ( 0.0%) 
waterindices         13122/65536       26244/131072   (20.0%) 
cubemapsamples          24/1024          384/16384    ( 2.3%) 
overlays                90/512         31680/180224   (17.6%) 
LDR lightdata         [variable]     6901352/0        ( 0.0%) 
HDR lightdata         [variable]           0/0        ( 0.0%) 
visdata               [variable]      318008/16777216 ( 1.9%) 
entdata               [variable]      111164/393216   (28.3%) 
LDR ambient table     3692/65536       14768/262144   ( 5.6%) 
HDR ambient table     3692/65536       14768/262144   ( 5.6%) 
LDR leaf ambient     16286/65536      456008/1835008  (24.9%) 
HDR leaf ambient      3692/65536      103376/1835008  ( 5.6%) 
occluders                6/0             240/0        ( 0.0%) 
occluder polygons       44/0             528/0        ( 0.0%) 
occluder vert ind      206/0             824/0        ( 0.0%) 
detail props          [variable]           1/12       ( 8.3%) 
static props          [variable]           1/82826    ( 0.0%) 
pakfile               [variable]       18024/0        ( 0.0%) 
physics               [variable]      637370/4194304  (15.2%) 
physics terrain       [variable]       17804/1048576  ( 1.7%) 

Level flags = 0

Total triangle count: 18532
Writing d:\documents\mapping\tf2\tf2-maps\slushville\x1\koth_slushville_x1.bsp
1 minute, 0 seconds elapsed
