PRT1
224
630
4 0 79 (208 -1024 528 ) (0 -1024 528 ) (0 -1024 272 ) (208 -1024 272 ) 
4 0 72 (496 -1024 272 ) (496 -1024 528 ) (208 -1024 528 ) (208 -1024 272 ) 
4 0 37 (0 -1024 272 ) (0 -1024 368 ) (0 0 368 ) (0 0 272 ) 
4 0 30 (0 -1024 368 ) (0 -1024 528 ) (0 0 528 ) (0 0 368 ) 
4 0 7 (0 -1024 272 ) (0 -1008 272 ) (208 -1008 272 ) (208 -1024 272 ) 
4 0 3 (0 -1008 272 ) (0 0 272 ) (496 0 272 ) (496 -1008 272 ) 
4 1 35 (0 0 158.545456 ) (0 0 128 ) (0 -256 128 ) (0 -256 146.909088 ) 
5 1 25 (0 0 128 ) (208 0 128 ) (208 -400 128 ) (176 -432 128 ) (0 -256 128 ) 
3 1 22 (208 -400 128 ) (208 -464 128 ) (176 -432 128 ) 
3 1 19 (448 -40 128 ) (467.199982 -44.799992 128 ) (472 -64 128 ) 
3 1 18 (416 -32 128 ) (461.176453 -20.705889 128 ) (467.199982 -44.799992 128 ) 
3 1 17 (484.800018 -115.200012 128 ) (472 -128 128 ) (480 -96 128 ) 
4 1 16 (496 -12 128 ) (496 -104 128 ) (484.800018 -115.200012 128 ) (461.176453 -20.705889 128 ) 
4 1 15 (424 0 128 ) (496 0 128 ) (496 -12 128 ) (384 -40 128 ) 
3 1 14 (376 0 128 ) (424 0 128 ) (360 -64 128 ) 
3 1 13 (328 0 128 ) (376 0 128 ) (352 -96 128 ) 
3 1 12 (232 0 128 ) (328 0 128 ) (360 -128 128 ) 
4 1 11 (208 0 128 ) (232 0 128 ) (384 -152 128 ) (208 -108 128 ) 
3 1 10 (416 -160 128 ) (208 -212 128 ) (208 -108 128 ) 
3 1 9 (448 -152 128 ) (208 -392 128 ) (208 -212 128 ) 
4 1 8 (496 -104 128 ) (496 -176 128 ) (208 -464 128 ) (208 -392 128 ) 
5 1 5 (0 0 158.545441 ) (0 -224 148.363632 ) (224 -448 128 ) (496 -176 128 ) (496 0 136 ) 
3 1 2 (192 -448 128 ) (207.994385 -463.994385 128 ) (32.054794 -288.054810 143.994507 ) 
3 2 36 (0 -640 128 ) (0 -672 128 ) (0 -320.001556 144 ) 
4 2 23 (208 -464 128 ) (0 -672 128 ) (0 -640 128 ) (192 -448 128 ) 
4 3 37 (0 -1008 272 ) (0 0 272 ) (0 0 174.545441 ) (0 -1008 128.727264 ) 
3 3 23 (208 -1008 128 ) (16 -1008 128 ) (208 -816 128 ) 
4 3 8 (496 -528 128 ) (496 -1008 128 ) (208 -1008 128 ) (208 -816 128 ) 
5 3 7 (16 -1008 128 ) (208 -1008 128 ) (208 -1008 272 ) (0 -1008 272 ) (0 -1008 128.727264 ) 
4 3 6 (224 -1008 128 ) (496 -1008 128 ) (496 -1008 256 ) (224 -1008 256 ) 
5 3 5 (0 -224 164.363632 ) (0 0 174.545456 ) (496 0 152 ) (496 -176 144 ) (224 -448 144 ) 
5 3 4 (496 -528 128 ) (16 -1008 128 ) (0 -1008 128.727280 ) (0 -672 144 ) (496 -176 144 ) 
4 4 38 (0 -672 128 ) (0 -1008 128 ) (0 -1008 128.727264 ) (0 -672 144 ) 
5 4 23 (208 -816 128 ) (16 -1008 128 ) (0 -1008 128 ) (0 -672 128 ) (208 -464 128 ) 
4 4 8 (496 -176 128 ) (496 -528 128 ) (208 -816 128 ) (208 -464 128 ) 
3 4 7 (0 -1008 128 ) (16 -1008 128 ) (0 -1008 128.727264 ) 
4 4 5 (496 -176 128.001892 ) (224 -448 128.001907 ) (224 -448 143.996094 ) (496 -176 143.996094 ) 
4 5 39 (0 0 174.545441 ) (0 0 158.545456 ) (0 -224 148.363632 ) (0 -224 164.363617 ) 
4 6 72 (496 -1024 128 ) (496 -1024 256 ) (224 -1024 256 ) (224 -1024 128 ) 
4 6 21 (496 -1008 128 ) (496 -1024 128 ) (224 -1024 128 ) (224 -1008 128 ) 
4 7 79 (208 -1024 272 ) (0 -1024 272 ) (0 -1024 128 ) (208 -1024 128 ) 
3 7 38 (0 -1024 128 ) (0 -1008 128.727264 ) (0 -1008 128 ) 
4 7 37 (0 -1024 128 ) (0 -1024 272 ) (0 -1008 272 ) (0 -1008 128.727264 ) 
4 7 24 (208 -1024 128 ) (0 -1024 128 ) (0 -1008 128 ) (208 -1008 128 ) 
4 8 25 (208 -400 128 ) (208 -392 128 ) (208 -392 112 ) (208 -400 112 ) 
4 8 23 (208 -1008 128 ) (208 -464 128 ) (208 -464 112 ) (208 -1008 112 ) 
4 8 22 (208 -464 128 ) (208 -400 128 ) (208 -400 112 ) (208 -464 112 ) 
4 8 21 (224 -1008 112 ) (496 -1008 112 ) (496 -1008 128 ) (224 -1008 128 ) 
5 8 20 (496 -1008 112 ) (208 -1008 112 ) (208 -392 112 ) (216 -384 112 ) (496 -384 112 ) 
4 8 17 (484.799988 -115.200005 112 ) (472 -128 112 ) (472 -128 128 ) (484.799988 -115.200005 128 ) 
4 8 16 (496 -104 112 ) (484.799988 -115.200005 112 ) (484.799988 -115.200005 128 ) (496 -104 128 ) 
4 8 9 (448 -152 112 ) (208 -392 112 ) (208 -392 128 ) (448 -152 128 ) 
4 9 25 (208 -392 128 ) (208 -212 128 ) (208 -212 112 ) (208 -392 112 ) 
3 9 20 (208 -392 112 ) (208 -384 112 ) (216 -384 112 ) 
4 9 10 (416 -160 112 ) (208 -212 112 ) (208 -212 128 ) (416 -160 128 ) 
4 10 25 (208 -212 128 ) (208 -108 128 ) (208 -108 112 ) (208 -212 112 ) 
4 10 11 (384 -152 112 ) (208 -108 112 ) (208 -108 128 ) (384 -152 128 ) 
4 11 25 (208 -108 128 ) (208 0 128 ) (208 0 112 ) (208 -108 112 ) 
4 11 12 (360 -128 112 ) (232 0 112 ) (232 0 128 ) (360 -128 128 ) 
4 12 13 (352 -96 112 ) (328 0 112 ) (328 0 128 ) (352 -96 128 ) 
4 13 14 (359.998688 -64.001282 112 ) (376 0 112 ) (376 0 128 ) (359.998688 -64.001289 128 ) 
4 14 15 (384 -40 112 ) (424 0 112 ) (424 0 128 ) (384 -40 128 ) 
4 15 18 (416 -32 112 ) (461.176483 -20.705885 112 ) (461.176483 -20.705883 128 ) (416 -32 128 ) 
4 15 16 (461.176483 -20.705885 112 ) (496 -12 112 ) (496 -12 128 ) (461.176483 -20.705883 128 ) 
4 16 19 (467.200012 -44.800003 112 ) (472 -64 112 ) (472 -64 128 ) (467.200012 -44.799995 128 ) 
4 16 18 (461.176270 -20.705074 128 ) (461.176270 -20.705074 112 ) (467.200012 -44.800003 112 ) (467.200012 -44.799995 128 ) 
4 16 17 (480 -96 112 ) (484.800018 -115.200020 112 ) (484.800018 -115.200020 128 ) (480 -96 128 ) 
4 18 19 (448 -40 112 ) (467.199615 -44.799908 112 ) (467.199615 -44.799908 128 ) (448 -40 128 ) 
3 20 25 (208 -400 112 ) (208 -384 112 ) (208 -400 108 ) 
5 20 23 (208 -640 48 ) (208 -1008 48 ) (208 -1008 112 ) (208 -464 112 ) (208 -464 92 ) 
4 20 22 (208 -464 112 ) (208 -400 112 ) (208 -400 108 ) (208 -464 92 ) 
4 20 21 (224 -1008 48 ) (496 -1008 48 ) (496 -1008 112 ) (224 -1008 112 ) 
5 21 74 (496 -1024 48 ) (496 -1024 96 ) (224 -1024 96 ) (224 -1024 86.399994 ) (288 -1024 48 ) 
4 21 72 (496 -1024 96 ) (496 -1024 128 ) (224 -1024 128 ) (224 -1024 96 ) 
4 22 28 (208 -400 -112 ) (208 -432 -112 ) (192 -448 -112 ) (176 -432 -112 ) 
3 22 27 (208 -432 -112 ) (208 -464 -112 ) (192 -448 -112 ) 
4 22 25 (208 -400 128 ) (208 -400 -112 ) (176 -432 -112 ) (176 -432 128 ) 
4 22 23 (192 -448 -112 ) (208 -464 -112 ) (208 -464 128 ) (192 -448 128 ) 
4 23 60 (0 -864 28 ) (0 -864 -112 ) (0 -896 -112 ) (0 -896 28 ) 
4 23 58 (0 -896 128 ) (0 -864 128 ) (0 -864 28 ) (0 -896 28 ) 
4 23 49 (0 -864 128 ) (0 -640 128 ) (0 -640 -112 ) (0 -864 -112 ) 
4 23 42 (0 -1008 128 ) (0 -896 128 ) (0 -896 -112 ) (0 -1008 -112 ) 
5 23 27 (208 -464 -112 ) (208 -1008 -112 ) (0 -1008 -112 ) (0 -640 -112 ) (192 -448 -112 ) 
4 23 24 (208 -1008 96 ) (208 -1008 128 ) (0 -1008 128 ) (0 -1008 96 ) 
4 24 79 (208 -1024 128 ) (0 -1024 128 ) (0 -1024 96 ) (208 -1024 96 ) 
4 24 45 (0 -1024 96 ) (0 -1024 128 ) (0 -1008 128 ) (0 -1008 96 ) 
4 25 57 (0 -256 128 ) (0 0 128 ) (0 0 -112 ) (0 -256 -112 ) 
5 25 28 (0 0 -112 ) (208 0 -112 ) (208 -400 -112 ) (176 -432 -112 ) (0 -256 -112 ) 
3 26 51 (0 -288 -94 ) (0 -288 -112 ) (0 -432 -112 ) 
5 26 50 (0 -608 128 ) (0 -288 128 ) (0 -288 -94 ) (0 -432 -112 ) (0 -608 -112 ) 
4 27 63 (0 -896 -112 ) (0 -640 -112 ) (0 -640 -176 ) (0 -896 -176 ) 
4 27 42 (0 -1008 -112 ) (0 -896 -112 ) (0 -896 -176 ) (0 -1008 -176 ) 
4 27 29 (0 -1008 -176 ) (0 -640 -176 ) (208 -432 -176 ) (208 -1008 -176 ) 
4 27 28 (192 -448 -112 ) (208 -432 -112 ) (208 -432 -176 ) (192 -448 -176 ) 
4 28 65 (0 -256 -112 ) (0 0 -112 ) (0 0 -176 ) (0 -256 -176 ) 
5 28 29 (0 -256 -176 ) (0 0 -176 ) (208 0 -176 ) (208 -432 -176 ) (192 -448 -176 ) 
4 29 85 (208 -1024 -176 ) (0 -1024 -176 ) (0 -1024 -416 ) (208 -1024 -416 ) 
4 29 78 (496 -1024 -416 ) (496 -1024 -176 ) (208 -1024 -176 ) (208 -1024 -416 ) 
4 29 66 (0 -896 -176 ) (0 0 -176 ) (0 0 -416 ) (0 -896 -416 ) 
4 29 48 (0 -1024 -416 ) (0 -1024 -176 ) (0 -896 -176 ) (0 -896 -416 ) 
4 30 86 (0 -1024 368 ) (0 -1024 528 ) (-592 -1024 528 ) (-592 -1024 368 ) 
4 30 37 (0 -1024 368 ) (-592 -1024 368 ) (-592 0 368 ) (0 0 368 ) 
4 30 32 (-592 -1024 384.250000 ) (-592 -1024 528 ) (-592 -960 528 ) (-592 -960 384.250000 ) 
4 30 31 (-592 0 368 ) (-592 -960 368 ) (-592 -960 528 ) (-592 0 528 ) 
4 31 68 (-1024 0 384.250000 ) (-1024 0 368 ) (-1024 -960 368 ) (-1024 -960 384.250000 ) 
4 31 67 (-1024 -960 528 ) (-1024 0 528 ) (-1024 0 384.250000 ) (-1024 -960 384.250000 ) 
4 31 37 (-1024 -960 368 ) (-1024 0 368 ) (-592 0 368 ) (-592 -960 368 ) 
4 31 32 (-592 -960 384.250000 ) (-592 -960 528 ) (-1024 -960 528 ) (-1024 -960 384.250000 ) 
4 32 87 (-592 -1024 528 ) (-1024 -1024 528 ) (-1024 -1024 384.250000 ) (-592 -1024 384.250000 ) 
4 32 67 (-1024 -1024 384.250000 ) (-1024 -1024 528 ) (-1024 -960 528 ) (-1024 -960 384.250000 ) 
4 33 69 (-1024 -1024 128 ) (-1024 -1024 158.545456 ) (-1024 -960 161.454544 ) (-1024 -960 128 ) 
4 33 68 (-1024 -960 161.454544 ) (-1024 0 205.090912 ) (-1024 0 128 ) (-1024 -960 128 ) 
4 33 59 (-896 0 128 ) (-864 0 128 ) (-432 -432 128 ) (-448 -448 128 ) 
3 33 56 (-288 0 128 ) (0 0 128 ) (-144 -144 128 ) 
4 33 52 (-864 0 128 ) (-288 0 128 ) (-144 -144 128 ) (-432 -432 128 ) 
3 33 45 (-1008 -1008 128 ) (-1024 -1024 128 ) (-1024 -1008 128 ) 
5 33 43 (-1024 0 128 ) (-896 0 128 ) (-448 -448 128 ) (-1008 -1008 128 ) (-1024 -1008 128 ) 
4 33 41 (-1024 -1024 158.545456 ) (-464 -464 158.545456 ) (-480 -448 160 ) (-1024 -992 160 ) 
4 33 40 (-128 -96 160 ) (-224 0 168.727280 ) (-1024 0 205.090912 ) (-1024 -992 160 ) 
3 33 39 (-112 -112 158.545456 ) (0 0 158.545456 ) (-224 0 168.727280 ) 
4 33 35 (-128 -128 128 ) (0 0 128 ) (0 0 158.546875 ) (-128 -128 158.546890 ) 
4 33 34 (-1024 -1024 128 ) (-448 -448 128 ) (-448 -448 158.546921 ) (-1024 -1024 158.546967 ) 
3 34 88 (-656 -1024 128 ) (-352 -1024 128 ) (-656 -1024 141.818176 ) 
4 34 45 (-336 -1008 128 ) (-352 -1024 128 ) (-1024 -1024 128 ) (-1008 -1008 128 ) 
4 34 44 (-400 -1008 128 ) (-656 -1008 128 ) (-272 -624 128 ) (-144 -752 128 ) 
4 34 43 (-656 -1008 128 ) (-1008 -1008 128 ) (-448 -448 128 ) (-272 -624 128 ) 
4 34 42 (-112 -784 128 ) (-336 -1008 128 ) (-400 -1008 128 ) (-144 -752 128 ) 
4 34 41 (-1024 -1024 158.545456 ) (-352 -1024 128 ) (-128 -800 128 ) (-464 -464 158.545456 ) 
3 34 36 (-287.729858 -608.270142 143.972992 ) (-112.026703 -783.973267 128 ) (-128 -768 128 ) 
3 35 57 (0 0 128 ) (0 -256 128 ) (-128 -128 128 ) 
3 35 39 (0 -224 148.363632 ) (0 0 158.545456 ) (-112 -112 158.545456 ) 
4 36 58 (-96 -768 128 ) (-112 -784 128 ) (-128 -768 128 ) (-112 -752 128 ) 
4 36 49 (0 -640 128 ) (0 -672 128 ) (-96 -768 128 ) (-112 -752 128 ) 
4 37 88 (0 -1024 128 ) (0 -1024 368 ) (-656 -1024 368 ) (-656 -1024 157.818176 ) 
4 37 69 (-1024 -1024 174.545456 ) (-1024 -1024 368 ) (-1024 -960 368 ) (-1024 -960 177.454544 ) 
4 37 68 (-1024 -960 368 ) (-1024 0 368 ) (-1024 0 221.090912 ) (-1024 -960 177.454544 ) 
5 37 41 (-352 -1024 144 ) (-1024 -1024 174.545349 ) (-1024 -992 176 ) (-480 -448 176 ) (-128 -800 144 ) 
4 37 40 (-1024 -992 176 ) (-1024 0 221.090866 ) (-224 0 184.727173 ) (-128 -96 176 ) 
3 37 39 (-224 0 184.727173 ) (0 0 174.545349 ) (0 -224 164.363586 ) 
3 37 38 (-0.003906 -1024 128 ) (-352 -1024 144 ) (-0.002563 -672.002563 144 ) 
3 38 88 (0 -1024 128 ) (-352 -1024 144 ) (-352 -1024 128 ) 
4 38 58 (0 -864 128 ) (0 -896 128 ) (-112 -784 128 ) (-96 -768 128 ) 
3 38 49 (0 -672 128 ) (0 -864 128 ) (-96 -768 128 ) 
4 38 45 (0 -1008 128 ) (0 -1024 128 ) (-352 -1024 128 ) (-336 -1008 128 ) 
4 38 42 (0 -896 128 ) (0 -1008 128 ) (-336 -1008 128 ) (-112 -784 128 ) 
4 38 41 (-127.998039 -800.001953 128.001907 ) (-351.996124 -1024 128.001923 ) (-352 -1024 143.996094 ) (-128 -800 143.996094 ) 
4 39 40 (-224 0 168.730972 ) (-128 -96 160.003693 ) (-128 -96 175.995956 ) (-224 0 184.723236 ) 
4 40 69 (-1024 -992 176 ) (-1024 -960 177.454544 ) (-1024 -960 161.454544 ) (-1024 -992 160 ) 
4 40 68 (-1024 -960 177.454544 ) (-1024 0 221.090912 ) (-1024 0 205.090912 ) (-1024 -960 161.454544 ) 
4 40 41 (-1024 -992 160.003830 ) (-480 -448 160.003876 ) (-480 -448 175.996124 ) (-1024 -992 175.996170 ) 
4 41 88 (-352 -1024 144 ) (-656 -1024 157.818176 ) (-656 -1024 141.818176 ) (-352 -1024 128 ) 
4 41 69 (-1024 -1024 158.545456 ) (-1024 -1024 174.545456 ) (-1024 -992 176 ) (-1024 -992 160 ) 
4 42 63 (0 -896 -112 ) (0 -896 -176 ) (-128 -768 -176 ) (-128 -768 -112 ) 
4 42 60 (0 -896 28 ) (0 -896 -112 ) (-128 -768 -112 ) (-128 -768 28 ) 
4 42 58 (-128 -768 128 ) (0 -896 128 ) (0 -896 28 ) (-128 -768 28 ) 
4 42 48 (-144.001892 -752.002014 -176 ) (0 -896.003906 -176 ) (0 -1008 -176 ) (-400 -1008 -176 ) 
4 42 46 (-400 -1008 -176 ) (-128 -1008 -176 ) (-128 -1008 32 ) (-400 -1008 32 ) 
4 42 45 (0 -1008 96 ) (0 -1008 128 ) (-400 -1008 128 ) (-400 -1008 96 ) 
5 42 44 (-144.003891 -752 128 ) (-144.003906 -752 -112 ) (-272.001495 -879.998535 -176 ) (-400.001953 -1008 -176 ) (-400.001953 -1008 128 ) 
4 43 69 (-1024 -1008 128 ) (-1024 -960 128 ) (-1024 -960 -176 ) (-1024 -1008 -176 ) 
4 43 68 (-1024 -960 128 ) (-1024 0 128 ) (-1024 0 -176 ) (-1024 -960 -176 ) 
4 43 64 (-896 0 -176 ) (-896 0 -112 ) (-448 -448 -112 ) (-448 -448 -176 ) 
4 43 61 (-896 0 -112 ) (-896 0 28 ) (-448 -448 28 ) (-448 -448 -112 ) 
4 43 59 (-896 0 28 ) (-896 0 128 ) (-448 -448 128 ) (-448 -448 28 ) 
5 43 48 (-1024 0 -176 ) (-896.003906 0 -176 ) (-272.001953 -624.001953 -176 ) (-656 -1008 -176 ) (-1024 -1008 -176 ) 
4 43 47 (-1024 -1008 -176 ) (-656 -1008 -176 ) (-656 -1008 96 ) (-1024 -1008 96 ) 
4 43 45 (-656 -1008 96 ) (-656 -1008 128 ) (-1024 -1008 128 ) (-1024 -1008 96 ) 
5 43 44 (-656 -1008 128 ) (-656 -1008 -176 ) (-400 -752 -176 ) (-272 -624 -112 ) (-272 -624 128 ) 
4 44 62 (-157 -739 -112 ) (-259 -637 -112 ) (-259 -637 28 ) (-157 -739 28 ) 
4 44 48 (-272 -880 -176 ) (-400 -1008 -176 ) (-656 -1008 -176 ) (-400 -752 -176 ) 
4 44 46 (-432 -1008 -176 ) (-400 -1008 -176 ) (-400 -1008 32 ) (-432 -1008 32 ) 
4 44 45 (-400 -1008 96 ) (-400 -1008 128 ) (-656 -1008 128 ) (-656 -1008 96 ) 
4 45 88 (0 -1024 96 ) (0 -1024 128 ) (-656 -1024 128 ) (-656 -1024 96 ) 
4 45 69 (-1024 -1024 96 ) (-1024 -1024 128 ) (-1024 -1008 128 ) (-1024 -1008 96 ) 
4 45 47 (-1024 -1008 96 ) (-656 -1008 96 ) (-656 -1024 96 ) (-1024 -1024 96 ) 
4 46 91 (-432 -1024 32 ) (-432 -1024 -176 ) (-128 -1024 -176 ) (-128 -1024 32 ) 
4 46 48 (-128 -1024 -176 ) (-432 -1024 -176 ) (-432 -1008 -176 ) (-128 -1008 -176 ) 
4 47 94 (-1024 -1024 -32 ) (-1024 -1024 -128 ) (-720 -1024 -128 ) (-720 -1024 -32 ) 
4 47 69 (-1024 -1024 -176 ) (-1024 -1024 96 ) (-1024 -1008 96 ) (-1024 -1008 -176 ) 
4 47 48 (-656 -1024 -176 ) (-1024 -1024 -176 ) (-1024 -1008 -176 ) (-656 -1008 -176 ) 
4 48 93 (0 -1024 -416 ) (0 -1024 -176 ) (-656 -1024 -176 ) (-656 -1024 -416 ) 
4 48 69 (-1024 -1024 -416 ) (-1024 -1024 -176 ) (-1024 -960 -176 ) (-1024 -960 -416 ) 
4 48 68 (-1024 -960 -176 ) (-1024 0 -176 ) (-1024 0 -416 ) (-1024 -960 -416 ) 
4 48 66 (-896 0 -416 ) (-896 0 -176 ) (0 -896 -176 ) (0 -896 -416 ) 
3 49 63 (0 -640 -112 ) (0 -864 -112 ) (-112 -752 -112 ) 
4 49 60 (-112 -752 -112 ) (0 -864 -112 ) (0 -863.997742 28 ) (-111.998840 -751.998840 28 ) 
4 49 58 (0 -863.997742 28 ) (0 -863.996094 128 ) (-111.998032 -751.998047 128 ) (-111.998840 -751.998840 28 ) 
5 50 62 (-216 -648 -112 ) (-141 -723 -112 ) (-140.998840 -722.998840 28 ) (-242.998840 -620.998840 28 ) (-243 -621 -105.249992 ) 
4 50 53 (-56 -232 128 ) (-56 -232 96 ) (-344 -520 96 ) (-344 -520 128 ) 
4 50 54 (-56 -232 96 ) (-56 -232 -80 ) (-344 -520 -80 ) (-344 -520 96 ) 
5 50 51 (-216 -392 -80 ) (-56 -232 -80 ) (0 -288 -94 ) (0 -432 -112 ) (-88 -520 -112 ) 
4 52 59 (-431.998047 -431.998047 128 ) (-863.996094 0 128 ) (-863.996582 0 96 ) (-431.998260 -431.998322 96 ) 
4 52 56 (-288 0 96 ) (-288 0 128 ) (-144 -144 128 ) (-144 -144 96 ) 
4 52 54 (-432 -432 96 ) (-864 0 96 ) (-288.007813 0 96 ) (-144.003906 -144.003906 96 ) 
4 53 54 (-56.003906 -232.003906 96 ) (-344 -520 96 ) (-416 -448 96 ) (-128.003906 -160.003906 96 ) 
4 54 61 (-431.998840 -431.998840 28 ) (-863.997681 0 28 ) (-864 0 -80 ) (-432 -432 -80 ) 
4 54 59 (-431.998291 -431.998291 96 ) (-863.996582 0 96 ) (-863.997681 0 28 ) (-431.998871 -431.998810 28 ) 
4 54 56 (-288 0 -80 ) (-288 0 96 ) (-144 -144 96 ) (-144 -144 -80 ) 
4 54 55 (-432 -432 -80 ) (-864 0 -80 ) (-288.007813 0 -80 ) (-144.003906 -144.003906 -80 ) 
4 55 64 (-864 0 -112 ) (-288 0 -112 ) (-144 -144 -112 ) (-432 -432 -112 ) 
4 55 61 (-864 0 -112 ) (-432 -432 -112 ) (-432 -432 -80 ) (-864 0 -80 ) 
4 55 56 (-144 -144 -112 ) (-288 0 -112 ) (-288 0 -80 ) (-144 -144 -80 ) 
3 56 64 (-288 0 -112 ) (0 0 -112 ) (-144 -144 -112 ) 
4 56 57 (-128 -128 -112 ) (0 0 -112 ) (0 0 128 ) (-128 -128 128 ) 
3 57 65 (0 0 -112 ) (0 -256 -112 ) (-128 -128 -112 ) 
4 58 60 (0 -896.003906 28 ) (-128.001923 -768.001953 28 ) (-112 -752 28 ) (0 -864 28 ) 
4 59 61 (-448.001953 -448.001984 28 ) (-896.003967 0 28 ) (-864 0 28 ) (-432 -432 28 ) 
4 60 63 (0 -896 -112 ) (-128 -768 -112 ) (-112 -752 -112 ) (0 -864 -112 ) 
4 61 64 (-448 -448 -112 ) (-896 0 -112 ) (-864 0 -112 ) (-432 -432 -112 ) 
3 63 66 (0 -896 -176 ) (-128 -768 -176 ) (0 -640 -176 ) 
4 64 65 (-128 -128 -176 ) (0 0 -176 ) (0 0 -112 ) (-128 -128 -112 ) 
3 64 66 (-448 -448 -176 ) (-896 0 -176 ) (0 0 -176 ) 
3 65 66 (-128 -128 -176 ) (0 0 -176 ) (0 -256 -176 ) 
4 67 191 (-1024 -1024 384.250000 ) (-1024 -1024 528 ) (-1456 -1024 528 ) (-1456 -1024 384.250000 ) 
4 67 70 (-1456 -1024 384.250000 ) (-1456 -1024 528 ) (-1456 0 528 ) (-1456 0 384.250000 ) 
4 67 68 (-1456 -960 384.250000 ) (-1456 0 384.250000 ) (-1024 0 384.250000 ) (-1024 -960 384.250000 ) 
4 68 70 (-1456 -960 384.250000 ) (-1456 0 384.250000 ) (-1456 0 160 ) (-1456 -960 160 ) 
4 68 69 (-1456 -960 -416 ) (-1024 -960 -416 ) (-1024 -960 368 ) (-1456 -960 368 ) 
4 69 197 (-1168 -1024 -32 ) (-1360 -1024 -32 ) (-1360 -1024 -160 ) (-1168 -1024 -160 ) 
4 69 194 (-1024 -1024 -128 ) (-1024 -1024 -32 ) (-1072 -1024 -32 ) (-1072 -1024 -128 ) 
4 69 70 (-1456 -1024 160 ) (-1456 -1024 368 ) (-1456 -960 368 ) (-1456 -960 160 ) 
4 70 71 (-2048 -1024 160 ) (-2048 -1024 528 ) (-2048 0 528 ) (-2048 0 160 ) 
4 72 79 (208 -1472 528 ) (208 -1024 528 ) (208 -1024 96 ) (208 -1472 96 ) 
4 72 76 (208 -1232 96 ) (208 -1152 96 ) (224 -1152 96 ) (224 -1232 96 ) 
4 72 75 (224 -1152 96 ) (496 -1152 96 ) (496 -1472 96 ) (224 -1472 96 ) 
4 72 74 (208 -1152 96 ) (208 -1024 96 ) (496 -1024 96 ) (496 -1152 96 ) 
4 72 73 (208 -1472 96 ) (496 -1472 96 ) (496 -1472 384 ) (208 -1472 384 ) 
4 73 122 (208 -2048 368 ) (208 -2048 96 ) (320 -2048 96 ) (320 -2048 368 ) 
4 73 120 (320 -2048 96 ) (480 -2048 96 ) (480 -2048 368 ) (320 -2048 368 ) 
4 73 118 (480 -2048 96 ) (496 -2048 96 ) (496 -2048 368 ) (480 -2048 368 ) 
4 73 115 (208 -2048 384 ) (208 -2048 368 ) (496 -2048 368 ) (496 -2048 384 ) 
4 73 80 (208 -2048 96 ) (208 -2048 384 ) (208 -1472 384 ) (208 -1472 96 ) 
4 73 77 (208 -2048 96 ) (208 -1680 96 ) (496 -1680 96 ) (496 -2048 96 ) 
4 73 75 (224 -1472 96 ) (496 -1472 96 ) (496 -1680 96 ) (224 -1680 96 ) 
3 74 76 (224 -1152 96 ) (208 -1152 96 ) (224 -1152 86.399994 ) 
5 74 75 (288 -1152 48 ) (496 -1152 48 ) (496 -1152 96 ) (224 -1152 96 ) (224 -1152 86.399994 ) 
4 75 77 (224 -1680 48 ) (496 -1680 48 ) (496 -1680 96 ) (224 -1680 96 ) 
4 75 76 (224 -1152 96 ) (224 -1152 48 ) (224 -1232 48 ) (224 -1232 96 ) 
3 76 81 (208 -1232 96 ) (208 -1152 96 ) (208 -1232 49.103474 ) 
4 77 82 (208 -2048 96 ) (208 -1680 96 ) (208 -1680 48 ) (208 -1824 48 ) 
4 78 135 (496 -2048 -416 ) (496 -2048 -176 ) (208 -2048 -176 ) (208 -2048 -416 ) 
4 78 85 (208 -2048 -416 ) (208 -2048 -176 ) (208 -1024 -176 ) (208 -1024 -416 ) 
4 79 88 (0 -1024 368 ) (0 -1024 96 ) (0 -1472 96 ) (0 -1472 368 ) 
4 79 86 (0 -1024 528 ) (0 -1024 368 ) (0 -1472 368 ) (0 -1472 528 ) 
4 79 81 (0 -1472 96 ) (0 -1152 96 ) (208 -1152 96 ) (208 -1472 96 ) 
4 79 80 (0 -1472 96 ) (208 -1472 96 ) (208 -1472 384 ) (0 -1472 384 ) 
4 80 128 (144 -2048 368 ) (128 -2048 368 ) (128 -2048 96 ) (144 -2048 96 ) 
4 80 130 (128 -2048 368 ) (0 -2048 368 ) (0 -2048 96 ) (128 -2048 96 ) 
4 80 122 (208 -2048 96 ) (208 -2048 368 ) (144 -2048 368 ) (144 -2048 96 ) 
4 80 115 (208 -2048 368 ) (208 -2048 384 ) (80 -2048 384 ) (80 -2048 368 ) 
4 80 117 (80 -2048 384 ) (0 -2048 384 ) (0 -2048 368 ) (80 -2048 368 ) 
4 80 90 (0 -1472 96 ) (0 -2048 96 ) (0 -2048 384 ) (0 -1472 384 ) 
4 80 82 (0 -2048 96 ) (0 -1680 96 ) (208 -1680 96 ) (208 -2048 96 ) 
4 80 81 (0 -1664 96 ) (0 -1472 96 ) (208 -1472 96 ) (208 -1664 96 ) 
5 81 107 (0 -1616 -176 ) (0 -1664 -176 ) (0 -1664 48 ) (0 -1408 48 ) (0 -1408 -54.068970 ) 
4 81 103 (0 -1664 48 ) (0 -1664 96 ) (0 -1408 96 ) (0 -1408 48 ) 
3 81 92 (0 -1408 96 ) (0 -1152 96 ) (0 -1408 -54.068970 ) 
4 81 85 (208 -1616 -176 ) (208 -1664 -176 ) (0 -1664 -176 ) (0 -1616 -176 ) 
4 81 83 (0 -1664 -176 ) (208 -1664 -176 ) (208 -1664 32 ) (0 -1664 32 ) 
4 82 131 (208 -2048 48 ) (208 -2048 96 ) (0 -2048 96 ) (0 -2048 48 ) 
4 82 105 (0 -2048 48 ) (0 -2048 96 ) (0 -1680 96 ) (0 -1680 48 ) 
4 82 84 (208 -1920 48 ) (208 -2048 48 ) (0 -2048 48 ) (0 -1920 48 ) 
4 83 108 (0 -1664 -176 ) (0 -1920 -176 ) (0 -1920 32 ) (0 -1664 32 ) 
4 83 85 (208 -1664 -176 ) (208 -1920 -176 ) (0 -1920 -176 ) (0 -1664 -176 ) 
4 83 84 (0 -1920 -176 ) (208 -1920 -176 ) (208 -1920 32 ) (0 -1920 32 ) 
4 84 132 (208 -2048 -176 ) (208 -2048 48 ) (0 -2048 48 ) (0 -2048 -176 ) 
4 84 110 (0 -1920 -176 ) (0 -2048 -176 ) (0 -2048 48 ) (0 -1920 48 ) 
4 84 85 (208 -1920 -176 ) (208 -2048 -176 ) (0 -2048 -176 ) (0 -1920 -176 ) 
4 85 135 (208 -2048 -416 ) (208 -2048 -176 ) (0 -2048 -176 ) (0 -2048 -416 ) 
4 85 111 (0 -1408 -416 ) (0 -2048 -416 ) (0 -2048 -176 ) (0 -1408 -176 ) 
4 85 93 (0 -1024 -176 ) (0 -1024 -416 ) (0 -1408 -416 ) (0 -1408 -176 ) 
4 86 90 (0 -1472 368 ) (0 -1472 384 ) (-592 -1472 384 ) (-592 -1472 368 ) 
4 86 88 (0 -1472 368 ) (-592 -1472 368 ) (-592 -1024 368 ) (0 -1024 368 ) 
4 86 87 (-592 -1472 384.250000 ) (-592 -1472 528 ) (-592 -1024 528 ) (-592 -1024 384.250000 ) 
4 87 191 (-1024 -1024 528 ) (-1024 -1024 384.250000 ) (-1024 -1472 384.250000 ) (-1024 -1472 528 ) 
4 88 103 (0 -1408 96 ) (0 -1472 96 ) (-656 -1472 96 ) (-656 -1408 96 ) 
4 88 92 (0 -1152 96 ) (0 -1408 96 ) (-656 -1408 96 ) (-656 -1152 96 ) 
4 88 90 (-656 -1472 96 ) (0 -1472 96 ) (0 -1472 368 ) (-656 -1472 368 ) 
4 88 89 (-656 -1408 96 ) (-656 -1472 96 ) (-656 -1472 368 ) (-656 -1408 368 ) 
4 89 192 (-1024 -1408 96 ) (-1024 -1472 96 ) (-1024 -1472 368 ) (-1024 -1408 368 ) 
4 89 104 (-672 -1472 96 ) (-1024 -1472 96 ) (-1024 -1408 96 ) (-672 -1408 96 ) 
4 89 90 (-1024 -1472 96 ) (-656 -1472 96 ) (-656 -1472 368 ) (-1024 -1472 368 ) 
4 90 193 (-1024 -1472 96 ) (-1024 -2048 96 ) (-1024 -2048 384 ) (-1024 -1472 384 ) 
4 90 163 (-1024 -2048 160 ) (-1024 -2048 96 ) (-816 -2048 96 ) (-816 -2048 160 ) 
4 90 160 (-816 -2048 240 ) (-1024 -2048 240 ) (-1024 -2048 160 ) (-816 -2048 160 ) 
4 90 151 (-640 -2048 240 ) (-816 -2048 240 ) (-816 -2048 96 ) (-640 -2048 96 ) 
4 90 144 (-144 -2048 240 ) (-640 -2048 240 ) (-640 -2048 96 ) (-144 -2048 96 ) 
4 90 143 (-128 -2048 240 ) (-144 -2048 240 ) (-144 -2048 96 ) (-128 -2048 96 ) 
4 90 141 (0 -2048 96 ) (0 -2048 240 ) (-128 -2048 240 ) (-128 -2048 96 ) 
4 90 137 (-96 -2048 384 ) (-864 -2048 384 ) (-864 -2048 240 ) (-96 -2048 240 ) 
4 90 136 (0 -2048 240 ) (0 -2048 384 ) (-96 -2048 384 ) (-96 -2048 240 ) 
4 90 140 (-864 -2048 384 ) (-1024 -2048 384 ) (-1024 -2048 240 ) (-864 -2048 240 ) 
4 90 105 (0 -1680 96 ) (0 -2048 96 ) (-672 -2048 96 ) (-672 -1680 96 ) 
4 90 106 (-672 -2048 96 ) (-1024 -2048 96 ) (-1024 -1664 96 ) (-672 -1664 96 ) 
4 90 103 (0 -1472 96 ) (0 -1664 96 ) (-656 -1664 96 ) (-656 -1472 96 ) 
4 90 104 (-672 -1664 96 ) (-1024 -1664 96 ) (-1024 -1472 96 ) (-672 -1472 96 ) 
4 91 93 (-432 -1024 -176 ) (-128 -1024 -176 ) (-128 -1152 -176 ) (-432 -1152 -176 ) 
4 91 92 (-432 -1152 -176 ) (-128 -1152 -176 ) (-128 -1152 32 ) (-432 -1152 32 ) 
4 92 109 (-656 -1408 48 ) (-656 -1408 -176 ) (-128 -1408 -176 ) (-128 -1408 48 ) 
4 92 107 (-128 -1408 -176 ) (0 -1408 -176 ) (0 -1408 48 ) (-128 -1408 48 ) 
4 92 103 (0 -1408 96 ) (-656 -1408 96 ) (-656 -1408 48 ) (0 -1408 48 ) 
4 92 100 (-656 -1392 -32 ) (-656 -1199.750000 -32 ) (-656 -1199.750000 -160 ) (-656 -1392 -160 ) 
4 92 98 (-656 -1392 96 ) (-656 -1391.750000 96 ) (-656 -1391.750000 -32 ) (-656 -1392 -32 ) 
4 92 93 (0 -1408 -176 ) (-656 -1408 -176 ) (-656 -1152 -176 ) (0 -1152 -176 ) 
4 93 111 (-656 -1408 -176 ) (-656 -1408 -416 ) (0 -1408 -416 ) (0 -1408 -176 ) 
4 94 194 (-1024 -1024 -32 ) (-1024 -1024 -128 ) (-1024 -1028 -128 ) (-1024 -1028 -32 ) 
4 94 95 (-1024 -1028 -128 ) (-720 -1028 -128 ) (-720 -1028 -32 ) (-1024 -1028 -32 ) 
4 95 195 (-1024 -1028 -128 ) (-1024 -1036 -128 ) (-1024 -1036 -32 ) (-1024 -1028 -32 ) 
4 95 96 (-1024 -1036 -128 ) (-720 -1036 -128 ) (-720 -1036 -32 ) (-1024 -1036 -32 ) 
4 96 196 (-1024 -1036 -128 ) (-1024 -1040 -128 ) (-1024 -1040 -32 ) (-1024 -1036 -32 ) 
4 96 101 (-960 -1040 -32 ) (-1024 -1040 -32 ) (-1024 -1040 -128 ) (-960 -1040 -128 ) 
4 96 99 (-720 -1040 -128 ) (-720 -1040 -32 ) (-960 -1040 -32 ) (-960 -1040 -128 ) 
4 97 101 (-960 -1040 96 ) (-960 -1040 -32 ) (-960 -1391.750000 -32 ) (-960 -1391.750000 96 ) 
4 97 100 (-960 -1391.750000 -32 ) (-960 -1199.750000 -32 ) (-672 -1199.750000 -32 ) (-672 -1391.750000 -32 ) 
4 97 99 (-960 -1199.750000 -32 ) (-960 -1040 -32 ) (-672 -1040 -32 ) (-672 -1199.750000 -32 ) 
4 97 98 (-960 -1391.750000 96 ) (-960 -1391.750000 -32 ) (-672 -1391.750000 -32 ) (-672 -1391.750000 96 ) 
4 98 101 (-960 -1391.750000 -32 ) (-960 -1392 -32 ) (-960 -1392 96 ) (-960 -1391.750000 96 ) 
4 98 100 (-960 -1392 -32 ) (-960 -1391.750000 -32 ) (-656 -1391.750000 -32 ) (-656 -1392 -32 ) 
4 99 101 (-960 -1040 -32 ) (-960 -1040 -160 ) (-960 -1199.750000 -160 ) (-960 -1199.750000 -32 ) 
4 99 100 (-672 -1199.750000 -32 ) (-960 -1199.750000 -32 ) (-960 -1199.750000 -160 ) (-672 -1199.750000 -160 ) 
4 100 101 (-960 -1199.750000 -160 ) (-960 -1392 -160 ) (-960 -1392 -32 ) (-960 -1199.750000 -32 ) 
4 101 198 (-1024 -1040 -160 ) (-1024 -1392 -160 ) (-1024 -1392 96 ) (-1024 -1040 96 ) 
4 101 102 (-960 -1392 -144 ) (-960 -1392 -16 ) (-1024 -1392 -16 ) (-1024 -1392 -144 ) 
4 102 199 (-1024 -1408 -144 ) (-1024 -1408 -16 ) (-1024 -1392 -16 ) (-1024 -1392 -144 ) 
4 102 113 (-1024 -1408 -16 ) (-1024 -1408 -144 ) (-960 -1408 -144 ) (-960 -1408 -16 ) 
4 103 109 (-656 -1408 48 ) (-128 -1408 48 ) (-128 -1664 48 ) (-656 -1664 48 ) 
4 103 107 (-128 -1408 48 ) (0 -1408 48 ) (0 -1664 48 ) (-128 -1664 48 ) 
4 104 201 (-1024 -1664 96 ) (-1024 -1408 96 ) (-1024 -1408 48 ) (-1024 -1664 48 ) 
4 104 112 (-816 -1552 48 ) (-816 -1664 48 ) (-960 -1664 48 ) (-960 -1552 48 ) 
4 104 113 (-1024 -1408 48 ) (-960 -1408 48 ) (-960 -1664 48 ) (-1024 -1664 48 ) 
4 104 106 (-1024 -1664 48 ) (-672 -1664 48 ) (-672 -1664 96 ) (-1024 -1664 96 ) 
4 105 151 (-640 -2048 96 ) (-672 -2048 96 ) (-672 -2048 48 ) (-640 -2048 48 ) 
4 105 144 (-144 -2048 96 ) (-640 -2048 96 ) (-640 -2048 48 ) (-144 -2048 48 ) 
4 105 143 (-128 -2048 96 ) (-144 -2048 96 ) (-144 -2048 48 ) (-128 -2048 48 ) 
4 105 141 (0 -2048 48 ) (0 -2048 96 ) (-128 -2048 96 ) (-128 -2048 48 ) 
4 105 110 (0 -1920 48 ) (0 -2048 48 ) (-672 -2048 48 ) (-672 -1920 48 ) 
4 105 106 (-672 -1680 48 ) (-672 -2048 48 ) (-672 -2048 96 ) (-672 -1680 96 ) 
4 106 201 (-1024 -2048 48 ) (-1024 -2048 96 ) (-1024 -1664 96 ) (-1024 -1664 48 ) 
4 106 163 (-816 -2048 96 ) (-1024 -2048 96 ) (-1024 -2048 48 ) (-816 -2048 48 ) 
4 106 151 (-672 -2048 96 ) (-816 -2048 96 ) (-816 -2048 48 ) (-672 -2048 48 ) 
4 106 112 (-816 -2048 48 ) (-960 -2048 48 ) (-960 -1664 48 ) (-816 -1664 48 ) 
4 106 113 (-960 -2048 48 ) (-1024 -2048 48 ) (-1024 -1664 48 ) (-960 -1664 48 ) 
4 106 110 (-672 -2048 48 ) (-816 -2048 48 ) (-816 -1920 48 ) (-672 -1920 48 ) 
4 107 111 (-128 -1408 -176 ) (0 -1408 -176 ) (0 -1664 -176 ) (-128 -1664 -176 ) 
4 107 109 (-128 -1408 -176 ) (-128 -1664 -176 ) (-128 -1664 48 ) (-128 -1408 48 ) 
4 107 108 (-128 -1664 32 ) (-128 -1664 -176 ) (0 -1664 -176 ) (0 -1664 32 ) 
4 108 111 (0 -1664 -176 ) (0 -1920 -176 ) (-128 -1920 -176 ) (-128 -1664 -176 ) 
4 108 110 (-128 -1920 -176 ) (0 -1920 -176 ) (0 -1920 32 ) (-128 -1920 32 ) 
4 109 111 (-656 -1408 -176 ) (-128 -1408 -176 ) (-128 -1664 -176 ) (-656 -1664 -176 ) 
4 110 151 (-640 -2048 48 ) (-816 -2048 48 ) (-816 -2048 -176 ) (-640 -2048 -176 ) 
4 110 150 (-128 -2048 -128 ) (-640 -2048 -128 ) (-640 -2048 -176 ) (-128 -2048 -176 ) 
4 110 149 (0 -2048 -176 ) (0 -2048 -128 ) (-128 -2048 -128 ) (-128 -2048 -176 ) 
4 110 144 (-144 -2048 48 ) (-640 -2048 48 ) (-640 -2048 -128 ) (-144 -2048 -128 ) 
4 110 143 (-128 -2048 48 ) (-144 -2048 48 ) (-144 -2048 -128 ) (-128 -2048 -128 ) 
4 110 141 (0 -2048 -128 ) (0 -2048 48 ) (-128 -2048 48 ) (-128 -2048 -128 ) 
4 110 114 (-816 -1920 -160 ) (-816 -1920 -176 ) (-816 -2048 -176 ) (-816 -2048 -160 ) 
4 110 112 (-816 -2048 48 ) (-816 -1920 48 ) (-816 -1920 -144 ) (-816 -2048 -144 ) 
4 110 111 (-816 -2048 -176 ) (-816 -1920 -176 ) (0 -1920 -176 ) (0 -2048 -176 ) 
4 111 153 (-128 -2048 -176 ) (-816 -2048 -176 ) (-816 -2048 -416 ) (-128 -2048 -416 ) 
4 111 152 (0 -2048 -416 ) (0 -2048 -176 ) (-128 -2048 -176 ) (-128 -2048 -416 ) 
4 111 114 (-816 -1408 -176 ) (-816 -1408 -416 ) (-816 -2048 -416 ) (-816 -2048 -176 ) 
4 112 163 (-816 -2048 -144 ) (-816 -2048 48 ) (-960 -2048 48 ) (-960 -2048 -144 ) 
4 112 113 (-960 -1856 -144 ) (-960 -2048 -144 ) (-960 -2048 48 ) (-960 -1552 48 ) 
4 113 201 (-1024 -2048 -144 ) (-1024 -2048 48 ) (-1024 -1408 48 ) (-1024 -1408 -144 ) 
4 113 163 (-960 -2048 48 ) (-1024 -2048 48 ) (-1024 -2048 -144 ) (-960 -2048 -144 ) 
4 114 202 (-1024 -2048 -416 ) (-1024 -2048 -160 ) (-1024 -1408 -160 ) (-1024 -1408 -416 ) 
4 114 169 (-816 -2048 -416 ) (-816 -2048 -160 ) (-1024 -2048 -160 ) (-1024 -2048 -416 ) 
4 115 128 (128 -2048 368 ) (144 -2048 368 ) (144 -2352 368 ) (128 -2352 368 ) 
4 115 130 (80 -2048 368 ) (128 -2048 368 ) (128 -2352 368 ) (80 -2352 368 ) 
4 115 122 (144 -2048 368 ) (320 -2048 368 ) (320 -2352 368 ) (144 -2352 368 ) 
4 115 120 (320 -2048 368 ) (480 -2048 368 ) (480 -2352 368 ) (320 -2352 368 ) 
4 115 118 (480 -2048 368 ) (496 -2048 368 ) (496 -2352 368 ) (480 -2352 368 ) 
4 115 117 (80 -2048 368 ) (80 -2352 368 ) (80 -2352 384 ) (80 -2048 384 ) 
4 116 172 (80 -3072 368 ) (496 -3072 368 ) (496 -3072 384 ) (80 -3072 384 ) 
4 116 129 (144 -3072 368 ) (128 -3072 368 ) (128 -2736 368 ) (144 -2736 368 ) 
4 116 130 (128 -3072 368 ) (80 -3072 368 ) (80 -2736 368 ) (128 -2736 368 ) 
4 116 127 (304 -3072 368 ) (144 -3072 368 ) (144 -2736 368 ) (304 -2736 368 ) 
4 116 124 (480 -3072 368 ) (304 -3072 368 ) (304 -2736 368 ) (480 -2736 368 ) 
4 116 119 (496 -2736 368 ) (496 -3072 368 ) (480 -3072 368 ) (480 -2736 368 ) 
4 116 117 (80 -2736 368 ) (80 -3072 368 ) (80 -3072 384 ) (80 -2736 384 ) 
4 117 172 (0 -3072 384 ) (0 -3072 368 ) (80 -3072 368 ) (80 -3072 384 ) 
4 117 136 (0 -2048 384 ) (0 -2048 368 ) (0 -3072 368 ) (0 -3072 384 ) 
4 117 130 (0 -3072 368 ) (0 -2048 368 ) (80 -2048 368 ) (80 -3072 368 ) 
4 118 120 (480 -2048 96 ) (480 -2400 96 ) (480 -2400 368 ) (480 -2048 368 ) 
4 119 174 (480 -3072 128 ) (480 -3072 96 ) (496 -3072 96 ) (496 -3072 128 ) 
4 119 173 (480 -3072 144 ) (480 -3072 128 ) (496 -3072 128 ) (496 -3072 144 ) 
4 119 172 (496 -3072 368 ) (480 -3072 368 ) (480 -3072 144 ) (496 -3072 144 ) 
4 119 134 (496 -3072 96 ) (480 -3072 96 ) (480 -2944 96 ) (496 -2944 96 ) 
4 119 124 (480 -2688 96 ) (480 -3072 96 ) (480 -3072 368 ) (480 -2688 368 ) 
4 120 122 (320 -2048 96 ) (320 -2400 96 ) (320 -2400 368 ) (320 -2048 368 ) 
4 120 121 (320 -2400 236 ) (320 -2400 96 ) (480 -2400 96 ) (480 -2400 236 ) 
4 121 123 (320 -2416 96 ) (480 -2416 96 ) (480 -2416 236 ) (320 -2416 236 ) 
4 122 131 (144 -2304 96 ) (144 -2048 96 ) (208 -2048 96 ) (208 -2304 96 ) 
4 122 128 (144 -2048 96 ) (144 -2400 96 ) (144 -2400 368 ) (144 -2048 368 ) 
4 123 125 (304 -2416 368 ) (304 -2416 96 ) (304 -2672 96 ) (304 -2672 368 ) 
4 124 174 (304 -3072 128 ) (304 -3072 96 ) (480 -3072 96 ) (480 -3072 128 ) 
4 124 173 (304 -3072 144 ) (304 -3072 128 ) (480 -3072 128 ) (480 -3072 144 ) 
4 124 172 (480 -3072 368 ) (304 -3072 368 ) (304 -3072 144 ) (480 -3072 144 ) 
4 124 134 (480 -3072 96 ) (304 -3072 96 ) (304 -2944 96 ) (480 -2944 96 ) 
4 124 127 (304 -2688 96 ) (304 -3072 96 ) (304 -3072 368 ) (304 -2688 368 ) 
4 125 126 (144 -2672 236 ) (144 -2672 96 ) (304 -2672 96 ) (304 -2672 236 ) 
4 126 127 (144 -2688 236 ) (144 -2688 96 ) (304 -2688 96 ) (304 -2688 236 ) 
4 127 175 (144 -3072 128 ) (144 -3072 96 ) (192 -3072 96 ) (192 -3072 128 ) 
4 127 174 (192 -3072 96 ) (304 -3072 96 ) (304 -3072 128 ) (192 -3072 128 ) 
4 127 173 (144 -3072 144 ) (144 -3072 128 ) (304 -3072 128 ) (304 -3072 144 ) 
4 127 172 (304 -3072 368 ) (144 -3072 368 ) (144 -3072 144 ) (304 -3072 144 ) 
4 127 133 (144 -2944 96 ) (144 -2800 96 ) (256 -2800 96 ) (256 -2944 96 ) 
4 127 134 (304 -3072 96 ) (144 -3072 96 ) (144 -2944 96 ) (304 -2944 96 ) 
4 127 129 (144 -2688 96 ) (144 -3072 96 ) (144 -3072 368 ) (144 -2688 368 ) 
4 128 131 (128 -2304 96 ) (128 -2048 96 ) (144 -2048 96 ) (144 -2304 96 ) 
4 128 130 (128 -2048 96 ) (128 -2400 96 ) (128 -2400 368 ) (128 -2048 368 ) 
4 129 175 (128 -3072 128 ) (128 -3072 96 ) (144 -3072 96 ) (144 -3072 128 ) 
4 129 173 (128 -3072 144 ) (128 -3072 128 ) (144 -3072 128 ) (144 -3072 144 ) 
4 129 172 (144 -3072 368 ) (128 -3072 368 ) (128 -3072 144 ) (144 -3072 144 ) 
4 129 133 (128 -2944 96 ) (128 -2800 96 ) (144 -2800 96 ) (144 -2944 96 ) 
4 129 134 (144 -3072 96 ) (128 -3072 96 ) (128 -2944 96 ) (144 -2944 96 ) 
4 129 130 (128 -2688 96 ) (128 -3072 96 ) (128 -3072 368 ) (128 -2688 368 ) 
4 130 175 (0 -3072 128 ) (0 -3072 96 ) (128 -3072 96 ) (128 -3072 128 ) 
4 130 173 (0 -3072 144 ) (0 -3072 128 ) (128 -3072 128 ) (128 -3072 144 ) 
4 130 172 (128 -3072 368 ) (0 -3072 368 ) (0 -3072 144 ) (128 -3072 144 ) 
4 130 158 (0 -2800 96 ) (0 -2944 96 ) (0 -2944 240 ) (0 -2800 240 ) 
4 130 159 (0 -2944 96 ) (0 -3072 96 ) (0 -3072 240 ) (0 -2944 240 ) 
4 130 142 (0 -2304 96 ) (0 -2800 96 ) (0 -2800 240 ) (0 -2304 240 ) 
4 130 141 (0 -2048 240 ) (0 -2048 96 ) (0 -2304 96 ) (0 -2304 240 ) 
4 130 136 (0 -2048 368 ) (0 -2048 240 ) (0 -3072 240 ) (0 -3072 368 ) 
4 130 133 (0 -2944 96 ) (0 -2800 96 ) (128 -2800 96 ) (128 -2944 96 ) 
4 130 134 (128 -3072 96 ) (0 -3072 96 ) (0 -2944 96 ) (128 -2944 96 ) 
4 130 131 (0 -2304 96 ) (0 -2048 96 ) (128 -2048 96 ) (128 -2304 96 ) 
4 131 141 (0 -2048 96 ) (0 -2048 48 ) (0 -2304 48 ) (0 -2304 96 ) 
4 131 132 (208 -2304 48 ) (0 -2304 48 ) (0 -2048 48 ) (208 -2048 48 ) 
4 132 149 (0 -2048 -128 ) (0 -2048 -176 ) (0 -2304 -176 ) (0 -2304 -128 ) 
4 132 141 (0 -2048 48 ) (0 -2048 -128 ) (0 -2304 -128 ) (0 -2304 48 ) 
4 132 135 (0 -2048 -176 ) (208 -2048 -176 ) (208 -2304 -176 ) (0 -2304 -176 ) 
4 133 158 (0 -2944 -21.621613 ) (0 -2944 96 ) (0 -2800 96 ) (0 -2800 -21.621628 ) 
3 133 134 (256 -2944 96 ) (0 -2944 96 ) (0 -2944 -21.621628 ) 
4 134 178 (496 -3072 -176 ) (496 -3072 -48 ) (0 -3072 -48 ) (0 -3072 -176 ) 
4 134 175 (192 -3072 96 ) (0 -3072 96 ) (0 -3072 -48 ) (192 -3072 -48 ) 
4 134 174 (496 -3072 -48 ) (496 -3072 96 ) (192 -3072 96 ) (192 -3072 -48 ) 
4 134 159 (0 -2944 -176 ) (0 -3072 -176 ) (0 -3072 96 ) (0 -2944 96 ) 
4 135 155 (0 -2432 -416 ) (0 -2752 -416 ) (0 -2752 -176 ) (0 -2432 -176 ) 
4 135 152 (0 -2048 -176 ) (0 -2048 -416 ) (0 -2432 -416 ) (0 -2432 -176 ) 
4 136 180 (0 -3072 240 ) (0 -3072 384 ) (-96 -3072 384 ) (-96 -3072 240 ) 
4 136 158 (0 -2800 240 ) (0 -2944 240 ) (-96 -2944 240 ) (-96 -2800 240 ) 
4 136 159 (0 -2944 240 ) (0 -3072 240 ) (-96 -3072 240 ) (-96 -2944 240 ) 
4 136 142 (0 -2304 240 ) (0 -2800 240 ) (-96 -2800 240 ) (-96 -2304 240 ) 
4 136 141 (0 -2048 240 ) (0 -2304 240 ) (-96 -2304 240 ) (-96 -2048 240 ) 
4 136 138 (-96 -2848 256 ) (-96 -2848 384 ) (-96 -2256 384 ) (-96 -2256 256 ) 
4 136 137 (-96 -2048 240 ) (-96 -2256 240 ) (-96 -2256 384 ) (-96 -2048 384 ) 
4 136 139 (-96 -2848 240 ) (-96 -3072 240 ) (-96 -3072 384 ) (-96 -2848 384 ) 
4 137 160 (-864 -2256 240 ) (-864 -2048 240 ) (-816 -2048 240 ) (-816 -2256 240 ) 
4 137 151 (-816 -2048 240 ) (-640 -2048 240 ) (-640 -2256 240 ) (-816 -2256 240 ) 
4 137 144 (-640 -2048 240 ) (-144 -2048 240 ) (-144 -2256 240 ) (-640 -2256 240 ) 
4 137 143 (-144 -2048 240 ) (-128 -2048 240 ) (-128 -2256 240 ) (-144 -2256 240 ) 
4 137 141 (-128 -2048 240 ) (-96 -2048 240 ) (-96 -2256 240 ) (-128 -2256 240 ) 
4 137 138 (-864 -2256 384 ) (-864 -2256 256 ) (-96 -2256 256 ) (-96 -2256 384 ) 
4 137 140 (-864 -2048 240 ) (-864 -2256 240 ) (-864 -2256 384 ) (-864 -2048 384 ) 
4 138 140 (-864 -2848 256 ) (-864 -2848 384 ) (-864 -2256 384 ) (-864 -2256 256 ) 
4 138 139 (-864 -2848 384 ) (-864 -2848 256 ) (-96 -2848 256 ) (-96 -2848 384 ) 
4 139 180 (-96 -3072 384 ) (-864 -3072 384 ) (-864 -3072 240 ) (-96 -3072 240 ) 
4 139 162 (-816 -3072 240 ) (-864 -3072 240 ) (-864 -2848 240 ) (-816 -2848 240 ) 
4 139 158 (-816 -2944 240 ) (-816 -2848 240 ) (-96 -2848 240 ) (-96 -2944 240 ) 
4 139 159 (-96 -3072 240 ) (-816 -3072 240 ) (-816 -2944 240 ) (-96 -2944 240 ) 
4 139 140 (-864 -2848 240 ) (-864 -3072 240 ) (-864 -3072 384 ) (-864 -2848 384 ) 
4 140 203 (-1024 -3072 240 ) (-1024 -3072 384 ) (-1024 -2048 384 ) (-1024 -2048 240 ) 
4 140 180 (-864 -3072 384 ) (-1024 -3072 384 ) (-1024 -3072 240 ) (-864 -3072 240 ) 
4 140 161 (-1024 -2800 240 ) (-1024 -2256 240 ) (-864 -2256 240 ) (-864 -2800 240 ) 
4 140 160 (-1024 -2256 240 ) (-1024 -2048 240 ) (-864 -2048 240 ) (-864 -2256 240 ) 
4 140 162 (-864 -3072 240 ) (-1024 -3072 240 ) (-1024 -2800 240 ) (-864 -2800 240 ) 
4 141 149 (-128 -2304 -128 ) (-128 -2048 -128 ) (0 -2048 -128 ) (0 -2304 -128 ) 
4 141 143 (-128 -2048 -128 ) (-128 -2304 -128 ) (-128 -2304 240 ) (-128 -2048 240 ) 
4 141 142 (-128 -2304 240 ) (-128 -2304 96 ) (0 -2304 96 ) (0 -2304 240 ) 
4 142 158 (0 -2800 96 ) (0 -2800 240 ) (-128 -2800 240 ) (-128 -2800 96 ) 
4 142 143 (-128 -2432 240 ) (-128 -2304 240 ) (-128 -2304 96 ) (-128 -2432 96 ) 
4 143 150 (-144 -2432 -128 ) (-144 -2048 -128 ) (-128 -2048 -128 ) (-128 -2432 -128 ) 
4 143 144 (-144 -2048 -128 ) (-144 -2432 -128 ) (-144 -2432 240 ) (-144 -2048 240 ) 
4 144 151 (-640 -2304 240 ) (-640 -2048 240 ) (-640 -2048 -128 ) (-640 -2304 -128 ) 
4 144 150 (-640 -2432 -128 ) (-640 -2048 -128 ) (-144 -2048 -128 ) (-144 -2432 -128 ) 
4 144 145 (-336 -2432 -128 ) (-192 -2432 -128 ) (-192 -2432 12 ) (-336 -2432 12 ) 
4 145 146 (-336 -2448 -128 ) (-192 -2448 -128 ) (-192 -2448 12 ) (-336 -2448 12 ) 
4 146 147 (-496 -2448 240 ) (-496 -2448 -128 ) (-496 -2784 -128 ) (-496 -2784 240 ) 
4 147 148 (-640 -2784 12 ) (-640 -2784 -128 ) (-496 -2784 -128 ) (-496 -2784 12 ) 
4 148 158 (-640 -2800 12 ) (-640 -2800 -128 ) (-496 -2800 -128 ) (-496 -2800 12 ) 
4 149 152 (-128 -2304 -176 ) (-128 -2048 -176 ) (0 -2048 -176 ) (0 -2304 -176 ) 
4 149 150 (-128 -2048 -176 ) (-128 -2304 -176 ) (-128 -2304 -128 ) (-128 -2048 -128 ) 
4 150 153 (-640 -2304 -176 ) (-640 -2048 -176 ) (-128 -2048 -176 ) (-128 -2304 -176 ) 
4 150 151 (-640 -2048 -176 ) (-640 -2304 -176 ) (-640 -2304 -128 ) (-640 -2048 -128 ) 
4 151 169 (-816 -2048 -160 ) (-816 -2048 -176 ) (-816 -2304 -176 ) (-816 -2304 -160 ) 
4 151 163 (-816 -2048 160 ) (-816 -2048 -144 ) (-816 -2304 -144 ) (-816 -2304 160 ) 
4 151 161 (-816 -2304 240 ) (-816 -2256 240 ) (-816 -2256 176 ) (-816 -2304 176 ) 
4 151 160 (-816 -2256 240 ) (-816 -2048 240 ) (-816 -2048 160 ) (-816 -2256 160 ) 
4 151 153 (-816 -2304 -176 ) (-816 -2048 -176 ) (-640 -2048 -176 ) (-640 -2304 -176 ) 
4 152 155 (-128 -2432 -416 ) (0 -2432 -416 ) (0 -2432 -176 ) (-128 -2432 -176 ) 
4 152 154 (-128 -2304 -416 ) (-128 -2432 -416 ) (-128 -2432 -320 ) (-128 -2304 -320 ) 
4 152 153 (-128 -2048 -416 ) (-128 -2304 -416 ) (-128 -2304 -176 ) (-128 -2048 -176 ) 
4 153 169 (-816 -2048 -176 ) (-816 -2048 -416 ) (-816 -2304 -416 ) (-816 -2304 -176 ) 
4 153 154 (-816 -2304 -416 ) (-128 -2304 -416 ) (-128 -2304 -320 ) (-816 -2304 -320 ) 
4 154 170 (-816 -2304 -416 ) (-816 -2432 -416 ) (-816 -2432 -320 ) (-816 -2304 -320 ) 
4 154 157 (-816 -2432 -416 ) (-640 -2432 -416 ) (-640 -2432 -320 ) (-816 -2432 -320 ) 
4 154 156 (-640 -2432 -416 ) (-128 -2432 -416 ) (-128 -2432 -320 ) (-640 -2432 -320 ) 
4 155 156 (-128 -2432 -272 ) (-128 -2432 -416 ) (-128 -2752 -416 ) (-128 -2752 -272 ) 
4 156 157 (-640 -2432 -272 ) (-640 -2432 -416 ) (-640 -2752 -416 ) (-640 -2752 -272 ) 
4 157 170 (-816 -2432 -416 ) (-816 -2752 -416 ) (-816 -2752 -192 ) (-816 -2432 -192 ) 
5 158 171 (-816 -2800 160 ) (-816 -2800 -136 ) (-816 -2880 -176 ) (-816 -2944 -176 ) (-816 -2944 160 ) 
4 158 162 (-816 -2944 240 ) (-816 -2800 240 ) (-816 -2800 160 ) (-816 -2944 160 ) 
5 158 159 (-816 -2944 240 ) (-816 -2944 -176 ) (-336 -2944 -176 ) (0 -2944 -21.621613 ) (0 -2944 240 ) 
4 159 183 (0 -3072 -176 ) (0 -3072 128 ) (-816 -3072 128 ) (-816 -3072 -176 ) 
4 159 181 (0 -3072 128 ) (0 -3072 144 ) (-688 -3072 144 ) (-688 -3072 128 ) 
4 159 182 (-688 -3072 144 ) (-816 -3072 144 ) (-816 -3072 128 ) (-688 -3072 128 ) 
4 159 180 (0 -3072 144 ) (0 -3072 240 ) (-816 -3072 240 ) (-816 -3072 144 ) 
4 159 171 (-816 -2944 160 ) (-816 -2944 -176 ) (-816 -3072 -176 ) (-816 -3072 160 ) 
4 159 162 (-816 -3072 240 ) (-816 -2944 240 ) (-816 -2944 160 ) (-816 -3072 160 ) 
4 160 204 (-1024 -2048 176 ) (-1024 -2048 160 ) (-1024 -2256 160 ) (-1024 -2256 176 ) 
4 160 203 (-1024 -2256 240 ) (-1024 -2048 240 ) (-1024 -2048 176 ) (-1024 -2256 176 ) 
4 160 163 (-816 -2048 160 ) (-816 -2256 160 ) (-1024 -2256 160 ) (-1024 -2048 160 ) 
4 160 161 (-816 -2256 176 ) (-816 -2256 240 ) (-1024 -2256 240 ) (-1024 -2256 176 ) 
4 161 203 (-1024 -2800 240 ) (-1024 -2256 240 ) (-1024 -2256 176 ) (-1024 -2800 176 ) 
4 161 162 (-816 -2800 176 ) (-816 -2800 240 ) (-1024 -2800 240 ) (-1024 -2800 176 ) 
4 162 205 (-1024 -3072 160 ) (-1024 -3072 176 ) (-1024 -2800 176 ) (-1024 -2800 160 ) 
4 162 203 (-1024 -3072 176 ) (-1024 -3072 240 ) (-1024 -2800 240 ) (-1024 -2800 176 ) 
4 162 180 (-816 -3072 160 ) (-816 -3072 240 ) (-1024 -3072 240 ) (-1024 -3072 160 ) 
4 162 171 (-816 -2800 160 ) (-816 -3072 160 ) (-1024 -3072 160 ) (-1024 -2800 160 ) 
4 163 206 (-1024 -2304 160 ) (-1024 -2048 160 ) (-1024 -2048 -144 ) (-1024 -2304 -144 ) 
4 164 212 (-1024 -2320 -112 ) (-1024 -2320 -144 ) (-1024 -2544 -144 ) (-1024 -2544 -112 ) 
4 164 208 (-1024 -2544 160 ) (-1024 -2320 160 ) (-1024 -2320 -112 ) (-1024 -2544 -112 ) 
4 164 166 (-960 -2544 160 ) (-1024 -2544 160 ) (-1024 -2544 16 ) (-960 -2544 16 ) 
4 164 165 (-832 -2544 -112 ) (-832 -2544 160 ) (-960 -2544 160 ) (-960 -2544 -112 ) 
4 165 168 (-960 -2736 -112 ) (-832 -2736 -112 ) (-832 -2736 28 ) (-960 -2736 28 ) 
4 165 166 (-960 -2544 160 ) (-960 -2544 16 ) (-960 -2560 16 ) (-960 -2560 160 ) 
4 165 167 (-960 -2560 -112 ) (-960 -2736 -112 ) (-960 -2736 160 ) (-960 -2560 160 ) 
4 166 209 (-1024 -2560 160 ) (-1024 -2544 160 ) (-1024 -2544 16 ) (-1024 -2560 16 ) 
4 166 167 (-960 -2560 16 ) (-960 -2560 160 ) (-1024 -2560 160 ) (-1024 -2560 16 ) 
4 167 210 (-1024 -2736 160 ) (-1024 -2560 160 ) (-1024 -2560 -112 ) (-1024 -2736 -112 ) 
4 167 168 (-992 -2736 -112 ) (-960 -2736 -112 ) (-960 -2736 28 ) (-992 -2736 28 ) 
4 168 171 (-992 -2752 28 ) (-992 -2752 -112 ) (-832 -2752 -112 ) (-832 -2752 28 ) 
4 169 218 (-1024 -2304 -416 ) (-1024 -2304 -160 ) (-1024 -2048 -160 ) (-1024 -2048 -416 ) 
4 169 170 (-816 -2304 -416 ) (-816 -2304 -192 ) (-1024 -2304 -192 ) (-1024 -2304 -416 ) 
4 170 219 (-1024 -2752 -416 ) (-1024 -2752 -192 ) (-1024 -2304 -192 ) (-1024 -2304 -416 ) 
4 171 220 (-1024 -3072 -176 ) (-1024 -3072 -144 ) (-1024 -2816 -144 ) (-1024 -2880 -176 ) 
5 171 216 (-1024 -3072 -144 ) (-1024 -3072 160 ) (-1024 -2752 160 ) (-1024 -2752 -112 ) (-1024 -2816 -144 ) 
4 171 183 (-816 -3072 -176 ) (-816 -3072 128 ) (-1024 -3072 128 ) (-1024 -3072 -176 ) 
4 171 182 (-816 -3072 128 ) (-816 -3072 144 ) (-1024 -3072 144 ) (-1024 -3072 128 ) 
4 171 180 (-816 -3072 144 ) (-816 -3072 160 ) (-1024 -3072 160 ) (-1024 -3072 144 ) 
4 172 180 (0 -3072 384 ) (0 -3072 144 ) (0 -3712 144 ) (0 -3712 384 ) 
4 172 173 (0 -3280 144 ) (0 -3072 144 ) (496 -3072 144 ) (496 -3280 144 ) 
4 173 181 (0 -3072 144 ) (0 -3072 128 ) (0 -3280 128 ) (0 -3280 144 ) 
4 173 175 (0 -3280 128 ) (0 -3072 128 ) (192 -3072 128 ) (192 -3280 128 ) 
4 173 174 (192 -3072 128 ) (496 -3072 128 ) (496 -3280 128 ) (192 -3280 128 ) 
4 174 178 (192 -3072 -48 ) (496 -3072 -48 ) (496 -3152 -48 ) (192 -3152 -48 ) 
4 174 175 (192 -3072 -48 ) (192 -3328 -48 ) (192 -3328 128 ) (192 -3072 128 ) 
4 175 183 (0 -3072 128 ) (0 -3072 -48 ) (0 -3328 -48 ) (0 -3328 128 ) 
4 175 178 (0 -3152 -48 ) (0 -3072 -48 ) (192 -3072 -48 ) (192 -3152 -48 ) 
4 175 176 (0 -3328 -48 ) (192 -3328 -48 ) (192 -3328 80 ) (0 -3328 80 ) 
4 176 177 (0 -3344 -48 ) (192 -3344 -48 ) (192 -3344 80 ) (0 -3344 80 ) 
4 177 186 (0 -3344 -48 ) (0 -3456 -48 ) (0 -3456 128 ) (0 -3344 128 ) 
4 177 187 (0 -3456 -48 ) (0 -3696 -48 ) (0 -3696 128 ) (0 -3456 128 ) 
4 178 183 (0 -3072 -48 ) (0 -3072 -176 ) (0 -3152 -176 ) (0 -3152 -48 ) 
4 179 189 (0 -3328 -416 ) (0 -3712 -416 ) (0 -3712 -192 ) (0 -3328 -192 ) 
4 180 222 (-1024 -3712 144 ) (-1024 -3712 384 ) (-1024 -3072 384 ) (-1024 -3072 144 ) 
4 180 181 (-688 -3280 144 ) (-688 -3072 144 ) (0 -3072 144 ) (0 -3280 144 ) 
4 180 182 (-688 -3712 144 ) (-1024 -3712 144 ) (-1024 -3072 144 ) (-688 -3072 144 ) 
4 181 183 (-688 -3280 128 ) (-688 -3072 128 ) (0 -3072 128 ) (0 -3280 128 ) 
4 181 182 (-688 -3072 128 ) (-688 -3280 128 ) (-688 -3280 144 ) (-688 -3072 144 ) 
4 182 222 (-1024 -3712 128 ) (-1024 -3712 144 ) (-1024 -3072 144 ) (-1024 -3072 128 ) 
4 182 188 (-688 -3712 128 ) (-1024 -3712 128 ) (-1024 -3344 128 ) (-688 -3344 128 ) 
4 182 185 (-1024 -3344 128 ) (-1024 -3328 128 ) (-688 -3328 128 ) (-688 -3344 128 ) 
4 182 183 (-1024 -3328 128 ) (-1024 -3072 128 ) (-688 -3072 128 ) (-688 -3328 128 ) 
4 183 222 (-1024 -3328 128 ) (-1024 -3072 128 ) (-1024 -3072 -176 ) (-1024 -3328 -176 ) 
4 183 185 (-1024 -3328 -176 ) (-640 -3328 -176 ) (-640 -3328 128 ) (-1024 -3328 128 ) 
4 183 184 (-480 -3328 -176 ) (-288 -3328 -176 ) (-288 -3328 -48 ) (-480 -3328 -48 ) 
4 184 186 (-480 -3344 -176 ) (-288 -3344 -176 ) (-288 -3344 -48 ) (-480 -3344 -48 ) 
4 185 222 (-1024 -3344 128 ) (-1024 -3328 128 ) (-1024 -3328 -176 ) (-1024 -3344 -176 ) 
4 185 190 (-1024 -3344 -176 ) (-1024 -3328 -176 ) (-640 -3328 -176 ) (-640 -3344 -176 ) 
4 185 188 (-1024 -3344 -176 ) (-640 -3344 -176 ) (-640 -3344 128 ) (-1024 -3344 128 ) 
5 186 187 (-624 -3456 128 ) (-624 -3456 -176 ) (-256 -3456 -176 ) (0 -3456 -48 ) (0 -3456 128 ) 
4 188 222 (-1024 -3712 -176 ) (-1024 -3712 128 ) (-1024 -3344 128 ) (-1024 -3344 -176 ) 
4 188 190 (-640 -3712 -176 ) (-1024 -3712 -176 ) (-1024 -3344 -176 ) (-640 -3344 -176 ) 
4 189 190 (-640 -3328 -192 ) (-640 -3328 -416 ) (-640 -3712 -416 ) (-640 -3712 -192 ) 
4 190 223 (-1024 -3712 -416 ) (-1024 -3712 -176 ) (-1024 -3328 -176 ) (-1024 -3328 -416 ) 
4 192 201 (-1456 -1472 96 ) (-1456 -1408 96 ) (-1024 -1408 96 ) (-1024 -1472 96 ) 
4 192 193 (-1456 -1472 96 ) (-1024 -1472 96 ) (-1024 -1472 368 ) (-1456 -1472 368 ) 
4 193 214 (-1440 -2048 160 ) (-1456 -2048 160 ) (-1456 -2048 96 ) (-1440 -2048 96 ) 
4 193 206 (-1024 -2048 96 ) (-1024 -2048 160 ) (-1440 -2048 160 ) (-1440 -2048 96 ) 
4 193 204 (-1024 -2048 160 ) (-1024 -2048 176 ) (-1456 -2048 176 ) (-1456 -2048 160 ) 
4 193 203 (-1024 -2048 176 ) (-1024 -2048 384 ) (-1456 -2048 384 ) (-1456 -2048 176 ) 
4 193 201 (-1456 -2048 96 ) (-1456 -1472 96 ) (-1024 -1472 96 ) (-1024 -2048 96 ) 
4 194 195 (-1072 -1028 -32 ) (-1072 -1028 -128 ) (-1024 -1028 -128 ) (-1024 -1028 -32 ) 
4 195 196 (-1072 -1036 -32 ) (-1072 -1036 -128 ) (-1024 -1036 -128 ) (-1024 -1036 -32 ) 
4 196 198 (-1024 -1040 -128 ) (-1024 -1040 -32 ) (-1072 -1040 -32 ) (-1072 -1040 -128 ) 
4 197 200 (-1360 -1040 -160 ) (-1168 -1040 -160 ) (-1168 -1040 -32 ) (-1360 -1040 -32 ) 
4 198 200 (-1152 -1040 96 ) (-1152 -1040 -160 ) (-1152 -1392 -160 ) (-1152 -1392 96 ) 
4 198 199 (-1152 -1392 -16 ) (-1152 -1392 -144 ) (-1024 -1392 -144 ) (-1024 -1392 -16 ) 
4 199 201 (-1024 -1408 -144 ) (-1024 -1408 -16 ) (-1152 -1408 -16 ) (-1152 -1408 -144 ) 
4 201 215 (-1456 -2048 -112 ) (-1456 -2048 -144 ) (-1440 -2048 -144 ) (-1440 -2048 -112 ) 
4 201 214 (-1440 -2048 96 ) (-1456 -2048 96 ) (-1456 -2048 -112 ) (-1440 -2048 -112 ) 
4 201 206 (-1024 -2048 -144 ) (-1024 -2048 96 ) (-1440 -2048 96 ) (-1440 -2048 -144 ) 
4 202 218 (-1024 -2048 -416 ) (-1024 -2048 -160 ) (-1456 -2048 -160 ) (-1456 -2048 -416 ) 
4 203 222 (-1024 -3072 176 ) (-1024 -3072 384 ) (-1456 -3072 384 ) (-1456 -3072 176 ) 
4 203 204 (-1456 -2256 176 ) (-1456 -2048 176 ) (-1024 -2048 176 ) (-1024 -2256 176 ) 
4 203 205 (-1024 -3072 176 ) (-1456 -3072 176 ) (-1456 -2800 176 ) (-1024 -2800 176 ) 
4 204 214 (-1456 -2256 160 ) (-1456 -2048 160 ) (-1440 -2048 160 ) (-1440 -2256 160 ) 
4 204 206 (-1440 -2048 160 ) (-1024 -2048 160 ) (-1024 -2256 160 ) (-1440 -2256 160 ) 
4 205 222 (-1024 -3072 160 ) (-1024 -3072 176 ) (-1456 -3072 176 ) (-1456 -3072 160 ) 
4 205 216 (-1024 -3072 160 ) (-1152 -3072 160 ) (-1152 -2800 160 ) (-1024 -2800 160 ) 
4 205 217 (-1152 -3072 160 ) (-1456 -3072 160 ) (-1456 -2800 160 ) (-1152 -2800 160 ) 
4 206 215 (-1440 -2048 -144 ) (-1440 -2304 -144 ) (-1440 -2304 -112 ) (-1440 -2048 -112 ) 
4 206 214 (-1440 -2304 -112 ) (-1440 -2304 160 ) (-1440 -2048 160 ) (-1440 -2048 -112 ) 
4 206 207 (-1392 -2304 -144 ) (-1232 -2304 -144 ) (-1232 -2304 -4 ) (-1392 -2304 -4 ) 
4 207 213 (-1392 -2320 -144 ) (-1344 -2320 -144 ) (-1344 -2320 -112 ) (-1392 -2320 -112 ) 
4 207 212 (-1344 -2320 -144 ) (-1232 -2320 -144 ) (-1232 -2320 -112 ) (-1344 -2320 -112 ) 
4 207 211 (-1232 -2320 -112 ) (-1232 -2320 -4 ) (-1392 -2320 -4 ) (-1392 -2320 -112 ) 
4 208 212 (-1152 -2320 -112 ) (-1024 -2320 -112 ) (-1024 -2544 -112 ) (-1152 -2544 -112 ) 
4 208 209 (-1152 -2544 160 ) (-1152 -2544 16 ) (-1024 -2544 16 ) (-1024 -2544 160 ) 
4 208 211 (-1152 -2320 160 ) (-1152 -2320 -112 ) (-1152 -2544 -112 ) (-1152 -2544 160 ) 
4 209 211 (-1152 -2560 16 ) (-1152 -2560 160 ) (-1152 -2544 160 ) (-1152 -2544 16 ) 
4 209 210 (-1152 -2560 160 ) (-1152 -2560 16 ) (-1024 -2560 16 ) (-1024 -2560 160 ) 
4 210 211 (-1152 -2560 -112 ) (-1152 -2736 -112 ) (-1152 -2736 160 ) (-1152 -2560 160 ) 
4 211 213 (-1440 -2544 -112 ) (-1440 -2320 -112 ) (-1344 -2320 -112 ) (-1344 -2544 -112 ) 
4 211 212 (-1344 -2320 -112 ) (-1152 -2320 -112 ) (-1152 -2544 -112 ) (-1344 -2544 -112 ) 
4 212 213 (-1344 -2544 -112 ) (-1344 -2320 -112 ) (-1344 -2320 -144 ) (-1344 -2432 -144 ) 
4 214 215 (-1440 -2048 -112 ) (-1440 -2304 -112 ) (-1456 -2304 -112 ) (-1456 -2048 -112 ) 
4 216 222 (-1024 -3072 -144 ) (-1024 -3072 160 ) (-1152 -3072 160 ) (-1152 -3072 -144 ) 
4 216 220 (-1024 -2816 -144 ) (-1024 -3072 -144 ) (-1152 -3072 -144 ) (-1152 -2816 -144 ) 
5 216 217 (-1152 -2752 160 ) (-1152 -2752 -112 ) (-1152 -2816 -144 ) (-1152 -3072 -144 ) (-1152 -3072 160 ) 
4 217 222 (-1152 -3072 160 ) (-1456 -3072 160 ) (-1456 -3072 -144 ) (-1152 -3072 -144 ) 
4 217 221 (-1456 -3072 -144 ) (-1456 -2752 -144 ) (-1152 -2752 -144 ) (-1152 -3072 -144 ) 
4 218 219 (-1456 -2304 -192 ) (-1456 -2304 -416 ) (-1024 -2304 -416 ) (-1024 -2304 -192 ) 
4 220 222 (-1024 -3072 -176 ) (-1024 -3072 -144 ) (-1152 -3072 -144 ) (-1152 -3072 -176 ) 
4 220 221 (-1152 -2880 -176 ) (-1152 -3072 -176 ) (-1152 -3072 -144 ) (-1152 -2816 -144 ) 
4 221 222 (-1152 -3072 -144 ) (-1456 -3072 -144 ) (-1456 -3072 -176 ) (-1152 -3072 -176 ) 
4 222 223 (-1024 -3712 -176 ) (-1456 -3712 -176 ) (-1456 -3328 -176 ) (-1024 -3328 -176 ) 
