PRT1
275
713
4 0 68 (3584 0 1024 ) (3456 0 1024 ) (3456 0 640 ) (3584 0 640 ) 
4 0 2 (3456 432 640 ) (3456 0 640 ) (3456 0 1024 ) (3456 432 1024 ) 
4 0 1 (3456 640 1024 ) (3456 640 640 ) (3456 432 640 ) (3456 432 1024 ) 
4 1 8 (3088 432 640 ) (3088 432 1024 ) (3088 640 1024 ) (3088 640 640 ) 
4 1 3 (3440 432 1024 ) (3088 432 1024 ) (3088 432 640 ) (3440 432 640 ) 
4 1 2 (3456 432 640 ) (3456 432 1024 ) (3440 432 1024 ) (3440 432 640 ) 
4 2 69 (3456 0 1024 ) (3440 0 1024 ) (3440 0 512 ) (3456 0 512 ) 
4 2 4 (3440 416 512 ) (3440 0 512 ) (3440 0 1024 ) (3440 416 1024 ) 
4 2 3 (3440 432 1024 ) (3440 432 512 ) (3440 416 512 ) (3440 416 1024 ) 
4 3 9 (3088 416 512 ) (3088 416 1024 ) (3088 432 1024 ) (3088 432 512 ) 
4 3 4 (3440 416 512 ) (3440 416 1024 ) (3088 416 1024 ) (3088 416 512 ) 
4 4 72 (3440 0 1024 ) (3088 0 1024 ) (3088 0 512 ) (3440 0 512 ) 
4 4 13 (3088 0 512 ) (3088 0 1024 ) (3088 144 1024 ) (3088 144 512 ) 
4 4 11 (3088 144 1024 ) (3088 336 1024 ) (3088 336 512 ) (3088 144 512 ) 
4 4 10 (3088 336 1024 ) (3088 416 1024 ) (3088 416 512 ) (3088 336 512 ) 
5 5 6 (3440 336 256 ) (3440 336 496 ) (3088 336 496 ) (3088 336 320 ) (3216 336 256 ) 
4 6 12 (3088 144 320 ) (3088 144 448 ) (3088 336 448 ) (3088 336 320 ) 
5 6 7 (3440 144 256 ) (3440 144 496 ) (3088 144 496 ) (3088 144 320 ) (3216 144 256 ) 
4 7 78 (3088 0 496 ) (3088 0 256 ) (3440 0 256 ) (3440 0 496 ) 
4 8 14 (3072 432 640 ) (3072 432 1024 ) (3072 640 1024 ) (3072 640 640 ) 
4 8 9 (3088 432 640 ) (3088 432 1024 ) (3072 432 1024 ) (3072 432 640 ) 
4 9 16 (3072 416 512 ) (3072 416 1024 ) (3072 432 1024 ) (3072 432 512 ) 
4 9 10 (3072 416 1024 ) (3072 416 512 ) (3088 416 512 ) (3088 416 1024 ) 
4 10 16 (3072 416 1024 ) (3072 416 512 ) (3072 336 512 ) (3072 336 1024 ) 
4 10 11 (3088 336 512 ) (3088 336 1024 ) (3072 336 1024 ) (3072 336 512 ) 
4 11 16 (3072 336 1024 ) (3072 336 512 ) (3072 144 512 ) (3072 144 1024 ) 
4 11 13 (3072 144 1024 ) (3072 144 512 ) (3088 144 512 ) (3088 144 1024 ) 
4 12 16 (3072 336 448 ) (3072 336 320 ) (3072 144 320 ) (3072 144 448 ) 
4 13 72 (3072 0 1024 ) (3072 0 512 ) (3088 0 512 ) (3088 0 1024 ) 
4 13 16 (3072 0 512 ) (3072 0 1024 ) (3072 144 1024 ) (3072 144 512 ) 
4 14 16 (3072 432 640 ) (3072 432 1024 ) (2304 432 1024 ) (2304 432 640 ) 
4 14 15 (2304 640 1024 ) (2304 640 640 ) (2304 432 640 ) (2304 432 1024 ) 
4 15 39 (2048 640 256 ) (2048 432 256 ) (2048 432 352 ) (2048 640 352 ) 
4 15 37 (2048 432 352 ) (2048 432 640 ) (2048 640 640 ) (2048 640 352 ) 
4 15 34 (2048 432 640 ) (2048 432 1024 ) (2048 640 1024 ) (2048 640 640 ) 
4 15 23 (2048 432 256 ) (2048 640 256 ) (2304 640 256 ) (2304 432 256 ) 
4 15 21 (2048 432 256 ) (2304 432 256 ) (2304 432 320 ) (2048 432 320 ) 
4 15 17 (2096 432 1024 ) (2048 432 1024 ) (2048 432 656 ) (2096 432 656 ) 
4 15 18 (2048 432 640 ) (2048 432 320 ) (2096 432 320 ) (2096 432 640 ) 
4 15 16 (2304 432 320 ) (2304 432 1024 ) (2096 432 1024 ) (2096 432 320 ) 
4 16 90 (2416 0 640 ) (2096 0 640 ) (2096 0 320 ) (2416 0 320 ) 
4 16 89 (3072 0 320 ) (3072 0 640 ) (2416 0 640 ) (2416 0 320 ) 
4 16 86 (3072 0 640 ) (3072 0 1024 ) (2096 0 1024 ) (2096 0 640 ) 
4 16 22 (2416 0 320 ) (2096 0 320 ) (2096 384 320 ) (2416 384 320 ) 
4 16 21 (2096 384 320 ) (2096 432 320 ) (2416 432 320 ) (2416 384 320 ) 
4 16 20 (2880 0 320 ) (2416 0 320 ) (2416 432 320 ) (2880 432 320 ) 
4 16 19 (3072 0 320 ) (2880 0 320 ) (2880 144 320 ) (3072 144 320 ) 
4 16 17 (2096 0 676.903198 ) (2096 0 1024 ) (2096 432 1024 ) (2096 432 656 ) 
4 16 18 (2096 432 320 ) (2096 0 320 ) (2096 0 640 ) (2096 432 640 ) 
4 17 87 (2096 0 1024 ) (2048 0 1024 ) (2048 0 676.903198 ) (2096 0 676.903198 ) 
4 17 35 (2048 0 676.903198 ) (2048 0 1024 ) (2048 432 1024 ) (2048 432 656 ) 
4 18 90 (2048 0 640 ) (2048 0 320 ) (2096 0 320 ) (2096 0 640 ) 
4 18 39 (2048 384 352 ) (2048 432 352 ) (2048 432 320 ) (2048 384 320 ) 
4 18 37 (2048 384 640 ) (2048 432 640 ) (2048 432 352 ) (2048 384 352 ) 
4 18 22 (2096 0 320 ) (2048 0 320 ) (2048 384 320 ) (2096 384 320 ) 
4 18 21 (2048 384 320 ) (2048 432 320 ) (2096 432 320 ) (2096 384 320 ) 
4 19 89 (3072 0 256 ) (3072 0 320 ) (2880 0 320 ) (2880 0 256 ) 
3 19 20 (2880 0 320 ) (2880 144 320 ) (2880 0 256 ) 
4 20 89 (2880 0 320 ) (2416 0 320 ) (2416 0 256 ) (2880 0 256 ) 
4 20 24 (2880 0 256 ) (2416 0 256 ) (2416 432 256 ) (2880 432 256 ) 
4 20 22 (2416 0 320 ) (2416 384 320 ) (2416 384 272 ) (2416 0 272 ) 
4 20 21 (2416 384 320 ) (2416 432 320 ) (2416 432 256 ) (2416 384 256 ) 
4 21 39 (2048 384 320 ) (2048 432 320 ) (2048 432 256 ) (2048 384 256 ) 
4 21 25 (2048 384 256 ) (2048 432 256 ) (2416 432 256 ) (2416 384 256 ) 
4 21 22 (2416 384 272 ) (2416 384 320 ) (2048 384 320 ) (2048 384 304 ) 
4 22 90 (2416 0 320 ) (2048 0 320 ) (2048 0 304 ) (2416 0 272 ) 
4 23 39 (2048 432 256 ) (2048 640 256 ) (2048 640 96 ) (2048 432 96 ) 
4 23 30 (2304 432 96 ) (2048 432 96 ) (2048 640 96 ) (2304 640 96 ) 
4 23 25 (2048 432 96 ) (2304 432 96 ) (2304 432 256 ) (2048 432 256 ) 
4 24 92 (2880 0 256 ) (2416 0 256 ) (2416 0 96 ) (2496 0 96 ) 
4 24 27 (2416 336 96 ) (2416 128 96 ) (2416 128 208 ) (2416 336 208 ) 
4 24 25 (2416 432 256 ) (2416 432 96 ) (2416 384 96 ) (2416 384 256 ) 
4 25 39 (2048 384 256 ) (2048 432 256 ) (2048 432 96 ) (2048 384 96 ) 
4 25 31 (2048 384 96 ) (2048 432 96 ) (2304 432 96 ) (2304 384 96 ) 
4 26 28 (2048 336 96 ) (2400 336 96 ) (2400 336 256 ) (2048 336 256 ) 
4 27 28 (2400 336 208 ) (2400 336 96 ) (2400 128 96 ) (2400 128 208 ) 
4 28 29 (2048 128 96 ) (2400 128 96 ) (2400 128 256 ) (2048 128 256 ) 
4 29 94 (2400 0 256 ) (2048 0 256 ) (2048 0 96 ) (2400 0 96 ) 
4 30 47 (2048 640 0 ) (2048 640 -384 ) (2048 432 -384 ) (2048 432 0 ) 
4 30 39 (2048 432 96 ) (2048 640 96 ) (2048 640 0 ) (2048 432 0 ) 
4 30 31 (2048 432 -384 ) (2304 432 -384 ) (2304 432 96 ) (2048 432 96 ) 
4 31 47 (2048 432 0 ) (2048 432 -384 ) (2048 384 -384 ) (2048 384 0 ) 
4 31 39 (2048 384 96 ) (2048 432 96 ) (2048 432 0 ) (2048 384 0 ) 
4 32 49 (240 1024 -384 ) (240 1024 1024 ) (32 1024 1024 ) (32 1024 -384 ) 
4 32 33 (32 1280 1024 ) (32 1280 176 ) (32 1024 176 ) (32 1024 1024 ) 
4 33 137 (0 1024 640 ) (0 1024 1024 ) (0 1280 1024 ) (0 1280 640 ) 
4 33 50 (32 1024 176 ) (32 1024 1024 ) (0 1024 1024 ) (0 1024 176 ) 
4 34 37 (1648 640 640 ) (2048 640 640 ) (2048 432 640 ) (1648 432 640 ) 
4 34 38 (1600 432 640 ) (1600 640 640 ) (1648 640 640 ) (1648 432 640 ) 
4 34 35 (1600 432 1024 ) (1600 432 656 ) (2048 432 656 ) (2048 432 1024 ) 
4 34 36 (1600 640 1024 ) (1600 640 640 ) (1600 432 640 ) (1600 432 1024 ) 
4 35 99 (2048 0 676.903198 ) (2048 0 1024 ) (1600 0 1024 ) (1600 0 676.903198 ) 
4 35 36 (1600 0 676.903198 ) (1600 0 1024 ) (1600 432 1024 ) (1600 432 656 ) 
4 36 100 (1600 0 1024 ) (1024 0 1024 ) (1024 0 640 ) (1600 0 640 ) 
4 36 54 (1024 384 640 ) (1024 0 640 ) (1024 0 1024 ) (1024 384 1024 ) 
4 36 52 (1024 416 640 ) (1024 384 640 ) (1024 384 1024 ) (1024 416 1024 ) 
4 36 51 (1024 512 640 ) (1024 416 640 ) (1024 416 1024 ) (1024 512 1024 ) 
4 36 48 (1024 640 640 ) (1024 512 640 ) (1024 512 1024 ) (1024 640 1024 ) 
4 36 38 (1600 0 640 ) (1024 0 640 ) (1024 640 640 ) (1600 640 640 ) 
4 37 42 (1648 384 352 ) (1648 640 352 ) (1664 640 352 ) (1664 384 352 ) 
4 37 39 (1664 640 352 ) (2048 640 352 ) (2048 384 352 ) (1664 384 352 ) 
4 37 38 (1648 640 640 ) (1648 640 352 ) (1648 384 352 ) (1648 384 640 ) 
4 38 101 (1648 0 640 ) (1024 0 640 ) (1024 0 352 ) (1648 0 352 ) 
4 38 54 (1024 384 352 ) (1024 0 352 ) (1024 0 640 ) (1024 384 640 ) 
4 38 52 (1024 416 352 ) (1024 384 352 ) (1024 384 640 ) (1024 416 640 ) 
4 38 51 (1024 512 352 ) (1024 416 352 ) (1024 416 640 ) (1024 512 640 ) 
4 38 48 (1024 640 352 ) (1024 512 352 ) (1024 512 640 ) (1024 640 640 ) 
4 38 46 (1648 0 352 ) (1024 0 352 ) (1024 128 352 ) (1648 128 352 ) 
4 38 45 (1024 128 352 ) (1024 256 352 ) (1648 256 352 ) (1648 128 352 ) 
4 38 43 (1024 256 352 ) (1024 640 352 ) (1648 640 352 ) (1648 256 352 ) 
4 39 47 (2048 640 0 ) (2048 384 0 ) (1664 384 0 ) (1664 640 0 ) 
4 39 42 (1664 640 0 ) (1664 384 0 ) (1664 384 352 ) (1664 640 352 ) 
4 40 103 (2032 0 352 ) (1920 0 352 ) (1920 0 64 ) (2032 0 64 ) 
5 40 41 (1920 368 352 ) (1920 368 0 ) (1920 256 0 ) (1920 0 64 ) (1920 0 352 ) 
4 41 103 (1920 0 352 ) (1664 0 352 ) (1664 0 64 ) (1920 0 64 ) 
4 41 44 (1664 256 0 ) (1664 128 0 ) (1664 128 96 ) (1664 256 96 ) 
4 42 47 (1664 640 0 ) (1664 384 0 ) (1648 384 0 ) (1648 640 0 ) 
4 42 43 (1648 640 352 ) (1648 640 0 ) (1648 384 0 ) (1648 384 352 ) 
4 43 58 (1024 384 0 ) (1024 256 0 ) (1024 256 160 ) (1024 384 160 ) 
4 43 54 (1024 256 160 ) (1024 256 352 ) (1024 384 352 ) (1024 384 160 ) 
4 43 52 (1024 384 176 ) (1024 384 352 ) (1024 416 352 ) (1024 416 176 ) 
4 43 51 (1024 512 0 ) (1024 416 0 ) (1024 416 352 ) (1024 512 352 ) 
4 43 48 (1024 640 0 ) (1024 512 0 ) (1024 512 352 ) (1024 640 352 ) 
4 43 47 (1024 384 0 ) (1024 640 0 ) (1648 640 0 ) (1648 384 0 ) 
4 43 45 (1024 256 0 ) (1648 256 0 ) (1648 256 352 ) (1024 256 352 ) 
4 44 45 (1648 256 96 ) (1648 256 0 ) (1648 128 0 ) (1648 128 96 ) 
4 45 59 (1024 256 0 ) (1024 128 0 ) (1024 128 160 ) (1024 256 160 ) 
4 45 54 (1024 128 160 ) (1024 128 352 ) (1024 256 352 ) (1024 256 160 ) 
4 45 46 (1024 128 0 ) (1648 128 0 ) (1648 128 352 ) (1024 128 352 ) 
4 46 107 (1648 0 352 ) (1136 0 352 ) (1136 0 256 ) (1648 0 256 ) 
4 46 109 (1136 0 352 ) (1024 0 352 ) (1024 0 0 ) (1136 0 0 ) 
4 46 59 (1024 128 0 ) (1024 0 0 ) (1024 0 160 ) (1024 128 160 ) 
4 46 54 (1024 0 160 ) (1024 0 352 ) (1024 128 352 ) (1024 128 160 ) 
4 47 51 (1024 512 -384 ) (1024 416 -384 ) (1024 416 0 ) (1024 512 0 ) 
4 47 48 (1024 640 -384 ) (1024 512 -384 ) (1024 512 0 ) (1024 640 0 ) 
4 48 51 (240 512 -384 ) (1024 512 -384 ) (1024 512 1024 ) (240 512 1024 ) 
4 48 49 (240 640 -384 ) (240 512 -384 ) (240 512 1024 ) (240 640 1024 ) 
4 49 53 (128 512 456 ) (128 512 1024 ) (32 512 1024 ) (32 512 456 ) 
4 49 51 (128 512 -384 ) (240 512 -384 ) (240 512 1024 ) (128 512 1024 ) 
4 49 50 (32 512 176 ) (32 512 1024 ) (32 1024 1024 ) (32 1024 176 ) 
4 50 140 (0 1024 256 ) (0 1024 176 ) (0 896 176 ) (0 896 256 ) 
4 50 141 (0 896 176 ) (0 512 176 ) (0 512 256 ) (0 896 256 ) 
4 50 139 (0 512 1024 ) (0 1024 1024 ) (0 1024 256 ) (0 512 256 ) 
4 50 53 (32 512 456 ) (32 512 1024 ) (0 512 1024 ) (0 512 456 ) 
4 51 53 (128 512 1024 ) (128 512 456 ) (128 416 456 ) (128 416 1024 ) 
4 51 52 (128 416 1024 ) (128 416 176 ) (1024 416 176 ) (1024 416 1024 ) 
4 52 55 (512 384 1024 ) (384 384 1024 ) (384 384 176 ) (512 384 176 ) 
4 52 54 (1024 384 176 ) (1024 384 1024 ) (512 384 1024 ) (512 384 176 ) 
4 52 57 (384 384 1024 ) (128 384 1024 ) (128 384 176 ) (384 384 176 ) 
4 52 53 (128 384 456 ) (128 384 1024 ) (128 416 1024 ) (128 416 456 ) 
4 53 139 (0 384 456 ) (0 384 1024 ) (0 512 1024 ) (0 512 456 ) 
4 53 57 (128 384 1024 ) (0 384 1024 ) (0 384 456 ) (128 384 456 ) 
4 54 122 (640 0 256 ) (512 0 256 ) (512 0 160 ) (640 0 160 ) 
4 54 121 (1024 0 160 ) (1024 0 256 ) (640 0 256 ) (640 0 160 ) 
4 54 120 (1024 0 256 ) (1024 0 1024 ) (512 0 1024 ) (512 0 256 ) 
4 54 58 (768 384 160 ) (1024 384 160 ) (1024 256 160 ) (768 256 160 ) 
4 54 59 (1024 256 160 ) (1024 0 160 ) (640 0 160 ) (640 256 160 ) 
4 54 56 (512 0 192 ) (512 0 1024 ) (512 96 1024 ) (512 96 192 ) 
4 54 55 (512 384 160 ) (512 96 160 ) (512 96 1024 ) (512 384 1024 ) 
4 55 56 (384 96 1024 ) (384 96 192 ) (512 96 192 ) (512 96 1024 ) 
4 55 57 (384 384 160 ) (384 96 160 ) (384 96 1024 ) (384 384 1024 ) 
4 56 123 (384 0 256 ) (384 0 192 ) (512 0 192 ) (512 0 256 ) 
4 56 120 (512 0 1024 ) (384 0 1024 ) (384 0 256 ) (512 0 256 ) 
4 56 57 (384 0 192 ) (384 0 1024 ) (384 96 1024 ) (384 96 192 ) 
4 57 142 (0 0 160 ) (0 0 256 ) (0 384 256 ) (0 384 160 ) 
4 57 139 (0 0 256 ) (0 0 1024 ) (0 384 1024 ) (0 384 256 ) 
4 57 124 (0 0 256 ) (0 0 160 ) (384 0 160 ) (384 0 256 ) 
4 57 120 (384 0 1024 ) (0 0 1024 ) (0 0 256 ) (384 0 256 ) 
4 57 62 (384 256 160 ) (384 0 160 ) (0 0 160 ) (0 256 160 ) 
4 57 61 (0 384 160 ) (384 384 160 ) (384 256 160 ) (0 256 160 ) 
3 58 59 (1024 256 0 ) (1024 256 160 ) (768 256 160 ) 
4 59 121 (1024 0 0 ) (1024 0 160 ) (640 0 160 ) (640 0 0 ) 
4 59 60 (640 96 0 ) (640 0 0 ) (640 0 128 ) (640 96 128 ) 
4 60 126 (384 0 128 ) (384 0 0 ) (640 0 0 ) (640 0 128 ) 
4 60 63 (384 96 0 ) (384 0 0 ) (384 0 16 ) (384 96 16 ) 
4 60 62 (384 0 16 ) (384 0 128 ) (384 96 128 ) (384 96 16 ) 
4 61 149 (0 313.666473 0 ) (0 256 0 ) (0 256 16 ) (0 313.653778 16 ) 
4 61 148 (0 384 16 ) (0 384 0 ) (0 313.666473 0 ) (0 313.653778 16 ) 
4 61 146 (0 384 128 ) (0 384 16 ) (0 256 16 ) (0 256 128 ) 
4 61 145 (0 256 160 ) (0 384 160 ) (0 384 128 ) (0 256 128 ) 
4 61 66 (0 256 0 ) (38.031986 256 0 ) (38.035988 256 16 ) (0 256 16 ) 
4 61 64 (38.031986 256 0 ) (96 256 0 ) (124.800018 256 16 ) (38.035988 256 16 ) 
4 61 62 (124.800018 256 16 ) (384 256 160 ) (0 256 160 ) (0 256 16 ) 
4 62 146 (0 0 16 ) (0 0 128 ) (0 256 128 ) (0 256 16 ) 
4 62 145 (0 0 128 ) (0 0 160 ) (0 256 160 ) (0 256 128 ) 
4 62 127 (0 0 128 ) (0 0 16 ) (384 0 16 ) (384 0 128 ) 
4 62 125 (384 0 160 ) (0 0 160 ) (0 0 128 ) (384 0 128 ) 
3 62 67 (67.222717 162.555542 16 ) (104.605515 155.079041 16 ) (124.663139 124.671219 16 ) 
4 62 66 (0 176 16 ) (0 256 16 ) (38.035988 256 16 ) (104.605515 155.079041 16 ) 
3 62 65 (162.555664 67.225281 16 ) (183.188171 35.945923 16 ) (176 0 16 ) 
3 62 64 (38.035988 256 16 ) (227.192841 256 16 ) (183.188171 35.945923 16 ) 
4 62 63 (227.192841 256 16 ) (384 256 16 ) (384 0 16 ) (176 0 16 ) 
4 63 128 (176 0 0 ) (384 0 0 ) (384 0 16 ) (176 0 16 ) 
4 63 65 (176 0 16 ) (183.188126 35.945999 16 ) (183.186890 35.941803 0 ) (176 0 0 ) 
4 63 64 (183.188126 35.945999 16 ) (227.192383 256 16 ) (227.192383 256 0 ) (183.186890 35.941803 0 ) 
4 64 67 (124.668335 124.667793 16 ) (104.608894 155.078369 16 ) (104.604271 155.079315 0 ) (124.661911 124.671463 0 ) 
4 64 66 (104.608894 155.078369 16 ) (38.038925 256 16 ) (38.034920 256 0 ) (104.604271 155.079315 0 ) 
4 64 65 (183.187500 35.945320 0 ) (183.188431 35.949982 16 ) (162.554398 67.231651 16 ) (162.555878 67.223328 0 ) 
4 66 150 (0 176 16 ) (0 206.895172 16 ) (0 206.893707 0 ) (0 176 0 ) 
4 66 149 (0 206.895172 16 ) (0 256 16 ) (0 256 0 ) (0 206.893707 0 ) 
4 66 67 (104.599770 155.080322 0 ) (104.604385 155.079407 16 ) (67.222427 162.555740 16 ) (67.221214 162.555984 0 ) 
4 68 85 (3584 -1024 1024 ) (3456 -1024 1024 ) (3456 -1024 640 ) (3584 -1024 640 ) 
4 68 71 (3456 -1024 640 ) (3456 -1024 672 ) (3456 -480 672 ) (3456 -480 640 ) 
4 68 70 (3456 -1024 672 ) (3456 -1024 1024 ) (3456 -192 1024 ) (3456 -192 672 ) 
4 68 69 (3456 -192 1024 ) (3456 0 1024 ) (3456 0 640 ) (3456 -192 640 ) 
4 69 72 (3440 0 1024 ) (3440 0 512 ) (3440 -192 512 ) (3440 -192 1024 ) 
4 69 70 (3440 -192 1024 ) (3440 -192 672 ) (3456 -192 672 ) (3456 -192 1024 ) 
4 70 85 (3440 -1024 1024 ) (3440 -1024 672 ) (3456 -1024 672 ) (3456 -1024 1024 ) 
4 70 81 (3440 -1024 672 ) (3440 -1024 1024 ) (3440 -464 1024 ) (3440 -464 672 ) 
4 70 74 (3440 -464 1024 ) (3440 -208 1024 ) (3440 -208 672 ) (3440 -464 672 ) 
4 70 73 (3440 -208 1024 ) (3440 -192 1024 ) (3440 -192 672 ) (3440 -208 672 ) 
4 70 71 (3440 -1024 672 ) (3440 -480 672 ) (3456 -480 672 ) (3456 -1024 672 ) 
4 71 85 (3440 -1024 672 ) (3440 -1024 640 ) (3456 -1024 640 ) (3456 -1024 672 ) 
4 71 83 (3440 -480 256 ) (3440 -1024 256 ) (3440 -1024 672 ) (3440 -480 672 ) 
4 72 89 (3072 0 640 ) (3072 0 512 ) (3072 -192 512 ) (3072 -192 640 ) 
4 72 86 (3072 0 1024 ) (3072 0 640 ) (3072 -192 640 ) (3072 -192 1024 ) 
4 72 73 (3440 -192 672 ) (3440 -192 1024 ) (3072 -192 1024 ) (3072 -192 672 ) 
4 73 86 (3072 -208 672 ) (3072 -208 1024 ) (3072 -192 1024 ) (3072 -192 672 ) 
4 73 77 (3088 -208 1024 ) (3072 -208 1024 ) (3072 -208 672 ) (3088 -208 672 ) 
4 73 74 (3440 -208 672 ) (3440 -208 1024 ) (3088 -208 1024 ) (3088 -208 672 ) 
4 74 81 (3440 -464 672 ) (3440 -464 1024 ) (3088 -464 1024 ) (3088 -464 672 ) 
4 74 77 (3088 -208 1024 ) (3088 -208 672 ) (3088 -464 672 ) (3088 -464 1024 ) 
4 74 75 (3440 -464 656 ) (3088 -464 656 ) (3088 -208 656 ) (3440 -208 656 ) 
4 75 76 (3440 -464 640 ) (3088 -464 640 ) (3088 -208 640 ) (3440 -208 640 ) 
4 76 79 (3440 -464 512 ) (3088 -464 512 ) (3088 -208 512 ) (3440 -208 512 ) 
4 77 86 (3072 -464 672 ) (3072 -464 1024 ) (3072 -208 1024 ) (3072 -208 672 ) 
4 77 81 (3072 -464 1024 ) (3072 -464 672 ) (3088 -464 672 ) (3088 -464 1024 ) 
4 78 80 (3088 -176 256 ) (3088 -208 256 ) (3088 -208 384 ) (3088 -176 384 ) 
4 78 79 (3088 -208 496 ) (3088 -208 256 ) (3440 -208 256 ) (3440 -208 496 ) 
4 79 82 (3344 -464 256 ) (3440 -464 256 ) (3440 -464 384 ) (3344 -464 384 ) 
4 79 80 (3088 -208 256 ) (3088 -368 256 ) (3088 -368 384 ) (3088 -208 384 ) 
4 80 89 (3072 -176 256 ) (3072 -368 256 ) (3072 -368 384 ) (3072 -176 384 ) 
4 81 98 (3072 -1024 672 ) (3072 -1024 1024 ) (3072 -896 1024 ) (3072 -896 672 ) 
4 81 96 (3072 -896 1024 ) (3072 -640 1024 ) (3072 -640 672 ) (3072 -896 672 ) 
4 81 86 (3072 -640 1024 ) (3072 -464 1024 ) (3072 -464 672 ) (3072 -640 672 ) 
4 81 85 (3072 -1024 1024 ) (3072 -1024 672 ) (3440 -1024 672 ) (3440 -1024 1024 ) 
4 81 84 (3072 -1024 672 ) (3072 -480 672 ) (3344 -480 672 ) (3344 -1024 672 ) 
4 81 83 (3440 -480 672 ) (3440 -1024 672 ) (3344 -1024 672 ) (3344 -480 672 ) 
4 82 83 (3344 -480 384 ) (3344 -480 256 ) (3440 -480 256 ) (3440 -480 384 ) 
4 83 85 (3440 -1024 640 ) (3440 -1024 672 ) (3344 -1024 672 ) (3344 -1024 640 ) 
4 83 84 (3344 -1024 672 ) (3344 -480 672 ) (3344 -480 256 ) (3344 -1024 256 ) 
4 84 98 (3072 -896 256 ) (3072 -1024 256 ) (3072 -1024 672 ) (3072 -896 672 ) 
4 84 96 (3072 -640 256 ) (3072 -896 256 ) (3072 -896 672 ) (3072 -640 672 ) 
4 84 89 (3072 -480 256 ) (3072 -640 256 ) (3072 -640 640 ) (3072 -480 640 ) 
4 84 86 (3072 -640 640 ) (3072 -640 672 ) (3072 -480 672 ) (3072 -480 640 ) 
4 84 85 (3072 -1024 672 ) (3072 -1024 640 ) (3344 -1024 640 ) (3344 -1024 672 ) 
4 85 134 (3072 -1280 640 ) (3072 -1280 1024 ) (3072 -1024 1024 ) (3072 -1024 640 ) 
4 86 96 (3072 -640 640 ) (3072 -640 1024 ) (2096 -640 1024 ) (2096 -640 640 ) 
4 86 90 (2096 -480 640 ) (2096 0 640 ) (2416 0 640 ) (2416 -480 640 ) 
4 86 91 (2416 -640 640 ) (2096 -640 640 ) (2096 -480 640 ) (2416 -480 640 ) 
4 86 89 (3072 -640 640 ) (2416 -640 640 ) (2416 0 640 ) (3072 0 640 ) 
4 86 87 (2096 -560 704 ) (2096 -560 1024 ) (2096 0 1024 ) (2096 0 676.903198 ) 
4 86 88 (2096 -560 640 ) (2096 -640 640 ) (2096 -640 1024 ) (2096 -560 1024 ) 
4 87 110 (2048 -512 701.677429 ) (2048 -560 704 ) (2048 -560 1024 ) (2048 -512 1024 ) 
4 87 99 (2048 0 1024 ) (2048 0 676.903198 ) (2048 -512 701.677429 ) (2048 -512 1024 ) 
4 87 88 (2096 -560 704 ) (2096 -560 1024 ) (2048 -560 1024 ) (2048 -560 704 ) 
4 88 112 (2048 -560 640 ) (2048 -640 640 ) (2048 -640 1024 ) (2048 -560 1024 ) 
4 88 96 (2096 -640 1024 ) (2048 -640 1024 ) (2048 -640 640 ) (2096 -640 640 ) 
4 88 91 (2096 -640 640 ) (2048 -640 640 ) (2048 -560 640 ) (2096 -560 640 ) 
4 89 96 (3072 -640 256 ) (3072 -640 640 ) (2416 -640 640 ) (2416 -640 256 ) 
4 89 92 (2416 -176 256 ) (2416 0 256 ) (2880 0 256 ) (2880 -176 256 ) 
4 89 90 (2416 -480 272 ) (2416 -480 640 ) (2416 0 640 ) (2416 0 272 ) 
4 89 91 (2416 -480 256 ) (2416 -640 256 ) (2416 -640 640 ) (2416 -480 640 ) 
4 90 91 (2416 -480 272 ) (2416 -480 640 ) (2048 -480 640 ) (2048 -480 304 ) 
4 91 111 (2048 -512 256 ) (2048 -560 256 ) (2048 -560 640 ) (2048 -512 640 ) 
4 91 112 (2048 -560 256 ) (2048 -640 256 ) (2048 -640 640 ) (2048 -560 640 ) 
4 91 96 (2416 -640 640 ) (2048 -640 640 ) (2048 -640 256 ) (2416 -640 256 ) 
4 93 94 (2400 -464 96 ) (2400 -480 96 ) (2400 -480 256 ) (2400 -464 256 ) 
4 94 102 (2048 -96 96 ) (2048 -288 96 ) (2048 -288 192 ) (2048 -96 192 ) 
4 94 95 (2240 -480 96 ) (2352 -480 96 ) (2352 -480 192 ) (2240 -480 192 ) 
4 95 97 (2352 -640 192 ) (2240 -640 192 ) (2240 -640 96 ) (2352 -640 96 ) 
4 96 117 (2048 -896 256 ) (2048 -896 1024 ) (2048 -640 1024 ) (2048 -640 256 ) 
4 96 98 (2048 -896 1024 ) (2048 -896 256 ) (3072 -896 256 ) (3072 -896 1024 ) 
4 97 118 (2048 -896 96 ) (2048 -896 192 ) (2048 -640 192 ) (2048 -640 96 ) 
4 98 134 (3072 -1024 640 ) (3072 -1024 1024 ) (2048 -1024 1024 ) (2048 -1024 640 ) 
4 98 119 (2048 -1024 256 ) (2048 -1024 1024 ) (2048 -896 1024 ) (2048 -896 256 ) 
4 99 110 (2048 -512 701.677429 ) (2048 -512 1024 ) (1600 -512 1024 ) (1600 -512 701.677429 ) 
4 99 100 (1600 -512 701.677429 ) (1600 -512 1024 ) (1600 0 1024 ) (1600 0 676.903198 ) 
4 100 120 (1024 0 1024 ) (1024 0 640 ) (1024 -512 640 ) (1024 -512 1024 ) 
4 100 113 (1024 -512 1024 ) (1024 -512 640 ) (1600 -512 640 ) (1600 -512 1024 ) 
4 100 101 (1600 -512 640 ) (1024 -512 640 ) (1024 0 640 ) (1600 0 640 ) 
4 101 120 (1024 0 640 ) (1024 0 352 ) (1024 -512 352 ) (1024 -512 640 ) 
4 101 111 (1600 -512 352 ) (1648 -512 352 ) (1648 -512 640 ) (1600 -512 640 ) 
4 101 113 (1024 -512 640 ) (1024 -512 352 ) (1600 -512 352 ) (1600 -512 640 ) 
4 101 107 (1648 -512 352 ) (1136 -512 352 ) (1136 0 352 ) (1648 0 352 ) 
4 101 109 (1136 -512 352 ) (1024 -512 352 ) (1024 0 352 ) (1136 0 352 ) 
4 102 104 (2032 -288 192 ) (2032 -96 192 ) (2032 -96 85.333282 ) (2032 -288 85.333282 ) 
5 103 104 (1664 -96 352 ) (1664 -96 64 ) (2000 -96 64 ) (2032 -96 85.333282 ) (2032 -96 352 ) 
5 104 105 (1664 -288 352 ) (1664 -288 64 ) (2000 -288 64 ) (2032 -288 85.333282 ) (2032 -288 352 ) 
4 105 106 (1824 -496 64 ) (1920 -496 64 ) (1920 -496 176 ) (1824 -496 176 ) 
4 106 114 (1824 -512 176 ) (1824 -512 64 ) (1920 -512 64 ) (1920 -512 176 ) 
4 107 111 (1648 -512 256 ) (1648 -512 352 ) (1600 -512 352 ) (1600 -512 256 ) 
4 107 113 (1600 -512 352 ) (1136 -512 352 ) (1136 -512 256 ) (1600 -512 256 ) 
3 107 108 (1136 -512 256 ) (1136 -256 256 ) (1648 -512 256 ) 
4 107 109 (1136 -512 256 ) (1136 -512 352 ) (1136 0 352 ) (1136 0 256 ) 
4 108 116 (1136 -512 0 ) (1648 -512 0 ) (1648 -512 64 ) (1136 -512 64 ) 
4 108 114 (1648 -512 64 ) (1648 -512 256 ) (1136 -512 256 ) (1136 -512 64 ) 
4 108 109 (1136 -256 0 ) (1136 -512 0 ) (1136 -512 256 ) (1136 -256 256 ) 
4 109 121 (1024 0 256 ) (1024 0 0 ) (1024 -512 0 ) (1024 -512 256 ) 
4 109 120 (1024 0 352 ) (1024 0 256 ) (1024 -512 256 ) (1024 -512 352 ) 
4 109 116 (1024 -512 64 ) (1024 -512 0 ) (1136 -512 0 ) (1136 -512 64 ) 
4 109 114 (1024 -512 256 ) (1024 -512 64 ) (1136 -512 64 ) (1136 -512 256 ) 
4 109 113 (1024 -512 352 ) (1024 -512 256 ) (1136 -512 256 ) (1136 -512 352 ) 
4 110 113 (1600 -560 704 ) (1600 -560 1024 ) (1600 -512 1024 ) (1600 -512 701.677429 ) 
4 110 112 (1600 -560 1024 ) (1600 -560 704 ) (2048 -560 704 ) (2048 -560 1024 ) 
4 111 114 (1600 -560 256 ) (1600 -512 256 ) (2048 -512 256 ) (2048 -560 256 ) 
4 111 112 (1600 -560 640 ) (1600 -560 256 ) (2048 -560 256 ) (2048 -560 640 ) 
4 111 113 (1600 -512 256 ) (1600 -560 256 ) (1600 -560 640 ) (1600 -512 640 ) 
4 112 117 (2048 -640 256 ) (2048 -640 1024 ) (1600 -640 1024 ) (1600 -640 256 ) 
4 112 114 (2048 -640 256 ) (1600 -640 256 ) (1600 -560 256 ) (2048 -560 256 ) 
4 112 113 (1600 -560 256 ) (1600 -640 256 ) (1600 -640 1024 ) (1600 -560 1024 ) 
4 113 120 (1024 -512 1024 ) (1024 -512 256 ) (1024 -640 256 ) (1024 -640 1024 ) 
4 113 117 (1600 -640 1024 ) (1024 -640 1024 ) (1024 -640 256 ) (1600 -640 256 ) 
5 113 114 (1600 -640 256 ) (1152 -640 256 ) (1024 -576 256 ) (1024 -512 256 ) (1600 -512 256 ) 
4 114 121 (1024 -512 256 ) (1024 -512 64 ) (1024 -576 64 ) (1024 -576 256 ) 
5 114 118 (2048 -640 96 ) (2048 -640 256 ) (1152 -640 256 ) (1152 -640 64 ) (2005.333252 -640 64 ) 
5 114 116 (1824 -640 64 ) (1152 -640 64 ) (1024 -576 64 ) (1024 -512 64 ) (1824 -512 64 ) 
4 114 115 (1920 -640 64 ) (1824 -640 64 ) (1824 -512 64 ) (1920 -512 64 ) 
4 115 118 (1824 -640 0 ) (1920 -640 0 ) (1920 -640 64 ) (1824 -640 64 ) 
3 115 116 (1824 -640 0 ) (1824 -640 64 ) (1824 -512 64 ) 
4 116 121 (1024 -512 64 ) (1024 -512 0 ) (1024 -576 0 ) (1024 -576 64 ) 
4 116 118 (1152 -640 0 ) (1824 -640 0 ) (1824 -640 64 ) (1152 -640 64 ) 
4 117 120 (1024 -640 1024 ) (1024 -640 256 ) (1024 -896 256 ) (1024 -896 1024 ) 
4 117 119 (1024 -896 1024 ) (1024 -896 256 ) (2048 -896 256 ) (2048 -896 1024 ) 
4 117 118 (2048 -896 256 ) (1664 -896 256 ) (1152 -640 256 ) (2048 -640 256 ) 
4 119 135 (2048 -1024 640 ) (2048 -1024 1024 ) (1024 -1024 1024 ) (1024 -1024 640 ) 
4 119 120 (1024 -1024 256 ) (1024 -1024 1024 ) (1024 -896 1024 ) (1024 -896 256 ) 
4 120 225 (0 -1024 256 ) (0 -1024 1024 ) (0 -640 1024 ) (0 -640 256 ) 
4 120 221 (0 -640 1024 ) (0 -512 1024 ) (0 -512 256 ) (0 -640 256 ) 
4 120 220 (0 -512 1024 ) (0 -384 1024 ) (0 -384 456 ) (0 -512 456 ) 
4 120 206 (0 -384 1024 ) (0 0 1024 ) (0 0 256 ) (0 -384 256 ) 
4 120 136 (1024 -1024 640 ) (1024 -1024 1024 ) (0 -1024 1024 ) (0 -1024 640 ) 
4 120 133 (256 -1024 256 ) (0 -1024 256 ) (0 -896 256 ) (256 -896 256 ) 
4 120 132 (0 -896 256 ) (0 -384 256 ) (256 -384 256 ) (256 -896 256 ) 
4 120 123 (384 0 256 ) (512 0 256 ) (512 -384 256 ) (384 -384 256 ) 
4 120 124 (0 -384 256 ) (0 0 256 ) (384 0 256 ) (384 -384 256 ) 
4 120 122 (512 0 256 ) (640 0 256 ) (640 -384 256 ) (512 -384 256 ) 
4 120 121 (640 -384 256 ) (640 0 256 ) (1024 0 256 ) (1024 -576 256 ) 
4 121 126 (640 0 0 ) (640 -96 0 ) (640 -96 128 ) (640 0 128 ) 
4 121 122 (640 -384 256 ) (640 0 256 ) (640 0 160 ) (640 -128 160 ) 
4 122 123 (512 -213.333344 192 ) (512 -384 256 ) (512 0 256 ) (512 0 192 ) 
4 123 124 (384 -384 192 ) (384 -384 256 ) (384 0 256 ) (384 0 192 ) 
4 124 206 (0 -384 256 ) (0 0 256 ) (0 0 160 ) (0 -384 160 ) 
4 124 132 (256 -384 256 ) (0 -384 256 ) (0 -384 160 ) (256 -384 160 ) 
4 124 125 (384 -384 160 ) (0 -384 160 ) (0 0 160 ) (384 0 160 ) 
4 125 216 (0 -256 128 ) (0 -384 128 ) (0 -384 160 ) (0 -256 160 ) 
4 125 210 (0 0 160 ) (0 0 128 ) (0 -256 128 ) (0 -256 160 ) 
4 125 132 (256 -384 160 ) (0 -384 160 ) (0 -384 128 ) (256 -384 128 ) 
4 125 127 (384 -384 128 ) (0 -384 128 ) (0 0 128 ) (384 0 128 ) 
4 126 128 (384 0 0 ) (384 -96 0 ) (384 -96 16 ) (384 0 16 ) 
4 126 127 (384 -96 16 ) (384 -96 128 ) (384 0 128 ) (384 0 16 ) 
4 127 216 (0 -256 16 ) (0 -384 16 ) (0 -384 128 ) (0 -256 128 ) 
4 127 210 (0 0 128 ) (0 0 16 ) (0 -256 16 ) (0 -256 128 ) 
4 127 132 (256 -384 128 ) (0 -384 128 ) (0 -384 16 ) (256 -384 16 ) 
3 127 131 (0 -206.893982 16 ) (0 -176 16 ) (67.221123 -162.556763 16 ) 
3 127 130 (0 -313.661133 16 ) (0 -206.893982 16 ) (124.661652 -124.670540 16 ) 
4 127 129 (99.210724 -384 16 ) (0 -384 16 ) (0 -313.661133 16 ) (162.558228 -67.218262 16 ) 
4 127 128 (384 0 16 ) (384 -384 16 ) (99.210724 -384 16 ) (176 0 16 ) 
4 128 132 (99.210732 -384 0 ) (256 -384 0 ) (256 -384 16 ) (99.210724 -384 16 ) 
4 128 129 (99.209961 -384 0 ) (99.209961 -384 16 ) (162.557159 -67.219879 16 ) (162.554581 -67.232880 0 ) 
4 129 216 (0 -313.670227 0 ) (0 -384 0 ) (0 -384 16 ) (0 -313.661133 16 ) 
4 129 132 (0 -384 0 ) (99.210732 -384 0 ) (99.210724 -384 16 ) (0 -384 16 ) 
4 129 130 (124.667603 -124.664886 0 ) (0 -313.662537 0 ) (0 -313.653473 16 ) (124.654991 -124.674927 16 ) 
4 130 216 (0 -256 0 ) (0 -313.670227 0 ) (0 -313.661133 16 ) (0 -256 16 ) 
4 130 214 (0 -206.892258 0 ) (0 -256 0 ) (0 -256 16 ) (0 -206.893982 16 ) 
4 130 131 (67.223648 -162.556030 0 ) (0 -206.894989 0 ) (0 -206.896698 16 ) (67.226898 -162.555603 16 ) 
4 131 214 (0 -176 0 ) (0 -206.892258 0 ) (0 -206.893982 16 ) (0 -176 16 ) 
4 132 225 (0 -896 256 ) (0 -640 256 ) (0 -640 176 ) (0 -896 176 ) 
4 132 221 (0 -640 256 ) (0 -512 256 ) (0 -512 176 ) (0 -640 176 ) 
4 132 133 (256 -896 128 ) (256 -896 256 ) (0 -896 256 ) (0 -896 128 ) 
4 133 225 (0 -1024 176 ) (0 -1024 256 ) (0 -896 256 ) (0 -896 176 ) 
4 134 135 (2048 -1024 1024 ) (2048 -1024 640 ) (2048 -1280 640 ) (2048 -1280 1024 ) 
4 135 136 (1024 -1024 1024 ) (1024 -1024 640 ) (1024 -1280 640 ) (1024 -1280 1024 ) 
4 136 241 (0 -1280 640 ) (0 -1280 1024 ) (0 -1024 1024 ) (0 -1024 640 ) 
4 137 139 (0 1024 640 ) (0 1024 1024 ) (-1024 1024 1024 ) (-1024 1024 640 ) 
4 137 138 (-1024 1024 640 ) (-1024 1024 1024 ) (-1024 1280 1024 ) (-1024 1280 640 ) 
4 138 174 (-2048 1024 640 ) (-2048 1024 1024 ) (-2048 1280 1024 ) (-2048 1280 640 ) 
4 138 153 (-2048 1024 1024 ) (-2048 1024 640 ) (-1024 1024 640 ) (-1024 1024 1024 ) 
4 139 207 (-384 0 1024 ) (-512 0 1024 ) (-512 0 256 ) (-384 0 256 ) 
4 139 206 (0 0 256 ) (0 0 1024 ) (-384 0 1024 ) (-384 0 256 ) 
4 139 209 (-512 0 1024 ) (-1024 0 1024 ) (-1024 0 256 ) (-512 0 256 ) 
4 139 166 (-1024 512 256 ) (-1024 0 256 ) (-1024 0 352 ) (-1024 512 352 ) 
4 139 165 (-1024 0 352 ) (-1024 0 640 ) (-1024 512 640 ) (-1024 512 352 ) 
4 139 163 (-1024 0 640 ) (-1024 0 1024 ) (-1024 512 1024 ) (-1024 512 640 ) 
4 139 156 (-1024 640 256 ) (-1024 512 256 ) (-1024 512 1024 ) (-1024 640 1024 ) 
4 139 154 (-1024 896 256 ) (-1024 640 256 ) (-1024 640 1024 ) (-1024 896 1024 ) 
4 139 153 (-1024 1024 1024 ) (-1024 1024 256 ) (-1024 896 256 ) (-1024 896 1024 ) 
4 139 152 (-640 0 256 ) (-1024 0 256 ) (-1024 576 256 ) (-640 384 256 ) 
4 139 144 (-512 0 256 ) (-640 0 256 ) (-640 384 256 ) (-512 384 256 ) 
4 139 143 (-384 0 256 ) (-512 0 256 ) (-512 384 256 ) (-384 384 256 ) 
4 139 142 (0 0 256 ) (-384 0 256 ) (-384 384 256 ) (0 384 256 ) 
4 139 140 (-256 1024 256 ) (0 1024 256 ) (0 896 256 ) (-256 896 256 ) 
4 139 141 (0 896 256 ) (0 384 256 ) (-256 384 256 ) (-256 896 256 ) 
4 140 141 (-256 896 256 ) (-256 896 128 ) (0 896 128 ) (0 896 256 ) 
4 141 148 (-99.204224 384 0 ) (0 384 0 ) (0 384 16 ) (-99.204033 384 16 ) 
4 141 147 (-256 384 0 ) (-99.204224 384 0 ) (-99.204033 384 16 ) (-256 384 16 ) 
4 141 146 (0 384 16 ) (0 384 128 ) (-256 384 128 ) (-256 384 16 ) 
4 141 145 (0 384 128 ) (0 384 160 ) (-256 384 160 ) (-256 384 128 ) 
4 141 142 (0 384 160 ) (0 384 256 ) (-256 384 256 ) (-256 384 160 ) 
4 142 206 (0 0 160 ) (0 0 256 ) (-384 0 256 ) (-384 0 160 ) 
4 142 145 (-384 384 160 ) (0 384 160 ) (0 0 160 ) (-384 0 160 ) 
4 142 143 (-384 384 256 ) (-384 384 192 ) (-384 0 192 ) (-384 0 256 ) 
4 143 207 (-384 0 256 ) (-512 0 256 ) (-512 0 192 ) (-384 0 192 ) 
4 143 144 (-512 384 256 ) (-512 213.333328 192 ) (-512 0 192 ) (-512 0 256 ) 
4 144 209 (-512 0 256 ) (-640 0 256 ) (-640 0 160 ) (-512 0 160 ) 
4 144 152 (-640 0 160 ) (-640 0 256 ) (-640 384 256 ) (-640 128 160 ) 
4 145 210 (0 0 128 ) (0 0 160 ) (-384 0 160 ) (-384 0 128 ) 
4 145 146 (0 0 128 ) (-384 0 128 ) (-384 384 128 ) (0 384 128 ) 
4 146 210 (0 0 16 ) (0 0 128 ) (-384 0 128 ) (-384 0 16 ) 
4 146 151 (-384 0 128 ) (-384 96 128 ) (-384 96 16 ) (-384 0 16 ) 
3 146 150 (-67.222954 162.556854 16 ) (0 206.895172 16 ) (0 176 16 ) 
3 146 149 (-124.654099 124.676926 16 ) (0 313.653748 16 ) (0 206.895172 16 ) 
4 146 148 (-162.557541 67.214951 16 ) (-99.204041 384 16 ) (0 384 16 ) (0 313.653748 16 ) 
4 146 147 (-176 0 16 ) (-384 0 16 ) (-384 384 16 ) (-99.204041 384 16 ) 
4 147 211 (-176 0 16 ) (-384 0 16 ) (-384 0 0 ) (-176 0 0 ) 
4 147 151 (-384 96 0 ) (-384 0 0 ) (-384 0 16 ) (-384 96 16 ) 
4 147 148 (-99.205276 384 0 ) (-99.205078 384 16 ) (-162.558960 67.212830 16 ) (-162.555557 67.230667 0 ) 
4 148 149 (-124.667969 124.666321 0 ) (0 313.661377 0 ) (0 313.648712 16 ) (-124.651443 124.678680 16 ) 
4 149 150 (-67.217049 162.558044 0 ) (0 206.892136 0 ) (0 206.893585 16 ) (-67.220215 162.557404 16 ) 
4 151 217 (-384 0 128 ) (-640 0 128 ) (-640 0 0 ) (-384 0 0 ) 
4 151 152 (-640 96 0 ) (-640 0 0 ) (-640 0 128 ) (-640 96 128 ) 
4 152 218 (-1024 0 160 ) (-1024 0 0 ) (-640 0 0 ) (-640 0 160 ) 
4 152 209 (-640 0 256 ) (-1024 0 256 ) (-1024 0 160 ) (-640 0 160 ) 
4 152 166 (-1024 512 0 ) (-1024 0 0 ) (-1024 0 256 ) (-1024 512 256 ) 
4 152 161 (-1024 576 0 ) (-1024 512 0 ) (-1024 512 64 ) (-1024 576 64 ) 
4 152 160 (-1024 512 64 ) (-1024 512 256 ) (-1024 576 256 ) (-1024 576 64 ) 
4 153 175 (-2048 1024 1024 ) (-2048 1024 256 ) (-2048 896 256 ) (-2048 896 1024 ) 
4 153 154 (-1024 896 256 ) (-1024 896 1024 ) (-2048 896 1024 ) (-2048 896 256 ) 
4 154 176 (-2048 896 1024 ) (-2048 896 256 ) (-2048 640 256 ) (-2048 640 1024 ) 
4 154 157 (-2048 640 1024 ) (-2048 640 256 ) (-1600 640 256 ) (-1600 640 1024 ) 
4 154 156 (-1600 640 256 ) (-1024 640 256 ) (-1024 640 1024 ) (-1600 640 1024 ) 
4 154 155 (-1152 640 256 ) (-2048 640 256 ) (-2048 896 256 ) (-1664 896 256 ) 
4 155 177 (-2048 896 192 ) (-2048 896 96 ) (-2048 640 96 ) (-2048 640 192 ) 
4 155 162 (-1920 640 0 ) (-1824 640 0 ) (-1824 640 64 ) (-1920 640 64 ) 
4 155 161 (-1824 640 0 ) (-1152 640 0 ) (-1152 640 64 ) (-1824 640 64 ) 
5 155 160 (-2048 640 256 ) (-2048 640 96 ) (-2005.333252 640 64 ) (-1152 640 64 ) (-1152 640 256 ) 
4 156 167 (-1136 512 352 ) (-1600 512 352 ) (-1600 512 256 ) (-1136 512 256 ) 
4 156 166 (-1024 512 256 ) (-1024 512 352 ) (-1136 512 352 ) (-1136 512 256 ) 
4 156 165 (-1024 512 352 ) (-1024 512 640 ) (-1600 512 640 ) (-1600 512 352 ) 
4 156 163 (-1024 512 640 ) (-1024 512 1024 ) (-1600 512 1024 ) (-1600 512 640 ) 
5 156 160 (-1024 512 256 ) (-1600 512 256 ) (-1600 640 256 ) (-1152 640 256 ) (-1024 576 256 ) 
4 156 158 (-1600 512 701.677429 ) (-1600 512 1024 ) (-1600 560 1024 ) (-1600 560 704 ) 
4 156 159 (-1600 560 256 ) (-1600 512 256 ) (-1600 512 640 ) (-1600 560 640 ) 
4 156 157 (-1600 640 256 ) (-1600 560 256 ) (-1600 560 1024 ) (-1600 640 1024 ) 
4 157 181 (-2048 640 640 ) (-2048 640 256 ) (-2048 560 256 ) (-2048 560 640 ) 
4 157 178 (-2048 640 1024 ) (-2048 640 640 ) (-2048 560 640 ) (-2048 560 1024 ) 
4 157 160 (-2048 560 256 ) (-2048 640 256 ) (-1600 640 256 ) (-1600 560 256 ) 
4 157 158 (-1600 560 704 ) (-1600 560 1024 ) (-2048 560 1024 ) (-2048 560 704 ) 
4 157 159 (-2048 560 256 ) (-1600 560 256 ) (-1600 560 640 ) (-2048 560 640 ) 
4 158 179 (-2048 512 701.677429 ) (-2048 512 1024 ) (-2048 560 1024 ) (-2048 560 704 ) 
4 158 164 (-1600 512 1024 ) (-2048 512 1024 ) (-2048 512 701.677429 ) (-1600 512 701.677429 ) 
4 159 181 (-2048 560 256 ) (-2048 512 256 ) (-2048 512 640 ) (-2048 560 640 ) 
4 159 167 (-1648 512 256 ) (-1600 512 256 ) (-1600 512 352 ) (-1648 512 352 ) 
4 159 165 (-1648 512 352 ) (-1600 512 352 ) (-1600 512 640 ) (-1648 512 640 ) 
4 159 160 (-1600 512 256 ) (-2048 512 256 ) (-2048 560 256 ) (-1600 560 256 ) 
4 160 169 (-1920 512 176 ) (-1920 512 64 ) (-1824 512 64 ) (-1824 512 176 ) 
4 160 168 (-1136 512 256 ) (-1648 512 256 ) (-1648 512 64 ) (-1136 512 64 ) 
4 160 166 (-1024 512 64 ) (-1024 512 256 ) (-1136 512 256 ) (-1136 512 64 ) 
4 160 162 (-1824 512 64 ) (-1920 512 64 ) (-1920 640 64 ) (-1824 640 64 ) 
5 160 161 (-1024 512 64 ) (-1824 512 64 ) (-1824 640 64 ) (-1152 640 64 ) (-1024 576 64 ) 
4 161 168 (-1648 512 0 ) (-1136 512 0 ) (-1136 512 64 ) (-1648 512 64 ) 
4 161 166 (-1136 512 0 ) (-1024 512 0 ) (-1024 512 64 ) (-1136 512 64 ) 
3 161 162 (-1824 512 64 ) (-1824 640 64 ) (-1824 640 0 ) 
4 163 227 (-1024 0 640 ) (-1024 0 1024 ) (-1600 0 1024 ) (-1600 0 640 ) 
4 163 165 (-1024 0 640 ) (-1600 0 640 ) (-1600 512 640 ) (-1024 512 640 ) 
4 163 164 (-1600 0 676.903198 ) (-1600 0 1024 ) (-1600 512 1024 ) (-1600 512 701.677429 ) 
4 164 228 (-1600 0 1024 ) (-2048 0 1024 ) (-2048 0 676.903198 ) (-1600 0 676.903198 ) 
4 164 179 (-2048 0 676.903198 ) (-2048 0 1024 ) (-2048 512 1024 ) (-2048 512 701.677429 ) 
4 165 230 (-1024 0 352 ) (-1024 0 640 ) (-1648 0 640 ) (-1648 0 352 ) 
4 165 167 (-1648 512 352 ) (-1136 512 352 ) (-1136 0 352 ) (-1648 0 352 ) 
4 165 166 (-1136 512 352 ) (-1024 512 352 ) (-1024 0 352 ) (-1136 0 352 ) 
4 166 232 (-1024 0 0 ) (-1024 0 352 ) (-1136 0 352 ) (-1136 0 0 ) 
4 166 168 (-1136 512 256 ) (-1136 512 0 ) (-1136 256 0 ) (-1136 256 256 ) 
4 166 167 (-1136 0 352 ) (-1136 512 352 ) (-1136 512 256 ) (-1136 0 256 ) 
4 167 232 (-1136 0 352 ) (-1648 0 352 ) (-1648 0 256 ) (-1136 0 256 ) 
3 167 168 (-1648 512 256 ) (-1136 512 256 ) (-1136 256 256 ) 
4 169 170 (-1920 496 64 ) (-1824 496 64 ) (-1824 496 176 ) (-1920 496 176 ) 
5 170 171 (-2032 288 352 ) (-2032 288 85.333282 ) (-2000 288 64 ) (-1664 288 64 ) (-1664 288 352 ) 
4 171 173 (-2032 288 192 ) (-2032 288 85.333282 ) (-2032 96 85.333282 ) (-2032 96 192 ) 
5 171 172 (-2032 96 352 ) (-2032 96 85.333282 ) (-2000 96 64 ) (-1664 96 64 ) (-1664 96 352 ) 
4 172 238 (-1920 0 352 ) (-2032 0 352 ) (-2032 0 64 ) (-1920 0 64 ) 
4 172 237 (-1664 0 352 ) (-1920 0 352 ) (-1920 0 64 ) (-1664 0 64 ) 
4 173 185 (-2048 96 192 ) (-2048 288 192 ) (-2048 288 96 ) (-2048 96 96 ) 
4 174 188 (-3072 1024 640 ) (-3072 1024 1024 ) (-3072 1280 1024 ) (-3072 1280 640 ) 
4 174 175 (-2048 1024 640 ) (-2048 1024 1024 ) (-3072 1024 1024 ) (-3072 1024 640 ) 
4 175 190 (-3072 896 256 ) (-3072 896 672 ) (-3072 1024 672 ) (-3072 1024 256 ) 
4 175 189 (-3072 896 672 ) (-3072 896 1024 ) (-3072 1024 1024 ) (-3072 1024 672 ) 
4 175 176 (-2048 896 256 ) (-2048 896 1024 ) (-3072 896 1024 ) (-3072 896 256 ) 
4 176 190 (-3072 640 256 ) (-3072 640 672 ) (-3072 896 672 ) (-3072 896 256 ) 
4 176 189 (-3072 640 672 ) (-3072 640 1024 ) (-3072 896 1024 ) (-3072 896 672 ) 
4 176 181 (-2416 640 256 ) (-2048 640 256 ) (-2048 640 640 ) (-2416 640 640 ) 
4 176 183 (-3072 640 640 ) (-3072 640 256 ) (-2416 640 256 ) (-2416 640 640 ) 
4 176 178 (-2096 640 640 ) (-2048 640 640 ) (-2048 640 1024 ) (-2096 640 1024 ) 
4 176 180 (-3072 640 1024 ) (-3072 640 640 ) (-2096 640 640 ) (-2096 640 1024 ) 
4 177 184 (-2352 640 96 ) (-2240 640 96 ) (-2240 640 192 ) (-2352 640 192 ) 
4 178 181 (-2096 640 640 ) (-2048 640 640 ) (-2048 560 640 ) (-2096 560 640 ) 
4 178 179 (-2096 560 1024 ) (-2096 560 704 ) (-2048 560 704 ) (-2048 560 1024 ) 
4 178 180 (-2096 640 640 ) (-2096 560 640 ) (-2096 560 1024 ) (-2096 640 1024 ) 
4 179 243 (-2048 0 676.903198 ) (-2048 0 1024 ) (-2096 0 1024 ) (-2096 0 676.903198 ) 
4 179 180 (-2096 0 676.903198 ) (-2096 0 1024 ) (-2096 560 1024 ) (-2096 560 704 ) 
4 180 245 (-2096 0 1024 ) (-3072 0 1024 ) (-3072 0 640 ) (-2096 0 640 ) 
4 180 197 (-3072 192 1024 ) (-3072 208 1024 ) (-3072 208 672 ) (-3072 192 672 ) 
4 180 198 (-3072 0 640 ) (-3072 0 1024 ) (-3072 192 1024 ) (-3072 192 640 ) 
4 180 193 (-3072 208 1024 ) (-3072 464 1024 ) (-3072 464 672 ) (-3072 208 672 ) 
4 180 190 (-3072 640 672 ) (-3072 640 640 ) (-3072 480 640 ) (-3072 480 672 ) 
4 180 189 (-3072 464 1024 ) (-3072 640 1024 ) (-3072 640 672 ) (-3072 464 672 ) 
4 180 182 (-2096 480 640 ) (-2096 0 640 ) (-2416 0 640 ) (-2416 480 640 ) 
4 180 181 (-2416 640 640 ) (-2096 640 640 ) (-2096 480 640 ) (-2416 480 640 ) 
4 180 183 (-3072 640 640 ) (-2416 640 640 ) (-2416 0 640 ) (-3072 0 640 ) 
4 181 182 (-2416 480 640 ) (-2416 480 272 ) (-2048 480 272 ) (-2048 480 640 ) 
4 181 183 (-2416 640 256 ) (-2416 480 256 ) (-2416 480 640 ) (-2416 640 640 ) 
4 182 246 (-2048 0 272 ) (-2048 0 320 ) (-2416 0 320 ) (-2416 0 272 ) 
4 182 244 (-2048 0 320 ) (-2048 0 640 ) (-2096 0 640 ) (-2096 0 320 ) 
4 182 245 (-2096 0 640 ) (-2416 0 640 ) (-2416 0 320 ) (-2096 0 320 ) 
4 182 183 (-2416 0 272 ) (-2416 0 640 ) (-2416 480 640 ) (-2416 480 272 ) 
4 183 249 (-3072 0 320 ) (-3072 0 256 ) (-2880 0 256 ) (-2880 0 320 ) 
4 183 248 (-2880 0 256 ) (-2416 0 256 ) (-2416 0 320 ) (-2880 0 320 ) 
4 183 245 (-2416 0 640 ) (-3072 0 640 ) (-3072 0 320 ) (-2416 0 320 ) 
4 183 199 (-3072 368 384 ) (-3072 368 256 ) (-3072 176 256 ) (-3072 176 384 ) 
4 183 198 (-3072 0 512 ) (-3072 0 640 ) (-3072 192 640 ) (-3072 192 512 ) 
4 183 190 (-3072 480 640 ) (-3072 640 640 ) (-3072 640 256 ) (-3072 480 256 ) 
4 183 187 (-2416 0 256 ) (-2880 0 256 ) (-2880 176 256 ) (-2416 176 256 ) 
4 184 185 (-2352 480 96 ) (-2240 480 96 ) (-2240 480 192 ) (-2352 480 192 ) 
4 185 252 (-2048 0 96 ) (-2048 0 256 ) (-2400 0 256 ) (-2400 0 96 ) 
4 185 186 (-2400 480 256 ) (-2400 480 96 ) (-2400 464 96 ) (-2400 464 256 ) 
4 187 257 (-2416 0 256 ) (-2880 0 256 ) (-2496 0 96 ) (-2416 0 96 ) 
4 188 205 (-3456 1024 1024 ) (-3584 1024 1024 ) (-3584 1024 640 ) (-3456 1024 640 ) 
4 188 203 (-3456 1024 672 ) (-3456 1024 640 ) (-3440 1024 640 ) (-3440 1024 672 ) 
4 188 202 (-3440 1024 1024 ) (-3456 1024 1024 ) (-3456 1024 672 ) (-3440 1024 672 ) 
4 188 191 (-3344 1024 672 ) (-3440 1024 672 ) (-3440 1024 640 ) (-3344 1024 640 ) 
4 188 190 (-3072 1024 640 ) (-3072 1024 672 ) (-3344 1024 672 ) (-3344 1024 640 ) 
4 188 189 (-3072 1024 672 ) (-3072 1024 1024 ) (-3440 1024 1024 ) (-3440 1024 672 ) 
4 189 202 (-3440 1024 1024 ) (-3440 1024 672 ) (-3440 464 672 ) (-3440 464 1024 ) 
4 189 194 (-3440 464 1024 ) (-3440 464 672 ) (-3088 464 672 ) (-3088 464 1024 ) 
4 189 193 (-3088 464 672 ) (-3072 464 672 ) (-3072 464 1024 ) (-3088 464 1024 ) 
4 189 191 (-3440 480 672 ) (-3440 1024 672 ) (-3344 1024 672 ) (-3344 480 672 ) 
4 189 190 (-3344 480 672 ) (-3344 1024 672 ) (-3072 1024 672 ) (-3072 480 672 ) 
4 190 191 (-3344 1024 256 ) (-3344 480 256 ) (-3344 480 672 ) (-3344 1024 672 ) 
4 191 203 (-3440 1024 672 ) (-3440 1024 256 ) (-3440 480 256 ) (-3440 480 672 ) 
4 191 192 (-3344 480 256 ) (-3344 480 384 ) (-3440 480 384 ) (-3440 480 256 ) 
4 192 200 (-3440 464 384 ) (-3440 464 256 ) (-3344 464 256 ) (-3344 464 384 ) 
4 193 197 (-3072 208 672 ) (-3072 208 1024 ) (-3088 208 1024 ) (-3088 208 672 ) 
4 193 194 (-3088 464 1024 ) (-3088 464 672 ) (-3088 208 672 ) (-3088 208 1024 ) 
4 194 202 (-3440 464 1024 ) (-3440 464 672 ) (-3440 208 672 ) (-3440 208 1024 ) 
4 194 197 (-3440 208 1024 ) (-3440 208 672 ) (-3088 208 672 ) (-3088 208 1024 ) 
4 194 195 (-3440 464 656 ) (-3088 464 656 ) (-3088 208 656 ) (-3440 208 656 ) 
4 195 196 (-3440 464 640 ) (-3088 464 640 ) (-3088 208 640 ) (-3440 208 640 ) 
4 196 200 (-3440 208 512 ) (-3440 464 512 ) (-3088 464 512 ) (-3088 208 512 ) 
4 197 202 (-3440 192 1024 ) (-3440 208 1024 ) (-3440 208 672 ) (-3440 192 672 ) 
4 197 198 (-3072 192 672 ) (-3072 192 1024 ) (-3440 192 1024 ) (-3440 192 672 ) 
4 198 267 (-3088 0 1024 ) (-3440 0 1024 ) (-3440 0 512 ) (-3088 0 512 ) 
4 198 261 (-3072 0 512 ) (-3072 0 1024 ) (-3088 0 1024 ) (-3088 0 512 ) 
4 198 204 (-3440 0 512 ) (-3440 0 1024 ) (-3440 192 1024 ) (-3440 192 512 ) 
4 199 201 (-3088 208 256 ) (-3088 176 256 ) (-3088 176 384 ) (-3088 208 384 ) 
4 199 200 (-3088 368 384 ) (-3088 368 256 ) (-3088 208 256 ) (-3088 208 384 ) 
4 200 201 (-3088 208 256 ) (-3088 208 496 ) (-3440 208 496 ) (-3440 208 256 ) 
4 201 268 (-3440 0 496 ) (-3440 0 256 ) (-3088 0 256 ) (-3088 0 496 ) 
4 202 205 (-3456 192 672 ) (-3456 192 1024 ) (-3456 1024 1024 ) (-3456 1024 672 ) 
4 202 204 (-3456 192 1024 ) (-3456 192 672 ) (-3440 192 672 ) (-3440 192 1024 ) 
4 202 203 (-3456 480 672 ) (-3456 1024 672 ) (-3440 1024 672 ) (-3440 480 672 ) 
4 203 205 (-3456 480 640 ) (-3456 480 672 ) (-3456 1024 672 ) (-3456 1024 640 ) 
4 204 272 (-3456 0 1024 ) (-3456 0 512 ) (-3440 0 512 ) (-3440 0 1024 ) 
4 204 205 (-3456 0 640 ) (-3456 0 1024 ) (-3456 192 1024 ) (-3456 192 640 ) 
4 205 274 (-3456 0 640 ) (-3456 0 1024 ) (-3584 0 1024 ) (-3584 0 640 ) 
4 206 223 (-128 -384 1024 ) (-384 -384 1024 ) (-384 -384 176 ) (-128 -384 176 ) 
4 206 220 (0 -384 456 ) (0 -384 1024 ) (-128 -384 1024 ) (-128 -384 456 ) 
4 206 216 (0 -384 160 ) (-384 -384 160 ) (-384 -256 160 ) (0 -256 160 ) 
4 206 210 (-384 -256 160 ) (-384 0 160 ) (0 0 160 ) (0 -256 160 ) 
4 206 207 (-384 -96 192 ) (-384 -96 1024 ) (-384 0 1024 ) (-384 0 192 ) 
4 206 208 (-384 -96 160 ) (-384 -384 160 ) (-384 -384 1024 ) (-384 -96 1024 ) 
4 207 208 (-512 -96 1024 ) (-512 -96 192 ) (-384 -96 192 ) (-384 -96 1024 ) 
4 207 209 (-512 -96 192 ) (-512 -96 1024 ) (-512 0 1024 ) (-512 0 192 ) 
4 208 223 (-384 -384 1024 ) (-512 -384 1024 ) (-512 -384 176 ) (-384 -384 176 ) 
4 208 209 (-512 -96 160 ) (-512 -384 160 ) (-512 -384 1024 ) (-512 -96 1024 ) 
4 209 235 (-1024 -256 160 ) (-1024 -384 160 ) (-1024 -384 352 ) (-1024 -256 352 ) 
4 209 233 (-1024 -128 160 ) (-1024 -256 160 ) (-1024 -256 352 ) (-1024 -128 352 ) 
4 209 232 (-1024 0 352 ) (-1024 0 160 ) (-1024 -128 160 ) (-1024 -128 352 ) 
4 209 230 (-1024 0 640 ) (-1024 0 352 ) (-1024 -384 352 ) (-1024 -384 640 ) 
4 209 227 (-1024 0 1024 ) (-1024 0 640 ) (-1024 -384 640 ) (-1024 -384 1024 ) 
4 209 223 (-512 -384 1024 ) (-1024 -384 1024 ) (-1024 -384 176 ) (-512 -384 176 ) 
4 209 219 (-768 -384 160 ) (-1024 -384 160 ) (-1024 -256 160 ) (-768 -256 160 ) 
4 209 218 (-1024 -256 160 ) (-1024 0 160 ) (-640 0 160 ) (-640 -256 160 ) 
4 210 217 (-384 -96 128 ) (-384 0 128 ) (-384 0 16 ) (-384 -96 16 ) 
4 210 216 (-384 -256 160 ) (-124.799988 -256 16 ) (0 -256 16 ) (0 -256 160 ) 
3 210 215 (-104.604706 -155.079453 16 ) (-124.665039 -124.667320 16 ) (-67.219246 -162.556122 16 ) 
4 210 214 (0 -256 16 ) (-38.035896 -256 16 ) (-104.604706 -155.079453 16 ) (0 -176 16 ) 
3 210 213 (-38.035896 -256 16 ) (-124.798698 -256 16 ) (-162.554352 -67.225845 16 ) 
3 210 212 (-124.798698 -256 16 ) (-227.196960 -256 16 ) (-176 0 16 ) 
4 210 211 (-227.196960 -256 16 ) (-384 -256 16 ) (-384 0 16 ) (-176 0 16 ) 
4 211 217 (-384 0 0 ) (-384 -96 0 ) (-384 -96 16 ) (-384 0 16 ) 
4 211 212 (-176 0 16 ) (-227.197266 -256 16 ) (-227.197464 -256 0 ) (-176 0 0 ) 
4 212 213 (-162.555099 -67.224693 16 ) (-124.799088 -256 16 ) (-124.799088 -256 0 ) (-162.555664 -67.221878 0 ) 
4 213 216 (-96 -256 0 ) (-38.034607 -256 0 ) (-38.035896 -256 16 ) (-124.798698 -256 16 ) 
4 213 215 (-124.664215 -124.667854 16 ) (-104.604164 -155.079559 16 ) (-104.602066 -155.080780 0 ) (-124.659912 -124.672409 0 ) 
4 213 214 (-104.604164 -155.079559 16 ) (-38.035423 -256 16 ) (-38.034130 -256 0 ) (-104.602066 -155.080780 0 ) 
4 214 216 (-38.034607 -256 0 ) (0 -256 0 ) (0 -256 16 ) (-38.035896 -256 16 ) 
4 214 215 (-104.601563 -155.081055 0 ) (-104.603661 -155.079834 16 ) (-67.218887 -162.556366 16 ) (-67.220856 -162.556778 0 ) 
4 217 218 (-640 0 0 ) (-640 -96 0 ) (-640 -96 128 ) (-640 0 128 ) 
4 218 233 (-1024 -128 0 ) (-1024 -256 0 ) (-1024 -256 160 ) (-1024 -128 160 ) 
4 218 232 (-1024 0 160 ) (-1024 0 0 ) (-1024 -128 0 ) (-1024 -128 160 ) 
3 218 219 (-1024 -256 0 ) (-768 -256 160 ) (-1024 -256 160 ) 
4 219 235 (-1024 -256 0 ) (-1024 -384 0 ) (-1024 -384 160 ) (-1024 -256 160 ) 
4 220 223 (-128 -416 1024 ) (-128 -384 1024 ) (-128 -384 456 ) (-128 -416 456 ) 
4 220 224 (-128 -512 456 ) (-128 -512 1024 ) (-128 -416 1024 ) (-128 -416 456 ) 
4 220 221 (-32 -512 456 ) (0 -512 456 ) (0 -512 1024 ) (-32 -512 1024 ) 
4 220 222 (-128 -512 1024 ) (-128 -512 456 ) (-32 -512 456 ) (-32 -512 1024 ) 
4 221 225 (0 -640 176 ) (0 -640 1024 ) (-32 -640 1024 ) (-32 -640 176 ) 
4 221 222 (-32 -512 1024 ) (-32 -512 176 ) (-32 -640 176 ) (-32 -640 1024 ) 
4 222 226 (-32 -640 1024 ) (-128 -640 1024 ) (-128 -640 -384 ) (-32 -640 -384 ) 
4 222 224 (-128 -512 -384 ) (-128 -640 -384 ) (-128 -640 1024 ) (-128 -512 1024 ) 
4 223 235 (-1024 -384 352 ) (-1024 -384 176 ) (-1024 -416 176 ) (-1024 -416 352 ) 
4 223 230 (-1024 -384 640 ) (-1024 -384 352 ) (-1024 -416 352 ) (-1024 -416 640 ) 
4 223 227 (-1024 -416 1024 ) (-1024 -384 1024 ) (-1024 -384 640 ) (-1024 -416 640 ) 
4 223 224 (-128 -416 176 ) (-128 -416 1024 ) (-1024 -416 1024 ) (-1024 -416 176 ) 
4 224 240 (-1024 -640 -384 ) (-1024 -640 0 ) (-1024 -416 0 ) (-1024 -416 -384 ) 
4 224 235 (-1024 -640 0 ) (-1024 -640 352 ) (-1024 -416 352 ) (-1024 -416 0 ) 
4 224 230 (-1024 -640 352 ) (-1024 -640 640 ) (-1024 -416 640 ) (-1024 -416 352 ) 
4 224 227 (-1024 -640 640 ) (-1024 -640 1024 ) (-1024 -416 1024 ) (-1024 -416 640 ) 
4 224 226 (-128 -640 1024 ) (-240 -640 1024 ) (-240 -640 -384 ) (-128 -640 -384 ) 
4 225 241 (0 -1024 176 ) (0 -1024 1024 ) (-32 -1024 1024 ) (-32 -1024 176 ) 
4 225 226 (-32 -640 1024 ) (-32 -640 176 ) (-32 -1024 176 ) (-32 -1024 1024 ) 
4 226 242 (-32 -1024 -384 ) (-32 -1024 1024 ) (-240 -1024 1024 ) (-240 -1024 -384 ) 
4 227 230 (-1600 0 640 ) (-1024 0 640 ) (-1024 -640 640 ) (-1600 -640 640 ) 
4 227 228 (-1600 -432 656 ) (-1600 -432 1024 ) (-1600 0 1024 ) (-1600 0 676.903198 ) 
4 227 229 (-1600 -432 640 ) (-1600 -640 640 ) (-1600 -640 1024 ) (-1600 -432 1024 ) 
4 228 243 (-2048 0 1024 ) (-2048 0 676.903198 ) (-2048 -432 656 ) (-2048 -432 1024 ) 
4 228 229 (-1600 -432 656 ) (-1600 -432 1024 ) (-2048 -432 1024 ) (-2048 -432 656 ) 
4 229 250 (-2048 -432 640 ) (-2048 -640 640 ) (-2048 -640 1024 ) (-2048 -432 1024 ) 
4 229 231 (-2048 -640 640 ) (-2048 -432 640 ) (-1648 -432 640 ) (-1648 -640 640 ) 
4 229 230 (-1648 -432 640 ) (-1600 -432 640 ) (-1600 -640 640 ) (-1648 -640 640 ) 
4 230 235 (-1024 -256 352 ) (-1024 -640 352 ) (-1648 -640 352 ) (-1648 -256 352 ) 
4 230 233 (-1024 -128 352 ) (-1024 -256 352 ) (-1648 -256 352 ) (-1648 -128 352 ) 
4 230 232 (-1648 0 352 ) (-1024 0 352 ) (-1024 -128 352 ) (-1648 -128 352 ) 
4 230 231 (-1648 -384 352 ) (-1648 -640 352 ) (-1648 -640 640 ) (-1648 -384 640 ) 
4 231 250 (-2048 -432 352 ) (-2048 -640 352 ) (-2048 -640 640 ) (-2048 -432 640 ) 
4 231 244 (-2048 -384 352 ) (-2048 -432 352 ) (-2048 -432 640 ) (-2048 -384 640 ) 
4 231 239 (-2048 -640 352 ) (-2048 -384 352 ) (-1664 -384 352 ) (-1664 -640 352 ) 
4 231 236 (-1664 -384 352 ) (-1648 -384 352 ) (-1648 -640 352 ) (-1664 -640 352 ) 
4 232 233 (-1648 -128 0 ) (-1024 -128 0 ) (-1024 -128 352 ) (-1648 -128 352 ) 
4 233 235 (-1648 -256 0 ) (-1024 -256 0 ) (-1024 -256 352 ) (-1648 -256 352 ) 
4 233 234 (-1648 -128 96 ) (-1648 -128 0 ) (-1648 -256 0 ) (-1648 -256 96 ) 
4 234 237 (-1664 -128 0 ) (-1664 -256 0 ) (-1664 -256 96 ) (-1664 -128 96 ) 
4 235 240 (-1024 -384 0 ) (-1024 -640 0 ) (-1648 -640 0 ) (-1648 -384 0 ) 
4 235 236 (-1648 -384 0 ) (-1648 -640 0 ) (-1648 -640 352 ) (-1648 -384 352 ) 
4 236 240 (-1648 -640 0 ) (-1664 -640 0 ) (-1664 -384 0 ) (-1648 -384 0 ) 
4 236 239 (-1664 -384 0 ) (-1664 -640 0 ) (-1664 -640 352 ) (-1664 -384 352 ) 
5 237 238 (-1920 -256 0 ) (-1920 -368 0 ) (-1920 -368 352 ) (-1920 0 352 ) (-1920 0 64 ) 
4 239 260 (-2048 -432 0 ) (-2048 -640 0 ) (-2048 -640 96 ) (-2048 -432 96 ) 
4 239 259 (-2048 -384 0 ) (-2048 -432 0 ) (-2048 -432 96 ) (-2048 -384 96 ) 
4 239 258 (-2048 -640 96 ) (-2048 -640 256 ) (-2048 -432 256 ) (-2048 -432 96 ) 
4 239 256 (-2048 -432 256 ) (-2048 -384 256 ) (-2048 -384 96 ) (-2048 -432 96 ) 
4 239 250 (-2048 -640 256 ) (-2048 -640 352 ) (-2048 -432 352 ) (-2048 -432 256 ) 
4 239 247 (-2048 -384 320 ) (-2048 -384 256 ) (-2048 -432 256 ) (-2048 -432 320 ) 
4 239 244 (-2048 -432 352 ) (-2048 -384 352 ) (-2048 -384 320 ) (-2048 -432 320 ) 
4 239 240 (-1664 -384 0 ) (-1664 -640 0 ) (-2048 -640 0 ) (-2048 -384 0 ) 
4 240 260 (-2048 -432 -384 ) (-2048 -640 -384 ) (-2048 -640 0 ) (-2048 -432 0 ) 
4 240 259 (-2048 -384 -384 ) (-2048 -432 -384 ) (-2048 -432 0 ) (-2048 -384 0 ) 
4 241 242 (-32 -1280 176 ) (-32 -1280 1024 ) (-32 -1024 1024 ) (-32 -1024 176 ) 
4 243 250 (-2048 -432 656 ) (-2048 -432 1024 ) (-2096 -432 1024 ) (-2096 -432 656 ) 
4 243 245 (-2096 -432 656 ) (-2096 -432 1024 ) (-2096 0 1024 ) (-2096 0 676.903198 ) 
4 244 250 (-2096 -432 320 ) (-2048 -432 320 ) (-2048 -432 640 ) (-2096 -432 640 ) 
4 244 246 (-2096 -384 320 ) (-2096 0 320 ) (-2048 0 320 ) (-2048 -384 320 ) 
4 244 247 (-2048 -432 320 ) (-2096 -432 320 ) (-2096 -384 320 ) (-2048 -384 320 ) 
4 244 245 (-2096 0 320 ) (-2096 -432 320 ) (-2096 -432 640 ) (-2096 0 640 ) 
4 245 265 (-3072 -432 512 ) (-3072 -432 1024 ) (-3072 -416 1024 ) (-3072 -416 512 ) 
4 245 264 (-3072 -416 512 ) (-3072 -416 1024 ) (-3072 -336 1024 ) (-3072 -336 512 ) 
4 245 262 (-3072 -336 512 ) (-3072 -336 1024 ) (-3072 -144 1024 ) (-3072 -144 512 ) 
4 245 263 (-3072 -144 320 ) (-3072 -336 320 ) (-3072 -336 448 ) (-3072 -144 448 ) 
4 245 261 (-3072 0 1024 ) (-3072 0 512 ) (-3072 -144 512 ) (-3072 -144 1024 ) 
4 245 251 (-3072 -432 1024 ) (-3072 -432 640 ) (-2304 -432 640 ) (-2304 -432 1024 ) 
4 245 250 (-2304 -432 320 ) (-2096 -432 320 ) (-2096 -432 1024 ) (-2304 -432 1024 ) 
4 245 249 (-3072 -144 320 ) (-3072 0 320 ) (-2880 0 320 ) (-2880 -144 320 ) 
4 245 246 (-2416 -384 320 ) (-2416 0 320 ) (-2096 0 320 ) (-2096 -384 320 ) 
4 245 247 (-2096 -432 320 ) (-2416 -432 320 ) (-2416 -384 320 ) (-2096 -384 320 ) 
4 245 248 (-2416 -432 320 ) (-2880 -432 320 ) (-2880 0 320 ) (-2416 0 320 ) 
4 246 247 (-2416 -384 320 ) (-2416 -384 272 ) (-2048 -384 272 ) (-2048 -384 320 ) 
4 246 248 (-2416 -384 272 ) (-2416 -384 320 ) (-2416 0 320 ) (-2416 0 272 ) 
4 247 256 (-2048 -384 256 ) (-2048 -432 256 ) (-2416 -432 256 ) (-2416 -384 256 ) 
4 247 250 (-2304 -432 256 ) (-2048 -432 256 ) (-2048 -432 320 ) (-2304 -432 320 ) 
4 247 248 (-2416 -384 256 ) (-2416 -432 256 ) (-2416 -432 320 ) (-2416 -384 320 ) 
4 248 257 (-2880 0 256 ) (-2416 0 256 ) (-2416 -432 256 ) (-2880 -432 256 ) 
3 248 249 (-2880 0 256 ) (-2880 -144 320 ) (-2880 0 320 ) 
4 250 258 (-2304 -432 256 ) (-2048 -432 256 ) (-2048 -640 256 ) (-2304 -640 256 ) 
4 250 251 (-2304 -640 640 ) (-2304 -640 1024 ) (-2304 -432 1024 ) (-2304 -432 640 ) 
4 251 266 (-3072 -640 640 ) (-3072 -640 1024 ) (-3072 -432 1024 ) (-3072 -432 640 ) 
4 252 253 (-2400 -128 96 ) (-2048 -128 96 ) (-2048 -128 256 ) (-2400 -128 256 ) 
4 253 255 (-2400 -336 96 ) (-2048 -336 96 ) (-2048 -336 256 ) (-2400 -336 256 ) 
4 253 254 (-2400 -128 208 ) (-2400 -128 96 ) (-2400 -336 96 ) (-2400 -336 208 ) 
4 254 257 (-2416 -128 96 ) (-2416 -336 96 ) (-2416 -336 208 ) (-2416 -128 208 ) 
4 256 259 (-2048 -384 96 ) (-2048 -432 96 ) (-2304 -432 96 ) (-2304 -384 96 ) 
4 256 258 (-2304 -432 96 ) (-2048 -432 96 ) (-2048 -432 256 ) (-2304 -432 256 ) 
4 256 257 (-2416 -384 96 ) (-2416 -432 96 ) (-2416 -432 256 ) (-2416 -384 256 ) 
4 258 260 (-2304 -432 96 ) (-2048 -432 96 ) (-2048 -640 96 ) (-2304 -640 96 ) 
4 259 260 (-2304 -432 -384 ) (-2048 -432 -384 ) (-2048 -432 96 ) (-2304 -432 96 ) 
4 261 267 (-3088 -144 512 ) (-3088 -144 1024 ) (-3088 0 1024 ) (-3088 0 512 ) 
4 261 262 (-3088 -144 1024 ) (-3088 -144 512 ) (-3072 -144 512 ) (-3072 -144 1024 ) 
4 262 267 (-3088 -336 512 ) (-3088 -336 1024 ) (-3088 -144 1024 ) (-3088 -144 512 ) 
4 262 264 (-3088 -336 1024 ) (-3088 -336 512 ) (-3072 -336 512 ) (-3072 -336 1024 ) 
4 263 269 (-3088 -336 320 ) (-3088 -336 448 ) (-3088 -144 448 ) (-3088 -144 320 ) 
4 264 267 (-3088 -416 512 ) (-3088 -416 1024 ) (-3088 -336 1024 ) (-3088 -336 512 ) 
4 264 265 (-3088 -416 1024 ) (-3088 -416 512 ) (-3072 -416 512 ) (-3072 -416 1024 ) 
4 265 271 (-3088 -432 512 ) (-3088 -432 1024 ) (-3088 -416 1024 ) (-3088 -416 512 ) 
4 265 266 (-3072 -432 1024 ) (-3088 -432 1024 ) (-3088 -432 640 ) (-3072 -432 640 ) 
4 266 273 (-3088 -640 640 ) (-3088 -640 1024 ) (-3088 -432 1024 ) (-3088 -432 640 ) 
4 267 272 (-3440 -416 512 ) (-3440 -416 1024 ) (-3440 0 1024 ) (-3440 0 512 ) 
4 267 271 (-3440 -416 1024 ) (-3440 -416 512 ) (-3088 -416 512 ) (-3088 -416 1024 ) 
5 268 269 (-3088 -144 320 ) (-3088 -144 496 ) (-3440 -144 496 ) (-3440 -144 256 ) (-3216 -144 256 ) 
5 269 270 (-3088 -336 320 ) (-3088 -336 496 ) (-3440 -336 496 ) (-3440 -336 256 ) (-3216 -336 256 ) 
4 271 273 (-3088 -432 640 ) (-3088 -432 1024 ) (-3440 -432 1024 ) (-3440 -432 640 ) 
4 271 272 (-3440 -432 512 ) (-3440 -432 1024 ) (-3440 -416 1024 ) (-3440 -416 512 ) 
4 272 274 (-3456 -432 640 ) (-3456 -432 1024 ) (-3456 0 1024 ) (-3456 0 640 ) 
4 272 273 (-3456 -432 1024 ) (-3456 -432 640 ) (-3440 -432 640 ) (-3440 -432 1024 ) 
4 273 274 (-3456 -640 640 ) (-3456 -640 1024 ) (-3456 -432 1024 ) (-3456 -432 640 ) 
