


materialPath: D:\Program Files (x86)\Steam\steamapps\common\Team Fortress 2\tf\materials
Loading d:\documents\mapping\tf2\tf2-maps\highway\a3\koth_highway_a3.vmf
ConVarRef mat_reduceparticles doesn't point to an existing ConVar
fixing up env_cubemap materials on brush sides...
0...1...2...3...4...5...6...7...8...9...100...1...2...3...4...5...6...7...8...9...10Processing areas...done (0)
Building Faces...done (0)
Chop Details...done (0)
Find Visible Detail Sides...done (0)
Merging details...done (0)
FixTjuncs...
PruneNodes...
WriteBSP...
done (0)
writing d:\documents\mapping\tf2\tf2-maps\highway\a3\koth_highway_a3.prt...Building visibility clusters...
done (0)
*** Error: Skybox vtf files for skybox/sky_gravel_01 weren't compiled with the same size texture and/or same flags!
Can't load skybox file skybox/sky_gravel_01 to build the default cubemap!
*** Error: Skybox vtf files for skybox/sky_gravel_01 weren't compiled with the same size texture and/or same flags!
Can't load skybox file skybox/sky_gravel_01 to build the default cubemap!
Finding displacement neighbors...
Finding lightmap sample positions...
Displacement Alpha : 0...1...2...3...4...5...6...7...8...9...10
Building Physics collision data...
done (0) (95560 bytes)
Placing detail props : 0...1...2...3...4...5...6...7...8...9...10
Compacting texture/material tables...
Reduced 187 texinfos to 114
Reduced 18 texdatas to 17 (381 bytes to 363)
Writing d:\documents\mapping\tf2\tf2-maps\highway\a3\koth_highway_a3.bsp
MSG_FILEWRITE - Filesystem was asked to write to 'd:\documents\mapping\tf2\tf2-maps\highway\a3\koth_highway_a3.bsp', but we don't own that location. Allowing.
ZIP Output overshot buffer estimate: Estimated 0, actual 54
0 seconds elapsed



4 threads
reading d:\documents\mapping\tf2\tf2-maps\highway\a3\koth_highway_a3.bsp
reading d:\documents\mapping\tf2\tf2-maps\highway\a3\koth_highway_a3.prt
 266 portalclusters
 695 numportals
0...1...2...3...4...5...6...7...8...9...10Optimized: 1698 visible clusters (2.66%)
Total clusters visible: 63778
Average clusters visible: 239
Building PAS...
Average clusters audible: 266
visdatasize:20174  compressed from 21280
writing d:\documents\mapping\tf2\tf2-maps\highway\a3\koth_highway_a3.bsp
MSG_FILEWRITE - Filesystem was asked to write to 'd:\documents\mapping\tf2\tf2-maps\highway\a3\koth_highway_a3.bsp', but we don't own that location. Allowing.
ZIP Output overshot buffer estimate: Estimated 0, actual 54
0 seconds elapsed



[Reading texlights from 'lights.rad']
[56 texlights parsed from 'lights.rad']

Loading d:\documents\mapping\tf2\tf2-maps\highway\a3\koth_highway_a3.bsp
1055 faces
718594 square feet [103477584.00 square inches]
0 Displacements
0 Square Feet [0.00 Square Inches]
1055 patches before subdivision
39991 patches after subdivision
24 direct lights
0...1...2...3...4...5...6...7...8...9...100...1...2...3...4...5...6...7...8...9...10transfers 2584766, max 356
transfer lists:  19.7 megs
0...1...2...3...4...5...6...7...8...9...10	Bounce #1 added RGB(374557, 310841, 341674)
0...1...2...3...4...5...6...7...8...9...10	Bounce #2 added RGB(72055, 58871, 64355)
Build Patch/Sample Hash Table(s).....Done<0.0107 sec>
0...1...2...3...4...5...6...7...8...9...10FinalLightFace Done
0 of 0 (0% of) surface lights went in leaf ambient cubes.
0...1...2...3...4...5...6...7...8...9...10Writing leaf ambient...done
Ready to Finish

Object names       Objects/Maxobjs  Memory / Maxmem  Fullness 
------------       ---------------  ---------------  -------- 
models                  26/1024         1248/49152    ( 2.5%) 
brushes                263/8192         3156/98304    ( 3.2%) 
brushsides            1646/65536       13168/524288   ( 2.5%) 
planes                 604/65536       12080/1310720  ( 0.9%) 
vertexes              1712/65536       20544/786432   ( 2.6%) 
nodes                  790/65536       25280/2097152  ( 1.2%) 
texinfos               114/12288        8208/884736   ( 0.9%) 
texdata                 17/2048          544/65536    ( 0.8%) 
dispinfos                0/0               0/0        ( 0.0%) 
disp_verts               0/0               0/0        ( 0.0%) 
disp_tris                0/0               0/0        ( 0.0%) 
disp_lmsamples           0/0               0/0        ( 0.0%) 
faces                 1055/65536       59080/3670016  ( 1.6%) 
hdr faces                0/65536           0/3670016  ( 0.0%) 
origfaces              618/65536       34608/3670016  ( 0.9%) 
leaves                 817/65536       26144/2097152  ( 1.2%) 
leaffaces             1282/65536        2564/131072   ( 2.0%) 
leafbrushes            611/65536        1222/131072   ( 0.9%) 
areas                    2/256            16/2048     ( 0.8%) 
surfedges             7449/512000      29796/2048000  ( 1.5%) 
edges                 4260/256000      17040/1024000  ( 1.7%) 
LDR worldlights         24/8192         2112/720896   ( 0.3%) 
HDR worldlights          0/8192            0/720896   ( 0.0%) 
leafwaterdata            0/32768           0/393216   ( 0.0%) 
waterstrips            105/32768        1050/327680   ( 0.3%) 
waterverts               0/65536           0/786432   ( 0.0%) 
waterindices          1461/65536        2922/131072   ( 2.2%) 
cubemapsamples           0/1024            0/16384    ( 0.0%) 
overlays                12/512          4224/180224   ( 2.3%) 
LDR lightdata         [variable]      717220/0        ( 0.0%) 
HDR lightdata         [variable]           0/0        ( 0.0%) 
visdata               [variable]       20174/16777216 ( 0.1%) 
entdata               [variable]       31769/393216   ( 8.1%) 
LDR ambient table      817/65536        3268/262144   ( 1.2%) 
HDR ambient table      817/65536        3268/262144   ( 1.2%) 
LDR leaf ambient      4640/65536      129920/1835008  ( 7.1%) 
HDR leaf ambient       817/65536       22876/1835008  ( 1.2%) 
occluders                0/0               0/0        ( 0.0%) 
occluder polygons        0/0               0/0        ( 0.0%) 
occluder vert ind        0/0               0/0        ( 0.0%) 
detail props          [variable]           1/12       ( 8.3%) 
static props          [variable]           1/5698     ( 0.0%) 
pakfile               [variable]          54/0        ( 0.0%) 
physics               [variable]       95560/4194304  ( 2.3%) 
physics terrain       [variable]           2/1048576  ( 0.0%) 

Level flags = 0

Total triangle count: 2864
Writing d:\documents\mapping\tf2\tf2-maps\highway\a3\koth_highway_a3.bsp
ZIP Output overshot buffer estimate: Estimated 0, actual 54
5 seconds elapsed



materialPath: D:\Program Files (x86)\Steam\steamapps\common\Team Fortress 2\tf\materials
Loading d:\documents\mapping\tf2\tf2-maps\highway\a3\koth_highway_a3.vmf
ConVarRef mat_reduceparticles doesn't point to an existing ConVar
fixing up env_cubemap materials on brush sides...
0...1...2...3...4...5...6...7...8...9...100...1...2...3...4...5...6...7...8...9...10Processing areas...done (0)
Building Faces...done (0)
Chop Details...done (0)
Find Visible Detail Sides...done (0)
Merging details...done (0)
FixTjuncs...
PruneNodes...
WriteBSP...
done (0)
writing d:\documents\mapping\tf2\tf2-maps\highway\a3\koth_highway_a3.prt...Building visibility clusters...
done (0)
*** Error: Skybox vtf files for skybox/sky_gravel_01 weren't compiled with the same size texture and/or same flags!
Can't load skybox file skybox/sky_gravel_01 to build the default cubemap!
*** Error: Skybox vtf files for skybox/sky_gravel_01 weren't compiled with the same size texture and/or same flags!
Can't load skybox file skybox/sky_gravel_01 to build the default cubemap!
Finding displacement neighbors...
Finding lightmap sample positions...
Displacement Alpha : 0...1...2...3...4...5...6...7...8...9...10
Building Physics collision data...
done (0) (98808 bytes)
Placing detail props : 0...1...2...3...4...5...6...7...8...9...10
Compacting texture/material tables...
Reduced 209 texinfos to 123
Reduced 19 texdatas to 18 (405 bytes to 387)
Writing d:\documents\mapping\tf2\tf2-maps\highway\a3\koth_highway_a3.bsp
MSG_FILEWRITE - Filesystem was asked to write to 'd:\documents\mapping\tf2\tf2-maps\highway\a3\koth_highway_a3.bsp', but we don't own that location. Allowing.
ZIP Output overshot buffer estimate: Estimated 0, actual 54
0 seconds elapsed



4 threads
reading d:\documents\mapping\tf2\tf2-maps\highway\a3\koth_highway_a3.bsp
reading d:\documents\mapping\tf2\tf2-maps\highway\a3\koth_highway_a3.prt
 273 portalclusters
 713 numportals
0...1...2...3...4...5...6...7...8...9...10Optimized: 1736 visible clusters (2.58%)
Total clusters visible: 67307
Average clusters visible: 246
Building PAS...
Average clusters audible: 273
visdatasize:21249  compressed from 21840
writing d:\documents\mapping\tf2\tf2-maps\highway\a3\koth_highway_a3.bsp
MSG_FILEWRITE - Filesystem was asked to write to 'd:\documents\mapping\tf2\tf2-maps\highway\a3\koth_highway_a3.bsp', but we don't own that location. Allowing.
ZIP Output overshot buffer estimate: Estimated 0, actual 54
0 seconds elapsed



[Reading texlights from 'lights.rad']
[56 texlights parsed from 'lights.rad']

Loading d:\documents\mapping\tf2\tf2-maps\highway\a3\koth_highway_a3.bsp
1060 faces
721164 square feet [103847688.00 square inches]
0 Displacements
0 Square Feet [0.00 Square Inches]
1060 patches before subdivision
41688 patches after subdivision
24 direct lights
0...1...2...3...4...5...6...7...8...9...100...1...2...3...4...5...6...7...8...9...10transfers 2694267, max 377
transfer lists:  20.6 megs
0...1...2...3...4...5...6...7...8...9...10	Bounce #1 added RGB(390040, 324694, 358046)
0...1...2...3...4...5...6...7...8...9...10	Bounce #2 added RGB(74606, 61284, 67155)
Build Patch/Sample Hash Table(s).....Done<0.0078 sec>
0...1...2...3...4...5...6...7...8...9...10FinalLightFace Done
0 of 0 (0% of) surface lights went in leaf ambient cubes.
0...1...2...3...4...5...6...7...8...9...10Writing leaf ambient...done
Ready to Finish

Object names       Objects/Maxobjs  Memory / Maxmem  Fullness 
------------       ---------------  ---------------  -------- 
models                  26/1024         1248/49152    ( 2.5%) 
brushes                271/8192         3252/98304    ( 3.3%) 
brushsides            1694/65536       13552/524288   ( 2.6%) 
planes                 622/65536       12440/1310720  ( 0.9%) 
vertexes              1741/65536       20892/786432   ( 2.7%) 
nodes                  791/65536       25312/2097152  ( 1.2%) 
texinfos               123/12288        8856/884736   ( 1.0%) 
texdata                 18/2048          576/65536    ( 0.9%) 
dispinfos                0/0               0/0        ( 0.0%) 
disp_verts               0/0               0/0        ( 0.0%) 
disp_tris                0/0               0/0        ( 0.0%) 
disp_lmsamples           0/0               0/0        ( 0.0%) 
faces                 1060/65536       59360/3670016  ( 1.6%) 
hdr faces                0/65536           0/3670016  ( 0.0%) 
origfaces              629/65536       35224/3670016  ( 1.0%) 
leaves                 818/65536       26176/2097152  ( 1.2%) 
leaffaces             1274/65536        2548/131072   ( 1.9%) 
leafbrushes            621/65536        1242/131072   ( 0.9%) 
areas                    2/256            16/2048     ( 0.8%) 
surfedges             7501/512000      30004/2048000  ( 1.5%) 
edges                 4302/256000      17208/1024000  ( 1.7%) 
LDR worldlights         24/8192         2112/720896   ( 0.3%) 
HDR worldlights          0/8192            0/720896   ( 0.0%) 
leafwaterdata            0/32768           0/393216   ( 0.0%) 
waterstrips            103/32768        1030/327680   ( 0.3%) 
waterverts               0/65536           0/786432   ( 0.0%) 
waterindices          1407/65536        2814/131072   ( 2.1%) 
cubemapsamples           0/1024            0/16384    ( 0.0%) 
overlays                12/512          4224/180224   ( 2.3%) 
LDR lightdata         [variable]      724572/0        ( 0.0%) 
HDR lightdata         [variable]           0/0        ( 0.0%) 
visdata               [variable]       21249/16777216 ( 0.1%) 
entdata               [variable]       29287/393216   ( 7.4%) 
LDR ambient table      818/65536        3272/262144   ( 1.2%) 
HDR ambient table      818/65536        3272/262144   ( 1.2%) 
LDR leaf ambient      4717/65536      132076/1835008  ( 7.2%) 
HDR leaf ambient       818/65536       22904/1835008  ( 1.2%) 
occluders                0/0               0/0        ( 0.0%) 
occluder polygons        0/0               0/0        ( 0.0%) 
occluder vert ind        0/0               0/0        ( 0.0%) 
detail props          [variable]           1/12       ( 8.3%) 
static props          [variable]           1/6706     ( 0.0%) 
pakfile               [variable]          54/0        ( 0.0%) 
physics               [variable]       98808/4194304  ( 2.4%) 
physics terrain       [variable]           2/1048576  ( 0.0%) 

Level flags = 0

Total triangle count: 2862
Writing d:\documents\mapping\tf2\tf2-maps\highway\a3\koth_highway_a3.bsp
ZIP Output overshot buffer estimate: Estimated 0, actual 54
5 seconds elapsed



materialPath: D:\Program Files (x86)\Steam\steamapps\common\Team Fortress 2\tf\materials
Loading d:\documents\mapping\tf2\tf2-maps\highway\a3\koth_highway_a3.vmf
ConVarRef mat_reduceparticles doesn't point to an existing ConVar
fixing up env_cubemap materials on brush sides...
0...1...2...3...4...5...6...7...8...9...100...1...2...3...4...5...6...7...8...9...10Processing areas...done (0)
Building Faces...done (0)
Chop Details...done (0)
Find Visible Detail Sides...done (0)
Merging details...done (0)
FixTjuncs...
PruneNodes...
WriteBSP...
done (0)
writing d:\documents\mapping\tf2\tf2-maps\highway\a3\koth_highway_a3.prt...Building visibility clusters...
done (0)
*** Error: Skybox vtf files for skybox/sky_gravel_01 weren't compiled with the same size texture and/or same flags!
Can't load skybox file skybox/sky_gravel_01 to build the default cubemap!
*** Error: Skybox vtf files for skybox/sky_gravel_01 weren't compiled with the same size texture and/or same flags!
Can't load skybox file skybox/sky_gravel_01 to build the default cubemap!
Finding displacement neighbors...
Finding lightmap sample positions...
Displacement Alpha : 0...1...2...3...4...5...6...7...8...9...10
Building Physics collision data...
done (0) (103244 bytes)
Placing detail props : 0...1...2...3...4...5...6...7...8...9...10
Compacting texture/material tables...
Reduced 239 texinfos to 147
Reduced 19 texdatas to 18 (405 bytes to 387)
Writing d:\documents\mapping\tf2\tf2-maps\highway\a3\koth_highway_a3.bsp
MSG_FILEWRITE - Filesystem was asked to write to 'd:\documents\mapping\tf2\tf2-maps\highway\a3\koth_highway_a3.bsp', but we don't own that location. Allowing.
ZIP Output overshot buffer estimate: Estimated 0, actual 54
0 seconds elapsed



4 threads
reading d:\documents\mapping\tf2\tf2-maps\highway\a3\koth_highway_a3.bsp
reading d:\documents\mapping\tf2\tf2-maps\highway\a3\koth_highway_a3.prt
 273 portalclusters
 713 numportals
0...1...2...3...4...5...6...7...8...9...10Optimized: 1736 visible clusters (2.58%)
Total clusters visible: 67307
Average clusters visible: 246
Building PAS...
Average clusters audible: 273
visdatasize:21249  compressed from 21840
writing d:\documents\mapping\tf2\tf2-maps\highway\a3\koth_highway_a3.bsp
MSG_FILEWRITE - Filesystem was asked to write to 'd:\documents\mapping\tf2\tf2-maps\highway\a3\koth_highway_a3.bsp', but we don't own that location. Allowing.
ZIP Output overshot buffer estimate: Estimated 0, actual 54
0 seconds elapsed



[Reading texlights from 'lights.rad']
[56 texlights parsed from 'lights.rad']

Loading d:\documents\mapping\tf2\tf2-maps\highway\a3\koth_highway_a3.bsp
1108 faces
745491 square feet [107350792.00 square inches]
0 Displacements
0 Square Feet [0.00 Square Inches]
1108 patches before subdivision
41736 patches after subdivision
24 direct lights
0...1...2...3...4...5...6...7...8...9...100...1...2...3...4...5...6...7...8...9...10transfers 2697895, max 377
transfer lists:  20.6 megs
0...1...2...3...4...5...6...7...8...9...10	Bounce #1 added RGB(390694, 325081, 358481)
0...1...2...3...4...5...6...7...8...9...10	Bounce #2 added RGB(74709, 61333, 67216)
Build Patch/Sample Hash Table(s).....Done<0.0075 sec>
0...1...2...3...4...5...6...7...8...9...10FinalLightFace Done
0 of 0 (0% of) surface lights went in leaf ambient cubes.
0...1...2...3...4...5...6...7...8...9...10Writing leaf ambient...done
Ready to Finish

Object names       Objects/Maxobjs  Memory / Maxmem  Fullness 
------------       ---------------  ---------------  -------- 
models                  34/1024         1632/49152    ( 3.3%) 
brushes                279/8192         3348/98304    ( 3.4%) 
brushsides            1742/65536       13936/524288   ( 2.7%) 
planes                 646/65536       12920/1310720  ( 1.0%) 
vertexes              1805/65536       21660/786432   ( 2.8%) 
nodes                  839/65536       26848/2097152  ( 1.3%) 
texinfos               147/12288       10584/884736   ( 1.2%) 
texdata                 18/2048          576/65536    ( 0.9%) 
dispinfos                0/0               0/0        ( 0.0%) 
disp_verts               0/0               0/0        ( 0.0%) 
disp_tris                0/0               0/0        ( 0.0%) 
disp_lmsamples           0/0               0/0        ( 0.0%) 
faces                 1108/65536       62048/3670016  ( 1.7%) 
hdr faces                0/65536           0/3670016  ( 0.0%) 
origfaces              677/65536       37912/3670016  ( 1.0%) 
leaves                 874/65536       27968/2097152  ( 1.3%) 
leaffaces             1322/65536        2644/131072   ( 2.0%) 
leafbrushes            629/65536        1258/131072   ( 1.0%) 
areas                    2/256            16/2048     ( 0.8%) 
surfedges             7885/512000      31540/2048000  ( 1.5%) 
edges                 4494/256000      17976/1024000  ( 1.8%) 
LDR worldlights         24/8192         2112/720896   ( 0.3%) 
HDR worldlights          0/8192            0/720896   ( 0.0%) 
leafwaterdata            0/32768           0/393216   ( 0.0%) 
waterstrips            103/32768        1030/327680   ( 0.3%) 
waterverts               0/65536           0/786432   ( 0.0%) 
waterindices          1407/65536        2814/131072   ( 2.1%) 
cubemapsamples           0/1024            0/16384    ( 0.0%) 
overlays                12/512          4224/180224   ( 2.3%) 
LDR lightdata         [variable]      724572/0        ( 0.0%) 
HDR lightdata         [variable]           0/0        ( 0.0%) 
visdata               [variable]       21249/16777216 ( 0.1%) 
entdata               [variable]       31338/393216   ( 8.0%) 
LDR ambient table      874/65536        3496/262144   ( 1.3%) 
HDR ambient table      874/65536        3496/262144   ( 1.3%) 
LDR leaf ambient      4983/65536      139524/1835008  ( 7.6%) 
HDR leaf ambient       874/65536       24472/1835008  ( 1.3%) 
occluders                0/0               0/0        ( 0.0%) 
occluder polygons        0/0               0/0        ( 0.0%) 
occluder vert ind        0/0               0/0        ( 0.0%) 
detail props          [variable]           1/12       ( 8.3%) 
static props          [variable]           1/6706     ( 0.0%) 
pakfile               [variable]          54/0        ( 0.0%) 
physics               [variable]      103244/4194304  ( 2.5%) 
physics terrain       [variable]           2/1048576  ( 0.0%) 

Level flags = 0

Total triangle count: 2958
Writing d:\documents\mapping\tf2\tf2-maps\highway\a3\koth_highway_a3.bsp
ZIP Output overshot buffer estimate: Estimated 0, actual 54
4 seconds elapsed



materialPath: D:\Program Files (x86)\Steam\steamapps\common\Team Fortress 2\tf\materials
Loading D:\Documents\Mapping\tf2\TF2-Maps\Highway\A3\koth_highway_a3.vmf
ConVarRef mat_reduceparticles doesn't point to an existing ConVar
fixing up env_cubemap materials on brush sides...
0...1...2...3...4...5...6...7...8...9...100...1...2...3...4...5...6...7...8...9...10Processing areas...done (0)
Building Faces...done (0)
Chop Details...done (0)
Find Visible Detail Sides...done (0)
Merging details...done (0)
FixTjuncs...
PruneNodes...
WriteBSP...
done (0)
writing D:\Documents\Mapping\tf2\TF2-Maps\Highway\A3\koth_highway_a3.prt...Building visibility clusters...
done (0)
*** Error: Skybox vtf files for skybox/sky_gravel_01 weren't compiled with the same size texture and/or same flags!
Can't load skybox file skybox/sky_gravel_01 to build the default cubemap!
*** Error: Skybox vtf files for skybox/sky_gravel_01 weren't compiled with the same size texture and/or same flags!
Can't load skybox file skybox/sky_gravel_01 to build the default cubemap!
Finding displacement neighbors...
Finding lightmap sample positions...
Displacement Alpha : 0...1...2...3...4...5...6...7...8...9...10
Building Physics collision data...
done (0) (103244 bytes)
Placing detail props : 0...1...2...3...4...5...6...7...8...9...10
Compacting texture/material tables...
Reduced 249 texinfos to 147
Reduced 24 texdatas to 18 (725 bytes to 457)
Writing D:\Documents\Mapping\tf2\TF2-Maps\Highway\A3\koth_highway_a3.bsp
MSG_FILEWRITE - Filesystem was asked to write to 'D:\Documents\Mapping\tf2\TF2-Maps\Highway\A3\koth_highway_a3.bsp', but we don't own that location. Allowing.
Wrote ZIP buffer, estimated size 2922, actual size 2172
0 seconds elapsed



4 threads
reading d:\documents\mapping\tf2\tf2-maps\highway\a3\koth_highway_a3.bsp
reading d:\documents\mapping\tf2\tf2-maps\highway\a3\koth_highway_a3.prt
 275 portalclusters
 713 numportals
0...1...2...3...4...5...6...7...8...9...100...1...2...3...4...5...6...7...8...9...10Optimized: 188 visible clusters (0.41%)
Total clusters visible: 46149
Average clusters visible: 167
Building PAS...
Average clusters audible: 272
visdatasize:20961  compressed from 22000
writing d:\documents\mapping\tf2\tf2-maps\highway\a3\koth_highway_a3.bsp
MSG_FILEWRITE - Filesystem was asked to write to 'd:\documents\mapping\tf2\tf2-maps\highway\a3\koth_highway_a3.bsp', but we don't own that location. Allowing.
2 seconds elapsed



[Reading texlights from 'lights.rad']
[56 texlights parsed from 'lights.rad']

Loading d:\documents\mapping\tf2\tf2-maps\highway\a3\koth_highway_a3.bsp
1112 faces
745643 square feet [107372672.00 square inches]
0 Displacements
0 Square Feet [0.00 Square Inches]
1112 patches before subdivision
41768 patches after subdivision
24 direct lights
0...1...2...3...4...5...6...7...8...9...100...1...2...3...4...5...6...7...8...9...10transfers 2693186, max 383
transfer lists:  20.5 megs
0...1...2...3...4...5...6...7...8...9...10	Bounce #1 added RGB(399211, 332472, 366336)
0...1...2...3...4...5...6...7...8...9...10	Bounce #2 added RGB(77637, 63899, 70040)
0...1...2...3...4...5...6...7...8...9...10	Bounce #3 added RGB(16195, 13450, 14581)
0...1...2...3...4...5...6...7...8...9...10	Bounce #4 added RGB(3703, 3130, 3347)
0...1...2...3...4...5...6...7...8...9...10	Bounce #5 added RGB(894, 773, 816)
0...1...2...3...4...5...6...7...8...9...10	Bounce #6 added RGB(229, 202, 211)
0...1...2...3...4...5...6...7...8...9...10	Bounce #7 added RGB(61, 55, 57)
0...1...2...3...4...5...6...7...8...9...10	Bounce #8 added RGB(17, 15, 16)
0...1...2...3...4...5...6...7...8...9...10	Bounce #9 added RGB(5, 4, 5)
0...1...2...3...4...5...6...7...8...9...10	Bounce #10 added RGB(1, 1, 1)
0...1...2...3...4...5...6...7...8...9...10	Bounce #11 added RGB(0, 0, 0)
Build Patch/Sample Hash Table(s).....Done<0.0098 sec>
0...1...2...3...4...5...6...7...8...9...10FinalLightFace Done
0 of 0 (0% of) surface lights went in leaf ambient cubes.
0...1...2...3...4...5...6...7...8...9...10Writing leaf ambient...done
Computing static prop lighting : 00...1...2...3...4...5...6...7...8...9...10
Ready to Finish

Object names       Objects/Maxobjs  Memory / Maxmem  Fullness 
------------       ---------------  ---------------  -------- 
models                  34/1024         1632/49152    ( 3.3%) 
brushes                279/8192         3348/98304    ( 3.4%) 
brushsides            1736/65536       13888/524288   ( 2.6%) 
planes                 646/65536       12920/1310720  ( 1.0%) 
vertexes              1809/65536       21708/786432   ( 2.8%) 
nodes                  843/65536       26976/2097152  ( 1.3%) 
texinfos               147/12288       10584/884736   ( 1.2%) 
texdata                 18/2048          576/65536    ( 0.9%) 
dispinfos                0/0               0/0        ( 0.0%) 
disp_verts               0/0               0/0        ( 0.0%) 
disp_tris                0/0               0/0        ( 0.0%) 
disp_lmsamples           0/0               0/0        ( 0.0%) 
faces                 1112/65536       62272/3670016  ( 1.7%) 
hdr faces                0/65536           0/3670016  ( 0.0%) 
origfaces              676/65536       37856/3670016  ( 1.0%) 
leaves                 878/65536       28096/2097152  ( 1.3%) 
leaffaces             1326/65536        2652/131072   ( 2.0%) 
leafbrushes            649/65536        1298/131072   ( 1.0%) 
areas                    2/256            16/2048     ( 0.8%) 
surfedges             7897/512000      31588/2048000  ( 1.5%) 
edges                 4504/256000      18016/1024000  ( 1.8%) 
LDR worldlights         24/8192         2112/720896   ( 0.3%) 
HDR worldlights          0/8192            0/720896   ( 0.0%) 
leafwaterdata            0/32768           0/393216   ( 0.0%) 
waterstrips            103/32768        1030/327680   ( 0.3%) 
waterverts               0/65536           0/786432   ( 0.0%) 
waterindices          1416/65536        2832/131072   ( 2.2%) 
cubemapsamples          27/1024          432/16384    ( 2.6%) 
overlays                12/512          4224/180224   ( 2.3%) 
LDR lightdata         [variable]      723944/0        ( 0.0%) 
HDR lightdata         [variable]           0/0        ( 0.0%) 
visdata               [variable]       20961/16777216 ( 0.1%) 
entdata               [variable]       31528/393216   ( 8.0%) 
LDR ambient table      878/65536        3512/262144   ( 1.3%) 
HDR ambient table      878/65536        3512/262144   ( 1.3%) 
LDR leaf ambient      4977/65536      139356/1835008  ( 7.6%) 
HDR leaf ambient       878/65536       24584/1835008  ( 1.3%) 
occluders                0/0               0/0        ( 0.0%) 
occluder polygons        0/0               0/0        ( 0.0%) 
occluder vert ind        0/0               0/0        ( 0.0%) 
detail props          [variable]           1/12       ( 8.3%) 
static props          [variable]           1/6706     ( 0.0%) 
pakfile               [variable]      354844/0        ( 0.0%) 
physics               [variable]      103244/4194304  ( 2.5%) 
physics terrain       [variable]           2/1048576  ( 0.0%) 

Level flags = 1

Total triangle count: 2966
Writing d:\documents\mapping\tf2\tf2-maps\highway\a3\koth_highway_a3.bsp
52 seconds elapsed
