


materialPath: C:\Program Files (x86)\Steam\steamapps\common\Team Fortress 2\tf\materials
Loading c:\users\owner\documents\tf2-maps\casbah\a1\ctf_casbah_a1.vmf
material "+0~tnnl_lgt2" not found.
Material not found!: +0~TNNL_LGT2
ConVarRef mat_reduceparticles doesn't point to an existing ConVar
material "+0~tnnl_lgt4" not found.
Material not found!: +0~TNNL_LGT4
material "{blue" not found.
Material not found!: {BLUE
material "+0~tnnl_lgt3" not found.
Material not found!: +0~TNNL_LGT3
material "+0~tnnl_lgt1" not found.
Material not found!: +0~TNNL_LGT1
material "+a~tnnl_lgt1" not found.
Material not found!: +A~TNNL_LGT1
material "{fence2" not found.
Material not found!: {FENCE2
material "+0~light3a" not found.
Material not found!: +0~LIGHT3A
fixing up env_cubemap materials on brush sides...
0...1...2...3...4...5...6...7...8...9...10**** leaked ****
Entity func_illusionary (2298.00 -672.00 172.00) leaked!
Processing areas...done (0)
Building Faces...done (0)
FixTjuncs...
PruneNodes...
WriteBSP...
done (0)
*** Error: Skybox vtf files for skybox/sky_dustbowl_01 weren't compiled with the same size texture and/or same flags!
Can't load skybox file skybox/sky_dustbowl_01 to build the default cubemap!
*** Error: Skybox vtf files for skybox/sky_dustbowl_01 weren't compiled with the same size texture and/or same flags!
Can't load skybox file skybox/sky_dustbowl_01 to build the default cubemap!
Finding displacement neighbors...
Finding lightmap sample positions...
Displacement Alpha : 0...1...2...3...4...5...6...7...8...9...10
Building Physics collision data...
done (0) (1107076 bytes)
Placing detail props : 0...1...2...3...4...5...6...7...8...9...10
Compacting texture/material tables...
Reduced 477 texinfos to 408
Reduced 88 texdatas to 88 (1432 bytes to 1432)
Writing c:\users\owner\documents\tf2-maps\casbah\a1\ctf_casbah_a1.bsp
MSG_FILEWRITE - Filesystem was asked to write to 'c:\users\owner\documents\tf2-maps\casbah\a1\ctf_casbah_a1.bsp', but we don't own that location. Allowing.
ZIP Output overshot buffer estimate: Estimated 0, actual 54
2 seconds elapsed
CMaterialDict::Shutdown m_MissingList count: 8



4 threads
reading c:\users\owner\documents\tf2-maps\casbah\a1\ctf_casbah_a1.bsp
reading c:\users\owner\documents\tf2-maps\casbah\a1\ctf_casbah_a1.prt
LoadPortals: couldn't read c:\users\owner\documents\tf2-maps\casbah\a1\ctf_casbah_a1.prt



[Reading texlights from 'lights.rad']
[56 texlights parsed from 'lights.rad']

Loading c:\users\owner\documents\tf2-maps\casbah\a1\ctf_casbah_a1.bsp
No vis information, direct lighting only.
10660 faces
19 degenerate faces
1394081 square feet [200747712.00 square inches]
0 Displacements
0 Square Feet [0.00 Square Inches]
27 direct lights
0...1...2...3...4...5...6...7...8...9...10Build Patch/Sample Hash Table(s).....Done<0.0248 sec>
0...1...2...3...4...5...6...7...8...9...10FinalLightFace Done
0 of 0 (0% of) surface lights went in leaf ambient cubes.
0...1...2...3...4...5...6...7...8...9...10Writing leaf ambient...done
Ready to Finish

Object names       Objects/Maxobjs  Memory / Maxmem  Fullness 
------------       ---------------  ---------------  -------- 
models                 101/1024         4848/49152    ( 9.9%) 
brushes               3163/8192        37956/98304    (38.6%) 
brushsides           21101/65536      168808/524288   (32.2%) 
planes                7060/65536      141200/1310720  (10.8%) 
vertexes             17803/65536      213636/786432   (27.2%) 
nodes                 8028/65536      256896/2097152  (12.2%) 
texinfos               408/12288       29376/884736   ( 3.3%) 
texdata                 88/2048         2816/65536    ( 4.3%) 
dispinfos                0/0               0/0        ( 0.0%) 
disp_verts               0/0               0/0        ( 0.0%) 
disp_tris                0/0               0/0        ( 0.0%) 
disp_lmsamples           0/0               0/0        ( 0.0%) 
faces                10660/65536      596960/3670016  (16.3%) 
hdr faces                0/65536           0/3670016  ( 0.0%) 
origfaces             7330/65536      410480/3670016  (11.2%) 
leaves                8130/65536      260160/2097152  (12.4%) 
leaffaces            12166/65536       24332/131072   (18.6%) 
leafbrushes           5166/65536       10332/131072   ( 7.9%) 
areas                    2/256            16/2048     ( 0.8%) 
surfedges            80215/512000     320860/2048000  (15.7%) 
edges                47885/256000     191540/1024000  (18.7%) 
LDR worldlights         27/8192         2376/720896   ( 0.3%) 
HDR worldlights          0/8192            0/720896   ( 0.0%) 
leafwaterdata            0/32768           0/393216   ( 0.0%) 
waterstrips            932/32768        9320/327680   ( 2.8%) 
waterverts               0/65536           0/786432   ( 0.0%) 
waterindices         15252/65536       30504/131072   (23.3%) 
cubemapsamples           0/1024            0/16384    ( 0.0%) 
overlays                 0/512             0/180224   ( 0.0%) 
LDR lightdata         [variable]     2273540/0        ( 0.0%) 
HDR lightdata         [variable]           0/0        ( 0.0%) 
visdata               [variable]           0/16777216 ( 0.0%) 
entdata               [variable]       42035/393216   (10.7%) 
LDR ambient table     8130/65536       32520/262144   (12.4%) 
HDR ambient table     8130/65536       32520/262144   (12.4%) 
LDR leaf ambient     31346/65536      877688/1835008  (47.8%) 
HDR leaf ambient      8130/65536      227640/1835008  (12.4%) 
occluders                0/0               0/0        ( 0.0%) 
occluder polygons        0/0               0/0        ( 0.0%) 
occluder vert ind        0/0               0/0        ( 0.0%) 
detail props          [variable]           1/12       ( 8.3%) 
static props          [variable]           1/12       ( 8.3%) 
pakfile               [variable]          54/0        ( 0.0%) 
physics               [variable]     1107076/4194304  (26.4%) 
physics terrain       [variable]           2/1048576  ( 0.0%) 

Level flags = 0

Total triangle count: 29635
Writing c:\users\owner\documents\tf2-maps\casbah\a1\ctf_casbah_a1.bsp
ZIP Output overshot buffer estimate: Estimated 0, actual 54
30 seconds elapsed



materialPath: C:\Program Files (x86)\Steam\steamapps\common\Team Fortress 2\tf\materials
Loading c:\users\owner\documents\tf2-maps\casbah\a1\ctf_casbah_a1.vmf
material "{blue" not found.
Material not found!: {BLUE
ConVarRef mat_reduceparticles doesn't point to an existing ConVar
material "+0~tnnl_lgt3" not found.
Material not found!: +0~TNNL_LGT3
material "+0~tnnl_lgt1" not found.
Material not found!: +0~TNNL_LGT1
material "+a~tnnl_lgt1" not found.
Material not found!: +A~TNNL_LGT1
material "{fence2" not found.
Material not found!: {FENCE2
material "+0~light3a" not found.
Material not found!: +0~LIGHT3A
fixing up env_cubemap materials on brush sides...
0...1...2...3...4...5...6...7...8...9...10**** leaked ****
Entity func_illusionary (2298.00 -672.00 172.00) leaked!
Processing areas...done (0)
Building Faces...done (0)
Chop Details...done (0)
Find Visible Detail Sides...done (0)
Merging details...done (0)
FixTjuncs...
PruneNodes...
WriteBSP...
done (0)
*** Error: Skybox vtf files for skybox/sky_dustbowl_01 weren't compiled with the same size texture and/or same flags!
Can't load skybox file skybox/sky_dustbowl_01 to build the default cubemap!
*** Error: Skybox vtf files for skybox/sky_dustbowl_01 weren't compiled with the same size texture and/or same flags!
Can't load skybox file skybox/sky_dustbowl_01 to build the default cubemap!
Finding displacement neighbors...
Finding lightmap sample positions...
Displacement Alpha : 0...1...2...3...4...5...6...7...8...9...10
Building Physics collision data...
done (0) (1109272 bytes)
Placing detail props : 0...1...2...3...4...5...6...7...8...9...10
Compacting texture/material tables...
Reduced 487 texinfos to 414
Reduced 88 texdatas to 87 (1452 bytes to 1430)
Writing c:\users\owner\documents\tf2-maps\casbah\a1\ctf_casbah_a1.bsp
MSG_FILEWRITE - Filesystem was asked to write to 'c:\users\owner\documents\tf2-maps\casbah\a1\ctf_casbah_a1.bsp', but we don't own that location. Allowing.
ZIP Output overshot buffer estimate: Estimated 0, actual 54
2 seconds elapsed
CMaterialDict::Shutdown m_MissingList count: 6



4 threads
reading c:\users\owner\documents\tf2-maps\casbah\a1\ctf_casbah_a1.bsp
reading c:\users\owner\documents\tf2-maps\casbah\a1\ctf_casbah_a1.prt
LoadPortals: couldn't read c:\users\owner\documents\tf2-maps\casbah\a1\ctf_casbah_a1.prt



[Reading texlights from 'lights.rad']
[56 texlights parsed from 'lights.rad']

Loading c:\users\owner\documents\tf2-maps\casbah\a1\ctf_casbah_a1.bsp
No vis information, direct lighting only.
10635 faces
19 degenerate faces
1393860 square feet [200715968.00 square inches]
0 Displacements
0 Square Feet [0.00 Square Inches]
32 direct lights
0...1...2...3...4...5...6...7...8...9...10Build Patch/Sample Hash Table(s).....Done<0.0330 sec>
0...1...2...3...4...5...6...7...8...9...10FinalLightFace Done
0 of 0 (0% of) surface lights went in leaf ambient cubes.
0...1...2...3...4...5...6...7...8...9...10Writing leaf ambient...done
Ready to Finish

Object names       Objects/Maxobjs  Memory / Maxmem  Fullness 
------------       ---------------  ---------------  -------- 
models                 101/1024         4848/49152    ( 9.9%) 
brushes               3169/8192        38028/98304    (38.7%) 
brushsides           21137/65536      169096/524288   (32.3%) 
planes                7066/65536      141320/1310720  (10.8%) 
vertexes             17779/65536      213348/786432   (27.1%) 
nodes                 8017/65536      256544/2097152  (12.2%) 
texinfos               414/12288       29808/884736   ( 3.4%) 
texdata                 87/2048         2784/65536    ( 4.2%) 
dispinfos                0/0               0/0        ( 0.0%) 
disp_verts               0/0               0/0        ( 0.0%) 
disp_tris                0/0               0/0        ( 0.0%) 
disp_lmsamples           0/0               0/0        ( 0.0%) 
faces                10635/65536      595560/3670016  (16.2%) 
hdr faces                0/65536           0/3670016  ( 0.0%) 
origfaces             7305/65536      409080/3670016  (11.1%) 
leaves                8119/65536      259808/2097152  (12.4%) 
leaffaces            12125/65536       24250/131072   (18.5%) 
leafbrushes           5294/65536       10588/131072   ( 8.1%) 
areas                    2/256            16/2048     ( 0.8%) 
surfedges            80007/512000     320028/2048000  (15.6%) 
edges                47820/256000     191280/1024000  (18.7%) 
LDR worldlights         32/8192         2816/720896   ( 0.4%) 
HDR worldlights          0/8192            0/720896   ( 0.0%) 
leafwaterdata            0/32768           0/393216   ( 0.0%) 
waterstrips            933/32768        9330/327680   ( 2.8%) 
waterverts               0/65536           0/786432   ( 0.0%) 
waterindices         15264/65536       30528/131072   (23.3%) 
cubemapsamples           0/1024            0/16384    ( 0.0%) 
overlays                 0/512             0/180224   ( 0.0%) 
LDR lightdata         [variable]     2272684/0        ( 0.0%) 
HDR lightdata         [variable]           0/0        ( 0.0%) 
visdata               [variable]           0/16777216 ( 0.0%) 
entdata               [variable]       43484/393216   (11.1%) 
LDR ambient table     8119/65536       32476/262144   (12.4%) 
HDR ambient table     8119/65536       32476/262144   (12.4%) 
LDR leaf ambient     31496/65536      881888/1835008  (48.1%) 
HDR leaf ambient      8119/65536      227332/1835008  (12.4%) 
occluders                0/0               0/0        ( 0.0%) 
occluder polygons        0/0               0/0        ( 0.0%) 
occluder vert ind        0/0               0/0        ( 0.0%) 
detail props          [variable]           1/12       ( 8.3%) 
static props          [variable]           1/12       ( 8.3%) 
pakfile               [variable]          54/0        ( 0.0%) 
physics               [variable]     1109272/4194304  (26.4%) 
physics terrain       [variable]           2/1048576  ( 0.0%) 

Level flags = 0

Total triangle count: 29577
Writing c:\users\owner\documents\tf2-maps\casbah\a1\ctf_casbah_a1.bsp
ZIP Output overshot buffer estimate: Estimated 0, actual 54
30 seconds elapsed



materialPath: C:\Program Files (x86)\Steam\steamapps\common\Team Fortress 2\tf\materials
Loading c:\users\owner\documents\tf2-maps\casbah\a1\ctf_casbah_a1.vmf
material "{blue" not found.
Material not found!: {BLUE
ConVarRef mat_reduceparticles doesn't point to an existing ConVar
material "+0~tnnl_lgt3" not found.
Material not found!: +0~TNNL_LGT3
material "+0~tnnl_lgt1" not found.
Material not found!: +0~TNNL_LGT1
material "+a~tnnl_lgt1" not found.
Material not found!: +A~TNNL_LGT1
material "{fence2" not found.
Material not found!: {FENCE2
material "+0~light3a" not found.
Material not found!: +0~LIGHT3A
fixing up env_cubemap materials on brush sides...
0...1...2...3...4...5...6...7...8...9...10**** leaked ****
Entity func_illusionary (2298.00 -672.00 172.00) leaked!
Processing areas...done (0)
Building Faces...done (0)
Chop Details...done (0)
Find Visible Detail Sides...done (0)
Merging details...done (0)
FixTjuncs...
PruneNodes...
WriteBSP...
done (0)
*** Error: Skybox vtf files for skybox/sky_dustbowl_01 weren't compiled with the same size texture and/or same flags!
Can't load skybox file skybox/sky_dustbowl_01 to build the default cubemap!
*** Error: Skybox vtf files for skybox/sky_dustbowl_01 weren't compiled with the same size texture and/or same flags!
Can't load skybox file skybox/sky_dustbowl_01 to build the default cubemap!
Finding displacement neighbors...
Finding lightmap sample positions...
Displacement Alpha : 0...1...2...3...4...5...6...7...8...9...10
Building Physics collision data...
done (1) (1114728 bytes)
Placing detail props : 0...1...2...3...4...5...6...7...8...9...10
Compacting texture/material tables...
Reduced 488 texinfos to 414
Reduced 88 texdatas to 87 (1452 bytes to 1430)
Writing c:\users\owner\documents\tf2-maps\casbah\a1\ctf_casbah_a1.bsp
MSG_FILEWRITE - Filesystem was asked to write to 'c:\users\owner\documents\tf2-maps\casbah\a1\ctf_casbah_a1.bsp', but we don't own that location. Allowing.
ZIP Output overshot buffer estimate: Estimated 0, actual 54
2 seconds elapsed
CMaterialDict::Shutdown m_MissingList count: 6



4 threads
reading c:\users\owner\documents\tf2-maps\casbah\a1\ctf_casbah_a1.bsp
reading c:\users\owner\documents\tf2-maps\casbah\a1\ctf_casbah_a1.prt
LoadPortals: couldn't read c:\users\owner\documents\tf2-maps\casbah\a1\ctf_casbah_a1.prt



[Reading texlights from 'lights.rad']
[56 texlights parsed from 'lights.rad']

Loading c:\users\owner\documents\tf2-maps\casbah\a1\ctf_casbah_a1.bsp
No vis information, direct lighting only.
10635 faces
19 degenerate faces
1393860 square feet [200715968.00 square inches]
0 Displacements
0 Square Feet [0.00 Square Inches]
32 direct lights
0...1...2...3...4...5...6...7...8...9...10Build Patch/Sample Hash Table(s).....Done<0.0280 sec>
0...1...2...3...4...5...6...7...8...9...10FinalLightFace Done
0 of 0 (0% of) surface lights went in leaf ambient cubes.
0...1...2...3...4...5...6...7...8...9...10Writing leaf ambient...done
Ready to Finish

Object names       Objects/Maxobjs  Memory / Maxmem  Fullness 
------------       ---------------  ---------------  -------- 
models                 101/1024         4848/49152    ( 9.9%) 
brushes               3183/8192        38196/98304    (38.9%) 
brushsides           21225/65536      169800/524288   (32.4%) 
planes                7078/65536      141560/1310720  (10.8%) 
vertexes             17779/65536      213348/786432   (27.1%) 
nodes                 8017/65536      256544/2097152  (12.2%) 
texinfos               414/12288       29808/884736   ( 3.4%) 
texdata                 87/2048         2784/65536    ( 4.2%) 
dispinfos                0/0               0/0        ( 0.0%) 
disp_verts               0/0               0/0        ( 0.0%) 
disp_tris                0/0               0/0        ( 0.0%) 
disp_lmsamples           0/0               0/0        ( 0.0%) 
faces                10635/65536      595560/3670016  (16.2%) 
hdr faces                0/65536           0/3670016  ( 0.0%) 
origfaces             7305/65536      409080/3670016  (11.1%) 
leaves                8119/65536      259808/2097152  (12.4%) 
leaffaces            12125/65536       24250/131072   (18.5%) 
leafbrushes           5356/65536       10712/131072   ( 8.2%) 
areas                    2/256            16/2048     ( 0.8%) 
surfedges            80007/512000     320028/2048000  (15.6%) 
edges                47820/256000     191280/1024000  (18.7%) 
LDR worldlights         32/8192         2816/720896   ( 0.4%) 
HDR worldlights          0/8192            0/720896   ( 0.0%) 
leafwaterdata            0/32768           0/393216   ( 0.0%) 
waterstrips            933/32768        9330/327680   ( 2.8%) 
waterverts               0/65536           0/786432   ( 0.0%) 
waterindices         15264/65536       30528/131072   (23.3%) 
cubemapsamples           0/1024            0/16384    ( 0.0%) 
overlays                 0/512             0/180224   ( 0.0%) 
LDR lightdata         [variable]     2272684/0        ( 0.0%) 
HDR lightdata         [variable]           0/0        ( 0.0%) 
visdata               [variable]           0/16777216 ( 0.0%) 
entdata               [variable]       43484/393216   (11.1%) 
LDR ambient table     8119/65536       32476/262144   (12.4%) 
HDR ambient table     8119/65536       32476/262144   (12.4%) 
LDR leaf ambient     31496/65536      881888/1835008  (48.1%) 
HDR leaf ambient      8119/65536      227332/1835008  (12.4%) 
occluders                0/0               0/0        ( 0.0%) 
occluder polygons        0/0               0/0        ( 0.0%) 
occluder vert ind        0/0               0/0        ( 0.0%) 
detail props          [variable]           1/12       ( 8.3%) 
static props          [variable]           1/12       ( 8.3%) 
pakfile               [variable]          54/0        ( 0.0%) 
physics               [variable]     1114728/4194304  (26.6%) 
physics terrain       [variable]           2/1048576  ( 0.0%) 

Level flags = 0

Total triangle count: 29577
Writing c:\users\owner\documents\tf2-maps\casbah\a1\ctf_casbah_a1.bsp
ZIP Output overshot buffer estimate: Estimated 0, actual 54
31 seconds elapsed



materialPath: C:\Program Files (x86)\Steam\steamapps\common\Team Fortress 2\tf\materials
Loading c:\users\owner\documents\tf2-maps\casbah\a1\ctf_casbah_a1.vmf
material "{blue" not found.
Material not found!: {BLUE
ConVarRef mat_reduceparticles doesn't point to an existing ConVar
material "+0~tnnl_lgt3" not found.
Material not found!: +0~TNNL_LGT3
material "+0~tnnl_lgt1" not found.
Material not found!: +0~TNNL_LGT1
material "+a~tnnl_lgt1" not found.
Material not found!: +A~TNNL_LGT1
material "+0~light3a" not found.
Material not found!: +0~LIGHT3A
fixing up env_cubemap materials on brush sides...
0...1...2...3...4...5...6...7...8...9...10**** leaked ****
Entity item_ammopack_full (-416.00 -2352.00 40.00) leaked!
Processing areas...done (0)
Building Faces...done (0)
Chop Details...done (0)
Find Visible Detail Sides...done (0)
Merging details...done (0)
FixTjuncs...
PruneNodes...
WriteBSP...
done (1)
*** Error: Skybox vtf files for skybox/sky_dustbowl_01 weren't compiled with the same size texture and/or same flags!
Can't load skybox file skybox/sky_dustbowl_01 to build the default cubemap!
*** Error: Skybox vtf files for skybox/sky_dustbowl_01 weren't compiled with the same size texture and/or same flags!
Can't load skybox file skybox/sky_dustbowl_01 to build the default cubemap!
Finding displacement neighbors...
Finding lightmap sample positions...
Displacement Alpha : 0...1...2...3...4...5...6...7...8...9...10
Building Physics collision data...
done (0) (1115469 bytes)
Placing detail props : 0...1...2...3...4...5...6...7...8...9...10
Compacting texture/material tables...
Reduced 507 texinfos to 429
Reduced 87 texdatas to 86 (1444 bytes to 1422)
Writing c:\users\owner\documents\tf2-maps\casbah\a1\ctf_casbah_a1.bsp
MSG_FILEWRITE - Filesystem was asked to write to 'c:\users\owner\documents\tf2-maps\casbah\a1\ctf_casbah_a1.bsp', but we don't own that location. Allowing.
ZIP Output overshot buffer estimate: Estimated 0, actual 54
2 seconds elapsed
CMaterialDict::Shutdown m_MissingList count: 5



4 threads
reading c:\users\owner\documents\tf2-maps\casbah\a1\ctf_casbah_a1.bsp
reading c:\users\owner\documents\tf2-maps\casbah\a1\ctf_casbah_a1.prt
LoadPortals: couldn't read c:\users\owner\documents\tf2-maps\casbah\a1\ctf_casbah_a1.prt



[Reading texlights from 'lights.rad']
[56 texlights parsed from 'lights.rad']

Loading c:\users\owner\documents\tf2-maps\casbah\a1\ctf_casbah_a1.bsp
No vis information, direct lighting only.
10616 faces
19 degenerate faces
1394134 square feet [200755328.00 square inches]
0 Displacements
0 Square Feet [0.00 Square Inches]
37 direct lights
0...1...2...3...4...5...6...7...8...9...10Build Patch/Sample Hash Table(s).....Done<0.0274 sec>
0...1...2...3...4...5...6...7...8...9...10FinalLightFace Done
0 of 0 (0% of) surface lights went in leaf ambient cubes.
0...1...2...3...4...5...6...7...8...9...10Writing leaf ambient...done
Ready to Finish

Object names       Objects/Maxobjs  Memory / Maxmem  Fullness 
------------       ---------------  ---------------  -------- 
models                 101/1024         4848/49152    ( 9.9%) 
brushes               3186/8192        38232/98304    (38.9%) 
brushsides           21243/65536      169944/524288   (32.4%) 
planes                7080/65536      141600/1310720  (10.8%) 
vertexes             17764/65536      213168/786432   (27.1%) 
nodes                 8005/65536      256160/2097152  (12.2%) 
texinfos               429/12288       30888/884736   ( 3.5%) 
texdata                 86/2048         2752/65536    ( 4.2%) 
dispinfos                0/0               0/0        ( 0.0%) 
disp_verts               0/0               0/0        ( 0.0%) 
disp_tris                0/0               0/0        ( 0.0%) 
disp_lmsamples           0/0               0/0        ( 0.0%) 
faces                10616/65536      594496/3670016  (16.2%) 
hdr faces                0/65536           0/3670016  ( 0.0%) 
origfaces             7282/65536      407792/3670016  (11.1%) 
leaves                8107/65536      259424/2097152  (12.4%) 
leaffaces            12086/65536       24172/131072   (18.4%) 
leafbrushes           5422/65536       10844/131072   ( 8.3%) 
areas                    2/256            16/2048     ( 0.8%) 
surfedges            79833/512000     319332/2048000  (15.6%) 
edges                47753/256000     191012/1024000  (18.7%) 
LDR worldlights         37/8192         3256/720896   ( 0.5%) 
HDR worldlights          0/8192            0/720896   ( 0.0%) 
leafwaterdata            0/32768           0/393216   ( 0.0%) 
waterstrips            932/32768        9320/327680   ( 2.8%) 
waterverts               0/65536           0/786432   ( 0.0%) 
waterindices         15246/65536       30492/131072   (23.3%) 
cubemapsamples           0/1024            0/16384    ( 0.0%) 
overlays                 0/512             0/180224   ( 0.0%) 
LDR lightdata         [variable]     2273968/0        ( 0.0%) 
HDR lightdata         [variable]           0/0        ( 0.0%) 
visdata               [variable]           0/16777216 ( 0.0%) 
entdata               [variable]       44853/393216   (11.4%) 
LDR ambient table     8107/65536       32428/262144   (12.4%) 
HDR ambient table     8107/65536       32428/262144   (12.4%) 
LDR leaf ambient     31538/65536      883064/1835008  (48.1%) 
HDR leaf ambient      8107/65536      226996/1835008  (12.4%) 
occluders                0/0               0/0        ( 0.0%) 
occluder polygons        0/0               0/0        ( 0.0%) 
occluder vert ind        0/0               0/0        ( 0.0%) 
detail props          [variable]           1/12       ( 8.3%) 
static props          [variable]           1/12       ( 8.3%) 
pakfile               [variable]          54/0        ( 0.0%) 
physics               [variable]     1115469/4194304  (26.6%) 
physics terrain       [variable]           2/1048576  ( 0.0%) 

Level flags = 0

Total triangle count: 29533
Writing c:\users\owner\documents\tf2-maps\casbah\a1\ctf_casbah_a1.bsp
ZIP Output overshot buffer estimate: Estimated 0, actual 54
30 seconds elapsed
