PRT1
12
20
4 0 6 (256 0 256 ) (256 0 496 ) (0 0 496 ) (0 0 256 ) 
4 0 3 (0 0 256 ) (0 0 496 ) (0 256 496 ) (0 256 256 ) 
4 0 1 (0 0 256 ) (0 256 256 ) (256 256 256 ) (256 0 256 ) 
4 1 7 (256 0 240 ) (256 0 256 ) (0 0 256 ) (0 0 240 ) 
4 1 4 (0 0 240 ) (0 0 256 ) (0 256 256 ) (0 256 240 ) 
4 1 2 (0 256 240 ) (256 256 240 ) (256 0 240 ) (0 0 240 ) 
4 2 8 (256 0 0 ) (256 0 240 ) (0 0 240 ) (0 0 0 ) 
4 2 5 (0 0 0 ) (0 0 240 ) (0 256 240 ) (0 256 0 ) 
4 3 9 (0 0 256 ) (0 0 496 ) (-256 0 496 ) (-256 0 256 ) 
4 3 4 (0 0 256 ) (-256 0 256 ) (-256 256 256 ) (0 256 256 ) 
4 4 10 (0 0 240 ) (0 0 256 ) (-256 0 256 ) (-256 0 240 ) 
4 4 5 (-256 0 240 ) (-256 256 240 ) (0 256 240 ) (0 0 240 ) 
4 5 11 (0 0 0 ) (0 0 240 ) (-256 0 240 ) (-256 0 0 ) 
4 6 9 (0 0 496 ) (0 0 256 ) (0 -256 256 ) (0 -256 496 ) 
4 6 7 (256 0 256 ) (256 -256 256 ) (0 -256 256 ) (0 0 256 ) 
4 7 10 (0 0 256 ) (0 0 240 ) (0 -256 240 ) (0 -256 256 ) 
4 7 8 (0 0 240 ) (256 0 240 ) (256 -256 240 ) (0 -256 240 ) 
4 8 11 (0 0 240 ) (0 0 0 ) (0 -256 0 ) (0 -256 240 ) 
4 9 10 (0 -256 256 ) (-256 -256 256 ) (-256 0 256 ) (0 0 256 ) 
4 10 11 (0 -256 240 ) (-256 -256 240 ) (-256 0 240 ) (0 0 240 ) 
