


materialPath: D:\Program Files (x86)\Steam\steamapps\common\Team Fortress 2\tf\materials
Loading d:\documents\mapping\tf2\tf2-maps\slipgate\a6\cp_slipgate_a6.vmf
Patching WVT material: maps/cp_slipgate_a6/dev/dev_blendmeasure_wvt_patch
fixing up env_cubemap materials on brush sides...
0...1...2...3...4...5...6...7...8...9...100...1...2...3...4...5...6...7...8...9...10Processing areas...done (0)
Building Faces...done (0)
FixTjuncs...
PruneNodes...
WriteBSP...
done (0)
writing d:\documents\mapping\tf2\tf2-maps\slipgate\a6\cp_slipgate_a6.prt...Building visibility clusters...
done (0)
*** Error: Skybox vtf files for skybox/sky_tf2_04 weren't compiled with the same size texture and/or same flags!
Can't load skybox file skybox/sky_tf2_04 to build the default cubemap!
*** Error: Skybox vtf files for skybox/sky_tf2_04 weren't compiled with the same size texture and/or same flags!
Can't load skybox file skybox/sky_tf2_04 to build the default cubemap!
Finding displacement neighbors...
Finding lightmap sample positions...
Displacement Alpha : 0...1...2...3...4...5...6...7...8...9...10
Building Physics collision data...
done (0) (3034 bytes)
Placing detail props : 0...1...2...3...4...5...6...7...8...9...10
Compacting texture/material tables...
Reduced 29 texinfos to 5
Reduced 5 texdatas to 4 (131 bytes to 110)
Writing d:\documents\mapping\tf2\tf2-maps\slipgate\a6\cp_slipgate_a6.bsp
MSG_FILEWRITE - Filesystem was asked to write to 'd:\documents\mapping\tf2\tf2-maps\slipgate\a6\cp_slipgate_a6.bsp', but we don't own that location. Allowing.
Wrote ZIP buffer, estimated size 479, actual size 399
0 seconds elapsed



4 threads
reading d:\documents\mapping\tf2\tf2-maps\slipgate\a6\cp_slipgate_a6.bsp
reading d:\documents\mapping\tf2\tf2-maps\slipgate\a6\cp_slipgate_a6.prt
  16 portalclusters
  28 numportals
0...1...2...3...4...5...6...7...8...9...100...1...2...3...4...5...6...7...8...9...10Optimized: 0 visible clusters (0.00%)
Total clusters visible: 256
Average clusters visible: 16
Building PAS...
Average clusters audible: 16
visdatasize:196  compressed from 256
writing d:\documents\mapping\tf2\tf2-maps\slipgate\a6\cp_slipgate_a6.bsp
MSG_FILEWRITE - Filesystem was asked to write to 'd:\documents\mapping\tf2\tf2-maps\slipgate\a6\cp_slipgate_a6.bsp', but we don't own that location. Allowing.
0 seconds elapsed



[Reading texlights from 'lights.rad']
[56 texlights parsed from 'lights.rad']

Loading d:\documents\mapping\tf2\tf2-maps\slipgate\a6\cp_slipgate_a6.bsp
52 faces
16384 square feet [2359296.00 square inches]
0 Displacements
0 Square Feet [0.00 Square Inches]
52 patches before subdivision
3284 patches after subdivision
2 direct lights
0...1...2...3...4...5...6...7...8...9...100...1...2...3...4...5...6...7...8...9...10transfers 380568, max 308
transfer lists:   2.9 megs
0...1...2...3...4...5...6...7...8...9...10	Bounce #1 added RGB(13064, 16130, 18401)
0...1...2...3...4...5...6...7...8...9...10	Bounce #2 added RGB(1759, 2734, 3516)
0...1...2...3...4...5...6...7...8...9...10	Bounce #3 added RGB(211, 554, 973)
0...1...2...3...4...5...6...7...8...9...10	Bounce #4 added RGB(27, 101, 209)
0...1...2...3...4...5...6...7...8...9...10	Bounce #5 added RGB(3, 21, 58)
0...1...2...3...4...5...6...7...8...9...10	Bounce #6 added RGB(0, 4, 13)
0...1...2...3...4...5...6...7...8...9...10	Bounce #7 added RGB(0, 1, 4)
0...1...2...3...4...5...6...7...8...9...10	Bounce #8 added RGB(0, 0, 1)
Build Patch/Sample Hash Table(s).....Done<0.0004 sec>
0...1...2...3...4...5...6...7...8...9...10FinalLightFace Done
0 of 0 (0% of) surface lights went in leaf ambient cubes.
0...1...2...3...4...5...6...7...8...9...10Writing leaf ambient...done
Ready to Finish

Object names       Objects/Maxobjs  Memory / Maxmem  Fullness 
------------       ---------------  ---------------  -------- 
models                   1/1024           48/49152    ( 0.1%) 
brushes                  8/8192           96/98304    ( 0.1%) 
brushsides              48/65536         384/524288   ( 0.1%) 
planes                  46/65536         920/1310720  ( 0.1%) 
vertexes                62/65536         744/786432   ( 0.1%) 
nodes                   39/65536        1248/2097152  ( 0.1%) 
texinfos                 5/12288         360/884736   ( 0.0%) 
texdata                  4/2048          128/65536    ( 0.2%) 
dispinfos                0/0               0/0        ( 0.0%) 
disp_verts               0/0               0/0        ( 0.0%) 
disp_tris                0/0               0/0        ( 0.0%) 
disp_lmsamples           0/0               0/0        ( 0.0%) 
faces                   52/65536        2912/3670016  ( 0.1%) 
hdr faces                0/65536           0/3670016  ( 0.0%) 
origfaces                9/65536         504/3670016  ( 0.0%) 
leaves                  41/65536        1312/2097152  ( 0.1%) 
leaffaces               52/65536         104/131072   ( 0.1%) 
leafbrushes             32/65536          64/131072   ( 0.0%) 
areas                    2/256            16/2048     ( 0.8%) 
surfedges              244/512000        976/2048000  ( 0.0%) 
edges                  153/256000        612/1024000  ( 0.1%) 
LDR worldlights          2/8192          176/720896   ( 0.0%) 
HDR worldlights          0/8192            0/720896   ( 0.0%) 
leafwaterdata            0/32768           0/393216   ( 0.0%) 
waterstrips              0/32768           0/327680   ( 0.0%) 
waterverts               0/65536           0/786432   ( 0.0%) 
waterindices             0/65536           0/131072   ( 0.0%) 
cubemapsamples           0/1024            0/16384    ( 0.0%) 
overlays                 0/512             0/180224   ( 0.0%) 
LDR lightdata         [variable]       40000/0        ( 0.0%) 
HDR lightdata         [variable]           0/0        ( 0.0%) 
visdata               [variable]         196/16777216 ( 0.0%) 
entdata               [variable]         813/393216   ( 0.2%) 
LDR ambient table       41/65536         164/262144   ( 0.1%) 
HDR ambient table       41/65536         164/262144   ( 0.1%) 
LDR leaf ambient       249/65536        6972/1835008  ( 0.4%) 
HDR leaf ambient        41/65536        1148/1835008  ( 0.1%) 
occluders                0/0               0/0        ( 0.0%) 
occluder polygons        0/0               0/0        ( 0.0%) 
occluder vert ind        0/0               0/0        ( 0.0%) 
detail props          [variable]           1/12       ( 8.3%) 
static props          [variable]           1/12       ( 8.3%) 
pakfile               [variable]         399/0        ( 0.0%) 
physics               [variable]        3034/4194304  ( 0.1%) 
physics terrain       [variable]           2/1048576  ( 0.0%) 

Level flags = 0

Total triangle count: 104
Writing d:\documents\mapping\tf2\tf2-maps\slipgate\a6\cp_slipgate_a6.bsp
0 seconds elapsed



materialPath: D:\Program Files (x86)\Steam\steamapps\common\Team Fortress 2\tf\materials
Loading d:\documents\mapping\tf2\tf2-maps\slipgate\a6\cp_slipgate_a6.vmf
Patching WVT material: maps/cp_slipgate_a6/dev/dev_blendmeasure_wvt_patch
fixing up env_cubemap materials on brush sides...
0...1...2...3...4...5...6...7...8...9...100...1...2...3...4...5...6...7...8...9...10Processing areas...done (0)
Building Faces...done (0)
FixTjuncs...
PruneNodes...
WriteBSP...
done (0)
writing d:\documents\mapping\tf2\tf2-maps\slipgate\a6\cp_slipgate_a6.prt...Building visibility clusters...
done (0)
*** Error: Skybox vtf files for skybox/sky_tf2_04 weren't compiled with the same size texture and/or same flags!
Can't load skybox file skybox/sky_tf2_04 to build the default cubemap!
*** Error: Skybox vtf files for skybox/sky_tf2_04 weren't compiled with the same size texture and/or same flags!
Can't load skybox file skybox/sky_tf2_04 to build the default cubemap!
Finding displacement neighbors...
Finding lightmap sample positions...
Displacement Alpha : 0...1...2...3...4...5...6...7...8...9...10
Building Physics collision data...
done (0) (3034 bytes)
Placing detail props : 0...1...2...3...4...5...6...7...8...9...10
Compacting texture/material tables...
Reduced 29 texinfos to 6
Reduced 5 texdatas to 4 (131 bytes to 110)
Writing d:\documents\mapping\tf2\tf2-maps\slipgate\a6\cp_slipgate_a6.bsp
MSG_FILEWRITE - Filesystem was asked to write to 'd:\documents\mapping\tf2\tf2-maps\slipgate\a6\cp_slipgate_a6.bsp', but we don't own that location. Allowing.
Wrote ZIP buffer, estimated size 479, actual size 399
0 seconds elapsed



4 threads
reading d:\documents\mapping\tf2\tf2-maps\slipgate\a6\cp_slipgate_a6.bsp
reading d:\documents\mapping\tf2\tf2-maps\slipgate\a6\cp_slipgate_a6.prt
  12 portalclusters
  20 numportals
0...1...2...3...4...5...6...7...8...9...100...1...2...3...4...5...6...7...8...9...10Optimized: 0 visible clusters (0.00%)
Total clusters visible: 144
Average clusters visible: 12
Building PAS...
Average clusters audible: 12
visdatasize:148  compressed from 192
writing d:\documents\mapping\tf2\tf2-maps\slipgate\a6\cp_slipgate_a6.bsp
MSG_FILEWRITE - Filesystem was asked to write to 'd:\documents\mapping\tf2\tf2-maps\slipgate\a6\cp_slipgate_a6.bsp', but we don't own that location. Allowing.
0 seconds elapsed



[Reading texlights from 'lights.rad']
[56 texlights parsed from 'lights.rad']

Loading d:\documents\mapping\tf2\tf2-maps\slipgate\a6\cp_slipgate_a6.bsp
40 faces
14336 square feet [2064384.00 square inches]
0 Displacements
0 Square Feet [0.00 Square Inches]
40 patches before subdivision
3160 patches after subdivision
2 direct lights
0...1...2...3...4...5...6...7...8...9...100...1...2...3...4...5...6...7...8...9...10transfers 361976, max 302
transfer lists:   2.8 megs
0...1...2...3...4...5...6...7...8...9...10	Bounce #1 added RGB(0, 0, 0)
Build Patch/Sample Hash Table(s).....Done<0.0005 sec>
0...1...2...3...4...5...6...7...8...9...10FinalLightFace Done
0 of 0 (0% of) surface lights went in leaf ambient cubes.
0...1...2...3...4...5...6...7...8...9...10Writing leaf ambient...done
Ready to Finish

Object names       Objects/Maxobjs  Memory / Maxmem  Fullness 
------------       ---------------  ---------------  -------- 
models                   1/1024           48/49152    ( 0.1%) 
brushes                  8/8192           96/98304    ( 0.1%) 
brushsides              48/65536         384/524288   ( 0.1%) 
planes                  46/65536         920/1310720  ( 0.1%) 
vertexes                53/65536         636/786432   ( 0.1%) 
nodes                   35/65536        1120/2097152  ( 0.1%) 
texinfos                 6/12288         432/884736   ( 0.0%) 
texdata                  4/2048          128/65536    ( 0.2%) 
dispinfos                0/0               0/0        ( 0.0%) 
disp_verts               0/0               0/0        ( 0.0%) 
disp_tris                0/0               0/0        ( 0.0%) 
disp_lmsamples           0/0               0/0        ( 0.0%) 
faces                   40/65536        2240/3670016  ( 0.1%) 
hdr faces                0/65536           0/3670016  ( 0.0%) 
origfaces                8/65536         448/3670016  ( 0.0%) 
leaves                  37/65536        1184/2097152  ( 0.1%) 
leaffaces               40/65536          80/131072   ( 0.1%) 
leafbrushes             32/65536          64/131072   ( 0.0%) 
areas                    2/256            16/2048     ( 0.8%) 
surfedges              192/512000        768/2048000  ( 0.0%) 
edges                  121/256000        484/1024000  ( 0.0%) 
LDR worldlights          2/8192          176/720896   ( 0.0%) 
HDR worldlights          0/8192            0/720896   ( 0.0%) 
leafwaterdata            0/32768           0/393216   ( 0.0%) 
waterstrips              0/32768           0/327680   ( 0.0%) 
waterverts               0/65536           0/786432   ( 0.0%) 
waterindices             0/65536           0/131072   ( 0.0%) 
cubemapsamples           0/1024            0/16384    ( 0.0%) 
overlays                 0/512             0/180224   ( 0.0%) 
LDR lightdata         [variable]       38560/0        ( 0.0%) 
HDR lightdata         [variable]           0/0        ( 0.0%) 
visdata               [variable]         148/16777216 ( 0.0%) 
entdata               [variable]         813/393216   ( 0.2%) 
LDR ambient table       37/65536         148/262144   ( 0.1%) 
HDR ambient table       37/65536         148/262144   ( 0.1%) 
LDR leaf ambient        12/65536         336/1835008  ( 0.0%) 
HDR leaf ambient        37/65536        1036/1835008  ( 0.1%) 
occluders                0/0               0/0        ( 0.0%) 
occluder polygons        0/0               0/0        ( 0.0%) 
occluder vert ind        0/0               0/0        ( 0.0%) 
detail props          [variable]           1/12       ( 8.3%) 
static props          [variable]           1/12       ( 8.3%) 
pakfile               [variable]         399/0        ( 0.0%) 
physics               [variable]        3034/4194304  ( 0.1%) 
physics terrain       [variable]           2/1048576  ( 0.0%) 

Level flags = 0

Total triangle count: 80
Writing d:\documents\mapping\tf2\tf2-maps\slipgate\a6\cp_slipgate_a6.bsp
0 seconds elapsed



materialPath: D:\Program Files (x86)\Steam\steamapps\common\Team Fortress 2\tf\materials
Loading d:\documents\mapping\tf2\tf2-maps\slipgate\a6\cp_slipgate_a6.vmf
Patching WVT material: maps/cp_slipgate_a6/dev/dev_blendmeasure_wvt_patch
fixing up env_cubemap materials on brush sides...
0...1...2...3...4...5...6...7...8...9...100...1...2...3...4...5...6...7...8...9...10Processing areas...done (0)
Building Faces...done (0)
FixTjuncs...
PruneNodes...
WriteBSP...
done (0)
writing d:\documents\mapping\tf2\tf2-maps\slipgate\a6\cp_slipgate_a6.prt...Building visibility clusters...
done (0)
*** Error: Skybox vtf files for skybox/sky_tf2_04 weren't compiled with the same size texture and/or same flags!
Can't load skybox file skybox/sky_tf2_04 to build the default cubemap!
*** Error: Skybox vtf files for skybox/sky_tf2_04 weren't compiled with the same size texture and/or same flags!
Can't load skybox file skybox/sky_tf2_04 to build the default cubemap!
Finding displacement neighbors...
Finding lightmap sample positions...
Displacement Alpha : 0...1...2...3...4...5...6...7...8...9...10
Building Physics collision data...
done (0) (3034 bytes)
Placing detail props : 0...1...2...3...4...5...6...7...8...9...10
Compacting texture/material tables...
Reduced 29 texinfos to 6
Reduced 5 texdatas to 4 (131 bytes to 110)
Writing d:\documents\mapping\tf2\tf2-maps\slipgate\a6\cp_slipgate_a6.bsp
MSG_FILEWRITE - Filesystem was asked to write to 'd:\documents\mapping\tf2\tf2-maps\slipgate\a6\cp_slipgate_a6.bsp', but we don't own that location. Allowing.
Wrote ZIP buffer, estimated size 479, actual size 399
0 seconds elapsed



4 threads
reading d:\documents\mapping\tf2\tf2-maps\slipgate\a6\cp_slipgate_a6.bsp
reading d:\documents\mapping\tf2\tf2-maps\slipgate\a6\cp_slipgate_a6.prt
  12 portalclusters
  20 numportals
0...1...2...3...4...5...6...7...8...9...100...1...2...3...4...5...6...7...8...9...10Optimized: 0 visible clusters (0.00%)
Total clusters visible: 144
Average clusters visible: 12
Building PAS...
Average clusters audible: 12
visdatasize:148  compressed from 192
writing d:\documents\mapping\tf2\tf2-maps\slipgate\a6\cp_slipgate_a6.bsp
MSG_FILEWRITE - Filesystem was asked to write to 'd:\documents\mapping\tf2\tf2-maps\slipgate\a6\cp_slipgate_a6.bsp', but we don't own that location. Allowing.
0 seconds elapsed



[Reading texlights from 'lights.rad']
[56 texlights parsed from 'lights.rad']

Loading d:\documents\mapping\tf2\tf2-maps\slipgate\a6\cp_slipgate_a6.bsp
40 faces
14336 square feet [2064384.00 square inches]
0 Displacements
0 Square Feet [0.00 Square Inches]
40 patches before subdivision
3160 patches after subdivision
3 direct lights
0...1...2...3...4...5...6...7...8...9...100...1...2...3...4...5...6...7...8...9...10transfers 361976, max 302
transfer lists:   2.8 megs
0...1...2...3...4...5...6...7...8...9...10	Bounce #1 added RGB(0, 4159, 11093)
0...1...2...3...4...5...6...7...8...9...10	Bounce #2 added RGB(0, 641, 1872)
0...1...2...3...4...5...6...7...8...9...10	Bounce #3 added RGB(0, 150, 637)
0...1...2...3...4...5...6...7...8...9...10	Bounce #4 added RGB(0, 26, 123)
0...1...2...3...4...5...6...7...8...9...10	Bounce #5 added RGB(0, 5, 36)
0...1...2...3...4...5...6...7...8...9...10	Bounce #6 added RGB(0, 1, 8)
0...1...2...3...4...5...6...7...8...9...10	Bounce #7 added RGB(0, 0, 2)
0...1...2...3...4...5...6...7...8...9...10	Bounce #8 added RGB(0, 0, 0)
Build Patch/Sample Hash Table(s).....Done<0.0004 sec>
0...1...2...3...4...5...6...7...8...9...10FinalLightFace Done
0 of 0 (0% of) surface lights went in leaf ambient cubes.
0...1...2...3...4...5...6...7...8...9...10Writing leaf ambient...done
Ready to Finish

Object names       Objects/Maxobjs  Memory / Maxmem  Fullness 
------------       ---------------  ---------------  -------- 
models                   1/1024           48/49152    ( 0.1%) 
brushes                  8/8192           96/98304    ( 0.1%) 
brushsides              48/65536         384/524288   ( 0.1%) 
planes                  46/65536         920/1310720  ( 0.1%) 
vertexes                53/65536         636/786432   ( 0.1%) 
nodes                   35/65536        1120/2097152  ( 0.1%) 
texinfos                 6/12288         432/884736   ( 0.0%) 
texdata                  4/2048          128/65536    ( 0.2%) 
dispinfos                0/0               0/0        ( 0.0%) 
disp_verts               0/0               0/0        ( 0.0%) 
disp_tris                0/0               0/0        ( 0.0%) 
disp_lmsamples           0/0               0/0        ( 0.0%) 
faces                   40/65536        2240/3670016  ( 0.1%) 
hdr faces                0/65536           0/3670016  ( 0.0%) 
origfaces                8/65536         448/3670016  ( 0.0%) 
leaves                  37/65536        1184/2097152  ( 0.1%) 
leaffaces               40/65536          80/131072   ( 0.1%) 
leafbrushes             32/65536          64/131072   ( 0.0%) 
areas                    2/256            16/2048     ( 0.8%) 
surfedges              192/512000        768/2048000  ( 0.0%) 
edges                  121/256000        484/1024000  ( 0.0%) 
LDR worldlights          3/8192          264/720896   ( 0.0%) 
HDR worldlights          0/8192            0/720896   ( 0.0%) 
leafwaterdata            0/32768           0/393216   ( 0.0%) 
waterstrips              0/32768           0/327680   ( 0.0%) 
waterverts               0/65536           0/786432   ( 0.0%) 
waterindices             0/65536           0/131072   ( 0.0%) 
cubemapsamples           0/1024            0/16384    ( 0.0%) 
overlays                 0/512             0/180224   ( 0.0%) 
LDR lightdata         [variable]       38560/0        ( 0.0%) 
HDR lightdata         [variable]           0/0        ( 0.0%) 
visdata               [variable]         148/16777216 ( 0.0%) 
entdata               [variable]        1128/393216   ( 0.3%) 
LDR ambient table       37/65536         148/262144   ( 0.1%) 
HDR ambient table       37/65536         148/262144   ( 0.1%) 
LDR leaf ambient       173/65536        4844/1835008  ( 0.3%) 
HDR leaf ambient        37/65536        1036/1835008  ( 0.1%) 
occluders                0/0               0/0        ( 0.0%) 
occluder polygons        0/0               0/0        ( 0.0%) 
occluder vert ind        0/0               0/0        ( 0.0%) 
detail props          [variable]           1/12       ( 8.3%) 
static props          [variable]           1/12       ( 8.3%) 
pakfile               [variable]         399/0        ( 0.0%) 
physics               [variable]        3034/4194304  ( 0.1%) 
physics terrain       [variable]           2/1048576  ( 0.0%) 

Level flags = 0

Total triangle count: 80
Writing d:\documents\mapping\tf2\tf2-maps\slipgate\a6\cp_slipgate_a6.bsp
0 seconds elapsed



materialPath: D:\Program Files (x86)\Steam\steamapps\common\Team Fortress 2\tf\materials
Loading d:\documents\mapping\tf2\tf2-maps\slipgate\a6\cp_slipgate_a6.vmf
Patching WVT material: maps/cp_slipgate_a6/dev/dev_blendmeasure_wvt_patch
fixing up env_cubemap materials on brush sides...
0...1...2...3...4...5...6...7...8...9...100...1...2...3...4...5...6...7...8...9...10Processing areas...done (0)
Building Faces...done (0)
FixTjuncs...
PruneNodes...
WriteBSP...
done (0)
writing d:\documents\mapping\tf2\tf2-maps\slipgate\a6\cp_slipgate_a6.prt...Building visibility clusters...
done (0)
*** Error: Skybox vtf files for skybox/sky_tf2_04 weren't compiled with the same size texture and/or same flags!
Can't load skybox file skybox/sky_tf2_04 to build the default cubemap!
*** Error: Skybox vtf files for skybox/sky_tf2_04 weren't compiled with the same size texture and/or same flags!
Can't load skybox file skybox/sky_tf2_04 to build the default cubemap!
Finding displacement neighbors...
Finding lightmap sample positions...
Displacement Alpha : 0...1...2...3...4...5...6...7...8...9...10
Building Physics collision data...
done (0) (3034 bytes)
Placing detail props : 0...1...2...3...4...5...6...7...8...9...10
Compacting texture/material tables...
Reduced 29 texinfos to 6
Reduced 5 texdatas to 4 (131 bytes to 110)
Writing d:\documents\mapping\tf2\tf2-maps\slipgate\a6\cp_slipgate_a6.bsp
MSG_FILEWRITE - Filesystem was asked to write to 'd:\documents\mapping\tf2\tf2-maps\slipgate\a6\cp_slipgate_a6.bsp', but we don't own that location. Allowing.
Wrote ZIP buffer, estimated size 479, actual size 399
0 seconds elapsed



4 threads
reading d:\documents\mapping\tf2\tf2-maps\slipgate\a6\cp_slipgate_a6.bsp
reading d:\documents\mapping\tf2\tf2-maps\slipgate\a6\cp_slipgate_a6.prt
  12 portalclusters
  20 numportals
0...1...2...3...4...5...6...7...8...9...100...1...2...3...4...5...6...7...8...9...10Optimized: 0 visible clusters (0.00%)
Total clusters visible: 144
Average clusters visible: 12
Building PAS...
Average clusters audible: 12
visdatasize:148  compressed from 192
writing d:\documents\mapping\tf2\tf2-maps\slipgate\a6\cp_slipgate_a6.bsp
MSG_FILEWRITE - Filesystem was asked to write to 'd:\documents\mapping\tf2\tf2-maps\slipgate\a6\cp_slipgate_a6.bsp', but we don't own that location. Allowing.
0 seconds elapsed



[Reading texlights from 'lights.rad']
[56 texlights parsed from 'lights.rad']

Loading d:\documents\mapping\tf2\tf2-maps\slipgate\a6\cp_slipgate_a6.bsp
40 faces
14336 square feet [2064384.00 square inches]
0 Displacements
0 Square Feet [0.00 Square Inches]
40 patches before subdivision
3160 patches after subdivision
3 direct lights
0...1...2...3...4...5...6...7...8...9...100...1...2...3...4...5...6...7...8...9...10transfers 361976, max 302
transfer lists:   2.8 megs
0...1...2...3...4...5...6...7...8...9...10	Bounce #1 added RGB(0, 4159, 11093)
0...1...2...3...4...5...6...7...8...9...10	Bounce #2 added RGB(0, 641, 1872)
0...1...2...3...4...5...6...7...8...9...10	Bounce #3 added RGB(0, 150, 637)
0...1...2...3...4...5...6...7...8...9...10	Bounce #4 added RGB(0, 26, 123)
0...1...2...3...4...5...6...7...8...9...10	Bounce #5 added RGB(0, 5, 36)
0...1...2...3...4...5...6...7...8...9...10	Bounce #6 added RGB(0, 1, 8)
0...1...2...3...4...5...6...7...8...9...10	Bounce #7 added RGB(0, 0, 2)
0...1...2...3...4...5...6...7...8...9...10	Bounce #8 added RGB(0, 0, 0)
Build Patch/Sample Hash Table(s).....Done<0.0003 sec>
0...1...2...3...4...5...6...7...8...9...10FinalLightFace Done
0 of 0 (0% of) surface lights went in leaf ambient cubes.
0...1...2...3...4...5...6...7...8...9...10Writing leaf ambient...done
Ready to Finish

Object names       Objects/Maxobjs  Memory / Maxmem  Fullness 
------------       ---------------  ---------------  -------- 
models                   1/1024           48/49152    ( 0.1%) 
brushes                  8/8192           96/98304    ( 0.1%) 
brushsides              48/65536         384/524288   ( 0.1%) 
planes                  46/65536         920/1310720  ( 0.1%) 
vertexes                53/65536         636/786432   ( 0.1%) 
nodes                   35/65536        1120/2097152  ( 0.1%) 
texinfos                 6/12288         432/884736   ( 0.0%) 
texdata                  4/2048          128/65536    ( 0.2%) 
dispinfos                0/0               0/0        ( 0.0%) 
disp_verts               0/0               0/0        ( 0.0%) 
disp_tris                0/0               0/0        ( 0.0%) 
disp_lmsamples           0/0               0/0        ( 0.0%) 
faces                   40/65536        2240/3670016  ( 0.1%) 
hdr faces                0/65536           0/3670016  ( 0.0%) 
origfaces                8/65536         448/3670016  ( 0.0%) 
leaves                  37/65536        1184/2097152  ( 0.1%) 
leaffaces               40/65536          80/131072   ( 0.1%) 
leafbrushes             32/65536          64/131072   ( 0.0%) 
areas                    2/256            16/2048     ( 0.8%) 
surfedges              192/512000        768/2048000  ( 0.0%) 
edges                  121/256000        484/1024000  ( 0.0%) 
LDR worldlights          3/8192          264/720896   ( 0.0%) 
HDR worldlights          0/8192            0/720896   ( 0.0%) 
leafwaterdata            0/32768           0/393216   ( 0.0%) 
waterstrips              0/32768           0/327680   ( 0.0%) 
waterverts               0/65536           0/786432   ( 0.0%) 
waterindices             0/65536           0/131072   ( 0.0%) 
cubemapsamples           0/1024            0/16384    ( 0.0%) 
overlays                 0/512             0/180224   ( 0.0%) 
LDR lightdata         [variable]       38560/0        ( 0.0%) 
HDR lightdata         [variable]           0/0        ( 0.0%) 
visdata               [variable]         148/16777216 ( 0.0%) 
entdata               [variable]        1128/393216   ( 0.3%) 
LDR ambient table       37/65536         148/262144   ( 0.1%) 
HDR ambient table       37/65536         148/262144   ( 0.1%) 
LDR leaf ambient       173/65536        4844/1835008  ( 0.3%) 
HDR leaf ambient        37/65536        1036/1835008  ( 0.1%) 
occluders                0/0               0/0        ( 0.0%) 
occluder polygons        0/0               0/0        ( 0.0%) 
occluder vert ind        0/0               0/0        ( 0.0%) 
detail props          [variable]           1/12       ( 8.3%) 
static props          [variable]           1/12       ( 8.3%) 
pakfile               [variable]         399/0        ( 0.0%) 
physics               [variable]        3034/4194304  ( 0.1%) 
physics terrain       [variable]           2/1048576  ( 0.0%) 

Level flags = 0

Total triangle count: 80
Writing d:\documents\mapping\tf2\tf2-maps\slipgate\a6\cp_slipgate_a6.bsp
0 seconds elapsed



materialPath: D:\Program Files (x86)\Steam\steamapps\common\Team Fortress 2\tf\materials
Loading d:\documents\mapping\tf2\tf2-maps\slipgate\a6\cp_slipgate_a6.vmf
Patching WVT material: maps/cp_slipgate_a6/dev/dev_blendmeasure_wvt_patch
fixing up env_cubemap materials on brush sides...
0...1...2...3...4...5...6...7...8...9...100...1...2...3...4...5...6...7...8...9...10Processing areas...done (0)
Building Faces...done (0)
FixTjuncs...
PruneNodes...
WriteBSP...
done (0)
writing d:\documents\mapping\tf2\tf2-maps\slipgate\a6\cp_slipgate_a6.prt...Building visibility clusters...
done (0)
*** Error: Skybox vtf files for skybox/sky_tf2_04 weren't compiled with the same size texture and/or same flags!
Can't load skybox file skybox/sky_tf2_04 to build the default cubemap!
*** Error: Skybox vtf files for skybox/sky_tf2_04 weren't compiled with the same size texture and/or same flags!
Can't load skybox file skybox/sky_tf2_04 to build the default cubemap!
Finding displacement neighbors...
Finding lightmap sample positions...
Displacement Alpha : 0...1...2...3...4...5...6...7...8...9...10
Building Physics collision data...
done (0) (3034 bytes)
Placing detail props : 0...1...2...3...4...5...6...7...8...9...10
Compacting texture/material tables...
Reduced 29 texinfos to 6
Reduced 5 texdatas to 4 (131 bytes to 110)
Writing d:\documents\mapping\tf2\tf2-maps\slipgate\a6\cp_slipgate_a6.bsp
MSG_FILEWRITE - Filesystem was asked to write to 'd:\documents\mapping\tf2\tf2-maps\slipgate\a6\cp_slipgate_a6.bsp', but we don't own that location. Allowing.
Wrote ZIP buffer, estimated size 479, actual size 399
0 seconds elapsed



4 threads
reading d:\documents\mapping\tf2\tf2-maps\slipgate\a6\cp_slipgate_a6.bsp
reading d:\documents\mapping\tf2\tf2-maps\slipgate\a6\cp_slipgate_a6.prt
  12 portalclusters
  20 numportals
0...1...2...3...4...5...6...7...8...9...100...1...2...3...4...5...6...7...8...9...10Optimized: 0 visible clusters (0.00%)
Total clusters visible: 144
Average clusters visible: 12
Building PAS...
Average clusters audible: 12
visdatasize:148  compressed from 192
writing d:\documents\mapping\tf2\tf2-maps\slipgate\a6\cp_slipgate_a6.bsp
MSG_FILEWRITE - Filesystem was asked to write to 'd:\documents\mapping\tf2\tf2-maps\slipgate\a6\cp_slipgate_a6.bsp', but we don't own that location. Allowing.
0 seconds elapsed



[Reading texlights from 'lights.rad']
[56 texlights parsed from 'lights.rad']

Loading d:\documents\mapping\tf2\tf2-maps\slipgate\a6\cp_slipgate_a6.bsp
40 faces
14336 square feet [2064384.00 square inches]
0 Displacements
0 Square Feet [0.00 Square Inches]
40 patches before subdivision
3160 patches after subdivision
3 direct lights
0...1...2...3...4...5...6...7...8...9...100...1...2...3...4...5...6...7...8...9...10transfers 361976, max 302
transfer lists:   2.8 megs
0...1...2...3...4...5...6...7...8...9...10	Bounce #1 added RGB(0, 4159, 11093)
0...1...2...3...4...5...6...7...8...9...10	Bounce #2 added RGB(0, 641, 1872)
0...1...2...3...4...5...6...7...8...9...10	Bounce #3 added RGB(0, 150, 637)
0...1...2...3...4...5...6...7...8...9...10	Bounce #4 added RGB(0, 26, 123)
0...1...2...3...4...5...6...7...8...9...10	Bounce #5 added RGB(0, 5, 36)
0...1...2...3...4...5...6...7...8...9...10	Bounce #6 added RGB(0, 1, 8)
0...1...2...3...4...5...6...7...8...9...10	Bounce #7 added RGB(0, 0, 2)
0...1...2...3...4...5...6...7...8...9...10	Bounce #8 added RGB(0, 0, 0)
Build Patch/Sample Hash Table(s).....Done<0.0005 sec>
0...1...2...3...4...5...6...7...8...9...10FinalLightFace Done
0 of 0 (0% of) surface lights went in leaf ambient cubes.
0...1...2...3...4...5...6...7...8...9...10Writing leaf ambient...done
Ready to Finish

Object names       Objects/Maxobjs  Memory / Maxmem  Fullness 
------------       ---------------  ---------------  -------- 
models                   1/1024           48/49152    ( 0.1%) 
brushes                  8/8192           96/98304    ( 0.1%) 
brushsides              48/65536         384/524288   ( 0.1%) 
planes                  46/65536         920/1310720  ( 0.1%) 
vertexes                53/65536         636/786432   ( 0.1%) 
nodes                   35/65536        1120/2097152  ( 0.1%) 
texinfos                 6/12288         432/884736   ( 0.0%) 
texdata                  4/2048          128/65536    ( 0.2%) 
dispinfos                0/0               0/0        ( 0.0%) 
disp_verts               0/0               0/0        ( 0.0%) 
disp_tris                0/0               0/0        ( 0.0%) 
disp_lmsamples           0/0               0/0        ( 0.0%) 
faces                   40/65536        2240/3670016  ( 0.1%) 
hdr faces                0/65536           0/3670016  ( 0.0%) 
origfaces                8/65536         448/3670016  ( 0.0%) 
leaves                  37/65536        1184/2097152  ( 0.1%) 
leaffaces               40/65536          80/131072   ( 0.1%) 
leafbrushes             32/65536          64/131072   ( 0.0%) 
areas                    2/256            16/2048     ( 0.8%) 
surfedges              192/512000        768/2048000  ( 0.0%) 
edges                  121/256000        484/1024000  ( 0.0%) 
LDR worldlights          3/8192          264/720896   ( 0.0%) 
HDR worldlights          0/8192            0/720896   ( 0.0%) 
leafwaterdata            0/32768           0/393216   ( 0.0%) 
waterstrips              0/32768           0/327680   ( 0.0%) 
waterverts               0/65536           0/786432   ( 0.0%) 
waterindices             0/65536           0/131072   ( 0.0%) 
cubemapsamples           0/1024            0/16384    ( 0.0%) 
overlays                 0/512             0/180224   ( 0.0%) 
LDR lightdata         [variable]       38560/0        ( 0.0%) 
HDR lightdata         [variable]           0/0        ( 0.0%) 
visdata               [variable]         148/16777216 ( 0.0%) 
entdata               [variable]        1129/393216   ( 0.3%) 
LDR ambient table       37/65536         148/262144   ( 0.1%) 
HDR ambient table       37/65536         148/262144   ( 0.1%) 
LDR leaf ambient       173/65536        4844/1835008  ( 0.3%) 
HDR leaf ambient        37/65536        1036/1835008  ( 0.1%) 
occluders                0/0               0/0        ( 0.0%) 
occluder polygons        0/0               0/0        ( 0.0%) 
occluder vert ind        0/0               0/0        ( 0.0%) 
detail props          [variable]           1/12       ( 8.3%) 
static props          [variable]           1/12       ( 8.3%) 
pakfile               [variable]         399/0        ( 0.0%) 
physics               [variable]        3034/4194304  ( 0.1%) 
physics terrain       [variable]           2/1048576  ( 0.0%) 

Level flags = 0

Total triangle count: 80
Writing d:\documents\mapping\tf2\tf2-maps\slipgate\a6\cp_slipgate_a6.bsp
0 seconds elapsed
