PRT1
386
974
4 0 1 (1168 2880 287.875000 ) (1168 2448 287.875000 ) (1024 2448 287.875000 ) (1024 2880 287.875000 ) 
4 1 35 (1024 2448 287.875000 ) (1024 2752 287.875000 ) (1024 2752 -128 ) (1024 2448 -128 ) 
4 1 31 (1024 2752 287.875000 ) (1024 2880 287.875000 ) (1024 2880 -128 ) (1024 2752 -128 ) 
4 1 2 (1024 2448 -128 ) (1136 2448 -128 ) (1136 2448 0 ) (1024 2448 0 ) 
4 2 36 (1024 2432 -128 ) (1024 2432 0 ) (1024 2448 0 ) (1024 2448 -128 ) 
4 2 3 (1024 2432 0 ) (1024 2432 -128 ) (1136 2432 -128 ) (1136 2432 0 ) 
4 3 40 (1024 2048 -144 ) (1024 2048 -128 ) (1024 2432 -128 ) (1024 2432 -144 ) 
4 3 39 (1024 2048 -128 ) (1024 2048 287.875000 ) (1024 2432 287.875000 ) (1024 2432 -128 ) 
4 3 29 (1024 2048 287.875000 ) (1024 2048 624 ) (1024 2432 624 ) (1024 2432 287.875000 ) 
4 3 14 (1024 2048 -128 ) (1024 2048 -144 ) (1168 2048 -144 ) (1168 2048 -128 ) 
4 3 11 (1024 2048 16 ) (1024 2048 -128 ) (1104 2048 -128 ) (1104 2048 16 ) 
4 3 10 (1104 2048 -128 ) (1168 2048 -128 ) (1168 2048 16 ) (1104 2048 16 ) 
4 3 9 (1024 2048 32 ) (1024 2048 16 ) (1168 2048 16 ) (1168 2048 32 ) 
4 3 6 (1024 2048 256 ) (1024 2048 32 ) (1104 2048 32 ) (1104 2048 256 ) 
4 3 5 (1104 2048 32 ) (1168 2048 32 ) (1168 2048 256 ) (1104 2048 256 ) 
4 3 4 (1024 2048 624 ) (1024 2048 256 ) (1168 2048 256 ) (1168 2048 624 ) 
4 4 87 (1024 1648 624 ) (1024 1920 624 ) (1024 1920 256 ) (1024 1648 256 ) 
4 4 62 (1024 1920 624 ) (1024 2016 624 ) (1024 2016 256 ) (1024 1920 256 ) 
4 4 54 (1024 2016 624 ) (1024 2032 624 ) (1024 2032 256 ) (1024 2016 256 ) 
4 4 53 (1024 2032 624 ) (1024 2048 624 ) (1024 2048 256 ) (1024 2032 256 ) 
4 4 6 (1024 2048 256 ) (1104 2048 256 ) (1104 1664 256 ) (1024 1664 256 ) 
4 4 5 (1104 2048 256 ) (1168 2048 256 ) (1168 1664 256 ) (1104 1664 256 ) 
4 5 9 (1168 2048 32 ) (1168 1920 32 ) (1104 1920 32 ) (1104 2048 32 ) 
4 5 6 (1104 2048 32 ) (1104 1664 32 ) (1104 1664 256 ) (1104 2048 256 ) 
4 6 89 (1024 1664 256 ) (1024 1920 256 ) (1024 1920 32 ) (1024 1664 32 ) 
4 6 80 (1024 2016 40 ) (1024 2016 32 ) (1024 1920 32 ) (1024 1920 40 ) 
4 6 78 (1024 2016 48 ) (1024 2016 40 ) (1024 1920 40 ) (1024 1920 48 ) 
4 6 76 (1024 2016 56 ) (1024 2016 48 ) (1024 1920 48 ) (1024 1920 56 ) 
4 6 74 (1024 2016 64 ) (1024 2016 56 ) (1024 1920 56 ) (1024 1920 64 ) 
4 6 72 (1024 2016 72 ) (1024 2016 64 ) (1024 1920 64 ) (1024 1920 72 ) 
4 6 70 (1024 2016 80 ) (1024 2016 72 ) (1024 1920 72 ) (1024 1920 80 ) 
4 6 68 (1024 2016 88 ) (1024 2016 80 ) (1024 1920 80 ) (1024 1920 88 ) 
4 6 66 (1024 2016 96 ) (1024 2016 88 ) (1024 1920 88 ) (1024 1920 96 ) 
4 6 63 (1024 2016 112 ) (1024 2016 96 ) (1024 1920 96 ) (1024 1920 112 ) 
4 6 62 (1024 1920 256 ) (1024 2016 256 ) (1024 2016 112 ) (1024 1920 112 ) 
4 6 56 (1024 2032 96 ) (1024 2032 32 ) (1024 2016 32 ) (1024 2016 96 ) 
4 6 55 (1024 2032 112 ) (1024 2032 96 ) (1024 2016 96 ) (1024 2016 112 ) 
4 6 54 (1024 2016 256 ) (1024 2032 256 ) (1024 2032 112 ) (1024 2016 112 ) 
4 6 53 (1024 2032 256 ) (1024 2048 256 ) (1024 2048 32 ) (1024 2032 32 ) 
4 6 9 (1024 1920 32 ) (1024 2048 32 ) (1104 2048 32 ) (1104 1920 32 ) 
4 6 7 (1024 1664 32 ) (1104 1664 32 ) (1104 1664 172 ) (1024 1664 172 ) 
4 7 90 (1024 1664 172 ) (1024 1664 32 ) (1024 1648 32 ) (1024 1648 172 ) 
4 7 8 (1024 1648 32 ) (1104 1648 32 ) (1104 1648 172 ) (1024 1648 172 ) 
4 8 92 (1024 1648 240 ) (1024 1648 32 ) (1024 1424 32 ) (1024 1424 240 ) 
4 9 82 (1024 1920 32 ) (1024 2016 32 ) (1024 2016 16 ) (1024 1920 16 ) 
4 9 56 (1024 2016 32 ) (1024 2032 32 ) (1024 2032 16 ) (1024 2016 16 ) 
4 9 53 (1024 2032 32 ) (1024 2048 32 ) (1024 2048 16 ) (1024 2032 16 ) 
4 9 11 (1104 1920 16 ) (1024 1920 16 ) (1024 2048 16 ) (1104 2048 16 ) 
4 9 10 (1168 2048 16 ) (1168 1920 16 ) (1104 1920 16 ) (1104 2048 16 ) 
4 10 14 (1104 2048 -128 ) (1168 2048 -128 ) (1168 1920 -128 ) (1104 1920 -128 ) 
4 10 11 (1104 2048 -128 ) (1104 1920 -128 ) (1104 1920 16 ) (1104 2048 16 ) 
4 11 86 (1024 1920 16 ) (1024 2016 16 ) (1024 2016 -128 ) (1024 1920 -128 ) 
4 11 60 (1024 2016 16 ) (1024 2032 16 ) (1024 2032 -128 ) (1024 2016 -128 ) 
4 11 53 (1024 2032 16 ) (1024 2048 16 ) (1024 2048 -128 ) (1024 2032 -128 ) 
4 11 14 (1024 2048 -128 ) (1104 2048 -128 ) (1104 1920 -128 ) (1024 1920 -128 ) 
4 11 12 (1024 1920 -128 ) (1104 1920 -128 ) (1104 1920 12 ) (1024 1920 12 ) 
4 12 93 (1024 1920 12 ) (1024 1920 -128 ) (1024 1904 -128 ) (1024 1904 12 ) 
4 12 13 (1024 1904 -128 ) (1104 1904 -128 ) (1104 1904 12 ) (1024 1904 12 ) 
4 13 94 (1024 1424 16 ) (1024 1904 16 ) (1024 1904 -128 ) (1024 1424 -128 ) 
4 14 86 (1024 1920 -128 ) (1024 2016 -128 ) (1024 2016 -144 ) (1024 1920 -144 ) 
4 14 60 (1024 2016 -128 ) (1024 2032 -128 ) (1024 2032 -144 ) (1024 2016 -144 ) 
4 14 53 (1024 2032 -128 ) (1024 2048 -128 ) (1024 2048 -144 ) (1024 2032 -144 ) 
4 15 131 (1056 1024 -144 ) (1056 1024 624 ) (1024 1024 624 ) (1024 1024 -144 ) 
4 15 123 (1024 1024 -144 ) (1024 1024 96 ) (1024 1408 96 ) (1024 1408 -144 ) 
4 15 119 (1024 1024 96 ) (1024 1024 112 ) (1024 1408 112 ) (1024 1408 96 ) 
4 15 109 (1024 1392 624 ) (1024 1408 624 ) (1024 1408 434 ) (1024 1392 434 ) 
4 15 108 (1024 1408 434 ) (1024 1408 142 ) (1024 1392 142 ) (1024 1392 434 ) 
4 15 107 (1024 1408 142 ) (1024 1408 112 ) (1024 1392 112 ) (1024 1392 142 ) 
4 15 118 (1024 1024 112 ) (1024 1024 624 ) (1024 1392 624 ) (1024 1392 112 ) 
4 16 22 (576 3456 303 ) (576 3456 96 ) (928 3456 96 ) (928 3456 303 ) 
4 16 18 (928 3456 96 ) (576 3456 96 ) (576 3840 96 ) (928 3840 96 ) 
4 16 17 (576 3840 303 ) (576 3840 96 ) (576 3472 96 ) (576 3472 303 ) 
4 17 21 (128 3472 96 ) (128 3840 96 ) (240 3840 96 ) (240 3472 96 ) 
4 17 20 (240 3840 96 ) (432 3840 96 ) (432 3472 96 ) (240 3472 96 ) 
4 17 19 (432 3840 96 ) (576 3840 96 ) (576 3472 96 ) (432 3472 96 ) 
4 18 23 (928 3456 -32 ) (928 3456 96 ) (576 3456 96 ) (576 3456 -32 ) 
4 18 19 (576 3472 96 ) (576 3840 96 ) (576 3840 -32 ) (576 3472 -32 ) 
4 19 20 (432 3472 96 ) (432 3840 96 ) (432 3840 -32 ) (432 3472 -32 ) 
4 20 25 (432 3456 -32 ) (432 3456 96 ) (240 3456 96 ) (240 3456 -32 ) 
4 20 21 (240 3840 -32 ) (240 3472 -32 ) (240 3472 96 ) (240 3840 96 ) 
4 22 30 (576 3072 287.875000 ) (576 3072 96 ) (928 3072 96 ) (928 3072 287.875000 ) 
4 22 27 (576 3072 303 ) (576 3072 287.875000 ) (928 3072 287.875000 ) (928 3072 303 ) 
4 22 23 (576 3456 96 ) (928 3456 96 ) (928 3072 96 ) (576 3072 96 ) 
4 23 30 (928 3072 96 ) (576 3072 96 ) (576 3072 -32 ) (928 3072 -32 ) 
4 23 24 (576 3312 -32 ) (576 3120 -32 ) (576 3120 96 ) (576 3312 96 ) 
4 24 25 (560 3312 -32 ) (560 3120 -32 ) (560 3120 96 ) (560 3312 96 ) 
4 25 43 (560 3072 -32 ) (560 3072 224 ) (0 3072 224 ) (0 3072 -32 ) 
4 25 41 (560 3072 224 ) (560 3072 624 ) (0 3072 624 ) (0 3072 224 ) 
4 25 26 (0 3072 -32 ) (0 3072 624 ) (0 3200 624 ) (0 3200 -32 ) 
4 26 52 (0 3072 -144 ) (0 3072 624 ) (-512 3072 624 ) (-512 3072 -144 ) 
4 27 30 (576 3072 287.875000 ) (928 3072 287.875000 ) (928 3024 287.875000 ) (576 3024 287.875000 ) 
4 28 38 (784 2752 287.875000 ) (928 2752 287.875000 ) (928 2608 287.875000 ) (784 2608 287.875000 ) 
4 28 37 (928 2752 287.875000 ) (992 2752 287.875000 ) (992 2448 287.875000 ) (928 2448 287.875000 ) 
4 28 35 (992 2752 287.875000 ) (1024 2752 287.875000 ) (1024 2448 287.875000 ) (992 2448 287.875000 ) 
4 28 32 (576 3008 287.875000 ) (800 3008 287.875000 ) (800 2752 287.875000 ) (576 2752 287.875000 ) 
4 28 31 (1024 2880 287.875000 ) (1024 2752 287.875000 ) (800 2752 287.875000 ) (800 2880 287.875000 ) 
4 29 53 (1024 2048 287.875000 ) (1024 2048 624 ) (560 2048 624 ) (560 2048 287.875000 ) 
4 29 42 (560 2432 287.875000 ) (560 2048 287.875000 ) (560 2048 624 ) (560 2432 624 ) 
4 29 39 (560 2048 287.875000 ) (560 2432 287.875000 ) (1024 2432 287.875000 ) (1024 2048 287.875000 ) 
4 31 38 (800 2752 -128 ) (928 2752 -128 ) (928 2752 287.875000 ) (800 2752 287.875000 ) 
4 31 37 (928 2752 -128 ) (992 2752 -128 ) (992 2752 287.875000 ) (928 2752 287.875000 ) 
4 31 35 (992 2752 -128 ) (1024 2752 -128 ) (1024 2752 287.875000 ) (992 2752 287.875000 ) 
4 31 34 (800 2880 -128 ) (800 2752 -128 ) (800 2752 -48 ) (800 2880 -48 ) 
4 31 32 (800 2752 -32 ) (800 2752 287.875000 ) (800 2880 287.875000 ) (800 2880 -32 ) 
4 32 38 (800 2752 -32 ) (800 2752 287.875000 ) (784 2752 287.875000 ) (784 2752 -32 ) 
4 32 33 (576 2944 -32 ) (576 2800 -32 ) (576 2800 96 ) (576 2944 96 ) 
4 33 43 (560 2944 96 ) (560 2944 -32 ) (560 2800 -32 ) (560 2800 96 ) 
4 34 38 (784 2752 -128 ) (800 2752 -128 ) (800 2752 -48 ) (784 2752 -48 ) 
4 35 37 (992 2752 287.875000 ) (992 2752 -128 ) (992 2448 -128 ) (992 2448 287.875000 ) 
4 35 36 (992 2448 0 ) (992 2448 -128 ) (1024 2448 -128 ) (1024 2448 0 ) 
4 36 39 (992 2432 -128 ) (1024 2432 -128 ) (1024 2432 0 ) (992 2432 0 ) 
4 37 38 (928 2752 287.875000 ) (928 2752 -128 ) (928 2608 -128 ) (928 2608 287.875000 ) 
4 39 53 (1024 2048 -128 ) (1024 2048 287.875000 ) (560 2048 287.875000 ) (560 2048 -128 ) 
4 39 50 (560 2048 -128 ) (560 2048 -32 ) (560 2304 -32 ) (560 2304 -128 ) 
4 39 48 (560 2048 -32 ) (560 2048 224 ) (560 2432 224 ) (560 2432 -32 ) 
4 39 42 (560 2048 224 ) (560 2048 287.875000 ) (560 2432 287.875000 ) (560 2432 224 ) 
4 39 40 (560 2048 -128 ) (560 2432 -128 ) (1024 2432 -128 ) (1024 2048 -128 ) 
4 40 53 (1024 2048 -144 ) (1024 2048 -128 ) (560 2048 -128 ) (560 2048 -144 ) 
4 40 51 (560 2048 -144 ) (560 2048 -128 ) (560 2432 -128 ) (560 2432 -144 ) 
4 41 52 (0 2688 624 ) (0 3072 624 ) (0 3072 224 ) (0 2688 224 ) 
4 41 43 (0 3072 224 ) (560 3072 224 ) (560 2688 224 ) (0 2688 224 ) 
4 42 53 (560 2048 224 ) (560 2048 624 ) (0 2048 624 ) (0 2048 224 ) 
4 42 52 (0 2048 224 ) (0 2048 624 ) (0 2432 624 ) (0 2432 224 ) 
4 42 48 (560 2432 224 ) (560 2048 224 ) (0 2048 224 ) (0 2432 224 ) 
4 43 52 (0 2688 224 ) (0 3072 224 ) (0 3072 -32 ) (0 2688 -32 ) 
4 43 44 (24 2688 -32 ) (168 2688 -32 ) (168 2688 96 ) (24 2688 96 ) 
4 44 45 (24 2672 -32 ) (168 2672 -32 ) (168 2672 96 ) (24 2672 96 ) 
4 45 47 (407.750000 2448 -32 ) (551.750000 2448 -32 ) (551.750000 2448 96 ) (407.750000 2448 96 ) 
4 45 46 (551.750000 2448 -32 ) (552 2448 -32 ) (552 2448 208 ) (551.750000 2448 208 ) 
4 46 47 (551.750000 2448 96 ) (551.750000 2448 -32 ) (551.750000 2432 -32 ) (551.750000 2432 96 ) 
4 46 48 (551.750000 2432 -32 ) (552 2432 -32 ) (552 2432 224 ) (551.750000 2432 224 ) 
4 47 48 (407.750000 2432 -32 ) (551.750000 2432 -32 ) (551.750000 2432 96 ) (407.750000 2432 96 ) 
4 48 53 (560 2048 -32 ) (560 2048 224 ) (0 2048 224 ) (0 2048 -32 ) 
4 48 52 (0 2048 -32 ) (0 2048 224 ) (0 2432 224 ) (0 2432 -32 ) 
4 48 49 (0 2304 -32 ) (0 2432 -32 ) (400 2432 -32 ) (400 2304 -32 ) 
4 48 50 (0 2048 -32 ) (0 2304 -32 ) (560 2304 -32 ) (560 2048 -32 ) 
4 49 52 (0 2304 -32 ) (0 2432 -32 ) (0 2432 -128 ) (0 2304 -128 ) 
4 49 51 (0 2304 -128 ) (0 2432 -128 ) (128 2432 -128 ) (128 2304 -128 ) 
4 49 50 (0 2304 -128 ) (128 2304 -128 ) (400 2304 -32 ) (0 2304 -32 ) 
4 50 53 (560 2048 -128 ) (560 2048 -32 ) (0 2048 -32 ) (0 2048 -128 ) 
4 50 52 (0 2048 -128 ) (0 2048 -32 ) (0 2304 -32 ) (0 2304 -128 ) 
4 50 51 (0 2048 -128 ) (0 2304 -128 ) (560 2304 -128 ) (560 2048 -128 ) 
4 51 53 (560 2048 -144 ) (560 2048 -128 ) (0 2048 -128 ) (0 2048 -144 ) 
4 51 52 (0 2048 -144 ) (0 2048 -128 ) (0 2432 -128 ) (0 2432 -144 ) 
4 52 124 (0 2048 -144 ) (0 2048 624 ) (-512 2048 624 ) (-512 2048 -144 ) 
4 53 124 (0 2048 624 ) (0 2048 -144 ) (0 2032 -144 ) (0 2032 624 ) 
4 53 61 (16 2032 -144 ) (752 2032 -144 ) (752 2032 16 ) (16 2032 16 ) 
4 53 60 (768 2032 -144 ) (1024 2032 -144 ) (1024 2032 16 ) (768 2032 16 ) 
4 53 59 (16 2032 16 ) (512 2032 16 ) (460.799988 2032 32 ) (16 2032 32 ) 
4 53 58 (256 2032 96 ) (16 2032 96 ) (16 2032 32 ) (460.799927 2032 32 ) 
4 53 57 (768 2032 32 ) (768 2032 96 ) (307.199982 2032 96 ) (512 2032 32 ) 
4 53 56 (768 2032 16 ) (1024 2032 16 ) (1024 2032 96 ) (768 2032 96 ) 
4 53 55 (307.199982 2032 96 ) (1024 2032 96 ) (1024 2032 112 ) (256 2032 112 ) 
4 53 54 (0 2032 624 ) (0 2032 112 ) (1024 2032 112 ) (1024 2032 624 ) 
4 54 124 (0 2016 112 ) (0 2016 624 ) (0 2032 624 ) (0 2032 112 ) 
4 54 62 (0 2016 624 ) (0 2016 112 ) (1024 2016 112 ) (1024 2016 624 ) 
4 54 55 (1024 2016 112 ) (256 2016 112 ) (256 2032 112 ) (1024 2032 112 ) 
5 55 64 (288 2016 112 ) (272 2016 112 ) (272 2016 107 ) (281.600037 2016 104 ) (288 2016 104 ) 
5 55 63 (307.199982 2016 96 ) (1024 2016 96 ) (1024 2016 112 ) (288 2016 112 ) (288 2016 102 ) 
3 55 65 (272 2016 112 ) (256 2016 112 ) (272 2016 107 ) 
4 55 57 (768 2016 96 ) (307.200012 2016 96 ) (307.199982 2032 96 ) (768 2032 96 ) 
4 55 56 (1024 2016 96 ) (768 2016 96 ) (768 2032 96 ) (1024 2032 96 ) 
4 56 82 (768 2016 16 ) (1024 2016 16 ) (1024 2016 32 ) (768 2016 32 ) 
4 56 80 (1024 2016 32 ) (1024 2016 40 ) (768 2016 40 ) (768 2016 32 ) 
4 56 78 (1024 2016 40 ) (1024 2016 48 ) (768 2016 48 ) (768 2016 40 ) 
4 56 76 (1024 2016 48 ) (1024 2016 56 ) (768 2016 56 ) (768 2016 48 ) 
4 56 74 (1024 2016 56 ) (1024 2016 64 ) (768 2016 64 ) (768 2016 56 ) 
4 56 72 (1024 2016 64 ) (1024 2016 72 ) (768 2016 72 ) (768 2016 64 ) 
4 56 70 (1024 2016 72 ) (1024 2016 80 ) (768 2016 80 ) (768 2016 72 ) 
4 56 68 (1024 2016 80 ) (1024 2016 88 ) (768 2016 88 ) (768 2016 80 ) 
4 56 66 (1024 2016 88 ) (1024 2016 96 ) (768 2016 96 ) (768 2016 88 ) 
4 56 60 (1024 2016 16 ) (768 2016 16 ) (768 2032 16 ) (1024 2032 16 ) 
4 56 57 (768 2016 32 ) (768 2016 96 ) (768 2032 96 ) (768 2032 32 ) 
4 57 80 (768 2016 32 ) (768 2016 40 ) (486.399994 2016 40 ) (512 2016 32 ) 
4 57 78 (768 2016 40 ) (768 2016 48 ) (460.799988 2016 48 ) (486.399994 2016 40 ) 
4 57 76 (768 2016 48 ) (768 2016 56 ) (435.199982 2016 56 ) (460.799988 2016 48 ) 
4 57 74 (768 2016 56 ) (768 2016 64 ) (409.599976 2016 64 ) (435.199982 2016 56 ) 
4 57 72 (768 2016 64 ) (768 2016 72 ) (384 2016 72 ) (409.599976 2016 64 ) 
5 57 70 (768 2016 72 ) (768 2016 80 ) (360 2016 80 ) (360 2016 79.499992 ) (384 2016 72 ) 
5 57 68 (768 2016 80 ) (768 2016 88 ) (336 2016 88 ) (336 2016 87 ) (358.399963 2016 80 ) 
5 57 66 (768 2016 88 ) (768 2016 96 ) (312 2016 96 ) (312 2016 94.499992 ) (332.799988 2016 88 ) 
4 58 81 (16 2016 40 ) (16 2016 32 ) (460.799927 2016 32 ) (435.199951 2016 40 ) 
4 58 79 (16 2016 48 ) (16 2016 40 ) (435.199951 2016 40 ) (409.599945 2016 48 ) 
4 58 77 (16 2016 56 ) (16 2016 48 ) (409.599945 2016 48 ) (384 2016 56 ) 
4 58 75 (16 2016 64 ) (16 2016 56 ) (384 2016 56 ) (358.399963 2016 64 ) 
4 58 73 (16 2016 72 ) (16 2016 64 ) (358.399963 2016 64 ) (332.799957 2016 72 ) 
4 58 71 (16 2016 80 ) (16 2016 72 ) (332.799957 2016 72 ) (307.199951 2016 80 ) 
4 58 69 (16 2016 88 ) (16 2016 80 ) (307.199951 2016 80 ) (281.599976 2016 88 ) 
4 58 67 (256 2016 96 ) (16 2016 96 ) (16 2016 88 ) (281.599976 2016 88 ) 
4 58 59 (16 2016 32 ) (16 2032 32 ) (460.799927 2032 32 ) (460.799988 2016 32 ) 
4 59 84 (488 2016 16 ) (504 2016 16 ) (504 2016 18.499990 ) (488 2016 23.499992 ) 
3 59 83 (504 2016 16 ) (512 2016 16 ) (504 2016 18.499990 ) 
5 59 85 (16 2016 16 ) (488 2016 16 ) (488 2016 23.499992 ) (460.799988 2016 32 ) (16 2016 32 ) 
4 59 61 (512 2016 16 ) (16 2016 16 ) (16 2032 16 ) (512 2032 16 ) 
4 60 86 (768 2016 -144 ) (1024 2016 -144 ) (1024 2016 16 ) (768 2016 16 ) 
4 61 86 (16 2016 -144 ) (752 2016 -144 ) (752 2016 16 ) (16 2016 16 ) 
4 62 124 (0 1920 112 ) (0 1920 624 ) (0 2016 624 ) (0 2016 112 ) 
4 62 96 (24 1920 248 ) (24 1920 112 ) (232 1920 112 ) (232 1920 248 ) 
4 62 91 (912 1920 256 ) (640 1920 256 ) (640 1920 112 ) (912 1920 112 ) 
4 62 89 (1024 1920 112 ) (1024 1920 256 ) (912 1920 256 ) (912 1920 112 ) 
4 62 87 (1024 1920 256 ) (1024 1920 624 ) (640 1920 624 ) (640 1920 256 ) 
4 62 64 (288 1920 112 ) (272 1920 112 ) (272 2016 112 ) (288 2016 112 ) 
4 62 63 (1024 1920 112 ) (288 1920 112 ) (288 2016 112 ) (1024 2016 112 ) 
4 62 65 (272 1920 112 ) (256 1920 112 ) (256 2016 112 ) (272 2016 112 ) 
4 63 91 (912 1920 112 ) (640 1920 112 ) (640 1920 96 ) (912 1920 96 ) 
4 63 89 (1024 1920 96 ) (1024 1920 112 ) (912 1920 112 ) (912 1920 96 ) 
4 63 66 (1024 1920 96 ) (312 1920 96 ) (312 2016 96 ) (1024 2016 96 ) 
4 63 67 (296 1920 96 ) (288 1920 96 ) (288 2016 96 ) (296 2016 96 ) 
4 63 64 (288 1920 104 ) (288 1920 112 ) (288 2016 112 ) (288 2016 104 ) 
4 64 65 (272 1920 104 ) (272 1920 112 ) (272 2016 112 ) (272 2016 104 ) 
4 65 67 (272 1920 96 ) (256 1920 96 ) (256 2016 96 ) (272 2016 96 ) 
4 66 91 (912 1920 96 ) (640 1920 96 ) (640 1920 88 ) (912 1920 88 ) 
4 66 89 (1024 1920 88 ) (1024 1920 96 ) (912 1920 96 ) (912 1920 88 ) 
4 66 68 (1024 1920 88 ) (336 1920 88 ) (336 2016 88 ) (1024 2016 88 ) 
4 66 69 (320 1920 88 ) (312 1920 88 ) (312 2016 88 ) (320 2016 88 ) 
4 67 124 (0 1920 88 ) (0 1920 96 ) (0 2016 96 ) (0 2016 88 ) 
4 67 69 (296 1920 88 ) (0 1920 88 ) (0 2016 88 ) (296 2016 88 ) 
4 68 91 (912 1920 88 ) (640 1920 88 ) (640 1920 80 ) (912 1920 80 ) 
4 68 89 (1024 1920 80 ) (1024 1920 88 ) (912 1920 88 ) (912 1920 80 ) 
4 68 70 (1024 1920 80 ) (360 1920 80 ) (360 2016 80 ) (1024 2016 80 ) 
4 68 71 (344 1920 80 ) (336 1920 80 ) (336 2016 80 ) (344 2016 80 ) 
4 69 124 (0 1920 80 ) (0 1920 88 ) (0 2016 88 ) (0 2016 80 ) 
4 69 71 (320 1920 80 ) (0 1920 80 ) (0 2016 80 ) (320 2016 80 ) 
4 70 91 (912 1920 80 ) (640 1920 80 ) (640 1920 72 ) (912 1920 72 ) 
4 70 89 (1024 1920 72 ) (1024 1920 80 ) (912 1920 80 ) (912 1920 72 ) 
4 70 72 (1024 1920 72 ) (384 1920 72 ) (384 2016 72 ) (1024 2016 72 ) 
4 70 73 (368 1920 72 ) (360 1920 72 ) (360 2016 72 ) (368 2016 72 ) 
4 71 124 (0 1920 72 ) (0 1920 80 ) (0 2016 80 ) (0 2016 72 ) 
4 71 73 (344 1920 72 ) (0 1920 72 ) (0 2016 72 ) (344 2016 72 ) 
4 72 91 (912 1920 72 ) (640 1920 72 ) (640 1920 64 ) (912 1920 64 ) 
4 72 89 (1024 1920 64 ) (1024 1920 72 ) (912 1920 72 ) (912 1920 64 ) 
4 72 74 (1024 1920 64 ) (408 1920 64 ) (408 2016 64 ) (1024 2016 64 ) 
4 72 75 (392 1920 64 ) (384 1920 64 ) (384 2016 64 ) (392 2016 64 ) 
4 73 124 (0 1920 64 ) (0 1920 72 ) (0 2016 72 ) (0 2016 64 ) 
4 73 75 (368 1920 64 ) (0 1920 64 ) (0 2016 64 ) (368 2016 64 ) 
4 74 91 (912 1920 64 ) (640 1920 64 ) (640 1920 56 ) (912 1920 56 ) 
4 74 89 (1024 1920 56 ) (1024 1920 64 ) (912 1920 64 ) (912 1920 56 ) 
4 74 76 (1024 1920 56 ) (432 1920 56 ) (432 2016 56 ) (1024 2016 56 ) 
4 74 77 (416 1920 56 ) (408 1920 56 ) (408 2016 56 ) (416 2016 56 ) 
4 75 124 (0 1920 56 ) (0 1920 64 ) (0 2016 64 ) (0 2016 56 ) 
4 75 77 (392 1920 56 ) (0 1920 56 ) (0 2016 56 ) (392 2016 56 ) 
4 76 91 (912 1920 56 ) (640 1920 56 ) (640 1920 48 ) (912 1920 48 ) 
4 76 89 (1024 1920 48 ) (1024 1920 56 ) (912 1920 56 ) (912 1920 48 ) 
4 76 78 (1024 1920 48 ) (456 1920 48 ) (456 2016 48 ) (1024 2016 48 ) 
4 76 79 (440 1920 48 ) (432 1920 48 ) (432 2016 48 ) (440 2016 48 ) 
4 77 124 (0 1920 48 ) (0 1920 56 ) (0 2016 56 ) (0 2016 48 ) 
4 77 79 (416 1920 48 ) (0 1920 48 ) (0 2016 48 ) (416 2016 48 ) 
4 78 91 (912 1920 48 ) (640 1920 48 ) (640 1920 40 ) (912 1920 40 ) 
4 78 89 (1024 1920 40 ) (1024 1920 48 ) (912 1920 48 ) (912 1920 40 ) 
4 78 80 (1024 1920 40 ) (480 1920 40 ) (480 2016 40 ) (1024 2016 40 ) 
4 78 81 (464 1920 40 ) (456 1920 40 ) (456 2016 40 ) (464 2016 40 ) 
4 79 124 (0 1920 40 ) (0 1920 48 ) (0 2016 48 ) (0 2016 40 ) 
4 79 81 (440 1920 40 ) (0 1920 40 ) (0 2016 40 ) (440 2016 40 ) 
4 80 91 (912 1920 40 ) (640 1920 40 ) (640 1920 32 ) (912 1920 32 ) 
4 80 89 (1024 1920 32 ) (1024 1920 40 ) (912 1920 40 ) (912 1920 32 ) 
4 80 83 (512 1920 32 ) (504 1920 32 ) (504 2016 32 ) (512 2016 32 ) 
4 80 85 (488 1920 32 ) (480 1920 32 ) (480 2016 32 ) (488 2016 32 ) 
4 80 82 (1024 1920 32 ) (768 1920 32 ) (768 2016 32 ) (1024 2016 32 ) 
4 81 124 (0 1920 32 ) (0 1920 40 ) (0 2016 40 ) (0 2016 32 ) 
4 81 85 (464 1920 32 ) (0 1920 32 ) (0 2016 32 ) (464 2016 32 ) 
4 82 86 (1024 1920 16 ) (768 1920 16 ) (768 2016 16 ) (1024 2016 16 ) 
4 83 86 (512 1920 16 ) (504 1920 16 ) (504 2016 16 ) (512 2016 16 ) 
4 83 84 (504 2016 16 ) (504 1920 16 ) (504 1920 24 ) (504 2016 24 ) 
4 84 86 (504 1920 16 ) (488 1920 16 ) (488 2016 16 ) (504 2016 16 ) 
4 84 85 (488 2016 16 ) (488 1920 16 ) (488 1920 24 ) (488 2016 24 ) 
4 85 124 (0 1920 16 ) (0 1920 32 ) (0 2016 32 ) (0 2016 16 ) 
4 85 86 (488 1920 16 ) (0 1920 16 ) (0 2016 16 ) (488 2016 16 ) 
4 86 124 (0 1920 -144 ) (0 1920 16 ) (0 2016 16 ) (0 2016 -144 ) 
4 86 93 (1024 1920 -128 ) (1024 1920 12 ) (912 1920 12 ) (912 1920 -128 ) 
4 87 91 (640 1664 256 ) (640 1920 256 ) (912 1920 256 ) (912 1664 256 ) 
4 87 89 (912 1920 256 ) (1024 1920 256 ) (1024 1664 256 ) (912 1664 256 ) 
4 88 102 (48 1424 256 ) (144 1424 256 ) (144 1424 288 ) (48 1424 288 ) 
4 88 97 (624 1424 256 ) (16 1424 256 ) (16 1904 256 ) (624 1904 256 ) 
4 89 91 (912 1920 32 ) (912 1664 32 ) (912 1664 256 ) (912 1920 256 ) 
4 89 90 (912 1664 172 ) (912 1664 32 ) (1024 1664 32 ) (1024 1664 172 ) 
4 90 92 (912 1648 32 ) (1024 1648 32 ) (1024 1648 172 ) (912 1648 172 ) 
4 92 99 (752 1424 192 ) (752 1424 64 ) (848 1424 64 ) (848 1424 192 ) 
4 93 94 (912 1904 12 ) (912 1904 -128 ) (1024 1904 -128 ) (1024 1904 12 ) 
4 94 95 (912 1904 -128 ) (912 1424 -128 ) (912 1424 16 ) (912 1904 16 ) 
4 95 100 (704 1424 12 ) (704 1424 -128 ) (896 1424 -128 ) (896 1424 12 ) 
4 96 97 (24 1904 112 ) (232 1904 112 ) (232 1904 248 ) (24 1904 248 ) 
4 97 105 (376 1424 112 ) (504 1424 112 ) (504 1424 160 ) (376 1424 160 ) 
4 97 102 (144 1424 256 ) (48 1424 256 ) (48 1424 160 ) (144 1424 160 ) 
4 97 101 (376 1424 248 ) (376 1424 160 ) (504 1424 160 ) (504 1424 248 ) 
4 97 98 (16 1560 112 ) (16 1432 112 ) (16 1432 248 ) (16 1560 248 ) 
4 98 125 (0 1560 248 ) (0 1560 112 ) (0 1432 112 ) (0 1432 248 ) 
4 99 123 (752 1408 96 ) (752 1408 64 ) (848 1408 64 ) (848 1408 96 ) 
4 99 119 (752 1408 112 ) (752 1408 96 ) (848 1408 96 ) (848 1408 112 ) 
3 99 108 (848 1408 186 ) (848 1408 192 ) (824 1408 192 ) 
5 99 107 (752 1408 192 ) (752 1408 112 ) (848 1408 112 ) (848 1408 186 ) (824 1408 192 ) 
4 100 123 (704 1408 12 ) (704 1408 -128 ) (896 1408 -128 ) (896 1408 12 ) 
3 101 107 (504 1408 215 ) (504 1408 248 ) (471 1408 248 ) 
5 101 106 (376 1408 160 ) (504 1408 160 ) (504 1408 215 ) (471 1408 248 ) (376 1408 248 ) 
4 101 105 (376 1424 160 ) (504 1424 160 ) (504 1408 160 ) (376 1408 160 ) 
4 102 103 (144 1418 160 ) (144 1418 288 ) (48 1418 288 ) (48 1418 160 ) 
4 103 104 (144 1414 160 ) (144 1414 288 ) (48 1414 288 ) (48 1414 160 ) 
4 104 106 (48 1408 160 ) (144 1408 160 ) (144 1408 288 ) (48 1408 288 ) 
4 105 106 (376 1408 112 ) (504 1408 112 ) (504 1408 160 ) (376 1408 160 ) 
4 106 130 (0 1392 624 ) (0 1408 624 ) (0 1408 112 ) (0 1392 112 ) 
4 106 122 (0 1392 112 ) (0 1408 112 ) (368 1408 112 ) (368 1392 112 ) 
4 106 120 (384 1408 112 ) (496 1408 112 ) (496 1392 112 ) (384 1392 112 ) 
4 106 119 (512 1408 112 ) (607 1408 112 ) (607 1392 112 ) (512 1392 112 ) 
4 106 117 (414.199982 1392 304.799866 ) (419 1392 300 ) (419 1408 300 ) (414.199982 1408 304.799835 ) 
4 106 116 (407 1392 312 ) (414.199982 1392 304.799866 ) (414.199982 1408 304.799835 ) (407 1408 312 ) 
4 106 115 (394.399902 1392 324.599976 ) (407 1392 312 ) (407 1408 312 ) (394.399872 1408 324.599976 ) 
4 106 114 (364 1392 355 ) (394.399902 1392 324.599976 ) (394.399872 1408 324.599976 ) (364 1408 355 ) 
4 106 113 (95 1392 624 ) (364 1392 355 ) (364 1408 355 ) (95 1408 624 ) 
4 106 107 (428 1392 291 ) (607 1392 112 ) (607 1408 112 ) (428 1408 291 ) 
4 106 118 (0 1392 112 ) (607 1392 112 ) (95 1392 624 ) (0 1392 624 ) 
4 107 119 (607 1408 112 ) (1024 1408 112 ) (1024 1392 112 ) (607 1392 112 ) 
4 107 108 (440 1392 288 ) (1024 1392 142 ) (1024 1408 142 ) (440 1408 288 ) 
4 107 118 (607 1392 112 ) (1024 1392 112 ) (1024 1392 142 ) (428 1392 291 ) 
4 108 109 (452 1392 291 ) (1024 1392 434 ) (1024 1408 434 ) (452 1408 291 ) 
3 108 118 (1024 1392 142 ) (1024 1392 434 ) (440 1392 288 ) 
4 109 110 (461 1392 300 ) (785 1392 624 ) (785 1408 624 ) (461 1408 300 ) 
4 109 118 (1024 1392 434 ) (1024 1392 624 ) (785 1392 624 ) (452 1392 291 ) 
4 110 111 (464 1392 312 ) (542 1392 624 ) (542 1408 624 ) (464 1408 312 ) 
3 110 118 (785 1392 624 ) (542 1392 624 ) (461 1392 300 ) 
4 111 112 (461 1392 324 ) (386 1392 624 ) (386 1408 624 ) (461 1408 324 ) 
3 111 118 (542 1392 624 ) (386 1392 624 ) (464 1392 312 ) 
4 112 113 (452 1392 333 ) (161 1392 624 ) (161 1408 624 ) (452 1408 333 ) 
3 112 118 (386 1392 624 ) (161 1392 624 ) (461 1392 324 ) 
4 113 114 (363.997986 1392 355 ) (363.997986 1408 355 ) (440 1408 336 ) (440 1392 336 ) 
4 113 118 (161 1392 624 ) (95 1392 624 ) (364 1392 355 ) (452 1392 333 ) 
4 114 115 (394.399994 1392 324.600006 ) (394.399994 1408 324.600006 ) (428 1408 333 ) (428 1392 333 ) 
3 114 118 (364 1392 355 ) (394.399963 1392 324.600006 ) (440 1392 336 ) 
4 115 116 (407 1392 312 ) (407 1408 312 ) (419 1408 324 ) (419 1392 324 ) 
3 115 118 (394.399963 1392 324.600006 ) (407 1392 312 ) (428 1392 333 ) 
4 116 117 (414.200012 1392 304.799988 ) (414.200012 1408 304.799988 ) (416 1408 312 ) (416 1392 312 ) 
3 116 118 (407 1392 312 ) (414.200012 1392 304.799957 ) (419 1392 324 ) 
3 117 118 (414.200012 1392 304.799957 ) (419 1392 300 ) (416 1392 312 ) 
4 118 170 (128 1024 624 ) (0 1024 624 ) (0 1024 112 ) (128 1024 112 ) 
4 118 142 (512 1024 624 ) (128 1024 624 ) (128 1024 112 ) (512 1024 112 ) 
4 118 132 (1024 1024 112 ) (1024 1024 624 ) (512 1024 624 ) (512 1024 112 ) 
4 118 130 (0 1024 112 ) (0 1024 624 ) (0 1392 624 ) (0 1392 112 ) 
4 118 122 (368 1024 112 ) (0 1024 112 ) (0 1392 112 ) (368 1392 112 ) 
4 118 120 (496 1024 112 ) (384 1024 112 ) (384 1392 112 ) (496 1392 112 ) 
4 118 119 (1024 1024 112 ) (512 1024 112 ) (512 1392 112 ) (1024 1392 112 ) 
4 119 132 (1024 1024 96 ) (1024 1024 112 ) (512 1024 112 ) (512 1024 96 ) 
4 119 123 (512 1408 96 ) (1024 1408 96 ) (1024 1024 96 ) (512 1024 96 ) 
4 120 155 (496 1024 112 ) (384 1024 112 ) (384 1024 111 ) (496 1024 111 ) 
4 120 121 (384 1024 111 ) (384 1408 111 ) (496 1408 111 ) (496 1024 111 ) 
4 121 156 (384 1024 111 ) (384 1024 96 ) (496 1024 96 ) (496 1024 111 ) 
4 121 123 (384 1408 96 ) (496 1408 96 ) (496 1024 96 ) (384 1024 96 ) 
4 122 170 (128 1024 112 ) (0 1024 112 ) (0 1024 96 ) (128 1024 96 ) 
4 122 157 (368 1024 112 ) (128 1024 112 ) (128 1024 96 ) (368 1024 96 ) 
4 122 130 (0 1024 96 ) (0 1024 112 ) (0 1408 112 ) (0 1408 96 ) 
4 122 123 (0 1024 96 ) (0 1408 96 ) (368 1408 96 ) (368 1024 96 ) 
4 123 170 (128 1024 96 ) (0 1024 96 ) (0 1024 -144 ) (128 1024 -144 ) 
4 123 158 (512 1024 96 ) (128 1024 96 ) (128 1024 -144 ) (512 1024 -144 ) 
4 123 132 (1024 1024 -144 ) (1024 1024 96 ) (512 1024 96 ) (512 1024 -144 ) 
4 123 130 (0 1024 -144 ) (0 1024 96 ) (0 1408 96 ) (0 1408 -144 ) 
4 124 127 (-368 1792 12 ) (-368 1792 -128 ) (-208 1792 -128 ) (-208 1792 12 ) 
4 124 125 (0 1792 112 ) (0 1792 624 ) (-368 1792 624 ) (-368 1792 112 ) 
4 125 130 (-368 1408 112 ) (0 1408 112 ) (0 1408 624 ) (-368 1408 624 ) 
4 126 129 (-144 1424 -128 ) (0 1424 -128 ) (0 1424 0 ) (-144 1424 0 ) 
4 126 128 (-160 1616 -128 ) (-160 1424 -128 ) (-160 1424 0 ) (-160 1616 0 ) 
4 127 128 (-368 1776 12 ) (-368 1776 -128 ) (-208 1776 -128 ) (-208 1776 12 ) 
4 129 130 (0 1408 -128 ) (0 1408 0 ) (-144 1408 0 ) (-144 1408 -128 ) 
4 130 183 (0 1024 -144 ) (0 1024 624 ) (-512 1024 624 ) (-512 1024 -144 ) 
4 131 133 (1024 640 -144 ) (1024 384 -144 ) (1024 384 624 ) (1024 640 624 ) 
4 131 132 (1024 1024 624 ) (1024 1024 -144 ) (1024 640 -144 ) (1024 640 624 ) 
4 132 158 (512 1024 96 ) (512 1024 -144 ) (512 896 -144 ) (512 896 96 ) 
4 132 148 (512 768 624 ) (512 784 624 ) (512 784 504 ) (512 768 504 ) 
4 132 147 (512 784 504 ) (512 784 351 ) (512 768 351 ) (512 768 504 ) 
4 132 146 (512 784 351 ) (512 784 306 ) (512 768 306 ) (512 768 351 ) 
4 132 145 (512 784 306 ) (512 784 270 ) (512 768 270 ) (512 768 306 ) 
4 132 144 (512 784 270 ) (512 784 207 ) (512 768 207 ) (512 768 270 ) 
4 132 143 (512 784 207 ) (512 784 112 ) (512 768 112 ) (512 768 207 ) 
4 132 142 (512 784 624 ) (512 1024 624 ) (512 1024 112 ) (512 784 112 ) 
4 132 133 (1024 640 624 ) (512 640 624 ) (512 640 -144 ) (1024 640 -144 ) 
4 133 135 (592 384 0 ) (784 384 0 ) (784 384 140 ) (592 384 140 ) 
4 134 193 (960 0 288 ) (960 0 0 ) (1008 0 0 ) (1008 0 288 ) 
4 134 139 (960 192 0 ) (960 0 0 ) (960 0 160 ) (960 192 160 ) 
4 134 138 (960 0 160 ) (960 0 288 ) (960 192 288 ) (960 192 160 ) 
4 134 136 (960 368 0 ) (960 192 0 ) (960 192 288 ) (960 368 288 ) 
4 135 136 (592 368 0 ) (784 368 0 ) (784 368 140 ) (592 368 140 ) 
4 136 140 (528 192 0 ) (640 192 0 ) (640 192 160 ) (528 192 160 ) 
4 136 139 (640 192 0 ) (960 192 0 ) (960 192 160 ) (640 192 160 ) 
4 136 138 (960 192 160 ) (960 192 288 ) (528 192 288 ) (528 192 160 ) 
4 137 173 (512 192 -208 ) (512 192 -16 ) (512 256 -16 ) (512 256 -208 ) 
4 137 141 (512 192 -16 ) (512 192 -187.870956 ) (640 192 -134.193542 ) (640 192 -16 ) 
3 137 139 (640 192 -134.193542 ) (921.846191 192 -16 ) (640 192 -16 ) 
4 138 193 (960 0 160 ) (960 0 288 ) (528 0 288 ) (528 0 160 ) 
4 138 140 (528 192 160 ) (640 192 160 ) (640 0 160 ) (528 0 160 ) 
4 138 139 (640 192 160 ) (960 192 160 ) (960 0 160 ) (640 0 160 ) 
4 139 193 (960 0 0 ) (960 0 160 ) (640 0 160 ) (640 0 0 ) 
4 139 140 (640 0 0 ) (640 0 160 ) (640 192 160 ) (640 192 0 ) 
4 139 141 (640 192 -134.193359 ) (640 0 -134.193359 ) (640 0 -16 ) (640 192 -16 ) 
4 140 194 (528 0 160 ) (512 0 160 ) (512 0 0 ) (528 0 0 ) 
4 140 193 (640 0 160 ) (528 0 160 ) (528 0 0 ) (640 0 0 ) 
4 140 172 (512 0 0 ) (512 0 160 ) (512 192 160 ) (512 192 0 ) 
4 141 174 (512 0 -187.870941 ) (512 0 -16 ) (512 192 -16 ) (512 192 -187.870941 ) 
4 142 170 (128 784 624 ) (128 1024 624 ) (128 1024 112 ) (128 784 112 ) 
4 142 157 (128 896 112 ) (128 1024 112 ) (368 1024 112 ) (368 896 112 ) 
4 142 155 (384 1024 112 ) (496 1024 112 ) (496 896 112 ) (384 896 112 ) 
3 142 154 (414.200012 784 304.799988 ) (419 784 300 ) (416 784 312 ) 
3 142 153 (407 784 312 ) (414.200012 784 304.799988 ) (419 784 324 ) 
3 142 152 (394.399994 784 324.600006 ) (407 784 312 ) (428 784 333 ) 
3 142 151 (364 784 355 ) (394.399994 784 324.600006 ) (440 784 336 ) 
5 142 150 (161 784 624 ) (128 784 624 ) (128 784 591 ) (364 784 355 ) (452 784 333 ) 
3 142 149 (386 784 624 ) (161 784 624 ) (461 784 324 ) 
4 142 148 (512 784 504 ) (512 784 624 ) (386 784 624 ) (464 784 312 ) 
3 142 147 (512 784 351 ) (512 784 504 ) (461 784 300 ) 
3 142 146 (512 784 306 ) (512 784 351 ) (452 784 291 ) 
3 142 145 (512 784 270 ) (512 784 306 ) (440 784 288 ) 
3 142 144 (512 784 207 ) (512 784 270 ) (428 784 291 ) 
4 142 143 (128 784 112 ) (512 784 112 ) (512 784 207 ) (128 784 591 ) 
4 143 170 (128 768 112 ) (128 768 591 ) (128 784 591 ) (128 784 112 ) 
4 143 159 (208 768 112 ) (400 768 112 ) (400 768 240 ) (208 768 240 ) 
4 143 154 (419.001312 784 299.994781 ) (414.199249 784 304.796844 ) (414.199249 768 304.796844 ) (419.001312 768 299.994781 ) 
4 143 153 (414.199249 784 304.796844 ) (406.998047 784 311.998047 ) (406.998047 768 311.998047 ) (414.199249 768 304.796844 ) 
4 143 152 (406.998047 784 311.998047 ) (394.396881 784 324.599213 ) (394.396881 768 324.599213 ) (406.998047 768 311.998047 ) 
4 143 151 (394.396881 784 324.599213 ) (363.994812 784 355.001282 ) (363.994812 768 355.001282 ) (394.396881 768 324.599213 ) 
4 143 150 (363.994812 784 355.001282 ) (128 784 590.996094 ) (128 768 590.996094 ) (363.994812 768 355.001282 ) 
4 143 144 (512 784 206.996094 ) (427.994781 784 291.001312 ) (427.994781 768 291.001312 ) (512 768 206.996094 ) 
4 144 145 (512 784 270 ) (440 784 288 ) (440 768 288 ) (512 768 270 ) 
4 145 146 (512 784 306 ) (452 784 291 ) (452 768 291 ) (512 768 306 ) 
4 146 147 (512 784 351 ) (461 784 300 ) (461 768 300 ) (512 768 351 ) 
4 147 148 (512 784 504 ) (464 784 312 ) (464 768 312 ) (512 768 504 ) 
4 148 149 (386 784 624 ) (461 784 324 ) (461 768 324 ) (386 768 624 ) 
4 149 150 (161 784 624 ) (452 784 333 ) (452 768 333 ) (161 768 624 ) 
4 150 170 (128 768 591 ) (128 768 624 ) (128 784 624 ) (128 784 591 ) 
4 150 151 (363.998016 768 355 ) (363.998016 784 355 ) (440 784 336 ) (440 768 336 ) 
4 151 152 (394.399994 768 324.600006 ) (394.399994 784 324.600006 ) (428 784 333 ) (428 768 333 ) 
4 152 153 (407 768 312 ) (407 784 312 ) (419 784 324 ) (419 768 324 ) 
4 153 154 (414.200012 768 304.799988 ) (414.200012 784 304.799988 ) (416 784 312 ) (416 768 312 ) 
4 155 156 (384 896 111 ) (384 1024 111 ) (496 1024 111 ) (496 896 111 ) 
4 156 158 (496 896 96 ) (384 896 96 ) (384 1024 96 ) (496 1024 96 ) 
4 157 170 (128 896 96 ) (128 896 112 ) (128 1024 112 ) (128 1024 96 ) 
4 157 158 (368 896 96 ) (128 896 96 ) (128 1024 96 ) (368 1024 96 ) 
4 158 170 (128 896 -144 ) (128 896 96 ) (128 1024 96 ) (128 1024 -144 ) 
4 159 160 (208 736 112 ) (400 736 112 ) (400 736 240 ) (208 736 240 ) 
4 160 165 (160 640 112 ) (368 640 112 ) (368 640 368 ) (160 640 368 ) 
4 160 162 (368 640 112 ) (448 640 112 ) (448 640 368 ) (368 640 368 ) 
4 160 161 (448 640 112 ) (480 640 112 ) (480 640 368 ) (448 640 368 ) 
4 161 162 (448 384 112 ) (448 384 368 ) (448 640 368 ) (448 640 112 ) 
4 162 165 (368 384 112 ) (368 384 368 ) (368 640 368 ) (368 640 112 ) 
4 162 163 (448 496 112 ) (448 400 112 ) (368 400 112 ) (368 496 112 ) 
4 163 168 (368 496 -192 ) (368 400 -192 ) (368 400 -16 ) (368 496 -16 ) 
4 164 172 (512 256 112 ) (512 256 624 ) (368 256 624 ) (368 256 112 ) 
4 164 167 (368 256 112 ) (368 256 624 ) (368 292 624 ) (368 292 112 ) 
4 165 166 (160 528 112 ) (160 384 112 ) (160 384 252 ) (160 528 252 ) 
4 166 171 (128 528 252 ) (128 528 112 ) (128 384 112 ) (128 384 252 ) 
4 167 176 (368 256 624 ) (128 256 624 ) (128 256 112 ) (368 256 112 ) 
4 167 171 (128 256 112 ) (128 256 624 ) (128 352 624 ) (128 352 112 ) 
4 168 179 (128 256 -16 ) (128 256 -192 ) (368 256 -192 ) (368 256 -16 ) 
4 168 169 (368 256 -192 ) (128 256 -192 ) (128 384 -192 ) (368 384 -192 ) 
4 169 179 (368 256 -208 ) (368 256 -192 ) (128 256 -192 ) (128 256 -208 ) 
4 170 183 (0 1024 624 ) (0 1024 -144 ) (0 640 -144 ) (0 640 624 ) 
4 170 171 (0 640 624 ) (0 640 112 ) (128 640 112 ) (128 640 624 ) 
4 171 184 (0 256 112 ) (0 256 624 ) (0 640 624 ) (0 640 112 ) 
4 171 178 (0 256 624 ) (0 256 112 ) (128 256 112 ) (128 256 624 ) 
4 172 195 (512 0 0 ) (512 0 624 ) (368 0 624 ) (368 0 0 ) 
4 172 176 (368 256 624 ) (368 256 0 ) (368 0 0 ) (368 0 624 ) 
4 173 175 (384 224 -208 ) (384 192 -208 ) (384 192 -80 ) (384 224 -80 ) 
5 173 174 (384 192 -16 ) (384 192 -208 ) (464 192 -208 ) (512 192 -187.870941 ) (512 192 -16 ) 
4 174 175 (384 192 -208 ) (384 32 -208 ) (384 32 -80 ) (384 192 -80 ) 
4 175 179 (368 224 -208 ) (368 32 -208 ) (368 32 -80 ) (368 224 -80 ) 
4 176 195 (368 0 0 ) (368 0 624 ) (128 0 624 ) (128 0 0 ) 
4 176 178 (128 256 624 ) (128 256 0 ) (128 0 0 ) (128 0 624 ) 
4 176 177 (128 0 0 ) (128 128 0 ) (368 128 0 ) (368 0 0 ) 
4 177 196 (368 0 -16 ) (368 0 0 ) (128 0 0 ) (128 0 -16 ) 
3 177 180 (153 0 -16 ) (128 0 -16 ) (128 25 -16 ) 
5 177 179 (368 128 -16 ) (368 0 -16 ) (153 0 -16 ) (128 25 -16 ) (128 128 -16 ) 
4 178 195 (0 0 624 ) (0 0 0 ) (128 0 0 ) (128 0 624 ) 
4 178 186 (0 0 0 ) (0 0 624 ) (0 256 624 ) (0 256 0 ) 
4 179 197 (368 0 -208 ) (368 0 -16 ) (153 0 -16 ) (153 0 -208 ) 
4 179 189 (0 153 -16 ) (0 256 -16 ) (0 256 -208 ) (0 153 -208 ) 
4 179 182 (32.337975 120.662025 -208 ) (56 97 -208 ) (56 97 -16 ) (32.337975 120.662018 -16 ) 
4 179 181 (0 153 -208 ) (32.337975 120.662025 -208 ) (32.337975 120.662018 -16 ) (0 153 -16 ) 
4 179 180 (97 56 -208 ) (153 0 -208 ) (153 0 -16 ) (97 56 -16 ) 
4 180 199 (153 0 -16 ) (112 0 -16 ) (112 0 -208 ) (153 0 -208 ) 
4 181 189 (0 112 -16 ) (0 153 -16 ) (0 153 -208 ) (0 112 -208 ) 
4 181 182 (0 112 -208 ) (32.336933 120.661987 -208 ) (32.336937 120.661987 -16 ) (0 112 -16 ) 
4 183 185 (-512 640 624 ) (-512 640 -128 ) (-208 640 -128 ) (-208 640 624 ) 
4 183 184 (0 640 112 ) (0 640 624 ) (-208 640 624 ) (-208 640 112 ) 
4 184 186 (0 256 112 ) (0 256 624 ) (-208 256 624 ) (-208 256 112 ) 
4 184 185 (-208 640 624 ) (-208 640 112 ) (-208 256 112 ) (-208 256 624 ) 
4 185 186 (-512 256 624 ) (-512 256 0 ) (-208 256 0 ) (-208 256 624 ) 
4 186 210 (-368 0 624 ) (-512 0 624 ) (-512 0 0 ) (-368 0 0 ) 
4 186 204 (-128 0 624 ) (-368 0 624 ) (-368 0 0 ) (-128 0 0 ) 
4 186 203 (0 0 0 ) (0 0 624 ) (-128 0 624 ) (-128 0 0 ) 
4 186 191 (-512 0 0 ) (-512 0 160 ) (-512 64 160 ) (-512 64 0 ) 
4 186 187 (-128 0 0 ) (-368 0 0 ) (-368 128 0 ) (-128 128 0 ) 
4 187 205 (-128 0 0 ) (-368 0 0 ) (-368 0 -16 ) (-128 0 -16 ) 
4 187 188 (-128 128 -16 ) (-128 0 -16 ) (-368 0 -16 ) (-368 128 -16 ) 
4 188 207 (-112 0 -16 ) (-153 0 -16 ) (-153 0 -208 ) (-112 0 -208 ) 
4 188 206 (-153 0 -16 ) (-368 0 -16 ) (-368 0 -208 ) (-153 0 -208 ) 
4 188 190 (-97 56 -208 ) (-88.338913 88.337837 -208 ) (-88.338615 88.337921 -16 ) (-97 56 -16 ) 
4 188 189 (-88.338913 88.337837 -208 ) (-43.429993 256 -208 ) (-43.429688 256 -16 ) (-88.338615 88.337921 -16 ) 
4 189 190 (-88.337891 88.337891 -16 ) (-88.337883 88.337891 -208 ) (-56 97 -208 ) (-56 97 -16 ) 
4 191 245 (-512 0 0 ) (-512 0 160 ) (-528 0 160 ) (-528 0 0 ) 
4 191 192 (-528 64 0 ) (-528 0 0 ) (-528 0 160 ) (-528 64 160 ) 
4 192 251 (-1008 0 288 ) (-1008 0 0 ) (-960 0 0 ) (-960 0 288 ) 
4 192 245 (-640 0 0 ) (-528 0 0 ) (-528 0 160 ) (-640 0 160 ) 
4 192 247 (-960 0 0 ) (-640 0 0 ) (-640 0 160 ) (-960 0 160 ) 
4 192 244 (-528 0 160 ) (-528 0 288 ) (-960 0 288 ) (-960 0 160 ) 
4 193 194 (528 0 0 ) (528 -64 0 ) (528 -64 160 ) (528 0 160 ) 
4 194 195 (512 0 160 ) (512 0 0 ) (512 -64 0 ) (512 -64 160 ) 
4 195 203 (0 -256 0 ) (0 -256 624 ) (0 0 624 ) (0 0 0 ) 
4 195 201 (0 -256 624 ) (0 -256 112 ) (208 -256 112 ) (208 -256 624 ) 
4 195 200 (208 -256 0 ) (512 -256 0 ) (512 -256 624 ) (208 -256 624 ) 
4 195 196 (128 -128 0 ) (128 0 0 ) (368 0 0 ) (368 -128 0 ) 
3 196 199 (128 -25 -16 ) (128 0 -16 ) (153 0 -16 ) 
5 196 197 (128 -128 -16 ) (128 -25 -16 ) (153 0 -16 ) (368 0 -16 ) (368 -128 -16 ) 
4 197 206 (0 -256 -208 ) (0 -256 -16 ) (0 -153 -16 ) (0 -153 -208 ) 
4 197 199 (153 0 -208 ) (97 -56 -208 ) (97 -56 -16 ) (153 0 -16 ) 
4 197 198 (56 -97 -208 ) (0 -153 -208 ) (0 -153 -16 ) (56 -97 -16 ) 
4 198 208 (0 -153 -16 ) (0 -112 -16 ) (0 -112 -208 ) (0 -153 -208 ) 
4 200 202 (512 -640 -128 ) (512 -640 624 ) (208 -640 624 ) (208 -640 -128 ) 
4 200 201 (208 -256 624 ) (208 -256 112 ) (208 -640 112 ) (208 -640 624 ) 
4 201 214 (0 -640 112 ) (0 -640 624 ) (0 -256 624 ) (0 -256 112 ) 
4 201 202 (208 -640 112 ) (208 -640 624 ) (0 -640 624 ) (0 -640 112 ) 
4 202 254 (512 -1024 -144 ) (512 -1024 624 ) (0 -1024 624 ) (0 -1024 -144 ) 
4 202 215 (0 -1024 -144 ) (0 -1024 624 ) (0 -640 624 ) (0 -640 -144 ) 
4 203 214 (0 -256 112 ) (0 -256 624 ) (-128 -256 624 ) (-128 -256 112 ) 
4 203 204 (-128 0 624 ) (-128 0 0 ) (-128 -256 0 ) (-128 -256 624 ) 
4 204 216 (-368 -256 624 ) (-368 -256 112 ) (-128 -256 112 ) (-128 -256 624 ) 
4 204 210 (-368 0 624 ) (-368 0 0 ) (-368 -256 0 ) (-368 -256 624 ) 
4 204 205 (-368 -128 0 ) (-368 0 0 ) (-128 0 0 ) (-128 -128 0 ) 
3 205 207 (-153 0 -16 ) (-128 0 -16 ) (-128 -25 -16 ) 
5 205 206 (-368 -128 -16 ) (-368 0 -16 ) (-153 0 -16 ) (-128 -25 -16 ) (-128 -128 -16 ) 
4 206 224 (-368 -256 -192 ) (-368 -256 -208 ) (-128 -256 -208 ) (-128 -256 -192 ) 
4 206 219 (-128 -256 -16 ) (-368 -256 -16 ) (-368 -256 -192 ) (-128 -256 -192 ) 
4 206 211 (-368 -32 -208 ) (-368 -224 -208 ) (-368 -224 -80 ) (-368 -32 -80 ) 
4 206 209 (-32.338032 -120.661972 -208 ) (-56 -97 -208 ) (-56 -97 -16 ) (-32.338036 -120.661964 -16 ) 
4 206 208 (0 -153 -208 ) (-32.338032 -120.661972 -208 ) (-32.338036 -120.661964 -16 ) (0 -153 -16 ) 
4 206 207 (-97 -56 -208 ) (-153 0 -208 ) (-153 0 -16 ) (-97 -56 -16 ) 
4 208 209 (0 -112 -208 ) (-32.337364 -120.661659 -208 ) (-32.337368 -120.661659 -16 ) (0 -112 -16 ) 
4 210 245 (-512 0 160 ) (-512 0 0 ) (-512 -192 0 ) (-512 -192 160 ) 
4 210 220 (-512 -256 624 ) (-512 -256 112 ) (-368 -256 112 ) (-368 -256 624 ) 
4 211 212 (-384 -32 -208 ) (-384 -192 -208 ) (-384 -192 -80 ) (-384 -32 -80 ) 
4 211 213 (-384 -192 -208 ) (-384 -224 -208 ) (-384 -224 -80 ) (-384 -192 -80 ) 
4 212 246 (-512 0 -16 ) (-512 0 -187.870956 ) (-512 -192 -187.870956 ) (-512 -192 -16 ) 
5 212 213 (-464 -192 -208 ) (-384 -192 -208 ) (-384 -192 -16 ) (-512 -192 -16 ) (-512 -192 -187.870956 ) 
4 213 249 (-512 -192 -208 ) (-512 -256 -208 ) (-512 -256 -16 ) (-512 -192 -16 ) 
4 214 217 (-128 -384 112 ) (-128 -528 112 ) (-128 -528 252 ) (-128 -384 252 ) 
4 214 216 (-128 -256 624 ) (-128 -256 112 ) (-128 -352 112 ) (-128 -352 624 ) 
4 214 215 (-128 -640 624 ) (-128 -640 112 ) (0 -640 112 ) (0 -640 624 ) 
4 215 278 (0 -1024 -144 ) (0 -1024 96 ) (-128 -1024 96 ) (-128 -1024 -144 ) 
4 215 274 (0 -1024 96 ) (0 -1024 112 ) (-128 -1024 112 ) (-128 -1024 96 ) 
4 215 261 (0 -1024 112 ) (0 -1024 624 ) (-128 -1024 624 ) (-128 -1024 112 ) 
4 215 243 (-128 -1024 -144 ) (-128 -1024 96 ) (-128 -896 96 ) (-128 -896 -144 ) 
4 215 240 (-128 -1024 96 ) (-128 -1024 112 ) (-128 -896 112 ) (-128 -896 96 ) 
4 215 234 (-128 -784 624 ) (-128 -768 624 ) (-128 -768 591 ) (-128 -784 591 ) 
4 215 227 (-128 -768 591 ) (-128 -768 112 ) (-128 -784 112 ) (-128 -784 591 ) 
4 215 239 (-128 -1024 112 ) (-128 -1024 624 ) (-128 -784 624 ) (-128 -784 112 ) 
4 216 220 (-368 -292 624 ) (-368 -256 624 ) (-368 -256 112 ) (-368 -292 112 ) 
4 217 218 (-160 -384 252 ) (-160 -384 112 ) (-160 -528 112 ) (-160 -528 252 ) 
4 218 225 (-368 -640 368 ) (-368 -640 112 ) (-160 -640 112 ) (-160 -640 368 ) 
4 218 221 (-368 -640 112 ) (-368 -640 368 ) (-368 -384 368 ) (-368 -384 112 ) 
4 219 224 (-368 -384 -192 ) (-368 -256 -192 ) (-128 -256 -192 ) (-128 -384 -192 ) 
4 219 222 (-368 -400 -192 ) (-368 -496 -192 ) (-368 -496 -16 ) (-368 -400 -16 ) 
4 221 225 (-368 -640 112 ) (-368 -640 368 ) (-448 -640 368 ) (-448 -640 112 ) 
4 221 223 (-448 -384 368 ) (-448 -384 112 ) (-448 -640 112 ) (-448 -640 368 ) 
4 221 222 (-448 -496 112 ) (-448 -400 112 ) (-368 -400 112 ) (-368 -496 112 ) 
4 223 225 (-448 -640 112 ) (-448 -640 368 ) (-480 -640 368 ) (-480 -640 112 ) 
4 225 226 (-400 -736 112 ) (-208 -736 112 ) (-208 -736 240 ) (-400 -736 240 ) 
4 226 227 (-400 -768 112 ) (-208 -768 112 ) (-208 -768 240 ) (-400 -768 240 ) 
4 227 253 (-512 -768 207 ) (-512 -768 112 ) (-512 -784 112 ) (-512 -784 207 ) 
4 227 238 (-419.001312 -784 299.994781 ) (-414.199249 -784 304.796844 ) (-414.199249 -768 304.796844 ) (-419.001312 -768 299.994781 ) 
4 227 237 (-414.199249 -784 304.796844 ) (-406.998047 -784 311.998047 ) (-406.998047 -768 311.998047 ) (-414.199249 -768 304.796844 ) 
4 227 235 (-406.998047 -784 311.998047 ) (-363.994873 -784 355.001221 ) (-363.994843 -768 355.001251 ) (-406.998047 -768 311.998047 ) 
4 227 234 (-363.994873 -784 355.001221 ) (-128 -784 590.996094 ) (-128 -768 590.996094 ) (-363.994843 -768 355.001251 ) 
4 227 228 (-512 -784 206.996094 ) (-427.994781 -784 291.001312 ) (-427.994781 -768 291.001312 ) (-512 -768 206.996094 ) 
4 227 239 (-512 -784 112 ) (-128 -784 112 ) (-128 -784 591 ) (-512 -784 207 ) 
4 228 253 (-512 -768 270 ) (-512 -768 207 ) (-512 -784 207 ) (-512 -784 270 ) 
4 228 229 (-512 -784 270 ) (-440 -784 288 ) (-440 -768 288 ) (-512 -768 270 ) 
3 228 239 (-512 -784 270 ) (-512 -784 207 ) (-428 -784 291 ) 
4 229 253 (-512 -768 306 ) (-512 -768 270 ) (-512 -784 270 ) (-512 -784 306 ) 
4 229 230 (-512 -784 306 ) (-452 -784 291 ) (-452 -768 291 ) (-512 -768 306 ) 
3 229 239 (-512 -784 306 ) (-512 -784 270 ) (-440 -784 288 ) 
4 230 253 (-512 -768 351 ) (-512 -768 306 ) (-512 -784 306 ) (-512 -784 351 ) 
4 230 231 (-512 -784 351 ) (-461 -784 300 ) (-461 -768 300 ) (-512 -768 351 ) 
3 230 239 (-512 -784 351 ) (-512 -784 306 ) (-452 -784 291 ) 
4 231 253 (-512 -768 504 ) (-512 -768 351 ) (-512 -784 351 ) (-512 -784 504 ) 
4 231 232 (-512 -784 504 ) (-464 -784 312 ) (-464 -768 312 ) (-512 -768 504 ) 
3 231 239 (-512 -784 504 ) (-512 -784 351 ) (-461 -784 300 ) 
4 232 253 (-512 -784 624 ) (-512 -768 624 ) (-512 -768 504 ) (-512 -784 504 ) 
4 232 233 (-386 -784 624 ) (-461 -784 324 ) (-461 -768 324 ) (-386 -768 624 ) 
4 232 239 (-386 -784 624 ) (-512 -784 624 ) (-512 -784 504 ) (-464 -784 312 ) 
4 233 234 (-161 -784 624 ) (-452 -784 333 ) (-452 -768 333 ) (-161 -768 624 ) 
3 233 239 (-161 -784 624 ) (-386 -784 624 ) (-461 -784 324 ) 
4 234 236 (-440 -768 336 ) (-432.799957 -768 337.799988 ) (-432.799957 -784 337.799988 ) (-440 -784 336 ) 
4 234 235 (-432.799957 -768 337.799988 ) (-363.998016 -768 355 ) (-363.998016 -784 355 ) (-432.799957 -784 337.799988 ) 
5 234 239 (-128 -784 591 ) (-128 -784 624 ) (-161 -784 624 ) (-452 -784 333 ) (-364 -784 355 ) 
4 235 237 (-407 -768 312 ) (-407 -784 312 ) (-419 -784 324 ) (-419 -768 324 ) 
4 235 236 (-428 -784 333 ) (-432.798859 -784 337.798859 ) (-432.798859 -768 337.798859 ) (-428 -768 333 ) 
3 235 239 (-407 -784 312 ) (-364 -784 355 ) (-432.799988 -784 337.799988 ) 
3 236 239 (-428 -784 333 ) (-432.799988 -784 337.799988 ) (-440 -784 336 ) 
4 237 238 (-414.200012 -768 304.800018 ) (-414.200012 -784 304.800018 ) (-416 -784 312 ) (-416 -768 312 ) 
3 237 239 (-414.200012 -784 304.799988 ) (-407 -784 312 ) (-419 -784 324 ) 
3 238 239 (-419 -784 300 ) (-414.200012 -784 304.799988 ) (-416 -784 312 ) 
4 239 261 (-128 -1024 112 ) (-128 -1024 624 ) (-512 -1024 624 ) (-512 -1024 112 ) 
4 239 253 (-512 -1024 112 ) (-512 -1024 624 ) (-512 -784 624 ) (-512 -784 112 ) 
4 239 241 (-496 -896 112 ) (-384 -896 112 ) (-384 -1024 112 ) (-496 -1024 112 ) 
4 239 240 (-368 -896 112 ) (-128 -896 112 ) (-128 -1024 112 ) (-368 -1024 112 ) 
4 240 274 (-128 -1024 96 ) (-128 -1024 112 ) (-368 -1024 112 ) (-368 -1024 96 ) 
4 240 243 (-368 -896 96 ) (-128 -896 96 ) (-128 -1024 96 ) (-368 -1024 96 ) 
4 241 275 (-384 -1024 112 ) (-496 -1024 112 ) (-496 -1024 111 ) (-384 -1024 111 ) 
4 241 242 (-496 -1024 111 ) (-496 -896 111 ) (-384 -896 111 ) (-384 -1024 111 ) 
4 242 276 (-496 -1024 111 ) (-496 -1024 96 ) (-384 -1024 96 ) (-384 -1024 111 ) 
4 242 243 (-496 -896 96 ) (-384 -896 96 ) (-384 -1024 96 ) (-496 -1024 96 ) 
4 243 278 (-128 -1024 -144 ) (-128 -1024 96 ) (-512 -1024 96 ) (-512 -1024 -144 ) 
4 243 253 (-512 -1024 -144 ) (-512 -1024 96 ) (-512 -896 96 ) (-512 -896 -144 ) 
4 244 251 (-960 0 288 ) (-960 0 160 ) (-960 -192 160 ) (-960 -192 288 ) 
4 244 248 (-960 -192 288 ) (-960 -192 160 ) (-528 -192 160 ) (-528 -192 288 ) 
4 244 245 (-528 -192 160 ) (-640 -192 160 ) (-640 0 160 ) (-528 0 160 ) 
4 244 247 (-640 -192 160 ) (-960 -192 160 ) (-960 0 160 ) (-640 0 160 ) 
4 245 248 (-528 -192 160 ) (-640 -192 160 ) (-640 -192 0 ) (-528 -192 0 ) 
4 245 247 (-640 -192 0 ) (-640 -192 160 ) (-640 0 160 ) (-640 0 0 ) 
4 246 249 (-640 -192 -134.193527 ) (-512 -192 -187.870941 ) (-512 -192 -16 ) (-640 -192 -16 ) 
4 246 247 (-640 0 -134.193359 ) (-640 -192 -134.193359 ) (-640 -192 -16 ) (-640 0 -16 ) 
4 247 251 (-960 0 160 ) (-960 0 0 ) (-960 -192 0 ) (-960 -192 160 ) 
3 247 249 (-921.846130 -192 -16 ) (-640 -192 -134.193527 ) (-640 -192 -16 ) 
4 247 248 (-960 -192 160 ) (-960 -192 0 ) (-640 -192 0 ) (-640 -192 160 ) 
4 248 251 (-960 -368 0 ) (-960 -368 288 ) (-960 -192 288 ) (-960 -192 0 ) 
4 248 250 (-784 -368 0 ) (-592 -368 0 ) (-592 -368 140 ) (-784 -368 140 ) 
4 250 252 (-784 -384 140 ) (-784 -384 0 ) (-592 -384 0 ) (-592 -384 140 ) 
4 252 332 (-1024 -640 -144 ) (-1024 -640 624 ) (-1024 -384 624 ) (-1024 -384 -144 ) 
4 252 253 (-512 -640 -144 ) (-512 -640 624 ) (-1024 -640 624 ) (-1024 -640 -144 ) 
4 253 332 (-1024 -1024 -144 ) (-1024 -1024 624 ) (-1024 -640 624 ) (-1024 -640 -144 ) 
4 253 278 (-1024 -1024 96 ) (-1024 -1024 -144 ) (-512 -1024 -144 ) (-512 -1024 96 ) 
4 253 277 (-1024 -1024 112 ) (-1024 -1024 96 ) (-512 -1024 96 ) (-512 -1024 112 ) 
4 253 261 (-1024 -1024 624 ) (-1024 -1024 112 ) (-512 -1024 112 ) (-512 -1024 624 ) 
4 254 278 (0 -1024 96 ) (0 -1024 -144 ) (0 -1408 -144 ) (0 -1408 96 ) 
4 254 274 (0 -1024 112 ) (0 -1024 96 ) (0 -1408 96 ) (0 -1408 112 ) 
4 254 262 (0 -1392 112 ) (0 -1408 112 ) (0 -1408 624 ) (0 -1392 624 ) 
4 254 261 (0 -1024 624 ) (0 -1024 112 ) (0 -1392 112 ) (0 -1392 624 ) 
4 254 256 (0 -1408 0 ) (0 -1408 -128 ) (144 -1408 -128 ) (144 -1408 0 ) 
4 254 255 (368 -1408 624 ) (0 -1408 624 ) (0 -1408 112 ) (368 -1408 112 ) 
4 255 288 (0 -1432 248 ) (0 -1432 112 ) (0 -1560 112 ) (0 -1560 248 ) 
4 255 260 (0 -1792 624 ) (0 -1792 112 ) (368 -1792 112 ) (368 -1792 624 ) 
4 256 259 (0 -1424 -128 ) (144 -1424 -128 ) (144 -1424 0 ) (0 -1424 0 ) 
4 257 259 (160 -1424 0 ) (160 -1424 -128 ) (160 -1616 -128 ) (160 -1616 0 ) 
4 257 258 (208 -1776 -128 ) (368 -1776 -128 ) (368 -1776 12 ) (208 -1776 12 ) 
4 258 260 (208 -1792 -128 ) (368 -1792 -128 ) (368 -1792 12 ) (208 -1792 12 ) 
4 260 345 (512 -2048 -144 ) (512 -2048 624 ) (0 -2048 624 ) (0 -2048 -144 ) 
4 260 331 (0 -2048 -144 ) (0 -2048 624 ) (0 -2032 624 ) (0 -2032 -144 ) 
4 260 323 (0 -2032 624 ) (0 -2016 624 ) (0 -2016 112 ) (0 -2032 112 ) 
4 260 322 (0 -1920 16 ) (0 -1920 -144 ) (0 -2016 -144 ) (0 -2016 16 ) 
4 260 318 (0 -1920 32 ) (0 -1920 16 ) (0 -2016 16 ) (0 -2016 32 ) 
4 260 316 (0 -1920 40 ) (0 -1920 32 ) (0 -2016 32 ) (0 -2016 40 ) 
4 260 314 (0 -1920 48 ) (0 -1920 40 ) (0 -2016 40 ) (0 -2016 48 ) 
4 260 312 (0 -1920 56 ) (0 -1920 48 ) (0 -2016 48 ) (0 -2016 56 ) 
4 260 310 (0 -1920 64 ) (0 -1920 56 ) (0 -2016 56 ) (0 -2016 64 ) 
4 260 308 (0 -1920 72 ) (0 -1920 64 ) (0 -2016 64 ) (0 -2016 72 ) 
4 260 306 (0 -1920 80 ) (0 -1920 72 ) (0 -2016 72 ) (0 -2016 80 ) 
4 260 304 (0 -1920 88 ) (0 -1920 80 ) (0 -2016 80 ) (0 -2016 88 ) 
4 260 302 (0 -1920 96 ) (0 -1920 88 ) (0 -2016 88 ) (0 -2016 96 ) 
4 260 298 (0 -2016 624 ) (0 -1920 624 ) (0 -1920 112 ) (0 -2016 112 ) 
4 261 333 (-1024 -1392 624 ) (-1024 -1024 624 ) (-1024 -1024 112 ) (-1024 -1392 112 ) 
4 261 277 (-1024 -1392 112 ) (-1024 -1024 112 ) (-512 -1024 112 ) (-512 -1392 112 ) 
4 261 275 (-496 -1024 112 ) (-384 -1024 112 ) (-384 -1392 112 ) (-496 -1392 112 ) 
4 261 274 (-368 -1024 112 ) (0 -1024 112 ) (0 -1392 112 ) (-368 -1392 112 ) 
3 261 273 (-419 -1392 300 ) (-414.200043 -1392 304.800018 ) (-416 -1392 312 ) 
3 261 272 (-414.200043 -1392 304.800018 ) (-407 -1392 312 ) (-419 -1392 324 ) 
3 261 271 (-428 -1392 333 ) (-432.799988 -1392 337.799988 ) (-440 -1392 336 ) 
3 261 270 (-407 -1392 312 ) (-364 -1392 355 ) (-432.799988 -1392 337.799988 ) 
4 261 269 (-364 -1392 355 ) (-95 -1392 624 ) (-161 -1392 624 ) (-452 -1392 333 ) 
3 261 268 (-161 -1392 624 ) (-386 -1392 624 ) (-461 -1392 324 ) 
3 261 267 (-386 -1392 624 ) (-542 -1392 624 ) (-464 -1392 312 ) 
3 261 266 (-542 -1392 624 ) (-785 -1392 624 ) (-461 -1392 300 ) 
4 261 265 (-785 -1392 624 ) (-1024 -1392 624 ) (-1024 -1392 434 ) (-452 -1392 291 ) 
3 261 264 (-1024 -1392 434 ) (-1024 -1392 142 ) (-440 -1392 288 ) 
4 261 263 (-1024 -1392 112 ) (-607 -1392 112 ) (-428 -1392 291 ) (-1024 -1392 142 ) 
4 261 262 (-607 -1392 112 ) (0 -1392 112 ) (0 -1392 624 ) (-95 -1392 624 ) 
4 262 283 (-376 -1408 160 ) (-504 -1408 160 ) (-504 -1408 112 ) (-376 -1408 112 ) 
5 262 282 (-471 -1408 248 ) (-504 -1408 215 ) (-504 -1408 160 ) (-376 -1408 160 ) (-376 -1408 248 ) 
4 262 279 (-144 -1408 288 ) (-144 -1408 160 ) (-48 -1408 160 ) (-48 -1408 288 ) 
4 262 277 (-512 -1408 112 ) (-607 -1408 112 ) (-607 -1392 112 ) (-512 -1392 112 ) 
4 262 275 (-384 -1408 112 ) (-496 -1408 112 ) (-496 -1392 112 ) (-384 -1392 112 ) 
4 262 274 (0 -1408 112 ) (-368 -1408 112 ) (-368 -1392 112 ) (0 -1392 112 ) 
4 262 273 (-414.199982 -1392 304.799866 ) (-419 -1392 300 ) (-419 -1408 300 ) (-414.199982 -1408 304.799835 ) 
4 262 272 (-407 -1392 312 ) (-414.199982 -1392 304.799866 ) (-414.199982 -1408 304.799835 ) (-407 -1408 312 ) 
4 262 270 (-364 -1392 355 ) (-407 -1392 312 ) (-407 -1408 312 ) (-364 -1408 355 ) 
4 262 269 (-95 -1392 624 ) (-364 -1392 355 ) (-364 -1408 355 ) (-95 -1408 624 ) 
4 262 263 (-428 -1392 291 ) (-607 -1392 112 ) (-607 -1408 112 ) (-428 -1408 291 ) 
4 263 333 (-1024 -1408 112 ) (-1024 -1408 142 ) (-1024 -1392 142 ) (-1024 -1392 112 ) 
5 263 284 (-848 -1408 112 ) (-752 -1408 112 ) (-752 -1408 192 ) (-824 -1408 192 ) (-848 -1408 186 ) 
3 263 282 (-504 -1408 215 ) (-471 -1408 248 ) (-504 -1408 248 ) 
4 263 277 (-607 -1408 112 ) (-1024 -1408 112 ) (-1024 -1392 112 ) (-607 -1392 112 ) 
4 263 264 (-440 -1392 288 ) (-1024 -1392 142 ) (-1024 -1408 142 ) (-440 -1408 288 ) 
4 264 333 (-1024 -1408 142 ) (-1024 -1408 434 ) (-1024 -1392 434 ) (-1024 -1392 142 ) 
3 264 284 (-848 -1408 186 ) (-824 -1408 192 ) (-848 -1408 192 ) 
4 264 265 (-452 -1392 291 ) (-1024 -1392 434 ) (-1024 -1408 434 ) (-452 -1408 291 ) 
4 265 333 (-1024 -1408 434 ) (-1024 -1408 624 ) (-1024 -1392 624 ) (-1024 -1392 434 ) 
4 265 266 (-461 -1392 300 ) (-785 -1392 624 ) (-785 -1408 624 ) (-461 -1408 300 ) 
4 266 267 (-464 -1392 312 ) (-542 -1392 624 ) (-542 -1408 624 ) (-464 -1408 312 ) 
4 267 268 (-461 -1392 324 ) (-386 -1392 624 ) (-386 -1408 624 ) (-461 -1408 324 ) 
4 268 269 (-452 -1392 333 ) (-161 -1392 624 ) (-161 -1408 624 ) (-452 -1408 333 ) 
4 269 271 (-440 -1392 336 ) (-432.799957 -1392 337.799988 ) (-432.799988 -1408 337.799988 ) (-440 -1408 336 ) 
4 269 270 (-432.799957 -1392 337.799988 ) (-363.997986 -1392 355 ) (-363.997986 -1408 355 ) (-432.799988 -1408 337.799988 ) 
4 270 272 (-407 -1392 312 ) (-407 -1408 312 ) (-419 -1408 324 ) (-419 -1392 324 ) 
4 270 271 (-428 -1408 333 ) (-432.798859 -1408 337.798859 ) (-432.798859 -1392 337.798859 ) (-428 -1392 333 ) 
4 272 273 (-414.200012 -1392 304.800018 ) (-414.200012 -1408 304.800018 ) (-416 -1408 312 ) (-416 -1392 312 ) 
4 274 278 (0 -1408 96 ) (-368 -1408 96 ) (-368 -1024 96 ) (0 -1024 96 ) 
4 275 276 (-496 -1408 111 ) (-496 -1024 111 ) (-384 -1024 111 ) (-384 -1408 111 ) 
4 276 278 (-384 -1408 96 ) (-496 -1408 96 ) (-496 -1024 96 ) (-384 -1024 96 ) 
4 277 333 (-1024 -1408 96 ) (-1024 -1408 112 ) (-1024 -1024 112 ) (-1024 -1024 96 ) 
4 277 284 (-752 -1408 112 ) (-848 -1408 112 ) (-848 -1408 96 ) (-752 -1408 96 ) 
4 277 278 (-512 -1408 96 ) (-1024 -1408 96 ) (-1024 -1024 96 ) (-512 -1024 96 ) 
4 278 333 (-1024 -1408 -144 ) (-1024 -1408 96 ) (-1024 -1024 96 ) (-1024 -1024 -144 ) 
4 278 285 (-896 -1408 -128 ) (-704 -1408 -128 ) (-704 -1408 12 ) (-896 -1408 12 ) 
4 278 284 (-752 -1408 96 ) (-848 -1408 96 ) (-848 -1408 64 ) (-752 -1408 64 ) 
4 279 280 (-48 -1414 160 ) (-48 -1414 288 ) (-144 -1414 288 ) (-144 -1414 160 ) 
4 280 281 (-48 -1418 160 ) (-48 -1418 288 ) (-144 -1418 288 ) (-144 -1418 160 ) 
4 281 289 (-144 -1424 256 ) (-144 -1424 160 ) (-48 -1424 160 ) (-48 -1424 256 ) 
4 281 286 (-144 -1424 288 ) (-144 -1424 256 ) (-48 -1424 256 ) (-48 -1424 288 ) 
4 282 289 (-504 -1424 160 ) (-376 -1424 160 ) (-376 -1424 248 ) (-504 -1424 248 ) 
4 282 283 (-376 -1424 160 ) (-504 -1424 160 ) (-504 -1408 160 ) (-376 -1408 160 ) 
4 283 289 (-376 -1424 160 ) (-504 -1424 160 ) (-504 -1424 112 ) (-376 -1424 112 ) 
4 284 291 (-752 -1424 64 ) (-752 -1424 192 ) (-848 -1424 192 ) (-848 -1424 64 ) 
4 285 295 (-896 -1424 -128 ) (-704 -1424 -128 ) (-704 -1424 12 ) (-896 -1424 12 ) 
4 286 289 (-624 -1904 256 ) (-624 -1424 256 ) (-16 -1424 256 ) (-16 -1904 256 ) 
4 287 334 (-1024 -1920 256 ) (-1024 -1920 624 ) (-1024 -1648 624 ) (-1024 -1648 256 ) 
4 287 298 (-1024 -1920 624 ) (-1024 -1920 256 ) (-640 -1920 256 ) (-640 -1920 624 ) 
4 287 294 (-912 -1920 256 ) (-1024 -1920 256 ) (-1024 -1664 256 ) (-912 -1664 256 ) 
4 287 292 (-640 -1920 256 ) (-912 -1920 256 ) (-912 -1664 256 ) (-640 -1664 256 ) 
4 288 289 (-16 -1432 112 ) (-16 -1560 112 ) (-16 -1560 248 ) (-16 -1432 248 ) 
4 289 290 (-232 -1904 112 ) (-24 -1904 112 ) (-24 -1904 248 ) (-232 -1904 248 ) 
4 290 298 (-232 -1920 248 ) (-232 -1920 112 ) (-24 -1920 112 ) (-24 -1920 248 ) 
4 291 335 (-1024 -1424 240 ) (-1024 -1424 32 ) (-1024 -1648 32 ) (-1024 -1648 240 ) 
4 291 293 (-1024 -1648 172 ) (-1024 -1648 32 ) (-912 -1648 32 ) (-912 -1648 172 ) 
4 292 317 (-912 -1920 32 ) (-640 -1920 32 ) (-640 -1920 40 ) (-912 -1920 40 ) 
4 292 315 (-640 -1920 40 ) (-640 -1920 48 ) (-912 -1920 48 ) (-912 -1920 40 ) 
4 292 313 (-640 -1920 48 ) (-640 -1920 56 ) (-912 -1920 56 ) (-912 -1920 48 ) 
4 292 311 (-640 -1920 56 ) (-640 -1920 64 ) (-912 -1920 64 ) (-912 -1920 56 ) 
4 292 309 (-640 -1920 64 ) (-640 -1920 72 ) (-912 -1920 72 ) (-912 -1920 64 ) 
4 292 307 (-640 -1920 72 ) (-640 -1920 80 ) (-912 -1920 80 ) (-912 -1920 72 ) 
4 292 305 (-640 -1920 80 ) (-640 -1920 88 ) (-912 -1920 88 ) (-912 -1920 80 ) 
4 292 303 (-640 -1920 88 ) (-640 -1920 96 ) (-912 -1920 96 ) (-912 -1920 88 ) 
4 292 301 (-640 -1920 96 ) (-640 -1920 112 ) (-912 -1920 112 ) (-912 -1920 96 ) 
4 292 298 (-640 -1920 112 ) (-640 -1920 256 ) (-912 -1920 256 ) (-912 -1920 112 ) 
4 292 294 (-912 -1664 32 ) (-912 -1920 32 ) (-912 -1920 256 ) (-912 -1664 256 ) 
4 293 336 (-1024 -1648 172 ) (-1024 -1648 32 ) (-1024 -1664 32 ) (-1024 -1664 172 ) 
4 293 294 (-1024 -1664 32 ) (-912 -1664 32 ) (-912 -1664 172 ) (-1024 -1664 172 ) 
4 294 337 (-1024 -1920 32 ) (-1024 -1920 256 ) (-1024 -1664 256 ) (-1024 -1664 32 ) 
4 294 317 (-1024 -1920 40 ) (-1024 -1920 32 ) (-912 -1920 32 ) (-912 -1920 40 ) 
4 294 315 (-1024 -1920 48 ) (-1024 -1920 40 ) (-912 -1920 40 ) (-912 -1920 48 ) 
4 294 313 (-1024 -1920 56 ) (-1024 -1920 48 ) (-912 -1920 48 ) (-912 -1920 56 ) 
4 294 311 (-1024 -1920 64 ) (-1024 -1920 56 ) (-912 -1920 56 ) (-912 -1920 64 ) 
4 294 309 (-1024 -1920 72 ) (-1024 -1920 64 ) (-912 -1920 64 ) (-912 -1920 72 ) 
4 294 307 (-1024 -1920 80 ) (-1024 -1920 72 ) (-912 -1920 72 ) (-912 -1920 80 ) 
4 294 305 (-1024 -1920 88 ) (-1024 -1920 80 ) (-912 -1920 80 ) (-912 -1920 88 ) 
4 294 303 (-1024 -1920 96 ) (-1024 -1920 88 ) (-912 -1920 88 ) (-912 -1920 96 ) 
4 294 301 (-1024 -1920 112 ) (-1024 -1920 96 ) (-912 -1920 96 ) (-912 -1920 112 ) 
4 294 298 (-1024 -1920 256 ) (-1024 -1920 112 ) (-912 -1920 112 ) (-912 -1920 256 ) 
4 295 296 (-912 -1424 -128 ) (-912 -1904 -128 ) (-912 -1904 16 ) (-912 -1424 16 ) 
4 296 340 (-1024 -1904 16 ) (-1024 -1424 16 ) (-1024 -1424 -128 ) (-1024 -1904 -128 ) 
4 296 297 (-1024 -1904 -128 ) (-912 -1904 -128 ) (-912 -1904 12 ) (-1024 -1904 12 ) 
4 297 341 (-1024 -1920 -128 ) (-1024 -1920 12 ) (-1024 -1904 12 ) (-1024 -1904 -128 ) 
4 297 322 (-1024 -1920 12 ) (-1024 -1920 -128 ) (-912 -1920 -128 ) (-912 -1920 12 ) 
4 298 337 (-1024 -2016 112 ) (-1024 -2016 256 ) (-1024 -1920 256 ) (-1024 -1920 112 ) 
4 298 334 (-1024 -2016 256 ) (-1024 -2016 624 ) (-1024 -1920 624 ) (-1024 -1920 256 ) 
4 298 323 (0 -2016 112 ) (0 -2016 624 ) (-1024 -2016 624 ) (-1024 -2016 112 ) 
4 298 300 (-272 -2016 112 ) (-288 -2016 112 ) (-288 -1920 112 ) (-272 -1920 112 ) 
4 298 299 (-256 -2016 112 ) (-272 -2016 112 ) (-272 -1920 112 ) (-256 -1920 112 ) 
4 298 301 (-288 -2016 112 ) (-1024 -2016 112 ) (-1024 -1920 112 ) (-288 -1920 112 ) 
3 299 324 (-256 -2016 112 ) (-272 -2016 112 ) (-272 -2016 107 ) 
4 299 302 (-256 -2016 96 ) (-272 -2016 96 ) (-272 -1920 96 ) (-256 -1920 96 ) 
4 299 300 (-272 -2016 104 ) (-272 -2016 112 ) (-272 -1920 112 ) (-272 -1920 104 ) 
5 300 324 (-272 -2016 112 ) (-288 -2016 112 ) (-288 -2016 104 ) (-281.600037 -2016 104 ) (-272 -2016 107 ) 
4 300 301 (-288 -2016 104 ) (-288 -2016 112 ) (-288 -1920 112 ) (-288 -1920 104 ) 
4 301 337 (-1024 -2016 96 ) (-1024 -2016 112 ) (-1024 -1920 112 ) (-1024 -1920 96 ) 
5 301 324 (-288 -2016 112 ) (-1024 -2016 112 ) (-1024 -2016 96 ) (-307.200073 -2016 96 ) (-288 -2016 102 ) 
4 301 302 (-288 -2016 96 ) (-296 -2016 96 ) (-296 -1920 96 ) (-288 -1920 96 ) 
4 301 303 (-312 -2016 96 ) (-1024 -2016 96 ) (-1024 -1920 96 ) (-312 -1920 96 ) 
4 302 326 (-16 -2016 96 ) (-256 -2016 96 ) (-281.600037 -2016 88 ) (-16 -2016 88 ) 
4 302 304 (0 -2016 88 ) (-296 -2016 88 ) (-296 -1920 88 ) (0 -1920 88 ) 
4 303 337 (-1024 -2016 88 ) (-1024 -2016 96 ) (-1024 -1920 96 ) (-1024 -1920 88 ) 
5 303 325 (-312 -2016 96 ) (-768 -2016 96 ) (-768 -2016 88 ) (-332.800049 -2016 88 ) (-312 -2016 94.500015 ) 
4 303 328 (-768 -2016 96 ) (-1024 -2016 96 ) (-1024 -2016 88 ) (-768 -2016 88 ) 
4 303 304 (-312 -2016 88 ) (-320 -2016 88 ) (-320 -1920 88 ) (-312 -1920 88 ) 
4 303 305 (-336 -2016 88 ) (-1024 -2016 88 ) (-1024 -1920 88 ) (-336 -1920 88 ) 
4 304 326 (-16 -2016 88 ) (-281.600037 -2016 88 ) (-307.200012 -2016 80 ) (-16 -2016 80 ) 
4 304 306 (0 -2016 80 ) (-320 -2016 80 ) (-320 -1920 80 ) (0 -1920 80 ) 
4 305 337 (-1024 -2016 80 ) (-1024 -2016 88 ) (-1024 -1920 88 ) (-1024 -1920 80 ) 
5 305 325 (-336 -2016 88 ) (-768 -2016 88 ) (-768 -2016 80 ) (-358.400024 -2016 80 ) (-336 -2016 87 ) 
4 305 328 (-768 -2016 88 ) (-1024 -2016 88 ) (-1024 -2016 80 ) (-768 -2016 80 ) 
4 305 306 (-336 -2016 80 ) (-344 -2016 80 ) (-344 -1920 80 ) (-336 -1920 80 ) 
4 305 307 (-360 -2016 80 ) (-1024 -2016 80 ) (-1024 -1920 80 ) (-360 -1920 80 ) 
4 306 326 (-16 -2016 80 ) (-307.200012 -2016 80 ) (-332.799988 -2016 72 ) (-16 -2016 72 ) 
4 306 308 (0 -2016 72 ) (-344 -2016 72 ) (-344 -1920 72 ) (0 -1920 72 ) 
4 307 337 (-1024 -2016 72 ) (-1024 -2016 80 ) (-1024 -1920 80 ) (-1024 -1920 72 ) 
5 307 325 (-360 -2016 80 ) (-768 -2016 80 ) (-768 -2016 72 ) (-384 -2016 72 ) (-360 -2016 79.500008 ) 
4 307 328 (-768 -2016 80 ) (-1024 -2016 80 ) (-1024 -2016 72 ) (-768 -2016 72 ) 
4 307 308 (-360 -2016 72 ) (-368 -2016 72 ) (-368 -1920 72 ) (-360 -1920 72 ) 
4 307 309 (-384 -2016 72 ) (-1024 -2016 72 ) (-1024 -1920 72 ) (-384 -1920 72 ) 
4 308 326 (-16 -2016 72 ) (-332.799988 -2016 72 ) (-358.400024 -2016 64 ) (-16 -2016 64 ) 
4 308 310 (0 -2016 64 ) (-368 -2016 64 ) (-368 -1920 64 ) (0 -1920 64 ) 
4 309 337 (-1024 -2016 64 ) (-1024 -2016 72 ) (-1024 -1920 72 ) (-1024 -1920 64 ) 
4 309 325 (-384 -2016 72 ) (-768 -2016 72 ) (-768 -2016 64 ) (-409.600037 -2016 64 ) 
4 309 328 (-768 -2016 72 ) (-1024 -2016 72 ) (-1024 -2016 64 ) (-768 -2016 64 ) 
4 309 310 (-384 -2016 64 ) (-392 -2016 64 ) (-392 -1920 64 ) (-384 -1920 64 ) 
4 309 311 (-408 -2016 64 ) (-1024 -2016 64 ) (-1024 -1920 64 ) (-408 -1920 64 ) 
4 310 326 (-16 -2016 64 ) (-358.400024 -2016 64 ) (-384 -2016 56 ) (-16 -2016 56 ) 
4 310 312 (0 -2016 56 ) (-392 -2016 56 ) (-392 -1920 56 ) (0 -1920 56 ) 
4 311 337 (-1024 -2016 56 ) (-1024 -2016 64 ) (-1024 -1920 64 ) (-1024 -1920 56 ) 
4 311 325 (-409.600037 -2016 64 ) (-768 -2016 64 ) (-768 -2016 56 ) (-435.200073 -2016 56 ) 
4 311 328 (-768 -2016 64 ) (-1024 -2016 64 ) (-1024 -2016 56 ) (-768 -2016 56 ) 
4 311 312 (-408 -2016 56 ) (-416 -2016 56 ) (-416 -1920 56 ) (-408 -1920 56 ) 
4 311 313 (-432 -2016 56 ) (-1024 -2016 56 ) (-1024 -1920 56 ) (-432 -1920 56 ) 
4 312 326 (-16 -2016 56 ) (-384 -2016 56 ) (-409.600037 -2016 48 ) (-16 -2016 48 ) 
4 312 314 (0 -2016 48 ) (-416 -2016 48 ) (-416 -1920 48 ) (0 -1920 48 ) 
4 313 337 (-1024 -2016 48 ) (-1024 -2016 56 ) (-1024 -1920 56 ) (-1024 -1920 48 ) 
4 313 325 (-435.200073 -2016 56 ) (-768 -2016 56 ) (-768 -2016 48 ) (-460.800049 -2016 48 ) 
4 313 328 (-768 -2016 56 ) (-1024 -2016 56 ) (-1024 -2016 48 ) (-768 -2016 48 ) 
4 313 314 (-432 -2016 48 ) (-440 -2016 48 ) (-440 -1920 48 ) (-432 -1920 48 ) 
4 313 315 (-456 -2016 48 ) (-1024 -2016 48 ) (-1024 -1920 48 ) (-456 -1920 48 ) 
4 314 326 (-16 -2016 48 ) (-409.600006 -2016 48 ) (-435.200012 -2016 40 ) (-16 -2016 40 ) 
4 314 316 (0 -2016 40 ) (-440 -2016 40 ) (-440 -1920 40 ) (0 -1920 40 ) 
4 315 337 (-1024 -2016 40 ) (-1024 -2016 48 ) (-1024 -1920 48 ) (-1024 -1920 40 ) 
4 315 325 (-460.800049 -2016 48 ) (-768 -2016 48 ) (-768 -2016 40 ) (-486.400024 -2016 40 ) 
4 315 328 (-768 -2016 48 ) (-1024 -2016 48 ) (-1024 -2016 40 ) (-768 -2016 40 ) 
4 315 316 (-456 -2016 40 ) (-464 -2016 40 ) (-464 -1920 40 ) (-456 -1920 40 ) 
4 315 317 (-480 -2016 40 ) (-1024 -2016 40 ) (-1024 -1920 40 ) (-480 -1920 40 ) 
4 316 326 (-16 -2016 40 ) (-435.200012 -2016 40 ) (-460.799988 -2016 32 ) (-16 -2016 32 ) 
4 316 318 (0 -2016 32 ) (-464 -2016 32 ) (-464 -1920 32 ) (0 -1920 32 ) 
4 317 337 (-1024 -2016 32 ) (-1024 -2016 40 ) (-1024 -1920 40 ) (-1024 -1920 32 ) 
4 317 325 (-486.400024 -2016 40 ) (-768 -2016 40 ) (-768 -2016 32 ) (-512 -2016 32 ) 
4 317 328 (-768 -2016 40 ) (-1024 -2016 40 ) (-1024 -2016 32 ) (-768 -2016 32 ) 
4 317 321 (-768 -2016 32 ) (-1024 -2016 32 ) (-1024 -1920 32 ) (-768 -1920 32 ) 
4 317 318 (-480 -2016 32 ) (-488 -2016 32 ) (-488 -1920 32 ) (-480 -1920 32 ) 
4 317 320 (-504 -2016 32 ) (-512 -2016 32 ) (-512 -1920 32 ) (-504 -1920 32 ) 
5 318 327 (-16 -2016 32 ) (-460.799988 -2016 32 ) (-488 -2016 23.499998 ) (-488 -2016 16 ) (-16 -2016 16 ) 
4 318 322 (0 -2016 16 ) (-488 -2016 16 ) (-488 -1920 16 ) (0 -1920 16 ) 
4 318 319 (-488 -1920 16 ) (-488 -2016 16 ) (-488 -2016 24 ) (-488 -1920 24 ) 
4 319 327 (-504 -2016 18.500002 ) (-504 -2016 16 ) (-488 -2016 16 ) (-488 -2016 23.500006 ) 
4 319 322 (-488 -2016 16 ) (-504 -2016 16 ) (-504 -1920 16 ) (-488 -1920 16 ) 
4 319 320 (-504 -1920 16 ) (-504 -2016 16 ) (-504 -2016 24 ) (-504 -1920 24 ) 
3 320 327 (-512 -2016 16 ) (-504 -2016 16 ) (-504 -2016 18.500000 ) 
4 320 322 (-504 -2016 16 ) (-512 -2016 16 ) (-512 -1920 16 ) (-504 -1920 16 ) 
4 321 339 (-1024 -2016 16 ) (-1024 -2016 32 ) (-1024 -1920 32 ) (-1024 -1920 16 ) 
4 321 328 (-768 -2016 32 ) (-1024 -2016 32 ) (-1024 -2016 16 ) (-768 -2016 16 ) 
4 321 322 (-768 -2016 16 ) (-1024 -2016 16 ) (-1024 -1920 16 ) (-768 -1920 16 ) 
4 322 344 (-1024 -2016 -144 ) (-1024 -2016 -128 ) (-1024 -1920 -128 ) (-1024 -1920 -144 ) 
4 322 342 (-1024 -2016 -128 ) (-1024 -2016 16 ) (-1024 -1920 16 ) (-1024 -1920 -128 ) 
4 322 330 (-768 -2016 16 ) (-1024 -2016 16 ) (-1024 -2016 -144 ) (-768 -2016 -144 ) 
4 322 329 (-16 -2016 16 ) (-752 -2016 16 ) (-752 -2016 -144 ) (-16 -2016 -144 ) 
4 323 337 (-1024 -2016 256 ) (-1024 -2016 112 ) (-1024 -2032 112 ) (-1024 -2032 256 ) 
4 323 334 (-1024 -2016 624 ) (-1024 -2016 256 ) (-1024 -2032 256 ) (-1024 -2032 624 ) 
4 323 331 (0 -2032 112 ) (0 -2032 624 ) (-1024 -2032 624 ) (-1024 -2032 112 ) 
4 323 324 (-256 -2032 112 ) (-1024 -2032 112 ) (-1024 -2016 112 ) (-256 -2016 112 ) 
4 324 337 (-1024 -2016 112 ) (-1024 -2016 96 ) (-1024 -2032 96 ) (-1024 -2032 112 ) 
4 324 331 (-256 -2032 112 ) (-1024 -2032 112 ) (-1024 -2032 96 ) (-307.200073 -2032 96 ) 
4 324 325 (-307.200043 -2032 96 ) (-768 -2032 96 ) (-768 -2016 96 ) (-307.200073 -2016 96 ) 
4 324 328 (-768 -2032 96 ) (-1024 -2032 96 ) (-1024 -2016 96 ) (-768 -2016 96 ) 
4 325 331 (-307.200043 -2032 96 ) (-768 -2032 96 ) (-768 -2032 32 ) (-512 -2032 32 ) 
4 325 328 (-768 -2032 32 ) (-768 -2032 96 ) (-768 -2016 96 ) (-768 -2016 32 ) 
4 326 331 (-16 -2032 96 ) (-256 -2032 96 ) (-460.799988 -2032 32 ) (-16 -2032 32 ) 
4 326 327 (-460.799988 -2016 32 ) (-16 -2016 32 ) (-16 -2032 32 ) (-460.799988 -2032 32 ) 
4 327 331 (-512 -2032 16 ) (-16 -2032 16 ) (-16 -2032 32 ) (-460.799988 -2032 32 ) 
4 327 329 (-16 -2032 16 ) (-512 -2032 16 ) (-512 -2016 16 ) (-16 -2016 16 ) 
4 328 339 (-1024 -2016 32 ) (-1024 -2016 16 ) (-1024 -2032 16 ) (-1024 -2032 32 ) 
4 328 337 (-1024 -2016 96 ) (-1024 -2016 32 ) (-1024 -2032 32 ) (-1024 -2032 96 ) 
4 328 331 (-768 -2032 96 ) (-1024 -2032 96 ) (-1024 -2032 16 ) (-768 -2032 16 ) 
4 328 330 (-768 -2032 16 ) (-1024 -2032 16 ) (-1024 -2016 16 ) (-768 -2016 16 ) 
4 329 331 (-752 -2032 -144 ) (-16 -2032 -144 ) (-16 -2032 16 ) (-752 -2032 16 ) 
4 330 344 (-1024 -2016 -128 ) (-1024 -2016 -144 ) (-1024 -2032 -144 ) (-1024 -2032 -128 ) 
4 330 342 (-1024 -2016 16 ) (-1024 -2016 -128 ) (-1024 -2032 -128 ) (-1024 -2032 16 ) 
4 330 331 (-1024 -2032 -144 ) (-768 -2032 -144 ) (-768 -2032 16 ) (-1024 -2032 16 ) 
4 331 369 (-1024 -2048 -128 ) (-1024 -2048 -144 ) (-560 -2048 -144 ) (-560 -2048 -128 ) 
4 331 360 (-1024 -2048 287.875000 ) (-1024 -2048 -128 ) (-560 -2048 -128 ) (-560 -2048 287.875000 ) 
4 331 357 (-560 -2048 624 ) (-1024 -2048 624 ) (-1024 -2048 287.875000 ) (-560 -2048 287.875000 ) 
4 331 356 (0 -2048 -144 ) (0 -2048 -128 ) (-560 -2048 -128 ) (-560 -2048 -144 ) 
4 331 354 (0 -2048 -128 ) (0 -2048 -32 ) (-560 -2048 -32 ) (-560 -2048 -128 ) 
4 331 348 (0 -2048 -32 ) (0 -2048 224 ) (-560 -2048 224 ) (-560 -2048 -32 ) 
4 331 346 (0 -2048 224 ) (0 -2048 624 ) (-560 -2048 624 ) (-560 -2048 224 ) 
4 331 344 (-1024 -2048 -144 ) (-1024 -2048 -128 ) (-1024 -2032 -128 ) (-1024 -2032 -144 ) 
4 331 342 (-1024 -2048 -128 ) (-1024 -2048 16 ) (-1024 -2032 16 ) (-1024 -2032 -128 ) 
4 331 339 (-1024 -2048 16 ) (-1024 -2048 32 ) (-1024 -2032 32 ) (-1024 -2032 16 ) 
4 331 337 (-1024 -2048 32 ) (-1024 -2048 256 ) (-1024 -2032 256 ) (-1024 -2032 32 ) 
4 331 334 (-1024 -2048 256 ) (-1024 -2048 624 ) (-1024 -2032 624 ) (-1024 -2032 256 ) 
4 332 333 (-1024 -1024 -144 ) (-1024 -1024 624 ) (-1056 -1024 624 ) (-1056 -1024 -144 ) 
4 334 382 (-1024 -2048 256 ) (-1024 -2048 624 ) (-1168 -2048 624 ) (-1168 -2048 256 ) 
4 334 338 (-1168 -2048 256 ) (-1168 -1664 256 ) (-1104 -1664 256 ) (-1104 -2048 256 ) 
4 334 337 (-1024 -1664 256 ) (-1024 -2048 256 ) (-1104 -2048 256 ) (-1104 -1664 256 ) 
4 335 336 (-1104 -1648 32 ) (-1024 -1648 32 ) (-1024 -1648 172 ) (-1104 -1648 172 ) 
4 336 337 (-1104 -1664 172 ) (-1104 -1664 32 ) (-1024 -1664 32 ) (-1024 -1664 172 ) 
4 337 382 (-1024 -2048 32 ) (-1024 -2048 256 ) (-1104 -2048 256 ) (-1104 -2048 32 ) 
4 337 339 (-1024 -2048 32 ) (-1104 -2048 32 ) (-1104 -1920 32 ) (-1024 -1920 32 ) 
4 337 338 (-1104 -1664 32 ) (-1104 -2048 32 ) (-1104 -2048 256 ) (-1104 -1664 256 ) 
4 338 382 (-1104 -2048 256 ) (-1168 -2048 256 ) (-1168 -2048 32 ) (-1104 -2048 32 ) 
4 338 339 (-1104 -2048 32 ) (-1168 -2048 32 ) (-1168 -1920 32 ) (-1104 -1920 32 ) 
4 339 382 (-1024 -2048 16 ) (-1024 -2048 32 ) (-1168 -2048 32 ) (-1168 -2048 16 ) 
4 339 343 (-1104 -2048 16 ) (-1168 -2048 16 ) (-1168 -1920 16 ) (-1104 -1920 16 ) 
4 339 342 (-1024 -2048 16 ) (-1104 -2048 16 ) (-1104 -1920 16 ) (-1024 -1920 16 ) 
4 340 341 (-1104 -1904 -128 ) (-1024 -1904 -128 ) (-1024 -1904 12 ) (-1104 -1904 12 ) 
4 341 342 (-1104 -1920 12 ) (-1104 -1920 -128 ) (-1024 -1920 -128 ) (-1024 -1920 12 ) 
4 342 382 (-1024 -2048 -128 ) (-1024 -2048 16 ) (-1104 -2048 16 ) (-1104 -2048 -128 ) 
4 342 344 (-1024 -1920 -128 ) (-1024 -2048 -128 ) (-1104 -2048 -128 ) (-1104 -1920 -128 ) 
4 342 343 (-1104 -1920 -128 ) (-1104 -2048 -128 ) (-1104 -2048 16 ) (-1104 -1920 16 ) 
4 343 382 (-1104 -2048 16 ) (-1168 -2048 16 ) (-1168 -2048 -128 ) (-1104 -2048 -128 ) 
4 343 344 (-1168 -2048 -128 ) (-1168 -1920 -128 ) (-1104 -1920 -128 ) (-1104 -2048 -128 ) 
4 344 382 (-1024 -2048 -144 ) (-1024 -2048 -128 ) (-1168 -2048 -128 ) (-1168 -2048 -144 ) 
4 345 371 (512 -3072 -144 ) (512 -3072 624 ) (0 -3072 624 ) (0 -3072 -144 ) 
4 345 356 (0 -2048 -128 ) (0 -2048 -144 ) (0 -2432 -144 ) (0 -2432 -128 ) 
4 345 355 (0 -2304 -128 ) (0 -2432 -128 ) (0 -2432 -32 ) (0 -2304 -32 ) 
4 345 354 (0 -2048 -32 ) (0 -2048 -128 ) (0 -2304 -128 ) (0 -2304 -32 ) 
4 345 353 (0 -2688 -32 ) (0 -3072 -32 ) (0 -3072 224 ) (0 -2688 224 ) 
4 345 348 (0 -2048 224 ) (0 -2048 -32 ) (0 -2432 -32 ) (0 -2432 224 ) 
4 345 346 (0 -2048 624 ) (0 -2048 224 ) (0 -2432 224 ) (0 -2432 624 ) 
4 345 347 (0 -2688 224 ) (0 -3072 224 ) (0 -3072 624 ) (0 -2688 624 ) 
4 346 360 (-560 -2048 287.875000 ) (-560 -2048 224 ) (-560 -2432 224 ) (-560 -2432 287.875000 ) 
4 346 357 (-560 -2432 624 ) (-560 -2048 624 ) (-560 -2048 287.875000 ) (-560 -2432 287.875000 ) 
4 346 348 (-560 -2432 224 ) (-560 -2048 224 ) (0 -2048 224 ) (0 -2432 224 ) 
4 347 372 (0 -3072 224 ) (0 -3072 624 ) (-560 -3072 624 ) (-560 -3072 224 ) 
4 347 353 (-560 -3072 224 ) (-560 -2688 224 ) (0 -2688 224 ) (0 -3072 224 ) 
4 348 360 (-560 -2432 224 ) (-560 -2048 224 ) (-560 -2048 -32 ) (-560 -2432 -32 ) 
4 348 355 (-400 -2304 -32 ) (0 -2304 -32 ) (0 -2432 -32 ) (-400 -2432 -32 ) 
4 348 354 (-560 -2304 -32 ) (-560 -2048 -32 ) (0 -2048 -32 ) (0 -2304 -32 ) 
4 348 349 (-551.750000 -2432 -32 ) (-407.750000 -2432 -32 ) (-407.750000 -2432 96 ) (-551.750000 -2432 96 ) 
4 348 350 (-552 -2432 -32 ) (-551.750000 -2432 -32 ) (-551.750000 -2432 224 ) (-552 -2432 224 ) 
4 349 351 (-551.750000 -2448 -32 ) (-407.750000 -2448 -32 ) (-407.750000 -2448 96 ) (-551.750000 -2448 96 ) 
4 349 350 (-551.750000 -2432 96 ) (-551.750000 -2432 -32 ) (-551.750000 -2448 -32 ) (-551.750000 -2448 96 ) 
4 350 351 (-552 -2448 -32 ) (-551.750000 -2448 -32 ) (-551.750000 -2448 208 ) (-552 -2448 208 ) 
4 351 352 (-168 -2672 -32 ) (-24 -2672 -32 ) (-24 -2672 96 ) (-168 -2672 96 ) 
4 352 353 (-168 -2688 -32 ) (-24 -2688 -32 ) (-24 -2688 96 ) (-168 -2688 96 ) 
4 353 372 (0 -3072 -32 ) (0 -3072 224 ) (-560 -3072 224 ) (-560 -3072 -32 ) 
4 353 365 (-560 -2800 96 ) (-560 -2800 -32 ) (-560 -2944 -32 ) (-560 -2944 96 ) 
4 354 360 (-560 -2304 -32 ) (-560 -2048 -32 ) (-560 -2048 -128 ) (-560 -2304 -128 ) 
4 354 356 (-560 -2304 -128 ) (-560 -2048 -128 ) (0 -2048 -128 ) (0 -2304 -128 ) 
4 354 355 (-128 -2304 -128 ) (0 -2304 -128 ) (0 -2304 -32 ) (-400 -2304 -32 ) 
4 355 356 (0 -2432 -128 ) (-128 -2432 -128 ) (-128 -2304 -128 ) (0 -2304 -128 ) 
4 356 369 (-560 -2432 -144 ) (-560 -2432 -128 ) (-560 -2048 -128 ) (-560 -2048 -144 ) 
4 357 382 (-1024 -2048 624 ) (-1024 -2048 287.875000 ) (-1024 -2432 287.875000 ) (-1024 -2432 624 ) 
4 357 360 (-1024 -2432 287.875000 ) (-1024 -2048 287.875000 ) (-560 -2048 287.875000 ) (-560 -2432 287.875000 ) 
4 358 368 (-1024 -2880 287.875000 ) (-1024 -2752 287.875000 ) (-800 -2752 287.875000 ) (-800 -2880 287.875000 ) 
4 358 366 (-800 -2752 287.875000 ) (-576 -2752 287.875000 ) (-576 -3008 287.875000 ) (-800 -3008 287.875000 ) 
4 358 364 (-1024 -2752 287.875000 ) (-1024 -2448 287.875000 ) (-992 -2448 287.875000 ) (-992 -2752 287.875000 ) 
4 358 362 (-928 -2448 287.875000 ) (-928 -2752 287.875000 ) (-992 -2752 287.875000 ) (-992 -2448 287.875000 ) 
4 358 361 (-784 -2608 287.875000 ) (-784 -2752 287.875000 ) (-928 -2752 287.875000 ) (-928 -2608 287.875000 ) 
4 359 373 (-928 -3072 303 ) (-928 -3072 287.875000 ) (-576 -3072 287.875000 ) (-576 -3072 303 ) 
4 359 370 (-928 -3024 287.875000 ) (-576 -3024 287.875000 ) (-576 -3072 287.875000 ) (-928 -3072 287.875000 ) 
4 360 382 (-1024 -2048 287.875000 ) (-1024 -2048 -128 ) (-1024 -2432 -128 ) (-1024 -2432 287.875000 ) 
4 360 369 (-1024 -2432 -128 ) (-1024 -2048 -128 ) (-560 -2048 -128 ) (-560 -2432 -128 ) 
4 360 363 (-1024 -2432 -128 ) (-992 -2432 -128 ) (-992 -2432 0 ) (-1024 -2432 0 ) 
4 361 368 (-928 -2752 -128 ) (-800 -2752 -128 ) (-800 -2752 287.875000 ) (-928 -2752 287.875000 ) 
4 361 367 (-800 -2752 -128 ) (-784 -2752 -128 ) (-784 -2752 -48 ) (-800 -2752 -48 ) 
4 361 366 (-784 -2752 -32 ) (-784 -2752 287.875000 ) (-800 -2752 287.875000 ) (-800 -2752 -32 ) 
4 361 362 (-928 -2608 -128 ) (-928 -2752 -128 ) (-928 -2752 287.875000 ) (-928 -2608 287.875000 ) 
4 362 368 (-992 -2752 -128 ) (-928 -2752 -128 ) (-928 -2752 287.875000 ) (-992 -2752 287.875000 ) 
4 362 364 (-992 -2448 -128 ) (-992 -2752 -128 ) (-992 -2752 287.875000 ) (-992 -2448 287.875000 ) 
4 363 384 (-1024 -2432 -128 ) (-1024 -2448 -128 ) (-1024 -2448 0 ) (-1024 -2432 0 ) 
4 363 364 (-1024 -2448 -128 ) (-992 -2448 -128 ) (-992 -2448 0 ) (-1024 -2448 0 ) 
4 364 385 (-1024 -2448 -128 ) (-1024 -2752 -128 ) (-1024 -2752 287.875000 ) (-1024 -2448 287.875000 ) 
4 364 368 (-1024 -2752 -128 ) (-992 -2752 -128 ) (-992 -2752 287.875000 ) (-1024 -2752 287.875000 ) 
4 365 366 (-576 -2800 -32 ) (-576 -2944 -32 ) (-576 -2944 96 ) (-576 -2800 96 ) 
4 366 368 (-800 -2752 287.875000 ) (-800 -2752 -32 ) (-800 -2880 -32 ) (-800 -2880 287.875000 ) 
4 367 368 (-800 -2752 -48 ) (-800 -2752 -128 ) (-800 -2880 -128 ) (-800 -2880 -48 ) 
4 368 385 (-1024 -2752 -128 ) (-1024 -2880 -128 ) (-1024 -2880 287.875000 ) (-1024 -2752 287.875000 ) 
4 369 382 (-1024 -2048 -128 ) (-1024 -2048 -144 ) (-1024 -2432 -144 ) (-1024 -2432 -128 ) 
4 370 375 (-576 -3072 -32 ) (-576 -3072 96 ) (-928 -3072 96 ) (-928 -3072 -32 ) 
4 370 373 (-576 -3072 96 ) (-576 -3072 287.875000 ) (-928 -3072 287.875000 ) (-928 -3072 96 ) 
4 371 372 (0 -3200 -32 ) (0 -3200 624 ) (0 -3072 624 ) (0 -3072 -32 ) 
4 372 379 (-432 -3456 -32 ) (-240 -3456 -32 ) (-240 -3456 96 ) (-432 -3456 96 ) 
4 372 374 (-560 -3120 -32 ) (-560 -3312 -32 ) (-560 -3312 96 ) (-560 -3120 96 ) 
4 373 377 (-928 -3456 303 ) (-928 -3456 96 ) (-576 -3456 96 ) (-576 -3456 303 ) 
4 373 375 (-576 -3456 96 ) (-928 -3456 96 ) (-928 -3072 96 ) (-576 -3072 96 ) 
4 374 375 (-576 -3120 -32 ) (-576 -3312 -32 ) (-576 -3312 96 ) (-576 -3120 96 ) 
4 375 381 (-576 -3456 96 ) (-928 -3456 96 ) (-928 -3456 -32 ) (-576 -3456 -32 ) 
4 376 380 (-432 -3840 96 ) (-576 -3840 96 ) (-576 -3472 96 ) (-432 -3472 96 ) 
4 376 378 (-128 -3472 96 ) (-128 -3840 96 ) (-240 -3840 96 ) (-240 -3472 96 ) 
4 376 379 (-240 -3840 96 ) (-432 -3840 96 ) (-432 -3472 96 ) (-240 -3472 96 ) 
4 376 377 (-576 -3472 96 ) (-576 -3840 96 ) (-576 -3840 303 ) (-576 -3472 303 ) 
4 377 381 (-928 -3456 96 ) (-576 -3456 96 ) (-576 -3840 96 ) (-928 -3840 96 ) 
4 378 379 (-240 -3472 -32 ) (-240 -3840 -32 ) (-240 -3840 96 ) (-240 -3472 96 ) 
4 379 380 (-432 -3840 -32 ) (-432 -3840 96 ) (-432 -3472 96 ) (-432 -3472 -32 ) 
4 380 381 (-576 -3840 -32 ) (-576 -3840 96 ) (-576 -3472 96 ) (-576 -3472 -32 ) 
4 382 384 (-1024 -2432 -128 ) (-1024 -2432 0 ) (-1136 -2432 0 ) (-1136 -2432 -128 ) 
4 383 385 (-1168 -2880 287.875000 ) (-1168 -2448 287.875000 ) (-1024 -2448 287.875000 ) (-1024 -2880 287.875000 ) 
4 384 385 (-1136 -2448 -128 ) (-1024 -2448 -128 ) (-1024 -2448 0 ) (-1136 -2448 0 ) 
