


materialPath: C:\Program Files (x86)\Steam\steamapps\common\Team Fortress 2\tf\materials
Loading c:\users\liam\documents\tf2-maps\p\a3\cp_p_a3.vmf
Patching WVT material: maps/cp_p_a3/dev/dev_blendmeasure_wvt_patch
Patching WVT material: maps/cp_p_a3/dev/dev_blendmeasure2_wvt_patch
fixing up env_cubemap materials on brush sides...
0...1...2...3...4...5...6...7...8...9...100...1...2...3...4...5...6...7...8...9...10Processing areas...done (0)
Building Faces...done (0)
Chop Details...done (0)
Find Visible Detail Sides...done (0)
Merging details...done (0)
FixTjuncs...
PruneNodes...
WriteBSP...
done (0)
writing c:\users\liam\documents\tf2-maps\p\a3\cp_p_a3.prt...Building visibility clusters...
done (1)
Creating default LDR cubemaps for env_cubemap using skybox materials:
   skybox/sky_day01_01*.vmt
 ! Run buildcubemaps in the engine to get the correct cube maps.
Creating default HDR cubemaps for env_cubemap using skybox materials:
   skybox/sky_day01_01*.vmt
 ! Run buildcubemaps in the engine to get the correct cube maps.
Finding displacement neighbors...
Finding lightmap sample positions...
Displacement Alpha : 0...1...2...3...4...5...6...7...8...9...10
Building Physics collision data...
WARNING: Map using power 4 displacements, terrain physics cannot be compressed, map will need additional memory and CPU.
done (0) (591972 bytes)
Placing detail props : 0...1...2...3...4...5...6...7...8...9...Error loading studio model ""!
10
Water found with no water_lod_control entity, creating a default one.
Compacting texture/material tables...
Reduced 408 texinfos to 294
Reduced 21 texdatas to 18 (533 bytes to 450)
Writing c:\users\liam\documents\tf2-maps\p\a3\cp_p_a3.bsp
MSG_FILEWRITE - Filesystem was asked to write to 'c:\users\liam\documents\tf2-maps\p\a3\cp_p_a3.bsp', but we don't own that location. Allowing.
Wrote ZIP buffer, estimated size 107219, actual size 106603
2 seconds elapsed



4 threads
reading c:\users\liam\documents\tf2-maps\p\a3\cp_p_a3.bsp
reading c:\users\liam\documents\tf2-maps\p\a3\cp_p_a3.prt
 608 portalclusters
1693 numportals
0...1...2...3...4...5...6...7...8...9...10Optimized: 1718 visible clusters (2.35%)
Total clusters visible: 73178
Average clusters visible: 120
Building PAS...
Average clusters audible: 134
visdatasize:38780  compressed from 97280
writing c:\users\liam\documents\tf2-maps\p\a3\cp_p_a3.bsp
MSG_FILEWRITE - Filesystem was asked to write to 'c:\users\liam\documents\tf2-maps\p\a3\cp_p_a3.bsp', but we don't own that location. Allowing.
0 seconds elapsed



[Reading texlights from 'lights.rad']
[56 texlights parsed from 'lights.rad']

Loading c:\users\liam\documents\tf2-maps\p\a3\cp_p_a3.bsp
2373 faces
864573 square feet [124498528.00 square inches]
14 Displacements
14547 Square Feet [2094909.00 Square Inches]
2373 patches before subdivision
59823 patches after subdivision
11 direct lights
0...1...2...3...4...5...6...7...8...9...100...1...2...3...4...5...6...7...8...9...10transfers 5272058, max 488
transfer lists:  40.2 megs
0...1...2...3...4...5...6...7...8...9...10	Bounce #1 added RGB(452606, 343345, 232910)
0...1...2...3...4...5...6...7...8...9...10	Bounce #2 added RGB(108547, 78688, 53475)
Build Patch/Sample Hash Table(s).....Done<0.0185 sec>
0...1...2...3...4...5...6...7...8...9...10FinalLightFace Done
0 of 0 (0% of) surface lights went in leaf ambient cubes.
0...1...2...3...4...5...6...7...8...9...10Writing leaf ambient...done
Ready to Finish

Object names       Objects/Maxobjs  Memory / Maxmem  Fullness 
------------       ---------------  ---------------  -------- 
models                  60/1024         2880/49152    ( 5.9%) 
brushes                313/8192         3756/98304    ( 3.8%) 
brushsides            2013/65536       16104/524288   ( 3.1%) 
planes                1200/65536       24000/1310720  ( 1.8%) 
vertexes              3385/65536       40620/786432   ( 5.2%) 
nodes                 1463/65536       46816/2097152  ( 2.2%) 
texinfos               294/12288       21168/884736   ( 2.4%) 
texdata                 18/2048          576/65536    ( 0.9%) 
dispinfos               14/0            2464/0        ( 0.0%) 
disp_verts            2382/0           47640/0        ( 0.0%) 
disp_tris             4096/0            8192/0        ( 0.0%) 
disp_lmsamples       41586/0           41586/0        ( 0.0%) 
faces                 2373/65536      132888/3670016  ( 3.6%) 
hdr faces                0/65536           0/3670016  ( 0.0%) 
origfaces             1191/65536       66696/3670016  ( 1.8%) 
leaves                1524/65536       48768/2097152  ( 2.3%) 
leaffaces             2984/65536        5968/131072   ( 4.6%) 
leafbrushes            817/65536        1634/131072   ( 1.2%) 
areas                    9/256            72/2048     ( 3.5%) 
surfedges            15699/512000      62796/2048000  ( 3.1%) 
edges                 8608/256000      34432/1024000  ( 3.4%) 
LDR worldlights         10/8192          880/720896   ( 0.1%) 
HDR worldlights          0/8192            0/720896   ( 0.0%) 
leafwaterdata            1/32768          12/393216   ( 0.0%) 
waterstrips            199/32768        1990/327680   ( 0.6%) 
waterverts               0/65536           0/786432   ( 0.0%) 
waterindices          3171/65536        6342/131072   ( 4.8%) 
cubemapsamples           0/1024            0/16384    ( 0.0%) 
overlays                 0/512             0/180224   ( 0.0%) 
LDR lightdata         [variable]     1126564/0        ( 0.0%) 
HDR lightdata         [variable]           0/0        ( 0.0%) 
visdata               [variable]       38780/16777216 ( 0.2%) 
entdata               [variable]       41991/393216   (10.7%) 
LDR ambient table     1524/65536        6096/262144   ( 2.3%) 
HDR ambient table     1524/65536        6096/262144   ( 2.3%) 
LDR leaf ambient      7469/65536      209132/1835008  (11.4%) 
HDR leaf ambient      1524/65536       42672/1835008  ( 2.3%) 
occluders                0/0               0/0        ( 0.0%) 
occluder polygons        0/0               0/0        ( 0.0%) 
occluder vert ind        0/0               0/0        ( 0.0%) 
detail props          [variable]           1/12       ( 8.3%) 
static props          [variable]           1/3684     ( 0.0%) 
pakfile               [variable]      106603/0        ( 0.0%) 
physics               [variable]      591972/4194304  (14.1%) 
physics terrain       [variable]           0/1048576  ( 0.0%) 

Level flags = 0

Total triangle count: 6195
Writing c:\users\liam\documents\tf2-maps\p\a3\cp_p_a3.bsp
13 seconds elapsed



materialPath: C:\Program Files (x86)\Steam\steamapps\common\Team Fortress 2\tf\materials
Loading c:\users\liam\documents\tf2-maps\p\a3\cp_p_a3.vmf
Patching WVT material: maps/cp_p_a3/dev/dev_blendmeasure_wvt_patch
Patching WVT material: maps/cp_p_a3/dev/dev_blendmeasure2_wvt_patch
fixing up env_cubemap materials on brush sides...
0...1...2...3...4...5...6...7...8...9...100...1...2...3...4...5...6...7...8...9...10Processing areas...done (0)
Building Faces...done (0)
Chop Details...done (0)
Find Visible Detail Sides...done (0)
Merging details...done (0)
FixTjuncs...
PruneNodes...
WriteBSP...
done (0)
writing c:\users\liam\documents\tf2-maps\p\a3\cp_p_a3.prt...Building visibility clusters...
done (0)
Creating default LDR cubemaps for env_cubemap using skybox materials:
   skybox/sky_day01_01*.vmt
 ! Run buildcubemaps in the engine to get the correct cube maps.
Creating default HDR cubemaps for env_cubemap using skybox materials:
   skybox/sky_day01_01*.vmt
 ! Run buildcubemaps in the engine to get the correct cube maps.
Finding displacement neighbors...
Finding lightmap sample positions...
Displacement Alpha : 0...1...2...3...4...5...6...7...8...9...10
Building Physics collision data...
WARNING: Map using power 4 displacements, terrain physics cannot be compressed, map will need additional memory and CPU.
done (0) (591972 bytes)
Placing detail props : 0...1...2...3...4...5...6...7...8...9...Error loading studio model ""!
10
Water found with no water_lod_control entity, creating a default one.
Compacting texture/material tables...
Reduced 408 texinfos to 294
Reduced 21 texdatas to 18 (533 bytes to 450)
Writing c:\users\liam\documents\tf2-maps\p\a3\cp_p_a3.bsp
MSG_FILEWRITE - Filesystem was asked to write to 'c:\users\liam\documents\tf2-maps\p\a3\cp_p_a3.bsp', but we don't own that location. Allowing.
Wrote ZIP buffer, estimated size 107219, actual size 106603
2 seconds elapsed



4 threads
reading c:\users\liam\documents\tf2-maps\p\a3\cp_p_a3.bsp
reading c:\users\liam\documents\tf2-maps\p\a3\cp_p_a3.prt
 608 portalclusters
1693 numportals
0...1...2...3...4...5...6...7...8...9...10Optimized: 1718 visible clusters (2.35%)
Total clusters visible: 73178
Average clusters visible: 120
Building PAS...
Average clusters audible: 134
visdatasize:38780  compressed from 97280
writing c:\users\liam\documents\tf2-maps\p\a3\cp_p_a3.bsp
MSG_FILEWRITE - Filesystem was asked to write to 'c:\users\liam\documents\tf2-maps\p\a3\cp_p_a3.bsp', but we don't own that location. Allowing.
0 seconds elapsed



[Reading texlights from 'lights.rad']
[56 texlights parsed from 'lights.rad']

Loading c:\users\liam\documents\tf2-maps\p\a3\cp_p_a3.bsp
2373 faces
864573 square feet [124498528.00 square inches]
14 Displacements
14547 Square Feet [2094909.00 Square Inches]
2373 patches before subdivision
59823 patches after subdivision
11 direct lights
0...1...2...3...4...5...6...7...8...9...100...1...2...3...4...5...6...7...8...9...10transfers 5272058, max 488
transfer lists:  40.2 megs
0...1...2...3...4...5...6...7...8...9...10	Bounce #1 added RGB(452606, 343345, 232910)
0...1...2...3...4...5...6...7...8...9...10	Bounce #2 added RGB(108547, 78688, 53475)
Build Patch/Sample Hash Table(s).....Done<0.0178 sec>
0...1...2...3...4...5...6...7...8...9...10FinalLightFace Done
0 of 0 (0% of) surface lights went in leaf ambient cubes.
0...1...2...3...4...5...6...7...8...9...10Writing leaf ambient...done
Ready to Finish

Object names       Objects/Maxobjs  Memory / Maxmem  Fullness 
------------       ---------------  ---------------  -------- 
models                  60/1024         2880/49152    ( 5.9%) 
brushes                313/8192         3756/98304    ( 3.8%) 
brushsides            2013/65536       16104/524288   ( 3.1%) 
planes                1200/65536       24000/1310720  ( 1.8%) 
vertexes              3385/65536       40620/786432   ( 5.2%) 
nodes                 1463/65536       46816/2097152  ( 2.2%) 
texinfos               294/12288       21168/884736   ( 2.4%) 
texdata                 18/2048          576/65536    ( 0.9%) 
dispinfos               14/0            2464/0        ( 0.0%) 
disp_verts            2382/0           47640/0        ( 0.0%) 
disp_tris             4096/0            8192/0        ( 0.0%) 
disp_lmsamples       41586/0           41586/0        ( 0.0%) 
faces                 2373/65536      132888/3670016  ( 3.6%) 
hdr faces                0/65536           0/3670016  ( 0.0%) 
origfaces             1191/65536       66696/3670016  ( 1.8%) 
leaves                1524/65536       48768/2097152  ( 2.3%) 
leaffaces             2984/65536        5968/131072   ( 4.6%) 
leafbrushes            817/65536        1634/131072   ( 1.2%) 
areas                    9/256            72/2048     ( 3.5%) 
surfedges            15699/512000      62796/2048000  ( 3.1%) 
edges                 8608/256000      34432/1024000  ( 3.4%) 
LDR worldlights         10/8192          880/720896   ( 0.1%) 
HDR worldlights          0/8192            0/720896   ( 0.0%) 
leafwaterdata            1/32768          12/393216   ( 0.0%) 
waterstrips            199/32768        1990/327680   ( 0.6%) 
waterverts               0/65536           0/786432   ( 0.0%) 
waterindices          3171/65536        6342/131072   ( 4.8%) 
cubemapsamples           0/1024            0/16384    ( 0.0%) 
overlays                 0/512             0/180224   ( 0.0%) 
LDR lightdata         [variable]     1126564/0        ( 0.0%) 
HDR lightdata         [variable]           0/0        ( 0.0%) 
visdata               [variable]       38780/16777216 ( 0.2%) 
entdata               [variable]       41991/393216   (10.7%) 
LDR ambient table     1524/65536        6096/262144   ( 2.3%) 
HDR ambient table     1524/65536        6096/262144   ( 2.3%) 
LDR leaf ambient      7469/65536      209132/1835008  (11.4%) 
HDR leaf ambient      1524/65536       42672/1835008  ( 2.3%) 
occluders                0/0               0/0        ( 0.0%) 
occluder polygons        0/0               0/0        ( 0.0%) 
occluder vert ind        0/0               0/0        ( 0.0%) 
detail props          [variable]           1/12       ( 8.3%) 
static props          [variable]           1/3684     ( 0.0%) 
pakfile               [variable]      106603/0        ( 0.0%) 
physics               [variable]      591972/4194304  (14.1%) 
physics terrain       [variable]           0/1048576  ( 0.0%) 

Level flags = 0

Total triangle count: 6195
Writing c:\users\liam\documents\tf2-maps\p\a3\cp_p_a3.bsp
13 seconds elapsed



materialPath: C:\Program Files (x86)\Steam\steamapps\common\Team Fortress 2\tf\materials
Loading c:\users\liam\documents\tf2-maps\p\a3\cp_p_a3.vmf
Patching WVT material: maps/cp_p_a3/dev/dev_blendmeasure_wvt_patch
Patching WVT material: maps/cp_p_a3/dev/dev_blendmeasure2_wvt_patch
fixing up env_cubemap materials on brush sides...
0...1...2...3...4...5...6...7...8...9...100...1...2...3...4...5...6...7...8...9...10Processing areas...done (0)
Building Faces...done (0)
Chop Details...done (0)
Find Visible Detail Sides...done (0)
Merging details...done (0)
FixTjuncs...
PruneNodes...
WriteBSP...
done (0)
writing c:\users\liam\documents\tf2-maps\p\a3\cp_p_a3.prt...Building visibility clusters...
done (0)
Creating default LDR cubemaps for env_cubemap using skybox materials:
   skybox/sky_day01_01*.vmt
 ! Run buildcubemaps in the engine to get the correct cube maps.
Creating default HDR cubemaps for env_cubemap using skybox materials:
   skybox/sky_day01_01*.vmt
 ! Run buildcubemaps in the engine to get the correct cube maps.
Finding displacement neighbors...
Finding lightmap sample positions...
Displacement Alpha : 0...1...2...3...4...5...6...7...8...9...10
Building Physics collision data...
WARNING: Map using power 4 displacements, terrain physics cannot be compressed, map will need additional memory and CPU.
done (1) (591972 bytes)
Placing detail props : 0...1...2...3...4...5...6...7...8...9...Error loading studio model ""!
10
Water found with no water_lod_control entity, creating a default one.
Compacting texture/material tables...
Reduced 408 texinfos to 294
Reduced 21 texdatas to 18 (533 bytes to 450)
Writing c:\users\liam\documents\tf2-maps\p\a3\cp_p_a3.bsp
MSG_FILEWRITE - Filesystem was asked to write to 'c:\users\liam\documents\tf2-maps\p\a3\cp_p_a3.bsp', but we don't own that location. Allowing.
Wrote ZIP buffer, estimated size 107219, actual size 106603
4 seconds elapsed



4 threads
reading c:\users\liam\documents\tf2-maps\p\a3\cp_p_a3.bsp
reading c:\users\liam\documents\tf2-maps\p\a3\cp_p_a3.prt
 608 portalclusters
1693 numportals
0...1...2...3...4...5...6...7...8...9...10Optimized: 1718 visible clusters (2.35%)
Total clusters visible: 73178
Average clusters visible: 120
Building PAS...
Average clusters audible: 134
visdatasize:38780  compressed from 97280
writing c:\users\liam\documents\tf2-maps\p\a3\cp_p_a3.bsp
MSG_FILEWRITE - Filesystem was asked to write to 'c:\users\liam\documents\tf2-maps\p\a3\cp_p_a3.bsp', but we don't own that location. Allowing.
0 seconds elapsed



[Reading texlights from 'lights.rad']
[56 texlights parsed from 'lights.rad']

Loading c:\users\liam\documents\tf2-maps\p\a3\cp_p_a3.bsp
2373 faces
864573 square feet [124498528.00 square inches]
14 Displacements
14547 Square Feet [2094909.00 Square Inches]
2373 patches before subdivision
59823 patches after subdivision
11 direct lights
0...1...2...3...4...5...6...7...8...9...100...1...2...3...4...5...6...7...8...9...10transfers 5272058, max 488
transfer lists:  40.2 megs
0...1...2...3...4...5...6...7...8...9...10	Bounce #1 added RGB(452606, 343345, 232910)
0...1...2...3...4...5...6...7...8...9...10	Bounce #2 added RGB(108547, 78688, 53475)
Build Patch/Sample Hash Table(s).....Done<0.0275 sec>
0...1...2...3...4...5...6...7...8...9...10FinalLightFace Done
0 of 0 (0% of) surface lights went in leaf ambient cubes.
0...1...2...3...4...5...6...7...8...9...10Writing leaf ambient...done
Ready to Finish

Object names       Objects/Maxobjs  Memory / Maxmem  Fullness 
------------       ---------------  ---------------  -------- 
models                  60/1024         2880/49152    ( 5.9%) 
brushes                313/8192         3756/98304    ( 3.8%) 
brushsides            2013/65536       16104/524288   ( 3.1%) 
planes                1200/65536       24000/1310720  ( 1.8%) 
vertexes              3385/65536       40620/786432   ( 5.2%) 
nodes                 1463/65536       46816/2097152  ( 2.2%) 
texinfos               294/12288       21168/884736   ( 2.4%) 
texdata                 18/2048          576/65536    ( 0.9%) 
dispinfos               14/0            2464/0        ( 0.0%) 
disp_verts            2382/0           47640/0        ( 0.0%) 
disp_tris             4096/0            8192/0        ( 0.0%) 
disp_lmsamples       41586/0           41586/0        ( 0.0%) 
faces                 2373/65536      132888/3670016  ( 3.6%) 
hdr faces                0/65536           0/3670016  ( 0.0%) 
origfaces             1191/65536       66696/3670016  ( 1.8%) 
leaves                1524/65536       48768/2097152  ( 2.3%) 
leaffaces             2984/65536        5968/131072   ( 4.6%) 
leafbrushes            817/65536        1634/131072   ( 1.2%) 
areas                    9/256            72/2048     ( 3.5%) 
surfedges            15699/512000      62796/2048000  ( 3.1%) 
edges                 8608/256000      34432/1024000  ( 3.4%) 
LDR worldlights         10/8192          880/720896   ( 0.1%) 
HDR worldlights          0/8192            0/720896   ( 0.0%) 
leafwaterdata            1/32768          12/393216   ( 0.0%) 
waterstrips            199/32768        1990/327680   ( 0.6%) 
waterverts               0/65536           0/786432   ( 0.0%) 
waterindices          3171/65536        6342/131072   ( 4.8%) 
cubemapsamples           0/1024            0/16384    ( 0.0%) 
overlays                 0/512             0/180224   ( 0.0%) 
LDR lightdata         [variable]     1126564/0        ( 0.0%) 
HDR lightdata         [variable]           0/0        ( 0.0%) 
visdata               [variable]       38780/16777216 ( 0.2%) 
entdata               [variable]       41991/393216   (10.7%) 
LDR ambient table     1524/65536        6096/262144   ( 2.3%) 
HDR ambient table     1524/65536        6096/262144   ( 2.3%) 
LDR leaf ambient      7469/65536      209132/1835008  (11.4%) 
HDR leaf ambient      1524/65536       42672/1835008  ( 2.3%) 
occluders                0/0               0/0        ( 0.0%) 
occluder polygons        0/0               0/0        ( 0.0%) 
occluder vert ind        0/0               0/0        ( 0.0%) 
detail props          [variable]           1/12       ( 8.3%) 
static props          [variable]           1/3684     ( 0.0%) 
pakfile               [variable]      106603/0        ( 0.0%) 
physics               [variable]      591972/4194304  (14.1%) 
physics terrain       [variable]           0/1048576  ( 0.0%) 

Level flags = 0

Total triangle count: 6195
Writing c:\users\liam\documents\tf2-maps\p\a3\cp_p_a3.bsp
13 seconds elapsed



materialPath: C:\Program Files (x86)\Steam\steamapps\common\Team Fortress 2\tf\materials
Loading c:\users\liam\documents\tf2-maps\p\a3\cp_p_a3.vmf
Patching WVT material: maps/cp_p_a3/dev/dev_blendmeasure_wvt_patch
Patching WVT material: maps/cp_p_a3/dev/dev_blendmeasure2_wvt_patch
fixing up env_cubemap materials on brush sides...
0...1...2...3...4...5...6...7...8...9...100...1...2...3...4...5...6...7...8...9...10Processing areas...done (0)
Building Faces...done (0)
Chop Details...done (0)
Find Visible Detail Sides...done (0)
Merging details...done (0)
FixTjuncs...
PruneNodes...
WriteBSP...
done (0)
writing c:\users\liam\documents\tf2-maps\p\a3\cp_p_a3.prt...Building visibility clusters...
done (0)
Creating default LDR cubemaps for env_cubemap using skybox materials:
   skybox/sky_day01_01*.vmt
 ! Run buildcubemaps in the engine to get the correct cube maps.
Creating default HDR cubemaps for env_cubemap using skybox materials:
   skybox/sky_day01_01*.vmt
 ! Run buildcubemaps in the engine to get the correct cube maps.
Finding displacement neighbors...
Finding lightmap sample positions...
Displacement Alpha : 0...1...2...3...4...5...6...7...8...9...10
Building Physics collision data...
WARNING: Map using power 4 displacements, terrain physics cannot be compressed, map will need additional memory and CPU.
done (0) (592348 bytes)
Placing detail props : 0...1...2...3...4...5...6...7...8...9...Error loading studio model ""!
10
Water found with no water_lod_control entity, creating a default one.
Compacting texture/material tables...
Reduced 412 texinfos to 297
Reduced 22 texdatas to 19 (553 bytes to 470)
Writing c:\users\liam\documents\tf2-maps\p\a3\cp_p_a3.bsp
MSG_FILEWRITE - Filesystem was asked to write to 'c:\users\liam\documents\tf2-maps\p\a3\cp_p_a3.bsp', but we don't own that location. Allowing.
Wrote ZIP buffer, estimated size 107219, actual size 106603
2 seconds elapsed



4 threads
reading c:\users\liam\documents\tf2-maps\p\a3\cp_p_a3.bsp
reading c:\users\liam\documents\tf2-maps\p\a3\cp_p_a3.prt
 612 portalclusters
1727 numportals
0...1...2...3...4...5...6...7...8...9...10Optimized: 1718 visible clusters (2.31%)
Total clusters visible: 74250
Average clusters visible: 121
Building PAS...
Average clusters audible: 135
visdatasize:39330  compressed from 97920
writing c:\users\liam\documents\tf2-maps\p\a3\cp_p_a3.bsp
MSG_FILEWRITE - Filesystem was asked to write to 'c:\users\liam\documents\tf2-maps\p\a3\cp_p_a3.bsp', but we don't own that location. Allowing.
0 seconds elapsed



[Reading texlights from 'lights.rad']
[56 texlights parsed from 'lights.rad']

Loading c:\users\liam\documents\tf2-maps\p\a3\cp_p_a3.bsp
2388 faces
866528 square feet [124780120.00 square inches]
14 Displacements
14547 Square Feet [2094909.00 Square Inches]
2388 patches before subdivision
60226 patches after subdivision
11 direct lights
0...1...2...3...4...5...6...7...8...9...100...1...2...3...4...5...6...7...8...9...10transfers 5325150, max 488
transfer lists:  40.6 megs
0...1...2...3...4...5...6...7...8...9...10	Bounce #1 added RGB(457088, 345716, 234225)
0...1...2...3...4...5...6...7...8...9...10	Bounce #2 added RGB(110335, 79342, 53724)
Build Patch/Sample Hash Table(s).....Done<0.0275 sec>
0...1...2...3...4...5...6...7...8...9...10FinalLightFace Done
0 of 0 (0% of) surface lights went in leaf ambient cubes.
0...1...2...3...4...5...6...7...8...9...10Writing leaf ambient...done
Ready to Finish

Object names       Objects/Maxobjs  Memory / Maxmem  Fullness 
------------       ---------------  ---------------  -------- 
models                  60/1024         2880/49152    ( 5.9%) 
brushes                314/8192         3768/98304    ( 3.8%) 
brushsides            2019/65536       16152/524288   ( 3.1%) 
planes                1198/65536       23960/1310720  ( 1.8%) 
vertexes              3403/65536       40836/786432   ( 5.2%) 
nodes                 1469/65536       47008/2097152  ( 2.2%) 
texinfos               297/12288       21384/884736   ( 2.4%) 
texdata                 19/2048          608/65536    ( 0.9%) 
dispinfos               14/0            2464/0        ( 0.0%) 
disp_verts            2382/0           47640/0        ( 0.0%) 
disp_tris             4096/0            8192/0        ( 0.0%) 
disp_lmsamples       41586/0           41586/0        ( 0.0%) 
faces                 2388/65536      133728/3670016  ( 3.6%) 
hdr faces                0/65536           0/3670016  ( 0.0%) 
origfaces             1195/65536       66920/3670016  ( 1.8%) 
leaves                1530/65536       48960/2097152  ( 2.3%) 
leaffaces             2987/65536        5974/131072   ( 4.6%) 
leafbrushes            819/65536        1638/131072   ( 1.2%) 
areas                    9/256            72/2048     ( 3.5%) 
surfedges            15785/512000      63140/2048000  ( 3.1%) 
edges                 8655/256000      34620/1024000  ( 3.4%) 
LDR worldlights         10/8192          880/720896   ( 0.1%) 
HDR worldlights          0/8192            0/720896   ( 0.0%) 
leafwaterdata            1/32768          12/393216   ( 0.0%) 
waterstrips            202/32768        2020/327680   ( 0.6%) 
waterverts               0/65536           0/786432   ( 0.0%) 
waterindices          3213/65536        6426/131072   ( 4.9%) 
cubemapsamples           0/1024            0/16384    ( 0.0%) 
overlays                 0/512             0/180224   ( 0.0%) 
LDR lightdata         [variable]     1132440/0        ( 0.0%) 
HDR lightdata         [variable]           0/0        ( 0.0%) 
visdata               [variable]       39330/16777216 ( 0.2%) 
entdata               [variable]       41993/393216   (10.7%) 
LDR ambient table     1530/65536        6120/262144   ( 2.3%) 
HDR ambient table     1530/65536        6120/262144   ( 2.3%) 
LDR leaf ambient      7546/65536      211288/1835008  (11.5%) 
HDR leaf ambient      1530/65536       42840/1835008  ( 2.3%) 
occluders                0/0               0/0        ( 0.0%) 
occluder polygons        0/0               0/0        ( 0.0%) 
occluder vert ind        0/0               0/0        ( 0.0%) 
detail props          [variable]           1/12       ( 8.3%) 
static props          [variable]           1/3606     ( 0.0%) 
pakfile               [variable]      106603/0        ( 0.0%) 
physics               [variable]      592348/4194304  (14.1%) 
physics terrain       [variable]           0/1048576  ( 0.0%) 

Level flags = 0

Total triangle count: 6235
Writing c:\users\liam\documents\tf2-maps\p\a3\cp_p_a3.bsp
13 seconds elapsed



materialPath: C:\Program Files (x86)\Steam\steamapps\common\Team Fortress 2\tf\materials
Loading c:\users\liam\documents\tf2-maps\p\a3\cp_p_a3.vmf
Patching WVT material: maps/cp_p_a3/dev/dev_blendmeasure_wvt_patch
Patching WVT material: maps/cp_p_a3/dev/dev_blendmeasure2_wvt_patch
fixing up env_cubemap materials on brush sides...
0...1...2...3...4...5...6...7...8...9...100...1...2...3...4...5...6...7...8...9...10Processing areas...done (0)
Building Faces...done (0)
Chop Details...done (0)
Find Visible Detail Sides...done (0)
Merging details...done (0)
FixTjuncs...
PruneNodes...
WriteBSP...
done (0)
writing c:\users\liam\documents\tf2-maps\p\a3\cp_p_a3.prt...Building visibility clusters...
done (0)
Creating default LDR cubemaps for env_cubemap using skybox materials:
   skybox/sky_day01_01*.vmt
 ! Run buildcubemaps in the engine to get the correct cube maps.
Creating default HDR cubemaps for env_cubemap using skybox materials:
   skybox/sky_day01_01*.vmt
 ! Run buildcubemaps in the engine to get the correct cube maps.
Finding displacement neighbors...
Finding lightmap sample positions...
Displacement Alpha : 0...1...2...3...4...5...6...7...8...9...10
Building Physics collision data...
WARNING: Map using power 4 displacements, terrain physics cannot be compressed, map will need additional memory and CPU.
done (0) (593708 bytes)
Placing detail props : 0...1...2...3...4...5...6...7...8...9...Error loading studio model ""!
10
Water found with no water_lod_control entity, creating a default one.
Compacting texture/material tables...
Reduced 417 texinfos to 300
Reduced 21 texdatas to 18 (533 bytes to 450)
Writing c:\users\liam\documents\tf2-maps\p\a3\cp_p_a3.bsp
MSG_FILEWRITE - Filesystem was asked to write to 'c:\users\liam\documents\tf2-maps\p\a3\cp_p_a3.bsp', but we don't own that location. Allowing.
Wrote ZIP buffer, estimated size 107219, actual size 106603
2 seconds elapsed



4 threads
reading c:\users\liam\documents\tf2-maps\p\a3\cp_p_a3.bsp
reading c:\users\liam\documents\tf2-maps\p\a3\cp_p_a3.prt
 616 portalclusters
1715 numportals
0...1...2...3...4...5...6...7...8...9...10Optimized: 1796 visible clusters (2.39%)
Total clusters visible: 75148
Average clusters visible: 121
Building PAS...
Average clusters audible: 136
visdatasize:39141  compressed from 98560
writing c:\users\liam\documents\tf2-maps\p\a3\cp_p_a3.bsp
MSG_FILEWRITE - Filesystem was asked to write to 'c:\users\liam\documents\tf2-maps\p\a3\cp_p_a3.bsp', but we don't own that location. Allowing.
0 seconds elapsed



[Reading texlights from 'lights.rad']
[56 texlights parsed from 'lights.rad']

Loading c:\users\liam\documents\tf2-maps\p\a3\cp_p_a3.bsp
2399 faces
867061 square feet [124856888.00 square inches]
14 Displacements
14547 Square Feet [2094909.00 Square Inches]
2399 patches before subdivision
60347 patches after subdivision
11 direct lights
0...1...2...3...4...5...6...7...8...9...100...1...2...3...4...5...6...7...8...9...10transfers 5344490, max 488
transfer lists:  40.8 megs
0...1...2...3...4...5...6...7...8...9...10	Bounce #1 added RGB(455521, 343859, 232879)
0...1...2...3...4...5...6...7...8...9...10	Bounce #2 added RGB(110102, 79077, 53554)
Build Patch/Sample Hash Table(s).....Done<0.0279 sec>
0...1...2...3...4...5...6...7...8...9...10FinalLightFace Done
0 of 0 (0% of) surface lights went in leaf ambient cubes.
0...1...2...3...4...5...6...7...8...9...10Writing leaf ambient...done
Ready to Finish

Object names       Objects/Maxobjs  Memory / Maxmem  Fullness 
------------       ---------------  ---------------  -------- 
models                  60/1024         2880/49152    ( 5.9%) 
brushes                318/8192         3816/98304    ( 3.9%) 
brushsides            2044/65536       16352/524288   ( 3.1%) 
planes                1210/65536       24200/1310720  ( 1.8%) 
vertexes              3414/65536       40968/786432   ( 5.2%) 
nodes                 1477/65536       47264/2097152  ( 2.3%) 
texinfos               300/12288       21600/884736   ( 2.4%) 
texdata                 18/2048          576/65536    ( 0.9%) 
dispinfos               14/0            2464/0        ( 0.0%) 
disp_verts            2382/0           47640/0        ( 0.0%) 
disp_tris             4096/0            8192/0        ( 0.0%) 
disp_lmsamples       41586/0           41586/0        ( 0.0%) 
faces                 2399/65536      134344/3670016  ( 3.7%) 
hdr faces                0/65536           0/3670016  ( 0.0%) 
origfaces             1205/65536       67480/3670016  ( 1.8%) 
leaves                1538/65536       49216/2097152  ( 2.3%) 
leaffaces             3009/65536        6018/131072   ( 4.6%) 
leafbrushes            827/65536        1654/131072   ( 1.3%) 
areas                    9/256            72/2048     ( 3.5%) 
surfedges            15873/512000      63492/2048000  ( 3.1%) 
edges                 8704/256000      34816/1024000  ( 3.4%) 
LDR worldlights         10/8192          880/720896   ( 0.1%) 
HDR worldlights          0/8192            0/720896   ( 0.0%) 
leafwaterdata            1/32768          12/393216   ( 0.0%) 
waterstrips            201/32768        2010/327680   ( 0.6%) 
waterverts               0/65536           0/786432   ( 0.0%) 
waterindices          3198/65536        6396/131072   ( 4.9%) 
cubemapsamples           0/1024            0/16384    ( 0.0%) 
overlays                 0/512             0/180224   ( 0.0%) 
LDR lightdata         [variable]     1134312/0        ( 0.0%) 
HDR lightdata         [variable]           0/0        ( 0.0%) 
visdata               [variable]       39141/16777216 ( 0.2%) 
entdata               [variable]       41993/393216   (10.7%) 
LDR ambient table     1538/65536        6152/262144   ( 2.3%) 
HDR ambient table     1538/65536        6152/262144   ( 2.3%) 
LDR leaf ambient      7559/65536      211652/1835008  (11.5%) 
HDR leaf ambient      1538/65536       43064/1835008  ( 2.3%) 
occluders                0/0               0/0        ( 0.0%) 
occluder polygons        0/0               0/0        ( 0.0%) 
occluder vert ind        0/0               0/0        ( 0.0%) 
detail props          [variable]           1/12       ( 8.3%) 
static props          [variable]           1/3606     ( 0.0%) 
pakfile               [variable]      106603/0        ( 0.0%) 
physics               [variable]      593708/4194304  (14.2%) 
physics terrain       [variable]           0/1048576  ( 0.0%) 

Level flags = 0

Total triangle count: 6261
Writing c:\users\liam\documents\tf2-maps\p\a3\cp_p_a3.bsp
13 seconds elapsed



materialPath: C:\Program Files (x86)\Steam\steamapps\common\Team Fortress 2\tf\materials
Loading c:\users\liam\documents\tf2-maps\p\a3\cp_p_a3.vmf
Patching WVT material: maps/cp_p_a3/dev/dev_blendmeasure_wvt_patch
Patching WVT material: maps/cp_p_a3/dev/dev_blendmeasure2_wvt_patch
fixing up env_cubemap materials on brush sides...
0...1...2...3...4...5...6...7...8...9...100...1...2...3...4...5...6...7...8...9...10Processing areas...done (0)
Building Faces...done (0)
Chop Details...done (0)
Find Visible Detail Sides...done (0)
Merging details...done (0)
FixTjuncs...
PruneNodes...
WriteBSP...
done (0)
writing c:\users\liam\documents\tf2-maps\p\a3\cp_p_a3.prt...Building visibility clusters...
done (0)
Creating default LDR cubemaps for env_cubemap using skybox materials:
   skybox/sky_day01_01*.vmt
 ! Run buildcubemaps in the engine to get the correct cube maps.
Creating default HDR cubemaps for env_cubemap using skybox materials:
   skybox/sky_day01_01*.vmt
 ! Run buildcubemaps in the engine to get the correct cube maps.
Finding displacement neighbors...
Finding lightmap sample positions...
Displacement Alpha : 0...1...2...3...4...5...6...7...8...9...10
Building Physics collision data...
WARNING: Map using power 4 displacements, terrain physics cannot be compressed, map will need additional memory and CPU.
done (0) (593708 bytes)
Placing detail props : 0...1...2...3...4...5...6...7...8...9...Error loading studio model ""!
10
Water found with no water_lod_control entity, creating a default one.
Compacting texture/material tables...
Reduced 417 texinfos to 300
Reduced 21 texdatas to 18 (533 bytes to 450)
Writing c:\users\liam\documents\tf2-maps\p\a3\cp_p_a3.bsp
MSG_FILEWRITE - Filesystem was asked to write to 'c:\users\liam\documents\tf2-maps\p\a3\cp_p_a3.bsp', but we don't own that location. Allowing.
Wrote ZIP buffer, estimated size 107219, actual size 106603
2 seconds elapsed



4 threads
reading c:\users\liam\documents\tf2-maps\p\a3\cp_p_a3.bsp
reading c:\users\liam\documents\tf2-maps\p\a3\cp_p_a3.prt
 616 portalclusters
1715 numportals
0...1...2...3...4...5...6...7...8...9...10Optimized: 1796 visible clusters (2.39%)
Total clusters visible: 75148
Average clusters visible: 121
Building PAS...
Average clusters audible: 136
visdatasize:39141  compressed from 98560
writing c:\users\liam\documents\tf2-maps\p\a3\cp_p_a3.bsp
MSG_FILEWRITE - Filesystem was asked to write to 'c:\users\liam\documents\tf2-maps\p\a3\cp_p_a3.bsp', but we don't own that location. Allowing.
0 seconds elapsed



[Reading texlights from 'lights.rad']
[56 texlights parsed from 'lights.rad']

Loading c:\users\liam\documents\tf2-maps\p\a3\cp_p_a3.bsp
2399 faces
867061 square feet [124856888.00 square inches]
14 Displacements
14547 Square Feet [2094909.00 Square Inches]
2399 patches before subdivision
60347 patches after subdivision
11 direct lights
0...1...2...3...4...5...6...7...8...9...100...1...2...3...4...5...6...7...8...9...10transfers 5344490, max 488
transfer lists:  40.8 megs
0...1...2...3...4...5...6...7...8...9...10	Bounce #1 added RGB(455521, 343859, 232879)
0...1...2...3...4...5...6...7...8...9...10	Bounce #2 added RGB(110102, 79077, 53554)
Build Patch/Sample Hash Table(s).....Done<0.0282 sec>
0...1...2...3...4...5...6...7...8...9...10FinalLightFace Done
0 of 0 (0% of) surface lights went in leaf ambient cubes.
0...1...2...3...4...5...6...7...8...9...10Writing leaf ambient...done
Ready to Finish

Object names       Objects/Maxobjs  Memory / Maxmem  Fullness 
------------       ---------------  ---------------  -------- 
models                  60/1024         2880/49152    ( 5.9%) 
brushes                318/8192         3816/98304    ( 3.9%) 
brushsides            2044/65536       16352/524288   ( 3.1%) 
planes                1210/65536       24200/1310720  ( 1.8%) 
vertexes              3414/65536       40968/786432   ( 5.2%) 
nodes                 1477/65536       47264/2097152  ( 2.3%) 
texinfos               300/12288       21600/884736   ( 2.4%) 
texdata                 18/2048          576/65536    ( 0.9%) 
dispinfos               14/0            2464/0        ( 0.0%) 
disp_verts            2382/0           47640/0        ( 0.0%) 
disp_tris             4096/0            8192/0        ( 0.0%) 
disp_lmsamples       41586/0           41586/0        ( 0.0%) 
faces                 2399/65536      134344/3670016  ( 3.7%) 
hdr faces                0/65536           0/3670016  ( 0.0%) 
origfaces             1205/65536       67480/3670016  ( 1.8%) 
leaves                1538/65536       49216/2097152  ( 2.3%) 
leaffaces             3009/65536        6018/131072   ( 4.6%) 
leafbrushes            827/65536        1654/131072   ( 1.3%) 
areas                    9/256            72/2048     ( 3.5%) 
surfedges            15873/512000      63492/2048000  ( 3.1%) 
edges                 8704/256000      34816/1024000  ( 3.4%) 
LDR worldlights         10/8192          880/720896   ( 0.1%) 
HDR worldlights          0/8192            0/720896   ( 0.0%) 
leafwaterdata            1/32768          12/393216   ( 0.0%) 
waterstrips            201/32768        2010/327680   ( 0.6%) 
waterverts               0/65536           0/786432   ( 0.0%) 
waterindices          3198/65536        6396/131072   ( 4.9%) 
cubemapsamples           0/1024            0/16384    ( 0.0%) 
overlays                 0/512             0/180224   ( 0.0%) 
LDR lightdata         [variable]     1134312/0        ( 0.0%) 
HDR lightdata         [variable]           0/0        ( 0.0%) 
visdata               [variable]       39141/16777216 ( 0.2%) 
entdata               [variable]       42206/393216   (10.7%) 
LDR ambient table     1538/65536        6152/262144   ( 2.3%) 
HDR ambient table     1538/65536        6152/262144   ( 2.3%) 
LDR leaf ambient      7559/65536      211652/1835008  (11.5%) 
HDR leaf ambient      1538/65536       43064/1835008  ( 2.3%) 
occluders                0/0               0/0        ( 0.0%) 
occluder polygons        0/0               0/0        ( 0.0%) 
occluder vert ind        0/0               0/0        ( 0.0%) 
detail props          [variable]           1/12       ( 8.3%) 
static props          [variable]           1/3606     ( 0.0%) 
pakfile               [variable]      106603/0        ( 0.0%) 
physics               [variable]      593708/4194304  (14.2%) 
physics terrain       [variable]           0/1048576  ( 0.0%) 

Level flags = 0

Total triangle count: 6261
Writing c:\users\liam\documents\tf2-maps\p\a3\cp_p_a3.bsp
13 seconds elapsed



materialPath: C:\Program Files (x86)\Steam\steamapps\common\Team Fortress 2\tf\materials
Loading c:\users\liam\documents\tf2-maps\p\a3\cp_p_a3.vmf
Patching WVT material: maps/cp_p_a3/dev/dev_blendmeasure_wvt_patch
Patching WVT material: maps/cp_p_a3/dev/dev_blendmeasure2_wvt_patch
fixing up env_cubemap materials on brush sides...
0...1...2...3...4...5...6...7...8...9...100...1...2...3...4...5...6...7...8...9...10Processing areas...done (0)
Building Faces...done (0)
Chop Details...done (0)
Find Visible Detail Sides...done (0)
Merging details...done (0)
FixTjuncs...
PruneNodes...
WriteBSP...
done (0)
writing c:\users\liam\documents\tf2-maps\p\a3\cp_p_a3.prt...Building visibility clusters...
done (0)
Creating default LDR cubemaps for env_cubemap using skybox materials:
   skybox/sky_day01_01*.vmt
 ! Run buildcubemaps in the engine to get the correct cube maps.
Creating default HDR cubemaps for env_cubemap using skybox materials:
   skybox/sky_day01_01*.vmt
 ! Run buildcubemaps in the engine to get the correct cube maps.
Finding displacement neighbors...
Finding lightmap sample positions...
Displacement Alpha : 0...1...2...3...4...5...6...7...8...9...10
Building Physics collision data...
WARNING: Map using power 4 displacements, terrain physics cannot be compressed, map will need additional memory and CPU.
done (0) (593708 bytes)
Placing detail props : 0...1...2...3...4...5...6...7...8...9...Error loading studio model ""!
10
Water found with no water_lod_control entity, creating a default one.
Compacting texture/material tables...
Reduced 417 texinfos to 300
Reduced 21 texdatas to 18 (533 bytes to 450)
Writing c:\users\liam\documents\tf2-maps\p\a3\cp_p_a3.bsp
MSG_FILEWRITE - Filesystem was asked to write to 'c:\users\liam\documents\tf2-maps\p\a3\cp_p_a3.bsp', but we don't own that location. Allowing.
Wrote ZIP buffer, estimated size 107219, actual size 106603
2 seconds elapsed



4 threads
reading c:\users\liam\documents\tf2-maps\p\a3\cp_p_a3.bsp
reading c:\users\liam\documents\tf2-maps\p\a3\cp_p_a3.prt
 616 portalclusters
1715 numportals
0...1...2...3...4...5...6...7...8...9...10Optimized: 1796 visible clusters (2.39%)
Total clusters visible: 75148
Average clusters visible: 121
Building PAS...
Average clusters audible: 136
visdatasize:39141  compressed from 98560
writing c:\users\liam\documents\tf2-maps\p\a3\cp_p_a3.bsp
MSG_FILEWRITE - Filesystem was asked to write to 'c:\users\liam\documents\tf2-maps\p\a3\cp_p_a3.bsp', but we don't own that location. Allowing.
0 seconds elapsed



[Reading texlights from 'lights.rad']
[56 texlights parsed from 'lights.rad']

Loading c:\users\liam\documents\tf2-maps\p\a3\cp_p_a3.bsp
2399 faces
867061 square feet [124856888.00 square inches]
14 Displacements
14547 Square Feet [2094909.00 Square Inches]
2399 patches before subdivision
60347 patches after subdivision
11 direct lights
0...1...2...3...4...5...6...7...8...9...100...1...2...3...4...5...6...7...8...9...10transfers 5344490, max 488
transfer lists:  40.8 megs
0...1...2...3...4...5...6...7...8...9...10	Bounce #1 added RGB(455521, 343859, 232879)
0...1...2...3...4...5...6...7...8...9...10	Bounce #2 added RGB(110102, 79077, 53554)
Build Patch/Sample Hash Table(s).....Done<0.0234 sec>
0...1...2...3...4...5...6...7...8...9...10FinalLightFace Done
0 of 0 (0% of) surface lights went in leaf ambient cubes.
0...1...2...3...4...5...6...7...8...9...10Writing leaf ambient...done
Ready to Finish

Object names       Objects/Maxobjs  Memory / Maxmem  Fullness 
------------       ---------------  ---------------  -------- 
models                  60/1024         2880/49152    ( 5.9%) 
brushes                318/8192         3816/98304    ( 3.9%) 
brushsides            2044/65536       16352/524288   ( 3.1%) 
planes                1210/65536       24200/1310720  ( 1.8%) 
vertexes              3414/65536       40968/786432   ( 5.2%) 
nodes                 1477/65536       47264/2097152  ( 2.3%) 
texinfos               300/12288       21600/884736   ( 2.4%) 
texdata                 18/2048          576/65536    ( 0.9%) 
dispinfos               14/0            2464/0        ( 0.0%) 
disp_verts            2382/0           47640/0        ( 0.0%) 
disp_tris             4096/0            8192/0        ( 0.0%) 
disp_lmsamples       41586/0           41586/0        ( 0.0%) 
faces                 2399/65536      134344/3670016  ( 3.7%) 
hdr faces                0/65536           0/3670016  ( 0.0%) 
origfaces             1205/65536       67480/3670016  ( 1.8%) 
leaves                1538/65536       49216/2097152  ( 2.3%) 
leaffaces             3009/65536        6018/131072   ( 4.6%) 
leafbrushes            827/65536        1654/131072   ( 1.3%) 
areas                    9/256            72/2048     ( 3.5%) 
surfedges            15873/512000      63492/2048000  ( 3.1%) 
edges                 8704/256000      34816/1024000  ( 3.4%) 
LDR worldlights         10/8192          880/720896   ( 0.1%) 
HDR worldlights          0/8192            0/720896   ( 0.0%) 
leafwaterdata            1/32768          12/393216   ( 0.0%) 
waterstrips            201/32768        2010/327680   ( 0.6%) 
waterverts               0/65536           0/786432   ( 0.0%) 
waterindices          3198/65536        6396/131072   ( 4.9%) 
cubemapsamples           0/1024            0/16384    ( 0.0%) 
overlays                 0/512             0/180224   ( 0.0%) 
LDR lightdata         [variable]     1134312/0        ( 0.0%) 
HDR lightdata         [variable]           0/0        ( 0.0%) 
visdata               [variable]       39141/16777216 ( 0.2%) 
entdata               [variable]       42337/393216   (10.8%) 
LDR ambient table     1538/65536        6152/262144   ( 2.3%) 
HDR ambient table     1538/65536        6152/262144   ( 2.3%) 
LDR leaf ambient      7559/65536      211652/1835008  (11.5%) 
HDR leaf ambient      1538/65536       43064/1835008  ( 2.3%) 
occluders                0/0               0/0        ( 0.0%) 
occluder polygons        0/0               0/0        ( 0.0%) 
occluder vert ind        0/0               0/0        ( 0.0%) 
detail props          [variable]           1/12       ( 8.3%) 
static props          [variable]           1/3606     ( 0.0%) 
pakfile               [variable]      106603/0        ( 0.0%) 
physics               [variable]      593708/4194304  (14.2%) 
physics terrain       [variable]           0/1048576  ( 0.0%) 

Level flags = 0

Total triangle count: 6261
Writing c:\users\liam\documents\tf2-maps\p\a3\cp_p_a3.bsp
13 seconds elapsed



materialPath: C:\Program Files (x86)\Steam\steamapps\common\Team Fortress 2\tf\materials
Loading c:\users\liam\documents\tf2-maps\p\a3\cp_p_a3.vmf
Patching WVT material: maps/cp_p_a3/dev/dev_blendmeasure_wvt_patch
Patching WVT material: maps/cp_p_a3/dev/dev_blendmeasure2_wvt_patch
fixing up env_cubemap materials on brush sides...
0...1...2...3...4...5...6...7...8...9...100...1...2...3...4...5...6...7...8...9...10Processing areas...done (0)
Building Faces...done (0)
Chop Details...done (0)
Find Visible Detail Sides...done (0)
Merging details...done (0)
FixTjuncs...
PruneNodes...
WriteBSP...
done (0)
writing c:\users\liam\documents\tf2-maps\p\a3\cp_p_a3.prt...Building visibility clusters...
done (0)
Creating default LDR cubemaps for env_cubemap using skybox materials:
   skybox/sky_day01_01*.vmt
 ! Run buildcubemaps in the engine to get the correct cube maps.
Creating default HDR cubemaps for env_cubemap using skybox materials:
   skybox/sky_day01_01*.vmt
 ! Run buildcubemaps in the engine to get the correct cube maps.
Finding displacement neighbors...
Finding lightmap sample positions...
Displacement Alpha : 0...1...2...3...4...5...6...7...8...9...10
Building Physics collision data...
WARNING: Map using power 4 displacements, terrain physics cannot be compressed, map will need additional memory and CPU.
done (0) (593708 bytes)
Placing detail props : 0...1...2...3...4...5...6...7...8...9...Error loading studio model ""!
10
Water found with no water_lod_control entity, creating a default one.
Compacting texture/material tables...
Reduced 417 texinfos to 300
Reduced 21 texdatas to 18 (533 bytes to 450)
Writing c:\users\liam\documents\tf2-maps\p\a3\cp_p_a3.bsp
MSG_FILEWRITE - Filesystem was asked to write to 'c:\users\liam\documents\tf2-maps\p\a3\cp_p_a3.bsp', but we don't own that location. Allowing.
Wrote ZIP buffer, estimated size 107219, actual size 106603
2 seconds elapsed



4 threads
reading c:\users\liam\documents\tf2-maps\p\a3\cp_p_a3.bsp
reading c:\users\liam\documents\tf2-maps\p\a3\cp_p_a3.prt
 616 portalclusters
1715 numportals
0...1...2...3...4...5...6...7...8...9...100...1...2...3...4...5...6...7...8...9...10Optimized: 62 visible clusters (0.09%)
Total clusters visible: 67962
Average clusters visible: 110
Building PAS...
Average clusters audible: 136
visdatasize:39049  compressed from 98560
writing c:\users\liam\documents\tf2-maps\p\a3\cp_p_a3.bsp
MSG_FILEWRITE - Filesystem was asked to write to 'c:\users\liam\documents\tf2-maps\p\a3\cp_p_a3.bsp', but we don't own that location. Allowing.
3 seconds elapsed



[Reading texlights from 'lights.rad']
[56 texlights parsed from 'lights.rad']

Loading c:\users\liam\documents\tf2-maps\p\a3\cp_p_a3.bsp
2399 faces
867061 square feet [124856888.00 square inches]
14 Displacements
14547 Square Feet [2094909.00 Square Inches]
2399 patches before subdivision
60347 patches after subdivision
11 direct lights
0...1...2...3...4...5...6...7...8...9...100...1...2...3...4...5...6...7...8...9...10transfers 5344491, max 488
transfer lists:  40.8 megs
0...1...2...3...4...5...6...7...8...9...10	Bounce #1 added RGB(453544, 342332, 231724)
0...1...2...3...4...5...6...7...8...9...10	Bounce #2 added RGB(109605, 78767, 53326)
0...1...2...3...4...5...6...7...8...9...10	Bounce #3 added RGB(30181, 20820, 14298)
0...1...2...3...4...5...6...7...8...9...10	Bounce #4 added RGB(8950, 5867, 4113)
0...1...2...3...4...5...6...7...8...9...10	Bounce #5 added RGB(2785, 1711, 1225)
0...1...2...3...4...5...6...7...8...9...10	Bounce #6 added RGB(919, 518, 379)
0...1...2...3...4...5...6...7...8...9...10	Bounce #7 added RGB(318, 160, 119)
0...1...2...3...4...5...6...7...8...9...10	Bounce #8 added RGB(116, 50, 38)
0...1...2...3...4...5...6...7...8...9...10	Bounce #9 added RGB(44, 16, 12)
0...1...2...3...4...5...6...7...8...9...10	Bounce #10 added RGB(18, 5, 4)
0...1...2...3...4...5...6...7...8...9...10	Bounce #11 added RGB(7, 2, 1)
0...1...2...3...4...5...6...7...8...9...10	Bounce #12 added RGB(3, 1, 0)
0...1...2...3...4...5...6...7...8...9...10	Bounce #13 added RGB(1, 0, 0)
0...1...2...3...4...5...6...7...8...9...10	Bounce #14 added RGB(1, 0, 0)
Build Patch/Sample Hash Table(s).....Done<0.0318 sec>
0...1...2...3...4...5...6...7...8...9...10FinalLightFace Done
0 of 0 (0% of) surface lights went in leaf ambient cubes.
0...1...2...3...4...5...6...7...8...9...10Writing leaf ambient...done
Ready to Finish

Object names       Objects/Maxobjs  Memory / Maxmem  Fullness 
------------       ---------------  ---------------  -------- 
models                  60/1024         2880/49152    ( 5.9%) 
brushes                318/8192         3816/98304    ( 3.9%) 
brushsides            2044/65536       16352/524288   ( 3.1%) 
planes                1210/65536       24200/1310720  ( 1.8%) 
vertexes              3414/65536       40968/786432   ( 5.2%) 
nodes                 1477/65536       47264/2097152  ( 2.3%) 
texinfos               300/12288       21600/884736   ( 2.4%) 
texdata                 18/2048          576/65536    ( 0.9%) 
dispinfos               14/0            2464/0        ( 0.0%) 
disp_verts            2382/0           47640/0        ( 0.0%) 
disp_tris             4096/0            8192/0        ( 0.0%) 
disp_lmsamples       41586/0           41586/0        ( 0.0%) 
faces                 2399/65536      134344/3670016  ( 3.7%) 
hdr faces                0/65536           0/3670016  ( 0.0%) 
origfaces             1205/65536       67480/3670016  ( 1.8%) 
leaves                1538/65536       49216/2097152  ( 2.3%) 
leaffaces             3009/65536        6018/131072   ( 4.6%) 
leafbrushes            827/65536        1654/131072   ( 1.3%) 
areas                    9/256            72/2048     ( 3.5%) 
surfedges            15873/512000      63492/2048000  ( 3.1%) 
edges                 8704/256000      34816/1024000  ( 3.4%) 
LDR worldlights         10/8192          880/720896   ( 0.1%) 
HDR worldlights          0/8192            0/720896   ( 0.0%) 
leafwaterdata            1/32768          12/393216   ( 0.0%) 
waterstrips            201/32768        2010/327680   ( 0.6%) 
waterverts               0/65536           0/786432   ( 0.0%) 
waterindices          3198/65536        6396/131072   ( 4.9%) 
cubemapsamples           0/1024            0/16384    ( 0.0%) 
overlays                 0/512             0/180224   ( 0.0%) 
LDR lightdata         [variable]     1134312/0        ( 0.0%) 
HDR lightdata         [variable]           0/0        ( 0.0%) 
visdata               [variable]       39049/16777216 ( 0.2%) 
entdata               [variable]       42124/393216   (10.7%) 
LDR ambient table     1538/65536        6152/262144   ( 2.3%) 
HDR ambient table     1538/65536        6152/262144   ( 2.3%) 
LDR leaf ambient      7563/65536      211764/1835008  (11.5%) 
HDR leaf ambient      1538/65536       43064/1835008  ( 2.3%) 
occluders                0/0               0/0        ( 0.0%) 
occluder polygons        0/0               0/0        ( 0.0%) 
occluder vert ind        0/0               0/0        ( 0.0%) 
detail props          [variable]           1/12       ( 8.3%) 
static props          [variable]           1/3606     ( 0.0%) 
pakfile               [variable]      106603/0        ( 0.0%) 
physics               [variable]      593708/4194304  (14.2%) 
physics terrain       [variable]           0/1048576  ( 0.0%) 

Level flags = 0

Total triangle count: 6261
Writing c:\users\liam\documents\tf2-maps\p\a3\cp_p_a3.bsp
1 minute, 50 seconds elapsed



[Reading texlights from 'lights.rad']
[56 texlights parsed from 'lights.rad']

Loading c:\users\liam\documents\tf2-maps\p\a3\cp_p_a3.bsp
2399 faces
867061 square feet [124856888.00 square inches]
14 Displacements
14547 Square Feet [2094909.00 Square Inches]
2399 patches before subdivision
60347 patches after subdivision
11 direct lights
0...1...2...3...4...5...6...7...8...9...100...1...2...3...4...5...6...7...8...9...10transfers 5344491, max 488
transfer lists:  40.8 megs
0...1...2...3...4...5...6...7...8...9...10	Bounce #1 added RGB(453544, 342332, 231724)
0...1...2...3...4...5...6...7...8...9...10	Bounce #2 added RGB(109605, 78767, 53326)
0...1...2...3...4...5...6...7...8...9...10	Bounce #3 added RGB(30181, 20820, 14298)
0...1...2...3...4...5...6...7...8...9...10	Bounce #4 added RGB(8950, 5867, 4113)
0...1...2...3...4...5...6...7...8...9...10	Bounce #5 added RGB(2785, 1711, 1225)
0...1...2...3...4...5...6...7...8...9...10	Bounce #6 added RGB(919, 518, 379)
0...1...2...3...4...5...6...7...8...9...10	Bounce #7 added RGB(318, 160, 119)
0...1...2...3...4...5...6...7...8...9...10	Bounce #8 added RGB(116, 50, 38)
0...1...2...3...4...5...6...7...8...9...10	Bounce #9 added RGB(44, 16, 12)
0...1...2...3...4...5...6...7...8...9...10	Bounce #10 added RGB(18, 5, 4)
0...1...2...3...4...5...6...7...8...9...10	Bounce #11 added RGB(7, 2, 1)
0...1...2...3...4...5...6...7...8...9...10	Bounce #12 added RGB(3, 1, 0)
0...1...2...3...4...5...6...7...8...9...10	Bounce #13 added RGB(1, 0, 0)
0...1...2...3...4...5...6...7...8...9...10	Bounce #14 added RGB(1, 0, 0)
Build Patch/Sample Hash Table(s).....Done<0.0327 sec>
0...1...2...3...4...5...6...7...8...9...10FinalLightFace Done
0 of 0 (0% of) surface lights went in leaf ambient cubes.
0...1...2...3...4...5...6...7...8...9...10Writing leaf ambient...done
Ready to Finish

Object names       Objects/Maxobjs  Memory / Maxmem  Fullness 
------------       ---------------  ---------------  -------- 
models                  60/1024         2880/49152    ( 5.9%) 
brushes                318/8192         3816/98304    ( 3.9%) 
brushsides            2044/65536       16352/524288   ( 3.1%) 
planes                1210/65536       24200/1310720  ( 1.8%) 
vertexes              3414/65536       40968/786432   ( 5.2%) 
nodes                 1477/65536       47264/2097152  ( 2.3%) 
texinfos               300/12288       21600/884736   ( 2.4%) 
texdata                 18/2048          576/65536    ( 0.9%) 
dispinfos               14/0            2464/0        ( 0.0%) 
disp_verts            2382/0           47640/0        ( 0.0%) 
disp_tris             4096/0            8192/0        ( 0.0%) 
disp_lmsamples       41586/0           41586/0        ( 0.0%) 
faces                 2399/65536      134344/3670016  ( 3.7%) 
hdr faces             2399/65536      134344/3670016  ( 3.7%) 
origfaces             1205/65536       67480/3670016  ( 1.8%) 
leaves                1538/65536       49216/2097152  ( 2.3%) 
leaffaces             3009/65536        6018/131072   ( 4.6%) 
leafbrushes            827/65536        1654/131072   ( 1.3%) 
areas                    9/256            72/2048     ( 3.5%) 
surfedges            15873/512000      63492/2048000  ( 3.1%) 
edges                 8704/256000      34816/1024000  ( 3.4%) 
LDR worldlights         10/8192          880/720896   ( 0.1%) 
HDR worldlights         10/8192          880/720896   ( 0.1%) 
leafwaterdata            1/32768          12/393216   ( 0.0%) 
waterstrips            201/32768        2010/327680   ( 0.6%) 
waterverts               0/65536           0/786432   ( 0.0%) 
waterindices          3198/65536        6396/131072   ( 4.9%) 
cubemapsamples           0/1024            0/16384    ( 0.0%) 
overlays                 0/512             0/180224   ( 0.0%) 
LDR lightdata         [variable]     1134312/0        ( 0.0%) 
HDR lightdata         [variable]     1134312/0        ( 0.0%) 
visdata               [variable]       39049/16777216 ( 0.2%) 
entdata               [variable]       42124/393216   (10.7%) 
LDR ambient table     1538/65536        6152/262144   ( 2.3%) 
HDR ambient table     1538/65536        6152/262144   ( 2.3%) 
LDR leaf ambient      7563/65536      211764/1835008  (11.5%) 
HDR leaf ambient      7563/65536      211764/1835008  (11.5%) 
occluders                0/0               0/0        ( 0.0%) 
occluder polygons        0/0               0/0        ( 0.0%) 
occluder vert ind        0/0               0/0        ( 0.0%) 
detail props          [variable]           1/12       ( 8.3%) 
static props          [variable]           1/3606     ( 0.0%) 
pakfile               [variable]      106603/0        ( 0.0%) 
physics               [variable]      593708/4194304  (14.2%) 
physics terrain       [variable]           0/1048576  ( 0.0%) 

Level flags = 0

Total triangle count: 6261
Writing c:\users\liam\documents\tf2-maps\p\a3\cp_p_a3.bsp
1 minute, 54 seconds elapsed
