PRT1
299
822
4 0 13 (3072 1024 -384 ) (3072 1024 1024 ) (3072 1280 1024 ) (3072 1280 -384 ) 
4 0 12 (3072 1024 256 ) (3072 1024 -384 ) (3456 1024 -384 ) (3456 1024 256 ) 
4 0 10 (3072 1024 512 ) (3072 1024 256 ) (3088 1024 256 ) (3088 1024 512 ) 
4 0 6 (3088 1024 256 ) (3456 1024 256 ) (3456 1024 512 ) (3088 1024 512 ) 
4 0 4 (3072 1024 640 ) (3072 1024 512 ) (3456 1024 512 ) (3456 1024 640 ) 
4 0 3 (3072 1024 1024 ) (3072 1024 640 ) (3456 1024 640 ) (3456 1024 1024 ) 
4 0 1 (3456 1024 -384 ) (3584 1024 -384 ) (3584 1024 1024 ) (3456 1024 1024 ) 
4 1 12 (3456 1024 256 ) (3456 1024 -384 ) (3456 640 -384 ) (3456 640 256 ) 
4 1 6 (3456 1024 512 ) (3456 1024 256 ) (3456 640 256 ) (3456 640 512 ) 
4 1 4 (3456 1024 640 ) (3456 1024 512 ) (3456 640 512 ) (3456 640 640 ) 
4 1 3 (3456 1024 1024 ) (3456 1024 640 ) (3456 640 640 ) (3456 640 1024 ) 
4 1 2 (3584 640 640 ) (3584 640 1024 ) (3456 640 1024 ) (3456 640 640 ) 
4 2 73 (3584 0 1024 ) (3456 0 1024 ) (3456 0 640 ) (3584 0 640 ) 
4 2 3 (3456 0 640 ) (3456 0 1024 ) (3456 640 1024 ) (3456 640 640 ) 
4 3 77 (3072 0 1024 ) (3072 0 640 ) (3440 0 640 ) (3440 0 1024 ) 
4 3 74 (3440 0 640 ) (3456 0 640 ) (3456 0 1024 ) (3440 0 1024 ) 
4 3 14 (3072 0 640 ) (3072 0 1024 ) (3072 1024 1024 ) (3072 1024 640 ) 
4 3 4 (3072 640 640 ) (3072 1024 640 ) (3456 1024 640 ) (3456 640 640 ) 
4 3 5 (3072 0 640 ) (3072 432 640 ) (3456 432 640 ) (3456 0 640 ) 
4 4 17 (3072 640 640 ) (3072 1024 640 ) (3072 1024 512 ) (3072 640 512 ) 
4 4 10 (3072 1024 512 ) (3088 1024 512 ) (3088 640 512 ) (3072 640 512 ) 
4 4 6 (3088 1024 512 ) (3456 1024 512 ) (3456 640 512 ) (3088 640 512 ) 
4 5 77 (3072 0 640 ) (3072 0 512 ) (3440 0 512 ) (3440 0 640 ) 
4 5 74 (3440 0 512 ) (3456 0 512 ) (3456 0 640 ) (3440 0 640 ) 
4 5 19 (3072 0 512 ) (3072 0 640 ) (3072 432 640 ) (3072 432 512 ) 
4 6 12 (3088 1024 256 ) (3456 1024 256 ) (3456 640 256 ) (3088 640 256 ) 
4 6 10 (3088 1024 256 ) (3088 640 256 ) (3088 640 512 ) (3088 1024 512 ) 
5 7 8 (3440 336 256 ) (3440 336 496 ) (3088 336 496 ) (3088 336 320 ) (3216 336 256 ) 
4 8 11 (3088 144 320 ) (3088 144 448 ) (3088 336 448 ) (3088 336 320 ) 
5 8 9 (3440 144 256 ) (3440 144 496 ) (3088 144 496 ) (3088 144 320 ) (3216 144 256 ) 
4 9 83 (3088 0 256 ) (3440 0 256 ) (3440 0 496 ) (3088 0 496 ) 
4 10 17 (3072 640 512 ) (3072 1024 512 ) (3072 1024 256 ) (3072 640 256 ) 
4 10 12 (3072 640 256 ) (3072 1024 256 ) (3088 1024 256 ) (3088 640 256 ) 
4 11 19 (3072 336 448 ) (3072 336 320 ) (3072 144 320 ) (3072 144 448 ) 
4 12 33 (3072 1024 96 ) (3072 1024 -384 ) (3072 640 -384 ) (3072 640 96 ) 
4 12 24 (3072 640 256 ) (3072 1024 256 ) (3072 1024 96 ) (3072 640 96 ) 
4 13 36 (2048 1024 -384 ) (2048 1024 1024 ) (2048 1280 1024 ) (2048 1280 -384 ) 
4 13 33 (3072 1024 -384 ) (3072 1024 96 ) (2304 1024 96 ) (2304 1024 -384 ) 
4 13 34 (2304 1024 96 ) (2048 1024 96 ) (2048 1024 -384 ) (2304 1024 -384 ) 
4 13 26 (2416 1024 256 ) (2304 1024 256 ) (2304 1024 96 ) (2416 1024 96 ) 
4 13 27 (2304 1024 256 ) (2048 1024 256 ) (2048 1024 96 ) (2304 1024 96 ) 
4 13 24 (3072 1024 96 ) (3072 1024 256 ) (2416 1024 256 ) (2416 1024 96 ) 
4 13 17 (3072 1024 256 ) (3072 1024 640 ) (2304 1024 640 ) (2304 1024 256 ) 
4 13 18 (2304 1024 640 ) (2048 1024 640 ) (2048 1024 256 ) (2304 1024 256 ) 
4 13 15 (2096 1024 1024 ) (2048 1024 1024 ) (2048 1024 640 ) (2096 1024 640 ) 
4 13 14 (3072 1024 640 ) (3072 1024 1024 ) (2096 1024 1024 ) (2096 1024 640 ) 
4 14 91 (3072 0 640 ) (3072 0 1024 ) (2096 0 1024 ) (2096 0 640 ) 
4 14 23 (2416 0 640 ) (2096 0 640 ) (2096 384 640 ) (2416 384 640 ) 
4 14 22 (2096 384 640 ) (2096 432 640 ) (2416 432 640 ) (2416 384 640 ) 
4 14 21 (2880 0 640 ) (2416 0 640 ) (2416 432 640 ) (2880 432 640 ) 
4 14 19 (3072 432 640 ) (3072 0 640 ) (2880 0 640 ) (2880 432 640 ) 
4 14 17 (3072 1024 640 ) (3072 640 640 ) (2304 640 640 ) (2304 1024 640 ) 
4 14 18 (2304 432 640 ) (2096 432 640 ) (2096 1024 640 ) (2304 1024 640 ) 
4 14 16 (2096 0 676.903198 ) (2096 0 1024 ) (2096 432 1024 ) (2096 432 656 ) 
4 14 15 (2096 1024 640 ) (2096 432 640 ) (2096 432 1024 ) (2096 1024 1024 ) 
4 15 39 (2048 432 1024 ) (2048 1024 1024 ) (2048 1024 640 ) (2048 432 640 ) 
4 15 18 (2048 432 640 ) (2048 1024 640 ) (2096 1024 640 ) (2096 432 640 ) 
4 15 16 (2096 432 656 ) (2096 432 1024 ) (2048 432 1024 ) (2048 432 656 ) 
4 16 92 (2096 0 1024 ) (2048 0 1024 ) (2048 0 676.903198 ) (2096 0 676.903198 ) 
4 16 40 (2048 0 676.903198 ) (2048 0 1024 ) (2048 432 1024 ) (2048 432 656 ) 
4 17 26 (2304 1024 256 ) (2416 1024 256 ) (2416 640 256 ) (2304 640 256 ) 
4 17 24 (2416 1024 256 ) (3072 1024 256 ) (3072 640 256 ) (2416 640 256 ) 
4 17 18 (2304 1024 256 ) (2304 640 256 ) (2304 640 640 ) (2304 1024 640 ) 
4 18 44 (2048 1024 352 ) (2048 1024 256 ) (2048 432 256 ) (2048 432 352 ) 
4 18 42 (2048 432 640 ) (2048 1024 640 ) (2048 1024 352 ) (2048 432 352 ) 
4 18 27 (2048 432 256 ) (2048 1024 256 ) (2304 1024 256 ) (2304 432 256 ) 
4 18 22 (2048 432 256 ) (2304 432 256 ) (2304 432 640 ) (2048 432 640 ) 
4 19 94 (3072 0 320 ) (3072 0 640 ) (2880 0 640 ) (2880 0 320 ) 
4 19 21 (2880 432 640 ) (2880 432 320 ) (2880 0 320 ) (2880 0 640 ) 
4 19 20 (3072 0 320 ) (2880 0 320 ) (2880 144 320 ) (3072 144 320 ) 
4 20 94 (3072 0 256 ) (3072 0 320 ) (2880 0 320 ) (2880 0 256 ) 
3 20 21 (2880 0 256 ) (2880 0 320 ) (2880 144 320 ) 
4 21 94 (2880 0 640 ) (2416 0 640 ) (2416 0 256 ) (2880 0 256 ) 
4 21 25 (2880 0 256 ) (2416 0 256 ) (2416 432 256 ) (2880 432 256 ) 
4 21 23 (2416 0 272 ) (2416 0 640 ) (2416 384 640 ) (2416 384 272 ) 
4 21 22 (2416 432 640 ) (2416 432 256 ) (2416 384 256 ) (2416 384 640 ) 
4 22 44 (2048 432 352 ) (2048 432 256 ) (2048 384 256 ) (2048 384 352 ) 
4 22 42 (2048 384 640 ) (2048 432 640 ) (2048 432 352 ) (2048 384 352 ) 
4 22 28 (2048 384 256 ) (2048 432 256 ) (2416 432 256 ) (2416 384 256 ) 
4 22 23 (2416 384 272 ) (2416 384 640 ) (2048 384 640 ) (2048 384 304 ) 
4 23 95 (2416 0 640 ) (2048 0 640 ) (2048 0 304 ) (2416 0 272 ) 
4 24 33 (3072 1024 96 ) (3072 640 96 ) (2416 640 96 ) (2416 1024 96 ) 
4 24 26 (2416 1024 96 ) (2416 640 96 ) (2416 640 256 ) (2416 1024 256 ) 
4 25 97 (2880 0 256 ) (2416 0 256 ) (2416 0 96 ) (2496 0 96 ) 
4 25 30 (2416 336 96 ) (2416 128 96 ) (2416 128 208 ) (2416 336 208 ) 
4 25 28 (2416 432 96 ) (2416 384 96 ) (2416 384 256 ) (2416 432 256 ) 
4 26 33 (2304 1024 96 ) (2416 1024 96 ) (2416 640 96 ) (2304 640 96 ) 
4 26 27 (2304 1024 96 ) (2304 640 96 ) (2304 640 256 ) (2304 1024 256 ) 
4 27 44 (2048 432 256 ) (2048 1024 256 ) (2048 1024 96 ) (2048 432 96 ) 
4 27 34 (2048 432 96 ) (2048 1024 96 ) (2304 1024 96 ) (2304 432 96 ) 
4 27 28 (2048 432 96 ) (2304 432 96 ) (2304 432 256 ) (2048 432 256 ) 
4 28 44 (2048 384 256 ) (2048 432 256 ) (2048 432 96 ) (2048 384 96 ) 
4 28 35 (2048 384 96 ) (2048 432 96 ) (2304 432 96 ) (2304 384 96 ) 
4 29 31 (2048 336 96 ) (2400 336 96 ) (2400 336 256 ) (2048 336 256 ) 
4 30 31 (2400 336 208 ) (2400 336 96 ) (2400 128 96 ) (2400 128 208 ) 
4 31 32 (2048 128 96 ) (2400 128 96 ) (2400 128 256 ) (2048 128 256 ) 
4 32 99 (2400 0 256 ) (2048 0 256 ) (2048 0 96 ) (2400 0 96 ) 
4 33 34 (2304 1024 -384 ) (2304 640 -384 ) (2304 640 96 ) (2304 1024 96 ) 
4 34 53 (2048 1024 0 ) (2048 1024 -384 ) (2048 432 -384 ) (2048 432 0 ) 
4 34 44 (2048 432 96 ) (2048 1024 96 ) (2048 1024 0 ) (2048 432 0 ) 
4 34 35 (2048 432 -384 ) (2304 432 -384 ) (2304 432 96 ) (2048 432 96 ) 
4 35 53 (2048 432 0 ) (2048 432 -384 ) (2048 384 -384 ) (2048 384 0 ) 
4 35 44 (2048 384 96 ) (2048 432 96 ) (2048 432 0 ) (2048 384 0 ) 
4 36 54 (1648 1024 0 ) (1024 1024 0 ) (1024 1024 -384 ) (1648 1024 -384 ) 
4 36 53 (2048 1024 -384 ) (2048 1024 0 ) (1648 1024 0 ) (1648 1024 -384 ) 
4 36 49 (1648 1024 352 ) (1536 1024 352 ) (1536 1024 0 ) (1648 1024 0 ) 
4 36 52 (1536 1024 352 ) (1024 1024 352 ) (1024 1024 0 ) (1536 1024 0 ) 
4 36 47 (1664 1024 352 ) (1648 1024 352 ) (1648 1024 0 ) (1664 1024 0 ) 
4 36 44 (2048 1024 0 ) (2048 1024 352 ) (1664 1024 352 ) (1664 1024 0 ) 
4 36 42 (2048 1024 352 ) (2048 1024 640 ) (1648 1024 640 ) (1648 1024 352 ) 
4 36 43 (1648 1024 640 ) (1024 1024 640 ) (1024 1024 352 ) (1648 1024 352 ) 
4 36 39 (2048 1024 640 ) (2048 1024 1024 ) (1600 1024 1024 ) (1600 1024 640 ) 
4 36 41 (1600 1024 1024 ) (1024 1024 1024 ) (1024 1024 640 ) (1600 1024 640 ) 
4 36 37 (1024 1024 -384 ) (1024 1024 1024 ) (1024 1280 1024 ) (1024 1280 -384 ) 
4 37 72 (1024 1024 -384 ) (1024 1024 0 ) (128 1024 0 ) (128 1024 -384 ) 
4 37 58 (1024 1024 0 ) (1024 1024 144 ) (128 1024 144 ) (128 1024 0 ) 
4 37 57 (1024 1024 144 ) (1024 1024 528 ) (128 1024 528 ) (128 1024 144 ) 
4 37 55 (1024 1024 528 ) (1024 1024 1024 ) (128 1024 1024 ) (128 1024 528 ) 
4 37 38 (128 1024 896 ) (128 1024 1024 ) (128 1280 1024 ) (128 1280 896 ) 
4 38 148 (0 1024 896 ) (0 1024 1024 ) (0 1280 1024 ) (0 1280 896 ) 
4 38 56 (64 1024 1024 ) (0 1024 1024 ) (0 1024 896 ) (64 1024 896 ) 
4 38 55 (128 1024 1024 ) (64 1024 1024 ) (64 1024 896 ) (128 1024 896 ) 
4 39 42 (1648 1024 640 ) (2048 1024 640 ) (2048 432 640 ) (1648 432 640 ) 
4 39 43 (1600 1024 640 ) (1648 1024 640 ) (1648 432 640 ) (1600 432 640 ) 
4 39 40 (1600 432 1024 ) (1600 432 656 ) (2048 432 656 ) (2048 432 1024 ) 
4 39 41 (1600 1024 640 ) (1600 432 640 ) (1600 432 1024 ) (1600 1024 1024 ) 
4 40 100 (2048 0 676.903198 ) (2048 0 1024 ) (1600 0 1024 ) (1600 0 676.903198 ) 
4 40 41 (1600 0 676.903198 ) (1600 0 1024 ) (1600 432 1024 ) (1600 432 656 ) 
4 41 102 (1600 0 1024 ) (1024 0 1024 ) (1024 0 640 ) (1600 0 640 ) 
4 41 60 (1024 384 640 ) (1024 0 640 ) (1024 0 1024 ) (1024 384 1024 ) 
4 41 55 (1024 1024 1024 ) (1024 1024 640 ) (1024 384 640 ) (1024 384 1024 ) 
4 41 43 (1024 1024 640 ) (1600 1024 640 ) (1600 0 640 ) (1024 0 640 ) 
4 42 47 (1648 384 352 ) (1648 1024 352 ) (1664 1024 352 ) (1664 384 352 ) 
4 42 44 (1664 1024 352 ) (2048 1024 352 ) (2048 384 352 ) (1664 384 352 ) 
4 42 43 (1648 1024 352 ) (1648 384 352 ) (1648 384 640 ) (1648 1024 640 ) 
4 43 104 (1648 0 640 ) (1024 0 640 ) (1024 0 352 ) (1648 0 352 ) 
4 43 60 (1024 384 352 ) (1024 0 352 ) (1024 0 640 ) (1024 384 640 ) 
4 43 57 (1024 1024 528 ) (1024 1024 352 ) (1024 384 352 ) (1024 384 528 ) 
4 43 55 (1024 1024 640 ) (1024 1024 528 ) (1024 384 528 ) (1024 384 640 ) 
4 43 50 (1536 640 352 ) (1536 768 352 ) (1648 768 352 ) (1648 640 352 ) 
4 43 49 (1536 768 352 ) (1536 1024 352 ) (1648 1024 352 ) (1648 768 352 ) 
4 43 51 (1648 0 352 ) (1536 0 352 ) (1536 640 352 ) (1648 640 352 ) 
4 43 52 (1536 0 352 ) (1024 0 352 ) (1024 1024 352 ) (1536 1024 352 ) 
4 44 53 (1664 1024 0 ) (2048 1024 0 ) (2048 384 0 ) (1664 384 0 ) 
4 44 47 (1664 1024 0 ) (1664 384 0 ) (1664 384 352 ) (1664 1024 352 ) 
4 45 106 (2032 0 352 ) (1920 0 352 ) (1920 0 64 ) (2032 0 64 ) 
5 45 46 (1920 368 352 ) (1920 368 0 ) (1920 256 0 ) (1920 0 64 ) (1920 0 352 ) 
4 46 111 (1824 0 352 ) (1664 0 352 ) (1664 0 64 ) (1824 0 64 ) 
4 46 109 (1920 0 352 ) (1824 0 352 ) (1824 0 64 ) (1920 0 64 ) 
4 46 48 (1664 256 0 ) (1664 128 0 ) (1664 128 96 ) (1664 256 96 ) 
4 47 53 (1648 1024 0 ) (1664 1024 0 ) (1664 384 0 ) (1648 384 0 ) 
4 47 50 (1648 640 306.592010 ) (1648 640 352 ) (1648 768 352 ) (1648 768 306.592010 ) 
4 47 49 (1648 1024 0 ) (1648 768 0 ) (1648 768 352 ) (1648 1024 352 ) 
4 47 51 (1648 640 0 ) (1648 384 0 ) (1648 384 352 ) (1648 640 352 ) 
4 48 51 (1648 256 0 ) (1648 128 0 ) (1648 128 96 ) (1648 256 96 ) 
4 49 54 (1536 1024 0 ) (1648 1024 0 ) (1648 768 0 ) (1536 768 0 ) 
4 49 50 (1536 768 352 ) (1536 768 306.592010 ) (1648 768 306.592010 ) (1648 768 352 ) 
4 49 52 (1536 1024 0 ) (1536 768 0 ) (1536 768 352 ) (1536 1024 352 ) 
4 50 52 (1536 640 306.592010 ) (1536 640 352 ) (1536 768 352 ) (1536 768 306.592010 ) 
4 50 51 (1536 640 352 ) (1536 640 306.592010 ) (1648 640 306.592010 ) (1648 640 352 ) 
4 51 113 (1536 0 64 ) (1536 0 0 ) (1648 0 0 ) (1648 0 64 ) 
4 51 112 (1648 0 352 ) (1536 0 352 ) (1536 0 64 ) (1648 0 64 ) 
4 51 52 (1536 640 0 ) (1536 0 0 ) (1536 0 352 ) (1536 640 352 ) 
4 52 113 (1024 0 64 ) (1024 0 0 ) (1536 0 0 ) (1536 0 64 ) 
4 52 112 (1536 0 352 ) (1024 0 352 ) (1024 0 64 ) (1536 0 64 ) 
4 52 69 (1024 384 0 ) (1024 0 0 ) (1024 0 160 ) (1024 384 160 ) 
4 52 66 (1024 0 160 ) (1024 0 320 ) (1024 96 320 ) (1024 96 160 ) 
4 52 64 (1024 96 320 ) (1024 384 320 ) (1024 384 160 ) (1024 96 160 ) 
4 52 60 (1024 0 320 ) (1024 0 352 ) (1024 384 352 ) (1024 384 320 ) 
4 52 58 (1024 1024 144 ) (1024 1024 0 ) (1024 384 0 ) (1024 384 144 ) 
4 52 57 (1024 1024 352 ) (1024 1024 144 ) (1024 384 144 ) (1024 384 352 ) 
4 52 54 (1024 1024 0 ) (1536 1024 0 ) (1536 768 0 ) (1024 768 0 ) 
4 53 54 (1648 1024 -384 ) (1648 768 -384 ) (1648 768 0 ) (1648 1024 0 ) 
4 54 72 (1024 1024 0 ) (1024 1024 -384 ) (1024 768 -384 ) (1024 768 0 ) 
4 55 60 (64 384 528 ) (1024 384 528 ) (1024 384 1024 ) (64 384 1024 ) 
4 55 57 (1024 384 528 ) (64 384 528 ) (64 1024 528 ) (1024 1024 528 ) 
4 55 56 (64 384 547.130432 ) (64 384 1024 ) (64 1024 1024 ) (64 1024 588.869568 ) 
4 56 150 (0 1024 1024 ) (0 1024 588.869568 ) (0 384 547.130432 ) (0 384 1024 ) 
4 56 61 (0 384 1024 ) (0 384 547.130432 ) (64 384 547.130432 ) (64 384 1024 ) 
4 57 69 (793.599976 384 144 ) (1024 384 144 ) (1024 384 160 ) (768 384 160 ) 
4 57 64 (1024 384 160 ) (1024 384 320 ) (768 384 320 ) (768 384 160 ) 
4 57 62 (64 384 528 ) (16 384 528 ) (16 384 320 ) (64 384 320 ) 
4 57 60 (1024 384 320 ) (1024 384 528 ) (64 384 528 ) (64 384 320 ) 
4 57 58 (1024 384 144 ) (16 384 144 ) (16 1024 144 ) (1024 1024 144 ) 
4 58 72 (1024 1024 0 ) (1024 768 0 ) (16 768 0 ) (16 1024 0 ) 
3 58 69 (1024 384 0 ) (1024 384 144 ) (793.599976 384 144 ) 
4 58 59 (16 608 0 ) (16 416 0 ) (16 416 144 ) (16 608 144 ) 
4 59 170 (0 608 0 ) (0 416 0 ) (0 416 128 ) (0 608 128 ) 
4 59 153 (0 416 128 ) (0 416 144 ) (0 608 144 ) (0 608 128 ) 
4 60 138 (64 0 528 ) (64 0 320 ) (384 0 320 ) (384 0 528 ) 
4 60 136 (384 0 1024 ) (64 0 1024 ) (64 0 528 ) (384 0 528 ) 
4 60 131 (400 0 528 ) (384 0 528 ) (384 0 320 ) (400 0 320 ) 
4 60 127 (640 0 528 ) (400 0 528 ) (400 0 320 ) (640 0 320 ) 
4 60 125 (1024 0 320 ) (1024 0 352 ) (640 0 352 ) (640 0 320 ) 
4 60 124 (1024 0 352 ) (1024 0 528 ) (640 0 528 ) (640 0 352 ) 
4 60 122 (448 0 1024 ) (384 0 1024 ) (384 0 528 ) (448 0 528 ) 
4 60 121 (1024 0 528 ) (1024 0 1024 ) (448 0 1024 ) (448 0 528 ) 
4 60 67 (512 0 320 ) (384 0 320 ) (384 96 320 ) (512 96 320 ) 
4 60 66 (1024 0 320 ) (512 0 320 ) (512 96 320 ) (1024 96 320 ) 
4 60 68 (384 0 320 ) (64 0 320 ) (64 96 320 ) (384 96 320 ) 
4 60 65 (64 96 320 ) (64 368 320 ) (768 368 320 ) (768 96 320 ) 
4 60 64 (768 384 320 ) (1024 384 320 ) (1024 96 320 ) (768 96 320 ) 
4 60 61 (64 336 544 ) (64 336 1024 ) (64 384 1024 ) (64 384 547.130432 ) 
4 60 62 (64 384 320 ) (64 336 320 ) (64 336 528 ) (64 384 528 ) 
4 60 63 (64 336 320 ) (64 0 320 ) (64 0 1024 ) (64 336 1024 ) 
4 61 150 (0 336 1024 ) (0 384 1024 ) (0 384 547.130432 ) (0 336 544 ) 
4 61 63 (64 336 544 ) (64 336 1024 ) (0 336 1024 ) (0 336 544 ) 
4 62 154 (0 384 528 ) (0 384 320 ) (0 336 320 ) (0 336 528 ) 
4 62 65 (0 336 320 ) (0 368 320 ) (64 368 320 ) (64 336 320 ) 
4 62 63 (0 336 320 ) (64 336 320 ) (64 336 528 ) (0 336 528 ) 
4 63 154 (0 0 320 ) (0 0 528 ) (0 336 528 ) (0 336 320 ) 
4 63 151 (0 0 528 ) (0 0 1024 ) (0 336 1024 ) (0 336 528 ) 
4 63 138 (0 0 528 ) (0 0 320 ) (64 0 320 ) (64 0 528 ) 
4 63 136 (64 0 1024 ) (0 0 1024 ) (0 0 528 ) (64 0 528 ) 
4 63 68 (64 0 320 ) (0 0 320 ) (0 96 320 ) (64 96 320 ) 
4 63 65 (0 96 320 ) (0 336 320 ) (64 336 320 ) (64 96 320 ) 
4 64 69 (768 384 160 ) (1024 384 160 ) (1024 96 160 ) (768 96 160 ) 
4 64 66 (768 96 160 ) (1024 96 160 ) (1024 96 320 ) (768 96 320 ) 
4 64 65 (768 368 160 ) (768 96 160 ) (768 96 320 ) (768 368 320 ) 
4 65 154 (0 96 320 ) (0 368 320 ) (0 368 160 ) (0 96 160 ) 
4 65 71 (256 96 160 ) (0 96 160 ) (0 368 160 ) (256 368 160 ) 
4 65 70 (384 96 160 ) (256 96 160 ) (256 256 160 ) (384 256 160 ) 
4 65 67 (512 96 192 ) (512 96 320 ) (384 96 320 ) (384 96 192 ) 
4 65 66 (512 96 160 ) (768 96 160 ) (768 96 320 ) (512 96 320 ) 
4 65 68 (0 96 160 ) (384 96 160 ) (384 96 320 ) (0 96 320 ) 
4 66 134 (640 0 256 ) (512 0 256 ) (512 0 160 ) (640 0 160 ) 
4 66 133 (1024 0 160 ) (1024 0 256 ) (640 0 256 ) (640 0 160 ) 
4 66 127 (640 0 320 ) (512 0 320 ) (512 0 256 ) (640 0 256 ) 
4 66 125 (1024 0 256 ) (1024 0 320 ) (640 0 320 ) (640 0 256 ) 
4 66 69 (1024 96 160 ) (1024 0 160 ) (768 0 160 ) (768 96 160 ) 
4 66 67 (512 96 320 ) (512 96 192 ) (512 0 192 ) (512 0 320 ) 
4 67 135 (384 0 256 ) (384 0 192 ) (512 0 192 ) (512 0 256 ) 
4 67 131 (400 0 320 ) (384 0 320 ) (384 0 256 ) (400 0 256 ) 
4 67 127 (512 0 320 ) (400 0 320 ) (400 0 256 ) (512 0 256 ) 
4 67 68 (384 96 320 ) (384 96 192 ) (384 0 192 ) (384 0 320 ) 
4 68 154 (0 0 160 ) (0 0 320 ) (0 96 320 ) (0 96 160 ) 
4 68 138 (384 0 320 ) (0 0 320 ) (0 0 160 ) (384 0 160 ) 
4 68 71 (256 0 160 ) (0 0 160 ) (0 96 160 ) (256 96 160 ) 
4 68 70 (384 0 160 ) (256 0 160 ) (256 96 160 ) (384 96 160 ) 
3 69 133 (1024 0 0 ) (1024 0 160 ) (768 0 160 ) 
4 70 141 (256 0 128 ) (256 0 0 ) (384 0 0 ) (384 0 128 ) 
4 70 138 (384 0 160 ) (256 0 160 ) (256 0 128 ) (384 0 128 ) 
3 70 71 (256 0 160 ) (256 256 160 ) (256 0 0 ) 
4 71 173 (0 0 0 ) (0 0 128 ) (0 368 128 ) (0 368 0 ) 
4 71 154 (0 0 128 ) (0 0 160 ) (0 368 160 ) (0 368 128 ) 
4 71 141 (0 0 128 ) (0 0 0 ) (256 0 0 ) (256 0 128 ) 
4 71 138 (256 0 160 ) (0 0 160 ) (0 0 128 ) (256 0 128 ) 
4 73 90 (3584 -1024 1024 ) (3456 -1024 1024 ) (3456 -1024 896 ) (3584 -1024 896 ) 
4 73 76 (3456 -1024 640 ) (3456 -1024 672 ) (3456 -480 672 ) (3456 -480 640 ) 
4 73 75 (3456 -1024 672 ) (3456 -1024 1024 ) (3456 -192 1024 ) (3456 -192 672 ) 
4 73 74 (3456 -192 1024 ) (3456 0 1024 ) (3456 0 640 ) (3456 -192 640 ) 
4 74 77 (3440 0 1024 ) (3440 0 512 ) (3440 -192 512 ) (3440 -192 1024 ) 
4 74 75 (3440 -192 1024 ) (3440 -192 672 ) (3456 -192 672 ) (3456 -192 1024 ) 
4 75 90 (3440 -1024 1024 ) (3440 -1024 896 ) (3456 -1024 896 ) (3456 -1024 1024 ) 
4 75 86 (3440 -1024 672 ) (3440 -1024 1024 ) (3440 -464 1024 ) (3440 -464 672 ) 
4 75 79 (3440 -464 1024 ) (3440 -208 1024 ) (3440 -208 672 ) (3440 -464 672 ) 
4 75 78 (3440 -208 1024 ) (3440 -192 1024 ) (3440 -192 672 ) (3440 -208 672 ) 
4 75 76 (3440 -1024 672 ) (3440 -480 672 ) (3456 -480 672 ) (3456 -1024 672 ) 
4 76 88 (3440 -480 256 ) (3440 -1024 256 ) (3440 -1024 672 ) (3440 -480 672 ) 
4 77 94 (3072 0 640 ) (3072 0 512 ) (3072 -192 512 ) (3072 -192 640 ) 
4 77 91 (3072 0 1024 ) (3072 0 640 ) (3072 -192 640 ) (3072 -192 1024 ) 
4 77 78 (3440 -192 672 ) (3440 -192 1024 ) (3072 -192 1024 ) (3072 -192 672 ) 
4 78 91 (3072 -208 672 ) (3072 -208 1024 ) (3072 -192 1024 ) (3072 -192 672 ) 
4 78 82 (3088 -208 1024 ) (3072 -208 1024 ) (3072 -208 672 ) (3088 -208 672 ) 
4 78 79 (3440 -208 672 ) (3440 -208 1024 ) (3088 -208 1024 ) (3088 -208 672 ) 
4 79 86 (3440 -464 672 ) (3440 -464 1024 ) (3088 -464 1024 ) (3088 -464 672 ) 
4 79 82 (3088 -208 1024 ) (3088 -208 672 ) (3088 -464 672 ) (3088 -464 1024 ) 
4 79 80 (3440 -464 656 ) (3088 -464 656 ) (3088 -208 656 ) (3440 -208 656 ) 
4 80 81 (3440 -464 640 ) (3088 -464 640 ) (3088 -208 640 ) (3440 -208 640 ) 
4 81 84 (3440 -464 512 ) (3088 -464 512 ) (3088 -208 512 ) (3440 -208 512 ) 
4 82 91 (3072 -464 672 ) (3072 -464 1024 ) (3072 -208 1024 ) (3072 -208 672 ) 
4 82 86 (3072 -464 1024 ) (3072 -464 672 ) (3088 -464 672 ) (3088 -464 1024 ) 
4 83 85 (3088 -176 256 ) (3088 -208 256 ) (3088 -208 384 ) (3088 -176 384 ) 
4 83 84 (3088 -208 496 ) (3088 -208 256 ) (3440 -208 256 ) (3440 -208 496 ) 
4 84 87 (3344 -464 256 ) (3440 -464 256 ) (3440 -464 384 ) (3344 -464 384 ) 
4 84 85 (3088 -208 256 ) (3088 -368 256 ) (3088 -368 384 ) (3088 -208 384 ) 
4 85 94 (3072 -176 256 ) (3072 -368 256 ) (3072 -368 384 ) (3072 -176 384 ) 
4 86 91 (3072 -1024 672 ) (3072 -1024 1024 ) (3072 -464 1024 ) (3072 -464 672 ) 
4 86 90 (3072 -1024 1024 ) (3072 -1024 896 ) (3440 -1024 896 ) (3440 -1024 1024 ) 
4 86 89 (3072 -1024 672 ) (3072 -480 672 ) (3344 -480 672 ) (3344 -1024 672 ) 
4 86 88 (3440 -480 672 ) (3440 -1024 672 ) (3344 -1024 672 ) (3344 -480 672 ) 
4 87 88 (3344 -480 384 ) (3344 -480 256 ) (3440 -480 256 ) (3440 -480 384 ) 
4 88 89 (3344 -1024 672 ) (3344 -480 672 ) (3344 -480 256 ) (3344 -1024 256 ) 
4 89 94 (3072 -480 256 ) (3072 -1024 256 ) (3072 -1024 640 ) (3072 -480 640 ) 
4 89 91 (3072 -1024 640 ) (3072 -1024 672 ) (3072 -480 672 ) (3072 -480 640 ) 
4 90 145 (3072 -1280 896 ) (3072 -1280 1024 ) (3072 -1024 1024 ) (3072 -1024 896 ) 
4 91 145 (3072 -1024 896 ) (3072 -1024 1024 ) (2096 -1024 1024 ) (2096 -1024 896 ) 
4 91 95 (2096 0 640 ) (2416 0 640 ) (2416 -480 640 ) (2096 -480 640 ) 
4 91 96 (2416 -480 640 ) (2416 -1024 640 ) (2096 -1024 640 ) (2096 -480 640 ) 
4 91 94 (2416 0 640 ) (3072 0 640 ) (3072 -1024 640 ) (2416 -1024 640 ) 
4 91 92 (2096 -560 704 ) (2096 -560 1024 ) (2096 0 1024 ) (2096 0 676.903198 ) 
4 91 93 (2096 -560 640 ) (2096 -1024 640 ) (2096 -1024 1024 ) (2096 -560 1024 ) 
4 92 100 (2048 0 1024 ) (2048 0 676.903198 ) (2048 -560 704 ) (2048 -560 1024 ) 
4 92 93 (2096 -560 704 ) (2096 -560 1024 ) (2048 -560 1024 ) (2048 -560 704 ) 
4 93 145 (2096 -1024 1024 ) (2048 -1024 1024 ) (2048 -1024 896 ) (2096 -1024 896 ) 
4 93 101 (2048 -560 640 ) (2048 -1024 640 ) (2048 -1024 1024 ) (2048 -560 1024 ) 
4 93 96 (2048 -1024 640 ) (2048 -560 640 ) (2096 -560 640 ) (2096 -1024 640 ) 
4 94 97 (2416 0 256 ) (2880 0 256 ) (2880 -176 256 ) (2416 -176 256 ) 
4 94 95 (2416 -480 272 ) (2416 -480 640 ) (2416 0 640 ) (2416 0 272 ) 
4 94 96 (2416 -480 256 ) (2416 -1024 256 ) (2416 -1024 640 ) (2416 -480 640 ) 
4 95 96 (2416 -480 272 ) (2416 -480 640 ) (2048 -480 640 ) (2048 -480 304 ) 
4 96 117 (2048 -912 256 ) (2048 -1024 256 ) (2048 -1024 352 ) (2048 -912 352 ) 
4 96 115 (2048 -512 256 ) (2048 -896 256 ) (2048 -896 352 ) (2048 -512 352 ) 
4 96 103 (2048 -1024 352 ) (2048 -1024 640 ) (2048 -512 640 ) (2048 -512 352 ) 
4 98 99 (2400 -464 96 ) (2400 -480 96 ) (2400 -480 256 ) (2400 -464 256 ) 
4 99 105 (2048 -96 96 ) (2048 -288 96 ) (2048 -288 192 ) (2048 -96 192 ) 
4 100 101 (1600 -560 1024 ) (1600 -560 704 ) (2048 -560 704 ) (2048 -560 1024 ) 
4 100 102 (1600 -560 704 ) (1600 -560 1024 ) (1600 0 1024 ) (1600 0 676.903198 ) 
4 101 146 (2048 -1024 896 ) (2048 -1024 1024 ) (1600 -1024 1024 ) (1600 -1024 896 ) 
4 101 103 (2048 -560 640 ) (2048 -1024 640 ) (1648 -1024 640 ) (1648 -560 640 ) 
4 101 104 (1648 -1024 640 ) (1600 -1024 640 ) (1600 -560 640 ) (1648 -560 640 ) 
4 101 102 (1600 -560 640 ) (1600 -1024 640 ) (1600 -1024 1024 ) (1600 -560 1024 ) 
4 102 146 (1600 -1024 1024 ) (1024 -1024 1024 ) (1024 -1024 896 ) (1600 -1024 896 ) 
4 102 121 (1024 -1024 640 ) (1024 -1024 1024 ) (1024 0 1024 ) (1024 0 640 ) 
4 102 104 (1024 -1024 640 ) (1024 0 640 ) (1600 0 640 ) (1600 -1024 640 ) 
3 103 116 (1648 -912 352 ) (1648 -904 352 ) (1664 -912 352 ) 
4 103 117 (2048 -1024 352 ) (1648 -1024 352 ) (1648 -912 352 ) (2048 -912 352 ) 
5 103 115 (1648 -888 352 ) (1648 -512 352 ) (2048 -512 352 ) (2048 -896 352 ) (1664 -896 352 ) 
4 103 104 (1648 -512 352 ) (1648 -1024 352 ) (1648 -1024 640 ) (1648 -512 640 ) 
4 104 124 (1024 -1024 352 ) (1024 -1024 528 ) (1024 0 528 ) (1024 0 352 ) 
4 104 121 (1024 -1024 528 ) (1024 -1024 640 ) (1024 0 640 ) (1024 0 528 ) 
5 104 116 (1024 -912 352 ) (1024 -896 352 ) (1632 -896 352 ) (1648 -904 352 ) (1648 -912 352 ) 
4 104 117 (1648 -1024 352 ) (1024 -1024 352 ) (1024 -912 352 ) (1648 -912 352 ) 
4 104 115 (1024 -576 352 ) (1024 -512 352 ) (1648 -512 352 ) (1648 -888 352 ) 
3 104 114 (1024 -896 352 ) (1024 -592 352 ) (1632 -896 352 ) 
4 104 112 (1024 -512 352 ) (1024 0 352 ) (1648 0 352 ) (1648 -512 352 ) 
4 105 107 (2032 -288 85.333282 ) (2032 -288 192 ) (2032 -96 192 ) (2032 -96 85.333282 ) 
4 106 109 (1920 0 64 ) (1920 -96 64 ) (1920 -96 352 ) (1920 0 352 ) 
5 106 107 (1920 -96 352 ) (1920 -96 64 ) (2000 -96 64 ) (2032 -96 85.333282 ) (2032 -96 352 ) 
4 107 109 (1920 -96 64 ) (1920 -288 64 ) (1920 -288 352 ) (1920 -96 352 ) 
5 107 108 (1920 -288 352 ) (1920 -288 64 ) (2000 -288 64 ) (2032 -288 85.333282 ) (2032 -288 352 ) 
4 108 109 (1920 -288 64 ) (1920 -496 64 ) (1920 -496 352 ) (1920 -288 352 ) 
4 109 111 (1824 0 64 ) (1824 -496 64 ) (1824 -496 352 ) (1824 0 352 ) 
4 109 110 (1824 -496 176 ) (1824 -496 64 ) (1920 -496 64 ) (1920 -496 176 ) 
4 110 119 (1824 -512 176 ) (1824 -512 64 ) (1920 -512 64 ) (1920 -512 176 ) 
4 112 133 (1024 -512 64 ) (1024 -512 256 ) (1024 0 256 ) (1024 0 64 ) 
4 112 125 (1024 -512 256 ) (1024 -512 352 ) (1024 0 352 ) (1024 0 256 ) 
4 112 120 (1024 -512 256 ) (1024 -512 64 ) (1648 -512 64 ) (1648 -512 256 ) 
4 112 115 (1648 -512 352 ) (1024 -512 352 ) (1024 -512 256 ) (1648 -512 256 ) 
4 112 113 (1648 -512 64 ) (1024 -512 64 ) (1024 0 64 ) (1648 0 64 ) 
4 113 133 (1024 -512 0 ) (1024 -512 64 ) (1024 0 64 ) (1024 0 0 ) 
4 113 120 (1648 -512 64 ) (1024 -512 64 ) (1024 -512 0 ) (1648 -512 0 ) 
4 114 126 (1024 -896 352 ) (1024 -592 352 ) (1024 -592 256 ) (1024 -896 256 ) 
4 114 116 (1024 -896 256 ) (1632 -896 256 ) (1632 -896 352 ) (1024 -896 352 ) 
4 115 125 (1024 -576 352 ) (1024 -512 352 ) (1024 -512 256 ) (1024 -576 256 ) 
5 115 120 (1024 -576 256 ) (1024 -512 256 ) (1824 -512 256 ) (1824 -896 256 ) (1664 -896 256 ) 
4 115 119 (1824 -512 256 ) (1920 -512 256 ) (1920 -896 256 ) (1824 -896 256 ) 
4 115 118 (1920 -512 256 ) (2048 -512 256 ) (2048 -896 256 ) (1920 -896 256 ) 
4 116 126 (1024 -912 352 ) (1024 -896 352 ) (1024 -896 256 ) (1024 -912 256 ) 
4 116 117 (1024 -912 256 ) (1664 -912 256 ) (1664 -912 352 ) (1024 -912 352 ) 
4 117 126 (1024 -1024 256 ) (1024 -1024 352 ) (1024 -912 352 ) (1024 -912 256 ) 
5 118 119 (1920 -640 0 ) (1920 -896 0 ) (1920 -896 256 ) (1920 -512 256 ) (1920 -512 64 ) 
5 119 120 (1824 -640 0 ) (1824 -896 0 ) (1824 -896 256 ) (1824 -512 256 ) (1824 -512 64 ) 
4 120 133 (1024 -576 256 ) (1024 -512 256 ) (1024 -512 0 ) (1024 -576 0 ) 
4 121 147 (1024 -1024 896 ) (1024 -1024 1024 ) (448 -1024 1024 ) (448 -1024 896 ) 
4 121 129 (640 -400 528 ) (640 -1024 528 ) (512 -1024 528 ) (512 -400 528 ) 
4 121 130 (512 -1024 528 ) (448 -1024 528 ) (448 -400 528 ) (512 -400 528 ) 
4 121 128 (640 -384 528 ) (640 -400 528 ) (448 -400 528 ) (448 -384 528 ) 
4 121 127 (448 0 528 ) (640 0 528 ) (640 -384 528 ) (448 -384 528 ) 
4 121 124 (640 0 528 ) (1024 0 528 ) (1024 -1024 528 ) (640 -1024 528 ) 
4 121 123 (448 -1024 588.869568 ) (448 -1024 1024 ) (448 -336 1024 ) (448 -336 544 ) 
4 121 122 (448 0 528 ) (448 -336 528 ) (448 -336 1024 ) (448 0 1024 ) 
4 122 136 (384 0 1024 ) (384 0 528 ) (384 -336 528 ) (384 -336 1024 ) 
4 122 131 (384 -336 528 ) (384 0 528 ) (400 0 528 ) (400 -336 528 ) 
4 122 127 (400 0 528 ) (448 0 528 ) (448 -336 528 ) (400 -336 528 ) 
4 122 123 (448 -336 544 ) (448 -336 1024 ) (384 -336 1024 ) (384 -336 544 ) 
4 123 147 (448 -1024 1024 ) (384 -1024 1024 ) (384 -1024 896 ) (448 -1024 896 ) 
4 123 137 (384 -1024 588.869568 ) (384 -1024 1024 ) (384 -336 1024 ) (384 -336 544 ) 
4 124 129 (640 -1024 352 ) (640 -1024 528 ) (640 -400 528 ) (640 -400 352 ) 
4 124 128 (640 -400 528 ) (640 -384 528 ) (640 -384 352 ) (640 -400 352 ) 
4 124 127 (640 -384 528 ) (640 0 528 ) (640 0 352 ) (640 -384 352 ) 
4 124 126 (1024 -1024 352 ) (640 -1024 352 ) (640 -400 352 ) (1024 -592 352 ) 
4 124 125 (640 -384 352 ) (640 0 352 ) (1024 0 352 ) (1024 -576 352 ) 
4 125 133 (640 -384 256 ) (640 0 256 ) (1024 0 256 ) (1024 -576 256 ) 
4 125 127 (640 0 256 ) (640 -384 256 ) (640 -384 352 ) (640 0 352 ) 
5 126 129 (640 -640 256 ) (640 -1024 256 ) (640 -1024 352 ) (640 -400 352 ) (640 -400 336 ) 
4 127 135 (400 -384 256 ) (400 0 256 ) (512 0 256 ) (512 -384 256 ) 
4 127 134 (512 0 256 ) (640 0 256 ) (640 -384 256 ) (512 -384 256 ) 
4 127 131 (400 0 256 ) (400 -384 256 ) (400 -384 528 ) (400 0 528 ) 
4 127 128 (400 -384 528 ) (400 -384 352 ) (640 -384 352 ) (640 -384 528 ) 
4 128 129 (512 -400 352 ) (640 -400 352 ) (640 -400 528 ) (512 -400 528 ) 
4 128 130 (400 -400 528 ) (400 -400 352 ) (512 -400 352 ) (512 -400 528 ) 
5 129 130 (512 -400 528 ) (512 -400 336 ) (512 -640 256 ) (512 -1024 256 ) (512 -1024 528 ) 
4 130 132 (400 -896 256 ) (400 -1024 256 ) (400 -1024 384 ) (400 -896 384 ) 
4 131 138 (384 0 528 ) (384 0 256 ) (384 -384 256 ) (384 -384 528 ) 
4 131 135 (384 -384 256 ) (384 0 256 ) (400 0 256 ) (400 -384 256 ) 
4 132 140 (384 -896 256 ) (384 -1024 256 ) (384 -1024 384 ) (384 -896 384 ) 
4 133 134 (640 -384 256 ) (640 0 256 ) (640 0 160 ) (640 -384 160 ) 
4 134 135 (512 -384 192 ) (512 -384 256 ) (512 0 256 ) (512 0 192 ) 
4 135 138 (384 0 256 ) (384 0 192 ) (384 -384 192 ) (384 -384 256 ) 
4 136 226 (0 -336 1024 ) (0 0 1024 ) (0 0 528 ) (0 -336 528 ) 
4 136 138 (0 -336 528 ) (0 0 528 ) (384 0 528 ) (384 -336 528 ) 
4 136 137 (384 -336 544 ) (384 -336 1024 ) (0 -336 1024 ) (0 -336 544 ) 
4 137 238 (0 -1024 588.869568 ) (0 -1024 1024 ) (0 -384 1024 ) (0 -384 547.130432 ) 
4 137 227 (0 -384 1024 ) (0 -336 1024 ) (0 -336 544 ) (0 -384 547.130432 ) 
4 137 147 (384 -1024 896 ) (384 -1024 1024 ) (0 -1024 1024 ) (0 -1024 896 ) 
4 138 235 (0 0 160 ) (0 0 128 ) (0 -368 128 ) (0 -368 160 ) 
4 138 233 (0 -96 160 ) (0 -368 160 ) (0 -368 320 ) (0 -96 320 ) 
4 138 230 (0 0 320 ) (0 0 160 ) (0 -96 160 ) (0 -96 320 ) 
4 138 228 (0 -384 528 ) (0 -336 528 ) (0 -336 320 ) (0 -384 320 ) 
4 138 226 (0 -336 528 ) (0 0 528 ) (0 0 320 ) (0 -336 320 ) 
4 138 141 (384 0 128 ) (384 -384 128 ) (0 -384 128 ) (0 0 128 ) 
4 139 241 (0 -416 128 ) (0 -608 128 ) (0 -608 144 ) (0 -416 144 ) 
4 139 144 (128 -896 128 ) (0 -896 128 ) (0 -400 128 ) (128 -400 128 ) 
4 139 143 (384 -400 128 ) (384 -896 128 ) (128 -896 128 ) (128 -400 128 ) 
5 139 140 (0 -896 128 ) (128 -896 128 ) (384 -896 256 ) (384 -896 512 ) (0 -896 512 ) 
4 141 235 (0 -368 128 ) (0 0 128 ) (0 0 0 ) (0 -368 0 ) 
4 141 142 (176 -384 0 ) (368 -384 0 ) (368 -384 128 ) (176 -384 128 ) 
4 142 143 (176 -400 0 ) (368 -400 0 ) (368 -400 128 ) (176 -400 128 ) 
4 143 144 (128 -400 128 ) (128 -400 0 ) (128 -640 0 ) (128 -896 128 ) 
4 144 241 (0 -608 128 ) (0 -416 128 ) (0 -416 0 ) (0 -608 0 ) 
4 145 146 (2048 -1024 1024 ) (2048 -1024 896 ) (2048 -1280 896 ) (2048 -1280 1024 ) 
4 146 147 (1024 -1024 1024 ) (1024 -1024 896 ) (1024 -1280 896 ) (1024 -1280 1024 ) 
4 147 260 (0 -1280 896 ) (0 -1280 1024 ) (0 -1024 1024 ) (0 -1024 896 ) 
4 148 155 (-384 1024 1024 ) (-448 1024 1024 ) (-448 1024 896 ) (-384 1024 896 ) 
4 148 157 (-448 1024 1024 ) (-1024 1024 1024 ) (-1024 1024 896 ) (-448 1024 896 ) 
4 148 150 (0 1024 896 ) (0 1024 1024 ) (-384 1024 1024 ) (-384 1024 896 ) 
4 148 149 (-1024 1024 896 ) (-1024 1024 1024 ) (-1024 1280 1024 ) (-1024 1280 896 ) 
4 149 198 (-2048 1024 896 ) (-2048 1024 1024 ) (-2048 1280 1024 ) (-2048 1280 896 ) 
4 149 176 (-2048 1024 1024 ) (-2048 1024 896 ) (-1600 1024 896 ) (-1600 1024 1024 ) 
4 149 175 (-1600 1024 896 ) (-1024 1024 896 ) (-1024 1024 1024 ) (-1600 1024 1024 ) 
4 150 155 (-384 1024 1024 ) (-384 1024 588.869568 ) (-384 336 544 ) (-384 336 1024 ) 
4 150 151 (0 336 544 ) (0 336 1024 ) (-384 336 1024 ) (-384 336 544 ) 
4 151 226 (0 0 528 ) (0 0 1024 ) (-64 0 1024 ) (-64 0 528 ) 
4 151 229 (-64 0 1024 ) (-384 0 1024 ) (-384 0 528 ) (-64 0 528 ) 
4 151 156 (-384 336 528 ) (-384 0 528 ) (-384 0 1024 ) (-384 336 1024 ) 
4 151 154 (-384 0 528 ) (-384 336 528 ) (0 336 528 ) (0 0 528 ) 
4 152 158 (-384 1024 384 ) (-384 1024 256 ) (-384 896 256 ) (-384 896 384 ) 
5 152 153 (0 896 512 ) (-384 896 512 ) (-384 896 256 ) (-128 896 128 ) (0 896 128 ) 
4 153 170 (0 896 128 ) (0 400 128 ) (-128 400 128 ) (-128 896 128 ) 
4 153 171 (-128 400 128 ) (-384 400 128 ) (-384 896 128 ) (-128 896 128 ) 
4 154 236 (-256 0 160 ) (-384 0 160 ) (-384 0 128 ) (-256 0 128 ) 
4 154 235 (0 0 128 ) (0 0 160 ) (-256 0 160 ) (-256 0 128 ) 
4 154 230 (0 0 160 ) (0 0 320 ) (-384 0 320 ) (-384 0 160 ) 
4 154 226 (0 0 320 ) (0 0 528 ) (-64 0 528 ) (-64 0 320 ) 
4 154 229 (-64 0 528 ) (-384 0 528 ) (-384 0 320 ) (-64 0 320 ) 
4 154 173 (0 384 128 ) (0 0 128 ) (-384 0 128 ) (-384 384 128 ) 
4 154 167 (-384 0 192 ) (-384 0 256 ) (-384 384 256 ) (-384 384 192 ) 
4 154 159 (-384 0 256 ) (-384 0 528 ) (-384 384 528 ) (-384 384 256 ) 
4 155 156 (-448 336 1024 ) (-448 336 544 ) (-384 336 544 ) (-384 336 1024 ) 
4 155 157 (-448 336 544 ) (-448 336 1024 ) (-448 1024 1024 ) (-448 1024 588.869568 ) 
4 156 229 (-448 0 528 ) (-384 0 528 ) (-384 0 1024 ) (-448 0 1024 ) 
4 156 163 (-400 0 528 ) (-448 0 528 ) (-448 336 528 ) (-400 336 528 ) 
4 156 159 (-384 336 528 ) (-384 0 528 ) (-400 0 528 ) (-400 336 528 ) 
4 156 157 (-448 336 528 ) (-448 0 528 ) (-448 0 1024 ) (-448 336 1024 ) 
4 157 229 (-1024 0 1024 ) (-1024 0 528 ) (-448 0 528 ) (-448 0 1024 ) 
4 157 189 (-1024 512 528 ) (-1024 0 528 ) (-1024 0 640 ) (-1024 512 640 ) 
4 157 187 (-1024 0 640 ) (-1024 0 1024 ) (-1024 512 1024 ) (-1024 512 640 ) 
4 157 175 (-1024 1024 1024 ) (-1024 1024 528 ) (-1024 512 528 ) (-1024 512 1024 ) 
4 157 164 (-1024 0 528 ) (-1024 1024 528 ) (-640 1024 528 ) (-640 0 528 ) 
4 157 162 (-448 400 528 ) (-448 384 528 ) (-640 384 528 ) (-640 400 528 ) 
4 157 163 (-448 384 528 ) (-448 0 528 ) (-640 0 528 ) (-640 384 528 ) 
4 157 161 (-640 1024 528 ) (-512 1024 528 ) (-512 400 528 ) (-640 400 528 ) 
4 157 160 (-512 1024 528 ) (-448 1024 528 ) (-448 400 528 ) (-512 400 528 ) 
4 158 160 (-400 1024 256 ) (-400 896 256 ) (-400 896 384 ) (-400 1024 384 ) 
4 159 231 (-400 0 256 ) (-384 0 256 ) (-384 0 320 ) (-400 0 320 ) 
4 159 229 (-384 0 320 ) (-384 0 528 ) (-400 0 528 ) (-400 0 320 ) 
4 159 167 (-384 384 256 ) (-384 0 256 ) (-400 0 256 ) (-400 384 256 ) 
4 159 163 (-400 384 256 ) (-400 0 256 ) (-400 0 528 ) (-400 384 528 ) 
4 160 162 (-400 400 336 ) (-400 400 528 ) (-512 400 528 ) (-512 400 336 ) 
5 160 161 (-512 1024 256 ) (-512 640 256 ) (-512 400 336 ) (-512 400 528 ) (-512 1024 528 ) 
4 161 165 (-640 1024 256 ) (-640 640 256 ) (-640 400 336 ) (-640 1024 336 ) 
4 161 164 (-640 400 336 ) (-640 400 528 ) (-640 1024 528 ) (-640 1024 336 ) 
4 161 162 (-640 400 528 ) (-640 400 336 ) (-512 400 336 ) (-512 400 528 ) 
4 162 164 (-640 384 336 ) (-640 384 528 ) (-640 400 528 ) (-640 400 336 ) 
4 162 163 (-640 384 528 ) (-640 384 336 ) (-400 384 336 ) (-400 384 528 ) 
4 163 231 (-512 0 256 ) (-400 0 256 ) (-400 0 320 ) (-512 0 320 ) 
4 163 232 (-640 0 256 ) (-512 0 256 ) (-512 0 320 ) (-640 0 320 ) 
4 163 229 (-400 0 320 ) (-400 0 528 ) (-640 0 528 ) (-640 0 320 ) 
4 163 167 (-400 384 256 ) (-400 0 256 ) (-512 0 256 ) (-512 384 256 ) 
4 163 168 (-512 0 256 ) (-640 0 256 ) (-640 384 256 ) (-512 384 256 ) 
4 163 166 (-640 384 256 ) (-640 0 256 ) (-640 0 336 ) (-640 384 336 ) 
4 163 164 (-640 0 336 ) (-640 0 528 ) (-640 384 528 ) (-640 384 336 ) 
4 164 229 (-1024 0 528 ) (-1024 0 336 ) (-640 0 336 ) (-640 0 528 ) 
4 164 190 (-1024 512 336 ) (-1024 0 336 ) (-1024 0 352 ) (-1024 512 352 ) 
4 164 189 (-1024 0 352 ) (-1024 0 528 ) (-1024 512 528 ) (-1024 512 352 ) 
4 164 175 (-1024 1024 528 ) (-1024 1024 336 ) (-1024 512 336 ) (-1024 512 528 ) 
4 164 166 (-640 384 336 ) (-640 0 336 ) (-1024 0 336 ) (-1024 576 336 ) 
4 164 165 (-1024 1024 336 ) (-640 1024 336 ) (-640 400 336 ) (-1024 592 336 ) 
4 165 181 (-1024 896 256 ) (-1024 592 256 ) (-1024 592 336 ) (-1024 896 336 ) 
4 165 179 (-1024 1024 336 ) (-1024 1024 256 ) (-1024 896 256 ) (-1024 896 336 ) 
4 166 232 (-1024 0 320 ) (-1024 0 256 ) (-640 0 256 ) (-640 0 320 ) 
4 166 229 (-1024 0 336 ) (-1024 0 320 ) (-640 0 320 ) (-640 0 336 ) 
4 166 190 (-1024 512 256 ) (-1024 0 256 ) (-1024 0 336 ) (-1024 512 336 ) 
4 166 182 (-1024 576 256 ) (-1024 512 256 ) (-1024 512 336 ) (-1024 576 336 ) 
4 166 169 (-640 384 256 ) (-640 0 256 ) (-1024 0 256 ) (-1024 576 256 ) 
4 167 231 (-384 0 192 ) (-384 0 256 ) (-512 0 256 ) (-512 0 192 ) 
4 167 168 (-512 384 256 ) (-512 384 192 ) (-512 0 192 ) (-512 0 256 ) 
4 168 232 (-512 0 256 ) (-640 0 256 ) (-640 0 160 ) (-512 0 160 ) 
4 168 169 (-640 0 160 ) (-640 0 256 ) (-640 384 256 ) (-640 384 160 ) 
4 169 237 (-1024 0 160 ) (-1024 0 128 ) (-819.200073 0 128 ) (-768 0 160 ) 
4 169 232 (-1024 0 256 ) (-1024 0 160 ) (-640 0 160 ) (-640 0 256 ) 
4 169 190 (-1024 512 128 ) (-1024 0 128 ) (-1024 0 256 ) (-1024 512 256 ) 
4 169 184 (-1024 576 128 ) (-1024 512 128 ) (-1024 512 256 ) (-1024 576 256 ) 
4 169 174 (-640 384 128 ) (-640 0 128 ) (-1024 0 128 ) (-1024 576 128 ) 
4 170 171 (-128 896 128 ) (-128 640 0 ) (-128 400 0 ) (-128 400 128 ) 
4 171 172 (-368 400 0 ) (-176 400 0 ) (-176 400 128 ) (-368 400 128 ) 
4 172 173 (-176 384 128 ) (-368 384 128 ) (-368 384 0 ) (-176 384 0 ) 
4 173 236 (-256 0 128 ) (-384 0 128 ) (-384 0 0 ) (-256 0 0 ) 
4 173 235 (0 0 0 ) (0 0 128 ) (-256 0 128 ) (-256 0 0 ) 
3 174 237 (-819.200073 0 128 ) (-1024 0 128 ) (-1024 0 0 ) 
4 174 197 (-1024 0 0 ) (-1024 0 64 ) (-1024 512 64 ) (-1024 512 0 ) 
4 174 190 (-1024 0 64 ) (-1024 0 128 ) (-1024 512 128 ) (-1024 512 64 ) 
4 174 184 (-1024 512 128 ) (-1024 576 128 ) (-1024 576 0 ) (-1024 512 0 ) 
4 175 190 (-1600 512 336 ) (-1024 512 336 ) (-1024 512 352 ) (-1600 512 352 ) 
4 175 189 (-1024 512 352 ) (-1024 512 640 ) (-1600 512 640 ) (-1600 512 352 ) 
4 175 187 (-1024 512 640 ) (-1024 512 1024 ) (-1600 512 1024 ) (-1600 512 640 ) 
4 175 182 (-1024 512 336 ) (-1600 512 336 ) (-1600 864 336 ) (-1024 576 336 ) 
4 175 181 (-1600 880 336 ) (-1600 896 336 ) (-1024 896 336 ) (-1024 592 336 ) 
4 175 179 (-1600 896 336 ) (-1600 1024 336 ) (-1024 1024 336 ) (-1024 896 336 ) 
4 175 177 (-1600 512 701.677429 ) (-1600 512 1024 ) (-1600 560 1024 ) (-1600 560 704 ) 
4 175 178 (-1600 560 336 ) (-1600 512 336 ) (-1600 512 640 ) (-1600 560 640 ) 
4 175 176 (-1600 1024 336 ) (-1600 560 336 ) (-1600 560 1024 ) (-1600 1024 1024 ) 
4 176 202 (-2048 1024 640 ) (-2048 1024 336 ) (-2048 560 336 ) (-2048 560 640 ) 
4 176 199 (-2048 560 1024 ) (-2048 1024 1024 ) (-2048 1024 640 ) (-2048 560 640 ) 
5 176 182 (-2048 560 336 ) (-2048 896 336 ) (-1664 896 336 ) (-1600 864 336 ) (-1600 560 336 ) 
3 176 181 (-1632 896 336 ) (-1600 896 336 ) (-1600 880 336 ) 
4 176 180 (-2048 912 336 ) (-2048 1024 336 ) (-1888 1024 336 ) (-1664 912 336 ) 
4 176 179 (-1888 1024 336 ) (-1600 1024 336 ) (-1600 896 336 ) (-1632 896 336 ) 
4 176 177 (-1600 560 704 ) (-1600 560 1024 ) (-2048 560 1024 ) (-2048 560 704 ) 
4 176 178 (-2048 560 336 ) (-1600 560 336 ) (-1600 560 640 ) (-2048 560 640 ) 
4 177 200 (-2048 512 701.677429 ) (-2048 512 1024 ) (-2048 560 1024 ) (-2048 560 704 ) 
4 177 188 (-2048 512 1024 ) (-2048 512 701.677429 ) (-1600 512 701.677429 ) (-1600 512 1024 ) 
4 178 202 (-2048 512 336 ) (-2048 512 640 ) (-2048 560 640 ) (-2048 560 336 ) 
4 178 190 (-1648 512 336 ) (-1600 512 336 ) (-1600 512 352 ) (-1648 512 352 ) 
4 178 189 (-1648 512 352 ) (-1600 512 352 ) (-1600 512 640 ) (-1648 512 640 ) 
4 178 182 (-1600 512 336 ) (-2048 512 336 ) (-2048 560 336 ) (-1600 560 336 ) 
4 179 181 (-1632 896 256 ) (-1024 896 256 ) (-1024 896 336 ) (-1632 896 336 ) 
4 179 180 (-1887.996826 1024 256 ) (-1663.997925 912 256 ) (-1663.998047 912 336 ) (-1887.998047 1024 336 ) 
4 180 202 (-2048 912 336 ) (-2048 1024 336 ) (-2048 1024 256 ) (-2048 912 256 ) 
4 182 202 (-2048 512 256 ) (-2048 512 336 ) (-2048 896 336 ) (-2048 896 256 ) 
4 182 190 (-1648 512 256 ) (-1024 512 256 ) (-1024 512 336 ) (-1648 512 336 ) 
4 182 186 (-1920 512 256 ) (-2048 512 256 ) (-2048 640 256 ) (-1920 640 256 ) 
4 182 185 (-1824 512 256 ) (-1920 512 256 ) (-1920 640 256 ) (-1824 640 256 ) 
5 182 184 (-1024 512 256 ) (-1824 512 256 ) (-1824 640 256 ) (-1152 640 256 ) (-1024 576 256 ) 
4 182 183 (-2048 640 256 ) (-2048 896 256 ) (-1664 896 256 ) (-1152 640 256 ) 
4 183 186 (-1920 640 64 ) (-1920 640 256 ) (-2048 640 256 ) (-2048 640 64 ) 
4 183 185 (-1920 640 0 ) (-1824 640 0 ) (-1824 640 256 ) (-1920 640 256 ) 
4 183 184 (-1824 640 0 ) (-1152 640 0 ) (-1152 640 256 ) (-1824 640 256 ) 
4 184 197 (-1648 512 0 ) (-1024 512 0 ) (-1024 512 64 ) (-1648 512 64 ) 
4 184 190 (-1024 512 64 ) (-1024 512 256 ) (-1648 512 256 ) (-1648 512 64 ) 
4 184 185 (-1824 640 256 ) (-1824 640 0 ) (-1824 512 64 ) (-1824 512 256 ) 
4 185 192 (-1824 512 64 ) (-1824 512 176 ) (-1920 512 176 ) (-1920 512 64 ) 
4 185 186 (-1920 640 256 ) (-1920 640 64 ) (-1920 512 64 ) (-1920 512 256 ) 
4 187 244 (-1024 0 640 ) (-1024 0 1024 ) (-1600 0 1024 ) (-1600 0 640 ) 
4 187 189 (-1600 512 640 ) (-1024 512 640 ) (-1024 0 640 ) (-1600 0 640 ) 
4 187 188 (-1600 0 676.903198 ) (-1600 0 1024 ) (-1600 512 1024 ) (-1600 512 701.677429 ) 
4 188 245 (-1600 0 1024 ) (-2048 0 1024 ) (-2048 0 676.903198 ) (-1600 0 676.903198 ) 
4 188 200 (-2048 0 676.903198 ) (-2048 0 1024 ) (-2048 512 1024 ) (-2048 512 701.677429 ) 
4 189 247 (-1024 0 352 ) (-1024 0 640 ) (-1648 0 640 ) (-1648 0 352 ) 
4 189 190 (-1024 0 352 ) (-1648 0 352 ) (-1648 512 352 ) (-1024 512 352 ) 
4 190 250 (-1536 0 352 ) (-1648 0 352 ) (-1648 0 64 ) (-1536 0 64 ) 
4 190 249 (-1024 0 64 ) (-1024 0 352 ) (-1536 0 352 ) (-1536 0 64 ) 
4 190 197 (-1648 512 64 ) (-1024 512 64 ) (-1024 0 64 ) (-1648 0 64 ) 
4 191 255 (-1664 0 352 ) (-1824 0 352 ) (-1824 0 64 ) (-1664 0 64 ) 
4 191 194 (-1824 288 64 ) (-1824 96 64 ) (-1824 96 352 ) (-1824 288 352 ) 
4 191 193 (-1824 496 64 ) (-1824 288 64 ) (-1824 288 352 ) (-1824 496 352 ) 
4 191 195 (-1824 96 64 ) (-1824 0 64 ) (-1824 0 352 ) (-1824 96 352 ) 
4 192 193 (-1920 496 64 ) (-1824 496 64 ) (-1824 496 176 ) (-1920 496 176 ) 
5 193 194 (-2032 288 352 ) (-2032 288 85.333282 ) (-2000 288 64 ) (-1824 288 64 ) (-1824 288 352 ) 
4 194 196 (-2032 96 85.333282 ) (-2032 96 192 ) (-2032 288 192 ) (-2032 288 85.333282 ) 
5 194 195 (-2032 96 352 ) (-2032 96 85.333282 ) (-2000 96 64 ) (-1824 96 64 ) (-1824 96 352 ) 
4 195 256 (-1920 0 352 ) (-2032 0 352 ) (-2032 0 64 ) (-1920 0 64 ) 
4 195 255 (-1824 0 352 ) (-1920 0 352 ) (-1920 0 64 ) (-1824 0 64 ) 
4 196 205 (-2048 96 192 ) (-2048 288 192 ) (-2048 288 96 ) (-2048 96 96 ) 
4 197 250 (-1536 0 64 ) (-1648 0 64 ) (-1648 0 0 ) (-1536 0 0 ) 
4 197 249 (-1024 0 0 ) (-1024 0 64 ) (-1536 0 64 ) (-1536 0 0 ) 
4 198 208 (-3072 1024 896 ) (-3072 1024 1024 ) (-3072 1280 1024 ) (-3072 1280 896 ) 
4 198 199 (-2048 1024 896 ) (-2048 1024 1024 ) (-2096 1024 1024 ) (-2096 1024 896 ) 
4 198 201 (-2096 1024 1024 ) (-3072 1024 1024 ) (-3072 1024 896 ) (-2096 1024 896 ) 
4 199 202 (-2048 1024 640 ) (-2048 560 640 ) (-2096 560 640 ) (-2096 1024 640 ) 
4 199 200 (-2096 560 1024 ) (-2096 560 704 ) (-2048 560 704 ) (-2048 560 1024 ) 
4 199 201 (-2096 1024 640 ) (-2096 560 640 ) (-2096 560 1024 ) (-2096 1024 1024 ) 
4 200 263 (-2048 0 676.903198 ) (-2048 0 1024 ) (-2096 0 1024 ) (-2096 0 676.903198 ) 
4 200 201 (-2096 0 676.903198 ) (-2096 0 1024 ) (-2096 560 1024 ) (-2096 560 704 ) 
4 201 265 (-2096 0 1024 ) (-3072 0 1024 ) (-3072 0 640 ) (-2096 0 640 ) 
4 201 217 (-3072 192 1024 ) (-3072 208 1024 ) (-3072 208 672 ) (-3072 192 672 ) 
4 201 218 (-3072 0 640 ) (-3072 0 1024 ) (-3072 192 1024 ) (-3072 192 640 ) 
4 201 213 (-3072 208 1024 ) (-3072 464 1024 ) (-3072 464 672 ) (-3072 208 672 ) 
4 201 210 (-3072 1024 672 ) (-3072 1024 640 ) (-3072 480 640 ) (-3072 480 672 ) 
4 201 209 (-3072 464 1024 ) (-3072 1024 1024 ) (-3072 1024 672 ) (-3072 464 672 ) 
4 201 203 (-2096 0 640 ) (-2416 0 640 ) (-2416 480 640 ) (-2096 480 640 ) 
4 201 202 (-2416 480 640 ) (-2416 1024 640 ) (-2096 1024 640 ) (-2096 480 640 ) 
4 201 204 (-2416 0 640 ) (-3072 0 640 ) (-3072 1024 640 ) (-2416 1024 640 ) 
4 202 203 (-2416 480 640 ) (-2416 480 272 ) (-2048 480 272 ) (-2048 480 640 ) 
4 202 204 (-2416 1024 256 ) (-2416 480 256 ) (-2416 480 640 ) (-2416 1024 640 ) 
4 203 266 (-2048 0 272 ) (-2048 0 640 ) (-2416 0 640 ) (-2416 0 272 ) 
4 203 204 (-2416 0 272 ) (-2416 0 640 ) (-2416 480 640 ) (-2416 480 272 ) 
4 204 270 (-3072 0 320 ) (-3072 0 256 ) (-2880 0 256 ) (-2880 0 320 ) 
4 204 269 (-2880 0 640 ) (-3072 0 640 ) (-3072 0 320 ) (-2880 0 320 ) 
4 204 268 (-2416 0 640 ) (-2880 0 640 ) (-2880 0 256 ) (-2416 0 256 ) 
4 204 219 (-3072 368 384 ) (-3072 368 256 ) (-3072 176 256 ) (-3072 176 384 ) 
4 204 218 (-3072 0 512 ) (-3072 0 640 ) (-3072 192 640 ) (-3072 192 512 ) 
4 204 210 (-3072 480 640 ) (-3072 1024 640 ) (-3072 1024 256 ) (-3072 480 256 ) 
4 204 207 (-2416 0 256 ) (-2880 0 256 ) (-2880 176 256 ) (-2416 176 256 ) 
4 205 273 (-2048 0 96 ) (-2048 0 256 ) (-2400 0 256 ) (-2400 0 96 ) 
4 205 206 (-2400 480 256 ) (-2400 480 96 ) (-2400 464 96 ) (-2400 464 256 ) 
4 207 280 (-2416 0 256 ) (-2880 0 256 ) (-2496 0 96 ) (-2416 0 96 ) 
4 208 225 (-3456 1024 1024 ) (-3584 1024 1024 ) (-3584 1024 896 ) (-3456 1024 896 ) 
4 208 222 (-3440 1024 1024 ) (-3456 1024 1024 ) (-3456 1024 896 ) (-3440 1024 896 ) 
4 208 209 (-3072 1024 896 ) (-3072 1024 1024 ) (-3440 1024 1024 ) (-3440 1024 896 ) 
4 209 222 (-3440 1024 1024 ) (-3440 1024 672 ) (-3440 464 672 ) (-3440 464 1024 ) 
4 209 214 (-3440 464 1024 ) (-3440 464 672 ) (-3088 464 672 ) (-3088 464 1024 ) 
4 209 213 (-3088 464 672 ) (-3072 464 672 ) (-3072 464 1024 ) (-3088 464 1024 ) 
4 209 211 (-3440 480 672 ) (-3440 1024 672 ) (-3344 1024 672 ) (-3344 480 672 ) 
4 209 210 (-3344 480 672 ) (-3344 1024 672 ) (-3072 1024 672 ) (-3072 480 672 ) 
4 210 211 (-3344 1024 256 ) (-3344 480 256 ) (-3344 480 672 ) (-3344 1024 672 ) 
4 211 223 (-3440 1024 672 ) (-3440 1024 256 ) (-3440 480 256 ) (-3440 480 672 ) 
4 211 212 (-3344 480 256 ) (-3344 480 384 ) (-3440 480 384 ) (-3440 480 256 ) 
4 212 220 (-3440 464 384 ) (-3440 464 256 ) (-3344 464 256 ) (-3344 464 384 ) 
4 213 217 (-3072 208 672 ) (-3072 208 1024 ) (-3088 208 1024 ) (-3088 208 672 ) 
4 213 214 (-3088 464 1024 ) (-3088 464 672 ) (-3088 208 672 ) (-3088 208 1024 ) 
4 214 222 (-3440 464 1024 ) (-3440 464 672 ) (-3440 208 672 ) (-3440 208 1024 ) 
4 214 217 (-3440 208 1024 ) (-3440 208 672 ) (-3088 208 672 ) (-3088 208 1024 ) 
4 214 215 (-3440 464 656 ) (-3088 464 656 ) (-3088 208 656 ) (-3440 208 656 ) 
4 215 216 (-3440 464 640 ) (-3088 464 640 ) (-3088 208 640 ) (-3440 208 640 ) 
4 216 220 (-3440 208 512 ) (-3440 464 512 ) (-3088 464 512 ) (-3088 208 512 ) 
4 217 222 (-3440 192 1024 ) (-3440 208 1024 ) (-3440 208 672 ) (-3440 192 672 ) 
4 217 218 (-3072 192 672 ) (-3072 192 1024 ) (-3440 192 1024 ) (-3440 192 672 ) 
4 218 286 (-3072 0 512 ) (-3072 0 640 ) (-3440 0 640 ) (-3440 0 512 ) 
4 218 285 (-3072 0 640 ) (-3072 0 1024 ) (-3440 0 1024 ) (-3440 0 640 ) 
4 218 224 (-3440 0 512 ) (-3440 0 1024 ) (-3440 192 1024 ) (-3440 192 512 ) 
4 219 221 (-3088 208 256 ) (-3088 176 256 ) (-3088 176 384 ) (-3088 208 384 ) 
4 219 220 (-3088 368 384 ) (-3088 368 256 ) (-3088 208 256 ) (-3088 208 384 ) 
4 220 221 (-3088 208 256 ) (-3088 208 496 ) (-3440 208 496 ) (-3440 208 256 ) 
4 221 290 (-3440 0 496 ) (-3440 0 256 ) (-3088 0 256 ) (-3088 0 496 ) 
4 222 225 (-3456 192 672 ) (-3456 192 1024 ) (-3456 1024 1024 ) (-3456 1024 672 ) 
4 222 224 (-3456 192 1024 ) (-3456 192 672 ) (-3440 192 672 ) (-3440 192 1024 ) 
4 222 223 (-3456 480 672 ) (-3456 1024 672 ) (-3440 1024 672 ) (-3440 480 672 ) 
4 223 225 (-3456 480 640 ) (-3456 480 672 ) (-3456 1024 672 ) (-3456 1024 640 ) 
4 224 286 (-3456 0 640 ) (-3456 0 512 ) (-3440 0 512 ) (-3440 0 640 ) 
4 224 285 (-3456 0 1024 ) (-3456 0 640 ) (-3440 0 640 ) (-3440 0 1024 ) 
4 224 225 (-3456 0 640 ) (-3456 0 1024 ) (-3456 192 1024 ) (-3456 192 640 ) 
4 225 295 (-3456 0 640 ) (-3456 0 1024 ) (-3584 0 1024 ) (-3584 0 640 ) 
4 226 233 (-64 -336 320 ) (-64 -96 320 ) (0 -96 320 ) (0 -336 320 ) 
4 226 230 (-64 -96 320 ) (-64 0 320 ) (0 0 320 ) (0 -96 320 ) 
4 226 227 (-64 -336 1024 ) (-64 -336 544 ) (0 -336 544 ) (0 -336 1024 ) 
4 226 228 (-64 -336 528 ) (-64 -336 320 ) (0 -336 320 ) (0 -336 528 ) 
4 226 229 (-64 0 320 ) (-64 -336 320 ) (-64 -336 1024 ) (-64 0 1024 ) 
4 227 238 (0 -384 547.130432 ) (0 -384 1024 ) (-64 -384 1024 ) (-64 -384 547.130432 ) 
4 227 229 (-64 -384 547.130432 ) (-64 -384 1024 ) (-64 -336 1024 ) (-64 -336 544 ) 
4 228 240 (-64 -384 320 ) (-16 -384 320 ) (-16 -384 528 ) (-64 -384 528 ) 
4 228 233 (-64 -368 320 ) (-64 -336 320 ) (0 -336 320 ) (0 -368 320 ) 
4 228 229 (-64 -336 320 ) (-64 -384 320 ) (-64 -384 528 ) (-64 -336 528 ) 
4 229 249 (-1024 0 352 ) (-1024 0 320 ) (-1024 -384 320 ) (-1024 -384 352 ) 
4 229 247 (-1024 0 640 ) (-1024 0 352 ) (-1024 -384 352 ) (-1024 -384 640 ) 
4 229 244 (-1024 0 1024 ) (-1024 0 640 ) (-1024 -384 640 ) (-1024 -384 1024 ) 
4 229 240 (-1024 -384 528 ) (-1024 -384 320 ) (-64 -384 320 ) (-64 -384 528 ) 
4 229 239 (-1024 -384 1024 ) (-1024 -384 528 ) (-64 -384 528 ) (-64 -384 1024 ) 
4 229 233 (-768 -368 320 ) (-768 -96 320 ) (-64 -96 320 ) (-64 -368 320 ) 
4 229 234 (-768 -384 320 ) (-1024 -384 320 ) (-1024 -96 320 ) (-768 -96 320 ) 
4 229 231 (-512 0 320 ) (-384 0 320 ) (-384 -96 320 ) (-512 -96 320 ) 
4 229 230 (-384 0 320 ) (-64 0 320 ) (-64 -96 320 ) (-384 -96 320 ) 
4 229 232 (-1024 -96 320 ) (-1024 0 320 ) (-512 0 320 ) (-512 -96 320 ) 
4 230 236 (-384 0 160 ) (-256 0 160 ) (-256 -96 160 ) (-384 -96 160 ) 
4 230 235 (-256 0 160 ) (0 0 160 ) (0 -96 160 ) (-256 -96 160 ) 
4 230 233 (-384 -96 160 ) (0 -96 160 ) (0 -96 320 ) (-384 -96 320 ) 
4 230 231 (-384 -96 192 ) (-384 -96 320 ) (-384 0 320 ) (-384 0 192 ) 
4 231 233 (-384 -96 192 ) (-384 -96 320 ) (-512 -96 320 ) (-512 -96 192 ) 
4 231 232 (-512 -96 192 ) (-512 -96 320 ) (-512 0 320 ) (-512 0 192 ) 
4 232 249 (-1024 0 320 ) (-1024 0 160 ) (-1024 -96 160 ) (-1024 -96 320 ) 
4 232 237 (-1024 -96 160 ) (-1024 0 160 ) (-768 0 160 ) (-768 -96 160 ) 
4 232 233 (-768 -96 160 ) (-512 -96 160 ) (-512 -96 320 ) (-768 -96 320 ) 
4 232 234 (-1024 -96 160 ) (-768 -96 160 ) (-768 -96 320 ) (-1024 -96 320 ) 
4 233 236 (-384 -96 160 ) (-256 -96 160 ) (-256 -256 160 ) (-384 -256 160 ) 
4 233 235 (-256 -96 160 ) (0 -96 160 ) (0 -368 160 ) (-256 -368 160 ) 
4 233 234 (-768 -96 320 ) (-768 -96 160 ) (-768 -368 160 ) (-768 -368 320 ) 
4 234 249 (-1024 -96 160 ) (-1024 -384 160 ) (-1024 -384 320 ) (-1024 -96 320 ) 
4 234 240 (-1024 -384 320 ) (-1024 -384 160 ) (-768 -384 160 ) (-768 -384 320 ) 
4 234 237 (-768 -384 160 ) (-1024 -384 160 ) (-1024 -96 160 ) (-768 -96 160 ) 
3 235 236 (-256 0 0 ) (-256 -256 160 ) (-256 0 160 ) 
4 237 249 (-1024 0 160 ) (-1024 0 0 ) (-1024 -384 0 ) (-1024 -384 160 ) 
3 237 242 (-1024 -384 144 ) (-1024 -384 0 ) (-793.599976 -384 144 ) 
4 237 240 (-1024 -384 160 ) (-1024 -384 144 ) (-793.599976 -384 144 ) (-768 -384 160 ) 
4 238 260 (0 -1024 896 ) (0 -1024 1024 ) (-64 -1024 1024 ) (-64 -1024 896 ) 
4 238 239 (-64 -1024 588.869568 ) (-64 -1024 1024 ) (-64 -384 1024 ) (-64 -384 547.130432 ) 
4 239 260 (-64 -1024 1024 ) (-128 -1024 1024 ) (-128 -1024 896 ) (-64 -1024 896 ) 
4 239 261 (-128 -1024 1024 ) (-1024 -1024 1024 ) (-1024 -1024 528 ) (-128 -1024 528 ) 
4 239 247 (-1024 -1024 528 ) (-1024 -1024 640 ) (-1024 -384 640 ) (-1024 -384 528 ) 
4 239 244 (-1024 -1024 640 ) (-1024 -1024 1024 ) (-1024 -384 1024 ) (-1024 -384 640 ) 
4 239 240 (-1024 -1024 528 ) (-1024 -384 528 ) (-64 -384 528 ) (-64 -1024 528 ) 
4 240 261 (-128 -1024 528 ) (-1024 -1024 528 ) (-1024 -1024 144 ) (-128 -1024 144 ) 
4 240 249 (-1024 -1024 144 ) (-1024 -1024 352 ) (-1024 -384 352 ) (-1024 -384 144 ) 
4 240 247 (-1024 -1024 352 ) (-1024 -1024 528 ) (-1024 -384 528 ) (-1024 -384 352 ) 
4 240 242 (-16 -1024 144 ) (-1024 -1024 144 ) (-1024 -384 144 ) (-16 -384 144 ) 
4 241 242 (-16 -608 144 ) (-16 -416 144 ) (-16 -416 0 ) (-16 -608 0 ) 
4 242 261 (-128 -1024 144 ) (-1024 -1024 144 ) (-1024 -1024 0 ) (-128 -1024 0 ) 
4 242 249 (-1024 -384 0 ) (-1024 -1024 0 ) (-1024 -1024 144 ) (-1024 -384 144 ) 
4 242 243 (-16 -1024 0 ) (-1024 -1024 0 ) (-1024 -768 0 ) (-16 -768 0 ) 
4 243 261 (-128 -1024 0 ) (-1024 -1024 0 ) (-1024 -1024 -384 ) (-128 -1024 -384 ) 
4 243 258 (-1024 -768 -384 ) (-1024 -1024 -384 ) (-1024 -1024 0 ) (-1024 -768 0 ) 
4 244 262 (-1024 -1024 640 ) (-1024 -1024 1024 ) (-1600 -1024 1024 ) (-1600 -1024 640 ) 
4 244 247 (-1600 0 640 ) (-1024 0 640 ) (-1024 -1024 640 ) (-1600 -1024 640 ) 
4 244 245 (-1600 -432 656 ) (-1600 -432 1024 ) (-1600 0 1024 ) (-1600 0 676.903198 ) 
4 244 246 (-1600 -432 640 ) (-1600 -1024 640 ) (-1600 -1024 1024 ) (-1600 -432 1024 ) 
4 245 263 (-2048 0 1024 ) (-2048 0 676.903198 ) (-2048 -432 656 ) (-2048 -432 1024 ) 
4 245 246 (-1600 -432 656 ) (-1600 -432 1024 ) (-2048 -432 1024 ) (-2048 -432 656 ) 
4 246 264 (-2048 -432 640 ) (-2048 -1024 640 ) (-2048 -1024 1024 ) (-2048 -432 1024 ) 
4 246 262 (-1600 -1024 1024 ) (-2048 -1024 1024 ) (-2048 -1024 640 ) (-1600 -1024 640 ) 
4 246 248 (-1648 -1024 640 ) (-2048 -1024 640 ) (-2048 -432 640 ) (-1648 -432 640 ) 
4 246 247 (-1600 -432 640 ) (-1600 -1024 640 ) (-1648 -1024 640 ) (-1648 -432 640 ) 
4 247 262 (-1024 -1024 352 ) (-1024 -1024 640 ) (-1648 -1024 640 ) (-1648 -1024 352 ) 
4 247 251 (-1648 -768 352 ) (-1648 -640 352 ) (-1536 -640 352 ) (-1536 -768 352 ) 
4 247 250 (-1648 -640 352 ) (-1648 0 352 ) (-1536 0 352 ) (-1536 -640 352 ) 
4 247 252 (-1536 -1024 352 ) (-1648 -1024 352 ) (-1648 -768 352 ) (-1536 -768 352 ) 
4 247 249 (-1024 -1024 352 ) (-1536 -1024 352 ) (-1536 0 352 ) (-1024 0 352 ) 
4 247 248 (-1648 -384 352 ) (-1648 -1024 352 ) (-1648 -1024 640 ) (-1648 -384 640 ) 
4 248 271 (-2048 -432 352 ) (-2048 -1024 352 ) (-2048 -1024 640 ) (-2048 -432 640 ) 
4 248 267 (-2048 -384 352 ) (-2048 -432 352 ) (-2048 -432 640 ) (-2048 -384 640 ) 
4 248 262 (-1648 -1024 640 ) (-2048 -1024 640 ) (-2048 -1024 352 ) (-1648 -1024 352 ) 
4 248 257 (-1664 -1024 352 ) (-2048 -1024 352 ) (-2048 -384 352 ) (-1664 -384 352 ) 
4 248 254 (-1648 -1024 352 ) (-1664 -1024 352 ) (-1664 -384 352 ) (-1648 -384 352 ) 
4 249 262 (-1024 -1024 0 ) (-1024 -1024 352 ) (-1536 -1024 352 ) (-1536 -1024 0 ) 
4 249 258 (-1024 -768 0 ) (-1024 -1024 0 ) (-1536 -1024 0 ) (-1536 -768 0 ) 
4 249 251 (-1536 -768 306.592010 ) (-1536 -768 352 ) (-1536 -640 352 ) (-1536 -640 306.592010 ) 
4 249 250 (-1536 0 0 ) (-1536 -640 0 ) (-1536 -640 352 ) (-1536 0 352 ) 
4 249 252 (-1536 -768 0 ) (-1536 -1024 0 ) (-1536 -1024 352 ) (-1536 -768 352 ) 
4 250 254 (-1648 -384 0 ) (-1648 -640 0 ) (-1648 -640 352 ) (-1648 -384 352 ) 
4 250 253 (-1648 -128 0 ) (-1648 -256 0 ) (-1648 -256 96 ) (-1648 -128 96 ) 
4 250 251 (-1648 -640 352 ) (-1648 -640 306.592010 ) (-1536 -640 306.592010 ) (-1536 -640 352 ) 
4 251 254 (-1648 -768 306.592010 ) (-1648 -768 352 ) (-1648 -640 352 ) (-1648 -640 306.592010 ) 
4 251 252 (-1648 -768 352 ) (-1648 -768 306.592010 ) (-1536 -768 306.592010 ) (-1536 -768 352 ) 
4 252 262 (-1536 -1024 352 ) (-1648 -1024 352 ) (-1648 -1024 0 ) (-1536 -1024 0 ) 
4 252 258 (-1536 -768 0 ) (-1536 -1024 0 ) (-1648 -1024 0 ) (-1648 -768 0 ) 
4 252 254 (-1648 -768 0 ) (-1648 -1024 0 ) (-1648 -1024 352 ) (-1648 -768 352 ) 
4 253 255 (-1664 -128 0 ) (-1664 -256 0 ) (-1664 -256 96 ) (-1664 -128 96 ) 
4 254 262 (-1648 -1024 352 ) (-1664 -1024 352 ) (-1664 -1024 0 ) (-1648 -1024 0 ) 
4 254 259 (-1648 -384 0 ) (-1648 -1024 0 ) (-1664 -1024 0 ) (-1664 -384 0 ) 
4 254 257 (-1664 -384 0 ) (-1664 -1024 0 ) (-1664 -1024 352 ) (-1664 -384 352 ) 
5 255 256 (-1920 -256 0 ) (-1920 -368 0 ) (-1920 -368 352 ) (-1920 0 352 ) (-1920 0 64 ) 
4 257 283 (-2048 -432 0 ) (-2048 -1024 0 ) (-2048 -1024 96 ) (-2048 -432 96 ) 
4 257 282 (-2048 -384 0 ) (-2048 -432 0 ) (-2048 -432 96 ) (-2048 -384 96 ) 
4 257 278 (-2048 -1024 96 ) (-2048 -1024 256 ) (-2048 -432 256 ) (-2048 -432 96 ) 
4 257 277 (-2048 -432 256 ) (-2048 -384 256 ) (-2048 -384 96 ) (-2048 -432 96 ) 
4 257 271 (-2048 -1024 256 ) (-2048 -1024 352 ) (-2048 -432 352 ) (-2048 -432 256 ) 
4 257 267 (-2048 -432 352 ) (-2048 -384 352 ) (-2048 -384 256 ) (-2048 -432 256 ) 
4 257 262 (-1664 -1024 352 ) (-2048 -1024 352 ) (-2048 -1024 0 ) (-1664 -1024 0 ) 
4 257 259 (-1664 -384 0 ) (-1664 -1024 0 ) (-2048 -1024 0 ) (-2048 -384 0 ) 
4 258 262 (-1024 -1024 -384 ) (-1024 -1024 0 ) (-1648 -1024 0 ) (-1648 -1024 -384 ) 
4 258 259 (-1648 -768 -384 ) (-1648 -1024 -384 ) (-1648 -1024 0 ) (-1648 -768 0 ) 
4 259 283 (-2048 -432 -384 ) (-2048 -1024 -384 ) (-2048 -1024 0 ) (-2048 -432 0 ) 
4 259 282 (-2048 -384 -384 ) (-2048 -432 -384 ) (-2048 -432 0 ) (-2048 -384 0 ) 
4 259 262 (-1648 -1024 0 ) (-2048 -1024 0 ) (-2048 -1024 -384 ) (-1648 -1024 -384 ) 
4 260 261 (-128 -1280 896 ) (-128 -1280 1024 ) (-128 -1024 1024 ) (-128 -1024 896 ) 
4 261 262 (-1024 -1280 -384 ) (-1024 -1280 1024 ) (-1024 -1024 1024 ) (-1024 -1024 -384 ) 
4 262 297 (-2048 -1280 -384 ) (-2048 -1280 1024 ) (-2048 -1024 1024 ) (-2048 -1024 -384 ) 
4 263 264 (-2096 -432 1024 ) (-2096 -432 656 ) (-2048 -432 656 ) (-2048 -432 1024 ) 
4 263 265 (-2096 -432 656 ) (-2096 -432 1024 ) (-2096 0 1024 ) (-2096 0 676.903198 ) 
4 264 297 (-2048 -1024 640 ) (-2048 -1024 1024 ) (-2096 -1024 1024 ) (-2096 -1024 640 ) 
4 264 271 (-2048 -432 640 ) (-2048 -1024 640 ) (-2096 -1024 640 ) (-2096 -432 640 ) 
4 264 265 (-2096 -432 640 ) (-2096 -1024 640 ) (-2096 -1024 1024 ) (-2096 -432 1024 ) 
4 265 297 (-2096 -1024 1024 ) (-3072 -1024 1024 ) (-3072 -1024 640 ) (-2096 -1024 640 ) 
4 265 285 (-3072 0 1024 ) (-3072 0 640 ) (-3072 -1024 640 ) (-3072 -1024 1024 ) 
4 265 272 (-3072 -1024 640 ) (-3072 -640 640 ) (-2304 -640 640 ) (-2304 -1024 640 ) 
4 265 271 (-2304 -432 640 ) (-2096 -432 640 ) (-2096 -1024 640 ) (-2304 -1024 640 ) 
4 265 269 (-3072 -432 640 ) (-3072 0 640 ) (-2880 0 640 ) (-2880 -432 640 ) 
4 265 266 (-2416 0 640 ) (-2096 0 640 ) (-2096 -384 640 ) (-2416 -384 640 ) 
4 265 267 (-2096 -384 640 ) (-2096 -432 640 ) (-2416 -432 640 ) (-2416 -384 640 ) 
4 265 268 (-2880 0 640 ) (-2416 0 640 ) (-2416 -432 640 ) (-2880 -432 640 ) 
4 266 267 (-2416 -384 640 ) (-2416 -384 272 ) (-2048 -384 272 ) (-2048 -384 640 ) 
4 266 268 (-2416 -384 272 ) (-2416 -384 640 ) (-2416 0 640 ) (-2416 0 272 ) 
4 267 277 (-2048 -384 256 ) (-2048 -432 256 ) (-2416 -432 256 ) (-2416 -384 256 ) 
4 267 271 (-2304 -432 256 ) (-2048 -432 256 ) (-2048 -432 640 ) (-2304 -432 640 ) 
4 267 268 (-2416 -384 256 ) (-2416 -432 256 ) (-2416 -432 640 ) (-2416 -384 640 ) 
4 268 280 (-2880 0 256 ) (-2416 0 256 ) (-2416 -432 256 ) (-2880 -432 256 ) 
3 268 270 (-2880 0 256 ) (-2880 -144 320 ) (-2880 0 320 ) 
4 268 269 (-2880 -432 320 ) (-2880 -432 640 ) (-2880 0 640 ) (-2880 0 320 ) 
4 269 288 (-3072 -144 320 ) (-3072 -336 320 ) (-3072 -336 448 ) (-3072 -144 448 ) 
4 269 286 (-3072 0 640 ) (-3072 0 512 ) (-3072 -432 512 ) (-3072 -432 640 ) 
4 269 270 (-3072 0 320 ) (-2880 0 320 ) (-2880 -144 320 ) (-3072 -144 320 ) 
4 271 297 (-2048 -1024 256 ) (-2048 -1024 640 ) (-2304 -1024 640 ) (-2304 -1024 256 ) 
4 271 278 (-2048 -1024 256 ) (-2304 -1024 256 ) (-2304 -432 256 ) (-2048 -432 256 ) 
4 271 272 (-2304 -640 256 ) (-2304 -1024 256 ) (-2304 -1024 640 ) (-2304 -640 640 ) 
4 272 297 (-2304 -1024 640 ) (-3072 -1024 640 ) (-3072 -1024 256 ) (-2304 -1024 256 ) 
4 272 289 (-3072 -640 256 ) (-3072 -1024 256 ) (-3072 -1024 512 ) (-3072 -640 512 ) 
4 272 287 (-3072 -1024 512 ) (-3072 -1024 640 ) (-3072 -640 640 ) (-3072 -640 512 ) 
4 272 281 (-2416 -1024 256 ) (-3072 -1024 256 ) (-3072 -640 256 ) (-2416 -640 256 ) 
4 272 279 (-2304 -1024 256 ) (-2416 -1024 256 ) (-2416 -640 256 ) (-2304 -640 256 ) 
4 273 274 (-2400 -128 96 ) (-2048 -128 96 ) (-2048 -128 256 ) (-2400 -128 256 ) 
4 274 276 (-2400 -336 96 ) (-2048 -336 96 ) (-2048 -336 256 ) (-2400 -336 256 ) 
4 274 275 (-2400 -128 208 ) (-2400 -128 96 ) (-2400 -336 96 ) (-2400 -336 208 ) 
4 275 280 (-2416 -128 96 ) (-2416 -336 96 ) (-2416 -336 208 ) (-2416 -128 208 ) 
4 277 282 (-2048 -384 96 ) (-2048 -432 96 ) (-2304 -432 96 ) (-2304 -384 96 ) 
4 277 280 (-2416 -384 96 ) (-2416 -432 96 ) (-2416 -432 256 ) (-2416 -384 256 ) 
4 277 278 (-2304 -432 96 ) (-2048 -432 96 ) (-2048 -432 256 ) (-2304 -432 256 ) 
4 278 297 (-2048 -1024 96 ) (-2048 -1024 256 ) (-2304 -1024 256 ) (-2304 -1024 96 ) 
4 278 283 (-2048 -432 96 ) (-2048 -1024 96 ) (-2304 -1024 96 ) (-2304 -432 96 ) 
4 278 279 (-2304 -640 96 ) (-2304 -1024 96 ) (-2304 -1024 256 ) (-2304 -640 256 ) 
4 279 297 (-2304 -1024 256 ) (-2416 -1024 256 ) (-2416 -1024 96 ) (-2304 -1024 96 ) 
4 279 284 (-2304 -1024 96 ) (-2416 -1024 96 ) (-2416 -640 96 ) (-2304 -640 96 ) 
4 279 281 (-2416 -640 96 ) (-2416 -1024 96 ) (-2416 -1024 256 ) (-2416 -640 256 ) 
4 281 297 (-2416 -1024 256 ) (-3072 -1024 256 ) (-3072 -1024 96 ) (-2416 -1024 96 ) 
4 281 294 (-3072 -640 96 ) (-3072 -1024 96 ) (-3072 -1024 256 ) (-3072 -640 256 ) 
4 281 284 (-3072 -1024 96 ) (-3072 -640 96 ) (-2416 -640 96 ) (-2416 -1024 96 ) 
4 282 283 (-2304 -432 -384 ) (-2048 -432 -384 ) (-2048 -432 96 ) (-2304 -432 96 ) 
4 283 297 (-2048 -1024 -384 ) (-2048 -1024 96 ) (-2304 -1024 96 ) (-2304 -1024 -384 ) 
4 283 284 (-2304 -640 -384 ) (-2304 -1024 -384 ) (-2304 -1024 96 ) (-2304 -640 96 ) 
4 284 297 (-2304 -1024 96 ) (-3072 -1024 96 ) (-3072 -1024 -384 ) (-2304 -1024 -384 ) 
4 284 294 (-3072 -640 -384 ) (-3072 -1024 -384 ) (-3072 -1024 96 ) (-3072 -640 96 ) 
4 285 298 (-3072 -1024 640 ) (-3072 -1024 1024 ) (-3456 -1024 1024 ) (-3456 -1024 640 ) 
4 285 295 (-3456 -640 1024 ) (-3456 0 1024 ) (-3456 0 640 ) (-3456 -640 640 ) 
4 285 296 (-3456 -1024 640 ) (-3456 -1024 1024 ) (-3456 -640 1024 ) (-3456 -640 640 ) 
4 285 286 (-3456 -432 640 ) (-3456 0 640 ) (-3072 0 640 ) (-3072 -432 640 ) 
4 285 287 (-3072 -1024 640 ) (-3456 -1024 640 ) (-3456 -640 640 ) (-3072 -640 640 ) 
4 287 298 (-3072 -1024 512 ) (-3072 -1024 640 ) (-3456 -1024 640 ) (-3456 -1024 512 ) 
4 287 296 (-3456 -1024 512 ) (-3456 -1024 640 ) (-3456 -640 640 ) (-3456 -640 512 ) 
4 287 293 (-3456 -1024 512 ) (-3456 -640 512 ) (-3088 -640 512 ) (-3088 -1024 512 ) 
4 287 289 (-3088 -640 512 ) (-3072 -640 512 ) (-3072 -1024 512 ) (-3088 -1024 512 ) 
4 288 291 (-3088 -336 320 ) (-3088 -336 448 ) (-3088 -144 448 ) (-3088 -144 320 ) 
4 289 298 (-3072 -1024 256 ) (-3072 -1024 512 ) (-3088 -1024 512 ) (-3088 -1024 256 ) 
4 289 294 (-3072 -1024 256 ) (-3088 -1024 256 ) (-3088 -640 256 ) (-3072 -640 256 ) 
4 289 293 (-3088 -640 256 ) (-3088 -1024 256 ) (-3088 -1024 512 ) (-3088 -640 512 ) 
5 290 291 (-3088 -144 320 ) (-3088 -144 496 ) (-3440 -144 496 ) (-3440 -144 256 ) (-3216 -144 256 ) 
5 291 292 (-3088 -336 320 ) (-3088 -336 496 ) (-3440 -336 496 ) (-3440 -336 256 ) (-3216 -336 256 ) 
4 293 298 (-3088 -1024 512 ) (-3456 -1024 512 ) (-3456 -1024 256 ) (-3088 -1024 256 ) 
4 293 296 (-3456 -1024 256 ) (-3456 -1024 512 ) (-3456 -640 512 ) (-3456 -640 256 ) 
4 293 294 (-3088 -1024 256 ) (-3456 -1024 256 ) (-3456 -640 256 ) (-3088 -640 256 ) 
4 294 298 (-3072 -1024 -384 ) (-3072 -1024 256 ) (-3456 -1024 256 ) (-3456 -1024 -384 ) 
4 294 296 (-3456 -640 -384 ) (-3456 -1024 -384 ) (-3456 -1024 256 ) (-3456 -640 256 ) 
4 295 296 (-3584 -640 1024 ) (-3584 -640 640 ) (-3456 -640 640 ) (-3456 -640 1024 ) 
4 296 298 (-3584 -1024 -384 ) (-3456 -1024 -384 ) (-3456 -1024 1024 ) (-3584 -1024 1024 ) 
4 297 298 (-3072 -1024 1024 ) (-3072 -1024 -384 ) (-3072 -1280 -384 ) (-3072 -1280 1024 ) 
