


materialPath: D:\Program Files (x86)\Steam\steamapps\common\Team Fortress 2\tf\materials
Loading D:\Documents\Mapping\tf2\TF2-Maps\Snoduct\x1\koth_snoduct_x1.vmf
ConVarRef mat_reduceparticles doesn't point to an existing ConVar
Patching WVT material: maps/koth_snoduct_x1/nature/blendgrasstosnow001_wvt_patch
Patching WVT material: maps/koth_snoduct_x1/nature/blendrockgroundwallsnow_wvt_patch
fixing up env_cubemap materials on brush sides...
0...1...2...3...4...5...6...7...8...9...100...1...2...3...4...5...6...7...8...9...10Processing areas...done (0)
Building Faces...done (0)
Chop Details...done (0)
Find Visible Detail Sides...
Merged 5792 detail faces...done (1)
Merging details...done (1)
FixTjuncs...
PruneNodes...
WriteBSP...
done (0)
writing D:\Documents\Mapping\tf2\TF2-Maps\Snoduct\x1\koth_snoduct_x1.prt...Building visibility clusters...
done (1)
*** Error: Skybox vtf files for skybox/sky_morningsnow_01 weren't compiled with the same size texture and/or same flags!
Can't load skybox file skybox/sky_morningsnow_01 to build the default cubemap!
*** Error: Skybox vtf files for skybox/sky_morningsnow_01 weren't compiled with the same size texture and/or same flags!
Can't load skybox file skybox/sky_morningsnow_01 to build the default cubemap!
Finding displacement neighbors...
Finding lightmap sample positions...
Displacement Alpha : 0...1...2...3...4...5...6...7...8...9...10
Building Physics collision data...
done (1) (1455104 bytes)
Placing detail props : 0...1...2...3...4...5...6...7...8...9...10
Compacting texture/material tables...
Reduced 7517 texinfos to 5212
Reduced 138 texdatas to 125 (4273 bytes to 3769)
Writing D:\Documents\Mapping\tf2\TF2-Maps\Snoduct\x1\koth_snoduct_x1.bsp
MSG_FILEWRITE - Filesystem was asked to write to 'D:\Documents\Mapping\tf2\TF2-Maps\Snoduct\x1\koth_snoduct_x1.bsp', but we don't own that location. Allowing.
Wrote ZIP buffer, estimated size 20485, actual size 15045
13 seconds elapsed



4 threads
reading d:\documents\mapping\tf2\tf2-maps\snoduct\x1\koth_snoduct_x1.bsp
reading d:\documents\mapping\tf2\tf2-maps\snoduct\x1\koth_snoduct_x1.prt
1501 portalclusters
4229 numportals
0...1...2...3...4...5...6...7...8...9...100...1...2...3...4...5...6...7...8...9...10Optimized: 5555 visible clusters (0.85%)
Total clusters visible: 655400
Average clusters visible: 436
Building PAS...
Average clusters audible: 1372
visdatasize:484552  compressed from 576384
writing d:\documents\mapping\tf2\tf2-maps\snoduct\x1\koth_snoduct_x1.bsp
MSG_FILEWRITE - Filesystem was asked to write to 'd:\documents\mapping\tf2\tf2-maps\snoduct\x1\koth_snoduct_x1.bsp', but we don't own that location. Allowing.
6 minutes, 24 seconds elapsed



[Reading texlights from 'lights.rad']
[56 texlights parsed from 'lights.rad']

Loading d:\documents\mapping\tf2\tf2-maps\snoduct\x1\koth_snoduct_x1.bsp
11430 faces
13 degenerate faces
1745006 square feet [251280928.00 square inches]
513 Displacements
432996 Square Feet [62351448.00 Square Inches]
11417 patches before subdivision
114211 patches after subdivision
112 direct lights
0...1...2...3...4...5...6...7...8...9...100...1...2...3...4...5...6...7...8...9...10transfers 8935266, max 881
transfer lists:  68.2 megs
0...1...2...3...4...5...6...7...8...9...10	Bounce #1 added RGB(485994, 319502, 302946)
0...1...2...3...4...5...6...7...8...9...10	Bounce #2 added RGB(57246, 32789, 26956)
0...1...2...3...4...5...6...7...8...9...10	Bounce #3 added RGB(10073, 5452, 4210)
0...1...2...3...4...5...6...7...8...9...10	Bounce #4 added RGB(1722, 854, 582)
0...1...2...3...4...5...6...7...8...9...10	Bounce #5 added RGB(393, 194, 126)
0...1...2...3...4...5...6...7...8...9...10	Bounce #6 added RGB(94, 47, 28)
0...1...2...3...4...5...6...7...8...9...10	Bounce #7 added RGB(30, 15, 9)
0...1...2...3...4...5...6...7...8...9...10	Bounce #8 added RGB(10, 5, 3)
0...1...2...3...4...5...6...7...8...9...10	Bounce #9 added RGB(4, 2, 1)
0...1...2...3...4...5...6...7...8...9...10	Bounce #10 added RGB(1, 1, 0)
0...1...2...3...4...5...6...7...8...9...10	Bounce #11 added RGB(1, 0, 0)
Build Patch/Sample Hash Table(s).....Done<0.0480 sec>
0...1...2...3...4...5...6...7...8...9...10FinalLightFace Done
4 of 16 (25% of) surface lights went in leaf ambient cubes.
0...1...2...3...4...5...6...7...8...9...10Writing leaf ambient...done
Ready to Finish

Object names       Objects/Maxobjs  Memory / Maxmem  Fullness 
------------       ---------------  ---------------  -------- 
models                  85/1024         4080/49152    ( 8.3%) 
brushes               3998/8192        47976/98304    (48.8%) 
brushsides           31613/65536      252904/524288   (48.2%) 
planes               17606/65536      352120/1310720  (26.9%) 
vertexes             28923/65536      347076/786432   (44.1%) 
nodes                 4110/65536      131520/2097152  ( 6.3%) 
texinfos              5212/12288      375264/884736   (42.4%) 
texdata                125/2048         4000/65536    ( 6.1%) 
dispinfos              513/0           90288/0        ( 0.0%) 
disp_verts           15177/0          303540/0        ( 0.0%) 
disp_tris            20448/0           40896/0        ( 0.0%) 
disp_lmsamples     1237572/0         1237572/0        ( 0.0%) 
faces                11430/65536      640080/3670016  (17.4%) 
hdr faces                0/65536           0/3670016  ( 0.0%) 
origfaces             9711/65536      543816/3670016  (14.8%) 
leaves                4196/65536      134272/2097152  ( 6.4%) 
leaffaces            15901/65536       31802/131072   (24.3%) 
leafbrushes          11460/65536       22920/131072   (17.5%) 
areas                    8/256            64/2048     ( 3.1%) 
surfedges           102499/512000     409996/2048000  (20.0%) 
edges                70888/256000     283552/1024000  (27.7%) 
LDR worldlights        112/8192         9856/720896   ( 1.4%) 
HDR worldlights          0/8192            0/720896   ( 0.0%) 
leafwaterdata            0/32768           0/393216   ( 0.0%) 
waterstrips           2728/32768       27280/327680   ( 8.3%) 
waterverts               0/65536           0/786432   ( 0.0%) 
waterindices         63771/65536      127542/131072   (97.3%) VERY FULL!
cubemapsamples          13/1024          208/16384    ( 1.3%) 
overlays                93/512         32736/180224   (18.2%) 
LDR lightdata         [variable]     8048836/0        ( 0.0%) 
HDR lightdata         [variable]           0/0        ( 0.0%) 
visdata               [variable]      484552/16777216 ( 2.9%) 
entdata               [variable]       71650/393216   (18.2%) 
LDR ambient table     4196/65536       16784/262144   ( 6.4%) 
HDR ambient table     4196/65536       16784/262144   ( 6.4%) 
LDR leaf ambient     20073/65536      562044/1835008  (30.6%) 
HDR leaf ambient      4196/65536      117488/1835008  ( 6.4%) 
occluders                8/0             320/0        ( 0.0%) 
occluder polygons       16/0             192/0        ( 0.0%) 
occluder vert ind       64/0             256/0        ( 0.0%) 
detail props          [variable]           1/12       ( 8.3%) 
static props          [variable]           1/92832    ( 0.0%) 
pakfile               [variable]       15045/0        ( 0.0%) 
physics               [variable]     1455104/4194304  (34.7%) 
physics terrain       [variable]       83009/1048576  ( 7.9%) 

Level flags = 0

Total triangle count: 40666
Writing d:\documents\mapping\tf2\tf2-maps\snoduct\x1\koth_snoduct_x1.bsp
2 minutes, 6 seconds elapsed



materialPath: D:\Program Files (x86)\Steam\steamapps\common\Team Fortress 2\tf\materials
Loading D:\Documents\Mapping\tf2\TF2-Maps\Snoduct\x1\koth_snoduct_x1.vmf
ConVarRef mat_reduceparticles doesn't point to an existing ConVar
Patching WVT material: maps/koth_snoduct_x1/nature/blendgrasstosnow001_wvt_patch
Patching WVT material: maps/koth_snoduct_x1/nature/blendrockgroundwallsnow_wvt_patch
fixing up env_cubemap materials on brush sides...
0...1...2...3...4...5...6...7...8...9...100...1...2...3...4...5...6...7...8...9...10Processing areas...done (0)
Building Faces...done (0)
Chop Details...done (1)
Find Visible Detail Sides...
Merged 5796 detail faces...done (4)
Merging details...done (0)
FixTjuncs...
PruneNodes...
WriteBSP...
done (1)
writing D:\Documents\Mapping\tf2\TF2-Maps\Snoduct\x1\koth_snoduct_x1.prt...Building visibility clusters...
done (0)
*** Error: Skybox vtf files for skybox/sky_trainyard_01 weren't compiled with the same size texture and/or same flags!
Can't load skybox file skybox/sky_trainyard_01 to build the default cubemap!
*** Error: Skybox vtf files for skybox/sky_trainyard_01 weren't compiled with the same size texture and/or same flags!
Can't load skybox file skybox/sky_trainyard_01 to build the default cubemap!
Finding displacement neighbors...
Finding lightmap sample positions...
Displacement Alpha : 0...1...2...3...4...5...6...7...8...9...10
Building Physics collision data...
done (2) (1455102 bytes)
Placing detail props : 0...1...2...3...4...5...6...7...8...9...10
Compacting texture/material tables...
Reduced 7076 texinfos to 5107
Reduced 135 texdatas to 123 (3703 bytes to 3219)
Writing D:\Documents\Mapping\tf2\TF2-Maps\Snoduct\x1\koth_snoduct_x1.bsp
MSG_FILEWRITE - Filesystem was asked to write to 'D:\Documents\Mapping\tf2\TF2-Maps\Snoduct\x1\koth_snoduct_x1.bsp', but we don't own that location. Allowing.
Wrote ZIP buffer, estimated size 14183, actual size 10485
16 seconds elapsed



4 threads
reading d:\documents\mapping\tf2\tf2-maps\snoduct\x1\koth_snoduct_x1.bsp
reading d:\documents\mapping\tf2\tf2-maps\snoduct\x1\koth_snoduct_x1.prt
1501 portalclusters
4229 numportals
0...1...2...3...4...5...6...7...8...9...100...1...2...3...4...5...6...7...8...9...10Optimized: 5555 visible clusters (0.85%)
Total clusters visible: 655400
Average clusters visible: 436
Building PAS...
Average clusters audible: 1372
visdatasize:484552  compressed from 576384
writing d:\documents\mapping\tf2\tf2-maps\snoduct\x1\koth_snoduct_x1.bsp
MSG_FILEWRITE - Filesystem was asked to write to 'd:\documents\mapping\tf2\tf2-maps\snoduct\x1\koth_snoduct_x1.bsp', but we don't own that location. Allowing.
5 minutes, 18 seconds elapsed



[Reading texlights from 'lights.rad']
[56 texlights parsed from 'lights.rad']

Loading d:\documents\mapping\tf2\tf2-maps\snoduct\x1\koth_snoduct_x1.bsp
11428 faces
13 degenerate faces
1745006 square feet [251280928.00 square inches]
513 Displacements
432996 Square Feet [62351448.00 Square Inches]
11415 patches before subdivision
114197 patches after subdivision
110 direct lights
0...1...2...3...4...5...6...7...8...9...100...1...2...3...4...5...6...7...8...9...10transfers 8934506, max 881
transfer lists:  68.2 megs
0...1...2...3...4...5...6...7...8...9...10	Bounce #1 added RGB(54933, 42279, 30331)
0...1...2...3...4...5...6...7...8...9...10	Bounce #2 added RGB(8589, 5292, 3231)
0...1...2...3...4...5...6...7...8...9...10	Bounce #3 added RGB(1533, 818, 454)
0...1...2...3...4...5...6...7...8...9...10	Bounce #4 added RGB(279, 132, 66)
0...1...2...3...4...5...6...7...8...9...10	Bounce #5 added RGB(57, 26, 12)
0...1...2...3...4...5...6...7...8...9...10	Bounce #6 added RGB(12, 6, 3)
0...1...2...3...4...5...6...7...8...9...10	Bounce #7 added RGB(3, 2, 1)
0...1...2...3...4...5...6...7...8...9...10	Bounce #8 added RGB(1, 0, 0)
Build Patch/Sample Hash Table(s).....Done<0.0658 sec>
0...1...2...3...4...5...6...7...8...9...10FinalLightFace Done
4 of 16 (25% of) surface lights went in leaf ambient cubes.
0...1...2...3...4...5...6...7...8...9...10Writing leaf ambient...done
Ready to Finish

Object names       Objects/Maxobjs  Memory / Maxmem  Fullness 
------------       ---------------  ---------------  -------- 
models                  85/1024         4080/49152    ( 8.3%) 
brushes               3998/8192        47976/98304    (48.8%) 
brushsides           31613/65536      252904/524288   (48.2%) 
planes               17606/65536      352120/1310720  (26.9%) 
vertexes             28921/65536      347052/786432   (44.1%) 
nodes                 4110/65536      131520/2097152  ( 6.3%) 
texinfos              5107/12288      367704/884736   (41.6%) 
texdata                123/2048         3936/65536    ( 6.0%) 
dispinfos              513/0           90288/0        ( 0.0%) 
disp_verts           15177/0          303540/0        ( 0.0%) 
disp_tris            20448/0           40896/0        ( 0.0%) 
disp_lmsamples     1237572/0         1237572/0        ( 0.0%) 
faces                11428/65536      639968/3670016  (17.4%) 
hdr faces                0/65536           0/3670016  ( 0.0%) 
origfaces             9709/65536      543704/3670016  (14.8%) 
leaves                4196/65536      134272/2097152  ( 6.4%) 
leaffaces            15901/65536       31802/131072   (24.3%) 
leafbrushes          11460/65536       22920/131072   (17.5%) 
areas                    8/256            64/2048     ( 3.1%) 
surfedges           102475/512000     409900/2048000  (20.0%) 
edges                70875/256000     283500/1024000  (27.7%) 
LDR worldlights        110/8192         9680/720896   ( 1.3%) 
HDR worldlights          0/8192            0/720896   ( 0.0%) 
leafwaterdata            0/32768           0/393216   ( 0.0%) 
waterstrips           2730/32768       27300/327680   ( 8.3%) 
waterverts               0/65536           0/786432   ( 0.0%) 
waterindices         63792/65536      127584/131072   (97.3%) VERY FULL!
cubemapsamples          13/1024          208/16384    ( 1.3%) 
overlays                93/512         32736/180224   (18.2%) 
LDR lightdata         [variable]     7839784/0        ( 0.0%) 
HDR lightdata         [variable]           0/0        ( 0.0%) 
visdata               [variable]      484552/16777216 ( 2.9%) 
entdata               [variable]       71361/393216   (18.1%) 
LDR ambient table     4196/65536       16784/262144   ( 6.4%) 
HDR ambient table     4196/65536       16784/262144   ( 6.4%) 
LDR leaf ambient     11768/65536      329504/1835008  (18.0%) 
HDR leaf ambient      4196/65536      117488/1835008  ( 6.4%) 
occluders                8/0             320/0        ( 0.0%) 
occluder polygons       16/0             192/0        ( 0.0%) 
occluder vert ind       64/0             256/0        ( 0.0%) 
detail props          [variable]           1/12       ( 8.3%) 
static props          [variable]           1/89624    ( 0.0%) 
pakfile               [variable]       10485/0        ( 0.0%) 
physics               [variable]     1455102/4194304  (34.7%) 
physics terrain       [variable]       83009/1048576  ( 7.9%) 

Level flags = 0

Total triangle count: 40654
Writing d:\documents\mapping\tf2\tf2-maps\snoduct\x1\koth_snoduct_x1.bsp
1 minute, 39 seconds elapsed



materialPath: D:\Program Files (x86)\Steam\steamapps\common\Team Fortress 2\tf\materials
Loading D:\Documents\Mapping\tf2\TF2-Maps\Snoduct\x1\koth_snoduct_x1.vmf
ConVarRef mat_reduceparticles doesn't point to an existing ConVar
Patching WVT material: maps/koth_snoduct_x1/nature/blendgrasstosnow001_wvt_patch
Patching WVT material: maps/koth_snoduct_x1/nature/blendrockgroundwallsnow_wvt_patch
fixing up env_cubemap materials on brush sides...
0...1...2...3...4...5...6...7...8...9...100...1...2...3...4...5...6...7...8...9...10Processing areas...done (0)
Building Faces...done (0)
Chop Details...done (2)
Find Visible Detail Sides...
Merged 5796 detail faces...done (5)
Merging details...done (0)
FixTjuncs...
PruneNodes...
WriteBSP...
done (1)
writing D:\Documents\Mapping\tf2\TF2-Maps\Snoduct\x1\koth_snoduct_x1.prt...Building visibility clusters...
done (0)
*** Error: Skybox vtf files for skybox/sky_trainyard_01 weren't compiled with the same size texture and/or same flags!
Can't load skybox file skybox/sky_trainyard_01 to build the default cubemap!
*** Error: Skybox vtf files for skybox/sky_trainyard_01 weren't compiled with the same size texture and/or same flags!
Can't load skybox file skybox/sky_trainyard_01 to build the default cubemap!
Finding displacement neighbors...
Finding lightmap sample positions...
Displacement Alpha : 0...1...2...3...4...5...6...7...8...9...10
Building Physics collision data...
done (1) (1455102 bytes)
Placing detail props : 0...1...2...3...4...5...6...7...8...9...10
Compacting texture/material tables...
Reduced 7076 texinfos to 5107
Reduced 135 texdatas to 123 (3703 bytes to 3219)
Writing D:\Documents\Mapping\tf2\TF2-Maps\Snoduct\x1\koth_snoduct_x1.bsp
MSG_FILEWRITE - Filesystem was asked to write to 'D:\Documents\Mapping\tf2\TF2-Maps\Snoduct\x1\koth_snoduct_x1.bsp', but we don't own that location. Allowing.
Wrote ZIP buffer, estimated size 14183, actual size 10485
18 seconds elapsed



4 threads
reading d:\documents\mapping\tf2\tf2-maps\snoduct\x1\koth_snoduct_x1.bsp
reading d:\documents\mapping\tf2\tf2-maps\snoduct\x1\koth_snoduct_x1.prt
1501 portalclusters
4229 numportals
0...1...2...3...4...5...6...7...8...9...100...1...2...3...4...5...6...7...8...9...10Optimized: 5555 visible clusters (0.85%)
Total clusters visible: 655400
Average clusters visible: 436
Building PAS...
Average clusters audible: 1372
visdatasize:484552  compressed from 576384
writing d:\documents\mapping\tf2\tf2-maps\snoduct\x1\koth_snoduct_x1.bsp
MSG_FILEWRITE - Filesystem was asked to write to 'd:\documents\mapping\tf2\tf2-maps\snoduct\x1\koth_snoduct_x1.bsp', but we don't own that location. Allowing.
6 minutes, 23 seconds elapsed



[Reading texlights from 'lights.rad']
[56 texlights parsed from 'lights.rad']

Loading d:\documents\mapping\tf2\tf2-maps\snoduct\x1\koth_snoduct_x1.bsp
11428 faces
13 degenerate faces
1745006 square feet [251280928.00 square inches]
513 Displacements
432996 Square Feet [62351448.00 Square Inches]
11415 patches before subdivision
114197 patches after subdivision
112 direct lights
0...1...2...3...4...5...6...7...8...9...100...1...2...3...4...5...6...7...8...9...10transfers 8934506, max 881
transfer lists:  68.2 megs
0...1...2...3...4...5...6...7...8...9...10	Bounce #1 added RGB(408504, 254263, 236752)
0...1...2...3...4...5...6...7...8...9...10	Bounce #2 added RGB(44042, 22958, 18053)
0...1...2...3...4...5...6...7...8...9...10	Bounce #3 added RGB(6678, 3168, 2336)
0...1...2...3...4...5...6...7...8...9...10	Bounce #4 added RGB(967, 391, 246)
0...1...2...3...4...5...6...7...8...9...10	Bounce #5 added RGB(175, 67, 39)
0...1...2...3...4...5...6...7...8...9...10	Bounce #6 added RGB(31, 11, 6)
0...1...2...3...4...5...6...7...8...9...10	Bounce #7 added RGB(7, 3, 1)
0...1...2...3...4...5...6...7...8...9...10	Bounce #8 added RGB(2, 1, 0)
0...1...2...3...4...5...6...7...8...9...10	Bounce #9 added RGB(0, 0, 0)
Build Patch/Sample Hash Table(s).....Done<0.0387 sec>
0...1...2...3...4...5...6...7...8...9...10FinalLightFace Done
4 of 16 (25% of) surface lights went in leaf ambient cubes.
0...1...2...3...4...5...6...7...8...9...10Writing leaf ambient...done
Ready to Finish

Object names       Objects/Maxobjs  Memory / Maxmem  Fullness 
------------       ---------------  ---------------  -------- 
models                  85/1024         4080/49152    ( 8.3%) 
brushes               3998/8192        47976/98304    (48.8%) 
brushsides           31613/65536      252904/524288   (48.2%) 
planes               17606/65536      352120/1310720  (26.9%) 
vertexes             28921/65536      347052/786432   (44.1%) 
nodes                 4110/65536      131520/2097152  ( 6.3%) 
texinfos              5107/12288      367704/884736   (41.6%) 
texdata                123/2048         3936/65536    ( 6.0%) 
dispinfos              513/0           90288/0        ( 0.0%) 
disp_verts           15177/0          303540/0        ( 0.0%) 
disp_tris            20448/0           40896/0        ( 0.0%) 
disp_lmsamples     1237572/0         1237572/0        ( 0.0%) 
faces                11428/65536      639968/3670016  (17.4%) 
hdr faces                0/65536           0/3670016  ( 0.0%) 
origfaces             9709/65536      543704/3670016  (14.8%) 
leaves                4196/65536      134272/2097152  ( 6.4%) 
leaffaces            15901/65536       31802/131072   (24.3%) 
leafbrushes          11460/65536       22920/131072   (17.5%) 
areas                    8/256            64/2048     ( 3.1%) 
surfedges           102475/512000     409900/2048000  (20.0%) 
edges                70875/256000     283500/1024000  (27.7%) 
LDR worldlights        112/8192         9856/720896   ( 1.4%) 
HDR worldlights          0/8192            0/720896   ( 0.0%) 
leafwaterdata            0/32768           0/393216   ( 0.0%) 
waterstrips           2730/32768       27300/327680   ( 8.3%) 
waterverts               0/65536           0/786432   ( 0.0%) 
waterindices         63792/65536      127584/131072   (97.3%) VERY FULL!
cubemapsamples          13/1024          208/16384    ( 1.3%) 
overlays                93/512         32736/180224   (18.2%) 
LDR lightdata         [variable]     7839784/0        ( 0.0%) 
HDR lightdata         [variable]           0/0        ( 0.0%) 
visdata               [variable]      484552/16777216 ( 2.9%) 
entdata               [variable]       71648/393216   (18.2%) 
LDR ambient table     4196/65536       16784/262144   ( 6.4%) 
HDR ambient table     4196/65536       16784/262144   ( 6.4%) 
LDR leaf ambient     20006/65536      560168/1835008  (30.5%) 
HDR leaf ambient      4196/65536      117488/1835008  ( 6.4%) 
occluders                8/0             320/0        ( 0.0%) 
occluder polygons       16/0             192/0        ( 0.0%) 
occluder vert ind       64/0             256/0        ( 0.0%) 
detail props          [variable]           1/12       ( 8.3%) 
static props          [variable]           1/89624    ( 0.0%) 
pakfile               [variable]       10485/0        ( 0.0%) 
physics               [variable]     1455102/4194304  (34.7%) 
physics terrain       [variable]       83009/1048576  ( 7.9%) 

Level flags = 0

Total triangle count: 40654
Writing d:\documents\mapping\tf2\tf2-maps\snoduct\x1\koth_snoduct_x1.bsp
1 minute, 53 seconds elapsed



materialPath: D:\Program Files (x86)\Steam\steamapps\common\Team Fortress 2\tf\materials
Loading D:\Documents\Mapping\tf2\TF2-Maps\Snoduct\x1\koth_snoduct_x1.vmf
ConVarRef mat_reduceparticles doesn't point to an existing ConVar
Patching WVT material: maps/koth_snoduct_x1/nature/blendgrasstosnow001_wvt_patch
Patching WVT material: maps/koth_snoduct_x1/nature/blendrockgroundwallsnow_wvt_patch
fixing up env_cubemap materials on brush sides...
0...1...2...3...4...5...6...7...8...9...100...1...2...3...4...5...6...7...8...9...10Processing areas...done (0)
Building Faces...done (0)
Chop Details...done (1)
Find Visible Detail Sides...
Merged 5796 detail faces...done (2)
Merging details...done (1)
FixTjuncs...
PruneNodes...
WriteBSP...
done (1)
writing D:\Documents\Mapping\tf2\TF2-Maps\Snoduct\x1\koth_snoduct_x1.prt...Building visibility clusters...
done (0)
*** Error: Skybox vtf files for skybox/sky_trainyard_01 weren't compiled with the same size texture and/or same flags!
Can't load skybox file skybox/sky_trainyard_01 to build the default cubemap!
*** Error: Skybox vtf files for skybox/sky_trainyard_01 weren't compiled with the same size texture and/or same flags!
Can't load skybox file skybox/sky_trainyard_01 to build the default cubemap!
Finding displacement neighbors...
Finding lightmap sample positions...
Displacement Alpha : 0...1...2...3...4...5...6...7...8...9...10
Building Physics collision data...
done (1) (1455102 bytes)
Placing detail props : 0...1...2...3...4...5...6...7...8...9...10
Compacting texture/material tables...
Reduced 7076 texinfos to 5107
Reduced 135 texdatas to 123 (3703 bytes to 3219)
Writing D:\Documents\Mapping\tf2\TF2-Maps\Snoduct\x1\koth_snoduct_x1.bsp
MSG_FILEWRITE - Filesystem was asked to write to 'D:\Documents\Mapping\tf2\TF2-Maps\Snoduct\x1\koth_snoduct_x1.bsp', but we don't own that location. Allowing.
Wrote ZIP buffer, estimated size 14183, actual size 10485
16 seconds elapsed



4 threads
reading d:\documents\mapping\tf2\tf2-maps\snoduct\x1\koth_snoduct_x1.bsp
reading d:\documents\mapping\tf2\tf2-maps\snoduct\x1\koth_snoduct_x1.prt
1501 portalclusters
4229 numportals
0...1...2...3...4...5...6...7...8...9...100...1...2...3...4...5...6...7...8...9...10Optimized: 5559 visible clusters (0.85%)
Total clusters visible: 655406
Average clusters visible: 436
Building PAS...
Average clusters audible: 1372
visdatasize:484552  compressed from 576384
writing d:\documents\mapping\tf2\tf2-maps\snoduct\x1\koth_snoduct_x1.bsp
MSG_FILEWRITE - Filesystem was asked to write to 'd:\documents\mapping\tf2\tf2-maps\snoduct\x1\koth_snoduct_x1.bsp', but we don't own that location. Allowing.
7 minutes, 34 seconds elapsed



[Reading texlights from 'lights.rad']
[56 texlights parsed from 'lights.rad']

Loading d:\documents\mapping\tf2\tf2-maps\snoduct\x1\koth_snoduct_x1.bsp
Loaded alpha texture materials\Models\props_gameplay\security_fence_alpha.vtf
Loaded alpha texture materials\models\props_foliage\pine_tree_large_snow.vtf
Loaded alpha texture materials\models\props_foliage\tree_pine01.vtf
Loaded alpha texture materials\models\props_foliage\tree_pine01_snow.vtf
11428 faces
13 degenerate faces
1745006 square feet [251280928.00 square inches]
513 Displacements
432996 Square Feet [62351448.00 Square Inches]
11415 patches before subdivision
114197 patches after subdivision
112 direct lights
0...1...2...3...4...5...6...7...8...9...100...1...2...3...4...5...6...7...8...9...10transfers 8873140, max 826
transfer lists:  67.7 megs
0...1...2...3...4...5...6...7...8...9...10	Bounce #1 added RGB(404068, 251200, 232662)
0...1...2...3...4...5...6...7...8...9...10	Bounce #2 added RGB(43541, 22664, 17666)
0...1...2...3...4...5...6...7...8...9...10	Bounce #3 added RGB(6584, 3115, 2272)
0...1...2...3...4...5...6...7...8...9...10	Bounce #4 added RGB(956, 386, 240)
0...1...2...3...4...5...6...7...8...9...10	Bounce #5 added RGB(173, 66, 39)
0...1...2...3...4...5...6...7...8...9...10	Bounce #6 added RGB(31, 11, 5)
0...1...2...3...4...5...6...7...8...9...10	Bounce #7 added RGB(7, 3, 1)
0...1...2...3...4...5...6...7...8...9...10	Bounce #8 added RGB(2, 1, 0)
0...1...2...3...4...5...6...7...8...9...10	Bounce #9 added RGB(0, 0, 0)
Build Patch/Sample Hash Table(s).....Done<0.1685 sec>
0...1...2...3...4...5...6...7...8...9...10FinalLightFace Done
4 of 16 (25% of) surface lights went in leaf ambient cubes.
0...1...2...3...4...5...6...7...8...9...10Writing leaf ambient...done
Computing static prop lighting : 00...1...2...3...4...5...6...7...8...9...10
Ready to Finish

Object names       Objects/Maxobjs  Memory / Maxmem  Fullness 
------------       ---------------  ---------------  -------- 
models                  85/1024         4080/49152    ( 8.3%) 
brushes               3998/8192        47976/98304    (48.8%) 
brushsides           31613/65536      252904/524288   (48.2%) 
planes               17606/65536      352120/1310720  (26.9%) 
vertexes             28921/65536      347052/786432   (44.1%) 
nodes                 4110/65536      131520/2097152  ( 6.3%) 
texinfos              5107/12288      367704/884736   (41.6%) 
texdata                123/2048         3936/65536    ( 6.0%) 
dispinfos              513/0           90288/0        ( 0.0%) 
disp_verts           15177/0          303540/0        ( 0.0%) 
disp_tris            20448/0           40896/0        ( 0.0%) 
disp_lmsamples     1237572/0         1237572/0        ( 0.0%) 
faces                11428/65536      639968/3670016  (17.4%) 
hdr faces                0/65536           0/3670016  ( 0.0%) 
origfaces             9709/65536      543704/3670016  (14.8%) 
leaves                4196/65536      134272/2097152  ( 6.4%) 
leaffaces            15901/65536       31802/131072   (24.3%) 
leafbrushes          11460/65536       22920/131072   (17.5%) 
areas                    8/256            64/2048     ( 3.1%) 
surfedges           102475/512000     409900/2048000  (20.0%) 
edges                70875/256000     283500/1024000  (27.7%) 
LDR worldlights        112/8192         9856/720896   ( 1.4%) 
HDR worldlights          0/8192            0/720896   ( 0.0%) 
leafwaterdata            0/32768           0/393216   ( 0.0%) 
waterstrips           2730/32768       27300/327680   ( 8.3%) 
waterverts               0/65536           0/786432   ( 0.0%) 
waterindices         63792/65536      127584/131072   (97.3%) VERY FULL!
cubemapsamples          13/1024          208/16384    ( 1.3%) 
overlays                93/512         32736/180224   (18.2%) 
LDR lightdata         [variable]     7839784/0        ( 0.0%) 
HDR lightdata         [variable]           0/0        ( 0.0%) 
visdata               [variable]      484552/16777216 ( 2.9%) 
entdata               [variable]       71648/393216   (18.2%) 
LDR ambient table     4196/65536       16784/262144   ( 6.4%) 
HDR ambient table     4196/65536       16784/262144   ( 6.4%) 
LDR leaf ambient     19976/65536      559328/1835008  (30.5%) 
HDR leaf ambient      4196/65536      117488/1835008  ( 6.4%) 
occluders                8/0             320/0        ( 0.0%) 
occluder polygons       16/0             192/0        ( 0.0%) 
occluder vert ind       64/0             256/0        ( 0.0%) 
detail props          [variable]           1/12       ( 8.3%) 
static props          [variable]           1/89624    ( 0.0%) 
pakfile               [variable]     4002939/0        ( 0.0%) 
physics               [variable]     1455102/4194304  (34.7%) 
physics terrain       [variable]       83009/1048576  ( 7.9%) 

Level flags = 1

Total triangle count: 40654
Writing d:\documents\mapping\tf2\tf2-maps\snoduct\x1\koth_snoduct_x1.bsp
16 minutes, 59 seconds elapsed



[Reading texlights from 'lights.rad']
[56 texlights parsed from 'lights.rad']

Loading d:\documents\mapping\tf2\tf2-maps\snoduct\x1\koth_snoduct_x1.bsp
Loaded alpha texture materials\Models\props_gameplay\security_fence_alpha.vtf
Loaded alpha texture materials\models\props_foliage\pine_tree_large_snow.vtf
Loaded alpha texture materials\models\props_foliage\tree_pine01.vtf
Loaded alpha texture materials\models\props_foliage\tree_pine01_snow.vtf
11428 faces
13 degenerate faces
1745006 square feet [251280928.00 square inches]
513 Displacements
432996 Square Feet [62351448.00 Square Inches]
11415 patches before subdivision
114197 patches after subdivision
112 direct lights
0...1...2...3...4...5...6...7...8...9...100...1...2...3...4...5...6...7...8...9...10transfers 8873140, max 826
transfer lists:  67.7 megs
0...1...2...3...4...5...6...7...8...9...10	Bounce #1 added RGB(395894, 245372, 229040)
0...1...2...3...4...5...6...7...8...9...10	Bounce #2 added RGB(42161, 21843, 17227)
0...1...2...3...4...5...6...7...8...9...10	Bounce #3 added RGB(6320, 2970, 2199)
0...1...2...3...4...5...6...7...8...9...10	Bounce #4 added RGB(900, 356, 225)
0...1...2...3...4...5...6...7...8...9...10	Bounce #5 added RGB(160, 59, 35)
0...1...2...3...4...5...6...7...8...9...10	Bounce #6 added RGB(27, 9, 4)
0...1...2...3...4...5...6...7...8...9...10	Bounce #7 added RGB(6, 2, 1)
0...1...2...3...4...5...6...7...8...9...10	Bounce #8 added RGB(1, 0, 0)
0...1...2...3...4...5...6...7...8...9...10	Bounce #9 added RGB(0, 0, 0)
Build Patch/Sample Hash Table(s).....Done<0.0427 sec>
0...1...2...3...4...5...6...7...8...9...10FinalLightFace Done
4 of 16 (25% of) surface lights went in leaf ambient cubes.
0...1...2...3...4...5...6...7...8...9...10Writing leaf ambient...done
Computing static prop lighting : 00...1...2...3...4...5...6...7...8...9...10
Ready to Finish

Object names       Objects/Maxobjs  Memory / Maxmem  Fullness 
------------       ---------------  ---------------  -------- 
models                  85/1024         4080/49152    ( 8.3%) 
brushes               3998/8192        47976/98304    (48.8%) 
brushsides           31613/65536      252904/524288   (48.2%) 
planes               17606/65536      352120/1310720  (26.9%) 
vertexes             28921/65536      347052/786432   (44.1%) 
nodes                 4110/65536      131520/2097152  ( 6.3%) 
texinfos              5107/12288      367704/884736   (41.6%) 
texdata                123/2048         3936/65536    ( 6.0%) 
dispinfos              513/0           90288/0        ( 0.0%) 
disp_verts           15177/0          303540/0        ( 0.0%) 
disp_tris            20448/0           40896/0        ( 0.0%) 
disp_lmsamples     1237572/0         1237572/0        ( 0.0%) 
faces                11428/65536      639968/3670016  (17.4%) 
hdr faces            11428/65536      639968/3670016  (17.4%) 
origfaces             9709/65536      543704/3670016  (14.8%) 
leaves                4196/65536      134272/2097152  ( 6.4%) 
leaffaces            15901/65536       31802/131072   (24.3%) 
leafbrushes          11460/65536       22920/131072   (17.5%) 
areas                    8/256            64/2048     ( 3.1%) 
surfedges           102475/512000     409900/2048000  (20.0%) 
edges                70875/256000     283500/1024000  (27.7%) 
LDR worldlights        112/8192         9856/720896   ( 1.4%) 
HDR worldlights        112/8192         9856/720896   ( 1.4%) 
leafwaterdata            0/32768           0/393216   ( 0.0%) 
waterstrips           2730/32768       27300/327680   ( 8.3%) 
waterverts               0/65536           0/786432   ( 0.0%) 
waterindices         63792/65536      127584/131072   (97.3%) VERY FULL!
cubemapsamples          13/1024          208/16384    ( 1.3%) 
overlays                93/512         32736/180224   (18.2%) 
LDR lightdata         [variable]     7839784/0        ( 0.0%) 
HDR lightdata         [variable]     7839784/0        ( 0.0%) 
visdata               [variable]      484552/16777216 ( 2.9%) 
entdata               [variable]       71648/393216   (18.2%) 
LDR ambient table     4196/65536       16784/262144   ( 6.4%) 
HDR ambient table     4196/65536       16784/262144   ( 6.4%) 
LDR leaf ambient     19976/65536      559328/1835008  (30.5%) 
HDR leaf ambient     19980/65536      559440/1835008  (30.5%) 
occluders                8/0             320/0        ( 0.0%) 
occluder polygons       16/0             192/0        ( 0.0%) 
occluder vert ind       64/0             256/0        ( 0.0%) 
detail props          [variable]           1/12       ( 8.3%) 
static props          [variable]           1/89624    ( 0.0%) 
pakfile               [variable]     8002057/0        ( 0.0%) 
physics               [variable]     1455102/4194304  (34.7%) 
physics terrain       [variable]       83009/1048576  ( 7.9%) 

Level flags = 3

Total triangle count: 40654
Writing d:\documents\mapping\tf2\tf2-maps\snoduct\x1\koth_snoduct_x1.bsp
8 minutes, 20 seconds elapsed
