


materialPath: D:\Program Files (x86)\Steam\steamapps\common\Team Fortress 2\tf\materials
Loading D:\Documents\Mapping\tf2\TF2-Maps\Fright\a1\cp_fright_a1.vmf
ConVarRef mat_reduceparticles doesn't point to an existing ConVar
Patching WVT material: maps/cp_fright_a1/nature/blendconcretetograss002_wvt_patch
Patching WVT material: maps/cp_fright_a1/nature/blendgroundtogravel006_wvt_patch
Patching WVT material: maps/cp_fright_a1/nature/blendgroundtograss008_wvt_patch
Patching WVT material: maps/cp_fright_a1/cp_sunshine/nature/blendrocktograss001_wvt_patch
fixing up env_cubemap materials on brush sides...
0...1...2...3...4...5...6...7...8...9...100...1...2...3...4...5...6...7...8...9...10Processing areas...done (0)
Building Faces...done (0)
Chop Details...done (1)
Find Visible Detail Sides...
Merged 2436 detail faces...done (2)
Merging details...done (0)
FixTjuncs...
PruneNodes...
WriteBSP...
done (2)
writing D:\Documents\Mapping\tf2\TF2-Maps\Fright\a1\cp_fright_a1.prt...Building visibility clusters...
done (1)
*** Error: Skybox vtf files for skybox/sky_harvest_night_01 weren't compiled with the same size texture and/or same flags!
Can't load skybox file skybox/sky_harvest_night_01 to build the default cubemap!
*** Error: Skybox vtf files for skybox/sky_harvest_night_01 weren't compiled with the same size texture and/or same flags!
Can't load skybox file skybox/sky_harvest_night_01 to build the default cubemap!
Finding displacement neighbors...
Finding lightmap sample positions...
Displacement Alpha : 0...1...2...3...4...5...6...7...8...9...10
Building Physics collision data...
done (1) (2786617 bytes)
Placing detail props : 0...1...2...3...4...5...6...7...8...9.Material NATURE/BLENDCONCRETETOGRASS002 uses unknown detail object type tf_forest_grass!
Material NATURE/BLENDCONCRETETOGRASS002 uses unknown detail object type tf_forest_grass!
Material NATURE/BLENDCONCRETETOGRASS002 uses unknown detail object type tf_forest_grass!
Material NATURE/BLENDCONCRETETOGRASS002 uses unknown detail object type tf_forest_grass!
Material NATURE/BLENDGROUNDTOGRASS008 uses unknown detail object type tf_forest_grass!
Material NATURE/BLENDCONCRETETOGRASS002 uses unknown detail object type tf_forest_grass!
Material NATURE/BLENDCONCRETETOGRASS002 uses unknown detail object type tf_forest_grass!
Material NATURE/BLENDCONCRETETOGRASS002 uses unknown detail object type tf_forest_grass!
Material NATURE/BLENDCONCRETETOGRASS002 uses unknown detail object type tf_forest_grass!
Material NATURE/BLENDGROUNDTOGRASS008 uses unknown detail object type tf_forest_grass!
Material NATURE/BLENDGROUNDTOGRASS008 uses unknown detail object type tf_forest_grass!
Material NATURE/BLENDCONCRETETOGRASS002 uses unknown detail object type tf_forest_grass!
Material NATURE/BLENDCONCRETETOGRASS002 uses unknown detail object type tf_forest_grass!
Material NATURE/BLENDCONCRETETOGRASS002 uses unknown detail object type tf_forest_grass!
Material NATURE/BLENDCONCRETETOGRASS002 uses unknown detail object type tf_forest_grass!
Material NATURE/BLENDGROUNDTOGRASS008 uses unknown detail object type tf_forest_grass!
Material NATURE/BLENDCONCRETETOGRASS002 uses unknown detail object type tf_forest_grass!
Material NATURE/BLENDCONCRETETOGRASS002 uses unknown detail object type tf_forest_grass!
Material NATURE/BLENDCONCRETETOGRASS002 uses unknown detail object type tf_forest_grass!
Material NATURE/BLENDGROUNDTOGRASS008 uses unknown detail object type tf_forest_grass!
Material NATURE/BLENDCONCRETETOGRASS002 uses unknown detail object type tf_forest_grass!
Material NATURE/BLENDGROUNDTOGRASS008 uses unknown detail object type tf_forest_grass!
Material NATURE/BLENDGROUNDTOGRASS008 uses unknown detail object type tf_forest_grass!
Material NATURE/BLENDGROUNDTOGRASS008 uses unknown detail object type tf_forest_grass!
Material NATURE/BLENDGROUNDTOGRASS008 uses unknown detail object type tf_forest_grass!
Material NATURE/BLENDGROUNDTOGRASS008 uses unknown detail object type tf_forest_grass!
Material NATURE/BLENDGROUNDTOGRASS008 uses unknown detail object type tf_forest_grass!
Material NATURE/BLENDGROUNDTOGRASS008 uses unknown detail object type tf_forest_grass!
Material NATURE/BLENDGROUNDTOGRASS008 uses unknown detail object type tf_forest_grass!
Material NATURE/BLENDGROUNDTOGRASS008 uses unknown detail object type tf_forest_grass!
Material NATURE/BLENDGROUNDTOGRASS008 uses unknown detail object type tf_forest_grass!
Material NATURE/BLENDGROUNDTOGRASS008 uses unknown detail object type tf_forest_grass!
Material NATURE/BLENDGROUNDTOGRASS008 uses unknown detail object type tf_forest_grass!
Material NATURE/BLENDGROUNDTOGRASS008 uses unknown detail object type tf_forest_grass!
Material NATURE/BLENDGROUNDTOGRASS008 uses unknown detail object type tf_forest_grass!
Material NATURE/BLENDGROUNDTOGRASS008 uses unknown detail object type tf_forest_grass!
Material NATURE/BLENDGROUNDTOGRASS008 uses unknown detail object type tf_forest_grass!
Material NATURE/BLENDGROUNDTOGRASS008 uses unknown detail object type tf_forest_grass!
Material NATURE/BLENDGROUNDTOGRASS008 uses unknown detail object type tf_forest_grass!
Material NATURE/BLENDGROUNDTOGRASS008 uses unknown detail object type tf_forest_grass!
Material NATURE/BLENDGROUNDTOGRASS008 uses unknown detail object type tf_forest_grass!
Material NATURE/BLENDGROUNDTOGRASS008 uses unknown detail object type tf_forest_grass!
Material NATURE/BLENDGROUNDTOGRASS008 uses unknown detail object type tf_forest_grass!
Material NATURE/BLENDGROUNDTOGRASS008 uses unknown detail object type tf_forest_grass!
Material NATURE/BLENDGROUNDTOGRASS008 uses unknown detail object type tf_forest_grass!
Material NATURE/BLENDGROUNDTOGRASS008 uses unknown detail object type tf_forest_grass!
Material NATURE/BLENDGROUNDTOGRASS008 uses unknown detail object type tf_forest_grass!
Material NATURE/BLENDGROUNDTOGRASS008 uses unknown detail object type tf_forest_grass!
Material NATURE/BLENDGROUNDTOGRASS008 uses unknown detail object type tf_forest_grass!
Material NATURE/BLENDGROUNDTOGRASS008 uses unknown detail object type tf_forest_grass!
Material NATURE/BLENDGROUNDTOGRASS008 uses unknown detail object type tf_forest_grass!
Material NATURE/BLENDGROUNDTOGRASS008 uses unknown detail object type tf_forest_grass!
Material NATURE/BLENDGROUNDTOGRASS008 uses unknown detail object type tf_forest_grass!
Material NATURE/BLENDGROUNDTOGRASS008 uses unknown detail object type tf_forest_grass!
Material NATURE/BLENDGROUNDTOGRASS008 uses unknown detail object type tf_forest_grass!
Material NATURE/BLENDGROUNDTOGRASS008 uses unknown detail object type tf_forest_grass!
Material NATURE/BLENDGROUNDTOGRASS008 uses unknown detail object type tf_forest_grass!
Material NATURE/BLENDGROUNDTOGRASS008 uses unknown detail object type tf_forest_grass!
Material NATURE/BLENDGROUNDTOGRASS008 uses unknown detail object type tf_forest_grass!
Material NATURE/BLENDGROUNDTOGRASS008 uses unknown detail object type tf_forest_grass!
Material NATURE/BLENDGROUNDTOGRASS008 uses unknown detail object type tf_forest_grass!
Material NATURE/BLENDGROUNDTOGRASS008 uses unknown detail object type tf_forest_grass!
Material NATURE/BLENDGROUNDTOGRASS008 uses unknown detail object type tf_forest_grass!
Material NATURE/BLENDGROUNDTOGRASS008 uses unknown detail object type tf_forest_grass!
Material NATURE/BLENDGROUNDTOGRASS008 uses unknown detail object type tf_forest_grass!
Material NATURE/BLENDGROUNDTOGRASS008 uses unknown detail object type tf_forest_grass!
Material NATURE/BLENDGROUNDTOGRASS008 uses unknown detail object type tf_forest_grass!
Material NATURE/BLENDGROUNDTOGRASS008 uses unknown detail object type tf_forest_grass!
Material NATURE/BLENDGROUNDTOGRASS008 uses unknown detail object type tf_forest_grass!
Material NATURE/BLENDGROUNDTOGRASS008 uses unknown detail object type tf_forest_grass!
Material NATURE/BLENDGROUNDTOGRASS008 uses unknown detail object type tf_forest_grass!
Material NATURE/BLENDGROUNDTOGRASS008 uses unknown detail object type tf_forest_grass!
Material NATURE/BLENDGROUNDTOGRASS008 uses unknown detail object type tf_forest_grass!
Material NATURE/BLENDGROUNDTOGRASS008 uses unknown detail object type tf_forest_grass!
Material NATURE/BLENDGROUNDTOGRASS008 uses unknown detail object type tf_forest_grass!
Material NATURE/BLENDGROUNDTOGRASS008 uses unknown detail object type tf_forest_grass!
Material NATURE/BLENDGROUNDTOGRASS008 uses unknown detail object type tf_forest_grass!
Material NATURE/BLENDGROUNDTOGRASS008 uses unknown detail object type tf_forest_grass!
Material NATURE/BLENDGROUNDTOGRASS008 uses unknown detail object type tf_forest_grass!
Material NATURE/BLENDGROUNDTOGRASS008 uses unknown detail object type tf_forest_grass!
Material NATURE/BLENDGROUNDTOGRASS008 uses unknown detail object type tf_forest_grass!
Material NATURE/BLENDGROUNDTOGRASS008 uses unknown detail object type tf_forest_grass!
.Material NATURE/BLENDGROUNDTOGRASS008 uses unknown detail object type tf_forest_grass!
Material NATURE/BLENDGROUNDTOGRASS008 uses unknown detail object type tf_forest_grass!
Material NATURE/BLENDGROUNDTOGRASS008 uses unknown detail object type tf_forest_grass!
Material NATURE/BLENDGROUNDTOGRASS008 uses unknown detail object type tf_forest_grass!
Material NATURE/BLENDGROUNDTOGRASS008 uses unknown detail object type tf_forest_grass!
Material NATURE/BLENDGROUNDTOGRASS008 uses unknown detail object type tf_forest_grass!
Material NATURE/BLENDGROUNDTOGRASS008 uses unknown detail object type tf_forest_grass!
Material NATURE/BLENDGROUNDTOGRASS008 uses unknown detail object type tf_forest_grass!
Material NATURE/BLENDGROUNDTOGRASS008 uses unknown detail object type tf_forest_grass!
Material NATURE/BLENDGROUNDTOGRASS008 uses unknown detail object type tf_forest_grass!
Material NATURE/BLENDGROUNDTOGRASS008 uses unknown detail object type tf_forest_grass!
Material NATURE/BLENDGROUNDTOGRASS008 uses unknown detail object type tf_forest_grass!
Material NATURE/BLENDGROUNDTOGRASS008 uses unknown detail object type tf_forest_grass!
Material NATURE/BLENDGROUNDTOGRASS008 uses unknown detail object type tf_forest_grass!
Material NATURE/BLENDGROUNDTOGRASS008 uses unknown detail object type tf_forest_grass!
Material NATURE/BLENDGROUNDTOGRASS008 uses unknown detail object type tf_forest_grass!
Material NATURE/BLENDGROUNDTOGRASS008 uses unknown detail object type tf_forest_grass!
Material NATURE/BLENDGROUNDTOGRASS008 uses unknown detail object type tf_forest_grass!
Material NATURE/BLENDGROUNDTOGRASS008 uses unknown detail object type tf_forest_grass!
Material NATURE/BLENDGROUNDTOGRASS008 uses unknown detail object type tf_forest_grass!
Material NATURE/BLENDGROUNDTOGRASS008 uses unknown detail object type tf_forest_grass!
Material NATURE/BLENDGROUNDTOGRASS008 uses unknown detail object type tf_forest_grass!
Material NATURE/BLENDCONCRETETOGRASS002 uses unknown detail object type tf_forest_grass!
Material NATURE/BLENDCONCRETETOGRASS002 uses unknown detail object type tf_forest_grass!
Material NATURE/BLENDCONCRETETOGRASS002 uses unknown detail object type tf_forest_grass!
Material NATURE/BLENDCONCRETETOGRASS002 uses unknown detail object type tf_forest_grass!
Material NATURE/BLENDGROUNDTOGRASS008 uses unknown detail object type tf_forest_grass!
Material NATURE/BLENDGROUNDTOGRASS008 uses unknown detail object type tf_forest_grass!
Material NATURE/BLENDGROUNDTOGRASS008 uses unknown detail object type tf_forest_grass!
Material NATURE/BLENDCONCRETETOGRASS002 uses unknown detail object type tf_forest_grass!
Material NATURE/BLENDGROUNDTOGRASS008 uses unknown detail object type tf_forest_grass!
Material NATURE/BLENDGROUNDTOGRASS008 uses unknown detail object type tf_forest_grass!
Material NATURE/BLENDGROUNDTOGRASS008 uses unknown detail object type tf_forest_grass!
Material NATURE/BLENDGROUNDTOGRASS008 uses unknown detail object type tf_forest_grass!
Material NATURE/BLENDGROUNDTOGRASS008 uses unknown detail object type tf_forest_grass!
Material NATURE/BLENDGROUNDTOGRASS008 uses unknown detail object type tf_forest_grass!
Material NATURE/BLENDGROUNDTOGRASS008 uses unknown detail object type tf_forest_grass!
Material NATURE/BLENDGROUNDTOGRASS008 uses unknown detail object type tf_forest_grass!
Material NATURE/BLENDGROUNDTOGRASS008 uses unknown detail object type tf_forest_grass!
Material NATURE/BLENDGROUNDTOGRASS008 uses unknown detail object type tf_forest_grass!
Material NATURE/BLENDGROUNDTOGRASS008 uses unknown detail object type tf_forest_grass!
Material NATURE/BLENDGROUNDTOGRASS008 uses unknown detail object type tf_forest_grass!
Material NATURE/BLENDGROUNDTOGRASS008 uses unknown detail object type tf_forest_grass!
Material NATURE/BLENDGROUNDTOGRASS008 uses unknown detail object type tf_forest_grass!
Material NATURE/BLENDGROUNDTOGRASS008 uses unknown detail object type tf_forest_grass!
Material NATURE/BLENDGROUNDTOGRASS008 uses unknown detail object type tf_forest_grass!
Material NATURE/BLENDGROUNDTOGRASS008 uses unknown detail object type tf_forest_grass!
Material NATURE/BLENDGROUNDTOGRASS008 uses unknown detail object type tf_forest_grass!
Material NATURE/BLENDCONCRETETOGRASS002 uses unknown detail object type tf_forest_grass!
Material NATURE/BLENDGROUNDTOGRASS008 uses unknown detail object type tf_forest_grass!
Material NATURE/BLENDGROUNDTOGRASS008 uses unknown detail object type tf_forest_grass!
Material NATURE/BLENDGROUNDTOGRASS008 uses unknown detail object type tf_forest_grass!
Material NATURE/BLENDCONCRETETOGRASS002 uses unknown detail object type tf_forest_grass!
Material NATURE/BLENDGROUNDTOGRASS008 uses unknown detail object type tf_forest_grass!
Material NATURE/BLENDGROUNDTOGRASS008 uses unknown detail object type tf_forest_grass!
Material NATURE/BLENDGROUNDTOGRASS008 uses unknown detail object type tf_forest_grass!
Material NATURE/BLENDGROUNDTOGRASS008 uses unknown detail object type tf_forest_grass!
Material NATURE/BLENDGROUNDTOGRASS008 uses unknown detail object type tf_forest_grass!
Material NATURE/BLENDGROUNDTOGRASS008 uses unknown detail object type tf_forest_grass!
Material NATURE/BLENDGROUNDTOGRASS008 uses unknown detail object type tf_forest_grass!
Material NATURE/BLENDGROUNDTOGRASS008 uses unknown detail object type tf_forest_grass!
Material NATURE/BLENDGROUNDTOGRASS008 uses unknown detail object type tf_forest_grass!
Material NATURE/BLENDGROUNDTOGRASS008 uses unknown detail object type tf_forest_grass!
Material NATURE/BLENDCONCRETETOGRASS002 uses unknown detail object type tf_forest_grass!
Material NATURE/BLENDGROUNDTOGRASS008 uses unknown detail object type tf_forest_grass!
Material NATURE/BLENDCONCRETETOGRASS002 uses unknown detail object type tf_forest_grass!
Material NATURE/BLENDGROUNDTOGRASS008 uses unknown detail object type tf_forest_grass!
Material NATURE/BLENDGROUNDTOGRASS008 uses unknown detail object type tf_forest_grass!
Material NATURE/BLENDGROUNDTOGRASS008 uses unknown detail object type tf_forest_grass!
Material NATURE/BLENDGROUNDTOGRASS008 uses unknown detail object type tf_forest_grass!
Material NATURE/BLENDGROUNDTOGRASS008 uses unknown detail object type tf_forest_grass!
Material NATURE/BLENDGROUNDTOGRASS008 uses unknown detail object type tf_forest_grass!
Material NATURE/BLENDGROUNDTOGRASS008 uses unknown detail object type tf_forest_grass!
Material NATURE/BLENDGROUNDTOGRASS008 uses unknown detail object type tf_forest_grass!
Material NATURE/BLENDGROUNDTOGRASS008 uses unknown detail object type tf_forest_grass!
Material NATURE/BLENDGROUNDTOGRASS008 uses unknown detail object type tf_forest_grass!
Material NATURE/BLENDGROUNDTOGRASS008 uses unknown detail object type tf_forest_grass!
Material NATURE/BLENDGROUNDTOGRASS008 uses unknown detail object type tf_forest_grass!
Material NATURE/BLENDGROUNDTOGRASS008 uses unknown detail object type tf_forest_grass!
Material NATURE/BLENDGROUNDTOGRASS008 uses unknown detail object type tf_forest_grass!
Material NATURE/BLENDGROUNDTOGRASS008 uses unknown detail object type tf_forest_grass!
Material NATURE/BLENDGROUNDTOGRASS008 uses unknown detail object type tf_forest_grass!
Material NATURE/BLENDGROUNDTOGRASS008 uses unknown detail object type tf_forest_grass!
Material NATURE/BLENDGROUNDTOGRASS008 uses unknown detail object type tf_forest_grass!
Material NATURE/BLENDGROUNDTOGRASS008 uses unknown detail object type tf_forest_grass!
Material NATURE/BLENDGROUNDTOGRASS008 uses unknown detail object type tf_forest_grass!
Material NATURE/BLENDGROUNDTOGRASS008 uses unknown detail object type tf_forest_grass!
Material NATURE/BLENDGROUNDTOGRASS008 uses unknown detail object type tf_forest_grass!
Material NATURE/BLENDGROUNDTOGRASS008 uses unknown detail object type tf_forest_grass!
Material NATURE/BLENDGROUNDTOGRASS008 uses unknown detail object type tf_forest_grass!
Material NATURE/BLENDGROUNDTOGRASS008 uses unknown detail object type tf_forest_grass!
Material NATURE/BLENDGROUNDTOGRASS008 uses unknown detail object type tf_forest_grass!
Material NATURE/BLENDGROUNDTOGRASS008 uses unknown detail object type tf_forest_grass!
Material NATURE/BLENDGROUNDTOGRASS008 uses unknown detail object type tf_forest_grass!
Material NATURE/BLENDGROUNDTOGRASS008 uses unknown detail object type tf_forest_grass!
Material NATURE/BLENDGROUNDTOGRASS008 uses unknown detail object type tf_forest_grass!
Material NATURE/BLENDGROUNDTOGRASS008 uses unknown detail object type tf_forest_grass!
Material NATURE/BLENDGROUNDTOGRASS008 uses unknown detail object type tf_forest_grass!
Material NATURE/BLENDGROUNDTOGRASS008 uses unknown detail object type tf_forest_grass!
Material NATURE/BLENDGROUNDTOGRASS008 uses unknown detail object type tf_forest_grass!
Material NATURE/BLENDGROUNDTOGRASS008 uses unknown detail object type tf_forest_grass!
Material NATURE/BLENDGROUNDTOGRASS008 uses unknown detail object type tf_forest_grass!
Material NATURE/BLENDGROUNDTOGRASS008 uses unknown detail object type tf_forest_grass!
Material NATURE/BLENDGROUNDTOGRASS008 uses unknown detail object type tf_forest_grass!
Material NATURE/BLENDGROUNDTOGRASS008 uses unknown detail object type tf_forest_grass!
Material NATURE/BLENDGROUNDTOGRASS008 uses unknown detail object type tf_forest_grass!
Material NATURE/BLENDGROUNDTOGRASS008 uses unknown detail object type tf_forest_grass!
Material NATURE/BLENDGROUNDTOGRASS008 uses unknown detail object type tf_forest_grass!
Material NATURE/BLENDGROUNDTOGRASS008 uses unknown detail object type tf_forest_grass!
Material NATURE/BLENDGROUNDTOGRASS008 uses unknown detail object type tf_forest_grass!
Material NATURE/BLENDGROUNDTOGRASS008 uses unknown detail object type tf_forest_grass!
Material NATURE/BLENDGROUNDTOGRASS008 uses unknown detail object type tf_forest_grass!
Material NATURE/BLENDGROUNDTOGRASS008 uses unknown detail object type tf_forest_grass!
Material NATURE/BLENDGROUNDTOGRASS008 uses unknown detail object type tf_forest_grass!
Material NATURE/BLENDGROUNDTOGRASS008 uses unknown detail object type tf_forest_grass!
Material NATURE/BLENDGROUNDTOGRASS008 uses unknown detail object type tf_forest_grass!
Material NATURE/BLENDGROUNDTOGRASS008 uses unknown detail object type tf_forest_grass!
Material NATURE/BLENDGROUNDTOGRASS008 uses unknown detail object type tf_forest_grass!
Material NATURE/BLENDGROUNDTOGRASS008 uses unknown detail object type tf_forest_grass!
Material NATURE/BLENDGROUNDTOGRASS008 uses unknown detail object type tf_forest_grass!
Material NATURE/BLENDGROUNDTOGRASS008 uses unknown detail object type tf_forest_grass!
Material NATURE/BLENDGROUNDTOGRASS008 uses unknown detail object type tf_forest_grass!
Material NATURE/BLENDGROUNDTOGRASS008 uses unknown detail object type tf_forest_grass!
Material NATURE/BLENDGROUNDTOGRASS008 uses unknown detail object type tf_forest_grass!
Material NATURE/BLENDGROUNDTOGRASS008 uses unknown detail object type tf_forest_grass!
Material NATURE/BLENDGROUNDTOGRASS008 uses unknown detail object type tf_forest_grass!
Material NATURE/BLENDGROUNDTOGRASS008 uses unknown detail object type tf_forest_grass!
Material NATURE/BLENDGROUNDTOGRASS008 uses unknown detail object type tf_forest_grass!
Material NATURE/BLENDGROUNDTOGRASS008 uses unknown detail object type tf_forest_grass!
Material NATURE/BLENDGROUNDTOGRASS008 uses unknown detail object type tf_forest_grass!
Material NATURE/BLENDGROUNDTOGRASS008 uses unknown detail object type tf_forest_grass!
Material NATURE/BLENDGROUNDTOGRASS008 uses unknown detail object type tf_forest_grass!
Material NATURE/BLENDGROUNDTOGRASS008 uses unknown detail object type tf_forest_grass!
Material NATURE/BLENDGROUNDTOGRASS008 uses unknown detail object type tf_forest_grass!
Material NATURE/BLENDGROUNDTOGRASS008 uses unknown detail object type tf_forest_grass!
Material NATURE/BLENDGROUNDTOGRASS008 uses unknown detail object type tf_forest_grass!
Material NATURE/BLENDGROUNDTOGRASS008 uses unknown detail object type tf_forest_grass!
Material NATURE/BLENDGROUNDTOGRASS008 uses unknown detail object type tf_forest_grass!
Material NATURE/BLENDGROUNDTOGRASS008 uses unknown detail object type tf_forest_grass!
Material NATURE/BLENDGROUNDTOGRASS008 uses unknown detail object type tf_forest_grass!
Material NATURE/BLENDGROUNDTOGRASS008 uses unknown detail object type tf_forest_grass!
Material NATURE/BLENDGROUNDTOGRASS008 uses unknown detail object type tf_forest_grass!
Material NATURE/BLENDGROUNDTOGRASS008 uses unknown detail object type tf_forest_grass!
Material NATURE/BLENDGROUNDTOGRASS008 uses unknown detail object type tf_forest_grass!
Material NATURE/BLENDGROUNDTOGRASS008 uses unknown detail object type tf_forest_grass!
Material NATURE/BLENDGROUNDTOGRASS008 uses unknown detail object type tf_forest_grass!
Material NATURE/BLENDGROUNDTOGRASS008 uses unknown detail object type tf_forest_grass!
Material NATURE/BLENDGROUNDTOGRASS008 uses unknown detail object type tf_forest_grass!
Material NATURE/BLENDGROUNDTOGRASS008 uses unknown detail object type tf_forest_grass!
Material NATURE/BLENDGROUNDTOGRASS008 uses unknown detail object type tf_forest_grass!
Material NATURE/BLENDGROUNDTOGRASS008 uses unknown detail object type tf_forest_grass!
Material NATURE/BLENDGROUNDTOGRASS008 uses unknown detail object type tf_forest_grass!
Material NATURE/BLENDGROUNDTOGRASS008 uses unknown detail object type tf_forest_grass!
Material NATURE/BLENDGROUNDTOGRASS008 uses unknown detail object type tf_forest_grass!
Material NATURE/BLENDGROUNDTOGRASS008 uses unknown detail object type tf_forest_grass!
Material NATURE/BLENDGROUNDTOGRASS008 uses unknown detail object type tf_forest_grass!
Material NATURE/BLENDGROUNDTOGRASS008 uses unknown detail object type tf_forest_grass!
Material NATURE/BLENDGROUNDTOGRASS008 uses unknown detail object type tf_forest_grass!
Material NATURE/BLENDGROUNDTOGRASS008 uses unknown detail object type tf_forest_grass!
Material NATURE/BLENDGROUNDTOGRASS008 uses unknown detail object type tf_forest_grass!
Material NATURE/BLENDGROUNDTOGRASS008 uses unknown detail object type tf_forest_grass!
Material NATURE/BLENDGROUNDTOGRASS008 uses unknown detail object type tf_forest_grass!
.10
Compacting texture/material tables...
Reduced 12790 texinfos to 9137
Reduced 255 texdatas to 242 (6839 bytes to 6336)
Writing D:\Documents\Mapping\tf2\TF2-Maps\Fright\a1\cp_fright_a1.bsp
MSG_FILEWRITE - Filesystem was asked to write to 'D:\Documents\Mapping\tf2\TF2-Maps\Fright\a1\cp_fright_a1.bsp', but we don't own that location. Allowing.
Wrote ZIP buffer, estimated size 23277, actual size 17033
27 seconds elapsed



4 threads
reading d:\documents\mapping\tf2\tf2-maps\fright\a1\cp_fright_a1.bsp
reading d:\documents\mapping\tf2\tf2-maps\fright\a1\cp_fright_a1.prt
3916 portalclusters
10191 numportals
0...1...2...3...4...5...6...7...8...9...100...1...2...3...4...5...6...7...8...9...10Optimized: 13896 visible clusters (0.73%)
Total clusters visible: 1912330
Average clusters visible: 488
Building PAS...
Average clusters audible: 1422
visdatasize:1883413  compressed from 3884672
writing d:\documents\mapping\tf2\tf2-maps\fright\a1\cp_fright_a1.bsp
MSG_FILEWRITE - Filesystem was asked to write to 'd:\documents\mapping\tf2\tf2-maps\fright\a1\cp_fright_a1.bsp', but we don't own that location. Allowing.
3 hours, 13 minutes, 23 seconds elapsed



[Reading texlights from 'lights.rad']
[56 texlights parsed from 'lights.rad']

Loading d:\documents\mapping\tf2\tf2-maps\fright\a1\cp_fright_a1.bsp
23210 faces
8 degenerate faces
2979776 square feet [429087808.00 square inches]
605 Displacements
552547 Square Feet [79566824.00 Square Inches]
23202 patches before subdivision
277022 patches after subdivision
689 direct lights
0...1...2...3...4...5...6...7...8...9...100...1...2...3...4...5...6...7...8...9...10transfers 33137368, max 1962
transfer lists: 252.8 megs
0...1...2...3...4...5...6...7...8...9...10	Bounce #1 added RGB(584676, 482394, 451968)
0...1...2...3...4...5...6...7...8...9...10	Bounce #2 added RGB(130859, 97583, 80338)
0...1...2...3...4...5...6...7...8...9...10	Bounce #3 added RGB(31894, 22285, 16945)
0...1...2...3...4...5...6...7...8...9...10	Bounce #4 added RGB(8814, 5978, 4341)
0...1...2...3...4...5...6...7...8...9...10	Bounce #5 added RGB(2591, 1727, 1215)
0...1...2...3...4...5...6...7...8...9...10	Bounce #6 added RGB(826, 547, 376)
0...1...2...3...4...5...6...7...8...9...10	Bounce #7 added RGB(281, 185, 124)
0...1...2...3...4...5...6...7...8...9...10	Bounce #8 added RGB(102, 67, 43)
0...1...2...3...4...5...6...7...8...9...10	Bounce #9 added RGB(39, 25, 16)
0...1...2...3...4...5...6...7...8...9...10	Bounce #10 added RGB(16, 10, 6)
0...1...2...3...4...5...6...7...8...9...10	Bounce #11 added RGB(7, 4, 2)
0...1...2...3...4...5...6...7...8...9...10	Bounce #12 added RGB(3, 2, 1)
0...1...2...3...4...5...6...7...8...9...10	Bounce #13 added RGB(1, 1, 0)
0...1...2...3...4...5...6...7...8...9...10	Bounce #14 added RGB(1, 0, 0)
Build Patch/Sample Hash Table(s).....Done<0.0868 sec>
0...1...2...3...4...5...6...7...8...9...10FinalLightFace Done
399 of 399 (100% of) surface lights went in leaf ambient cubes.
0...1...2...3...4...5...6...7...8...9...10Writing leaf ambient...done
Ready to Finish

Object names       Objects/Maxobjs  Memory / Maxmem  Fullness 
------------       ---------------  ---------------  -------- 
models                 171/1024         8208/49152    (16.7%) 
brushes               8150/8192        97800/98304    (99.5%) VERY FULL!
brushsides           55681/65536      445448/524288   (85.0%) VERY FULL!
planes               18780/65536      375600/1310720  (28.7%) 
vertexes             42389/65536      508668/786432   (64.7%) 
nodes                 9558/65536      305856/2097152  (14.6%) 
texinfos              9137/12288      657864/884736   (74.4%) 
texdata                242/2048         7744/65536    (11.8%) 
dispinfos              605/0          106480/0        ( 0.0%) 
disp_verts           22349/0          446980/0        ( 0.0%) 
disp_tris            31744/0           63488/0        ( 0.0%) 
disp_lmsamples     1545364/0         1545364/0        ( 0.0%) 
faces                23210/65536     1299760/3670016  (35.4%) 
hdr faces                0/65536           0/3670016  ( 0.0%) 
origfaces            17185/65536      962360/3670016  (26.2%) 
leaves                9730/65536      311360/2097152  (14.8%) 
leaffaces            30265/65536       60530/131072   (46.2%) 
leafbrushes          19907/65536       39814/131072   (30.4%) 
areas                   29/256           232/2048     (11.3%) 
surfedges           185555/512000     742220/2048000  (36.2%) 
edges               120739/256000     482956/1024000  (47.2%) 
LDR worldlights        689/8192        60632/720896   ( 8.4%) 
HDR worldlights          0/8192            0/720896   ( 0.0%) 
leafwaterdata            2/32768          24/393216   ( 0.0%) 
waterstrips           3015/32768       30150/327680   ( 9.2%) 
waterverts               0/65536           0/786432   ( 0.0%) 
waterindices         63039/65536      126078/131072   (96.2%) VERY FULL!
cubemapsamples          86/1024         1376/16384    ( 8.4%) 
overlays               298/512        104896/180224   (58.2%) 
LDR lightdata         [variable]    16668344/0        ( 0.0%) 
HDR lightdata         [variable]           0/0        ( 0.0%) 
visdata               [variable]     1883413/16777216 (11.2%) 
entdata               [variable]      398658/393216   (101.4%) VERY FULL!
LDR ambient table     9730/65536       38920/262144   (14.8%) 
HDR ambient table     9730/65536       38920/262144   (14.8%) 
LDR leaf ambient     39766/65536     1113448/1835008  (60.7%) 
HDR leaf ambient      9730/65536      272440/1835008  (14.8%) 
occluders                0/0               0/0        ( 0.0%) 
occluder polygons        0/0               0/0        ( 0.0%) 
occluder vert ind        0/0               0/0        ( 0.0%) 
detail props          [variable]           1/12       ( 8.3%) 
static props          [variable]           1/142082   ( 0.0%) 
pakfile               [variable]       17033/0        ( 0.0%) 
physics               [variable]     2786617/4194304  (66.4%) 
physics terrain       [variable]      125069/1048576  (11.9%) 

Level flags = 0

Total triangle count: 70628
Writing d:\documents\mapping\tf2\tf2-maps\fright\a1\cp_fright_a1.bsp
3 minutes, 33 seconds elapsed
